#
# There is insufficient memory for the Java Runtime Environment to continue.
# Native memory allocation (malloc) failed to allocate 131088 bytes for Chunk::new
# Possible reasons:
#   The system is out of physical RAM or swap space
#   The process is running with CompressedOops enabled, and the Java Heap may be blocking the growth of the native heap
# Possible solutions:
#   Reduce memory load on the system
#   Increase physical memory or swap space
#   Check if swap backing store is full
#   Decrease Java heap size (-Xmx/-Xms)
#   Decrease number of Java threads
#   Decrease Java thread stack sizes (-Xss)
#   Set larger code cache with -XX:ReservedCodeCacheSize=
#   JVM is running with Unscaled Compressed Oops mode in which the Java heap is
#     placed in the first 4GB address space. The Java Heap base address is the
#     maximum limit for the native heap growth. Please use -XX:HeapBaseMinAddress
#     to set the Java Heap base and to place the Java Heap above 4GB virtual address.
# This output file may be truncated or incomplete.
#
#  Out of Memory Error (./src/hotspot/share/memory/arena.cpp:197), pid=5408, tid=2472
#
# JRE version: OpenJDK Runtime Environment (11.0.11+9) (build 11.0.11+9-b60-7590822)
# Java VM: OpenJDK 64-Bit Server VM (11.0.11+9-b60-7590822, mixed mode, tiered, compressed oops, g1 gc, windows-amd64)
# No core dump will be written. Minidumps are not enabled by default on client versions of Windows
#

---------------  S U M M A R Y ------------

Command Line: --add-opens=java.base/java.util=ALL-UNNAMED --add-opens=java.base/java.lang=ALL-UNNAMED --add-opens=java.base/java.lang.invoke=ALL-UNNAMED --add-opens=java.base/java.util=ALL-UNNAMED --add-opens=java.prefs/java.util.prefs=ALL-UNNAMED --add-opens=java.prefs/java.util.prefs=ALL-UNNAMED --add-opens=java.base/java.nio.charset=ALL-UNNAMED --add-opens=java.base/java.net=ALL-UNNAMED --add-opens=java.base/java.util.concurrent.atomic=ALL-UNNAMED -Xmx2048m -Dfile.encoding=UTF-8 -Duser.country=US -Duser.language=en -Duser.variant org.gradle.launcher.daemon.bootstrap.GradleDaemon 7.2

Host: Intel(R) Core(TM) i3-2330M CPU @ 2.20GHz, 4 cores, 3G,  Windows 10 , 64 bit Build 19041 (10.0.19041.1348)
Time: Sun May  1 13:56:05 2022 SE Asia Standard Time elapsed time: 567.119080 seconds (0d 0h 9m 27s)

---------------  T H R E A D  ---------------

Current thread (0x000001afb8e60000):  JavaThread "C2 CompilerThread0" daemon [_thread_in_native, id=2472, stack(0x0000008d19600000,0x0000008d19700000)]


Current CompileTask:
C2: 567119 17256       4       com.android.tools.r8.code.x1::a (4130 bytes)

Stack: [0x0000008d19600000,0x0000008d19700000]
Native frames: (J=compiled Java code, j=interpreted, Vv=VM code, C=native code)
V  [jvm.dll+0x5f214a]
V  [jvm.dll+0x726fb5]
V  [jvm.dll+0x7285cd]
V  [jvm.dll+0x728c83]
V  [jvm.dll+0x243278]
V  [jvm.dll+0xbc53c]
V  [jvm.dll+0xbca3c]
V  [jvm.dll+0xbc638]
V  [jvm.dll+0x5d23be]
V  [jvm.dll+0x84798]
V  [jvm.dll+0x58a238]
V  [jvm.dll+0x588a4e]
V  [jvm.dll+0x1fc082]
V  [jvm.dll+0x1fb3d4]
V  [jvm.dll+0x183d6c]
V  [jvm.dll+0x209a57]
V  [jvm.dll+0x2082a1]
V  [jvm.dll+0x6ef58f]
V  [jvm.dll+0x6e80b5]
V  [jvm.dll+0x5f1036]
C  [ucrtbase.dll+0x21bb2]
C  [KERNEL32.DLL+0x17034]
C  [ntdll.dll+0x52651]


---------------  P R O C E S S  ---------------

Threads class SMR info:
_java_thread_list=0x000001afc88210c0, length=97, elements={
0x000001af9eacc800, 0x000001afb8dfb000, 0x000001afb8e08800, 0x000001afb8e58800,
0x000001afb8e5b000, 0x000001afb8e5d000, 0x000001afb8e60000, 0x000001afb8e64800,
0x000001afb8e69800, 0x000001afb98d8000, 0x000001afbcb30000, 0x000001afbcb2f000,
0x000001afbcb32800, 0x000001afbabcc000, 0x000001afbabc9800, 0x000001afbabc9000,
0x000001afbabd0000, 0x000001afbabcf800, 0x000001afbabce800, 0x000001afbabca800,
0x000001afbabd1000, 0x000001afbabcd000, 0x000001afbabd6000, 0x000001afbabd2800,
0x000001afbd578000, 0x000001afbd574000, 0x000001afbd56f000, 0x000001afbd56c000,
0x000001afbd56c800, 0x000001afbd570000, 0x000001afbd571000, 0x000001afbd56b000,
0x000001afbd572800, 0x000001afbd571800, 0x000001afbd573800, 0x000001afbd56d800,
0x000001afbd56e800, 0x000001afbd576800, 0x000001afbd577800, 0x000001afbd575000,
0x000001afbd575800, 0x000001afbd57a000, 0x000001afbcb33000, 0x000001afbcb34000,
0x000001afbcb2e800, 0x000001afbcb35000, 0x000001afbcb31000, 0x000001afbcb31800,
0x000001afbabcd800, 0x000001afbabcb000, 0x000001afbabc8000, 0x000001afbabd2000,
0x000001afbabd5000, 0x000001afc002e000, 0x000001afc002d000, 0x000001afc0028000,
0x000001afc002e800, 0x000001afc0029800, 0x000001afc002a800, 0x000001afc0029000,
0x000001afc002f800, 0x000001afc0030000, 0x000001afc0031000, 0x000001afc002b800,
0x000001afc0032000, 0x000001afc002c000, 0x000001afc0034800, 0x000001afc0035000,
0x000001afc0037000, 0x000001afc0032800, 0x000001afc0033800, 0x000001afc0036000,
0x000001afc4c06800, 0x000001afc4c07800, 0x000001afc4c04000, 0x000001afc4c0a800,
0x000001afc4c08000, 0x000001afc4c09000, 0x000001afc4c05000, 0x000001afc4c0a000,
0x000001afc4c0b800, 0x000001afc4c05800, 0x000001afc4c0d000, 0x000001afc4c0e800,
0x000001afc4c0e000, 0x000001afc4c0c800, 0x000001afc4c11000, 0x000001afc4c12000,
0x000001afc4c13000, 0x000001afc4c0f800, 0x000001afc55f2800, 0x000001afc55f3000,
0x000001afc55f4000, 0x000001afc55ee800, 0x000001afc55f5000, 0x000001afc55f0000,
0x000001afc55f1800
}

Java Threads: ( => current thread )
  0x000001af9eacc800 JavaThread "main" [_thread_blocked, id=3008, stack(0x0000008d18a00000,0x0000008d18b00000)]
  0x000001afb8dfb000 JavaThread "Reference Handler" daemon [_thread_blocked, id=6112, stack(0x0000008d19100000,0x0000008d19200000)]
  0x000001afb8e08800 JavaThread "Finalizer" daemon [_thread_blocked, id=1616, stack(0x0000008d19200000,0x0000008d19300000)]
  0x000001afb8e58800 JavaThread "Signal Dispatcher" daemon [_thread_blocked, id=5876, stack(0x0000008d19300000,0x0000008d19400000)]
  0x000001afb8e5b000 JavaThread "Attach Listener" daemon [_thread_blocked, id=4260, stack(0x0000008d19400000,0x0000008d19500000)]
  0x000001afb8e5d000 JavaThread "Service Thread" daemon [_thread_blocked, id=740, stack(0x0000008d19500000,0x0000008d19600000)]
=>0x000001afb8e60000 JavaThread "C2 CompilerThread0" daemon [_thread_in_native, id=2472, stack(0x0000008d19600000,0x0000008d19700000)]
  0x000001afb8e64800 JavaThread "C1 CompilerThread0" daemon [_thread_blocked, id=952, stack(0x0000008d19700000,0x0000008d19800000)]
  0x000001afb8e69800 JavaThread "Sweeper thread" daemon [_thread_blocked, id=2652, stack(0x0000008d19800000,0x0000008d19900000)]
  0x000001afb98d8000 JavaThread "Common-Cleaner" daemon [_thread_blocked, id=300, stack(0x0000008d19900000,0x0000008d19a00000)]
  0x000001afbcb30000 JavaThread "Daemon health stats" [_thread_blocked, id=604, stack(0x0000008d19d00000,0x0000008d19e00000)]
  0x000001afbcb2f000 JavaThread "Incoming local TCP Connector on port 54369" [_thread_in_native, id=4484, stack(0x0000008d19c00000,0x0000008d19d00000)]
  0x000001afbcb32800 JavaThread "Daemon periodic checks" [_thread_blocked, id=4572, stack(0x0000008d19e00000,0x0000008d19f00000)]
  0x000001afbabcc000 JavaThread "Cache worker for journal cache (C:\Users\Admin\.gradle\caches\journal-1)" [_thread_blocked, id=1508, stack(0x0000008d1a900000,0x0000008d1aa00000)]
  0x000001afbabc9800 JavaThread "File lock request listener" [_thread_in_native, id=5340, stack(0x0000008d1aa00000,0x0000008d1ab00000)]
  0x000001afbabc9000 JavaThread "Cache worker for file hash cache (C:\Users\Admin\.gradle\caches\7.2\fileHashes)" [_thread_blocked, id=2088, stack(0x0000008d1ab00000,0x0000008d1ac00000)]
  0x000001afbabd0000 JavaThread "File watcher server" daemon [_thread_in_native, id=1860, stack(0x0000008d1ad00000,0x0000008d1ae00000)]
  0x000001afbabcf800 JavaThread "File watcher consumer" daemon [_thread_blocked, id=3676, stack(0x0000008d1ae00000,0x0000008d1af00000)]
  0x000001afbabce800 JavaThread "jar transforms" [_thread_blocked, id=3104, stack(0x0000008d1af00000,0x0000008d1b000000)]
  0x000001afbabca800 JavaThread "jar transforms Thread 2" [_thread_blocked, id=3508, stack(0x0000008d1b000000,0x0000008d1b100000)]
  0x000001afbabd1000 JavaThread "jar transforms Thread 3" [_thread_blocked, id=1528, stack(0x0000008d1b100000,0x0000008d1b200000)]
  0x000001afbabcd000 JavaThread "jar transforms Thread 4" [_thread_blocked, id=6136, stack(0x0000008d1b200000,0x0000008d1b300000)]
  0x000001afbabd6000 JavaThread "Cache worker for execution history cache (C:\Users\Admin\.gradle\caches\7.2\executionHistory)" [_thread_blocked, id=3396, stack(0x0000008d1b600000,0x0000008d1b700000)]
  0x000001afbabd2800 JavaThread "Cache worker for file content cache (C:\Users\Admin\.gradle\caches\7.2\fileContent)" [_thread_blocked, id=388, stack(0x0000008d1b700000,0x0000008d1b800000)]
  0x000001afbd578000 JavaThread "Memory manager" [_thread_blocked, id=1212, stack(0x0000008d1e100000,0x0000008d1e200000)]
  0x000001afbd574000 JavaThread "pool-3-thread-1" [_thread_blocked, id=1216, stack(0x0000008d1e200000,0x0000008d1e300000)]
  0x000001afbd56f000 JavaThread "Daemon Thread 2" [_thread_blocked, id=700, stack(0x0000008d18700000,0x0000008d18800000)]
  0x000001afbd56c000 JavaThread "Handler for socket connection from /127.0.0.1:54369 to /127.0.0.1:54408" [_thread_in_native, id=2752, stack(0x0000008d18800000,0x0000008d18900000)]
  0x000001afbd56c800 JavaThread "Cancel handler" [_thread_blocked, id=1232, stack(0x0000008d18900000,0x0000008d18a00000)]
  0x000001afbd570000 JavaThread "Daemon worker Thread 2" [_thread_blocked, id=3984, stack(0x0000008d19f00000,0x0000008d1a000000)]
  0x000001afbd571000 JavaThread "Asynchronous log dispatcher for DefaultDaemonConnection: socket connection from /127.0.0.1:54369 to /127.0.0.1:54408" [_thread_blocked, id=4456, stack(0x0000008d1a000000,0x0000008d1a100000)]
  0x000001afbd56b000 JavaThread "Stdin handler" [_thread_blocked, id=2100, stack(0x0000008d1a100000,0x0000008d1a200000)]
  0x000001afbd572800 JavaThread "Daemon client event forwarder" [_thread_blocked, id=4524, stack(0x0000008d1a200000,0x0000008d1a300000)]
  0x000001afbd571800 JavaThread "Cache worker for file hash cache (C:\Users\Admin\AndroidStudioProjects\ModerArtUI\.gradle\7.2\fileHashes)" [_thread_blocked, id=3340, stack(0x0000008d1a300000,0x0000008d1a400000)]
  0x000001afbd573800 JavaThread "Cache worker for checksums cache (C:\Users\Admin\AndroidStudioProjects\ModerArtUI\.gradle\checksums)" [_thread_blocked, id=5908, stack(0x0000008d1a400000,0x0000008d1a500000)]
  0x000001afbd56d800 JavaThread "Cache worker for cache directory md-supplier (C:\Users\Admin\.gradle\caches\7.2\md-supplier)" [_thread_blocked, id=5344, stack(0x0000008d1a500000,0x0000008d1a600000)]
  0x000001afbd56e800 JavaThread "Cache worker for cache directory md-rule (C:\Users\Admin\.gradle\caches\7.2\md-rule)" [_thread_blocked, id=2744, stack(0x0000008d1a600000,0x0000008d1a700000)]
  0x000001afbd576800 JavaThread "Cache worker for dependencies-accessors (C:\Users\Admin\AndroidStudioProjects\ModerArtUI\.gradle\7.2\dependencies-accessors)" [_thread_blocked, id=1916, stack(0x0000008d1ac00000,0x0000008d1ad00000)]
  0x000001afbd577800 JavaThread "Cache worker for Build Output Cleanup Cache (C:\Users\Admin\AndroidStudioProjects\ModerArtUI\.gradle\buildOutputCleanup)" [_thread_blocked, id=5476, stack(0x0000008d1b300000,0x0000008d1b400000)]
  0x000001afbd575000 JavaThread "Unconstrained build operations" [_thread_blocked, id=3564, stack(0x0000008d1b400000,0x0000008d1b500000)]
  0x000001afbd575800 JavaThread "Unconstrained build operations Thread 2" [_thread_blocked, id=3796, stack(0x0000008d1b500000,0x0000008d1b600000)]
  0x000001afbd57a000 JavaThread "Unconstrained build operations Thread 3" [_thread_blocked, id=4236, stack(0x0000008d1b800000,0x0000008d1b900000)]
  0x000001afbcb33000 JavaThread "Unconstrained build operations Thread 4" [_thread_blocked, id=656, stack(0x0000008d1b900000,0x0000008d1ba00000)]
  0x000001afbcb34000 JavaThread "Unconstrained build operations Thread 5" [_thread_blocked, id=5072, stack(0x0000008d1ba00000,0x0000008d1bb00000)]
  0x000001afbcb2e800 JavaThread "Unconstrained build operations Thread 6" [_thread_blocked, id=2464, stack(0x0000008d1bb00000,0x0000008d1bc00000)]
  0x000001afbcb35000 JavaThread "Unconstrained build operations Thread 7" [_thread_blocked, id=2076, stack(0x0000008d1bc00000,0x0000008d1bd00000)]
  0x000001afbcb31000 JavaThread "Unconstrained build operations Thread 8" [_thread_blocked, id=1504, stack(0x0000008d1bd00000,0x0000008d1be00000)]
  0x000001afbcb31800 JavaThread "Unconstrained build operations Thread 9" [_thread_blocked, id=4256, stack(0x0000008d1be00000,0x0000008d1bf00000)]
  0x000001afbabcd800 JavaThread "Unconstrained build operations Thread 10" [_thread_blocked, id=4512, stack(0x0000008d1bf00000,0x0000008d1c000000)]
  0x000001afbabcb000 JavaThread "Unconstrained build operations Thread 11" [_thread_blocked, id=912, stack(0x0000008d1c000000,0x0000008d1c100000)]
  0x000001afbabc8000 JavaThread "Unconstrained build operations Thread 12" [_thread_blocked, id=4564, stack(0x0000008d1c100000,0x0000008d1c200000)]
  0x000001afbabd2000 JavaThread "Unconstrained build operations Thread 13" [_thread_blocked, id=3920, stack(0x0000008d1c200000,0x0000008d1c300000)]
  0x000001afbabd5000 JavaThread "Unconstrained build operations Thread 14" [_thread_blocked, id=1152, stack(0x0000008d1c300000,0x0000008d1c400000)]
  0x000001afc002e000 JavaThread "Unconstrained build operations Thread 15" [_thread_blocked, id=1756, stack(0x0000008d1c400000,0x0000008d1c500000)]
  0x000001afc002d000 JavaThread "Unconstrained build operations Thread 16" [_thread_blocked, id=1852, stack(0x0000008d1c500000,0x0000008d1c600000)]
  0x000001afc0028000 JavaThread "Unconstrained build operations Thread 17" [_thread_blocked, id=3484, stack(0x0000008d1c600000,0x0000008d1c700000)]
  0x000001afc002e800 JavaThread "Unconstrained build operations Thread 18" [_thread_blocked, id=4228, stack(0x0000008d1c700000,0x0000008d1c800000)]
  0x000001afc0029800 JavaThread "Unconstrained build operations Thread 19" [_thread_blocked, id=5468, stack(0x0000008d1c800000,0x0000008d1c900000)]
  0x000001afc002a800 JavaThread "Unconstrained build operations Thread 20" [_thread_blocked, id=4516, stack(0x0000008d1c900000,0x0000008d1ca00000)]
  0x000001afc0029000 JavaThread "Unconstrained build operations Thread 21" [_thread_blocked, id=5312, stack(0x0000008d1ca00000,0x0000008d1cb00000)]
  0x000001afc002f800 JavaThread "Unconstrained build operations Thread 22" [_thread_blocked, id=3588, stack(0x0000008d1cb00000,0x0000008d1cc00000)]
  0x000001afc0030000 JavaThread "Unconstrained build operations Thread 23" [_thread_blocked, id=2572, stack(0x0000008d1cc00000,0x0000008d1cd00000)]
  0x000001afc0031000 JavaThread "Unconstrained build operations Thread 24" [_thread_blocked, id=3848, stack(0x0000008d1cd00000,0x0000008d1ce00000)]
  0x000001afc002b800 JavaThread "Unconstrained build operations Thread 25" [_thread_blocked, id=3900, stack(0x0000008d1ce00000,0x0000008d1cf00000)]
  0x000001afc0032000 JavaThread "Unconstrained build operations Thread 26" [_thread_blocked, id=3496, stack(0x0000008d1cf00000,0x0000008d1d000000)]
  0x000001afc002c000 JavaThread "Unconstrained build operations Thread 27" [_thread_blocked, id=3316, stack(0x0000008d1d000000,0x0000008d1d100000)]
  0x000001afc0034800 JavaThread "Unconstrained build operations Thread 28" [_thread_blocked, id=5020, stack(0x0000008d1d100000,0x0000008d1d200000)]
  0x000001afc0035000 JavaThread "Unconstrained build operations Thread 29" [_thread_blocked, id=5980, stack(0x0000008d1d200000,0x0000008d1d300000)]
  0x000001afc0037000 JavaThread "Unconstrained build operations Thread 30" [_thread_blocked, id=712, stack(0x0000008d1d300000,0x0000008d1d400000)]
  0x000001afc0032800 JavaThread "Unconstrained build operations Thread 31" [_thread_blocked, id=3056, stack(0x0000008d1d400000,0x0000008d1d500000)]
  0x000001afc0033800 JavaThread "Unconstrained build operations Thread 32" [_thread_blocked, id=1360, stack(0x0000008d1d500000,0x0000008d1d600000)]
  0x000001afc0036000 JavaThread "Unconstrained build operations Thread 33" [_thread_blocked, id=1960, stack(0x0000008d1d600000,0x0000008d1d700000)]
  0x000001afc4c06800 JavaThread "Unconstrained build operations Thread 34" [_thread_blocked, id=5820, stack(0x0000008d1d700000,0x0000008d1d800000)]
  0x000001afc4c07800 JavaThread "Unconstrained build operations Thread 35" [_thread_blocked, id=5508, stack(0x0000008d1d800000,0x0000008d1d900000)]
  0x000001afc4c04000 JavaThread "Unconstrained build operations Thread 36" [_thread_blocked, id=4784, stack(0x0000008d1d900000,0x0000008d1da00000)]
  0x000001afc4c0a800 JavaThread "Unconstrained build operations Thread 37" [_thread_blocked, id=3724, stack(0x0000008d1da00000,0x0000008d1db00000)]
  0x000001afc4c08000 JavaThread "Unconstrained build operations Thread 38" [_thread_blocked, id=3288, stack(0x0000008d1db00000,0x0000008d1dc00000)]
  0x000001afc4c09000 JavaThread "Unconstrained build operations Thread 39" [_thread_blocked, id=4684, stack(0x0000008d1dc00000,0x0000008d1dd00000)]
  0x000001afc4c05000 JavaThread "Unconstrained build operations Thread 40" [_thread_blocked, id=4248, stack(0x0000008d1dd00000,0x0000008d1de00000)]
  0x000001afc4c0a000 JavaThread "build event listener" [_thread_blocked, id=5024, stack(0x0000008d1de00000,0x0000008d1df00000)]
  0x000001afc4c0b800 JavaThread "pool-6-thread-1" [_thread_blocked, id=2368, stack(0x0000008d1df00000,0x0000008d1e000000)]
  0x000001afc4c05800 JavaThread "build event listener" [_thread_blocked, id=2724, stack(0x0000008d1e000000,0x0000008d1e100000)]
  0x000001afc4c0d000 JavaThread "Execution worker for ':'" [_thread_blocked, id=696, stack(0x0000008d1e300000,0x0000008d1e400000)]
  0x000001afc4c0e800 JavaThread "Execution worker for ':' Thread 2" [_thread_blocked, id=5560, stack(0x0000008d1e400000,0x0000008d1e500000)]
  0x000001afc4c0e000 JavaThread "Execution worker for ':' Thread 3" [_thread_blocked, id=500, stack(0x0000008d1e500000,0x0000008d1e600000)]
  0x000001afc4c0c800 JavaThread "Cache worker for execution history cache (C:\Users\Admin\AndroidStudioProjects\ModerArtUI\.gradle\7.2\executionHistory)" [_thread_blocked, id=4508, stack(0x0000008d1e600000,0x0000008d1e700000)]
  0x000001afc4c11000 JavaThread "WorkerExecutor Queue" [_thread_blocked, id=4756, stack(0x0000008d1e700000,0x0000008d1e800000)]
  0x000001afc4c12000 JavaThread "WorkerExecutor Queue Thread 2" [_thread_blocked, id=5848, stack(0x0000008d1e800000,0x0000008d1e900000)]
  0x000001afc4c13000 JavaThread "WorkerExecutor Queue Thread 3" [_thread_blocked, id=6016, stack(0x0000008d1e900000,0x0000008d1ea00000)]
  0x000001afc4c0f800 JavaThread "WorkerExecutor Queue Thread 4" [_thread_blocked, id=3140, stack(0x0000008d1ea00000,0x0000008d1eb00000)]
  0x000001afc55f2800 JavaThread "pool-7-thread-1" [_thread_blocked, id=1080, stack(0x0000008d1ed00000,0x0000008d1ee00000)]
  0x000001afc55f3000 JavaThread "stderr" [_thread_in_native, id=4120, stack(0x0000008d1ee00000,0x0000008d1ef00000)]
  0x000001afc55f4000 JavaThread "stdout" [_thread_in_native, id=1956, stack(0x0000008d1ef00000,0x0000008d1f000000)]
  0x000001afc55ee800 JavaThread "ForkJoinPool-2-worker-3" daemon [_thread_in_vm, id=3556, stack(0x0000008d1f000000,0x0000008d1f100000)]
  0x000001afc55f5000 JavaThread "ForkJoinPool-2-worker-5" daemon [_thread_blocked, id=896, stack(0x0000008d1f100000,0x0000008d1f200000)]
  0x000001afc55f0000 JavaThread "ForkJoinPool-2-worker-1" daemon [_thread_blocked, id=4924, stack(0x0000008d1f200000,0x0000008d1f300000)]
  0x000001afc55f1800 JavaThread "ForkJoinPool-2-worker-7" daemon [_thread_in_Java, id=776, stack(0x0000008d1ec00000,0x0000008d1ed00000)]

Other Threads:
  0x000001afb8df4800 VMThread "VM Thread" [stack: 0x0000008d19000000,0x0000008d19100000] [id=1684]
  0x000001afb98f4000 WatcherThread [stack: 0x0000008d19a00000,0x0000008d19b00000] [id=6036]
  0x000001af9eae4000 GCTaskThread "GC Thread#0" [stack: 0x0000008d18b00000,0x0000008d18c00000] [id=3852]
  0x000001afba08e000 GCTaskThread "GC Thread#1" [stack: 0x0000008d19b00000,0x0000008d19c00000] [id=4088]
  0x000001afbbb96000 GCTaskThread "GC Thread#2" [stack: 0x0000008d1a700000,0x0000008d1a800000] [id=1248]
  0x000001afba796800 GCTaskThread "GC Thread#3" [stack: 0x0000008d1a800000,0x0000008d1a900000] [id=4552]
  0x000001af9eb17000 ConcurrentGCThread "G1 Main Marker" [stack: 0x0000008d18c00000,0x0000008d18d00000] [id=5188]
  0x000001af9eb18000 ConcurrentGCThread "G1 Conc#0" [stack: 0x0000008d18d00000,0x0000008d18e00000] [id=5484]
  0x000001af9eb70000 ConcurrentGCThread "G1 Refine#0" [stack: 0x0000008d18e00000,0x0000008d18f00000] [id=4592]
  0x000001af9eb71000 ConcurrentGCThread "G1 Young RemSet Sampling" [stack: 0x0000008d18f00000,0x0000008d19000000] [id=1620]

Threads with active compile tasks:
C2 CompilerThread0 567168 17256       4       com.android.tools.r8.code.x1::a (4130 bytes)

VM state:not at safepoint (normal execution)

VM Mutex/Monitor currently owned by a thread: None

Heap address: 0x0000000080000000, size: 2048 MB, Compressed Oops mode: 32-bit
Narrow klass base: 0x0000000000000000, Narrow klass shift: 3
Compressed class space size: 1073741824 Address: 0x0000000100000000

Heap:
 garbage-first heap   total 287744K, used 223668K [0x0000000080000000, 0x0000000100000000)
  region size 1024K, 67 young (68608K), 10 survivors (10240K)
 Metaspace       used 128556K, capacity 131923K, committed 131968K, reserved 1163264K
  class space    used 16047K, capacity 17271K, committed 17280K, reserved 1048576K
Heap Regions: E=young(eden), S=young(survivor), O=old, HS=humongous(starts), HC=humongous(continues), CS=collection set, F=free, A=archive, TAMS=top-at-mark-start (previous, next)
|   0|0x0000000080000000, 0x0000000080100000, 0x0000000080100000|100%| O|  |TAMS 0x0000000080100000, 0x0000000080000000| Untracked 
|   1|0x0000000080100000, 0x0000000080200000, 0x0000000080200000|100%| O|  |TAMS 0x0000000080200000, 0x0000000080100000| Untracked 
|   2|0x0000000080200000, 0x0000000080300000, 0x0000000080300000|100%| O|  |TAMS 0x0000000080300000, 0x0000000080200000| Untracked 
|   3|0x0000000080300000, 0x0000000080400000, 0x0000000080400000|100%|HS|  |TAMS 0x0000000080400000, 0x0000000080300000| Complete 
|   4|0x0000000080400000, 0x0000000080500000, 0x0000000080500000|100%|HC|  |TAMS 0x0000000080500000, 0x0000000080400000| Complete 
|   5|0x0000000080500000, 0x0000000080600000, 0x0000000080600000|100%|HC|  |TAMS 0x0000000080600000, 0x0000000080500000| Complete 
|   6|0x0000000080600000, 0x0000000080700000, 0x0000000080700000|100%| O|  |TAMS 0x0000000080700000, 0x0000000080600000| Untracked 
|   7|0x0000000080700000, 0x0000000080800000, 0x0000000080800000|100%| O|  |TAMS 0x0000000080800000, 0x0000000080700000| Untracked 
|   8|0x0000000080800000, 0x0000000080900000, 0x0000000080900000|100%| O|  |TAMS 0x0000000080900000, 0x0000000080800000| Untracked 
|   9|0x0000000080900000, 0x0000000080a00000, 0x0000000080a00000|100%| O|  |TAMS 0x0000000080a00000, 0x0000000080900000| Untracked 
|  10|0x0000000080a00000, 0x0000000080b00000, 0x0000000080b00000|100%| O|  |TAMS 0x0000000080b00000, 0x0000000080a00000| Untracked 
|  11|0x0000000080b00000, 0x0000000080c00000, 0x0000000080c00000|100%| O|  |TAMS 0x0000000080c00000, 0x0000000080b00000| Untracked 
|  12|0x0000000080c00000, 0x0000000080d00000, 0x0000000080d00000|100%| O|  |TAMS 0x0000000080d00000, 0x0000000080c00000| Untracked 
|  13|0x0000000080d00000, 0x0000000080e00000, 0x0000000080e00000|100%| O|  |TAMS 0x0000000080e00000, 0x0000000080d00000| Untracked 
|  14|0x0000000080e00000, 0x0000000080f00000, 0x0000000080f00000|100%| O|  |TAMS 0x0000000080f00000, 0x0000000080e00000| Untracked 
|  15|0x0000000080f00000, 0x0000000081000000, 0x0000000081000000|100%| O|  |TAMS 0x0000000081000000, 0x0000000080f00000| Untracked 
|  16|0x0000000081000000, 0x0000000081100000, 0x0000000081100000|100%| O|  |TAMS 0x0000000081100000, 0x0000000081000000| Untracked 
|  17|0x0000000081100000, 0x0000000081200000, 0x0000000081200000|100%|HS|  |TAMS 0x0000000081200000, 0x0000000081100000| Complete 
|  18|0x0000000081200000, 0x0000000081300000, 0x0000000081300000|100%|HC|  |TAMS 0x0000000081300000, 0x0000000081200000| Complete 
|  19|0x0000000081300000, 0x0000000081400000, 0x0000000081400000|100%|HS|  |TAMS 0x0000000081400000, 0x0000000081300000| Complete 
|  20|0x0000000081400000, 0x0000000081500000, 0x0000000081500000|100%|HC|  |TAMS 0x0000000081500000, 0x0000000081400000| Complete 
|  21|0x0000000081500000, 0x0000000081600000, 0x0000000081600000|100%|HC|  |TAMS 0x0000000081600000, 0x0000000081500000| Complete 
|  22|0x0000000081600000, 0x0000000081700000, 0x0000000081700000|100%|HS|  |TAMS 0x0000000081700000, 0x0000000081600000| Complete 
|  23|0x0000000081700000, 0x0000000081800000, 0x0000000081800000|100%|HC|  |TAMS 0x0000000081800000, 0x0000000081700000| Complete 
|  24|0x0000000081800000, 0x0000000081900000, 0x0000000081900000|100%|HC|  |TAMS 0x0000000081900000, 0x0000000081800000| Complete 
|  25|0x0000000081900000, 0x0000000081a00000, 0x0000000081a00000|100%|HC|  |TAMS 0x0000000081a00000, 0x0000000081900000| Complete 
|  26|0x0000000081a00000, 0x0000000081b00000, 0x0000000081b00000|100%| O|  |TAMS 0x0000000081b00000, 0x0000000081a00000| Untracked 
|  27|0x0000000081b00000, 0x0000000081c00000, 0x0000000081c00000|100%| O|  |TAMS 0x0000000081c00000, 0x0000000081b00000| Untracked 
|  28|0x0000000081c00000, 0x0000000081d00000, 0x0000000081d00000|100%| O|  |TAMS 0x0000000081d00000, 0x0000000081c00000| Untracked 
|  29|0x0000000081d00000, 0x0000000081e00000, 0x0000000081e00000|100%| O|  |TAMS 0x0000000081e00000, 0x0000000081d00000| Untracked 
|  30|0x0000000081e00000, 0x0000000081f00000, 0x0000000081f00000|100%| O|  |TAMS 0x0000000081f00000, 0x0000000081e00000| Untracked 
|  31|0x0000000081f00000, 0x0000000082000000, 0x0000000082000000|100%| O|  |TAMS 0x0000000082000000, 0x0000000081f00000| Untracked 
|  32|0x0000000082000000, 0x0000000082100000, 0x0000000082100000|100%| O|  |TAMS 0x0000000082100000, 0x0000000082000000| Untracked 
|  33|0x0000000082100000, 0x0000000082200000, 0x0000000082200000|100%| O|  |TAMS 0x0000000082200000, 0x0000000082100000| Untracked 
|  34|0x0000000082200000, 0x0000000082300000, 0x0000000082300000|100%| O|  |TAMS 0x0000000082300000, 0x0000000082200000| Untracked 
|  35|0x0000000082300000, 0x0000000082400000, 0x0000000082400000|100%| O|  |TAMS 0x0000000082400000, 0x0000000082300000| Untracked 
|  36|0x0000000082400000, 0x0000000082500000, 0x0000000082500000|100%| O|  |TAMS 0x0000000082500000, 0x0000000082400000| Untracked 
|  37|0x0000000082500000, 0x0000000082600000, 0x0000000082600000|100%| O|  |TAMS 0x0000000082600000, 0x0000000082500000| Untracked 
|  38|0x0000000082600000, 0x0000000082700000, 0x0000000082700000|100%|HS|  |TAMS 0x0000000082700000, 0x0000000082600000| Complete 
|  39|0x0000000082700000, 0x0000000082800000, 0x0000000082800000|100%|HC|  |TAMS 0x0000000082800000, 0x0000000082700000| Complete 
|  40|0x0000000082800000, 0x0000000082900000, 0x0000000082900000|100%|HC|  |TAMS 0x0000000082900000, 0x0000000082800000| Complete 
|  41|0x0000000082900000, 0x0000000082a00000, 0x0000000082a00000|100%| O|  |TAMS 0x0000000082a00000, 0x0000000082900000| Untracked 
|  42|0x0000000082a00000, 0x0000000082b00000, 0x0000000082b00000|100%| O|  |TAMS 0x0000000082b00000, 0x0000000082a00000| Untracked 
|  43|0x0000000082b00000, 0x0000000082c00000, 0x0000000082c00000|100%| O|  |TAMS 0x0000000082c00000, 0x0000000082b00000| Untracked 
|  44|0x0000000082c00000, 0x0000000082d00000, 0x0000000082d00000|100%| O|  |TAMS 0x0000000082d00000, 0x0000000082c00000| Untracked 
|  45|0x0000000082d00000, 0x0000000082e00000, 0x0000000082e00000|100%| O|  |TAMS 0x0000000082e00000, 0x0000000082d00000| Untracked 
|  46|0x0000000082e00000, 0x0000000082f00000, 0x0000000082f00000|100%| O|  |TAMS 0x0000000082f00000, 0x0000000082e00000| Untracked 
|  47|0x0000000082f00000, 0x0000000083000000, 0x0000000083000000|100%| O|  |TAMS 0x0000000083000000, 0x0000000082f00000| Untracked 
|  48|0x0000000083000000, 0x0000000083100000, 0x0000000083100000|100%| O|  |TAMS 0x0000000083100000, 0x0000000083000000| Untracked 
|  49|0x0000000083100000, 0x0000000083200000, 0x0000000083200000|100%| O|  |TAMS 0x0000000083200000, 0x0000000083100000| Untracked 
|  50|0x0000000083200000, 0x0000000083300000, 0x0000000083300000|100%| O|  |TAMS 0x0000000083300000, 0x0000000083200000| Untracked 
|  51|0x0000000083300000, 0x0000000083400000, 0x0000000083400000|100%| O|  |TAMS 0x0000000083400000, 0x0000000083300000| Untracked 
|  52|0x0000000083400000, 0x0000000083500000, 0x0000000083500000|100%|HS|  |TAMS 0x0000000083500000, 0x0000000083400000| Complete 
|  53|0x0000000083500000, 0x0000000083600000, 0x0000000083600000|100%|HC|  |TAMS 0x0000000083600000, 0x0000000083500000| Complete 
|  54|0x0000000083600000, 0x0000000083700000, 0x0000000083700000|100%|HC|  |TAMS 0x0000000083700000, 0x0000000083600000| Complete 
|  55|0x0000000083700000, 0x0000000083800000, 0x0000000083800000|100%|HC|  |TAMS 0x0000000083800000, 0x0000000083700000| Complete 
|  56|0x0000000083800000, 0x0000000083900000, 0x0000000083900000|100%| O|  |TAMS 0x0000000083900000, 0x0000000083800000| Untracked 
|  57|0x0000000083900000, 0x0000000083a00000, 0x0000000083a00000|100%|HS|  |TAMS 0x0000000083a00000, 0x0000000083900000| Complete 
|  58|0x0000000083a00000, 0x0000000083b00000, 0x0000000083b00000|100%|HS|  |TAMS 0x0000000083b00000, 0x0000000083a00000| Complete 
|  59|0x0000000083b00000, 0x0000000083c00000, 0x0000000083c00000|100%|HS|  |TAMS 0x0000000083c00000, 0x0000000083b00000| Complete 
|  60|0x0000000083c00000, 0x0000000083d00000, 0x0000000083d00000|100%| O|  |TAMS 0x0000000083d00000, 0x0000000083c00000| Untracked 
|  61|0x0000000083d00000, 0x0000000083e00000, 0x0000000083e00000|100%| O|  |TAMS 0x0000000083e00000, 0x0000000083d00000| Untracked 
|  62|0x0000000083e00000, 0x0000000083f00000, 0x0000000083f00000|100%|HS|  |TAMS 0x0000000083f00000, 0x0000000083e00000| Complete 
|  63|0x0000000083f00000, 0x0000000084000000, 0x0000000084000000|100%|HC|  |TAMS 0x0000000084000000, 0x0000000083f00000| Complete 
|  64|0x0000000084000000, 0x0000000084100000, 0x0000000084100000|100%| O|  |TAMS 0x0000000084100000, 0x0000000084000000| Untracked 
|  65|0x0000000084100000, 0x0000000084200000, 0x0000000084200000|100%| O|  |TAMS 0x0000000084200000, 0x0000000084100000| Untracked 
|  66|0x0000000084200000, 0x0000000084300000, 0x0000000084300000|100%| O|  |TAMS 0x0000000084300000, 0x0000000084200000| Untracked 
|  67|0x0000000084300000, 0x0000000084400000, 0x0000000084400000|100%| O|  |TAMS 0x0000000084400000, 0x0000000084300000| Untracked 
|  68|0x0000000084400000, 0x0000000084500000, 0x0000000084500000|100%| O|  |TAMS 0x0000000084500000, 0x0000000084400000| Untracked 
|  69|0x0000000084500000, 0x0000000084600000, 0x0000000084600000|100%| O|  |TAMS 0x0000000084600000, 0x0000000084500000| Untracked 
|  70|0x0000000084600000, 0x0000000084700000, 0x0000000084700000|100%| O|  |TAMS 0x0000000084700000, 0x0000000084600000| Untracked 
|  71|0x0000000084700000, 0x0000000084800000, 0x0000000084800000|100%| O|  |TAMS 0x0000000084800000, 0x0000000084700000| Untracked 
|  72|0x0000000084800000, 0x0000000084900000, 0x0000000084900000|100%| O|  |TAMS 0x0000000084900000, 0x0000000084800000| Untracked 
|  73|0x0000000084900000, 0x0000000084a00000, 0x0000000084a00000|100%| O|  |TAMS 0x0000000084a00000, 0x0000000084900000| Untracked 
|  74|0x0000000084a00000, 0x0000000084b00000, 0x0000000084b00000|100%| O|  |TAMS 0x0000000084b00000, 0x0000000084a00000| Untracked 
|  75|0x0000000084b00000, 0x0000000084c00000, 0x0000000084c00000|100%| O|  |TAMS 0x0000000084c00000, 0x0000000084b00000| Untracked 
|  76|0x0000000084c00000, 0x0000000084d00000, 0x0000000084d00000|100%| O|  |TAMS 0x0000000084d00000, 0x0000000084c00000| Untracked 
|  77|0x0000000084d00000, 0x0000000084e00000, 0x0000000084e00000|100%| O|  |TAMS 0x0000000084e00000, 0x0000000084d00000| Untracked 
|  78|0x0000000084e00000, 0x0000000084f00000, 0x0000000084f00000|100%| O|  |TAMS 0x0000000084f00000, 0x0000000084e00000| Untracked 
|  79|0x0000000084f00000, 0x0000000085000000, 0x0000000085000000|100%| O|  |TAMS 0x0000000085000000, 0x0000000084f00000| Untracked 
|  80|0x0000000085000000, 0x0000000085100000, 0x0000000085100000|100%| O|  |TAMS 0x0000000085100000, 0x0000000085000000| Untracked 
|  81|0x0000000085100000, 0x0000000085200000, 0x0000000085200000|100%| O|  |TAMS 0x0000000085200000, 0x0000000085100000| Untracked 
|  82|0x0000000085200000, 0x0000000085300000, 0x0000000085300000|100%|HS|  |TAMS 0x0000000085300000, 0x0000000085200000| Complete 
|  83|0x0000000085300000, 0x0000000085400000, 0x0000000085400000|100%|HC|  |TAMS 0x0000000085400000, 0x0000000085300000| Complete 
|  84|0x0000000085400000, 0x0000000085500000, 0x0000000085500000|100%|HS|  |TAMS 0x0000000085500000, 0x0000000085400000| Complete 
|  85|0x0000000085500000, 0x0000000085600000, 0x0000000085600000|100%|HC|  |TAMS 0x0000000085600000, 0x0000000085500000| Complete 
|  86|0x0000000085600000, 0x0000000085700000, 0x0000000085700000|100%|HC|  |TAMS 0x0000000085700000, 0x0000000085600000| Complete 
|  87|0x0000000085700000, 0x0000000085800000, 0x0000000085800000|100%|HS|  |TAMS 0x0000000085800000, 0x0000000085700000| Complete 
|  88|0x0000000085800000, 0x0000000085900000, 0x0000000085900000|100%|HC|  |TAMS 0x0000000085900000, 0x0000000085800000| Complete 
|  89|0x0000000085900000, 0x0000000085a00000, 0x0000000085a00000|100%|HC|  |TAMS 0x0000000085a00000, 0x0000000085900000| Complete 
|  90|0x0000000085a00000, 0x0000000085b00000, 0x0000000085b00000|100%|HC|  |TAMS 0x0000000085b00000, 0x0000000085a00000| Complete 
|  91|0x0000000085b00000, 0x0000000085c00000, 0x0000000085c00000|100%| O|  |TAMS 0x0000000085c00000, 0x0000000085b00000| Untracked 
|  92|0x0000000085c00000, 0x0000000085d00000, 0x0000000085d00000|100%| O|  |TAMS 0x0000000085d00000, 0x0000000085c00000| Untracked 
|  93|0x0000000085d00000, 0x0000000085e00000, 0x0000000085e00000|100%| O|  |TAMS 0x0000000085e00000, 0x0000000085d00000| Untracked 
|  94|0x0000000085e00000, 0x0000000085f00000, 0x0000000085f00000|100%|HS|  |TAMS 0x0000000085e00000, 0x0000000085e00000| Complete 
|  95|0x0000000085f00000, 0x0000000086000000, 0x0000000086000000|100%| O|  |TAMS 0x0000000086000000, 0x0000000085f00000| Untracked 
|  96|0x0000000086000000, 0x0000000086100000, 0x0000000086100000|100%| O|  |TAMS 0x0000000086100000, 0x0000000086000000| Untracked 
|  97|0x0000000086100000, 0x0000000086200000, 0x0000000086200000|100%| O|  |TAMS 0x0000000086200000, 0x0000000086100000| Untracked 
|  98|0x0000000086200000, 0x0000000086300000, 0x0000000086300000|100%| O|  |TAMS 0x0000000086300000, 0x0000000086200000| Untracked 
|  99|0x0000000086300000, 0x0000000086400000, 0x0000000086400000|100%| O|  |TAMS 0x0000000086400000, 0x0000000086300000| Untracked 
| 100|0x0000000086400000, 0x0000000086500000, 0x0000000086500000|100%| O|  |TAMS 0x0000000086500000, 0x0000000086400000| Untracked 
| 101|0x0000000086500000, 0x0000000086600000, 0x0000000086600000|100%| O|  |TAMS 0x0000000086600000, 0x0000000086500000| Untracked 
| 102|0x0000000086600000, 0x0000000086700000, 0x0000000086700000|100%| O|  |TAMS 0x0000000086700000, 0x0000000086600000| Untracked 
| 103|0x0000000086700000, 0x0000000086800000, 0x0000000086800000|100%| O|  |TAMS 0x0000000086800000, 0x0000000086700000| Untracked 
| 104|0x0000000086800000, 0x0000000086900000, 0x0000000086900000|100%| O|  |TAMS 0x0000000086900000, 0x0000000086800000| Untracked 
| 105|0x0000000086900000, 0x0000000086a00000, 0x0000000086a00000|100%| O|  |TAMS 0x0000000086a00000, 0x0000000086900000| Untracked 
| 106|0x0000000086a00000, 0x0000000086b00000, 0x0000000086b00000|100%| O|  |TAMS 0x0000000086b00000, 0x0000000086a00000| Untracked 
| 107|0x0000000086b00000, 0x0000000086c00000, 0x0000000086c00000|100%| O|  |TAMS 0x0000000086c00000, 0x0000000086b00000| Untracked 
| 108|0x0000000086c00000, 0x0000000086d00000, 0x0000000086d00000|100%| O|  |TAMS 0x0000000086d00000, 0x0000000086c00000| Untracked 
| 109|0x0000000086d00000, 0x0000000086e00000, 0x0000000086e00000|100%| O|  |TAMS 0x0000000086e00000, 0x0000000086d00000| Untracked 
| 110|0x0000000086e00000, 0x0000000086f00000, 0x0000000086f00000|100%| O|  |TAMS 0x0000000086f00000, 0x0000000086e00000| Untracked 
| 111|0x0000000086f00000, 0x0000000087000000, 0x0000000087000000|100%|HS|  |TAMS 0x0000000086f00000, 0x0000000086f00000| Complete 
| 112|0x0000000087000000, 0x0000000087100000, 0x0000000087100000|100%| O|  |TAMS 0x0000000087100000, 0x0000000087000000| Untracked 
| 113|0x0000000087100000, 0x0000000087200000, 0x0000000087200000|100%| O|  |TAMS 0x0000000087200000, 0x0000000087100000| Untracked 
| 114|0x0000000087200000, 0x0000000087300000, 0x0000000087300000|100%| O|  |TAMS 0x0000000087300000, 0x0000000087200000| Untracked 
| 115|0x0000000087300000, 0x0000000087400000, 0x0000000087400000|100%| O|  |TAMS 0x0000000087400000, 0x0000000087300000| Untracked 
| 116|0x0000000087400000, 0x0000000087500000, 0x0000000087500000|100%| O|  |TAMS 0x0000000087500000, 0x0000000087400000| Untracked 
| 117|0x0000000087500000, 0x0000000087600000, 0x0000000087600000|100%| O|  |TAMS 0x0000000087600000, 0x0000000087500000| Untracked 
| 118|0x0000000087600000, 0x0000000087700000, 0x0000000087700000|100%| O|  |TAMS 0x0000000087700000, 0x0000000087600000| Untracked 
| 119|0x0000000087700000, 0x0000000087800000, 0x0000000087800000|100%| O|  |TAMS 0x0000000087800000, 0x0000000087700000| Untracked 
| 120|0x0000000087800000, 0x0000000087900000, 0x0000000087900000|100%| O|  |TAMS 0x0000000087900000, 0x0000000087800000| Untracked 
| 121|0x0000000087900000, 0x0000000087a00000, 0x0000000087a00000|100%| O|  |TAMS 0x0000000087a00000, 0x0000000087900000| Untracked 
| 122|0x0000000087a00000, 0x0000000087b00000, 0x0000000087b00000|100%| O|  |TAMS 0x0000000087b00000, 0x0000000087a00000| Untracked 
| 123|0x0000000087b00000, 0x0000000087c00000, 0x0000000087c00000|100%| O|  |TAMS 0x0000000087c00000, 0x0000000087b00000| Untracked 
| 124|0x0000000087c00000, 0x0000000087d00000, 0x0000000087d00000|100%| O|  |TAMS 0x0000000087d00000, 0x0000000087c00000| Untracked 
| 125|0x0000000087d00000, 0x0000000087e00000, 0x0000000087e00000|100%| O|  |TAMS 0x0000000087d00000, 0x0000000087d00000| Untracked 
| 126|0x0000000087e00000, 0x0000000087f00000, 0x0000000087f00000|100%| O|  |TAMS 0x0000000087e00000, 0x0000000087e00000| Untracked 
| 127|0x0000000087f00000, 0x0000000088000000, 0x0000000088000000|100%|HS|  |TAMS 0x0000000087f00000, 0x0000000087f00000| Complete 
| 128|0x0000000088000000, 0x0000000088100000, 0x0000000088100000|100%| O|  |TAMS 0x0000000088000000, 0x0000000088000000| Untracked 
| 129|0x0000000088100000, 0x0000000088200000, 0x0000000088200000|100%| O|  |TAMS 0x0000000088100000, 0x0000000088100000| Untracked 
| 130|0x0000000088200000, 0x0000000088300000, 0x0000000088300000|100%| O|  |TAMS 0x0000000088200000, 0x0000000088200000| Untracked 
| 131|0x0000000088300000, 0x0000000088400000, 0x0000000088400000|100%| O|  |TAMS 0x00000000883ca000, 0x0000000088300000| Untracked 
| 132|0x0000000088400000, 0x0000000088500000, 0x0000000088500000|100%| O|  |TAMS 0x0000000088400000, 0x0000000088400000| Untracked 
| 133|0x0000000088500000, 0x0000000088600000, 0x0000000088600000|100%| O|  |TAMS 0x0000000088500000, 0x0000000088500000| Untracked 
| 134|0x0000000088600000, 0x0000000088700000, 0x0000000088700000|100%| O|  |TAMS 0x0000000088600000, 0x0000000088600000| Untracked 
| 135|0x0000000088700000, 0x0000000088800000, 0x0000000088800000|100%| O|  |TAMS 0x0000000088700000, 0x0000000088700000| Untracked 
| 136|0x0000000088800000, 0x0000000088900000, 0x0000000088900000|100%|HS|  |TAMS 0x0000000088800000, 0x0000000088800000| Complete 
| 137|0x0000000088900000, 0x0000000088a00000, 0x0000000088a00000|100%|HC|  |TAMS 0x0000000088900000, 0x0000000088900000| Complete 
| 138|0x0000000088a00000, 0x0000000088a00000, 0x0000000088b00000|  0%| F|  |TAMS 0x0000000088a00000, 0x0000000088a00000| Untracked 
| 139|0x0000000088b00000, 0x0000000088b00000, 0x0000000088c00000|  0%| F|  |TAMS 0x0000000088b00000, 0x0000000088b00000| Untracked 
| 140|0x0000000088c00000, 0x0000000088d00000, 0x0000000088d00000|100%|HS|  |TAMS 0x0000000088c00000, 0x0000000088c00000| Complete 
| 141|0x0000000088d00000, 0x0000000088e00000, 0x0000000088e00000|100%|HC|  |TAMS 0x0000000088d00000, 0x0000000088d00000| Complete 
| 142|0x0000000088e00000, 0x0000000088f00000, 0x0000000088f00000|100%|HS|  |TAMS 0x0000000088e00000, 0x0000000088e00000| Complete 
| 143|0x0000000088f00000, 0x0000000089000000, 0x0000000089000000|100%| O|  |TAMS 0x0000000088f00000, 0x0000000088f00000| Untracked 
| 144|0x0000000089000000, 0x0000000089100000, 0x0000000089100000|100%|HS|  |TAMS 0x0000000089000000, 0x0000000089000000| Complete 
| 145|0x0000000089100000, 0x0000000089200000, 0x0000000089200000|100%| O|  |TAMS 0x0000000089100000, 0x0000000089100000| Untracked 
| 146|0x0000000089200000, 0x0000000089300000, 0x0000000089300000|100%|HS|  |TAMS 0x0000000089200000, 0x0000000089200000| Complete 
| 147|0x0000000089300000, 0x0000000089400000, 0x0000000089400000|100%| O|  |TAMS 0x0000000089300000, 0x0000000089300000| Untracked 
| 148|0x0000000089400000, 0x0000000089500000, 0x0000000089500000|100%| O|  |TAMS 0x0000000089400000, 0x0000000089400000| Untracked 
| 149|0x0000000089500000, 0x0000000089600000, 0x0000000089600000|100%| O|  |TAMS 0x0000000089500000, 0x0000000089500000| Untracked 
| 150|0x0000000089600000, 0x0000000089700000, 0x0000000089700000|100%| O|  |TAMS 0x0000000089600000, 0x0000000089600000| Untracked 
| 151|0x0000000089700000, 0x0000000089800000, 0x0000000089800000|100%| O|  |TAMS 0x0000000089700000, 0x0000000089700000| Untracked 
| 152|0x0000000089800000, 0x0000000089900000, 0x0000000089900000|100%| O|  |TAMS 0x0000000089800000, 0x0000000089800000| Untracked 
| 153|0x0000000089900000, 0x0000000089a00000, 0x0000000089a00000|100%| O|  |TAMS 0x0000000089900000, 0x0000000089900000| Untracked 
| 154|0x0000000089a00000, 0x0000000089b00000, 0x0000000089b00000|100%| O|  |TAMS 0x0000000089a00000, 0x0000000089a00000| Untracked 
| 155|0x0000000089b00000, 0x0000000089b6d000, 0x0000000089c00000| 42%| O|  |TAMS 0x0000000089b00000, 0x0000000089b00000| Untracked 
| 156|0x0000000089c00000, 0x0000000089c00000, 0x0000000089d00000|  0%| F|  |TAMS 0x0000000089c00000, 0x0000000089c00000| Untracked 
| 157|0x0000000089d00000, 0x0000000089d00000, 0x0000000089e00000|  0%| F|  |TAMS 0x0000000089d00000, 0x0000000089d00000| Untracked 
| 158|0x0000000089e00000, 0x0000000089e00000, 0x0000000089f00000|  0%| F|  |TAMS 0x0000000089e00000, 0x0000000089e00000| Untracked 
| 159|0x0000000089f00000, 0x0000000089f00000, 0x000000008a000000|  0%| F|  |TAMS 0x0000000089f00000, 0x0000000089f00000| Untracked 
| 160|0x000000008a000000, 0x000000008a000000, 0x000000008a100000|  0%| F|  |TAMS 0x000000008a000000, 0x000000008a000000| Untracked 
| 161|0x000000008a100000, 0x000000008a100000, 0x000000008a200000|  0%| F|  |TAMS 0x000000008a100000, 0x000000008a100000| Untracked 
| 162|0x000000008a200000, 0x000000008a200000, 0x000000008a300000|  0%| F|  |TAMS 0x000000008a200000, 0x000000008a200000| Untracked 
| 163|0x000000008a300000, 0x000000008a300000, 0x000000008a400000|  0%| F|  |TAMS 0x000000008a300000, 0x000000008a300000| Untracked 
| 164|0x000000008a400000, 0x000000008a400000, 0x000000008a500000|  0%| F|  |TAMS 0x000000008a400000, 0x000000008a400000| Untracked 
| 165|0x000000008a500000, 0x000000008a500000, 0x000000008a600000|  0%| F|  |TAMS 0x000000008a500000, 0x000000008a500000| Untracked 
| 166|0x000000008a600000, 0x000000008a600000, 0x000000008a700000|  0%| F|  |TAMS 0x000000008a600000, 0x000000008a600000| Untracked 
| 167|0x000000008a700000, 0x000000008a700000, 0x000000008a800000|  0%| F|  |TAMS 0x000000008a700000, 0x000000008a700000| Untracked 
| 168|0x000000008a800000, 0x000000008a800000, 0x000000008a900000|  0%| F|  |TAMS 0x000000008a800000, 0x000000008a800000| Untracked 
| 169|0x000000008a900000, 0x000000008a900000, 0x000000008aa00000|  0%| F|  |TAMS 0x000000008a900000, 0x000000008a900000| Untracked 
| 170|0x000000008aa00000, 0x000000008aa00000, 0x000000008ab00000|  0%| F|  |TAMS 0x000000008aa00000, 0x000000008aa00000| Untracked 
| 171|0x000000008ab00000, 0x000000008ab00000, 0x000000008ac00000|  0%| F|  |TAMS 0x000000008ab00000, 0x000000008ab00000| Untracked 
| 172|0x000000008ac00000, 0x000000008ac00000, 0x000000008ad00000|  0%| F|  |TAMS 0x000000008ac00000, 0x000000008ac00000| Untracked 
| 173|0x000000008ad00000, 0x000000008ad00000, 0x000000008ae00000|  0%| F|  |TAMS 0x000000008ad00000, 0x000000008ad00000| Untracked 
| 174|0x000000008ae00000, 0x000000008ae00000, 0x000000008af00000|  0%| F|  |TAMS 0x000000008ae00000, 0x000000008ae00000| Untracked 
| 175|0x000000008af00000, 0x000000008af00000, 0x000000008b000000|  0%| F|  |TAMS 0x000000008af00000, 0x000000008af00000| Untracked 
| 176|0x000000008b000000, 0x000000008b000000, 0x000000008b100000|  0%| F|  |TAMS 0x000000008b000000, 0x000000008b000000| Untracked 
| 177|0x000000008b100000, 0x000000008b100000, 0x000000008b200000|  0%| F|  |TAMS 0x000000008b100000, 0x000000008b100000| Untracked 
| 178|0x000000008b200000, 0x000000008b200000, 0x000000008b300000|  0%| F|  |TAMS 0x000000008b200000, 0x000000008b200000| Untracked 
| 179|0x000000008b300000, 0x000000008b300000, 0x000000008b400000|  0%| F|  |TAMS 0x000000008b300000, 0x000000008b300000| Untracked 
| 180|0x000000008b400000, 0x000000008b400000, 0x000000008b500000|  0%| F|  |TAMS 0x000000008b400000, 0x000000008b400000| Untracked 
| 181|0x000000008b500000, 0x000000008b500000, 0x000000008b600000|  0%| F|  |TAMS 0x000000008b500000, 0x000000008b500000| Untracked 
| 182|0x000000008b600000, 0x000000008b600000, 0x000000008b700000|  0%| F|  |TAMS 0x000000008b600000, 0x000000008b600000| Untracked 
| 183|0x000000008b700000, 0x000000008b700000, 0x000000008b800000|  0%| F|  |TAMS 0x000000008b700000, 0x000000008b700000| Untracked 
| 184|0x000000008b800000, 0x000000008b800000, 0x000000008b900000|  0%| F|  |TAMS 0x000000008b800000, 0x000000008b800000| Untracked 
| 185|0x000000008b900000, 0x000000008b900000, 0x000000008ba00000|  0%| F|  |TAMS 0x000000008b900000, 0x000000008b900000| Untracked 
| 186|0x000000008ba00000, 0x000000008ba00000, 0x000000008bb00000|  0%| F|  |TAMS 0x000000008ba00000, 0x000000008ba00000| Untracked 
| 187|0x000000008bb00000, 0x000000008bb00000, 0x000000008bc00000|  0%| F|  |TAMS 0x000000008bb00000, 0x000000008bb00000| Untracked 
| 188|0x000000008bc00000, 0x000000008bc00000, 0x000000008bd00000|  0%| F|  |TAMS 0x000000008bc00000, 0x000000008bc00000| Untracked 
| 189|0x000000008bd00000, 0x000000008bd00000, 0x000000008be00000|  0%| F|  |TAMS 0x000000008bd00000, 0x000000008bd00000| Untracked 
| 190|0x000000008be00000, 0x000000008be00000, 0x000000008bf00000|  0%| F|  |TAMS 0x000000008be00000, 0x000000008be00000| Untracked 
| 191|0x000000008bf00000, 0x000000008bf00000, 0x000000008c000000|  0%| F|  |TAMS 0x000000008bf00000, 0x000000008bf00000| Untracked 
| 192|0x000000008c000000, 0x000000008c000000, 0x000000008c100000|  0%| F|  |TAMS 0x000000008c000000, 0x000000008c000000| Untracked 
| 193|0x000000008c100000, 0x000000008c100000, 0x000000008c200000|  0%| F|  |TAMS 0x000000008c100000, 0x000000008c100000| Untracked 
| 194|0x000000008c200000, 0x000000008c200000, 0x000000008c300000|  0%| F|  |TAMS 0x000000008c200000, 0x000000008c200000| Untracked 
| 195|0x000000008c300000, 0x000000008c300000, 0x000000008c400000|  0%| F|  |TAMS 0x000000008c300000, 0x000000008c300000| Untracked 
| 196|0x000000008c400000, 0x000000008c400000, 0x000000008c500000|  0%| F|  |TAMS 0x000000008c400000, 0x000000008c400000| Untracked 
| 197|0x000000008c500000, 0x000000008c500000, 0x000000008c600000|  0%| F|  |TAMS 0x000000008c500000, 0x000000008c500000| Untracked 
| 198|0x000000008c600000, 0x000000008c600000, 0x000000008c700000|  0%| F|  |TAMS 0x000000008c600000, 0x000000008c600000| Untracked 
| 199|0x000000008c700000, 0x000000008c700000, 0x000000008c800000|  0%| F|  |TAMS 0x000000008c700000, 0x000000008c700000| Untracked 
| 200|0x000000008c800000, 0x000000008c800000, 0x000000008c900000|  0%| F|  |TAMS 0x000000008c800000, 0x000000008c800000| Untracked 
| 201|0x000000008c900000, 0x000000008c900000, 0x000000008ca00000|  0%| F|  |TAMS 0x000000008c900000, 0x000000008c900000| Untracked 
| 202|0x000000008ca00000, 0x000000008ca00000, 0x000000008cb00000|  0%| F|  |TAMS 0x000000008ca00000, 0x000000008ca00000| Untracked 
| 203|0x000000008cb00000, 0x000000008cc00000, 0x000000008cc00000|100%| S|CS|TAMS 0x000000008cb00000, 0x000000008cb00000| Complete 
| 204|0x000000008cc00000, 0x000000008cd00000, 0x000000008cd00000|100%| S|CS|TAMS 0x000000008cc00000, 0x000000008cc00000| Complete 
| 205|0x000000008cd00000, 0x000000008ce00000, 0x000000008ce00000|100%| S|CS|TAMS 0x000000008cd00000, 0x000000008cd00000| Complete 
| 206|0x000000008ce00000, 0x000000008cf00000, 0x000000008cf00000|100%| S|CS|TAMS 0x000000008ce00000, 0x000000008ce00000| Complete 
| 207|0x000000008cf00000, 0x000000008d000000, 0x000000008d000000|100%| S|CS|TAMS 0x000000008cf00000, 0x000000008cf00000| Complete 
| 208|0x000000008d000000, 0x000000008d100000, 0x000000008d100000|100%| S|CS|TAMS 0x000000008d000000, 0x000000008d000000| Complete 
| 209|0x000000008d100000, 0x000000008d200000, 0x000000008d200000|100%| S|CS|TAMS 0x000000008d100000, 0x000000008d100000| Complete 
| 210|0x000000008d200000, 0x000000008d300000, 0x000000008d300000|100%| S|CS|TAMS 0x000000008d200000, 0x000000008d200000| Complete 
| 211|0x000000008d300000, 0x000000008d400000, 0x000000008d400000|100%| S|CS|TAMS 0x000000008d300000, 0x000000008d300000| Complete 
| 212|0x000000008d400000, 0x000000008d500000, 0x000000008d500000|100%| S|CS|TAMS 0x000000008d400000, 0x000000008d400000| Complete 
| 213|0x000000008d500000, 0x000000008d500000, 0x000000008d600000|  0%| F|  |TAMS 0x000000008d500000, 0x000000008d500000| Untracked 
| 214|0x000000008d600000, 0x000000008d600000, 0x000000008d700000|  0%| F|  |TAMS 0x000000008d600000, 0x000000008d600000| Untracked 
| 215|0x000000008d700000, 0x000000008d700000, 0x000000008d800000|  0%| F|  |TAMS 0x000000008d700000, 0x000000008d700000| Untracked 
| 216|0x000000008d800000, 0x000000008d800000, 0x000000008d900000|  0%| F|  |TAMS 0x000000008d800000, 0x000000008d800000| Untracked 
| 217|0x000000008d900000, 0x000000008d900000, 0x000000008da00000|  0%| F|  |TAMS 0x000000008d900000, 0x000000008d900000| Untracked 
| 218|0x000000008da00000, 0x000000008da00000, 0x000000008db00000|  0%| F|  |TAMS 0x000000008da00000, 0x000000008da00000| Untracked 
| 219|0x000000008db00000, 0x000000008db00000, 0x000000008dc00000|  0%| F|  |TAMS 0x000000008db00000, 0x000000008db00000| Untracked 
| 220|0x000000008dc00000, 0x000000008dc00000, 0x000000008dd00000|  0%| F|  |TAMS 0x000000008dc00000, 0x000000008dc00000| Untracked 
| 221|0x000000008dd00000, 0x000000008dd00000, 0x000000008de00000|  0%| F|  |TAMS 0x000000008dd00000, 0x000000008dd00000| Untracked 
| 222|0x000000008de00000, 0x000000008de00000, 0x000000008df00000|  0%| F|  |TAMS 0x000000008de00000, 0x000000008de00000| Untracked 
| 223|0x000000008df00000, 0x000000008df00000, 0x000000008e000000|  0%| F|  |TAMS 0x000000008df00000, 0x000000008df00000| Untracked 
| 224|0x000000008e000000, 0x000000008e0e5428, 0x000000008e100000| 89%| E|  |TAMS 0x000000008e000000, 0x000000008e000000| Complete 
| 225|0x000000008e100000, 0x000000008e200000, 0x000000008e200000|100%| E|CS|TAMS 0x000000008e100000, 0x000000008e100000| Complete 
| 226|0x000000008e200000, 0x000000008e300000, 0x000000008e300000|100%| E|CS|TAMS 0x000000008e200000, 0x000000008e200000| Complete 
| 227|0x000000008e300000, 0x000000008e400000, 0x000000008e400000|100%| E|CS|TAMS 0x000000008e300000, 0x000000008e300000| Complete 
| 228|0x000000008e400000, 0x000000008e500000, 0x000000008e500000|100%| E|CS|TAMS 0x000000008e400000, 0x000000008e400000| Complete 
| 229|0x000000008e500000, 0x000000008e600000, 0x000000008e600000|100%| E|CS|TAMS 0x000000008e500000, 0x000000008e500000| Complete 
| 230|0x000000008e600000, 0x000000008e700000, 0x000000008e700000|100%| E|CS|TAMS 0x000000008e600000, 0x000000008e600000| Complete 
| 231|0x000000008e700000, 0x000000008e800000, 0x000000008e800000|100%| E|CS|TAMS 0x000000008e700000, 0x000000008e700000| Complete 
| 232|0x000000008e800000, 0x000000008e900000, 0x000000008e900000|100%| E|CS|TAMS 0x000000008e800000, 0x000000008e800000| Complete 
| 233|0x000000008e900000, 0x000000008ea00000, 0x000000008ea00000|100%| E|CS|TAMS 0x000000008e900000, 0x000000008e900000| Complete 
| 234|0x000000008ea00000, 0x000000008eb00000, 0x000000008eb00000|100%| E|CS|TAMS 0x000000008ea00000, 0x000000008ea00000| Complete 
| 235|0x000000008eb00000, 0x000000008ec00000, 0x000000008ec00000|100%| E|CS|TAMS 0x000000008eb00000, 0x000000008eb00000| Complete 
| 236|0x000000008ec00000, 0x000000008ed00000, 0x000000008ed00000|100%| E|CS|TAMS 0x000000008ec00000, 0x000000008ec00000| Complete 
| 237|0x000000008ed00000, 0x000000008ee00000, 0x000000008ee00000|100%| E|CS|TAMS 0x000000008ed00000, 0x000000008ed00000| Complete 
| 238|0x000000008ee00000, 0x000000008ef00000, 0x000000008ef00000|100%| E|CS|TAMS 0x000000008ee00000, 0x000000008ee00000| Complete 
| 239|0x000000008ef00000, 0x000000008f000000, 0x000000008f000000|100%| E|CS|TAMS 0x000000008ef00000, 0x000000008ef00000| Complete 
| 240|0x000000008f000000, 0x000000008f100000, 0x000000008f100000|100%| E|CS|TAMS 0x000000008f000000, 0x000000008f000000| Complete 
| 241|0x000000008f100000, 0x000000008f200000, 0x000000008f200000|100%| E|CS|TAMS 0x000000008f100000, 0x000000008f100000| Complete 
| 242|0x000000008f200000, 0x000000008f300000, 0x000000008f300000|100%| E|CS|TAMS 0x000000008f200000, 0x000000008f200000| Complete 
| 243|0x000000008f300000, 0x000000008f400000, 0x000000008f400000|100%| E|CS|TAMS 0x000000008f300000, 0x000000008f300000| Complete 
| 244|0x000000008f400000, 0x000000008f500000, 0x000000008f500000|100%| E|CS|TAMS 0x000000008f400000, 0x000000008f400000| Complete 
| 245|0x000000008f500000, 0x000000008f600000, 0x000000008f600000|100%| E|CS|TAMS 0x000000008f500000, 0x000000008f500000| Complete 
| 246|0x000000008f600000, 0x000000008f700000, 0x000000008f700000|100%| E|CS|TAMS 0x000000008f600000, 0x000000008f600000| Complete 
| 247|0x000000008f700000, 0x000000008f800000, 0x000000008f800000|100%| E|CS|TAMS 0x000000008f700000, 0x000000008f700000| Complete 
| 248|0x000000008f800000, 0x000000008f900000, 0x000000008f900000|100%| E|CS|TAMS 0x000000008f800000, 0x000000008f800000| Complete 
| 249|0x000000008f900000, 0x000000008fa00000, 0x000000008fa00000|100%| E|CS|TAMS 0x000000008f900000, 0x000000008f900000| Complete 
| 250|0x000000008fa00000, 0x000000008fb00000, 0x000000008fb00000|100%| E|CS|TAMS 0x000000008fa00000, 0x000000008fa00000| Complete 
| 251|0x000000008fb00000, 0x000000008fc00000, 0x000000008fc00000|100%| E|CS|TAMS 0x000000008fb00000, 0x000000008fb00000| Complete 
| 252|0x000000008fc00000, 0x000000008fd00000, 0x000000008fd00000|100%| E|CS|TAMS 0x000000008fc00000, 0x000000008fc00000| Complete 
| 253|0x000000008fd00000, 0x000000008fe00000, 0x000000008fe00000|100%| E|CS|TAMS 0x000000008fd00000, 0x000000008fd00000| Complete 
| 254|0x000000008fe00000, 0x000000008ff00000, 0x000000008ff00000|100%| E|CS|TAMS 0x000000008fe00000, 0x000000008fe00000| Complete 
| 255|0x000000008ff00000, 0x0000000090000000, 0x0000000090000000|100%| E|CS|TAMS 0x000000008ff00000, 0x000000008ff00000| Complete 
| 256|0x0000000090000000, 0x0000000090100000, 0x0000000090100000|100%| E|CS|TAMS 0x0000000090000000, 0x0000000090000000| Complete 
| 257|0x0000000090100000, 0x0000000090200000, 0x0000000090200000|100%| E|CS|TAMS 0x0000000090100000, 0x0000000090100000| Complete 
| 258|0x0000000090200000, 0x0000000090300000, 0x0000000090300000|100%| E|  |TAMS 0x0000000090200000, 0x0000000090200000| Complete 
| 259|0x0000000090300000, 0x0000000090400000, 0x0000000090400000|100%| E|CS|TAMS 0x0000000090300000, 0x0000000090300000| Complete 
| 260|0x0000000090400000, 0x0000000090500000, 0x0000000090500000|100%| E|CS|TAMS 0x0000000090400000, 0x0000000090400000| Complete 
| 261|0x0000000090500000, 0x0000000090600000, 0x0000000090600000|100%| E|CS|TAMS 0x0000000090500000, 0x0000000090500000| Complete 
| 262|0x0000000090600000, 0x0000000090700000, 0x0000000090700000|100%| E|CS|TAMS 0x0000000090600000, 0x0000000090600000| Complete 
| 263|0x0000000090700000, 0x0000000090800000, 0x0000000090800000|100%| E|CS|TAMS 0x0000000090700000, 0x0000000090700000| Complete 
| 264|0x0000000090800000, 0x0000000090900000, 0x0000000090900000|100%| E|CS|TAMS 0x0000000090800000, 0x0000000090800000| Complete 
| 265|0x0000000090900000, 0x0000000090a00000, 0x0000000090a00000|100%| E|CS|TAMS 0x0000000090900000, 0x0000000090900000| Complete 
| 266|0x0000000090a00000, 0x0000000090b00000, 0x0000000090b00000|100%| E|CS|TAMS 0x0000000090a00000, 0x0000000090a00000| Complete 
| 267|0x0000000090b00000, 0x0000000090c00000, 0x0000000090c00000|100%| E|CS|TAMS 0x0000000090b00000, 0x0000000090b00000| Complete 
| 268|0x0000000090c00000, 0x0000000090d00000, 0x0000000090d00000|100%| E|CS|TAMS 0x0000000090c00000, 0x0000000090c00000| Complete 
| 269|0x0000000090d00000, 0x0000000090e00000, 0x0000000090e00000|100%| E|CS|TAMS 0x0000000090d00000, 0x0000000090d00000| Complete 
| 270|0x0000000090e00000, 0x0000000090f00000, 0x0000000090f00000|100%| E|CS|TAMS 0x0000000090e00000, 0x0000000090e00000| Complete 
| 271|0x0000000090f00000, 0x0000000091000000, 0x0000000091000000|100%| E|CS|TAMS 0x0000000090f00000, 0x0000000090f00000| Complete 
| 272|0x0000000091000000, 0x0000000091100000, 0x0000000091100000|100%| E|CS|TAMS 0x0000000091000000, 0x0000000091000000| Complete 
| 273|0x0000000091100000, 0x0000000091200000, 0x0000000091200000|100%| E|CS|TAMS 0x0000000091100000, 0x0000000091100000| Complete 
| 274|0x0000000091200000, 0x0000000091300000, 0x0000000091300000|100%| E|CS|TAMS 0x0000000091200000, 0x0000000091200000| Complete 
| 275|0x0000000091300000, 0x0000000091400000, 0x0000000091400000|100%| E|CS|TAMS 0x0000000091300000, 0x0000000091300000| Complete 
| 276|0x0000000091400000, 0x0000000091500000, 0x0000000091500000|100%| E|CS|TAMS 0x0000000091400000, 0x0000000091400000| Complete 
| 277|0x0000000091500000, 0x0000000091600000, 0x0000000091600000|100%| E|CS|TAMS 0x0000000091500000, 0x0000000091500000| Complete 
| 278|0x0000000091600000, 0x0000000091700000, 0x0000000091700000|100%| E|CS|TAMS 0x0000000091600000, 0x0000000091600000| Complete 
| 279|0x0000000091700000, 0x0000000091800000, 0x0000000091800000|100%| E|CS|TAMS 0x0000000091700000, 0x0000000091700000| Complete 
| 280|0x0000000091800000, 0x0000000091900000, 0x0000000091900000|100%| E|CS|TAMS 0x0000000091800000, 0x0000000091800000| Complete 

Card table byte_map: [0x000001afb1ff0000,0x000001afb23f0000] _byte_map_base: 0x000001afb1bf0000

Marking Bits (Prev, Next): (CMBitMap*) 0x000001af9eb0df70, (CMBitMap*) 0x000001af9eb0df38
 Prev Bits: [0x000001afb47f0000, 0x000001afb67f0000)
 Next Bits: [0x000001afb27f0000, 0x000001afb47f0000)

Polling page: 0x000001af9d290000

Metaspace:

Usage:
  Non-class:    111.96 MB capacity,   109.87 MB ( 98%) used,     1.72 MB (  2%) free+waste,   385.63 KB ( <1%) overhead. 
      Class:     16.87 MB capacity,    15.67 MB ( 93%) used,     1.02 MB (  6%) free+waste,   173.88 KB (  1%) overhead. 
       Both:    128.83 MB capacity,   125.54 MB ( 97%) used,     2.74 MB (  2%) free+waste,   559.50 KB ( <1%) overhead. 

Virtual space:
  Non-class space:      112.00 MB reserved,     112.00 MB (100%) committed 
      Class space:        1.00 GB reserved,      16.88 MB (  2%) committed 
             Both:        1.11 GB reserved,     128.88 MB ( 11%) committed 

Chunk freelists:
   Non-Class:  36.00 KB
       Class:  9.00 KB
        Both:  45.00 KB

MaxMetaspaceSize: 17179869184.00 GB
CompressedClassSpaceSize: 1.00 GB

CodeHeap 'non-profiled nmethods': size=120064Kb used=8146Kb max_used=8146Kb free=111917Kb
 bounds [0x000001afaa090000, 0x000001afaa890000, 0x000001afb15d0000]
CodeHeap 'profiled nmethods': size=120000Kb used=35253Kb max_used=35253Kb free=84746Kb
 bounds [0x000001afa2b60000, 0x000001afa4dd0000, 0x000001afaa090000]
CodeHeap 'non-nmethods': size=5696Kb used=2362Kb max_used=2415Kb free=3333Kb
 bounds [0x000001afa25d0000, 0x000001afa2840000, 0x000001afa2b60000]
 total_blobs=17844 nmethods=16859 adapters=896
 compilation: enabled
              stopped_count=0, restarted_count=0
 full_count=0

Compilation events (20 events):
Event: 567.096 Thread 0x000001afb8e64800 17309 %     3       com.android.tools.r8.dex.q::a @ 0 (102 bytes)
Event: 567.098 Thread 0x000001afb8e64800 nmethod 17309% 0x000001afa4dc3590 code [0x000001afa4dc37c0, 0x000001afa4dc3f88]
Event: 567.098 Thread 0x000001afb8e64800 17310       2       com.android.tools.r8.graph.p0$$Lambda$1671/0x00000001010d1c40::apply (15 bytes)
Event: 567.098 Thread 0x000001afb8e64800 nmethod 17310 0x000001afa4dc4290 code [0x000001afa4dc4440, 0x000001afa4dc45d8]
Event: 567.098 Thread 0x000001afb8e64800 17311       2       com.android.tools.r8.graph.Q::<init> (10 bytes)
Event: 567.098 Thread 0x000001afb8e64800 nmethod 17311 0x000001afa4dc4710 code [0x000001afa4dc48c0, 0x000001afa4dc49b8]
Event: 567.100 Thread 0x000001afb8e64800 17312       2       com.android.tools.r8.code.l0::<init> (7 bytes)
Event: 567.100 Thread 0x000001afb8e64800 nmethod 17312 0x000001afa4dc4a90 code [0x000001afa4dc4c60, 0x000001afa4dc4e98]
Event: 567.101 Thread 0x000001afb8e64800 17313       2       com.android.tools.r8.code.d::<init> (7 bytes)
Event: 567.101 Thread 0x000001afb8e64800 nmethod 17313 0x000001afa4dc5090 code [0x000001afa4dc5260, 0x000001afa4dc5498]
Event: 567.101 Thread 0x000001afb8e64800 17314       2       com.android.tools.r8.code.v1::b (25 bytes)
Event: 567.102 Thread 0x000001afb8e64800 nmethod 17314 0x000001afa4dc5690 code [0x000001afa4dc5860, 0x000001afa4dc5a38]
Event: 567.102 Thread 0x000001afb8e64800 17315       2       com.android.tools.r8.code.w0::<init> (97 bytes)
Event: 567.103 Thread 0x000001afb8e64800 nmethod 17315 0x000001afa4dc5b90 code [0x000001afa4dc5da0, 0x000001afa4dc62d8]
Event: 567.103 Thread 0x000001afb8e64800 17316       2       java.util.Arrays::hashCode (44 bytes)
Event: 567.103 Thread 0x000001afb8e64800 nmethod 17316 0x000001afa4dc6710 code [0x000001afa4dc68c0, 0x000001afa4dc6a38]
Event: 567.105 Thread 0x000001afb8e64800 17317       2       com.android.tools.r8.code.C0::<init> (6 bytes)
Event: 567.105 Thread 0x000001afb8e64800 nmethod 17317 0x000001afa4dc6b10 code [0x000001afa4dc6cc0, 0x000001afa4dc6df8]
Event: 567.107 Thread 0x000001afb8e64800 17318       3       com.android.tools.r8.dex.q::a (102 bytes)
Event: 567.109 Thread 0x000001afb8e64800 nmethod 17318 0x000001afa4dc6f10 code [0x000001afa4dc7140, 0x000001afa4dc78a8]

GC Heap History (20 events):
Event: 559.718 GC heap before
{Heap before GC invocations=67 (full 0):
 garbage-first heap   total 239616K, used 213358K [0x0000000080000000, 0x0000000100000000)
  region size 1024K, 45 young (46080K), 5 survivors (5120K)
 Metaspace       used 116468K, capacity 119526K, committed 119808K, reserved 1153024K
  class space    used 14430K, capacity 15529K, committed 15616K, reserved 1048576K
}
Event: 559.732 GC heap after
{Heap after GC invocations=68 (full 0):
 garbage-first heap   total 239616K, used 159241K [0x0000000080000000, 0x0000000100000000)
  region size 1024K, 6 young (6144K), 6 survivors (6144K)
 Metaspace       used 116468K, capacity 119526K, committed 119808K, reserved 1153024K
  class space    used 14430K, capacity 15529K, committed 15616K, reserved 1048576K
}
Event: 559.810 GC heap before
{Heap before GC invocations=68 (full 0):
 garbage-first heap   total 239616K, used 164361K [0x0000000080000000, 0x0000000100000000)
  region size 1024K, 11 young (11264K), 6 survivors (6144K)
 Metaspace       used 116623K, capacity 119686K, committed 120192K, reserved 1153024K
  class space    used 14433K, capacity 15561K, committed 15744K, reserved 1048576K
}
Event: 559.823 GC heap after
{Heap after GC invocations=69 (full 0):
 garbage-first heap   total 239616K, used 158389K [0x0000000080000000, 0x0000000100000000)
  region size 1024K, 1 young (1024K), 1 survivors (1024K)
 Metaspace       used 116623K, capacity 119686K, committed 120192K, reserved 1153024K
  class space    used 14433K, capacity 15561K, committed 15744K, reserved 1048576K
}
Event: 560.323 GC heap before
{Heap before GC invocations=69 (full 0):
 garbage-first heap   total 239616K, used 198325K [0x0000000080000000, 0x0000000100000000)
  region size 1024K, 41 young (41984K), 1 survivors (1024K)
 Metaspace       used 117208K, capacity 120262K, committed 120704K, reserved 1155072K
  class space    used 14462K, capacity 15561K, committed 15744K, reserved 1048576K
}
Event: 560.340 GC heap after
{Heap after GC invocations=70 (full 0):
 garbage-first heap   total 239616K, used 160982K [0x0000000080000000, 0x0000000100000000)
  region size 1024K, 4 young (4096K), 4 survivors (4096K)
 Metaspace       used 117208K, capacity 120262K, committed 120704K, reserved 1155072K
  class space    used 14462K, capacity 15561K, committed 15744K, reserved 1048576K
}
Event: 561.438 GC heap before
{Heap before GC invocations=71 (full 0):
 garbage-first heap   total 239616K, used 186582K [0x0000000080000000, 0x0000000100000000)
  region size 1024K, 43 young (44032K), 4 survivors (4096K)
 Metaspace       used 118798K, capacity 121894K, committed 122368K, reserved 1155072K
  class space    used 14624K, capacity 15761K, committed 15872K, reserved 1048576K
}
Event: 561.451 GC heap after
{Heap after GC invocations=72 (full 0):
 garbage-first heap   total 239616K, used 148015K [0x0000000080000000, 0x0000000100000000)
  region size 1024K, 4 young (4096K), 4 survivors (4096K)
 Metaspace       used 118798K, capacity 121894K, committed 122368K, reserved 1155072K
  class space    used 14624K, capacity 15761K, committed 15872K, reserved 1048576K
}
Event: 561.613 GC heap before
{Heap before GC invocations=72 (full 0):
 garbage-first heap   total 239616K, used 155183K [0x0000000080000000, 0x0000000100000000)
  region size 1024K, 11 young (11264K), 4 survivors (4096K)
 Metaspace       used 118897K, capacity 121972K, committed 122368K, reserved 1155072K
  class space    used 14636K, capacity 15764K, committed 15872K, reserved 1048576K
}
Event: 561.630 GC heap after
{Heap after GC invocations=73 (full 0):
 garbage-first heap   total 239616K, used 137150K [0x0000000080000000, 0x0000000100000000)
  region size 1024K, 2 young (2048K), 2 survivors (2048K)
 Metaspace       used 118897K, capacity 121972K, committed 122368K, reserved 1155072K
  class space    used 14636K, capacity 15764K, committed 15872K, reserved 1048576K
}
Event: 562.496 GC heap before
{Heap before GC invocations=73 (full 0):
 garbage-first heap   total 239616K, used 189374K [0x0000000080000000, 0x0000000100000000)
  region size 1024K, 54 young (55296K), 2 survivors (2048K)
 Metaspace       used 122298K, capacity 125395K, committed 125696K, reserved 1159168K
  class space    used 15058K, capacity 16221K, committed 16384K, reserved 1048576K
}
Event: 562.515 GC heap after
{Heap after GC invocations=74 (full 0):
 garbage-first heap   total 239616K, used 139261K [0x0000000080000000, 0x0000000100000000)
  region size 1024K, 4 young (4096K), 4 survivors (4096K)
 Metaspace       used 122298K, capacity 125395K, committed 125696K, reserved 1159168K
  class space    used 15058K, capacity 16221K, committed 16384K, reserved 1048576K
}
Event: 563.701 GC heap before
{Heap before GC invocations=75 (full 0):
 garbage-first heap   total 239616K, used 192509K [0x0000000080000000, 0x0000000100000000)
  region size 1024K, 57 young (58368K), 4 survivors (4096K)
 Metaspace       used 123563K, capacity 126702K, committed 126848K, reserved 1159168K
  class space    used 15215K, capacity 16391K, committed 16512K, reserved 1048576K
}
Event: 563.723 GC heap after
{Heap after GC invocations=76 (full 0):
 garbage-first heap   total 239616K, used 142644K [0x0000000080000000, 0x0000000100000000)
  region size 1024K, 7 young (7168K), 7 survivors (7168K)
 Metaspace       used 123563K, capacity 126702K, committed 126848K, reserved 1159168K
  class space    used 15215K, capacity 16391K, committed 16512K, reserved 1048576K
}
Event: 563.758 GC heap before
{Heap before GC invocations=76 (full 0):
 garbage-first heap   total 239616K, used 145716K [0x0000000080000000, 0x0000000100000000)
  region size 1024K, 11 young (11264K), 7 survivors (7168K)
 Metaspace       used 123580K, capacity 126766K, committed 127104K, reserved 1159168K
  class space    used 15216K, capacity 16391K, committed 16512K, reserved 1048576K
}
Event: 563.779 GC heap after
{Heap after GC invocations=77 (full 0):
 garbage-first heap   total 239616K, used 135964K [0x0000000080000000, 0x0000000100000000)
  region size 1024K, 2 young (2048K), 2 survivors (2048K)
 Metaspace       used 123580K, capacity 126766K, committed 127104K, reserved 1159168K
  class space    used 15216K, capacity 16391K, committed 16512K, reserved 1048576K
}
Event: 564.571 GC heap before
{Heap before GC invocations=77 (full 0):
 garbage-first heap   total 239616K, used 207644K [0x0000000080000000, 0x0000000100000000)
  region size 1024K, 58 young (59392K), 2 survivors (2048K)
 Metaspace       used 124933K, capacity 128201K, committed 128256K, reserved 1161216K
  class space    used 15406K, capacity 16595K, committed 16640K, reserved 1048576K
}
Event: 564.597 GC heap after
{Heap after GC invocations=78 (full 0):
 garbage-first heap   total 287744K, used 157696K [0x0000000080000000, 0x0000000100000000)
  region size 1024K, 8 young (8192K), 8 survivors (8192K)
 Metaspace       used 124933K, capacity 128201K, committed 128256K, reserved 1161216K
  class space    used 15406K, capacity 16595K, committed 16640K, reserved 1048576K
}
Event: 566.167 GC heap before
{Heap before GC invocations=78 (full 0):
 garbage-first heap   total 287744K, used 228352K [0x0000000080000000, 0x0000000100000000)
  region size 1024K, 76 young (77824K), 8 survivors (8192K)
 Metaspace       used 127362K, capacity 130669K, committed 130688K, reserved 1163264K
  class space    used 15819K, capacity 17005K, committed 17024K, reserved 1048576K
}
Event: 566.302 GC heap after
{Heap after GC invocations=79 (full 0):
 garbage-first heap   total 287744K, used 167348K [0x0000000080000000, 0x0000000100000000)
  region size 1024K, 10 young (10240K), 10 survivors (10240K)
 Metaspace       used 127362K, capacity 130669K, committed 130688K, reserved 1163264K
  class space    used 15819K, capacity 17005K, committed 17024K, reserved 1048576K
}

Deoptimization events (20 events):
Event: 566.674 Thread 0x000001afc55f1800 DEOPT PACKING pc=0x000001afa4cac439 sp=0x0000008d1ecfe7b0
Event: 566.674 Thread 0x000001afc55f1800 DEOPT UNPACKING pc=0x000001afa25f6d5e sp=0x0000008d1ecfde70 mode 0
Event: 566.690 Thread 0x000001afc55f1800 DEOPT PACKING pc=0x000001afa4c9c977 sp=0x0000008d1ecfe2f0
Event: 566.690 Thread 0x000001afc55f1800 DEOPT UNPACKING pc=0x000001afa25f6d5e sp=0x0000008d1ecfdee0 mode 0
Event: 566.707 Thread 0x000001afc55f5000 DEOPT PACKING pc=0x000001afa4bade94 sp=0x0000008d1f1fe440
Event: 566.707 Thread 0x000001afc55f5000 DEOPT UNPACKING pc=0x000001afa25f6d5e sp=0x0000008d1f1fd8f0 mode 0
Event: 566.722 Thread 0x000001afc55ee800 DEOPT PACKING pc=0x000001afa4c9c977 sp=0x0000008d1f0fe010
Event: 566.722 Thread 0x000001afc55ee800 DEOPT UNPACKING pc=0x000001afa25f6d5e sp=0x0000008d1f0fdc00 mode 0
Event: 566.723 Thread 0x000001afc55ee800 DEOPT PACKING pc=0x000001afa4d05d08 sp=0x0000008d1f0fe7c0
Event: 566.723 Thread 0x000001afc55ee800 DEOPT UNPACKING pc=0x000001afa25f6d5e sp=0x0000008d1f0fddf8 mode 0
Event: 566.754 Thread 0x000001afc55f1800 DEOPT PACKING pc=0x000001afa4c219a6 sp=0x0000008d1ecfea20
Event: 566.754 Thread 0x000001afc55f1800 DEOPT UNPACKING pc=0x000001afa25f6d5e sp=0x0000008d1ecfdec8 mode 0
Event: 566.755 Thread 0x000001afc55f1800 DEOPT PACKING pc=0x000001afa4d05d08 sp=0x0000008d1ecfeaa0
Event: 566.755 Thread 0x000001afc55f1800 DEOPT UNPACKING pc=0x000001afa25f6d5e sp=0x0000008d1ecfe0d8 mode 0
Event: 566.770 Thread 0x000001afc55f0000 DEOPT PACKING pc=0x000001afa4c9c977 sp=0x0000008d1f2fe400
Event: 566.770 Thread 0x000001afc55f0000 DEOPT UNPACKING pc=0x000001afa25f6d5e sp=0x0000008d1f2fdff0 mode 0
Event: 566.777 Thread 0x000001afc55f0000 DEOPT PACKING pc=0x000001afa4d05d08 sp=0x0000008d1f2febb0
Event: 566.777 Thread 0x000001afc55f0000 DEOPT UNPACKING pc=0x000001afa25f6d5e sp=0x0000008d1f2fe1e8 mode 0
Event: 566.933 Thread 0x000001afc55f0000 DEOPT PACKING pc=0x000001afa4d66afe sp=0x0000008d1f2fe5c0
Event: 566.933 Thread 0x000001afc55f0000 DEOPT UNPACKING pc=0x000001afa25f6d5e sp=0x0000008d1f2fdb40 mode 0

Classes redefined (0 events):
No events

Internal exceptions (20 events):
Event: 565.117 Thread 0x000001afc4c0d000 Exception <a 'java/lang/NoSuchMethodError'{0x0000000090d31b88}: <clinit>> (0x0000000090d31b88) thrown at [./src/hotspot/share/prims/jni.cpp, line 1362]
Event: 565.206 Thread 0x000001afc4c0d000 Exception <a 'java/lang/NoSuchMethodError'{0x0000000090a08558}: <clinit>> (0x0000000090a08558) thrown at [./src/hotspot/share/prims/jni.cpp, line 1362]
Event: 565.264 Thread 0x000001afc4c0d000 Exception <a 'java/lang/NoSuchMethodError'{0x0000000090a1b0c8}: <clinit>> (0x0000000090a1b0c8) thrown at [./src/hotspot/share/prims/jni.cpp, line 1362]
Event: 565.566 Thread 0x000001afc4c13000 Exception <a 'java/lang/NoSuchMethodError'{0x000000008f236e18}: 'void java.lang.invoke.DirectMethodHandle$Holder.invokeStatic(java.lang.Object, long)'> (0x000000008f236e18) thrown at [./src/hotspot/share/interpreter/linkResolver.cpp, line 773]
Event: 565.568 Thread 0x000001afc4c13000 Exception <a 'java/lang/NoSuchMethodError'{0x000000008f1cd910}: 'java.lang.Object java.lang.invoke.DirectMethodHandle$Holder.invokeStatic(java.lang.Object, long)'> (0x000000008f1cd910) thrown at [./src/hotspot/share/interpreter/linkResolver.cpp, line 773]
Event: 565.573 Thread 0x000001afc4c13000 Exception <a 'java/lang/NoSuchMethodError'{0x000000008f070340}: 'java.lang.Object java.lang.invoke.DirectMethodHandle$Holder.invokeStaticInit(java.lang.Object, java.lang.Object, long, java.lang.Object)'> (0x000000008f070340) thrown at [./src/hotspot/share/interpreter/linkResolver.cpp, line 773]
Event: 565.574 Thread 0x000001afc4c13000 Exception <a 'java/lang/NoSuchMethodError'{0x000000008f0764d8}: 'java.lang.Object java.lang.invoke.DirectMethodHandle$Holder.invokeStatic(java.lang.Object, java.lang.Object, long)'> (0x000000008f0764d8) thrown at [./src/hotspot/share/interpreter/linkResolver.cpp, line 773]
Event: 565.574 Thread 0x000001afc4c13000 Exception <a 'java/lang/NoSuchMethodError'{0x000000008f0ef0d8}: 'java.lang.Object java.lang.invoke.Invokers$Holder.linkToTargetMethod(java.lang.Object, long, java.lang.Object)'> (0x000000008f0ef0d8) thrown at [./src/hotspot/share/interpreter/linkResolver.cpp, line 773]
Event: 565.852 Thread 0x000001afbd570000 Exception <a 'sun/nio/fs/WindowsException'{0x000000008e003e58}> (0x000000008e003e58) thrown at [./src/hotspot/share/prims/jni.cpp, line 615]
Event: 565.852 Thread 0x000001afbd570000 Exception <a 'sun/nio/fs/WindowsException'{0x000000008e005798}> (0x000000008e005798) thrown at [./src/hotspot/share/prims/jni.cpp, line 615]
Event: 565.852 Thread 0x000001afbd570000 Exception <a 'sun/nio/fs/WindowsException'{0x000000008e005a90}> (0x000000008e005a90) thrown at [./src/hotspot/share/prims/jni.cpp, line 615]
Event: 565.893 Thread 0x000001afbd570000 Exception <a 'sun/nio/fs/WindowsException'{0x000000008dc79400}> (0x000000008dc79400) thrown at [./src/hotspot/share/prims/jni.cpp, line 615]
Event: 565.893 Thread 0x000001afbd570000 Exception <a 'sun/nio/fs/WindowsException'{0x000000008dc7ad60}> (0x000000008dc7ad60) thrown at [./src/hotspot/share/prims/jni.cpp, line 615]
Event: 565.967 Thread 0x000001afc55f0000 Exception <a 'java/lang/IncompatibleClassChangeError'{0x000000008d95bc28}: Found class java.lang.Object, but interface was expected> (0x000000008d95bc28) thrown at [./src/hotspot/share/interpreter/linkResolver.cpp, line 839]
Event: 566.056 Thread 0x000001afc55f5000 Exception <a 'java/lang/NoSuchMethodError'{0x000000008d7616b8}: 'java.lang.Object java.lang.invoke.DirectMethodHandle$Holder.newInvokeSpecial(java.lang.Object, int)'> (0x000000008d7616b8) thrown at [./src/hotspot/share/interpreter/linkResolver.cpp, line 773]
Event: 566.426 Thread 0x000001afc55f0000 Exception <a 'java/lang/IncompatibleClassChangeError'{0x00000000917f1138}: Found class java.lang.Object, but interface was expected> (0x00000000917f1138) thrown at [./src/hotspot/share/interpreter/linkResolver.cpp, line 839]
Event: 566.426 Thread 0x000001afc55f1800 Exception <a 'java/lang/IncompatibleClassChangeError'{0x00000000917f57a0}: Found class java.lang.Object, but interface was expected> (0x00000000917f57a0) thrown at [./src/hotspot/share/interpreter/linkResolver.cpp, line 839]
Event: 566.427 Thread 0x000001afc55f0000 Exception <a 'java/lang/IncompatibleClassChangeError'{0x00000000917f3de0}: Found class java.lang.Object, but interface was expected> (0x00000000917f3de0) thrown at [./src/hotspot/share/interpreter/linkResolver.cpp, line 839]
Event: 566.428 Thread 0x000001afc55f1800 Exception <a 'java/lang/IncompatibleClassChangeError'{0x00000000917fbf48}: Found class java.lang.Object, but interface was expected> (0x00000000917fbf48) thrown at [./src/hotspot/share/interpreter/linkResolver.cpp, line 839]
Event: 566.428 Thread 0x000001afc55ee800 Exception <a 'java/lang/IncompatibleClassChangeError'{0x00000000917fda08}: Found class java.lang.Object, but interface was expected> (0x00000000917fda08) thrown at [./src/hotspot/share/interpreter/linkResolver.cpp, line 839]

Events (20 events):
Event: 566.516 loading class com/android/tools/r8/internal/Mc1
Event: 566.516 loading class com/android/tools/r8/internal/Mc1 done
Event: 566.524 loading class com/android/tools/r8/internal/Jc1
Event: 566.524 loading class com/android/tools/r8/internal/Jc1 done
Event: 566.525 loading class com/android/tools/r8/internal/Vb1
Event: 566.525 loading class com/android/tools/r8/internal/Vb1 done
Event: 566.526 loading class com/android/tools/r8/internal/Sc1
Event: 566.526 loading class com/android/tools/r8/internal/Sc1 done
Event: 566.527 loading class com/android/tools/r8/internal/ac1
Event: 566.527 loading class com/android/tools/r8/internal/ac1 done
Event: 566.529 loading class com/android/tools/r8/graph/P0
Event: 566.529 loading class com/android/tools/r8/graph/P0 done
Event: 566.530 loading class com/android/tools/r8/graph/D2
Event: 566.530 loading class com/android/tools/r8/graph/D2 done
Event: 566.530 loading class com/android/tools/r8/internal/Yb1
Event: 566.530 loading class com/android/tools/r8/internal/Yb1 done
Event: 566.531 loading class com/android/tools/r8/internal/dc1
Event: 566.531 loading class com/android/tools/r8/internal/dc1 done
Event: 566.536 loading class com/android/tools/r8/internal/GP0
Event: 566.536 loading class com/android/tools/r8/internal/GP0 done


Dynamic libraries:
0x00007ff757dc0000 - 0x00007ff757dca000 	C:\Program Files\Android\Android Studio\jre\bin\java.exe
0x00007ffcd8090000 - 0x00007ffcd8285000 	C:\Windows\SYSTEM32\ntdll.dll
0x00007ffcd7e60000 - 0x00007ffcd7f1e000 	C:\Windows\System32\KERNEL32.DLL
0x00007ffcd5ae0000 - 0x00007ffcd5da8000 	C:\Windows\System32\KERNELBASE.dll
0x00007ffcd5db0000 - 0x00007ffcd5eb0000 	C:\Windows\System32\ucrtbase.dll
0x00007ffccc960000 - 0x00007ffccc979000 	C:\Program Files\Android\Android Studio\jre\bin\jli.dll
0x00007ffccca60000 - 0x00007ffccca77000 	C:\Program Files\Android\Android Studio\jre\bin\VCRUNTIME140.dll
0x00007ffcd60d0000 - 0x00007ffcd6271000 	C:\Windows\System32\USER32.dll
0x00007ffcd5890000 - 0x00007ffcd58b2000 	C:\Windows\System32\win32u.dll
0x00007ffcd6280000 - 0x00007ffcd62ab000 	C:\Windows\System32\GDI32.dll
0x00007ffcd5970000 - 0x00007ffcd5a7d000 	C:\Windows\System32\gdi32full.dll
0x00007ffcd57a0000 - 0x00007ffcd583d000 	C:\Windows\System32\msvcp_win.dll
0x00007ffcc9ff0000 - 0x00007ffcca28a000 	C:\Windows\WinSxS\amd64_microsoft.windows.common-controls_6595b64144ccf1df_6.0.19041.1110_none_60b5254171f9507e\COMCTL32.dll
0x00007ffcd6440000 - 0x00007ffcd64de000 	C:\Windows\System32\msvcrt.dll
0x00007ffcd64e0000 - 0x00007ffcd6510000 	C:\Windows\System32\IMM32.DLL
0x00007ffcbdcd0000 - 0x00007ffcbdd6d000 	C:\Program Files\Android\Android Studio\jre\bin\msvcp140.dll
0x00007ffca59a0000 - 0x00007ffca6475000 	C:\Program Files\Android\Android Studio\jre\bin\server\jvm.dll
0x00007ffcd6390000 - 0x00007ffcd643c000 	C:\Windows\System32\ADVAPI32.dll
0x00007ffcd7310000 - 0x00007ffcd73ab000 	C:\Windows\System32\sechost.dll
0x00007ffcd7070000 - 0x00007ffcd719a000 	C:\Windows\System32\RPCRT4.dll
0x00007ffcd6510000 - 0x00007ffcd6518000 	C:\Windows\System32\PSAPI.DLL
0x00007ffcbf8c0000 - 0x00007ffcbf8c9000 	C:\Windows\SYSTEM32\WSOCK32.dll
0x00007ffcd6520000 - 0x00007ffcd658b000 	C:\Windows\System32\WS2_32.dll
0x00007ffcc8420000 - 0x00007ffcc8447000 	C:\Windows\SYSTEM32\WINMM.dll
0x00007ffccba90000 - 0x00007ffccba9a000 	C:\Windows\SYSTEM32\VERSION.dll
0x00007ffcd3840000 - 0x00007ffcd3852000 	C:\Windows\SYSTEM32\kernel.appcore.dll
0x00007ffca5980000 - 0x00007ffca5991000 	C:\Program Files\Android\Android Studio\jre\bin\verify.dll
0x00007ffcc1b30000 - 0x00007ffcc1d14000 	C:\Windows\SYSTEM32\DBGHELP.DLL
0x00007ffcc1b00000 - 0x00007ffcc1b2c000 	C:\Windows\SYSTEM32\dbgcore.DLL
0x00007ffcd6010000 - 0x00007ffcd6092000 	C:\Windows\System32\bcryptPrimitives.dll
0x00007ffca5950000 - 0x00007ffca5979000 	C:\Program Files\Android\Android Studio\jre\bin\java.dll
0x00007ffcba150000 - 0x00007ffcba15b000 	C:\Program Files\Android\Android Studio\jre\bin\jimage.dll
0x00007ffca5930000 - 0x00007ffca5948000 	C:\Program Files\Android\Android Studio\jre\bin\zip.dll
0x00007ffcd7600000 - 0x00007ffcd7d44000 	C:\Windows\System32\SHELL32.dll
0x00007ffcd3a40000 - 0x00007ffcd41d4000 	C:\Windows\SYSTEM32\windows.storage.dll
0x00007ffcd6740000 - 0x00007ffcd6a95000 	C:\Windows\System32\combase.dll
0x00007ffcd5120000 - 0x00007ffcd514e000 	C:\Windows\SYSTEM32\Wldp.dll
0x00007ffcd7550000 - 0x00007ffcd75fd000 	C:\Windows\System32\SHCORE.dll
0x00007ffcd7200000 - 0x00007ffcd7255000 	C:\Windows\System32\shlwapi.dll
0x00007ffcd56e0000 - 0x00007ffcd56ff000 	C:\Windows\SYSTEM32\profapi.dll
0x00007ffca5910000 - 0x00007ffca592a000 	C:\Program Files\Android\Android Studio\jre\bin\net.dll
0x00007ffccdf00000 - 0x00007ffcce00c000 	C:\Windows\SYSTEM32\WINHTTP.dll
0x00007ffcd4e80000 - 0x00007ffcd4eea000 	C:\Windows\system32\mswsock.dll
0x00007ffca58f0000 - 0x00007ffca5904000 	C:\Program Files\Android\Android Studio\jre\bin\nio.dll
0x00007ffcc31a0000 - 0x00007ffcc31c7000 	C:\Users\Admin\.gradle\native\e1d6ef7f7dcc3fd88c89a11ec53ec762bb8ba0a96d01ffa2cd45eb1d1d8dd5c5\windows-amd64\native-platform.dll
0x00007ffcbd150000 - 0x00007ffcbd294000 	C:\Users\Admin\.gradle\native\5664cfc778a61ccfe75a443a1ab52a65af34e5dc3c78e0209fed803814484fcb\windows-amd64\native-platform-file-events.dll
0x00007ffca7680000 - 0x00007ffca768a000 	C:\Program Files\Android\Android Studio\jre\bin\management.dll
0x00007ffca72e0000 - 0x00007ffca72ed000 	C:\Program Files\Android\Android Studio\jre\bin\management_ext.dll
0x00007ffcd5080000 - 0x00007ffcd5098000 	C:\Windows\SYSTEM32\CRYPTSP.dll
0x00007ffcd49b0000 - 0x00007ffcd49e4000 	C:\Windows\system32\rsaenh.dll
0x00007ffcd60a0000 - 0x00007ffcd60c7000 	C:\Windows\System32\bcrypt.dll
0x00007ffcd56a0000 - 0x00007ffcd56ce000 	C:\Windows\SYSTEM32\USERENV.dll
0x00007ffcd5070000 - 0x00007ffcd507c000 	C:\Windows\SYSTEM32\CRYPTBASE.dll
0x00007ffcd4b70000 - 0x00007ffcd4bab000 	C:\Windows\SYSTEM32\IPHLPAPI.DLL
0x00007ffcd7f20000 - 0x00007ffcd7f28000 	C:\Windows\System32\NSI.dll
0x00007ffccf830000 - 0x00007ffccf847000 	C:\Windows\SYSTEM32\dhcpcsvc6.DLL
0x00007ffccf7c0000 - 0x00007ffccf7dd000 	C:\Windows\SYSTEM32\dhcpcsvc.DLL
0x00007ffcd4bb0000 - 0x00007ffcd4c7b000 	C:\Windows\SYSTEM32\DNSAPI.dll
0x00007ffcd4640000 - 0x00007ffcd4673000 	C:\Windows\SYSTEM32\ntmarta.dll

dbghelp: loaded successfully - version: 4.0.5 - missing functions: none
symbol engine: initialized successfully - sym options: 0x614 - pdb path: .;C:\Program Files\Android\Android Studio\jre\bin;C:\Windows\SYSTEM32;C:\Windows\WinSxS\amd64_microsoft.windows.common-controls_6595b64144ccf1df_6.0.19041.1110_none_60b5254171f9507e;C:\Program Files\Android\Android Studio\jre\bin\server;C:\Users\Admin\.gradle\native\e1d6ef7f7dcc3fd88c89a11ec53ec762bb8ba0a96d01ffa2cd45eb1d1d8dd5c5\windows-amd64;C:\Users\Admin\.gradle\native\5664cfc778a61ccfe75a443a1ab52a65af34e5dc3c78e0209fed803814484fcb\windows-amd64

VM Arguments:
jvm_args: --add-opens=java.base/java.util=ALL-UNNAMED --add-opens=java.base/java.lang=ALL-UNNAMED --add-opens=java.base/java.lang.invoke=ALL-UNNAMED --add-opens=java.base/java.util=ALL-UNNAMED --add-opens=java.prefs/java.util.prefs=ALL-UNNAMED --add-opens=java.prefs/java.util.prefs=ALL-UNNAMED --add-opens=java.base/java.nio.charset=ALL-UNNAMED --add-opens=java.base/java.net=ALL-UNNAMED --add-opens=java.base/java.util.concurrent.atomic=ALL-UNNAMED -Xmx2048m -Dfile.encoding=UTF-8 -Duser.country=US -Duser.language=en -Duser.variant 
java_command: org.gradle.launcher.daemon.bootstrap.GradleDaemon 7.2
java_class_path (initial): C:\Users\Admin\.gradle\wrapper\dists\gradle-7.2-bin\2dnblmf4td7x66yl1d74lt32g\gradle-7.2\lib\gradle-launcher-7.2.jar
Launcher Type: SUN_STANDARD

[Global flags]
     intx CICompilerCount                          = 3                                         {product} {ergonomic}
     uint ConcGCThreads                            = 1                                         {product} {ergonomic}
     uint G1ConcRefinementThreads                  = 4                                         {product} {ergonomic}
   size_t G1HeapRegionSize                         = 1048576                                   {product} {ergonomic}
    uintx GCDrainStackTargetSize                   = 64                                        {product} {ergonomic}
   size_t InitialHeapSize                          = 67108864                                  {product} {ergonomic}
   size_t MarkStackSize                            = 4194304                                   {product} {ergonomic}
   size_t MaxHeapSize                              = 2147483648                                {product} {command line}
   size_t MaxNewSize                               = 1287651328                                {product} {ergonomic}
   size_t MinHeapDeltaBytes                        = 1048576                                   {product} {ergonomic}
    uintx NonNMethodCodeHeapSize                   = 5830732                                {pd product} {ergonomic}
    uintx NonProfiledCodeHeapSize                  = 122913754                              {pd product} {ergonomic}
    uintx ProfiledCodeHeapSize                     = 122913754                              {pd product} {ergonomic}
    uintx ReservedCodeCacheSize                    = 251658240                              {pd product} {ergonomic}
     bool SegmentedCodeCache                       = true                                      {product} {ergonomic}
     bool UseCompressedClassPointers               = true                                 {lp64_product} {ergonomic}
     bool UseCompressedOops                        = true                                 {lp64_product} {ergonomic}
     bool UseG1GC                                  = true                                      {product} {ergonomic}
     bool UseLargePagesIndividualAllocation        = false                                  {pd product} {ergonomic}

Logging:
Log output configuration:
 #0: stdout all=warning uptime,level,tags
 #1: stderr all=off uptime,level,tags

Environment Variables:
PATH=C:\Program Files (x86)\Common Files\Oracle\Java\javapath;C:\Program Files (x86)\VMware\VMware Player\bin\;C:\Windows\system32;C:\Windows;C:\Windows\System32\Wbem;C:\Windows\System32\WindowsPowerShell\v1.0\;C:\Windows\System32\OpenSSH\;C:\Program Files\dotnet\;C:\Users\Admin\AppData\Local\Microsoft\WindowsApps;C:\Users\Admin\.dotnet\tools
USERNAME=Admin
OS=Windows_NT
PROCESSOR_IDENTIFIER=Intel64 Family 6 Model 42 Stepping 7, GenuineIntel



---------------  S Y S T E M  ---------------

OS: Windows 10 , 64 bit Build 19041 (10.0.19041.1348)
OS uptime: 0 days 2:53 hours

CPU:total 4 (initial active 4) (2 cores per cpu, 2 threads per core) family 6 model 42 stepping 7 microcode 0x2f, cmov, cx8, fxsr, mmx, sse, sse2, sse3, ssse3, sse4.1, sse4.2, popcnt, avx, clmul, ht, tsc, tscinvbit

Memory: 4k page, system-wide physical 4004M (163M free)
TotalPageFile size 4004M (AvailPageFile size 3M)
current process WorkingSet (physical memory assigned to process): 197M, peak: 499M
current process commit charge ("private bytes"): 634M, peak: 639M

vm_info: OpenJDK 64-Bit Server VM (11.0.11+9-b60-7590822) for windows-amd64 JRE (11.0.11+9-b60-7590822), built on Jul 29 2021 21:43:44 by "builder" with MS VC++ 14.0 (VS2015)

END.
