#
# There is insufficient memory for the Java Runtime Environment to continue.
# Native memory allocation (mmap) failed to map 168820736 bytes for Failed to commit area from 0x0000000093200000 to 0x000000009d300000 of length 168820736.
# Possible reasons:
#   The system is out of physical RAM or swap space
#   The process is running with CompressedOops enabled, and the Java Heap may be blocking the growth of the native heap
# Possible solutions:
#   Reduce memory load on the system
#   Increase physical memory or swap space
#   Check if swap backing store is full
#   Decrease Java heap size (-Xmx/-Xms)
#   Decrease number of Java threads
#   Decrease Java thread stack sizes (-Xss)
#   Set larger code cache with -XX:ReservedCodeCacheSize=
#   JVM is running with Unscaled Compressed Oops mode in which the Java heap is
#     placed in the first 4GB address space. The Java Heap base address is the
#     maximum limit for the native heap growth. Please use -XX:HeapBaseMinAddress
#     to set the Java Heap base and to place the Java Heap above 4GB virtual address.
# This output file may be truncated or incomplete.
#
#  Out of Memory Error (./src/hotspot/os/windows/os_windows.cpp:3301), pid=2760, tid=3828
#
# JRE version: OpenJDK Runtime Environment (11.0.11+9) (build 11.0.11+9-b60-7590822)
# Java VM: OpenJDK 64-Bit Server VM (11.0.11+9-b60-7590822, mixed mode, tiered, compressed oops, g1 gc, windows-amd64)
# No core dump will be written. Minidumps are not enabled by default on client versions of Windows
#

---------------  S U M M A R Y ------------

Command Line: --add-opens=java.base/java.util=ALL-UNNAMED --add-opens=java.base/java.lang=ALL-UNNAMED --add-opens=java.base/java.lang.invoke=ALL-UNNAMED --add-opens=java.base/java.util=ALL-UNNAMED --add-opens=java.prefs/java.util.prefs=ALL-UNNAMED --add-opens=java.prefs/java.util.prefs=ALL-UNNAMED --add-opens=java.base/java.nio.charset=ALL-UNNAMED --add-opens=java.base/java.net=ALL-UNNAMED --add-opens=java.base/java.util.concurrent.atomic=ALL-UNNAMED -Xmx2048m -Dfile.encoding=UTF-8 -Duser.country=US -Duser.language=en -Duser.variant org.gradle.launcher.daemon.bootstrap.GradleDaemon 7.2

Host: Intel(R) Core(TM) i3-2330M CPU @ 2.20GHz, 4 cores, 3G,  Windows 10 , 64 bit Build 19041 (10.0.19041.1348)
Time: Sun May  1 14:01:29 2022 SE Asia Standard Time elapsed time: 34.622308 seconds (0d 0h 0m 34s)

---------------  T H R E A D  ---------------

Current thread (0x000002077eee5000):  VMThread "VM Thread" [stack: 0x000000ff1ab00000,0x000000ff1ac00000] [id=3828]

Stack: [0x000000ff1ab00000,0x000000ff1ac00000]
[error occurred during error reporting (printing stack bounds), id 0xc0000005, EXCEPTION_ACCESS_VIOLATION (0xc0000005) at pc=0x0000020703a20f2d]

Native frames: (J=compiled Java code, j=interpreted, Vv=VM code, C=native code)
V  [jvm.dll+0x5f214a]
V  [jvm.dll+0x726fb5]
V  [jvm.dll+0x7285cd]
V  [jvm.dll+0x728be5]
V  [jvm.dll+0x728b9b]
V  [jvm.dll+0x5f14e8]
V  [jvm.dll+0x5f1c78]
C  [ntdll.dll+0xa20cf]
C  [ntdll.dll+0x51454]
C  [ntdll.dll+0xa0bfe]
C  0x0000020703a20f2d

VM_Operation (0x000000ff20cfd720): G1CollectForAllocation, mode: safepoint, requested by thread 0x000002071dc88000


---------------  P R O C E S S  ---------------

Threads class SMR info:
_java_thread_list=0x000002071d912af0, length=96, elements={
0x000002077bdcd800, 0x000002077eeec800, 0x000002077eeef800, 0x000002077ef46800,
0x000002077ef49000, 0x000002077ef4b000, 0x000002077ef4e800, 0x000002077ef5a800,
0x000002077ef5e800, 0x000002077f9c1800, 0x0000020719790000, 0x0000020719c66000,
0x000002071942f000, 0x000002071b1c0800, 0x000002071a5e4800, 0x000002071ae41000,
0x000002071a5e5000, 0x000002071941a000, 0x000002071ae5b800, 0x0000020719413000,
0x0000020719411000, 0x0000020719411800, 0x0000020719410000, 0x0000020719412800,
0x0000020719415000, 0x0000020719415800, 0x0000020719416800, 0x000002071a25b800,
0x000002071a259000, 0x000002071a25e000, 0x000002071a25f800, 0x000002071a25d000,
0x000002071a260800, 0x000002071a263800, 0x000002071a265800, 0x000002071a267000,
0x000002071a261800, 0x000002071a262000, 0x000002071a263000, 0x000002071d6d7000,
0x000002071d6db000, 0x000002071d6dd800, 0x000002071d6dc000, 0x000002071d6dc800,
0x000002071d6d8000, 0x000002071d6de800, 0x000002071d6d8800, 0x000002071d6d9800,
0x000002071d6da800, 0x000002071d6e2800, 0x000002071d6e3800, 0x000002071d6e1000,
0x000002071d6e0000, 0x000002071d6e1800, 0x000002071d6e4000, 0x000002071d6df000,
0x000002071d6e5000, 0x000002071d6e5800, 0x000002071ba60800, 0x000002071ba61800,
0x000002071ba62000, 0x000002071ba5e000, 0x000002071ba5c800, 0x000002071ba5f000,
0x000002071ba60000, 0x000002071ba63000, 0x000002071ba5d800, 0x000002071ba65800,
0x000002071ba66800, 0x000002071ba67000, 0x000002071ba68000, 0x000002071ba68800,
0x000002071ba69800, 0x000002071ba64000, 0x000002071ba6a800, 0x000002071ba64800,
0x000002071ba6b000, 0x0000020719414000, 0x000002071dc82000, 0x000002071dc83800,
0x000002071dc80800, 0x000002071dc7e000, 0x000002071dc7f000, 0x000002071dc84800,
0x000002071dc83000, 0x000002071dc85800, 0x000002071dc81800, 0x000002071dc7f800,
0x000002071dc8c000, 0x000002071dc87000, 0x000002071dc86000, 0x000002071dc8a800,
0x000002071dc8c800, 0x000002071dc88000, 0x000002071dc8b000, 0x000002071dc88800
}

Java Threads: ( => current thread )
  0x000002077bdcd800 JavaThread "main" [_thread_blocked, id=4468, stack(0x000000ff1a500000,0x000000ff1a600000)]
  0x000002077eeec800 JavaThread "Reference Handler" daemon [_thread_blocked, id=5976, stack(0x000000ff1ac00000,0x000000ff1ad00000)]
  0x000002077eeef800 JavaThread "Finalizer" daemon [_thread_blocked, id=4620, stack(0x000000ff1ad00000,0x000000ff1ae00000)]
  0x000002077ef46800 JavaThread "Signal Dispatcher" daemon [_thread_blocked, id=3668, stack(0x000000ff1ae00000,0x000000ff1af00000)]
  0x000002077ef49000 JavaThread "Attach Listener" daemon [_thread_blocked, id=5388, stack(0x000000ff1af00000,0x000000ff1b000000)]
  0x000002077ef4b000 JavaThread "Service Thread" daemon [_thread_blocked, id=2664, stack(0x000000ff1b000000,0x000000ff1b100000)]
  0x000002077ef4e800 JavaThread "C2 CompilerThread0" daemon [_thread_blocked, id=6132, stack(0x000000ff1b100000,0x000000ff1b200000)]
  0x000002077ef5a800 JavaThread "C1 CompilerThread0" daemon [_thread_blocked, id=5300, stack(0x000000ff1b200000,0x000000ff1b300000)]
  0x000002077ef5e800 JavaThread "Sweeper thread" daemon [_thread_blocked, id=2160, stack(0x000000ff1b300000,0x000000ff1b400000)]
  0x000002077f9c1800 JavaThread "Common-Cleaner" daemon [_thread_blocked, id=3320, stack(0x000000ff1b400000,0x000000ff1b500000)]
  0x0000020719790000 JavaThread "Daemon health stats" [_thread_blocked, id=6008, stack(0x000000ff1b700000,0x000000ff1b800000)]
  0x0000020719c66000 JavaThread "Incoming local TCP Connector on port 54543" [_thread_in_native, id=5816, stack(0x000000ff1b800000,0x000000ff1b900000)]
  0x000002071942f000 JavaThread "Daemon periodic checks" [_thread_blocked, id=5336, stack(0x000000ff1ba00000,0x000000ff1bb00000)]
  0x000002071b1c0800 JavaThread "Daemon" [_thread_blocked, id=4920, stack(0x000000ff1bb00000,0x000000ff1bc00000)]
  0x000002071a5e4800 JavaThread "Handler for socket connection from /127.0.0.1:54543 to /127.0.0.1:54544" [_thread_in_native, id=6088, stack(0x000000ff1bc00000,0x000000ff1bd00000)]
  0x000002071ae41000 JavaThread "Cancel handler" [_thread_blocked, id=1520, stack(0x000000ff1bd00000,0x000000ff1be00000)]
  0x000002071a5e5000 JavaThread "Daemon worker" [_thread_blocked, id=1556, stack(0x000000ff1be00000,0x000000ff1bf00000)]
  0x000002071941a000 JavaThread "Asynchronous log dispatcher for DefaultDaemonConnection: socket connection from /127.0.0.1:54543 to /127.0.0.1:54544" [_thread_blocked, id=288, stack(0x000000ff1bf00000,0x000000ff1c000000)]
  0x000002071ae5b800 JavaThread "Stdin handler" [_thread_blocked, id=5724, stack(0x000000ff1c000000,0x000000ff1c100000)]
  0x0000020719413000 JavaThread "Daemon client event forwarder" [_thread_blocked, id=4072, stack(0x000000ff1c100000,0x000000ff1c200000)]
  0x0000020719411000 JavaThread "Cache worker for journal cache (C:\Users\Admin\.gradle\caches\journal-1)" [_thread_blocked, id=4704, stack(0x000000ff1b900000,0x000000ff1ba00000)]
  0x0000020719411800 JavaThread "File lock request listener" [_thread_in_native, id=876, stack(0x000000ff1c400000,0x000000ff1c500000)]
  0x0000020719410000 JavaThread "Cache worker for file hash cache (C:\Users\Admin\.gradle\caches\7.2\fileHashes)" [_thread_blocked, id=5284, stack(0x000000ff1c500000,0x000000ff1c600000)]
  0x0000020719412800 JavaThread "Cache worker for file hash cache (C:\Users\Admin\AndroidStudioProjects\ModerArtUI\.gradle\7.2\fileHashes)" [_thread_blocked, id=600, stack(0x000000ff1c600000,0x000000ff1c700000)]
  0x0000020719415000 JavaThread "File watcher server" daemon [_thread_blocked, id=5672, stack(0x000000ff1c800000,0x000000ff1c900000)]
  0x0000020719415800 JavaThread "File watcher consumer" daemon [_thread_blocked, id=3824, stack(0x000000ff1c900000,0x000000ff1ca00000)]
  0x0000020719416800 JavaThread "Cache worker for checksums cache (C:\Users\Admin\AndroidStudioProjects\ModerArtUI\.gradle\checksums)" [_thread_blocked, id=2896, stack(0x000000ff1ca00000,0x000000ff1cb00000)]
  0x000002071a25b800 JavaThread "Cache worker for cache directory md-supplier (C:\Users\Admin\.gradle\caches\7.2\md-supplier)" [_thread_blocked, id=4632, stack(0x000000ff1cb00000,0x000000ff1cc00000)]
  0x000002071a259000 JavaThread "Cache worker for cache directory md-rule (C:\Users\Admin\.gradle\caches\7.2\md-rule)" [_thread_blocked, id=1708, stack(0x000000ff1cc00000,0x000000ff1cd00000)]
  0x000002071a25e000 JavaThread "Cache worker for execution history cache (C:\Users\Admin\.gradle\caches\7.2\executionHistory)" [_thread_blocked, id=660, stack(0x000000ff1cd00000,0x000000ff1ce00000)]
  0x000002071a25f800 JavaThread "jar transforms" [_thread_blocked, id=2552, stack(0x000000ff1ce00000,0x000000ff1cf00000)]
  0x000002071a25d000 JavaThread "Cache worker for file content cache (C:\Users\Admin\.gradle\caches\7.2\fileContent)" [_thread_blocked, id=6092, stack(0x000000ff1cf00000,0x000000ff1d000000)]
  0x000002071a260800 JavaThread "jar transforms Thread 2" [_thread_blocked, id=2036, stack(0x000000ff1d000000,0x000000ff1d100000)]
  0x000002071a263800 JavaThread "Cache worker for dependencies-accessors (C:\Users\Admin\AndroidStudioProjects\ModerArtUI\.gradle\7.2\dependencies-accessors)" [_thread_blocked, id=716, stack(0x000000ff1d100000,0x000000ff1d200000)]
  0x000002071a265800 JavaThread "jar transforms Thread 3" [_thread_blocked, id=4836, stack(0x000000ff1d200000,0x000000ff1d300000)]
  0x000002071a267000 JavaThread "Cache worker for Build Output Cleanup Cache (C:\Users\Admin\AndroidStudioProjects\ModerArtUI\.gradle\buildOutputCleanup)" [_thread_blocked, id=2168, stack(0x000000ff1d300000,0x000000ff1d400000)]
  0x000002071a261800 JavaThread "Unconstrained build operations" [_thread_blocked, id=4272, stack(0x000000ff1d400000,0x000000ff1d500000)]
  0x000002071a262000 JavaThread "Unconstrained build operations Thread 2" [_thread_blocked, id=748, stack(0x000000ff1d500000,0x000000ff1d600000)]
  0x000002071a263000 JavaThread "Unconstrained build operations Thread 3" [_thread_blocked, id=460, stack(0x000000ff1d600000,0x000000ff1d700000)]
  0x000002071d6d7000 JavaThread "Unconstrained build operations Thread 4" [_thread_blocked, id=4056, stack(0x000000ff1d700000,0x000000ff1d800000)]
  0x000002071d6db000 JavaThread "Unconstrained build operations Thread 5" [_thread_blocked, id=2816, stack(0x000000ff1d800000,0x000000ff1d900000)]
  0x000002071d6dd800 JavaThread "Unconstrained build operations Thread 6" [_thread_blocked, id=5216, stack(0x000000ff1d900000,0x000000ff1da00000)]
  0x000002071d6dc000 JavaThread "Unconstrained build operations Thread 7" [_thread_blocked, id=5240, stack(0x000000ff1da00000,0x000000ff1db00000)]
  0x000002071d6dc800 JavaThread "Unconstrained build operations Thread 8" [_thread_blocked, id=1932, stack(0x000000ff1db00000,0x000000ff1dc00000)]
  0x000002071d6d8000 JavaThread "Unconstrained build operations Thread 9" [_thread_blocked, id=1808, stack(0x000000ff1dc00000,0x000000ff1dd00000)]
  0x000002071d6de800 JavaThread "Unconstrained build operations Thread 10" [_thread_blocked, id=2060, stack(0x000000ff1dd00000,0x000000ff1de00000)]
  0x000002071d6d8800 JavaThread "Unconstrained build operations Thread 11" [_thread_blocked, id=5164, stack(0x000000ff1de00000,0x000000ff1df00000)]
  0x000002071d6d9800 JavaThread "Unconstrained build operations Thread 12" [_thread_blocked, id=2704, stack(0x000000ff1df00000,0x000000ff1e000000)]
  0x000002071d6da800 JavaThread "Unconstrained build operations Thread 13" [_thread_blocked, id=4384, stack(0x000000ff1e000000,0x000000ff1e100000)]
  0x000002071d6e2800 JavaThread "Unconstrained build operations Thread 14" [_thread_blocked, id=6000, stack(0x000000ff1e100000,0x000000ff1e200000)]
  0x000002071d6e3800 JavaThread "Unconstrained build operations Thread 15" [_thread_blocked, id=5988, stack(0x000000ff1e200000,0x000000ff1e300000)]
  0x000002071d6e1000 JavaThread "Unconstrained build operations Thread 16" [_thread_blocked, id=1188, stack(0x000000ff1e300000,0x000000ff1e400000)]
  0x000002071d6e0000 JavaThread "Unconstrained build operations Thread 17" [_thread_blocked, id=2072, stack(0x000000ff1e400000,0x000000ff1e500000)]
  0x000002071d6e1800 JavaThread "Unconstrained build operations Thread 18" [_thread_blocked, id=5660, stack(0x000000ff1e500000,0x000000ff1e600000)]
  0x000002071d6e4000 JavaThread "Unconstrained build operations Thread 19" [_thread_blocked, id=4720, stack(0x000000ff1e600000,0x000000ff1e700000)]
  0x000002071d6df000 JavaThread "Unconstrained build operations Thread 20" [_thread_blocked, id=2916, stack(0x000000ff1e700000,0x000000ff1e800000)]
  0x000002071d6e5000 JavaThread "Unconstrained build operations Thread 21" [_thread_blocked, id=32, stack(0x000000ff1e800000,0x000000ff1e900000)]
  0x000002071d6e5800 JavaThread "Unconstrained build operations Thread 22" [_thread_blocked, id=5224, stack(0x000000ff1e900000,0x000000ff1ea00000)]
  0x000002071ba60800 JavaThread "Unconstrained build operations Thread 23" [_thread_blocked, id=3780, stack(0x000000ff1ea00000,0x000000ff1eb00000)]
  0x000002071ba61800 JavaThread "Unconstrained build operations Thread 24" [_thread_blocked, id=4020, stack(0x000000ff1eb00000,0x000000ff1ec00000)]
  0x000002071ba62000 JavaThread "Unconstrained build operations Thread 25" [_thread_blocked, id=5124, stack(0x000000ff1ec00000,0x000000ff1ed00000)]
  0x000002071ba5e000 JavaThread "Unconstrained build operations Thread 26" [_thread_blocked, id=4388, stack(0x000000ff1ed00000,0x000000ff1ee00000)]
  0x000002071ba5c800 JavaThread "Unconstrained build operations Thread 27" [_thread_blocked, id=6108, stack(0x000000ff1ee00000,0x000000ff1ef00000)]
  0x000002071ba5f000 JavaThread "Unconstrained build operations Thread 28" [_thread_blocked, id=2584, stack(0x000000ff1ef00000,0x000000ff1f000000)]
  0x000002071ba60000 JavaThread "Unconstrained build operations Thread 29" [_thread_blocked, id=5580, stack(0x000000ff1f000000,0x000000ff1f100000)]
  0x000002071ba63000 JavaThread "Unconstrained build operations Thread 30" [_thread_blocked, id=4716, stack(0x000000ff1f100000,0x000000ff1f200000)]
  0x000002071ba5d800 JavaThread "Unconstrained build operations Thread 31" [_thread_blocked, id=4348, stack(0x000000ff1f200000,0x000000ff1f300000)]
  0x000002071ba65800 JavaThread "Unconstrained build operations Thread 32" [_thread_blocked, id=3584, stack(0x000000ff1f300000,0x000000ff1f400000)]
  0x000002071ba66800 JavaThread "Unconstrained build operations Thread 33" [_thread_blocked, id=2092, stack(0x000000ff1f400000,0x000000ff1f500000)]
  0x000002071ba67000 JavaThread "Unconstrained build operations Thread 34" [_thread_blocked, id=872, stack(0x000000ff1f500000,0x000000ff1f600000)]
  0x000002071ba68000 JavaThread "Unconstrained build operations Thread 35" [_thread_blocked, id=1724, stack(0x000000ff1f600000,0x000000ff1f700000)]
  0x000002071ba68800 JavaThread "Unconstrained build operations Thread 36" [_thread_blocked, id=1104, stack(0x000000ff1f700000,0x000000ff1f800000)]
  0x000002071ba69800 JavaThread "Unconstrained build operations Thread 37" [_thread_blocked, id=1856, stack(0x000000ff1f800000,0x000000ff1f900000)]
  0x000002071ba64000 JavaThread "Unconstrained build operations Thread 38" [_thread_blocked, id=5548, stack(0x000000ff1f900000,0x000000ff1fa00000)]
  0x000002071ba6a800 JavaThread "Unconstrained build operations Thread 39" [_thread_blocked, id=5368, stack(0x000000ff1fa00000,0x000000ff1fb00000)]
  0x000002071ba64800 JavaThread "Unconstrained build operations Thread 40" [_thread_blocked, id=5424, stack(0x000000ff1fb00000,0x000000ff1fc00000)]
  0x000002071ba6b000 JavaThread "jar transforms Thread 4" [_thread_blocked, id=4576, stack(0x000000ff1fc00000,0x000000ff1fd00000)]
  0x0000020719414000 JavaThread "Memory manager" [_thread_blocked, id=3844, stack(0x000000ff1c700000,0x000000ff1c800000)]
  0x000002071dc82000 JavaThread "build event listener" [_thread_blocked, id=3972, stack(0x000000ff1fd00000,0x000000ff1fe00000)]
  0x000002071dc83800 JavaThread "pool-3-thread-1" [_thread_blocked, id=3908, stack(0x000000ff1fe00000,0x000000ff1ff00000)]
  0x000002071dc80800 JavaThread "build event listener" [_thread_blocked, id=4048, stack(0x000000ff1ff00000,0x000000ff20000000)]
  0x000002071dc7e000 JavaThread "Execution worker for ':'" [_thread_blocked, id=2892, stack(0x000000ff20000000,0x000000ff20100000)]
  0x000002071dc7f000 JavaThread "Execution worker for ':' Thread 2" [_thread_blocked, id=3892, stack(0x000000ff20100000,0x000000ff20200000)]
  0x000002071dc84800 JavaThread "Execution worker for ':' Thread 3" [_thread_blocked, id=5380, stack(0x000000ff20200000,0x000000ff20300000)]
  0x000002071dc83000 JavaThread "Cache worker for execution history cache (C:\Users\Admin\AndroidStudioProjects\ModerArtUI\.gradle\7.2\executionHistory)" [_thread_blocked, id=976, stack(0x000000ff20300000,0x000000ff20400000)]
  0x000002071dc85800 JavaThread "WorkerExecutor Queue" [_thread_blocked, id=5772, stack(0x000000ff20400000,0x000000ff20500000)]
  0x000002071dc81800 JavaThread "WorkerExecutor Queue Thread 2" [_thread_blocked, id=3416, stack(0x000000ff20500000,0x000000ff20600000)]
  0x000002071dc7f800 JavaThread "WorkerExecutor Queue Thread 3" [_thread_blocked, id=5180, stack(0x000000ff20600000,0x000000ff20700000)]
  0x000002071dc8c000 JavaThread "WorkerExecutor Queue Thread 4" [_thread_blocked, id=1644, stack(0x000000ff20700000,0x000000ff20800000)]
  0x000002071dc87000 JavaThread "pool-4-thread-1" [_thread_blocked, id=1948, stack(0x000000ff20800000,0x000000ff20900000)]
  0x000002071dc86000 JavaThread "stderr" [_thread_in_native, id=5616, stack(0x000000ff20900000,0x000000ff20a00000)]
  0x000002071dc8a800 JavaThread "stdout" [_thread_in_native, id=1544, stack(0x000000ff20a00000,0x000000ff20b00000)]
  0x000002071dc8c800 JavaThread "ForkJoinPool-1-worker-3" daemon [_thread_blocked, id=5540, stack(0x000000ff20b00000,0x000000ff20c00000)]
  0x000002071dc88000 JavaThread "ForkJoinPool-1-worker-5" daemon [_thread_blocked, id=4052, stack(0x000000ff20c00000,0x000000ff20d00000)]
  0x000002071dc8b000 JavaThread "ForkJoinPool-1-worker-7" daemon [_thread_blocked, id=1940, stack(0x000000ff20d00000,0x000000ff20e00000)]
  0x000002071dc88800 JavaThread "ForkJoinPool-1-worker-1" daemon [_thread_blocked, id=4260, stack(0x000000ff20e00000,0x000000ff20f00000)]

Other Threads:
=>0x000002077eee5000 VMThread "VM Thread" [stack: 0x000000ff1ab00000,0x000000ff1ac00000] [id=3828]
  0x000002077f9d4800 WatcherThread [stack: 0x000000ff1b500000,0x000000ff1b600000] [id=1812]
  0x000002077bde5000 GCTaskThread "GC Thread#0" [stack: 0x000000ff1a600000,0x000000ff1a700000] [id=4472]
  0x0000020718cce000 GCTaskThread "GC Thread#1" [stack: 0x000000ff1b600000,0x000000ff1b700000] [id=1648]
  0x000002077fa7f800 GCTaskThread "GC Thread#2" [stack: 0x000000ff1c200000,0x000000ff1c300000] [id=2420]
  0x000002077fb3b800 GCTaskThread "GC Thread#3" [stack: 0x000000ff1c300000,0x000000ff1c400000] [id=3132]
  0x000002077be17800 ConcurrentGCThread "G1 Main Marker" [stack: 0x000000ff1a700000,0x000000ff1a800000] [id=4980]
  0x000002077be1a800 ConcurrentGCThread "G1 Conc#0" [stack: 0x000000ff1a800000,0x000000ff1a900000] [id=4252]
  0x000002077be73000 ConcurrentGCThread "G1 Refine#0" [stack: 0x000000ff1a900000,0x000000ff1aa00000] [id=5796]
  0x000002071a781000 ConcurrentGCThread "G1 Refine#1" [stack: 0x000000ff20f00000,0x000000ff21000000] [id=5168]
  0x000002077be74000 ConcurrentGCThread "G1 Young RemSet Sampling" [stack: 0x000000ff1aa00000,0x000000ff1ab00000] [id=2840]

Threads with active compile tasks:
C2 CompilerThread0  34678 12006       4       com.android.tools.r8.graph.L0::a (56 bytes)

VM state:at safepoint (normal execution)

VM Mutex/Monitor currently owned by a thread:  ([mutex/lock_event])
[0x000002077bdc82e0] Threads_lock - owner thread: 0x000002077eee5000
[0x000002077bdc92a0] Heap_lock - owner thread: 0x000002071dc88000

Heap address: 0x0000000080000000, size: 2048 MB, Compressed Oops mode: 32-bit
Narrow klass base: 0x0000000000000000, Narrow klass shift: 3
Compressed class space size: 1073741824 Address: 0x0000000100000000

Heap:
 garbage-first heap   total 478208K, used 170088K [0x0000000080000000, 0x0000000100000000)
  region size 1024K, 6 young (6144K), 6 survivors (6144K)
 Metaspace       used 98432K, capacity 100953K, committed 101340K, reserved 1136640K
  class space    used 12844K, capacity 13823K, committed 13952K, reserved 1048576K
Heap Regions: E=young(eden), S=young(survivor), O=old, HS=humongous(starts), HC=humongous(continues), CS=collection set, F=free, A=archive, TAMS=top-at-mark-start (previous, next)
|   0|0x0000000080000000, 0x0000000080100000, 0x0000000080100000|100%| O|  |TAMS 0x0000000080100000, 0x0000000080000000| Updating 
|   1|0x0000000080100000, 0x0000000080200000, 0x0000000080200000|100%| O|  |TAMS 0x0000000080200000, 0x0000000080100000| Updating 
|   2|0x0000000080200000, 0x0000000080300000, 0x0000000080300000|100%| O|  |TAMS 0x0000000080300000, 0x0000000080200000| Updating 
|   3|0x0000000080300000, 0x0000000080400000, 0x0000000080400000|100%|HS|  |TAMS 0x0000000080400000, 0x0000000080300000| Complete 
|   4|0x0000000080400000, 0x0000000080500000, 0x0000000080500000|100%|HC|  |TAMS 0x0000000080500000, 0x0000000080400000| Complete 
|   5|0x0000000080500000, 0x0000000080600000, 0x0000000080600000|100%|HC|  |TAMS 0x0000000080600000, 0x0000000080500000| Complete 
|   6|0x0000000080600000, 0x0000000080700000, 0x0000000080700000|100%| O|  |TAMS 0x0000000080700000, 0x0000000080600000| Updating 
|   7|0x0000000080700000, 0x0000000080800000, 0x0000000080800000|100%| O|  |TAMS 0x0000000080800000, 0x0000000080700000| Updating 
|   8|0x0000000080800000, 0x0000000080900000, 0x0000000080900000|100%| O|  |TAMS 0x0000000080900000, 0x0000000080800000| Updating 
|   9|0x0000000080900000, 0x0000000080a00000, 0x0000000080a00000|100%| O|  |TAMS 0x0000000080a00000, 0x0000000080900000| Updating 
|  10|0x0000000080a00000, 0x0000000080b00000, 0x0000000080b00000|100%| O|  |TAMS 0x0000000080b00000, 0x0000000080a00000| Updating 
|  11|0x0000000080b00000, 0x0000000080c00000, 0x0000000080c00000|100%| O|  |TAMS 0x0000000080c00000, 0x0000000080b00000| Updating 
|  12|0x0000000080c00000, 0x0000000080d00000, 0x0000000080d00000|100%| O|  |TAMS 0x0000000080d00000, 0x0000000080c00000| Updating 
|  13|0x0000000080d00000, 0x0000000080e00000, 0x0000000080e00000|100%| O|  |TAMS 0x0000000080e00000, 0x0000000080d00000| Updating 
|  14|0x0000000080e00000, 0x0000000080f00000, 0x0000000080f00000|100%| O|  |TAMS 0x0000000080f00000, 0x0000000080e00000| Updating 
|  15|0x0000000080f00000, 0x0000000081000000, 0x0000000081000000|100%| O|  |TAMS 0x0000000081000000, 0x0000000080f00000| Updating 
|  16|0x0000000081000000, 0x0000000081100000, 0x0000000081100000|100%| O|  |TAMS 0x0000000081100000, 0x0000000081000000| Updating 
|  17|0x0000000081100000, 0x0000000081200000, 0x0000000081200000|100%| O|  |TAMS 0x0000000081200000, 0x0000000081100000| Updating 
|  18|0x0000000081200000, 0x0000000081300000, 0x0000000081300000|100%| O|  |TAMS 0x0000000081300000, 0x0000000081200000| Updating 
|  19|0x0000000081300000, 0x0000000081400000, 0x0000000081400000|100%| O|  |TAMS 0x0000000081400000, 0x0000000081300000| Updating 
|  20|0x0000000081400000, 0x0000000081500000, 0x0000000081500000|100%| O|  |TAMS 0x0000000081500000, 0x0000000081400000| Updating 
|  21|0x0000000081500000, 0x0000000081600000, 0x0000000081600000|100%| O|  |TAMS 0x0000000081600000, 0x0000000081500000| Updating 
|  22|0x0000000081600000, 0x0000000081700000, 0x0000000081700000|100%| O|  |TAMS 0x0000000081700000, 0x0000000081600000| Updating 
|  23|0x0000000081700000, 0x0000000081800000, 0x0000000081800000|100%| O|  |TAMS 0x0000000081800000, 0x0000000081700000| Updating 
|  24|0x0000000081800000, 0x0000000081900000, 0x0000000081900000|100%| O|  |TAMS 0x0000000081900000, 0x0000000081800000| Updating 
|  25|0x0000000081900000, 0x0000000081a00000, 0x0000000081a00000|100%| O|  |TAMS 0x0000000081a00000, 0x0000000081900000| Updating 
|  26|0x0000000081a00000, 0x0000000081b00000, 0x0000000081b00000|100%| O|  |TAMS 0x0000000081b00000, 0x0000000081a00000| Updating 
|  27|0x0000000081b00000, 0x0000000081c00000, 0x0000000081c00000|100%| O|  |TAMS 0x0000000081c00000, 0x0000000081b00000| Updating 
|  28|0x0000000081c00000, 0x0000000081d00000, 0x0000000081d00000|100%|HS|  |TAMS 0x0000000081d00000, 0x0000000081c00000| Complete 
|  29|0x0000000081d00000, 0x0000000081e00000, 0x0000000081e00000|100%|HS|  |TAMS 0x0000000081e00000, 0x0000000081d00000| Complete 
|  30|0x0000000081e00000, 0x0000000081f00000, 0x0000000081f00000|100%|HS|  |TAMS 0x0000000081f00000, 0x0000000081e00000| Complete 
|  31|0x0000000081f00000, 0x0000000082000000, 0x0000000082000000|100%| O|  |TAMS 0x0000000082000000, 0x0000000081f00000| Updating 
|  32|0x0000000082000000, 0x0000000082100000, 0x0000000082100000|100%|HS|  |TAMS 0x0000000082100000, 0x0000000082000000| Complete 
|  33|0x0000000082100000, 0x0000000082200000, 0x0000000082200000|100%|HC|  |TAMS 0x0000000082200000, 0x0000000082100000| Complete 
|  34|0x0000000082200000, 0x0000000082300000, 0x0000000082300000|100%| O|  |TAMS 0x0000000082300000, 0x0000000082200000| Updating 
|  35|0x0000000082300000, 0x0000000082400000, 0x0000000082400000|100%| O|  |TAMS 0x0000000082400000, 0x0000000082300000| Updating 
|  36|0x0000000082400000, 0x0000000082500000, 0x0000000082500000|100%| O|  |TAMS 0x0000000082500000, 0x0000000082400000| Updating 
|  37|0x0000000082500000, 0x0000000082600000, 0x0000000082600000|100%| O|  |TAMS 0x0000000082600000, 0x0000000082500000| Updating 
|  38|0x0000000082600000, 0x0000000082700000, 0x0000000082700000|100%| O|  |TAMS 0x0000000082700000, 0x0000000082600000| Updating 
|  39|0x0000000082700000, 0x0000000082800000, 0x0000000082800000|100%| O|  |TAMS 0x0000000082800000, 0x0000000082700000| Updating 
|  40|0x0000000082800000, 0x0000000082900000, 0x0000000082900000|100%| O|  |TAMS 0x0000000082900000, 0x0000000082800000| Updating 
|  41|0x0000000082900000, 0x0000000082a00000, 0x0000000082a00000|100%| O|  |TAMS 0x0000000082a00000, 0x0000000082900000| Updating 
|  42|0x0000000082a00000, 0x0000000082b00000, 0x0000000082b00000|100%| O|  |TAMS 0x0000000082b00000, 0x0000000082a00000| Updating 
|  43|0x0000000082b00000, 0x0000000082c00000, 0x0000000082c00000|100%| O|  |TAMS 0x0000000082c00000, 0x0000000082b00000| Updating 
|  44|0x0000000082c00000, 0x0000000082d00000, 0x0000000082d00000|100%| O|  |TAMS 0x0000000082d00000, 0x0000000082c00000| Updating 
|  45|0x0000000082d00000, 0x0000000082e00000, 0x0000000082e00000|100%| O|  |TAMS 0x0000000082e00000, 0x0000000082d00000| Updating 
|  46|0x0000000082e00000, 0x0000000082f00000, 0x0000000082f00000|100%| O|  |TAMS 0x0000000082f00000, 0x0000000082e00000| Updating 
|  47|0x0000000082f00000, 0x0000000083000000, 0x0000000083000000|100%| O|  |TAMS 0x0000000083000000, 0x0000000082f00000| Updating 
|  48|0x0000000083000000, 0x0000000083100000, 0x0000000083100000|100%| O|  |TAMS 0x0000000083100000, 0x0000000083000000| Updating 
|  49|0x0000000083100000, 0x0000000083200000, 0x0000000083200000|100%| O|  |TAMS 0x0000000083200000, 0x0000000083100000| Updating 
|  50|0x0000000083200000, 0x0000000083300000, 0x0000000083300000|100%| O|  |TAMS 0x0000000083300000, 0x0000000083200000| Updating 
|  51|0x0000000083300000, 0x0000000083400000, 0x0000000083400000|100%| O|  |TAMS 0x0000000083400000, 0x0000000083300000| Updating 
|  52|0x0000000083400000, 0x0000000083500000, 0x0000000083500000|100%| O|  |TAMS 0x0000000083500000, 0x0000000083400000| Updating 
|  53|0x0000000083500000, 0x0000000083600000, 0x0000000083600000|100%| O|  |TAMS 0x0000000083600000, 0x0000000083500000| Updating 
|  54|0x0000000083600000, 0x0000000083700000, 0x0000000083700000|100%| O|  |TAMS 0x0000000083700000, 0x0000000083600000| Updating 
|  55|0x0000000083700000, 0x0000000083800000, 0x0000000083800000|100%| O|  |TAMS 0x0000000083800000, 0x0000000083700000| Updating 
|  56|0x0000000083800000, 0x0000000083900000, 0x0000000083900000|100%| O|  |TAMS 0x0000000083900000, 0x0000000083800000| Updating 
|  57|0x0000000083900000, 0x0000000083a00000, 0x0000000083a00000|100%| O|  |TAMS 0x0000000083a00000, 0x0000000083900000| Updating 
|  58|0x0000000083a00000, 0x0000000083b00000, 0x0000000083b00000|100%| O|  |TAMS 0x0000000083b00000, 0x0000000083a00000| Updating 
|  59|0x0000000083b00000, 0x0000000083c00000, 0x0000000083c00000|100%| O|  |TAMS 0x0000000083c00000, 0x0000000083b00000| Updating 
|  60|0x0000000083c00000, 0x0000000083d00000, 0x0000000083d00000|100%| O|  |TAMS 0x0000000083d00000, 0x0000000083c00000| Updating 
|  61|0x0000000083d00000, 0x0000000083e00000, 0x0000000083e00000|100%| O|  |TAMS 0x0000000083e00000, 0x0000000083d00000| Updating 
|  62|0x0000000083e00000, 0x0000000083f00000, 0x0000000083f00000|100%| O|  |TAMS 0x0000000083f00000, 0x0000000083e00000| Updating 
|  63|0x0000000083f00000, 0x0000000084000000, 0x0000000084000000|100%| O|  |TAMS 0x0000000084000000, 0x0000000083f00000| Updating 
|  64|0x0000000084000000, 0x0000000084100000, 0x0000000084100000|100%| O|  |TAMS 0x0000000084100000, 0x0000000084000000| Updating 
|  65|0x0000000084100000, 0x0000000084200000, 0x0000000084200000|100%| O|  |TAMS 0x0000000084200000, 0x0000000084100000| Updating 
|  66|0x0000000084200000, 0x0000000084300000, 0x0000000084300000|100%| O|  |TAMS 0x0000000084300000, 0x0000000084200000| Updating 
|  67|0x0000000084300000, 0x0000000084400000, 0x0000000084400000|100%| O|  |TAMS 0x0000000084400000, 0x0000000084300000| Updating 
|  68|0x0000000084400000, 0x0000000084500000, 0x0000000084500000|100%| O|  |TAMS 0x0000000084500000, 0x0000000084400000| Updating 
|  69|0x0000000084500000, 0x0000000084600000, 0x0000000084600000|100%| O|  |TAMS 0x0000000084600000, 0x0000000084500000| Updating 
|  70|0x0000000084600000, 0x0000000084700000, 0x0000000084700000|100%| O|  |TAMS 0x0000000084700000, 0x0000000084600000| Updating 
|  71|0x0000000084700000, 0x0000000084800000, 0x0000000084800000|100%|HS|  |TAMS 0x0000000084800000, 0x0000000084700000| Complete 
|  72|0x0000000084800000, 0x0000000084900000, 0x0000000084900000|100%|HC|  |TAMS 0x0000000084900000, 0x0000000084800000| Complete 
|  73|0x0000000084900000, 0x0000000084a00000, 0x0000000084a00000|100%| O|  |TAMS 0x0000000084a00000, 0x0000000084900000| Updating 
|  74|0x0000000084a00000, 0x0000000084b00000, 0x0000000084b00000|100%| O|  |TAMS 0x0000000084b00000, 0x0000000084a00000| Updating 
|  75|0x0000000084b00000, 0x0000000084c00000, 0x0000000084c00000|100%| O|  |TAMS 0x0000000084c00000, 0x0000000084b00000| Updating 
|  76|0x0000000084c00000, 0x0000000084d00000, 0x0000000084d00000|100%|HS|  |TAMS 0x0000000084d00000, 0x0000000084c00000| Complete 
|  77|0x0000000084d00000, 0x0000000084e00000, 0x0000000084e00000|100%|HS|  |TAMS 0x0000000084e00000, 0x0000000084d00000| Complete 
|  78|0x0000000084e00000, 0x0000000084f00000, 0x0000000084f00000|100%|HS|  |TAMS 0x0000000084f00000, 0x0000000084e00000| Complete 
|  79|0x0000000084f00000, 0x0000000085000000, 0x0000000085000000|100%| O|  |TAMS 0x0000000085000000, 0x0000000084f00000| Updating 
|  80|0x0000000085000000, 0x0000000085100000, 0x0000000085100000|100%| O|  |TAMS 0x0000000085100000, 0x0000000085000000| Updating 
|  81|0x0000000085100000, 0x0000000085200000, 0x0000000085200000|100%| O|  |TAMS 0x0000000085200000, 0x0000000085100000| Updating 
|  82|0x0000000085200000, 0x0000000085300000, 0x0000000085300000|100%| O|  |TAMS 0x0000000085300000, 0x0000000085200000| Updating 
|  83|0x0000000085300000, 0x0000000085400000, 0x0000000085400000|100%| O|  |TAMS 0x0000000085400000, 0x0000000085300000| Updating 
|  84|0x0000000085400000, 0x0000000085500000, 0x0000000085500000|100%|HS|  |TAMS 0x0000000085500000, 0x0000000085400000| Complete 
|  85|0x0000000085500000, 0x0000000085600000, 0x0000000085600000|100%|HS|  |TAMS 0x0000000085600000, 0x0000000085500000| Complete 
|  86|0x0000000085600000, 0x0000000085700000, 0x0000000085700000|100%| O|  |TAMS 0x0000000085700000, 0x0000000085600000| Updating 
|  87|0x0000000085700000, 0x0000000085800000, 0x0000000085800000|100%|HS|  |TAMS 0x0000000085800000, 0x0000000085700000| Complete 
|  88|0x0000000085800000, 0x0000000085900000, 0x0000000085900000|100%| O|  |TAMS 0x0000000085900000, 0x0000000085800000| Updating 
|  89|0x0000000085900000, 0x0000000085a00000, 0x0000000085a00000|100%|HS|  |TAMS 0x0000000085a00000, 0x0000000085900000| Complete 
|  90|0x0000000085a00000, 0x0000000085b00000, 0x0000000085b00000|100%| O|  |TAMS 0x0000000085b00000, 0x0000000085a00000| Updating 
|  91|0x0000000085b00000, 0x0000000085c00000, 0x0000000085c00000|100%| O|  |TAMS 0x0000000085c00000, 0x0000000085b00000| Updating 
|  92|0x0000000085c00000, 0x0000000085d00000, 0x0000000085d00000|100%| O|  |TAMS 0x0000000085d00000, 0x0000000085c00000| Updating 
|  93|0x0000000085d00000, 0x0000000085e00000, 0x0000000085e00000|100%| O|  |TAMS 0x0000000085e00000, 0x0000000085d00000| Updating 
|  94|0x0000000085e00000, 0x0000000085f00000, 0x0000000085f00000|100%| O|  |TAMS 0x0000000085f00000, 0x0000000085e00000| Updating 
|  95|0x0000000085f00000, 0x0000000086000000, 0x0000000086000000|100%| O|  |TAMS 0x0000000086000000, 0x0000000085f00000| Updating 
|  96|0x0000000086000000, 0x0000000086100000, 0x0000000086100000|100%| O|  |TAMS 0x0000000086100000, 0x0000000086000000| Updating 
|  97|0x0000000086100000, 0x0000000086200000, 0x0000000086200000|100%| O|  |TAMS 0x0000000086200000, 0x0000000086100000| Updating 
|  98|0x0000000086200000, 0x0000000086300000, 0x0000000086300000|100%| O|  |TAMS 0x0000000086300000, 0x0000000086200000| Updating 
|  99|0x0000000086300000, 0x0000000086400000, 0x0000000086400000|100%| O|  |TAMS 0x0000000086400000, 0x0000000086300000| Updating 
| 100|0x0000000086400000, 0x0000000086500000, 0x0000000086500000|100%| O|  |TAMS 0x0000000086500000, 0x0000000086400000| Updating 
| 101|0x0000000086500000, 0x0000000086600000, 0x0000000086600000|100%| O|  |TAMS 0x0000000086600000, 0x0000000086500000| Updating 
| 102|0x0000000086600000, 0x0000000086700000, 0x0000000086700000|100%| O|  |TAMS 0x0000000086700000, 0x0000000086600000| Updating 
| 103|0x0000000086700000, 0x0000000086800000, 0x0000000086800000|100%| O|  |TAMS 0x0000000086800000, 0x0000000086700000| Updating 
| 104|0x0000000086800000, 0x0000000086900000, 0x0000000086900000|100%| O|  |TAMS 0x0000000086900000, 0x0000000086800000| Updating 
| 105|0x0000000086900000, 0x0000000086a00000, 0x0000000086a00000|100%| O|  |TAMS 0x0000000086a00000, 0x0000000086900000| Updating 
| 106|0x0000000086a00000, 0x0000000086b00000, 0x0000000086b00000|100%| O|  |TAMS 0x0000000086b00000, 0x0000000086a00000| Updating 
| 107|0x0000000086b00000, 0x0000000086c00000, 0x0000000086c00000|100%| O|  |TAMS 0x0000000086c00000, 0x0000000086b00000| Updating 
| 108|0x0000000086c00000, 0x0000000086d00000, 0x0000000086d00000|100%| O|  |TAMS 0x0000000086d00000, 0x0000000086c00000| Updating 
| 109|0x0000000086d00000, 0x0000000086e00000, 0x0000000086e00000|100%| O|  |TAMS 0x0000000086e00000, 0x0000000086d00000| Updating 
| 110|0x0000000086e00000, 0x0000000086f00000, 0x0000000086f00000|100%| O|  |TAMS 0x0000000086f00000, 0x0000000086e00000| Updating 
| 111|0x0000000086f00000, 0x0000000087000000, 0x0000000087000000|100%| O|  |TAMS 0x0000000087000000, 0x0000000086f00000| Updating 
| 112|0x0000000087000000, 0x0000000087100000, 0x0000000087100000|100%| O|  |TAMS 0x0000000087100000, 0x0000000087000000| Updating 
| 113|0x0000000087100000, 0x0000000087200000, 0x0000000087200000|100%| O|  |TAMS 0x0000000087200000, 0x0000000087100000| Updating 
| 114|0x0000000087200000, 0x0000000087300000, 0x0000000087300000|100%| O|  |TAMS 0x0000000087300000, 0x0000000087200000| Updating 
| 115|0x0000000087300000, 0x0000000087400000, 0x0000000087400000|100%| O|  |TAMS 0x0000000087400000, 0x0000000087300000| Updating 
| 116|0x0000000087400000, 0x0000000087500000, 0x0000000087500000|100%| O|  |TAMS 0x0000000087500000, 0x0000000087400000| Updating 
| 117|0x0000000087500000, 0x0000000087600000, 0x0000000087600000|100%| O|  |TAMS 0x0000000087600000, 0x0000000087500000| Updating 
| 118|0x0000000087600000, 0x0000000087700000, 0x0000000087700000|100%| O|  |TAMS 0x0000000087700000, 0x0000000087600000| Updating 
| 119|0x0000000087700000, 0x0000000087800000, 0x0000000087800000|100%| O|  |TAMS 0x0000000087800000, 0x0000000087700000| Updating 
| 120|0x0000000087800000, 0x0000000087900000, 0x0000000087900000|100%| O|  |TAMS 0x0000000087900000, 0x0000000087800000| Updating 
| 121|0x0000000087900000, 0x0000000087a00000, 0x0000000087a00000|100%| O|  |TAMS 0x0000000087a00000, 0x0000000087900000| Updating 
| 122|0x0000000087a00000, 0x0000000087b00000, 0x0000000087b00000|100%| O|  |TAMS 0x0000000087b00000, 0x0000000087a00000| Updating 
| 123|0x0000000087b00000, 0x0000000087c00000, 0x0000000087c00000|100%| O|  |TAMS 0x0000000087c00000, 0x0000000087b00000| Updating 
| 124|0x0000000087c00000, 0x0000000087d00000, 0x0000000087d00000|100%| O|  |TAMS 0x0000000087d00000, 0x0000000087c00000| Updating 
| 125|0x0000000087d00000, 0x0000000087e00000, 0x0000000087e00000|100%| O|  |TAMS 0x0000000087e00000, 0x0000000087d00000| Updating 
| 126|0x0000000087e00000, 0x0000000087f00000, 0x0000000087f00000|100%| O|  |TAMS 0x0000000087f00000, 0x0000000087e00000| Updating 
| 127|0x0000000087f00000, 0x0000000088000000, 0x0000000088000000|100%| O|  |TAMS 0x0000000088000000, 0x0000000087f00000| Updating 
| 128|0x0000000088000000, 0x0000000088100000, 0x0000000088100000|100%| O|  |TAMS 0x0000000088100000, 0x0000000088000000| Updating 
| 129|0x0000000088100000, 0x0000000088200000, 0x0000000088200000|100%| O|  |TAMS 0x0000000088200000, 0x0000000088100000| Updating 
| 130|0x0000000088200000, 0x0000000088300000, 0x0000000088300000|100%| O|  |TAMS 0x0000000088300000, 0x0000000088200000| Updating 
| 131|0x0000000088300000, 0x0000000088400000, 0x0000000088400000|100%| O|  |TAMS 0x0000000088400000, 0x0000000088300000| Updating 
| 132|0x0000000088400000, 0x0000000088500000, 0x0000000088500000|100%| O|  |TAMS 0x0000000088500000, 0x0000000088400000| Updating 
| 133|0x0000000088500000, 0x0000000088600000, 0x0000000088600000|100%| O|  |TAMS 0x0000000088600000, 0x0000000088500000| Updating 
| 134|0x0000000088600000, 0x0000000088700000, 0x0000000088700000|100%| O|  |TAMS 0x0000000088700000, 0x0000000088600000| Updating 
| 135|0x0000000088700000, 0x0000000088800000, 0x0000000088800000|100%| O|  |TAMS 0x0000000088800000, 0x0000000088700000| Updating 
| 136|0x0000000088800000, 0x0000000088900000, 0x0000000088900000|100%| O|  |TAMS 0x0000000088900000, 0x0000000088800000| Updating 
| 137|0x0000000088900000, 0x0000000088a00000, 0x0000000088a00000|100%|HS|  |TAMS 0x0000000088a00000, 0x0000000088900000| Complete 
| 138|0x0000000088a00000, 0x0000000088b00000, 0x0000000088b00000|100%|HS|  |TAMS 0x0000000088b00000, 0x0000000088a00000| Complete 
| 139|0x0000000088b00000, 0x0000000088c00000, 0x0000000088c00000|100%| O|  |TAMS 0x0000000088c00000, 0x0000000088b00000| Updating 
| 140|0x0000000088c00000, 0x0000000088d00000, 0x0000000088d00000|100%| O|  |TAMS 0x0000000088d00000, 0x0000000088c00000| Updating 
| 141|0x0000000088d00000, 0x0000000088e00000, 0x0000000088e00000|100%| O|  |TAMS 0x0000000088e00000, 0x0000000088d00000| Updating 
| 142|0x0000000088e00000, 0x0000000088f00000, 0x0000000088f00000|100%| O|  |TAMS 0x0000000088f00000, 0x0000000088e00000| Updating 
| 143|0x0000000088f00000, 0x0000000089000000, 0x0000000089000000|100%| O|  |TAMS 0x0000000089000000, 0x0000000088f00000| Updating 
| 144|0x0000000089000000, 0x0000000089100000, 0x0000000089100000|100%| O|  |TAMS 0x0000000089100000, 0x0000000089000000| Updating 
| 145|0x0000000089100000, 0x0000000089200000, 0x0000000089200000|100%| O|  |TAMS 0x0000000089200000, 0x0000000089100000| Updating 
| 146|0x0000000089200000, 0x0000000089300000, 0x0000000089300000|100%| O|  |TAMS 0x0000000089300000, 0x0000000089200000| Updating 
| 147|0x0000000089300000, 0x0000000089400000, 0x0000000089400000|100%| O|  |TAMS 0x0000000089400000, 0x0000000089300000| Updating 
| 148|0x0000000089400000, 0x0000000089500000, 0x0000000089500000|100%| O|  |TAMS 0x00000000894f4000, 0x0000000089400000| Updating 
| 149|0x0000000089500000, 0x0000000089600000, 0x0000000089600000|100%|HS|  |TAMS 0x0000000089500000, 0x0000000089500000| Complete 
| 150|0x0000000089600000, 0x0000000089700000, 0x0000000089700000|100%|HS|  |TAMS 0x0000000089600000, 0x0000000089600000| Complete 
| 151|0x0000000089700000, 0x0000000089800000, 0x0000000089800000|100%|HC|  |TAMS 0x0000000089700000, 0x0000000089700000| Complete 
| 152|0x0000000089800000, 0x0000000089900000, 0x0000000089900000|100%|HC|  |TAMS 0x0000000089800000, 0x0000000089800000| Complete 
| 153|0x0000000089900000, 0x0000000089a00000, 0x0000000089a00000|100%|HC|  |TAMS 0x0000000089900000, 0x0000000089900000| Complete 
| 154|0x0000000089a00000, 0x0000000089b00000, 0x0000000089b00000|100%|HC|  |TAMS 0x0000000089a00000, 0x0000000089a00000| Complete 
| 155|0x0000000089b00000, 0x0000000089c00000, 0x0000000089c00000|100%|HC|  |TAMS 0x0000000089b00000, 0x0000000089b00000| Complete 
| 156|0x0000000089c00000, 0x0000000089d00000, 0x0000000089d00000|100%| O|  |TAMS 0x0000000089c00000, 0x0000000089c00000| Untracked 
| 157|0x0000000089d00000, 0x0000000089e00000, 0x0000000089e00000|100%| O|  |TAMS 0x0000000089d00000, 0x0000000089d00000| Untracked 
| 158|0x0000000089e00000, 0x0000000089f00000, 0x0000000089f00000|100%| O|  |TAMS 0x0000000089e00000, 0x0000000089e00000| Untracked 
| 159|0x0000000089f00000, 0x000000008a000000, 0x000000008a000000|100%| O|  |TAMS 0x0000000089f00000, 0x0000000089f00000| Untracked 
| 160|0x000000008a000000, 0x000000008a04f200, 0x000000008a100000| 30%| O|  |TAMS 0x000000008a000000, 0x000000008a000000| Untracked 
| 161|0x000000008a100000, 0x000000008a100000, 0x000000008a200000|  0%| F|  |TAMS 0x000000008a100000, 0x000000008a100000| Untracked 
| 162|0x000000008a200000, 0x000000008a200000, 0x000000008a300000|  0%| F|  |TAMS 0x000000008a200000, 0x000000008a200000| Untracked 
| 163|0x000000008a300000, 0x000000008a300000, 0x000000008a400000|  0%| F|  |TAMS 0x000000008a300000, 0x000000008a300000| Untracked 
| 164|0x000000008a400000, 0x000000008a400000, 0x000000008a500000|  0%| F|  |TAMS 0x000000008a400000, 0x000000008a400000| Untracked 
| 165|0x000000008a500000, 0x000000008a500000, 0x000000008a600000|  0%| F|  |TAMS 0x000000008a500000, 0x000000008a500000| Untracked 
| 166|0x000000008a600000, 0x000000008a600000, 0x000000008a700000|  0%| F|  |TAMS 0x000000008a600000, 0x000000008a600000| Untracked 
| 167|0x000000008a700000, 0x000000008a700000, 0x000000008a800000|  0%| F|  |TAMS 0x000000008a700000, 0x000000008a700000| Untracked 
| 168|0x000000008a800000, 0x000000008a800000, 0x000000008a900000|  0%| F|  |TAMS 0x000000008a800000, 0x000000008a800000| Untracked 
| 169|0x000000008a900000, 0x000000008a900000, 0x000000008aa00000|  0%| F|  |TAMS 0x000000008a900000, 0x000000008a900000| Untracked 
| 170|0x000000008aa00000, 0x000000008aa00000, 0x000000008ab00000|  0%| F|  |TAMS 0x000000008aa00000, 0x000000008aa00000| Untracked 
| 171|0x000000008ab00000, 0x000000008ab00000, 0x000000008ac00000|  0%| F|  |TAMS 0x000000008ab00000, 0x000000008ab00000| Untracked 
| 172|0x000000008ac00000, 0x000000008ac00000, 0x000000008ad00000|  0%| F|  |TAMS 0x000000008ac00000, 0x000000008ac00000| Untracked 
| 173|0x000000008ad00000, 0x000000008ad00000, 0x000000008ae00000|  0%| F|  |TAMS 0x000000008ad00000, 0x000000008ad00000| Untracked 
| 174|0x000000008ae00000, 0x000000008ae00000, 0x000000008af00000|  0%| F|  |TAMS 0x000000008ae00000, 0x000000008ae00000| Untracked 
| 175|0x000000008af00000, 0x000000008af00000, 0x000000008b000000|  0%| F|  |TAMS 0x000000008af00000, 0x000000008af00000| Untracked 
| 176|0x000000008b000000, 0x000000008b000000, 0x000000008b100000|  0%| F|  |TAMS 0x000000008b000000, 0x000000008b000000| Untracked 
| 177|0x000000008b100000, 0x000000008b100000, 0x000000008b200000|  0%| F|  |TAMS 0x000000008b100000, 0x000000008b100000| Untracked 
| 178|0x000000008b200000, 0x000000008b200000, 0x000000008b300000|  0%| F|  |TAMS 0x000000008b200000, 0x000000008b200000| Untracked 
| 179|0x000000008b300000, 0x000000008b300000, 0x000000008b400000|  0%| F|  |TAMS 0x000000008b300000, 0x000000008b300000| Untracked 
| 180|0x000000008b400000, 0x000000008b400000, 0x000000008b500000|  0%| F|  |TAMS 0x000000008b400000, 0x000000008b400000| Untracked 
| 181|0x000000008b500000, 0x000000008b500000, 0x000000008b600000|  0%| F|  |TAMS 0x000000008b500000, 0x000000008b500000| Untracked 
| 182|0x000000008b600000, 0x000000008b600000, 0x000000008b700000|  0%| F|  |TAMS 0x000000008b600000, 0x000000008b600000| Untracked 
| 183|0x000000008b700000, 0x000000008b700000, 0x000000008b800000|  0%| F|  |TAMS 0x000000008b700000, 0x000000008b700000| Untracked 
| 184|0x000000008b800000, 0x000000008b800000, 0x000000008b900000|  0%| F|  |TAMS 0x000000008b800000, 0x000000008b800000| Untracked 
| 185|0x000000008b900000, 0x000000008b900000, 0x000000008ba00000|  0%| F|  |TAMS 0x000000008b900000, 0x000000008b900000| Untracked 
| 186|0x000000008ba00000, 0x000000008ba00000, 0x000000008bb00000|  0%| F|  |TAMS 0x000000008ba00000, 0x000000008ba00000| Untracked 
| 187|0x000000008bb00000, 0x000000008bb00000, 0x000000008bc00000|  0%| F|  |TAMS 0x000000008bb00000, 0x000000008bb00000| Untracked 
| 188|0x000000008bc00000, 0x000000008bc00000, 0x000000008bd00000|  0%| F|  |TAMS 0x000000008bc00000, 0x000000008bc00000| Untracked 
| 189|0x000000008bd00000, 0x000000008bd00000, 0x000000008be00000|  0%| F|  |TAMS 0x000000008bd00000, 0x000000008bd00000| Untracked 
| 190|0x000000008be00000, 0x000000008be00000, 0x000000008bf00000|  0%| F|  |TAMS 0x000000008be00000, 0x000000008be00000| Untracked 
| 191|0x000000008bf00000, 0x000000008bf00000, 0x000000008c000000|  0%| F|  |TAMS 0x000000008bf00000, 0x000000008bf00000| Untracked 
| 192|0x000000008c000000, 0x000000008c000000, 0x000000008c100000|  0%| F|  |TAMS 0x000000008c000000, 0x000000008c000000| Untracked 
| 193|0x000000008c100000, 0x000000008c100000, 0x000000008c200000|  0%| F|  |TAMS 0x000000008c100000, 0x000000008c100000| Untracked 
| 194|0x000000008c200000, 0x000000008c200000, 0x000000008c300000|  0%| F|  |TAMS 0x000000008c200000, 0x000000008c200000| Untracked 
| 195|0x000000008c300000, 0x000000008c300000, 0x000000008c400000|  0%| F|  |TAMS 0x000000008c300000, 0x000000008c300000| Untracked 
| 196|0x000000008c400000, 0x000000008c400000, 0x000000008c500000|  0%| F|  |TAMS 0x000000008c400000, 0x000000008c400000| Untracked 
| 197|0x000000008c500000, 0x000000008c500000, 0x000000008c600000|  0%| F|  |TAMS 0x000000008c500000, 0x000000008c500000| Untracked 
| 198|0x000000008c600000, 0x000000008c600000, 0x000000008c700000|  0%| F|  |TAMS 0x000000008c600000, 0x000000008c600000| Untracked 
| 199|0x000000008c700000, 0x000000008c700000, 0x000000008c800000|  0%| F|  |TAMS 0x000000008c700000, 0x000000008c700000| Untracked 
| 200|0x000000008c800000, 0x000000008c800000, 0x000000008c900000|  0%| F|  |TAMS 0x000000008c800000, 0x000000008c800000| Untracked 
| 201|0x000000008c900000, 0x000000008c900000, 0x000000008ca00000|  0%| F|  |TAMS 0x000000008c900000, 0x000000008c900000| Untracked 
| 202|0x000000008ca00000, 0x000000008ca00000, 0x000000008cb00000|  0%| F|  |TAMS 0x000000008ca00000, 0x000000008ca00000| Untracked 
| 203|0x000000008cb00000, 0x000000008cb00000, 0x000000008cc00000|  0%| F|  |TAMS 0x000000008cb00000, 0x000000008cb00000| Untracked 
| 204|0x000000008cc00000, 0x000000008cc00000, 0x000000008cd00000|  0%| F|  |TAMS 0x000000008cc00000, 0x000000008cc00000| Untracked 
| 205|0x000000008cd00000, 0x000000008cd00000, 0x000000008ce00000|  0%| F|  |TAMS 0x000000008cd00000, 0x000000008cd00000| Untracked 
| 206|0x000000008ce00000, 0x000000008ce00000, 0x000000008cf00000|  0%| F|  |TAMS 0x000000008ce00000, 0x000000008ce00000| Untracked 
| 207|0x000000008cf00000, 0x000000008cf00000, 0x000000008d000000|  0%| F|  |TAMS 0x000000008cf00000, 0x000000008cf00000| Untracked 
| 208|0x000000008d000000, 0x000000008d000000, 0x000000008d100000|  0%| F|  |TAMS 0x000000008d000000, 0x000000008d000000| Untracked 
| 209|0x000000008d100000, 0x000000008d100000, 0x000000008d200000|  0%| F|  |TAMS 0x000000008d100000, 0x000000008d100000| Untracked 
| 210|0x000000008d200000, 0x000000008d200000, 0x000000008d300000|  0%| F|  |TAMS 0x000000008d200000, 0x000000008d200000| Untracked 
| 211|0x000000008d300000, 0x000000008d300000, 0x000000008d400000|  0%| F|  |TAMS 0x000000008d300000, 0x000000008d300000| Untracked 
| 212|0x000000008d400000, 0x000000008d400000, 0x000000008d500000|  0%| F|  |TAMS 0x000000008d400000, 0x000000008d400000| Untracked 
| 213|0x000000008d500000, 0x000000008d500000, 0x000000008d600000|  0%| F|  |TAMS 0x000000008d500000, 0x000000008d500000| Untracked 
| 214|0x000000008d600000, 0x000000008d600000, 0x000000008d700000|  0%| F|  |TAMS 0x000000008d600000, 0x000000008d600000| Untracked 
| 215|0x000000008d700000, 0x000000008d700000, 0x000000008d800000|  0%| F|  |TAMS 0x000000008d700000, 0x000000008d700000| Untracked 
| 216|0x000000008d800000, 0x000000008d800000, 0x000000008d900000|  0%| F|  |TAMS 0x000000008d800000, 0x000000008d800000| Untracked 
| 217|0x000000008d900000, 0x000000008d900000, 0x000000008da00000|  0%| F|  |TAMS 0x000000008d900000, 0x000000008d900000| Untracked 
| 218|0x000000008da00000, 0x000000008da00000, 0x000000008db00000|  0%| F|  |TAMS 0x000000008da00000, 0x000000008da00000| Untracked 
| 219|0x000000008db00000, 0x000000008db00000, 0x000000008dc00000|  0%| F|  |TAMS 0x000000008db00000, 0x000000008db00000| Untracked 
| 220|0x000000008dc00000, 0x000000008dc00000, 0x000000008dd00000|  0%| F|  |TAMS 0x000000008dc00000, 0x000000008dc00000| Untracked 
| 221|0x000000008dd00000, 0x000000008dd00000, 0x000000008de00000|  0%| F|  |TAMS 0x000000008dd00000, 0x000000008dd00000| Untracked 
| 222|0x000000008de00000, 0x000000008de00000, 0x000000008df00000|  0%| F|  |TAMS 0x000000008de00000, 0x000000008de00000| Untracked 
| 223|0x000000008df00000, 0x000000008df00000, 0x000000008e000000|  0%| F|  |TAMS 0x000000008df00000, 0x000000008df00000| Untracked 
| 224|0x000000008e000000, 0x000000008e000000, 0x000000008e100000|  0%| F|  |TAMS 0x000000008e000000, 0x000000008e000000| Untracked 
| 225|0x000000008e100000, 0x000000008e100000, 0x000000008e200000|  0%| F|  |TAMS 0x000000008e100000, 0x000000008e100000| Untracked 
| 226|0x000000008e200000, 0x000000008e200000, 0x000000008e300000|  0%| F|  |TAMS 0x000000008e200000, 0x000000008e200000| Untracked 
| 227|0x000000008e300000, 0x000000008e300000, 0x000000008e400000|  0%| F|  |TAMS 0x000000008e300000, 0x000000008e300000| Untracked 
| 228|0x000000008e400000, 0x000000008e400000, 0x000000008e500000|  0%| F|  |TAMS 0x000000008e400000, 0x000000008e400000| Untracked 
| 229|0x000000008e500000, 0x000000008e500000, 0x000000008e600000|  0%| F|  |TAMS 0x000000008e500000, 0x000000008e500000| Untracked 
| 230|0x000000008e600000, 0x000000008e600000, 0x000000008e700000|  0%| F|  |TAMS 0x000000008e600000, 0x000000008e600000| Untracked 
| 231|0x000000008e700000, 0x000000008e700000, 0x000000008e800000|  0%| F|  |TAMS 0x000000008e700000, 0x000000008e700000| Untracked 
| 232|0x000000008e800000, 0x000000008e800000, 0x000000008e900000|  0%| F|  |TAMS 0x000000008e800000, 0x000000008e800000| Untracked 
| 233|0x000000008e900000, 0x000000008e900000, 0x000000008ea00000|  0%| F|  |TAMS 0x000000008e900000, 0x000000008e900000| Untracked 
| 234|0x000000008ea00000, 0x000000008ea00000, 0x000000008eb00000|  0%| F|  |TAMS 0x000000008ea00000, 0x000000008ea00000| Untracked 
| 235|0x000000008eb00000, 0x000000008eb00000, 0x000000008ec00000|  0%| F|  |TAMS 0x000000008eb00000, 0x000000008eb00000| Untracked 
| 236|0x000000008ec00000, 0x000000008ec00000, 0x000000008ed00000|  0%| F|  |TAMS 0x000000008ec00000, 0x000000008ec00000| Untracked 
| 237|0x000000008ed00000, 0x000000008edcb180, 0x000000008ee00000| 79%| S|CS|TAMS 0x000000008ed00000, 0x000000008ed00000| Complete 
| 238|0x000000008ee00000, 0x000000008ef00000, 0x000000008ef00000|100%| S|CS|TAMS 0x000000008ee00000, 0x000000008ee00000| Complete 
| 239|0x000000008ef00000, 0x000000008f000000, 0x000000008f000000|100%| S|CS|TAMS 0x000000008ef00000, 0x000000008ef00000| Complete 
| 240|0x000000008f000000, 0x000000008f100000, 0x000000008f100000|100%| S|CS|TAMS 0x000000008f000000, 0x000000008f000000| Complete 
| 241|0x000000008f100000, 0x000000008f200000, 0x000000008f200000|100%| S|CS|TAMS 0x000000008f100000, 0x000000008f100000| Complete 
| 242|0x000000008f200000, 0x000000008f300000, 0x000000008f300000|100%| S|CS|TAMS 0x000000008f200000, 0x000000008f200000| Complete 
| 243|0x000000008f300000, 0x000000008f300000, 0x000000008f400000|  0%| F|  |TAMS 0x000000008f300000, 0x000000008f300000| Untracked 
| 244|0x000000008f400000, 0x000000008f400000, 0x000000008f500000|  0%| F|  |TAMS 0x000000008f400000, 0x000000008f400000| Untracked 
| 245|0x000000008f500000, 0x000000008f500000, 0x000000008f600000|  0%| F|  |TAMS 0x000000008f500000, 0x000000008f500000| Untracked 
| 246|0x000000008f600000, 0x000000008f600000, 0x000000008f700000|  0%| F|  |TAMS 0x000000008f600000, 0x000000008f600000| Untracked 
| 247|0x000000008f700000, 0x000000008f700000, 0x000000008f800000|  0%| F|  |TAMS 0x000000008f700000, 0x000000008f700000| Untracked 
| 248|0x000000008f800000, 0x000000008f800000, 0x000000008f900000|  0%| F|  |TAMS 0x000000008f800000, 0x000000008f800000| Untracked 
| 249|0x000000008f900000, 0x000000008f900000, 0x000000008fa00000|  0%| F|  |TAMS 0x000000008f900000, 0x000000008f900000| Untracked 
| 250|0x000000008fa00000, 0x000000008fa00000, 0x000000008fb00000|  0%| F|  |TAMS 0x000000008fa00000, 0x000000008fa00000| Untracked 
| 251|0x000000008fb00000, 0x000000008fb00000, 0x000000008fc00000|  0%| F|  |TAMS 0x000000008fb00000, 0x000000008fb00000| Untracked 
| 252|0x000000008fc00000, 0x000000008fc00000, 0x000000008fd00000|  0%| F|  |TAMS 0x000000008fc00000, 0x000000008fc00000| Untracked 
| 253|0x000000008fd00000, 0x000000008fd00000, 0x000000008fe00000|  0%| F|  |TAMS 0x000000008fd00000, 0x000000008fd00000| Untracked 
| 254|0x000000008fe00000, 0x000000008fe00000, 0x000000008ff00000|  0%| F|  |TAMS 0x000000008fe00000, 0x000000008fe00000| Untracked 
| 255|0x000000008ff00000, 0x000000008ff00000, 0x0000000090000000|  0%| F|  |TAMS 0x000000008ff00000, 0x000000008ff00000| Untracked 
| 256|0x0000000090000000, 0x0000000090000000, 0x0000000090100000|  0%| F|  |TAMS 0x0000000090000000, 0x0000000090000000| Untracked 
| 257|0x0000000090100000, 0x0000000090100000, 0x0000000090200000|  0%| F|  |TAMS 0x0000000090100000, 0x0000000090100000| Untracked 
| 258|0x0000000090200000, 0x0000000090200000, 0x0000000090300000|  0%| F|  |TAMS 0x0000000090200000, 0x0000000090200000| Untracked 
| 259|0x0000000090300000, 0x0000000090300000, 0x0000000090400000|  0%| F|  |TAMS 0x0000000090300000, 0x0000000090300000| Untracked 
| 260|0x0000000090400000, 0x0000000090400000, 0x0000000090500000|  0%| F|  |TAMS 0x0000000090400000, 0x0000000090400000| Untracked 
| 261|0x0000000090500000, 0x0000000090500000, 0x0000000090600000|  0%| F|  |TAMS 0x0000000090500000, 0x0000000090500000| Untracked 
| 262|0x0000000090600000, 0x0000000090600000, 0x0000000090700000|  0%| F|  |TAMS 0x0000000090600000, 0x0000000090600000| Untracked 
| 263|0x0000000090700000, 0x0000000090700000, 0x0000000090800000|  0%| F|  |TAMS 0x0000000090700000, 0x0000000090700000| Untracked 
| 264|0x0000000090800000, 0x0000000090800000, 0x0000000090900000|  0%| F|  |TAMS 0x0000000090800000, 0x0000000090800000| Untracked 
| 265|0x0000000090900000, 0x0000000090900000, 0x0000000090a00000|  0%| F|  |TAMS 0x0000000090900000, 0x0000000090900000| Untracked 
| 266|0x0000000090a00000, 0x0000000090a00000, 0x0000000090b00000|  0%| F|  |TAMS 0x0000000090a00000, 0x0000000090a00000| Untracked 
| 267|0x0000000090b00000, 0x0000000090b00000, 0x0000000090c00000|  0%| F|  |TAMS 0x0000000090b00000, 0x0000000090b00000| Untracked 
| 268|0x0000000090c00000, 0x0000000090c00000, 0x0000000090d00000|  0%| F|  |TAMS 0x0000000090c00000, 0x0000000090c00000| Untracked 
| 269|0x0000000090d00000, 0x0000000090d00000, 0x0000000090e00000|  0%| F|  |TAMS 0x0000000090d00000, 0x0000000090d00000| Untracked 
| 270|0x0000000090e00000, 0x0000000090e00000, 0x0000000090f00000|  0%| F|  |TAMS 0x0000000090e00000, 0x0000000090e00000| Untracked 
| 271|0x0000000090f00000, 0x0000000090f00000, 0x0000000091000000|  0%| F|  |TAMS 0x0000000090f00000, 0x0000000090f00000| Untracked 
| 272|0x0000000091000000, 0x0000000091000000, 0x0000000091100000|  0%| F|  |TAMS 0x0000000091000000, 0x0000000091000000| Untracked 
| 273|0x0000000091100000, 0x0000000091100000, 0x0000000091200000|  0%| F|  |TAMS 0x0000000091100000, 0x0000000091100000| Untracked 
| 274|0x0000000091200000, 0x0000000091200000, 0x0000000091300000|  0%| F|  |TAMS 0x0000000091200000, 0x0000000091200000| Untracked 
| 275|0x0000000091300000, 0x0000000091300000, 0x0000000091400000|  0%| F|  |TAMS 0x0000000091300000, 0x0000000091300000| Untracked 
| 276|0x0000000091400000, 0x0000000091400000, 0x0000000091500000|  0%| F|  |TAMS 0x0000000091400000, 0x0000000091400000| Untracked 
| 277|0x0000000091500000, 0x0000000091500000, 0x0000000091600000|  0%| F|  |TAMS 0x0000000091500000, 0x0000000091500000| Untracked 
| 278|0x0000000091600000, 0x0000000091600000, 0x0000000091700000|  0%| F|  |TAMS 0x0000000091600000, 0x0000000091600000| Untracked 
| 279|0x0000000091700000, 0x0000000091700000, 0x0000000091800000|  0%| F|  |TAMS 0x0000000091700000, 0x0000000091700000| Untracked 
| 280|0x0000000091800000, 0x0000000091800000, 0x0000000091900000|  0%| F|  |TAMS 0x0000000091800000, 0x0000000091800000| Untracked 
| 281|0x0000000091900000, 0x0000000091900000, 0x0000000091a00000|  0%| F|  |TAMS 0x0000000091900000, 0x0000000091900000| Untracked 
| 282|0x0000000091a00000, 0x0000000091a00000, 0x0000000091b00000|  0%| F|  |TAMS 0x0000000091a00000, 0x0000000091a00000| Untracked 
| 283|0x0000000091b00000, 0x0000000091b00000, 0x0000000091c00000|  0%| F|  |TAMS 0x0000000091b00000, 0x0000000091b00000| Untracked 
| 284|0x0000000091c00000, 0x0000000091c00000, 0x0000000091d00000|  0%| F|  |TAMS 0x0000000091c00000, 0x0000000091c00000| Untracked 
| 285|0x0000000091d00000, 0x0000000091d00000, 0x0000000091e00000|  0%| F|  |TAMS 0x0000000091d00000, 0x0000000091d00000| Untracked 
| 286|0x0000000091e00000, 0x0000000091e00000, 0x0000000091f00000|  0%| F|  |TAMS 0x0000000091e00000, 0x0000000091e00000| Untracked 
| 287|0x0000000091f00000, 0x0000000091f00000, 0x0000000092000000|  0%| F|  |TAMS 0x0000000091f00000, 0x0000000091f00000| Untracked 
| 288|0x0000000092000000, 0x0000000092000000, 0x0000000092100000|  0%| F|  |TAMS 0x0000000092000000, 0x0000000092000000| Untracked 
| 289|0x0000000092100000, 0x0000000092100000, 0x0000000092200000|  0%| F|  |TAMS 0x0000000092100000, 0x0000000092100000| Untracked 
| 290|0x0000000092200000, 0x0000000092200000, 0x0000000092300000|  0%| F|  |TAMS 0x0000000092200000, 0x0000000092200000| Untracked 
| 291|0x0000000092300000, 0x0000000092300000, 0x0000000092400000|  0%| F|  |TAMS 0x0000000092300000, 0x0000000092300000| Untracked 
| 292|0x0000000092400000, 0x0000000092400000, 0x0000000092500000|  0%| F|  |TAMS 0x0000000092400000, 0x0000000092400000| Untracked 
| 293|0x0000000092500000, 0x0000000092500000, 0x0000000092600000|  0%| F|  |TAMS 0x0000000092500000, 0x0000000092500000| Untracked 
| 294|0x0000000092600000, 0x0000000092600000, 0x0000000092700000|  0%| F|  |TAMS 0x0000000092600000, 0x0000000092600000| Untracked 
| 295|0x0000000092700000, 0x0000000092700000, 0x0000000092800000|  0%| F|  |TAMS 0x0000000092700000, 0x0000000092700000| Untracked 
| 296|0x0000000092800000, 0x0000000092800000, 0x0000000092900000|  0%| F|  |TAMS 0x0000000092800000, 0x0000000092800000| Untracked 
| 297|0x0000000092900000, 0x0000000092900000, 0x0000000092a00000|  0%| F|  |TAMS 0x0000000092900000, 0x0000000092900000| Untracked 
| 298|0x0000000092a00000, 0x0000000092a00000, 0x0000000092b00000|  0%| F|  |TAMS 0x0000000092a00000, 0x0000000092a00000| Untracked 
| 299|0x0000000092b00000, 0x0000000092b00000, 0x0000000092c00000|  0%| F|  |TAMS 0x0000000092b00000, 0x0000000092b00000| Untracked 
| 300|0x0000000092c00000, 0x0000000092c00000, 0x0000000092d00000|  0%| F|  |TAMS 0x0000000092c00000, 0x0000000092c00000| Untracked 
| 301|0x0000000092d00000, 0x0000000092d00000, 0x0000000092e00000|  0%| F|  |TAMS 0x0000000092d00000, 0x0000000092d00000| Untracked 
| 302|0x0000000092e00000, 0x0000000092e00000, 0x0000000092f00000|  0%| F|  |TAMS 0x0000000092e00000, 0x0000000092e00000| Untracked 
| 303|0x0000000092f00000, 0x0000000092f00000, 0x0000000093000000|  0%| F|  |TAMS 0x0000000092f00000, 0x0000000092f00000| Untracked 
| 304|0x0000000093000000, 0x0000000093000000, 0x0000000093100000|  0%| F|  |TAMS 0x0000000093000000, 0x0000000093000000| Untracked 
| 305|0x0000000093100000, 0x0000000093100000, 0x0000000093200000|  0%| F|  |TAMS 0x0000000093100000, 0x0000000093100000| Untracked 

Card table byte_map: [0x000002077e0e0000,0x000002077e4e0000] _byte_map_base: 0x000002077dce0000

Marking Bits (Prev, Next): (CMBitMap*) 0x000002077be0eac0, (CMBitMap*) 0x000002077be0ea88
 Prev Bits: [0x0000020714a20000, 0x0000020716a20000)
 Next Bits: [0x0000020712a20000, 0x0000020714a20000)

Polling page: 0x000002077beb0000

Metaspace:

Usage:
  Non-class:     85.09 MB capacity,    83.58 MB ( 98%) used,     1.21 MB (  1%) free+waste,   304.19 KB ( <1%) overhead. 
      Class:     13.50 MB capacity,    12.54 MB ( 93%) used,   842.75 KB (  6%) free+waste,   135.56 KB ( <1%) overhead. 
       Both:     98.59 MB capacity,    96.13 MB ( 98%) used,     2.03 MB (  2%) free+waste,   439.75 KB ( <1%) overhead. 

Virtual space:
  Non-class space:       86.00 MB reserved,      85.34 MB (>99%) committed 
      Class space:        1.00 GB reserved,      13.63 MB (  1%) committed 
             Both:        1.08 GB reserved,      98.96 MB (  9%) committed 

Chunk freelists:
   Non-Class:  66.00 KB
       Class:  33.00 KB
        Both:  99.00 KB

MaxMetaspaceSize: 17179869184.00 GB
CompressedClassSpaceSize: 1.00 GB

CodeHeap 'non-profiled nmethods': size=120064Kb used=5271Kb max_used=5271Kb free=114792Kb
 bounds [0x000002070b4e0000, 0x000002070ba10000, 0x0000020712a20000]
CodeHeap 'profiled nmethods': size=120000Kb used=24979Kb max_used=24979Kb free=95020Kb
 bounds [0x0000020703fb0000, 0x0000020705820000, 0x000002070b4e0000]
CodeHeap 'non-nmethods': size=5696Kb used=2318Kb max_used=2362Kb free=3377Kb
 bounds [0x0000020703a20000, 0x0000020703c90000, 0x0000020703fb0000]
 total_blobs=13453 nmethods=12534 adapters=829
 compilation: enabled
              stopped_count=0, restarted_count=0
 full_count=0

Compilation events (20 events):
Event: 34.505 Thread 0x000002077ef5a800 12800       2       com.google.common.collect.Iterators::forArray (51 bytes)
Event: 34.506 Thread 0x000002077ef5a800 nmethod 12800 0x0000020705811390 code [0x00000207058115a0, 0x0000020705811ad8]
Event: 34.508 Thread 0x000002077ef5a800 12801       2       com.google.common.collect.ImmutableMap::keySet (23 bytes)
Event: 34.508 Thread 0x000002077ef5a800 nmethod 12801 0x0000020705811e10 code [0x0000020705811fc0, 0x0000020705812168]
Event: 34.511 Thread 0x000002077ef5a800 12802       2       com.google.common.collect.ImmutableSet::hashFloodingDetected (134 bytes)
Event: 34.512 Thread 0x000002077ef5a800 nmethod 12802 0x0000020705812210 code [0x00000207058123e0, 0x00000207058127a8]
Event: 34.563 Thread 0x000002077ef5a800 12803       2       com.android.tools.r8.code.T2::a (56 bytes)
Event: 34.564 Thread 0x000002077ef5a800 nmethod 12803 0x0000020705812a10 code [0x0000020705812c20, 0x0000020705812f98]
Event: 34.566 Thread 0x000002077ef5a800 12804       1       com.android.tools.r8.code.U::u (3 bytes)
Event: 34.566 Thread 0x000002077ef5a800 nmethod 12804 0x000002070ba05990 code [0x000002070ba05b40, 0x000002070ba05bf8]
Event: 34.570 Thread 0x000002077ef5a800 12805       1       com.android.ide.common.symbols.SymbolTable$SymbolTableImpl::getTablePackage (5 bytes)
Event: 34.570 Thread 0x000002077ef5a800 nmethod 12805 0x000002070ba05c90 code [0x000002070ba05e40, 0x000002070ba05ef8]
Event: 34.570 Thread 0x000002077ef5a800 12806       2       kotlin.collections.CollectionsKt___CollectionsKt::first (36 bytes)
Event: 34.571 Thread 0x000002077ef5a800 nmethod 12806 0x0000020705813210 code [0x0000020705813440, 0x00000207058137c8]
Event: 34.572 Thread 0x000002077ef5a800 12807       2       org.objectweb.asm.Attribute::computeAttributesSize (62 bytes)
Event: 34.573 Thread 0x000002077ef5a800 nmethod 12807 0x0000020705813a10 code [0x0000020705813be0, 0x0000020705813de8]
Event: 34.573 Thread 0x000002077ef5a800 12808       2       org.objectweb.asm.AnnotationWriter::computeAnnotationsSize (66 bytes)
Event: 34.573 Thread 0x000002077ef5a800 nmethod 12808 0x0000020705813f90 code [0x0000020705814180, 0x0000020705814378]
Event: 34.574 Thread 0x000002077ef5a800 12809       2       org.objectweb.asm.Attribute::putAttributes (78 bytes)
Event: 34.575 Thread 0x000002077ef5a800 nmethod 12809 0x0000020705814510 code [0x0000020705814740, 0x0000020705814a38]

GC Heap History (20 events):
Event: 25.230 GC heap after
{Heap after GC invocations=34 (full 0):
 garbage-first heap   total 166912K, used 77824K [0x0000000080000000, 0x0000000100000000)
  region size 1024K, 5 young (5120K), 5 survivors (5120K)
 Metaspace       used 87877K, capacity 90133K, committed 90332K, reserved 1128448K
  class space    used 11317K, capacity 12160K, committed 12160K, reserved 1048576K
}
Event: 25.266 GC heap before
{Heap before GC invocations=34 (full 0):
 garbage-first heap   total 166912K, used 81920K [0x0000000080000000, 0x0000000100000000)
  region size 1024K, 8 young (8192K), 5 survivors (5120K)
 Metaspace       used 88046K, capacity 90203K, committed 90460K, reserved 1128448K
  class space    used 11346K, capacity 12161K, committed 12288K, reserved 1048576K
}
Event: 25.283 GC heap after
{Heap after GC invocations=35 (full 0):
 garbage-first heap   total 166912K, used 80343K [0x0000000080000000, 0x0000000100000000)
  region size 1024K, 3 young (3072K), 3 survivors (3072K)
 Metaspace       used 88046K, capacity 90203K, committed 90460K, reserved 1128448K
  class space    used 11346K, capacity 12161K, committed 12288K, reserved 1048576K
}
Event: 25.983 GC heap before
{Heap before GC invocations=36 (full 0):
 garbage-first heap   total 166912K, used 104919K [0x0000000080000000, 0x0000000100000000)
  region size 1024K, 26 young (26624K), 3 survivors (3072K)
 Metaspace       used 91092K, capacity 93263K, committed 93660K, reserved 1130496K
  class space    used 11720K, capacity 12522K, committed 12672K, reserved 1048576K
}
Event: 26.001 GC heap after
{Heap after GC invocations=37 (full 0):
 garbage-first heap   total 200704K, used 88493K [0x0000000080000000, 0x0000000100000000)
  region size 1024K, 5 young (5120K), 5 survivors (5120K)
 Metaspace       used 91092K, capacity 93263K, committed 93660K, reserved 1130496K
  class space    used 11720K, capacity 12522K, committed 12672K, reserved 1048576K
}
Event: 26.985 GC heap before
{Heap before GC invocations=38 (full 0):
 garbage-first heap   total 200704K, used 145837K [0x0000000080000000, 0x0000000100000000)
  region size 1024K, 52 young (53248K), 5 survivors (5120K)
 Metaspace       used 93741K, capacity 95961K, committed 96220K, reserved 1132544K
  class space    used 12266K, capacity 13086K, committed 13184K, reserved 1048576K
}
Event: 27.039 GC heap after
{Heap after GC invocations=39 (full 0):
 garbage-first heap   total 200704K, used 111396K [0x0000000080000000, 0x0000000100000000)
  region size 1024K, 7 young (7168K), 7 survivors (7168K)
 Metaspace       used 93741K, capacity 95961K, committed 96220K, reserved 1132544K
  class space    used 12266K, capacity 13086K, committed 13184K, reserved 1048576K
}
Event: 27.465 GC heap before
{Heap before GC invocations=39 (full 0):
 garbage-first heap   total 200704K, used 147236K [0x0000000080000000, 0x0000000100000000)
  region size 1024K, 42 young (43008K), 7 survivors (7168K)
 Metaspace       used 93892K, capacity 96106K, committed 96220K, reserved 1132544K
  class space    used 12266K, capacity 13086K, committed 13184K, reserved 1048576K
}
Event: 27.542 GC heap after
{Heap after GC invocations=40 (full 0):
 garbage-first heap   total 200704K, used 129957K [0x0000000080000000, 0x0000000100000000)
  region size 1024K, 6 young (6144K), 6 survivors (6144K)
 Metaspace       used 93892K, capacity 96106K, committed 96220K, reserved 1132544K
  class space    used 12266K, capacity 13086K, committed 13184K, reserved 1048576K
}
Event: 28.366 GC heap before
{Heap before GC invocations=40 (full 0):
 garbage-first heap   total 200704K, used 153509K [0x0000000080000000, 0x0000000100000000)
  region size 1024K, 30 young (30720K), 6 survivors (6144K)
 Metaspace       used 95820K, capacity 98072K, committed 98268K, reserved 1134592K
  class space    used 12541K, capacity 13395K, committed 13440K, reserved 1048576K
}
Event: 28.409 GC heap after
{Heap after GC invocations=41 (full 0):
 garbage-first heap   total 200704K, used 139264K [0x0000000080000000, 0x0000000100000000)
  region size 1024K, 4 young (4096K), 4 survivors (4096K)
 Metaspace       used 95820K, capacity 98072K, committed 98268K, reserved 1134592K
  class space    used 12541K, capacity 13395K, committed 13440K, reserved 1048576K
}
Event: 29.082 GC heap before
{Heap before GC invocations=42 (full 0):
 garbage-first heap   total 200704K, used 158720K [0x0000000080000000, 0x0000000100000000)
  region size 1024K, 24 young (24576K), 4 survivors (4096K)
 Metaspace       used 96502K, capacity 98954K, committed 99292K, reserved 1134592K
  class space    used 12654K, capacity 13602K, committed 13696K, reserved 1048576K
}
Event: 29.165 GC heap after
{Heap after GC invocations=43 (full 0):
 garbage-first heap   total 313344K, used 143007K [0x0000000080000000, 0x0000000100000000)
  region size 1024K, 3 young (3072K), 3 survivors (3072K)
 Metaspace       used 96502K, capacity 98954K, committed 99292K, reserved 1134592K
  class space    used 12654K, capacity 13602K, committed 13696K, reserved 1048576K
}
Event: 31.311 GC heap before
{Heap before GC invocations=43 (full 0):
 garbage-first heap   total 313344K, used 181919K [0x0000000080000000, 0x0000000100000000)
  region size 1024K, 41 young (41984K), 3 survivors (3072K)
 Metaspace       used 97042K, capacity 99531K, committed 99548K, reserved 1134592K
  class space    used 12715K, capacity 13679K, committed 13696K, reserved 1048576K
}
Event: 31.341 GC heap after
{Heap after GC invocations=44 (full 0):
 garbage-first heap   total 313344K, used 147180K [0x0000000080000000, 0x0000000100000000)
  region size 1024K, 6 young (6144K), 6 survivors (6144K)
 Metaspace       used 97042K, capacity 99531K, committed 99548K, reserved 1134592K
  class space    used 12715K, capacity 13679K, committed 13696K, reserved 1048576K
}
Event: 33.566 GC heap before
{Heap before GC invocations=45 (full 0):
 garbage-first heap   total 313344K, used 205548K [0x0000000080000000, 0x0000000100000000)
  region size 1024K, 65 young (66560K), 6 survivors (6144K)
 Metaspace       used 97535K, capacity 100082K, committed 100188K, reserved 1136640K
  class space    used 12760K, capacity 13725K, committed 13824K, reserved 1048576K
}
Event: 33.631 GC heap after
{Heap after GC invocations=46 (full 0):
 garbage-first heap   total 313344K, used 152832K [0x0000000080000000, 0x0000000100000000)
  region size 1024K, 9 young (9216K), 9 survivors (9216K)
 Metaspace       used 97535K, capacity 100082K, committed 100188K, reserved 1136640K
  class space    used 12760K, capacity 13725K, committed 13824K, reserved 1048576K
}
Event: 33.773 GC heap before
{Heap before GC invocations=46 (full 0):
 garbage-first heap   total 313344K, used 176384K [0x0000000080000000, 0x0000000100000000)
  region size 1024K, 33 young (33792K), 9 survivors (9216K)
 Metaspace       used 97582K, capacity 100146K, committed 100444K, reserved 1136640K
  class space    used 12764K, capacity 13725K, committed 13824K, reserved 1048576K
}
Event: 33.820 GC heap after
{Heap after GC invocations=47 (full 0):
 garbage-first heap   total 313344K, used 157423K [0x0000000080000000, 0x0000000100000000)
  region size 1024K, 5 young (5120K), 5 survivors (5120K)
 Metaspace       used 97582K, capacity 100146K, committed 100444K, reserved 1136640K
  class space    used 12764K, capacity 13725K, committed 13824K, reserved 1048576K
}
Event: 34.581 GC heap before
{Heap before GC invocations=47 (full 0):
 garbage-first heap   total 313344K, used 222959K [0x0000000080000000, 0x0000000100000000)
  region size 1024K, 63 young (64512K), 5 survivors (5120K)
 Metaspace       used 98432K, capacity 100953K, committed 101340K, reserved 1136640K
  class space    used 12844K, capacity 13823K, committed 13952K, reserved 1048576K
}

Deoptimization events (20 events):
Event: 34.013 Thread 0x000002071dc88000 Uncommon trap: trap_request=0xfffffff4 fr.pc=0x000002070b9e5064 relative=0x0000000000000e64
Event: 34.013 Thread 0x000002071dc88000 Uncommon trap: reason=null_check action=make_not_entrant pc=0x000002070b9e5064 method=com.android.tools.r8.internal.Cp1$$Lambda$1397/0x0000000100d5f040.a(Ljava/lang/Object;Ljava/lang/Object;Lcom/android/tools/r8/internal/II0;)I @ 1 c2
Event: 34.013 Thread 0x000002071dc88000 DEOPT PACKING pc=0x000002070b9e5064 sp=0x000000ff20cfe230
Event: 34.014 Thread 0x000002071dc88000 DEOPT UNPACKING pc=0x0000020703a465af sp=0x000000ff20cfe190 mode 2
Event: 34.076 Thread 0x000002071dc88000 DEOPT PACKING pc=0x00000207057a70cb sp=0x000000ff20cfe640
Event: 34.076 Thread 0x000002071dc88000 DEOPT UNPACKING pc=0x0000020703a46d5e sp=0x000000ff20cfdb90 mode 0
Event: 34.100 Thread 0x000002071dc85800 Uncommon trap: trap_request=0xffffff7e fr.pc=0x000002070b9d4fc4 relative=0x0000000000000084
Event: 34.100 Thread 0x000002071dc85800 Uncommon trap: reason=predicate action=maybe_recompile pc=0x000002070b9d4fc4 method=java.util.TimSort.binarySort([Ljava/lang/Object;IIILjava/util/Comparator;)V @ 34 c2
Event: 34.100 Thread 0x000002071dc85800 DEOPT PACKING pc=0x000002070b9d4fc4 sp=0x000000ff204fc900
Event: 34.100 Thread 0x000002071dc85800 DEOPT UNPACKING pc=0x0000020703a465af sp=0x000000ff204fc8c0 mode 2
Event: 34.264 Thread 0x000002071dc88000 Uncommon trap: trap_request=0xffffff4d fr.pc=0x000002070b9e6344 relative=0x00000000000004a4
Event: 34.264 Thread 0x000002071dc88000 Uncommon trap: reason=unstable_if action=reinterpret pc=0x000002070b9e6344 method=com.android.tools.r8.internal.uj1.a(Ljava/lang/Object;I)I @ 63 c2
Event: 34.264 Thread 0x000002071dc88000 DEOPT PACKING pc=0x000002070b9e6344 sp=0x000000ff20cfe360
Event: 34.264 Thread 0x000002071dc88000 DEOPT UNPACKING pc=0x0000020703a465af sp=0x000000ff20cfe330 mode 2
Event: 34.288 Thread 0x000002071dc85800 DEOPT PACKING pc=0x00000207040481b4 sp=0x000000ff204fd720
Event: 34.288 Thread 0x000002071dc85800 DEOPT UNPACKING pc=0x0000020703a46d5e sp=0x000000ff204fcc70 mode 0
Event: 34.323 Thread 0x000002071dc88000 DEOPT PACKING pc=0x00000207057d658b sp=0x000000ff20cfe2d0
Event: 34.323 Thread 0x000002071dc88000 DEOPT UNPACKING pc=0x0000020703a46d5e sp=0x000000ff20cfd7a8 mode 0
Event: 34.425 Thread 0x000002071dc85800 DEOPT PACKING pc=0x00000207057d0669 sp=0x000000ff204fd9a0
Event: 34.425 Thread 0x000002071dc85800 DEOPT UNPACKING pc=0x0000020703a46d5e sp=0x000000ff204fcea8 mode 0

Classes redefined (0 events):
No events

Internal exceptions (20 events):
Event: 26.030 Thread 0x000002071dc7f800 Exception <a 'java/lang/NoSuchMethodError'{0x000000008c3c6268}: 'java.lang.Object java.lang.invoke.DirectMethodHandle$Holder.invokeStaticInit(java.lang.Object, java.lang.Object, java.lang.Object, java.lang.Object, java.lang.Object, java.lang.Object, java.lang.Object, java.lang.Object, java.lang.Object, java.lang.Object, java.lang.Object, java.lang.Object, java.lang.Object, java.lang.Object, java.lang.Object, java.lang.Object, java.lang.Object, java.lang.Object, int, java.lang.Object, java.lang.Object)'> (0
Event: 26.548 Thread 0x000002071dc8b000 Exception <a 'java/lang/IncompatibleClassChangeError'{0x000000008a116510}: Found class java.lang.Object, but interface was expected> (0x000000008a116510) thrown at [./src/hotspot/share/interpreter/linkResolver.cpp, line 839]
Event: 26.623 Thread 0x000002071dc88000 Exception <a 'java/lang/NoSuchMethodError'{0x000000008a039558}: 'java.lang.Object java.lang.invoke.DirectMethodHandle$Holder.newInvokeSpecial(java.lang.Object, int)'> (0x000000008a039558) thrown at [./src/hotspot/share/interpreter/linkResolver.cpp, line 773]
Event: 26.749 Thread 0x000002071dc8b000 Exception <a 'java/lang/IncompatibleClassChangeError'{0x0000000089d83710}: Found class java.lang.Object, but interface was expected> (0x0000000089d83710) thrown at [./src/hotspot/share/interpreter/linkResolver.cpp, line 839]
Event: 26.751 Thread 0x000002071dc8c800 Exception <a 'java/lang/IncompatibleClassChangeError'{0x0000000089d70788}: Found class java.lang.Object, but interface was expected> (0x0000000089d70788) thrown at [./src/hotspot/share/interpreter/linkResolver.cpp, line 839]
Event: 26.751 Thread 0x000002071dc88800 Exception <a 'java/lang/IncompatibleClassChangeError'{0x0000000089d7dc20}: Found class java.lang.Object, but interface was expected> (0x0000000089d7dc20) thrown at [./src/hotspot/share/interpreter/linkResolver.cpp, line 839]
Event: 26.751 Thread 0x000002071dc8b000 Exception <a 'java/lang/IncompatibleClassChangeError'{0x0000000089d93d88}: Found class java.lang.Object, but interface was expected> (0x0000000089d93d88) thrown at [./src/hotspot/share/interpreter/linkResolver.cpp, line 839]
Event: 27.922 Thread 0x000002071dc7f800 Exception <a 'java/lang/NoSuchMethodError'{0x000000008b63db30}: 'int java.lang.invoke.DirectMethodHandle$Holder.invokeVirtual(java.lang.Object, java.lang.Object, java.lang.Object, java.lang.Object)'> (0x000000008b63db30) thrown at [./src/hotspot/share/interpreter/linkResolver.cpp, line 773]
Event: 28.005 Thread 0x000002071dc7f800 Exception <a 'java/lang/IncompatibleClassChangeError'{0x000000008b5d2e88}: Found class java.lang.Object, but interface was expected> (0x000000008b5d2e88) thrown at [./src/hotspot/share/interpreter/linkResolver.cpp, line 839]
Event: 28.014 Thread 0x000002071dc8c800 Exception <a 'java/lang/NoSuchMethodError'{0x000000008b4059a0}: 'int java.lang.invoke.DirectMethodHandle$Holder.invokeVirtual(java.lang.Object, java.lang.Object, java.lang.Object)'> (0x000000008b4059a0) thrown at [./src/hotspot/share/interpreter/linkResolver.cpp, line 773]
Event: 28.594 Thread 0x000002071dc7f800 Exception <a 'java/lang/NoSuchMethodError'{0x000000008ba48c80}: 'java.lang.Object java.lang.invoke.Invokers$Holder.linkToTargetMethod(java.lang.Object, int, java.lang.Object, java.lang.Object, java.lang.Object, java.lang.Object)'> (0x000000008ba48c80) thrown at [./src/hotspot/share/interpreter/linkResolver.cpp, line 773]
Event: 28.597 Thread 0x000002071dc7f800 Exception <a 'java/lang/NoSuchMethodError'{0x000000008ba5c740}: 'java.lang.Object java.lang.invoke.Invokers$Holder.linkToTargetMethod(java.lang.Object, java.lang.Object, java.lang.Object, int, java.lang.Object, java.lang.Object, java.lang.Object)'> (0x000000008ba5c740) thrown at [./src/hotspot/share/interpreter/linkResolver.cpp, line 773]
Event: 28.609 Thread 0x000002071dc7f800 Exception <a 'java/lang/IncompatibleClassChangeError'{0x000000008ba8a268}: Found class java.lang.Object, but interface was expected> (0x000000008ba8a268) thrown at [./src/hotspot/share/interpreter/linkResolver.cpp, line 839]
Event: 28.685 Thread 0x000002071dc7f800 Exception <a 'java/lang/NoSuchMethodError'{0x000000008b9c0228}: 'void java.lang.invoke.DirectMethodHandle$Holder.invokeStatic(java.lang.Object, java.lang.Object, java.lang.Object, java.lang.Object, java.lang.Object, java.lang.Object, java.lang.Object, java.lang.Object)'> (0x000000008b9c0228) thrown at [./src/hotspot/share/interpreter/linkResolver.cpp, line 773]
Event: 31.914 Thread 0x000002071dc7f800 Exception <a 'java/lang/IncompatibleClassChangeError'{0x000000009207d3b8}: Found class java.lang.Object, but interface was expected> (0x000000009207d3b8) thrown at [./src/hotspot/share/interpreter/linkResolver.cpp, line 839]
Event: 34.013 Thread 0x000002071dc88000 Implicit null exception at 0x000002070b9e482e to 0x000002070b9e5054
Event: 34.263 Thread 0x000002071dc88000 Exception <a 'java/lang/NoSuchMethodError'{0x0000000090600350}: 'void java.lang.invoke.DirectMethodHandle$Holder.invokeVirtual(java.lang.Object, java.lang.Object, int)'> (0x0000000090600350) thrown at [./src/hotspot/share/interpreter/linkResolver.cpp, line 773]
Event: 34.520 Thread 0x000002071dc85800 Exception <a 'sun/nio/fs/WindowsException'{0x000000008f461900}> (0x000000008f461900) thrown at [./src/hotspot/share/prims/jni.cpp, line 615]
Event: 34.563 Thread 0x000002071dc85800 Exception <a 'sun/nio/fs/WindowsException'{0x000000008f4807b8}> (0x000000008f4807b8) thrown at [./src/hotspot/share/prims/jni.cpp, line 615]
Event: 34.563 Thread 0x000002071dc85800 Exception <a 'sun/nio/fs/WindowsException'{0x000000008f4808a0}> (0x000000008f4808a0) thrown at [./src/hotspot/share/prims/jni.cpp, line 615]

Events (20 events):
Event: 34.562 loading class com/android/zipflinger/Zip64$Policy done
Event: 34.563 loading class com/android/zipflinger/ZipInfo
Event: 34.563 loading class com/android/zipflinger/ZipInfo done
Event: 34.564 loading class com/android/zipflinger/Location
Event: 34.564 loading class com/android/zipflinger/Location done
Event: 34.564 loading class com/android/zipflinger/CentralDirectory
Event: 34.564 loading class com/android/zipflinger/CentralDirectory done
Event: 34.566 loading class com/android/zipflinger/FreeStore
Event: 34.566 loading class com/android/zipflinger/FreeStore done
Event: 34.567 loading class com/android/zipflinger/FreeStore$Zone
Event: 34.567 loading class com/android/zipflinger/FreeStore$Zone done
Event: 34.568 loading class com/android/zipflinger/ZipWriter
Event: 34.568 loading class com/android/zipflinger/ZipWriter done
Event: 34.568 loading class com/android/zipflinger/ZipReader
Event: 34.568 loading class com/android/zipflinger/ZipReader done
Event: 34.570 loading class com/android/ide/common/symbols/SymbolTable$getSymbolByResourceType$$inlined$compareBy$1
Event: 34.570 loading class com/android/ide/common/symbols/SymbolTable$getSymbolByResourceType$$inlined$compareBy$1 done
Event: 34.580 Executing VM operation: G1CollectForAllocation
Event: 34.580 loading class com/android/zipflinger/Sources
Event: 34.580 loading class com/android/zipflinger/Sources done


Dynamic libraries:
0x00007ff757dc0000 - 0x00007ff757dca000 	C:\Program Files\Android\Android Studio\jre\bin\java.exe
0x00007ffcd8090000 - 0x00007ffcd8285000 	C:\Windows\SYSTEM32\ntdll.dll
0x00007ffcd7e60000 - 0x00007ffcd7f1e000 	C:\Windows\System32\KERNEL32.DLL
0x00007ffcd5ae0000 - 0x00007ffcd5da8000 	C:\Windows\System32\KERNELBASE.dll
0x00007ffcd5db0000 - 0x00007ffcd5eb0000 	C:\Windows\System32\ucrtbase.dll
0x00007ffccc960000 - 0x00007ffccc979000 	C:\Program Files\Android\Android Studio\jre\bin\jli.dll
0x00007ffccca60000 - 0x00007ffccca77000 	C:\Program Files\Android\Android Studio\jre\bin\VCRUNTIME140.dll
0x00007ffcd60d0000 - 0x00007ffcd6271000 	C:\Windows\System32\USER32.dll
0x00007ffcd5890000 - 0x00007ffcd58b2000 	C:\Windows\System32\win32u.dll
0x00007ffcd6280000 - 0x00007ffcd62ab000 	C:\Windows\System32\GDI32.dll
0x00007ffcd5970000 - 0x00007ffcd5a7d000 	C:\Windows\System32\gdi32full.dll
0x00007ffcc9ff0000 - 0x00007ffcca28a000 	C:\Windows\WinSxS\amd64_microsoft.windows.common-controls_6595b64144ccf1df_6.0.19041.1110_none_60b5254171f9507e\COMCTL32.dll
0x00007ffcd57a0000 - 0x00007ffcd583d000 	C:\Windows\System32\msvcp_win.dll
0x00007ffcd6440000 - 0x00007ffcd64de000 	C:\Windows\System32\msvcrt.dll
0x00007ffcd64e0000 - 0x00007ffcd6510000 	C:\Windows\System32\IMM32.DLL
0x00007ffcbdcd0000 - 0x00007ffcbdd6d000 	C:\Program Files\Android\Android Studio\jre\bin\msvcp140.dll
0x00007ffca59a0000 - 0x00007ffca6475000 	C:\Program Files\Android\Android Studio\jre\bin\server\jvm.dll
0x00007ffcd6390000 - 0x00007ffcd643c000 	C:\Windows\System32\ADVAPI32.dll
0x00007ffcd7310000 - 0x00007ffcd73ab000 	C:\Windows\System32\sechost.dll
0x00007ffcd7070000 - 0x00007ffcd719a000 	C:\Windows\System32\RPCRT4.dll
0x00007ffcd6510000 - 0x00007ffcd6518000 	C:\Windows\System32\PSAPI.DLL
0x00007ffcbf8c0000 - 0x00007ffcbf8c9000 	C:\Windows\SYSTEM32\WSOCK32.dll
0x00007ffcc8420000 - 0x00007ffcc8447000 	C:\Windows\SYSTEM32\WINMM.dll
0x00007ffcd6520000 - 0x00007ffcd658b000 	C:\Windows\System32\WS2_32.dll
0x00007ffccba90000 - 0x00007ffccba9a000 	C:\Windows\SYSTEM32\VERSION.dll
0x00007ffcd3840000 - 0x00007ffcd3852000 	C:\Windows\SYSTEM32\kernel.appcore.dll
0x00007ffca5980000 - 0x00007ffca5991000 	C:\Program Files\Android\Android Studio\jre\bin\verify.dll
0x00007ffcc1b30000 - 0x00007ffcc1d14000 	C:\Windows\SYSTEM32\DBGHELP.DLL
0x00007ffcc1b00000 - 0x00007ffcc1b2c000 	C:\Windows\SYSTEM32\dbgcore.DLL
0x00007ffcd6010000 - 0x00007ffcd6092000 	C:\Windows\System32\bcryptPrimitives.dll
0x00007ffca5950000 - 0x00007ffca5979000 	C:\Program Files\Android\Android Studio\jre\bin\java.dll
0x00007ffcba150000 - 0x00007ffcba15b000 	C:\Program Files\Android\Android Studio\jre\bin\jimage.dll
0x00007ffca5930000 - 0x00007ffca5948000 	C:\Program Files\Android\Android Studio\jre\bin\zip.dll
0x00007ffcd7600000 - 0x00007ffcd7d44000 	C:\Windows\System32\SHELL32.dll
0x00007ffcd3a40000 - 0x00007ffcd41d4000 	C:\Windows\SYSTEM32\windows.storage.dll
0x00007ffcd6740000 - 0x00007ffcd6a95000 	C:\Windows\System32\combase.dll
0x00007ffcd5120000 - 0x00007ffcd514e000 	C:\Windows\SYSTEM32\Wldp.dll
0x00007ffcd7550000 - 0x00007ffcd75fd000 	C:\Windows\System32\SHCORE.dll
0x00007ffcd7200000 - 0x00007ffcd7255000 	C:\Windows\System32\shlwapi.dll
0x00007ffcd56e0000 - 0x00007ffcd56ff000 	C:\Windows\SYSTEM32\profapi.dll
0x00007ffca5910000 - 0x00007ffca592a000 	C:\Program Files\Android\Android Studio\jre\bin\net.dll
0x00007ffccdf00000 - 0x00007ffcce00c000 	C:\Windows\SYSTEM32\WINHTTP.dll
0x00007ffcd4e80000 - 0x00007ffcd4eea000 	C:\Windows\system32\mswsock.dll
0x00007ffca58f0000 - 0x00007ffca5904000 	C:\Program Files\Android\Android Studio\jre\bin\nio.dll
0x00007ffcc3780000 - 0x00007ffcc37a7000 	C:\Users\Admin\.gradle\native\e1d6ef7f7dcc3fd88c89a11ec53ec762bb8ba0a96d01ffa2cd45eb1d1d8dd5c5\windows-amd64\native-platform.dll
0x00007ffcabd80000 - 0x00007ffcabec4000 	C:\Users\Admin\.gradle\native\5664cfc778a61ccfe75a443a1ab52a65af34e5dc3c78e0209fed803814484fcb\windows-amd64\native-platform-file-events.dll
0x00007ffca7680000 - 0x00007ffca768a000 	C:\Program Files\Android\Android Studio\jre\bin\management.dll
0x00007ffca72e0000 - 0x00007ffca72ed000 	C:\Program Files\Android\Android Studio\jre\bin\management_ext.dll
0x00007ffcd5080000 - 0x00007ffcd5098000 	C:\Windows\SYSTEM32\CRYPTSP.dll
0x00007ffcd49b0000 - 0x00007ffcd49e4000 	C:\Windows\system32\rsaenh.dll
0x00007ffcd60a0000 - 0x00007ffcd60c7000 	C:\Windows\System32\bcrypt.dll
0x00007ffcd56a0000 - 0x00007ffcd56ce000 	C:\Windows\SYSTEM32\USERENV.dll
0x00007ffcd5070000 - 0x00007ffcd507c000 	C:\Windows\SYSTEM32\CRYPTBASE.dll
0x00007ffcd4b70000 - 0x00007ffcd4bab000 	C:\Windows\SYSTEM32\IPHLPAPI.DLL
0x00007ffcd7f20000 - 0x00007ffcd7f28000 	C:\Windows\System32\NSI.dll
0x00007ffccf830000 - 0x00007ffccf847000 	C:\Windows\SYSTEM32\dhcpcsvc6.DLL
0x00007ffccf7c0000 - 0x00007ffccf7dd000 	C:\Windows\SYSTEM32\dhcpcsvc.DLL
0x00007ffcd4bb0000 - 0x00007ffcd4c7b000 	C:\Windows\SYSTEM32\DNSAPI.dll

dbghelp: loaded successfully - version: 4.0.5 - missing functions: none
symbol engine: initialized successfully - sym options: 0x614 - pdb path: .;C:\Program Files\Android\Android Studio\jre\bin;C:\Windows\SYSTEM32;C:\Windows\WinSxS\amd64_microsoft.windows.common-controls_6595b64144ccf1df_6.0.19041.1110_none_60b5254171f9507e;C:\Program Files\Android\Android Studio\jre\bin\server;C:\Users\Admin\.gradle\native\e1d6ef7f7dcc3fd88c89a11ec53ec762bb8ba0a96d01ffa2cd45eb1d1d8dd5c5\windows-amd64;C:\Users\Admin\.gradle\native\5664cfc778a61ccfe75a443a1ab52a65af34e5dc3c78e0209fed803814484fcb\windows-amd64

VM Arguments:
jvm_args: --add-opens=java.base/java.util=ALL-UNNAMED --add-opens=java.base/java.lang=ALL-UNNAMED --add-opens=java.base/java.lang.invoke=ALL-UNNAMED --add-opens=java.base/java.util=ALL-UNNAMED --add-opens=java.prefs/java.util.prefs=ALL-UNNAMED --add-opens=java.prefs/java.util.prefs=ALL-UNNAMED --add-opens=java.base/java.nio.charset=ALL-UNNAMED --add-opens=java.base/java.net=ALL-UNNAMED --add-opens=java.base/java.util.concurrent.atomic=ALL-UNNAMED -Xmx2048m -Dfile.encoding=UTF-8 -Duser.country=US -Duser.language=en -Duser.variant 
java_command: org.gradle.launcher.daemon.bootstrap.GradleDaemon 7.2
java_class_path (initial): C:\Users\Admin\.gradle\wrapper\dists\gradle-7.2-bin\2dnblmf4td7x66yl1d74lt32g\gradle-7.2\lib\gradle-launcher-7.2.jar
Launcher Type: SUN_STANDARD

[Global flags]
     intx CICompilerCount                          = 3                                         {product} {ergonomic}
     uint ConcGCThreads                            = 1                                         {product} {ergonomic}
     uint G1ConcRefinementThreads                  = 4                                         {product} {ergonomic}
   size_t G1HeapRegionSize                         = 1048576                                   {product} {ergonomic}
    uintx GCDrainStackTargetSize                   = 64                                        {product} {ergonomic}
   size_t InitialHeapSize                          = 67108864                                  {product} {ergonomic}
   size_t MarkStackSize                            = 4194304                                   {product} {ergonomic}
   size_t MaxHeapSize                              = 2147483648                                {product} {command line}
   size_t MaxNewSize                               = 1287651328                                {product} {ergonomic}
   size_t MinHeapDeltaBytes                        = 1048576                                   {product} {ergonomic}
    uintx NonNMethodCodeHeapSize                   = 5830732                                {pd product} {ergonomic}
    uintx NonProfiledCodeHeapSize                  = 122913754                              {pd product} {ergonomic}
    uintx ProfiledCodeHeapSize                     = 122913754                              {pd product} {ergonomic}
    uintx ReservedCodeCacheSize                    = 251658240                              {pd product} {ergonomic}
     bool SegmentedCodeCache                       = true                                      {product} {ergonomic}
     bool UseCompressedClassPointers               = true                                 {lp64_product} {ergonomic}
     bool UseCompressedOops                        = true                                 {lp64_product} {ergonomic}
     bool UseG1GC                                  = true                                      {product} {ergonomic}
     bool UseLargePagesIndividualAllocation        = false                                  {pd product} {ergonomic}

Logging:
Log output configuration:
 #0: stdout all=warning uptime,level,tags
 #1: stderr all=off uptime,level,tags

Environment Variables:
PATH=C:\Program Files (x86)\Common Files\Oracle\Java\javapath;C:\Program Files (x86)\VMware\VMware Player\bin\;C:\Windows\system32;C:\Windows;C:\Windows\System32\Wbem;C:\Windows\System32\WindowsPowerShell\v1.0\;C:\Windows\System32\OpenSSH\;C:\Program Files\dotnet\;C:\Users\Admin\AppData\Local\Microsoft\WindowsApps;C:\Users\Admin\.dotnet\tools
USERNAME=Admin
OS=Windows_NT
PROCESSOR_IDENTIFIER=Intel64 Family 6 Model 42 Stepping 7, GenuineIntel



---------------  S Y S T E M  ---------------

OS: Windows 10 , 64 bit Build 19041 (10.0.19041.1348)
OS uptime: 0 days 2:58 hours

CPU:total 4 (initial active 4) (2 cores per cpu, 2 threads per core) family 6 model 42 stepping 7 microcode 0x2f, cmov, cx8, fxsr, mmx, sse, sse2, sse3, ssse3, sse4.1, sse4.2, popcnt, avx, clmul, ht, tsc, tscinvbit

Memory: 4k page, system-wide physical 4004M (194M free)
TotalPageFile size 4004M (AvailPageFile size 67M)
current process WorkingSet (physical memory assigned to process): 389M, peak: 426M
current process commit charge ("private bytes"): 604M, peak: 765M

vm_info: OpenJDK 64-Bit Server VM (11.0.11+9-b60-7590822) for windows-amd64 JRE (11.0.11+9-b60-7590822), built on Jul 29 2021 21:43:44 by "builder" with MS VC++ 14.0 (VS2015)

END.
