#
# There is insufficient memory for the Java Runtime Environment to continue.
# Native memory allocation (mmap) failed to map 93323264 bytes for Failed to commit area from 0x000000008c300000 to 0x0000000091c00000 of length 93323264.
# Possible reasons:
#   The system is out of physical RAM or swap space
#   The process is running with CompressedOops enabled, and the Java Heap may be blocking the growth of the native heap
# Possible solutions:
#   Reduce memory load on the system
#   Increase physical memory or swap space
#   Check if swap backing store is full
#   Decrease Java heap size (-Xmx/-Xms)
#   Decrease number of Java threads
#   Decrease Java thread stack sizes (-Xss)
#   Set larger code cache with -XX:ReservedCodeCacheSize=
#   JVM is running with Unscaled Compressed Oops mode in which the Java heap is
#     placed in the first 4GB address space. The Java Heap base address is the
#     maximum limit for the native heap growth. Please use -XX:HeapBaseMinAddress
#     to set the Java Heap base and to place the Java Heap above 4GB virtual address.
# This output file may be truncated or incomplete.
#
#  Out of Memory Error (./src/hotspot/os/windows/os_windows.cpp:3301), pid=3656, tid=1500
#
# JRE version: OpenJDK Runtime Environment (11.0.11+9) (build 11.0.11+9-b60-7590822)
# Java VM: OpenJDK 64-Bit Server VM (11.0.11+9-b60-7590822, mixed mode, tiered, compressed oops, g1 gc, windows-amd64)
# No core dump will be written. Minidumps are not enabled by default on client versions of Windows
#

---------------  S U M M A R Y ------------

Command Line: --add-opens=java.base/java.util=ALL-UNNAMED --add-opens=java.base/java.lang=ALL-UNNAMED --add-opens=java.base/java.lang.invoke=ALL-UNNAMED --add-opens=java.base/java.util=ALL-UNNAMED --add-opens=java.prefs/java.util.prefs=ALL-UNNAMED --add-opens=java.prefs/java.util.prefs=ALL-UNNAMED --add-opens=java.base/java.nio.charset=ALL-UNNAMED --add-opens=java.base/java.net=ALL-UNNAMED --add-opens=java.base/java.util.concurrent.atomic=ALL-UNNAMED -Xmx2048m -Dfile.encoding=UTF-8 -Duser.country=US -Duser.language=en -Duser.variant org.gradle.launcher.daemon.bootstrap.GradleDaemon 7.2

Host: Intel(R) Core(TM) i3-2330M CPU @ 2.20GHz, 4 cores, 3G,  Windows 10 , 64 bit Build 19041 (10.0.19041.1348)
Time: Sun May  1 13:56:51 2022 SE Asia Standard Time elapsed time: 32.771121 seconds (0d 0h 0m 32s)

---------------  T H R E A D  ---------------

Current thread (0x00000239489f0800):  VMThread "VM Thread" [stack: 0x0000004786900000,0x0000004786a00000] [id=1500]

Stack: [0x0000004786900000,0x0000004786a00000]
[error occurred during error reporting (printing stack bounds), id 0xc0000005, EXCEPTION_ACCESS_VIOLATION (0xc0000005) at pc=0x00000239321b0f2d]

Native frames: (J=compiled Java code, j=interpreted, Vv=VM code, C=native code)
V  [jvm.dll+0x5f214a]
V  [jvm.dll+0x726fb5]
V  [jvm.dll+0x7285cd]
V  [jvm.dll+0x728be5]
V  [jvm.dll+0x728b9b]
V  [jvm.dll+0x5f14e8]
V  [jvm.dll+0x5f1c78]
C  [ntdll.dll+0xa20cf]
C  [ntdll.dll+0x51454]
C  [ntdll.dll+0xa0bfe]
C  0x00000239321b0f2d

VM_Operation (0x000000478c6fd120): G1CollectForAllocation, mode: safepoint, requested by thread 0x000002394a5a8000


---------------  P R O C E S S  ---------------

Threads class SMR info:
_java_thread_list=0x000002394b4a6960, length=97, elements={
0x000002392e68c000, 0x00000239489f8000, 0x0000023948a05800, 0x0000023948a55000,
0x0000023948a57000, 0x0000023948a59000, 0x0000023948a63000, 0x0000023948a67800,
0x0000023948a6a800, 0x00000239494ef000, 0x000002394b1a8800, 0x00000239495f1000,
0x000002394b7d3800, 0x000002394ac6c000, 0x000002394b654800, 0x000002394cb68000,
0x000002394b37f800, 0x000002394acbd000, 0x000002394b3fa800, 0x000002394b194800,
0x000002394b191000, 0x000002394b196000, 0x000002394b193800, 0x000002394b190800,
0x000002394b195000, 0x000002394cb67800, 0x000002394b197000, 0x000002394b192000,
0x000002394b193000, 0x000002394b467000, 0x000002394b466000, 0x000002394b469800,
0x000002394b46a000, 0x000002394b465800, 0x000002394b46f000, 0x000002394b46c000,
0x000002394b46d800, 0x000002394b472800, 0x000002394b46e800, 0x000002394b470000,
0x000002394b471800, 0x000002394b46c800, 0x000002394b470800, 0x000002394b473000,
0x000002394f5a5000, 0x000002394f5a6000, 0x000002394f5a0800, 0x000002394f5a2000,
0x000002394f5a7000, 0x000002394f5a3000, 0x000002394f5a1000, 0x000002394f5a9800,
0x000002394f5a7800, 0x000002394f5a4800, 0x000002394f5a8800, 0x000002394f5a3800,
0x000002394f5ac800, 0x000002394f5ac000, 0x000002394f5af000, 0x000002394f5ad800,
0x000002394f5aa000, 0x000002394f5ae000, 0x000002394f5ab000, 0x000002394f7d6800,
0x000002394f7d6000, 0x000002394f7d7800, 0x000002394f7d8800, 0x000002394f7d9000,
0x000002394f7d5000, 0x000002394f7da000, 0x000002394f7d4000, 0x000002394f7da800,
0x000002394f7df800, 0x000002394f7e0800, 0x000002394f7de000, 0x000002394f7e1000,
0x000002394f7db800, 0x000002394f7dd000, 0x000002394f7df000, 0x000002394caae000,
0x000002394caa9800, 0x000002394caa8000, 0x000002394caaa800, 0x000002394caa9000,
0x000002394caae800, 0x000002394caab800, 0x000002394caac000, 0x000002394a5a4000,
0x000002394a5aa000, 0x000002394a5a8000, 0x000002394a5a5000, 0x000002394a5a5800,
0x000002394a5aa800, 0x000002394a5a9000, 0x000002394a5a6800, 0x000002394a5a7800,
0x000002394f393800
}

Java Threads: ( => current thread )
  0x000002392e68c000 JavaThread "main" [_thread_blocked, id=2484, stack(0x0000004786300000,0x0000004786400000)]
  0x00000239489f8000 JavaThread "Reference Handler" daemon [_thread_blocked, id=3452, stack(0x0000004786a00000,0x0000004786b00000)]
  0x0000023948a05800 JavaThread "Finalizer" daemon [_thread_blocked, id=4908, stack(0x0000004786b00000,0x0000004786c00000)]
  0x0000023948a55000 JavaThread "Signal Dispatcher" daemon [_thread_blocked, id=616, stack(0x0000004786c00000,0x0000004786d00000)]
  0x0000023948a57000 JavaThread "Attach Listener" daemon [_thread_blocked, id=3552, stack(0x0000004786d00000,0x0000004786e00000)]
  0x0000023948a59000 JavaThread "Service Thread" daemon [_thread_blocked, id=4212, stack(0x0000004786e00000,0x0000004786f00000)]
  0x0000023948a63000 JavaThread "C2 CompilerThread0" daemon [_thread_blocked, id=1516, stack(0x0000004786f00000,0x0000004787000000)]
  0x0000023948a67800 JavaThread "C1 CompilerThread0" daemon [_thread_blocked, id=1760, stack(0x0000004787000000,0x0000004787100000)]
  0x0000023948a6a800 JavaThread "Sweeper thread" daemon [_thread_blocked, id=4496, stack(0x0000004787100000,0x0000004787200000)]
  0x00000239494ef000 JavaThread "Common-Cleaner" daemon [_thread_blocked, id=3688, stack(0x0000004787200000,0x0000004787300000)]
  0x000002394b1a8800 JavaThread "Daemon health stats" [_thread_blocked, id=5784, stack(0x0000004787600000,0x0000004787700000)]
  0x00000239495f1000 JavaThread "Incoming local TCP Connector on port 54434" [_thread_in_native, id=3084, stack(0x0000004787400000,0x0000004787500000)]
  0x000002394b7d3800 JavaThread "Daemon periodic checks" [_thread_blocked, id=2852, stack(0x0000004787700000,0x0000004787800000)]
  0x000002394ac6c000 JavaThread "Daemon" [_thread_blocked, id=4960, stack(0x0000004787800000,0x0000004787900000)]
  0x000002394b654800 JavaThread "Handler for socket connection from /127.0.0.1:54434 to /127.0.0.1:54435" [_thread_in_native, id=5444, stack(0x0000004787900000,0x0000004787a00000)]
  0x000002394cb68000 JavaThread "Cancel handler" [_thread_blocked, id=5128, stack(0x0000004787a00000,0x0000004787b00000)]
  0x000002394b37f800 JavaThread "Daemon worker" [_thread_blocked, id=3516, stack(0x0000004787b00000,0x0000004787c00000)]
  0x000002394acbd000 JavaThread "Asynchronous log dispatcher for DefaultDaemonConnection: socket connection from /127.0.0.1:54434 to /127.0.0.1:54435" [_thread_blocked, id=4104, stack(0x0000004787c00000,0x0000004787d00000)]
  0x000002394b3fa800 JavaThread "Stdin handler" [_thread_blocked, id=5828, stack(0x0000004787d00000,0x0000004787e00000)]
  0x000002394b194800 JavaThread "Daemon client event forwarder" [_thread_blocked, id=1764, stack(0x0000004787e00000,0x0000004787f00000)]
  0x000002394b191000 JavaThread "Cache worker for journal cache (C:\Users\Admin\.gradle\caches\journal-1)" [_thread_blocked, id=1876, stack(0x0000004788100000,0x0000004788200000)]
  0x000002394b196000 JavaThread "File lock request listener" [_thread_in_native, id=368, stack(0x0000004788200000,0x0000004788300000)]
  0x000002394b193800 JavaThread "Cache worker for file hash cache (C:\Users\Admin\.gradle\caches\7.2\fileHashes)" [_thread_blocked, id=4276, stack(0x0000004788300000,0x0000004788400000)]
  0x000002394b190800 JavaThread "Cache worker for file hash cache (C:\Users\Admin\AndroidStudioProjects\ModerArtUI\.gradle\7.2\fileHashes)" [_thread_blocked, id=2592, stack(0x0000004788400000,0x0000004788500000)]
  0x000002394b195000 JavaThread "File watcher server" daemon [_thread_blocked, id=1704, stack(0x0000004788500000,0x0000004788600000)]
  0x000002394cb67800 JavaThread "C2 CompilerThread1" daemon [_thread_in_native, id=1720, stack(0x0000004788600000,0x0000004788700000)]
  0x000002394b197000 JavaThread "File watcher consumer" daemon [_thread_blocked, id=1164, stack(0x0000004788700000,0x0000004788800000)]
  0x000002394b192000 JavaThread "Cache worker for checksums cache (C:\Users\Admin\AndroidStudioProjects\ModerArtUI\.gradle\checksums)" [_thread_blocked, id=3636, stack(0x0000004788800000,0x0000004788900000)]
  0x000002394b193000 JavaThread "Cache worker for cache directory md-supplier (C:\Users\Admin\.gradle\caches\7.2\md-supplier)" [_thread_blocked, id=4016, stack(0x0000004788900000,0x0000004788a00000)]
  0x000002394b467000 JavaThread "Cache worker for cache directory md-rule (C:\Users\Admin\.gradle\caches\7.2\md-rule)" [_thread_blocked, id=5568, stack(0x0000004788a00000,0x0000004788b00000)]
  0x000002394b466000 JavaThread "Cache worker for execution history cache (C:\Users\Admin\.gradle\caches\7.2\executionHistory)" [_thread_blocked, id=5432, stack(0x0000004788b00000,0x0000004788c00000)]
  0x000002394b469800 JavaThread "jar transforms" [_thread_blocked, id=5364, stack(0x0000004788c00000,0x0000004788d00000)]
  0x000002394b46a000 JavaThread "Cache worker for file content cache (C:\Users\Admin\.gradle\caches\7.2\fileContent)" [_thread_blocked, id=3836, stack(0x0000004788d00000,0x0000004788e00000)]
  0x000002394b465800 JavaThread "jar transforms Thread 2" [_thread_blocked, id=4660, stack(0x0000004788e00000,0x0000004788f00000)]
  0x000002394b46f000 JavaThread "Cache worker for dependencies-accessors (C:\Users\Admin\AndroidStudioProjects\ModerArtUI\.gradle\7.2\dependencies-accessors)" [_thread_blocked, id=5076, stack(0x0000004788f00000,0x0000004789000000)]
  0x000002394b46c000 JavaThread "jar transforms Thread 3" [_thread_blocked, id=4172, stack(0x0000004789000000,0x0000004789100000)]
  0x000002394b46d800 JavaThread "Cache worker for Build Output Cleanup Cache (C:\Users\Admin\AndroidStudioProjects\ModerArtUI\.gradle\buildOutputCleanup)" [_thread_blocked, id=3956, stack(0x0000004789100000,0x0000004789200000)]
  0x000002394b472800 JavaThread "Unconstrained build operations" [_thread_blocked, id=3092, stack(0x0000004789200000,0x0000004789300000)]
  0x000002394b46e800 JavaThread "Unconstrained build operations Thread 2" [_thread_blocked, id=5440, stack(0x0000004789300000,0x0000004789400000)]
  0x000002394b470000 JavaThread "Unconstrained build operations Thread 3" [_thread_blocked, id=2556, stack(0x0000004789400000,0x0000004789500000)]
  0x000002394b471800 JavaThread "Unconstrained build operations Thread 4" [_thread_blocked, id=5376, stack(0x0000004789500000,0x0000004789600000)]
  0x000002394b46c800 JavaThread "Unconstrained build operations Thread 5" [_thread_blocked, id=5088, stack(0x0000004789600000,0x0000004789700000)]
  0x000002394b470800 JavaThread "Unconstrained build operations Thread 6" [_thread_blocked, id=1728, stack(0x0000004789700000,0x0000004789800000)]
  0x000002394b473000 JavaThread "Unconstrained build operations Thread 7" [_thread_blocked, id=3068, stack(0x0000004789800000,0x0000004789900000)]
  0x000002394f5a5000 JavaThread "Unconstrained build operations Thread 8" [_thread_blocked, id=2308, stack(0x0000004789900000,0x0000004789a00000)]
  0x000002394f5a6000 JavaThread "Unconstrained build operations Thread 9" [_thread_blocked, id=6040, stack(0x0000004789a00000,0x0000004789b00000)]
  0x000002394f5a0800 JavaThread "Unconstrained build operations Thread 10" [_thread_blocked, id=4900, stack(0x0000004789b00000,0x0000004789c00000)]
  0x000002394f5a2000 JavaThread "Unconstrained build operations Thread 11" [_thread_blocked, id=2412, stack(0x0000004789c00000,0x0000004789d00000)]
  0x000002394f5a7000 JavaThread "Unconstrained build operations Thread 12" [_thread_blocked, id=5008, stack(0x0000004789d00000,0x0000004789e00000)]
  0x000002394f5a3000 JavaThread "Unconstrained build operations Thread 13" [_thread_blocked, id=5844, stack(0x0000004789e00000,0x0000004789f00000)]
  0x000002394f5a1000 JavaThread "Unconstrained build operations Thread 14" [_thread_blocked, id=4612, stack(0x0000004789f00000,0x000000478a000000)]
  0x000002394f5a9800 JavaThread "Unconstrained build operations Thread 15" [_thread_blocked, id=180, stack(0x000000478a000000,0x000000478a100000)]
  0x000002394f5a7800 JavaThread "Unconstrained build operations Thread 16" [_thread_blocked, id=1888, stack(0x000000478a100000,0x000000478a200000)]
  0x000002394f5a4800 JavaThread "Unconstrained build operations Thread 17" [_thread_blocked, id=1236, stack(0x000000478a200000,0x000000478a300000)]
  0x000002394f5a8800 JavaThread "Unconstrained build operations Thread 18" [_thread_blocked, id=1844, stack(0x000000478a300000,0x000000478a400000)]
  0x000002394f5a3800 JavaThread "Unconstrained build operations Thread 19" [_thread_blocked, id=4992, stack(0x000000478a400000,0x000000478a500000)]
  0x000002394f5ac800 JavaThread "Unconstrained build operations Thread 20" [_thread_blocked, id=444, stack(0x000000478a500000,0x000000478a600000)]
  0x000002394f5ac000 JavaThread "Unconstrained build operations Thread 21" [_thread_blocked, id=4400, stack(0x000000478a600000,0x000000478a700000)]
  0x000002394f5af000 JavaThread "Unconstrained build operations Thread 22" [_thread_blocked, id=5324, stack(0x000000478a700000,0x000000478a800000)]
  0x000002394f5ad800 JavaThread "Unconstrained build operations Thread 23" [_thread_blocked, id=2956, stack(0x000000478a800000,0x000000478a900000)]
  0x000002394f5aa000 JavaThread "Unconstrained build operations Thread 24" [_thread_blocked, id=1044, stack(0x000000478a900000,0x000000478aa00000)]
  0x000002394f5ae000 JavaThread "Unconstrained build operations Thread 25" [_thread_blocked, id=5256, stack(0x000000478aa00000,0x000000478ab00000)]
  0x000002394f5ab000 JavaThread "Unconstrained build operations Thread 26" [_thread_blocked, id=5860, stack(0x000000478ab00000,0x000000478ac00000)]
  0x000002394f7d6800 JavaThread "Unconstrained build operations Thread 27" [_thread_blocked, id=5588, stack(0x000000478ac00000,0x000000478ad00000)]
  0x000002394f7d6000 JavaThread "Unconstrained build operations Thread 28" [_thread_blocked, id=1716, stack(0x000000478ad00000,0x000000478ae00000)]
  0x000002394f7d7800 JavaThread "Unconstrained build operations Thread 29" [_thread_blocked, id=520, stack(0x000000478ae00000,0x000000478af00000)]
  0x000002394f7d8800 JavaThread "Unconstrained build operations Thread 30" [_thread_blocked, id=6056, stack(0x000000478af00000,0x000000478b000000)]
  0x000002394f7d9000 JavaThread "Unconstrained build operations Thread 31" [_thread_blocked, id=3904, stack(0x000000478b000000,0x000000478b100000)]
  0x000002394f7d5000 JavaThread "Unconstrained build operations Thread 32" [_thread_blocked, id=864, stack(0x000000478b100000,0x000000478b200000)]
  0x000002394f7da000 JavaThread "Unconstrained build operations Thread 33" [_thread_blocked, id=4392, stack(0x000000478b200000,0x000000478b300000)]
  0x000002394f7d4000 JavaThread "Unconstrained build operations Thread 34" [_thread_blocked, id=3204, stack(0x000000478b300000,0x000000478b400000)]
  0x000002394f7da800 JavaThread "Unconstrained build operations Thread 35" [_thread_blocked, id=2948, stack(0x000000478b400000,0x000000478b500000)]
  0x000002394f7df800 JavaThread "Unconstrained build operations Thread 36" [_thread_blocked, id=2596, stack(0x000000478b500000,0x000000478b600000)]
  0x000002394f7e0800 JavaThread "Unconstrained build operations Thread 37" [_thread_blocked, id=1488, stack(0x000000478b600000,0x000000478b700000)]
  0x000002394f7de000 JavaThread "Unconstrained build operations Thread 38" [_thread_blocked, id=3192, stack(0x000000478b700000,0x000000478b800000)]
  0x000002394f7e1000 JavaThread "Unconstrained build operations Thread 39" [_thread_blocked, id=4436, stack(0x000000478b800000,0x000000478b900000)]
  0x000002394f7db800 JavaThread "Unconstrained build operations Thread 40" [_thread_blocked, id=5700, stack(0x000000478b900000,0x000000478ba00000)]
  0x000002394f7dd000 JavaThread "jar transforms Thread 4" [_thread_blocked, id=4788, stack(0x000000478ba00000,0x000000478bb00000)]
  0x000002394f7df000 JavaThread "Memory manager" [_thread_blocked, id=2248, stack(0x000000478bb00000,0x000000478bc00000)]
  0x000002394caae000 JavaThread "build event listener" [_thread_blocked, id=484, stack(0x000000478bc00000,0x000000478bd00000)]
  0x000002394caa9800 JavaThread "pool-3-thread-1" [_thread_blocked, id=304, stack(0x000000478bd00000,0x000000478be00000)]
  0x000002394caa8000 JavaThread "build event listener" [_thread_blocked, id=812, stack(0x000000478be00000,0x000000478bf00000)]
  0x000002394caaa800 JavaThread "Execution worker for ':'" [_thread_blocked, id=928, stack(0x000000478bf00000,0x000000478c000000)]
  0x000002394caa9000 JavaThread "Execution worker for ':' Thread 2" [_thread_blocked, id=1228, stack(0x000000478c000000,0x000000478c100000)]
  0x000002394caae800 JavaThread "Execution worker for ':' Thread 3" [_thread_blocked, id=3368, stack(0x000000478c100000,0x000000478c200000)]
  0x000002394caab800 JavaThread "Cache worker for execution history cache (C:\Users\Admin\AndroidStudioProjects\ModerArtUI\.gradle\7.2\executionHistory)" [_thread_blocked, id=1912, stack(0x000000478c200000,0x000000478c300000)]
  0x000002394caac000 JavaThread "WorkerExecutor Queue" [_thread_blocked, id=2660, stack(0x000000478c300000,0x000000478c400000)]
  0x000002394a5a4000 JavaThread "WorkerExecutor Queue Thread 2" [_thread_blocked, id=3992, stack(0x000000478c400000,0x000000478c500000)]
  0x000002394a5aa000 JavaThread "WorkerExecutor Queue Thread 3" [_thread_blocked, id=1244, stack(0x000000478c500000,0x000000478c600000)]
  0x000002394a5a8000 JavaThread "WorkerExecutor Queue Thread 4" [_thread_blocked, id=5288, stack(0x000000478c600000,0x000000478c700000)]
  0x000002394a5a5000 JavaThread "pool-4-thread-1" [_thread_blocked, id=5748, stack(0x000000478c700000,0x000000478c800000)]
  0x000002394a5a5800 JavaThread "stderr" [_thread_in_native, id=2416, stack(0x000000478c800000,0x000000478c900000)]
  0x000002394a5aa800 JavaThread "stdout" [_thread_in_native, id=4728, stack(0x000000478c900000,0x000000478ca00000)]
  0x000002394a5a9000 JavaThread "ForkJoinPool-1-worker-3" daemon [_thread_blocked, id=3988, stack(0x000000478ca00000,0x000000478cb00000)]
  0x000002394a5a6800 JavaThread "ForkJoinPool-1-worker-5" daemon [_thread_blocked, id=2964, stack(0x000000478cb00000,0x000000478cc00000)]
  0x000002394a5a7800 JavaThread "ForkJoinPool-1-worker-7" daemon [_thread_blocked, id=4972, stack(0x000000478cc00000,0x000000478cd00000)]
  0x000002394f393800 JavaThread "ForkJoinPool-1-worker-1" daemon [_thread_blocked, id=2468, stack(0x000000478cd00000,0x000000478ce00000)]

Other Threads:
=>0x00000239489f0800 VMThread "VM Thread" [stack: 0x0000004786900000,0x0000004786a00000] [id=1500]
  0x000002394953e000 WatcherThread [stack: 0x0000004787300000,0x0000004787400000] [id=1632]
  0x000002392e6a4000 GCTaskThread "GC Thread#0" [stack: 0x0000004786400000,0x0000004786500000] [id=5620]
  0x0000023949b8d800 GCTaskThread "GC Thread#1" [stack: 0x0000004787500000,0x0000004787600000] [id=584]
  0x000002394a1a1000 GCTaskThread "GC Thread#2" [stack: 0x0000004787f00000,0x0000004788000000] [id=3800]
  0x000002394a8ba000 GCTaskThread "GC Thread#3" [stack: 0x0000004788000000,0x0000004788100000] [id=980]
  0x000002392e6d6800 ConcurrentGCThread "G1 Main Marker" [stack: 0x0000004786500000,0x0000004786600000] [id=5576]
  0x000002392e6d7800 ConcurrentGCThread "G1 Conc#0" [stack: 0x0000004786600000,0x0000004786700000] [id=5068]
  0x000002392e72e800 ConcurrentGCThread "G1 Refine#0" [stack: 0x0000004786700000,0x0000004786800000] [id=2904]
  0x000002394effa800 ConcurrentGCThread "G1 Refine#1" [stack: 0x000000478ce00000,0x000000478cf00000] [id=1456]
  0x000002392e72f800 ConcurrentGCThread "G1 Young RemSet Sampling" [stack: 0x0000004786800000,0x0000004786900000] [id=5608]

Threads with active compile tasks:
C2 CompilerThread0  32805 12116       4       com.android.tools.r8.graph.T1::a (25 bytes)
C2 CompilerThread1  32805 12043       4       com.android.tools.r8.graph.X0::a (30 bytes)

VM state:at safepoint (normal execution)

VM Mutex/Monitor currently owned by a thread:  ([mutex/lock_event])
[0x000002392e6889a0] Threads_lock - owner thread: 0x00000239489f0800
[0x000002392e68a1d0] Heap_lock - owner thread: 0x000002394a5a8000

Heap address: 0x0000000080000000, size: 2048 MB, Compressed Oops mode: 32-bit
Narrow klass base: 0x0000000000000000, Narrow klass shift: 3
Compressed class space size: 1073741824 Address: 0x0000000100000000

Heap:
 garbage-first heap   total 290816K, used 138070K [0x0000000080000000, 0x0000000100000000)
  region size 1024K, 3 young (3072K), 3 survivors (3072K)
 Metaspace       used 97004K, capacity 99440K, committed 99756K, reserved 1134592K
  class space    used 12704K, capacity 13649K, committed 13740K, reserved 1048576K
Heap Regions: E=young(eden), S=young(survivor), O=old, HS=humongous(starts), HC=humongous(continues), CS=collection set, F=free, A=archive, TAMS=top-at-mark-start (previous, next)
|   0|0x0000000080000000, 0x0000000080100000, 0x0000000080100000|100%| O|  |TAMS 0x0000000080100000, 0x0000000080000000| Untracked 
|   1|0x0000000080100000, 0x0000000080200000, 0x0000000080200000|100%| O|  |TAMS 0x0000000080200000, 0x0000000080100000| Complete 
|   2|0x0000000080200000, 0x0000000080300000, 0x0000000080300000|100%| O|  |TAMS 0x0000000080300000, 0x0000000080200000| Untracked 
|   3|0x0000000080300000, 0x0000000080400000, 0x0000000080400000|100%|HS|  |TAMS 0x0000000080400000, 0x0000000080300000| Complete 
|   4|0x0000000080400000, 0x0000000080500000, 0x0000000080500000|100%|HC|  |TAMS 0x0000000080500000, 0x0000000080400000| Complete 
|   5|0x0000000080500000, 0x0000000080600000, 0x0000000080600000|100%|HC|  |TAMS 0x0000000080600000, 0x0000000080500000| Complete 
|   6|0x0000000080600000, 0x0000000080700000, 0x0000000080700000|100%| O|  |TAMS 0x0000000080700000, 0x0000000080600000| Untracked 
|   7|0x0000000080700000, 0x0000000080800000, 0x0000000080800000|100%| O|  |TAMS 0x0000000080800000, 0x0000000080700000| Untracked 
|   8|0x0000000080800000, 0x0000000080900000, 0x0000000080900000|100%| O|  |TAMS 0x0000000080900000, 0x0000000080800000| Complete 
|   9|0x0000000080900000, 0x0000000080a00000, 0x0000000080a00000|100%| O|  |TAMS 0x0000000080a00000, 0x0000000080900000| Untracked 
|  10|0x0000000080a00000, 0x0000000080b00000, 0x0000000080b00000|100%| O|  |TAMS 0x0000000080b00000, 0x0000000080a00000| Untracked 
|  11|0x0000000080b00000, 0x0000000080c00000, 0x0000000080c00000|100%| O|  |TAMS 0x0000000080c00000, 0x0000000080b00000| Untracked 
|  12|0x0000000080c00000, 0x0000000080d00000, 0x0000000080d00000|100%| O|  |TAMS 0x0000000080d00000, 0x0000000080c00000| Untracked 
|  13|0x0000000080d00000, 0x0000000080e00000, 0x0000000080e00000|100%| O|  |TAMS 0x0000000080e00000, 0x0000000080d00000| Untracked 
|  14|0x0000000080e00000, 0x0000000080f00000, 0x0000000080f00000|100%| O|  |TAMS 0x0000000080f00000, 0x0000000080e00000| Untracked 
|  15|0x0000000080f00000, 0x0000000081000000, 0x0000000081000000|100%| O|  |TAMS 0x0000000081000000, 0x0000000080f00000| Untracked 
|  16|0x0000000081000000, 0x0000000081100000, 0x0000000081100000|100%| O|  |TAMS 0x0000000081100000, 0x0000000081000000| Untracked 
|  17|0x0000000081100000, 0x0000000081200000, 0x0000000081200000|100%| O|  |TAMS 0x0000000081200000, 0x0000000081100000| Untracked 
|  18|0x0000000081200000, 0x0000000081300000, 0x0000000081300000|100%| O|  |TAMS 0x0000000081300000, 0x0000000081200000| Untracked 
|  19|0x0000000081300000, 0x0000000081400000, 0x0000000081400000|100%| O|  |TAMS 0x0000000081400000, 0x0000000081300000| Complete 
|  20|0x0000000081400000, 0x0000000081500000, 0x0000000081500000|100%| O|  |TAMS 0x0000000081500000, 0x0000000081400000| Untracked 
|  21|0x0000000081500000, 0x0000000081600000, 0x0000000081600000|100%| O|  |TAMS 0x0000000081600000, 0x0000000081500000| Untracked 
|  22|0x0000000081600000, 0x0000000081700000, 0x0000000081700000|100%| O|  |TAMS 0x0000000081700000, 0x0000000081600000| Complete 
|  23|0x0000000081700000, 0x0000000081800000, 0x0000000081800000|100%| O|  |TAMS 0x0000000081800000, 0x0000000081700000| Untracked 
|  24|0x0000000081800000, 0x0000000081900000, 0x0000000081900000|100%| O|  |TAMS 0x0000000081900000, 0x0000000081800000| Untracked 
|  25|0x0000000081900000, 0x0000000081a00000, 0x0000000081a00000|100%| O|  |TAMS 0x0000000081a00000, 0x0000000081900000| Untracked 
|  26|0x0000000081a00000, 0x0000000081b00000, 0x0000000081b00000|100%| O|  |TAMS 0x0000000081b00000, 0x0000000081a00000| Untracked 
|  27|0x0000000081b00000, 0x0000000081c00000, 0x0000000081c00000|100%| O|  |TAMS 0x0000000081c00000, 0x0000000081b00000| Complete 
|  28|0x0000000081c00000, 0x0000000081d00000, 0x0000000081d00000|100%|HS|  |TAMS 0x0000000081d00000, 0x0000000081c00000| Complete 
|  29|0x0000000081d00000, 0x0000000081e00000, 0x0000000081e00000|100%|HS|  |TAMS 0x0000000081e00000, 0x0000000081d00000| Complete 
|  30|0x0000000081e00000, 0x0000000081f00000, 0x0000000081f00000|100%|HS|  |TAMS 0x0000000081f00000, 0x0000000081e00000| Complete 
|  31|0x0000000081f00000, 0x0000000082000000, 0x0000000082000000|100%|HS|  |TAMS 0x0000000082000000, 0x0000000081f00000| Complete 
|  32|0x0000000082000000, 0x0000000082100000, 0x0000000082100000|100%|HC|  |TAMS 0x0000000082100000, 0x0000000082000000| Complete 
|  33|0x0000000082100000, 0x0000000082200000, 0x0000000082200000|100%| O|  |TAMS 0x0000000082200000, 0x0000000082100000| Untracked 
|  34|0x0000000082200000, 0x0000000082300000, 0x0000000082300000|100%| O|  |TAMS 0x0000000082300000, 0x0000000082200000| Untracked 
|  35|0x0000000082300000, 0x0000000082400000, 0x0000000082400000|100%| O|  |TAMS 0x0000000082400000, 0x0000000082300000| Untracked 
|  36|0x0000000082400000, 0x0000000082500000, 0x0000000082500000|100%| O|  |TAMS 0x0000000082500000, 0x0000000082400000| Untracked 
|  37|0x0000000082500000, 0x0000000082600000, 0x0000000082600000|100%| O|  |TAMS 0x0000000082600000, 0x0000000082500000| Untracked 
|  38|0x0000000082600000, 0x0000000082700000, 0x0000000082700000|100%| O|  |TAMS 0x0000000082700000, 0x0000000082600000| Untracked 
|  39|0x0000000082700000, 0x0000000082800000, 0x0000000082800000|100%| O|  |TAMS 0x0000000082800000, 0x0000000082700000| Untracked 
|  40|0x0000000082800000, 0x0000000082900000, 0x0000000082900000|100%| O|  |TAMS 0x0000000082900000, 0x0000000082800000| Untracked 
|  41|0x0000000082900000, 0x0000000082a00000, 0x0000000082a00000|100%| O|  |TAMS 0x0000000082a00000, 0x0000000082900000| Untracked 
|  42|0x0000000082a00000, 0x0000000082b00000, 0x0000000082b00000|100%| O|  |TAMS 0x0000000082b00000, 0x0000000082a00000| Untracked 
|  43|0x0000000082b00000, 0x0000000082c00000, 0x0000000082c00000|100%| O|  |TAMS 0x0000000082c00000, 0x0000000082b00000| Complete 
|  44|0x0000000082c00000, 0x0000000082d00000, 0x0000000082d00000|100%| O|  |TAMS 0x0000000082d00000, 0x0000000082c00000| Untracked 
|  45|0x0000000082d00000, 0x0000000082e00000, 0x0000000082e00000|100%| O|  |TAMS 0x0000000082e00000, 0x0000000082d00000| Untracked 
|  46|0x0000000082e00000, 0x0000000082f00000, 0x0000000082f00000|100%| O|  |TAMS 0x0000000082f00000, 0x0000000082e00000| Untracked 
|  47|0x0000000082f00000, 0x0000000083000000, 0x0000000083000000|100%| O|  |TAMS 0x0000000083000000, 0x0000000082f00000| Untracked 
|  48|0x0000000083000000, 0x0000000083100000, 0x0000000083100000|100%| O|  |TAMS 0x0000000083100000, 0x0000000083000000| Untracked 
|  49|0x0000000083100000, 0x0000000083200000, 0x0000000083200000|100%| O|  |TAMS 0x0000000083200000, 0x0000000083100000| Untracked 
|  50|0x0000000083200000, 0x0000000083300000, 0x0000000083300000|100%| O|  |TAMS 0x0000000083300000, 0x0000000083200000| Complete 
|  51|0x0000000083300000, 0x0000000083400000, 0x0000000083400000|100%| O|  |TAMS 0x0000000083400000, 0x0000000083300000| Untracked 
|  52|0x0000000083400000, 0x0000000083500000, 0x0000000083500000|100%| O|  |TAMS 0x0000000083500000, 0x0000000083400000| Untracked 
|  53|0x0000000083500000, 0x0000000083600000, 0x0000000083600000|100%| O|  |TAMS 0x0000000083600000, 0x0000000083500000| Untracked 
|  54|0x0000000083600000, 0x0000000083700000, 0x0000000083700000|100%| O|  |TAMS 0x0000000083700000, 0x0000000083600000| Untracked 
|  55|0x0000000083700000, 0x0000000083800000, 0x0000000083800000|100%| O|  |TAMS 0x0000000083800000, 0x0000000083700000| Complete 
|  56|0x0000000083800000, 0x0000000083900000, 0x0000000083900000|100%| O|  |TAMS 0x0000000083900000, 0x0000000083800000| Untracked 
|  57|0x0000000083900000, 0x0000000083a00000, 0x0000000083a00000|100%| O|  |TAMS 0x0000000083a00000, 0x0000000083900000| Untracked 
|  58|0x0000000083a00000, 0x0000000083b00000, 0x0000000083b00000|100%| O|  |TAMS 0x0000000083b00000, 0x0000000083a00000| Complete 
|  59|0x0000000083b00000, 0x0000000083c00000, 0x0000000083c00000|100%| O|  |TAMS 0x0000000083c00000, 0x0000000083b00000| Untracked 
|  60|0x0000000083c00000, 0x0000000083d00000, 0x0000000083d00000|100%| O|  |TAMS 0x0000000083d00000, 0x0000000083c00000| Untracked 
|  61|0x0000000083d00000, 0x0000000083e00000, 0x0000000083e00000|100%| O|  |TAMS 0x0000000083e00000, 0x0000000083d00000| Untracked 
|  62|0x0000000083e00000, 0x0000000083f00000, 0x0000000083f00000|100%| O|  |TAMS 0x0000000083f00000, 0x0000000083e00000| Untracked 
|  63|0x0000000083f00000, 0x0000000084000000, 0x0000000084000000|100%| O|  |TAMS 0x0000000084000000, 0x0000000083f00000| Untracked 
|  64|0x0000000084000000, 0x0000000084100000, 0x0000000084100000|100%| O|  |TAMS 0x0000000084100000, 0x0000000084000000| Untracked 
|  65|0x0000000084100000, 0x0000000084200000, 0x0000000084200000|100%| O|  |TAMS 0x0000000084200000, 0x0000000084100000| Untracked 
|  66|0x0000000084200000, 0x0000000084300000, 0x0000000084300000|100%| O|  |TAMS 0x0000000084300000, 0x0000000084200000| Complete 
|  67|0x0000000084300000, 0x0000000084400000, 0x0000000084400000|100%| O|  |TAMS 0x0000000084400000, 0x0000000084300000| Untracked 
|  68|0x0000000084400000, 0x0000000084500000, 0x0000000084500000|100%| O|  |TAMS 0x0000000084500000, 0x0000000084400000| Untracked 
|  69|0x0000000084500000, 0x0000000084600000, 0x0000000084600000|100%| O|  |TAMS 0x0000000084600000, 0x0000000084500000| Untracked 
|  70|0x0000000084600000, 0x0000000084700000, 0x0000000084700000|100%| O|  |TAMS 0x0000000084700000, 0x0000000084600000| Complete 
|  71|0x0000000084700000, 0x0000000084800000, 0x0000000084800000|100%| O|  |TAMS 0x0000000084800000, 0x0000000084700000| Complete 
|  72|0x0000000084800000, 0x0000000084900000, 0x0000000084900000|100%|HS|  |TAMS 0x0000000084900000, 0x0000000084800000| Complete 
|  73|0x0000000084900000, 0x0000000084a00000, 0x0000000084a00000|100%|HC|  |TAMS 0x0000000084a00000, 0x0000000084900000| Complete 
|  74|0x0000000084a00000, 0x0000000084b00000, 0x0000000084b00000|100%|HS|  |TAMS 0x0000000084b00000, 0x0000000084a00000| Complete 
|  75|0x0000000084b00000, 0x0000000084c00000, 0x0000000084c00000|100%|HS|  |TAMS 0x0000000084c00000, 0x0000000084b00000| Complete 
|  76|0x0000000084c00000, 0x0000000084d00000, 0x0000000084d00000|100%|HS|  |TAMS 0x0000000084d00000, 0x0000000084c00000| Complete 
|  77|0x0000000084d00000, 0x0000000084e00000, 0x0000000084e00000|100%| O|  |TAMS 0x0000000084e00000, 0x0000000084d00000| Untracked 
|  78|0x0000000084e00000, 0x0000000084f00000, 0x0000000084f00000|100%| O|  |TAMS 0x0000000084f00000, 0x0000000084e00000| Untracked 
|  79|0x0000000084f00000, 0x0000000085000000, 0x0000000085000000|100%| O|  |TAMS 0x0000000084f00000, 0x0000000084f00000| Untracked 
|  80|0x0000000085000000, 0x0000000085100000, 0x0000000085100000|100%| O|  |TAMS 0x0000000085000000, 0x0000000085000000| Untracked 
|  81|0x0000000085100000, 0x0000000085200000, 0x0000000085200000|100%| O|  |TAMS 0x0000000085200000, 0x0000000085100000| Untracked 
|  82|0x0000000085200000, 0x0000000085200000, 0x0000000085300000|  0%| F|  |TAMS 0x0000000085200000, 0x0000000085200000| Untracked 
|  83|0x0000000085300000, 0x0000000085400000, 0x0000000085400000|100%| O|  |TAMS 0x0000000085400000, 0x0000000085300000| Untracked 
|  84|0x0000000085400000, 0x0000000085400000, 0x0000000085500000|  0%| F|  |TAMS 0x0000000085400000, 0x0000000085400000| Untracked 
|  85|0x0000000085500000, 0x0000000085600000, 0x0000000085600000|100%| O|  |TAMS 0x0000000085600000, 0x0000000085500000| Untracked 
|  86|0x0000000085600000, 0x0000000085600000, 0x0000000085700000|  0%| F|  |TAMS 0x0000000085600000, 0x0000000085600000| Untracked 
|  87|0x0000000085700000, 0x0000000085800000, 0x0000000085800000|100%| O|  |TAMS 0x0000000085800000, 0x0000000085700000| Complete 
|  88|0x0000000085800000, 0x0000000085900000, 0x0000000085900000|100%| O|  |TAMS 0x0000000085900000, 0x0000000085800000| Complete 
|  89|0x0000000085900000, 0x0000000085a00000, 0x0000000085a00000|100%| O|  |TAMS 0x0000000085a00000, 0x0000000085900000| Untracked 
|  90|0x0000000085a00000, 0x0000000085b00000, 0x0000000085b00000|100%| O|  |TAMS 0x0000000085b00000, 0x0000000085a00000| Complete 
|  91|0x0000000085b00000, 0x0000000085c00000, 0x0000000085c00000|100%| O|  |TAMS 0x0000000085c00000, 0x0000000085b00000| Complete 
|  92|0x0000000085c00000, 0x0000000085d00000, 0x0000000085d00000|100%| O|  |TAMS 0x0000000085d00000, 0x0000000085c00000| Complete 
|  93|0x0000000085d00000, 0x0000000085e00000, 0x0000000085e00000|100%| O|  |TAMS 0x0000000085e00000, 0x0000000085d00000| Complete 
|  94|0x0000000085e00000, 0x0000000085f00000, 0x0000000085f00000|100%| O|  |TAMS 0x0000000085f00000, 0x0000000085e00000| Complete 
|  95|0x0000000085f00000, 0x0000000086000000, 0x0000000086000000|100%| O|  |TAMS 0x0000000086000000, 0x0000000085f00000| Complete 
|  96|0x0000000086000000, 0x0000000086100000, 0x0000000086100000|100%| O|  |TAMS 0x0000000086100000, 0x0000000086000000| Complete 
|  97|0x0000000086100000, 0x0000000086200000, 0x0000000086200000|100%| O|  |TAMS 0x0000000086200000, 0x0000000086100000| Untracked 
|  98|0x0000000086200000, 0x0000000086300000, 0x0000000086300000|100%| O|  |TAMS 0x0000000086300000, 0x0000000086200000| Untracked 
|  99|0x0000000086300000, 0x0000000086400000, 0x0000000086400000|100%| O|  |TAMS 0x0000000086400000, 0x0000000086300000| Untracked 
| 100|0x0000000086400000, 0x0000000086500000, 0x0000000086500000|100%| O|  |TAMS 0x0000000086500000, 0x0000000086400000| Untracked 
| 101|0x0000000086500000, 0x0000000086600000, 0x0000000086600000|100%| O|  |TAMS 0x0000000086600000, 0x0000000086500000| Complete 
| 102|0x0000000086600000, 0x0000000086700000, 0x0000000086700000|100%| O|  |TAMS 0x0000000086700000, 0x0000000086600000| Complete 
| 103|0x0000000086700000, 0x0000000086800000, 0x0000000086800000|100%| O|  |TAMS 0x0000000086800000, 0x0000000086700000| Untracked 
| 104|0x0000000086800000, 0x0000000086900000, 0x0000000086900000|100%| O|  |TAMS 0x0000000086900000, 0x0000000086800000| Untracked 
| 105|0x0000000086900000, 0x0000000086a00000, 0x0000000086a00000|100%| O|  |TAMS 0x0000000086a00000, 0x0000000086900000| Untracked 
| 106|0x0000000086a00000, 0x0000000086b00000, 0x0000000086b00000|100%| O|  |TAMS 0x0000000086b00000, 0x0000000086a00000| Untracked 
| 107|0x0000000086b00000, 0x0000000086c00000, 0x0000000086c00000|100%| O|  |TAMS 0x0000000086c00000, 0x0000000086b00000| Untracked 
| 108|0x0000000086c00000, 0x0000000086d00000, 0x0000000086d00000|100%| O|  |TAMS 0x0000000086d00000, 0x0000000086c00000| Untracked 
| 109|0x0000000086d00000, 0x0000000086e00000, 0x0000000086e00000|100%| O|  |TAMS 0x0000000086e00000, 0x0000000086d00000| Untracked 
| 110|0x0000000086e00000, 0x0000000086f00000, 0x0000000086f00000|100%| O|  |TAMS 0x0000000086f00000, 0x0000000086e00000| Untracked 
| 111|0x0000000086f00000, 0x0000000087000000, 0x0000000087000000|100%| O|  |TAMS 0x0000000087000000, 0x0000000086f00000| Complete 
| 112|0x0000000087000000, 0x0000000087100000, 0x0000000087100000|100%| O|  |TAMS 0x0000000087100000, 0x0000000087000000| Complete 
| 113|0x0000000087100000, 0x0000000087200000, 0x0000000087200000|100%| O|  |TAMS 0x0000000087200000, 0x0000000087100000| Complete 
| 114|0x0000000087200000, 0x0000000087300000, 0x0000000087300000|100%| O|  |TAMS 0x0000000087300000, 0x0000000087200000| Complete 
| 115|0x0000000087300000, 0x0000000087400000, 0x0000000087400000|100%| O|  |TAMS 0x0000000087400000, 0x0000000087300000| Complete 
| 116|0x0000000087400000, 0x0000000087500000, 0x0000000087500000|100%| O|  |TAMS 0x0000000087500000, 0x0000000087400000| Untracked 
| 117|0x0000000087500000, 0x0000000087600000, 0x0000000087600000|100%| O|  |TAMS 0x0000000087600000, 0x0000000087500000| Untracked 
| 118|0x0000000087600000, 0x0000000087700000, 0x0000000087700000|100%| O|  |TAMS 0x0000000087700000, 0x0000000087600000| Untracked 
| 119|0x0000000087700000, 0x0000000087800000, 0x0000000087800000|100%| O|  |TAMS 0x0000000087800000, 0x0000000087700000| Untracked 
| 120|0x0000000087800000, 0x0000000087900000, 0x0000000087900000|100%| O|  |TAMS 0x0000000087900000, 0x0000000087800000| Complete 
| 121|0x0000000087900000, 0x0000000087a00000, 0x0000000087a00000|100%| O|  |TAMS 0x0000000087a00000, 0x0000000087900000| Untracked 
| 122|0x0000000087a00000, 0x0000000087b00000, 0x0000000087b00000|100%| O|  |TAMS 0x0000000087b00000, 0x0000000087a00000| Untracked 
| 123|0x0000000087b00000, 0x0000000087c00000, 0x0000000087c00000|100%| O|  |TAMS 0x0000000087c00000, 0x0000000087b00000| Complete 
| 124|0x0000000087c00000, 0x0000000087d00000, 0x0000000087d00000|100%| O|  |TAMS 0x0000000087d00000, 0x0000000087c00000| Complete 
| 125|0x0000000087d00000, 0x0000000087e00000, 0x0000000087e00000|100%| O|  |TAMS 0x0000000087e00000, 0x0000000087d00000| Untracked 
| 126|0x0000000087e00000, 0x0000000087f00000, 0x0000000087f00000|100%| O|  |TAMS 0x0000000087f00000, 0x0000000087e00000| Complete 
| 127|0x0000000087f00000, 0x0000000088000000, 0x0000000088000000|100%| O|  |TAMS 0x0000000088000000, 0x0000000087f00000| Complete 
| 128|0x0000000088000000, 0x0000000088100000, 0x0000000088100000|100%| O|  |TAMS 0x0000000088100000, 0x0000000088000000| Complete 
| 129|0x0000000088100000, 0x0000000088200000, 0x0000000088200000|100%| O|  |TAMS 0x0000000088200000, 0x0000000088100000| Untracked 
| 130|0x0000000088200000, 0x0000000088300000, 0x0000000088300000|100%| O|  |TAMS 0x0000000088300000, 0x0000000088200000| Untracked 
| 131|0x0000000088300000, 0x0000000088400000, 0x0000000088400000|100%| O|  |TAMS 0x0000000088400000, 0x0000000088300000| Untracked 
| 132|0x0000000088400000, 0x0000000088500000, 0x0000000088500000|100%| O|  |TAMS 0x0000000088500000, 0x0000000088400000| Untracked 
| 133|0x0000000088500000, 0x0000000088600000, 0x0000000088600000|100%| O|  |TAMS 0x0000000088600000, 0x0000000088500000| Complete 
| 134|0x0000000088600000, 0x0000000088700000, 0x0000000088700000|100%| O|  |TAMS 0x0000000088680000, 0x0000000088600000| Untracked 
| 135|0x0000000088700000, 0x0000000088700000, 0x0000000088800000|  0%| F|  |TAMS 0x0000000088700000, 0x0000000088700000| Untracked 
| 136|0x0000000088800000, 0x0000000088800000, 0x0000000088900000|  0%| F|  |TAMS 0x0000000088800000, 0x0000000088800000| Untracked 
| 137|0x0000000088900000, 0x0000000088900000, 0x0000000088a00000|  0%| F|  |TAMS 0x0000000088900000, 0x0000000088900000| Untracked 
| 138|0x0000000088a00000, 0x0000000088a00000, 0x0000000088b00000|  0%| F|  |TAMS 0x0000000088a00000, 0x0000000088a00000| Untracked 
| 139|0x0000000088b00000, 0x0000000088b00000, 0x0000000088c00000|  0%| F|  |TAMS 0x0000000088b00000, 0x0000000088b00000| Untracked 
| 140|0x0000000088c00000, 0x0000000088c00000, 0x0000000088d00000|  0%| F|  |TAMS 0x0000000088c00000, 0x0000000088c00000| Untracked 
| 141|0x0000000088d00000, 0x0000000088d00000, 0x0000000088e00000|  0%| F|  |TAMS 0x0000000088d00000, 0x0000000088d00000| Untracked 
| 142|0x0000000088e00000, 0x0000000088e00000, 0x0000000088f00000|  0%| F|  |TAMS 0x0000000088e00000, 0x0000000088e00000| Untracked 
| 143|0x0000000088f00000, 0x0000000088f00000, 0x0000000089000000|  0%| F|  |TAMS 0x0000000088f00000, 0x0000000088f00000| Untracked 
| 144|0x0000000089000000, 0x0000000089000000, 0x0000000089100000|  0%| F|  |TAMS 0x0000000089000000, 0x0000000089000000| Untracked 
| 145|0x0000000089100000, 0x0000000089100000, 0x0000000089200000|  0%| F|  |TAMS 0x0000000089100000, 0x0000000089100000| Untracked 
| 146|0x0000000089200000, 0x0000000089200000, 0x0000000089300000|  0%| F|  |TAMS 0x0000000089200000, 0x0000000089200000| Untracked 
| 147|0x0000000089300000, 0x0000000089300000, 0x0000000089400000|  0%| F|  |TAMS 0x0000000089300000, 0x0000000089300000| Untracked 
| 148|0x0000000089400000, 0x0000000089400000, 0x0000000089500000|  0%| F|  |TAMS 0x0000000089400000, 0x0000000089400000| Untracked 
| 149|0x0000000089500000, 0x0000000089500000, 0x0000000089600000|  0%| F|  |TAMS 0x0000000089500000, 0x0000000089500000| Untracked 
| 150|0x0000000089600000, 0x0000000089600000, 0x0000000089700000|  0%| F|  |TAMS 0x0000000089600000, 0x0000000089600000| Untracked 
| 151|0x0000000089700000, 0x0000000089700000, 0x0000000089800000|  0%| F|  |TAMS 0x0000000089700000, 0x0000000089700000| Untracked 
| 152|0x0000000089800000, 0x0000000089800000, 0x0000000089900000|  0%| F|  |TAMS 0x0000000089800000, 0x0000000089800000| Untracked 
| 153|0x0000000089900000, 0x0000000089900000, 0x0000000089a00000|  0%| F|  |TAMS 0x0000000089900000, 0x0000000089900000| Untracked 
| 154|0x0000000089a00000, 0x0000000089a00000, 0x0000000089b00000|  0%| F|  |TAMS 0x0000000089a00000, 0x0000000089a00000| Untracked 
| 155|0x0000000089b00000, 0x0000000089b00000, 0x0000000089c00000|  0%| F|  |TAMS 0x0000000089b00000, 0x0000000089b00000| Untracked 
| 156|0x0000000089c00000, 0x0000000089c00000, 0x0000000089d00000|  0%| F|  |TAMS 0x0000000089c00000, 0x0000000089c00000| Untracked 
| 157|0x0000000089d00000, 0x0000000089d00000, 0x0000000089e00000|  0%| F|  |TAMS 0x0000000089d00000, 0x0000000089d00000| Untracked 
| 158|0x0000000089e00000, 0x0000000089e00000, 0x0000000089f00000|  0%| F|  |TAMS 0x0000000089e00000, 0x0000000089e00000| Untracked 
| 159|0x0000000089f00000, 0x0000000089f00000, 0x000000008a000000|  0%| F|  |TAMS 0x0000000089f00000, 0x0000000089f00000| Untracked 
| 160|0x000000008a000000, 0x000000008a000000, 0x000000008a100000|  0%| F|  |TAMS 0x000000008a000000, 0x000000008a000000| Untracked 
| 161|0x000000008a100000, 0x000000008a100000, 0x000000008a200000|  0%| F|  |TAMS 0x000000008a100000, 0x000000008a100000| Untracked 
| 162|0x000000008a200000, 0x000000008a200000, 0x000000008a300000|  0%| F|  |TAMS 0x000000008a200000, 0x000000008a200000| Untracked 
| 163|0x000000008a300000, 0x000000008a300000, 0x000000008a400000|  0%| F|  |TAMS 0x000000008a300000, 0x000000008a300000| Untracked 
| 164|0x000000008a400000, 0x000000008a400000, 0x000000008a500000|  0%| F|  |TAMS 0x000000008a400000, 0x000000008a400000| Untracked 
| 165|0x000000008a500000, 0x000000008a500000, 0x000000008a600000|  0%| F|  |TAMS 0x000000008a500000, 0x000000008a500000| Untracked 
| 166|0x000000008a600000, 0x000000008a600000, 0x000000008a700000|  0%| F|  |TAMS 0x000000008a600000, 0x000000008a600000| Untracked 
| 167|0x000000008a700000, 0x000000008a700000, 0x000000008a800000|  0%| F|  |TAMS 0x000000008a700000, 0x000000008a700000| Untracked 
| 168|0x000000008a800000, 0x000000008a8d5ba0, 0x000000008a900000| 83%| S|CS|TAMS 0x000000008a800000, 0x000000008a800000| Complete 
| 169|0x000000008a900000, 0x000000008aa00000, 0x000000008aa00000|100%| S|CS|TAMS 0x000000008a900000, 0x000000008a900000| Complete 
| 170|0x000000008aa00000, 0x000000008aa00000, 0x000000008ab00000|  0%| F|  |TAMS 0x000000008aa00000, 0x000000008aa00000| Untracked 
| 171|0x000000008ab00000, 0x000000008ab00000, 0x000000008ac00000|  0%| F|  |TAMS 0x000000008ab00000, 0x000000008ab00000| Untracked 
| 172|0x000000008ac00000, 0x000000008ac00000, 0x000000008ad00000|  0%| F|  |TAMS 0x000000008ac00000, 0x000000008ac00000| Untracked 
| 173|0x000000008ad00000, 0x000000008ae00000, 0x000000008ae00000|100%| S|CS|TAMS 0x000000008ad00000, 0x000000008ad00000| Complete 
| 174|0x000000008ae00000, 0x000000008ae00000, 0x000000008af00000|  0%| F|  |TAMS 0x000000008ae00000, 0x000000008ae00000| Untracked 
| 175|0x000000008af00000, 0x000000008af00000, 0x000000008b000000|  0%| F|  |TAMS 0x000000008af00000, 0x000000008af00000| Untracked 
| 176|0x000000008b000000, 0x000000008b000000, 0x000000008b100000|  0%| F|  |TAMS 0x000000008b000000, 0x000000008b000000| Untracked 
| 177|0x000000008b100000, 0x000000008b100000, 0x000000008b200000|  0%| F|  |TAMS 0x000000008b100000, 0x000000008b100000| Untracked 
| 178|0x000000008b200000, 0x000000008b200000, 0x000000008b300000|  0%| F|  |TAMS 0x000000008b200000, 0x000000008b200000| Untracked 
| 179|0x000000008b300000, 0x000000008b300000, 0x000000008b400000|  0%| F|  |TAMS 0x000000008b300000, 0x000000008b300000| Untracked 
| 180|0x000000008b400000, 0x000000008b400000, 0x000000008b500000|  0%| F|  |TAMS 0x000000008b400000, 0x000000008b400000| Untracked 
| 181|0x000000008b500000, 0x000000008b500000, 0x000000008b600000|  0%| F|  |TAMS 0x000000008b500000, 0x000000008b500000| Untracked 
| 182|0x000000008b600000, 0x000000008b600000, 0x000000008b700000|  0%| F|  |TAMS 0x000000008b600000, 0x000000008b600000| Untracked 
| 183|0x000000008b700000, 0x000000008b700000, 0x000000008b800000|  0%| F|  |TAMS 0x000000008b700000, 0x000000008b700000| Untracked 
| 184|0x000000008b800000, 0x000000008b800000, 0x000000008b900000|  0%| F|  |TAMS 0x000000008b800000, 0x000000008b800000| Untracked 
| 185|0x000000008b900000, 0x000000008b900000, 0x000000008ba00000|  0%| F|  |TAMS 0x000000008b900000, 0x000000008b900000| Untracked 
| 186|0x000000008ba00000, 0x000000008ba00000, 0x000000008bb00000|  0%| F|  |TAMS 0x000000008ba00000, 0x000000008ba00000| Untracked 
| 187|0x000000008bb00000, 0x000000008bb00000, 0x000000008bc00000|  0%| F|  |TAMS 0x000000008bb00000, 0x000000008bb00000| Untracked 
| 188|0x000000008bc00000, 0x000000008bc00000, 0x000000008bd00000|  0%| F|  |TAMS 0x000000008bc00000, 0x000000008bc00000| Untracked 
| 189|0x000000008bd00000, 0x000000008bd00000, 0x000000008be00000|  0%| F|  |TAMS 0x000000008bd00000, 0x000000008bd00000| Untracked 
| 190|0x000000008be00000, 0x000000008be00000, 0x000000008bf00000|  0%| F|  |TAMS 0x000000008be00000, 0x000000008be00000| Untracked 
| 191|0x000000008bf00000, 0x000000008bf00000, 0x000000008c000000|  0%| F|  |TAMS 0x000000008bf00000, 0x000000008bf00000| Untracked 
| 192|0x000000008c000000, 0x000000008c000000, 0x000000008c100000|  0%| F|  |TAMS 0x000000008c000000, 0x000000008c000000| Untracked 
| 193|0x000000008c100000, 0x000000008c100000, 0x000000008c200000|  0%| F|  |TAMS 0x000000008c100000, 0x000000008c100000| Untracked 
| 194|0x000000008c200000, 0x000000008c200000, 0x000000008c300000|  0%| F|  |TAMS 0x000000008c200000, 0x000000008c200000| Untracked 

Card table byte_map: [0x0000023941bf0000,0x0000023941ff0000] _byte_map_base: 0x00000239417f0000

Marking Bits (Prev, Next): (CMBitMap*) 0x000002392e6cda60, (CMBitMap*) 0x000002392e6cda28
 Prev Bits: [0x00000239443f0000, 0x00000239463f0000)
 Next Bits: [0x00000239423f0000, 0x00000239443f0000)

Polling page: 0x0000023932190000

Metaspace:

Usage:
  Non-class:     83.78 MB capacity,    82.32 MB ( 98%) used,     1.17 MB (  1%) free+waste,   295.31 KB ( <1%) overhead. 
      Class:     13.33 MB capacity,    12.41 MB ( 93%) used,   812.41 KB (  6%) free+waste,   132.44 KB ( <1%) overhead. 
       Both:     97.11 MB capacity,    94.73 MB ( 98%) used,     1.96 MB (  2%) free+waste,   427.75 KB ( <1%) overhead. 

Virtual space:
  Non-class space:       84.00 MB reserved,      84.00 MB (100%) committed 
      Class space:        1.00 GB reserved,      13.42 MB (  1%) committed 
             Both:        1.08 GB reserved,      97.42 MB (  9%) committed 

Chunk freelists:
   Non-Class:  97.00 KB
       Class:  31.00 KB
        Both:  128.00 KB

MaxMetaspaceSize: 17179869184.00 GB
CompressedClassSpaceSize: 1.00 GB

CodeHeap 'non-profiled nmethods': size=120064Kb used=7200Kb max_used=7200Kb free=112863Kb
 bounds [0x0000023939c70000, 0x000002393a380000, 0x00000239411b0000]
CodeHeap 'profiled nmethods': size=120000Kb used=26291Kb max_used=26291Kb free=93708Kb
 bounds [0x0000023932740000, 0x00000239340f0000, 0x0000023939c70000]
CodeHeap 'non-nmethods': size=5696Kb used=2309Kb max_used=2363Kb free=3386Kb
 bounds [0x00000239321b0000, 0x0000023932420000, 0x0000023932740000]
 total_blobs=12911 nmethods=11998 adapters=824
 compilation: enabled
              stopped_count=0, restarted_count=0
 full_count=0

Compilation events (20 events):
Event: 32.706 Thread 0x0000023948a67800 12137       2       com.android.tools.r8.code.H2::a (26 bytes)
Event: 32.706 Thread 0x0000023948a67800 nmethod 12137 0x00000239340eb490 code [0x00000239340eb680, 0x00000239340eb8b8]
Event: 32.709 Thread 0x0000023948a67800 12139       2       com.android.tools.r8.code.p2::a (1 bytes)
Event: 32.709 Thread 0x0000023948a67800 nmethod 12139 0x00000239340eba90 code [0x00000239340ebc40, 0x00000239340ebd38]
Event: 32.713 Thread 0x0000023948a67800 12140       2       com.android.tools.r8.code.q::a (1 bytes)
Event: 32.713 Thread 0x0000023948a67800 nmethod 12140 0x00000239340ebe10 code [0x00000239340ebfc0, 0x00000239340ec0b8]
Event: 32.714 Thread 0x0000023948a67800 12141       2       com.android.tools.r8.code.E::a (1 bytes)
Event: 32.714 Thread 0x0000023948a67800 nmethod 12141 0x00000239340ec190 code [0x00000239340ec340, 0x00000239340ec438]
Event: 32.715 Thread 0x0000023948a67800 12142       2       com.android.tools.r8.code.z0::a (1 bytes)
Event: 32.715 Thread 0x0000023948a67800 nmethod 12142 0x00000239340ec510 code [0x00000239340ec6c0, 0x00000239340ec7b8]
Event: 32.720 Thread 0x0000023948a63000 nmethod 12115 0x000002393a376210 code [0x000002393a376460, 0x000002393a376c80]
Event: 32.721 Thread 0x0000023948a63000 12124       4       com.android.tools.r8.graph.k0::a (46 bytes)
Event: 32.728 Thread 0x0000023948a67800 12148       2       com.android.tools.r8.code.B::a (1 bytes)
Event: 32.729 Thread 0x0000023948a67800 nmethod 12148 0x00000239340ec890 code [0x00000239340eca40, 0x00000239340ecb38]
Event: 32.730 Thread 0x0000023948a67800 12149       2       com.android.tools.r8.code.B1::a (1 bytes)
Event: 32.730 Thread 0x0000023948a67800 nmethod 12149 0x00000239340ecc10 code [0x00000239340ecdc0, 0x00000239340eceb8]
Event: 32.731 Thread 0x0000023948a63000 nmethod 12124 0x000002393a377410 code [0x000002393a377620, 0x000002393a377a30]
Event: 32.731 Thread 0x0000023948a63000 12146       4       com.android.tools.r8.graph.R1::<init> (6 bytes)
Event: 32.732 Thread 0x0000023948a63000 nmethod 12146 0x000002393a378010 code [0x000002393a3781a0, 0x000002393a3781f8]
Event: 32.732 Thread 0x0000023948a63000 12116       4       com.android.tools.r8.graph.T1::a (25 bytes)

GC Heap History (20 events):
Event: 19.744 GC heap after
{Heap after GC invocations=28 (full 0):
 garbage-first heap   total 138240K, used 59929K [0x0000000080000000, 0x0000000100000000)
  region size 1024K, 6 young (6144K), 6 survivors (6144K)
 Metaspace       used 74768K, capacity 76394K, committed 76716K, reserved 1116160K
  class space    used 9717K, capacity 10312K, committed 10412K, reserved 1048576K
}
Event: 21.004 GC heap before
{Heap before GC invocations=28 (full 0):
 garbage-first heap   total 138240K, used 104985K [0x0000000080000000, 0x0000000100000000)
  region size 1024K, 51 young (52224K), 6 survivors (6144K)
 Metaspace       used 79536K, capacity 81358K, committed 81452K, reserved 1120256K
  class space    used 10313K, capacity 11009K, committed 11052K, reserved 1048576K
}
Event: 21.025 GC heap after
{Heap after GC invocations=29 (full 0):
 garbage-first heap   total 165888K, used 63931K [0x0000000080000000, 0x0000000100000000)
  region size 1024K, 7 young (7168K), 7 survivors (7168K)
 Metaspace       used 79536K, capacity 81358K, committed 81452K, reserved 1120256K
  class space    used 10313K, capacity 11009K, committed 11052K, reserved 1048576K
}
Event: 22.674 GC heap before
{Heap before GC invocations=29 (full 0):
 garbage-first heap   total 165888K, used 116155K [0x0000000080000000, 0x0000000100000000)
  region size 1024K, 59 young (60416K), 7 survivors (7168K)
 Metaspace       used 82943K, capacity 84953K, committed 85292K, reserved 1122304K
  class space    used 10734K, capacity 11478K, committed 11564K, reserved 1048576K
}
Event: 22.700 GC heap after
{Heap after GC invocations=30 (full 0):
 garbage-first heap   total 165888K, used 68568K [0x0000000080000000, 0x0000000100000000)
  region size 1024K, 8 young (8192K), 8 survivors (8192K)
 Metaspace       used 82943K, capacity 84953K, committed 85292K, reserved 1122304K
  class space    used 10734K, capacity 11478K, committed 11564K, reserved 1048576K
}
Event: 24.403 GC heap before
{Heap before GC invocations=30 (full 0):
 garbage-first heap   total 165888K, used 123864K [0x0000000080000000, 0x0000000100000000)
  region size 1024K, 63 young (64512K), 8 survivors (8192K)
 Metaspace       used 83820K, capacity 85812K, committed 85932K, reserved 1124352K
  class space    used 10803K, capacity 11587K, committed 11692K, reserved 1048576K
}
Event: 24.432 GC heap after
{Heap after GC invocations=31 (full 0):
 garbage-first heap   total 165888K, used 73604K [0x0000000080000000, 0x0000000100000000)
  region size 1024K, 5 young (5120K), 5 survivors (5120K)
 Metaspace       used 83820K, capacity 85812K, committed 85932K, reserved 1124352K
  class space    used 10803K, capacity 11587K, committed 11692K, reserved 1048576K
}
Event: 25.667 GC heap before
{Heap before GC invocations=31 (full 0):
 garbage-first heap   total 165888K, used 126852K [0x0000000080000000, 0x0000000100000000)
  region size 1024K, 58 young (59392K), 5 survivors (5120K)
 Metaspace       used 85763K, capacity 87865K, committed 87980K, reserved 1126400K
  class space    used 11049K, capacity 11841K, committed 11948K, reserved 1048576K
}
Event: 25.687 GC heap after
{Heap after GC invocations=32 (full 0):
 garbage-first heap   total 165888K, used 76416K [0x0000000080000000, 0x0000000100000000)
  region size 1024K, 3 young (3072K), 3 survivors (3072K)
 Metaspace       used 85763K, capacity 87865K, committed 87980K, reserved 1126400K
  class space    used 11049K, capacity 11841K, committed 11948K, reserved 1048576K
}
Event: 26.549 GC heap before
{Heap before GC invocations=32 (full 0):
 garbage-first heap   total 165888K, used 114304K [0x0000000080000000, 0x0000000100000000)
  region size 1024K, 41 young (41984K), 3 survivors (3072K)
 Metaspace       used 87682K, capacity 89750K, committed 90028K, reserved 1126400K
  class space    used 11279K, capacity 12076K, committed 12204K, reserved 1048576K
}
Event: 26.564 GC heap after
{Heap after GC invocations=33 (full 0):
 garbage-first heap   total 199680K, used 77394K [0x0000000080000000, 0x0000000100000000)
  region size 1024K, 4 young (4096K), 4 survivors (4096K)
 Metaspace       used 87682K, capacity 89750K, committed 90028K, reserved 1126400K
  class space    used 11279K, capacity 12076K, committed 12204K, reserved 1048576K
}
Event: 28.397 GC heap before
{Heap before GC invocations=34 (full 0):
 garbage-first heap   total 199680K, used 155218K [0x0000000080000000, 0x0000000100000000)
  region size 1024K, 66 young (67584K), 4 survivors (4096K)
 Metaspace       used 91626K, capacity 93792K, committed 94124K, reserved 1130496K
  class space    used 11795K, capacity 12597K, committed 12716K, reserved 1048576K
}
Event: 28.446 GC heap after
{Heap after GC invocations=35 (full 0):
 garbage-first heap   total 199680K, used 105328K [0x0000000080000000, 0x0000000100000000)
  region size 1024K, 9 young (9216K), 9 survivors (9216K)
 Metaspace       used 91626K, capacity 93792K, committed 94124K, reserved 1130496K
  class space    used 11795K, capacity 12597K, committed 12716K, reserved 1048576K
}
Event: 29.546 GC heap before
{Heap before GC invocations=35 (full 0):
 garbage-first heap   total 199680K, used 153456K [0x0000000080000000, 0x0000000100000000)
  region size 1024K, 57 young (58368K), 9 survivors (9216K)
 Metaspace       used 93949K, capacity 96118K, committed 96300K, reserved 1132544K
  class space    used 12276K, capacity 13097K, committed 13100K, reserved 1048576K
}
Event: 29.657 GC heap after
{Heap after GC invocations=36 (full 0):
 garbage-first heap   total 199680K, used 126410K [0x0000000080000000, 0x0000000100000000)
  region size 1024K, 8 young (8192K), 8 survivors (8192K)
 Metaspace       used 93949K, capacity 96118K, committed 96300K, reserved 1132544K
  class space    used 12276K, capacity 13097K, committed 13100K, reserved 1048576K
}
Event: 31.093 GC heap before
{Heap before GC invocations=37 (full 0):
 garbage-first heap   total 199680K, used 156106K [0x0000000080000000, 0x0000000100000000)
  region size 1024K, 37 young (37888K), 8 survivors (8192K)
 Metaspace       used 95840K, capacity 98158K, committed 98220K, reserved 1134592K
  class space    used 12548K, capacity 13431K, committed 13484K, reserved 1048576K
}
Event: 31.171 GC heap after
{Heap after GC invocations=38 (full 0):
 garbage-first heap   total 199680K, used 137216K [0x0000000080000000, 0x0000000100000000)
  region size 1024K, 5 young (5120K), 5 survivors (5120K)
 Metaspace       used 95840K, capacity 98158K, committed 98220K, reserved 1134592K
  class space    used 12548K, capacity 13431K, committed 13484K, reserved 1048576K
}
Event: 31.705 GC heap before
{Heap before GC invocations=38 (full 0):
 garbage-first heap   total 199680K, used 158720K [0x0000000080000000, 0x0000000100000000)
  region size 1024K, 27 young (27648K), 5 survivors (5120K)
 Metaspace       used 96681K, capacity 99162K, committed 99500K, reserved 1134592K
  class space    used 12685K, capacity 13656K, committed 13740K, reserved 1048576K
}
Event: 31.732 GC heap after
{Heap after GC invocations=39 (full 0):
 garbage-first heap   total 199680K, used 140354K [0x0000000080000000, 0x0000000100000000)
  region size 1024K, 3 young (3072K), 3 survivors (3072K)
 Metaspace       used 96681K, capacity 99162K, committed 99500K, reserved 1134592K
  class space    used 12685K, capacity 13656K, committed 13740K, reserved 1048576K
}
Event: 32.733 GC heap before
{Heap before GC invocations=40 (full 0):
 garbage-first heap   total 199680K, used 155714K [0x0000000080000000, 0x0000000100000000)
  region size 1024K, 24 young (24576K), 3 survivors (3072K)
 Metaspace       used 97004K, capacity 99440K, committed 99756K, reserved 1134592K
  class space    used 12704K, capacity 13649K, committed 13740K, reserved 1048576K
}

Deoptimization events (20 events):
Event: 32.002 Thread 0x000002394a5a7800 DEOPT PACKING pc=0x000002393408455f sp=0x000000478ccfefa0
Event: 32.002 Thread 0x000002394a5a7800 DEOPT UNPACKING pc=0x00000239321d6d5e sp=0x000000478ccfe460 mode 0
Event: 32.004 Thread 0x000002394a5a7800 DEOPT PACKING pc=0x000002393408455f sp=0x000000478ccfefa0
Event: 32.004 Thread 0x000002394a5a7800 DEOPT UNPACKING pc=0x00000239321d6d5e sp=0x000000478ccfe460 mode 0
Event: 32.012 Thread 0x000002394a5a7800 DEOPT PACKING pc=0x000002393408455f sp=0x000000478ccfefa0
Event: 32.012 Thread 0x000002394a5a7800 DEOPT UNPACKING pc=0x00000239321d6d5e sp=0x000000478ccfe460 mode 0
Event: 32.016 Thread 0x000002394a5a7800 DEOPT PACKING pc=0x000002393408455f sp=0x000000478ccfefa0
Event: 32.016 Thread 0x000002394a5a7800 DEOPT UNPACKING pc=0x00000239321d6d5e sp=0x000000478ccfe460 mode 0
Event: 32.044 Thread 0x000002394f393800 Uncommon trap: trap_request=0xffffff4d fr.pc=0x000002393a356a78 relative=0x0000000000000578
Event: 32.044 Thread 0x000002394f393800 Uncommon trap: reason=unstable_if action=reinterpret pc=0x000002393a356a78 method=java.util.concurrent.ForkJoinPool.scan(Ljava/util/concurrent/ForkJoinPool$WorkQueue;I)Z @ 121 c2
Event: 32.044 Thread 0x000002394f393800 DEOPT PACKING pc=0x000002393a356a78 sp=0x000000478cdff330
Event: 32.044 Thread 0x000002394f393800 DEOPT UNPACKING pc=0x00000239321d65af sp=0x000000478cdff2c8 mode 2
Event: 32.342 Thread 0x000002394a5a8000 Uncommon trap: trap_request=0xffffffe4 fr.pc=0x000002393a2c226c relative=0x000000000000022c
Event: 32.342 Thread 0x000002394a5a8000 Uncommon trap: reason=range_check action=make_not_entrant pc=0x000002393a2c226c method=com.android.tools.r8.graph.W0.a(Lcom/android/tools/r8/graph/W0;)I @ 9 c2
Event: 32.342 Thread 0x000002394a5a8000 DEOPT PACKING pc=0x000002393a2c226c sp=0x000000478c6fd2f0
Event: 32.342 Thread 0x000002394a5a8000 DEOPT UNPACKING pc=0x00000239321d65af sp=0x000000478c6fd278 mode 2
Event: 32.695 Thread 0x000002394a5a8000 Uncommon trap: trap_request=0xffffffcc fr.pc=0x000002393a375878 relative=0x0000000000000338
Event: 32.695 Thread 0x000002394a5a8000 Uncommon trap: reason=intrinsic_or_type_checked_inlining action=make_not_entrant pc=0x000002393a375878 method=java.util.stream.SpinedBuffer.copyInto([Ljava/lang/Object;I)V @ 87 c2
Event: 32.695 Thread 0x000002394a5a8000 DEOPT PACKING pc=0x000002393a375878 sp=0x000000478c6fd3c0
Event: 32.695 Thread 0x000002394a5a8000 DEOPT UNPACKING pc=0x00000239321d65af sp=0x000000478c6fd350 mode 2

Classes redefined (0 events):
No events

Internal exceptions (20 events):
Event: 27.573 Thread 0x000002394caac000 Exception <a 'java/lang/NoSuchMethodError'{0x000000008a743818}: 'java.lang.Object java.lang.invoke.DirectMethodHandle$Holder.invokeStatic(java.lang.Object, long)'> (0x000000008a743818) thrown at [./src/hotspot/share/interpreter/linkResolver.cpp, line 773]
Event: 27.578 Thread 0x000002394caac000 Exception <a 'java/lang/NoSuchMethodError'{0x000000008a751b80}: 'java.lang.Object java.lang.invoke.DirectMethodHandle$Holder.invokeStaticInit(java.lang.Object, java.lang.Object, long, java.lang.Object)'> (0x000000008a751b80) thrown at [./src/hotspot/share/interpreter/linkResolver.cpp, line 773]
Event: 27.579 Thread 0x000002394caac000 Exception <a 'java/lang/NoSuchMethodError'{0x000000008a757d18}: 'java.lang.Object java.lang.invoke.DirectMethodHandle$Holder.invokeStatic(java.lang.Object, java.lang.Object, long)'> (0x000000008a757d18) thrown at [./src/hotspot/share/interpreter/linkResolver.cpp, line 773]
Event: 27.580 Thread 0x000002394caac000 Exception <a 'java/lang/NoSuchMethodError'{0x000000008a75e290}: 'java.lang.Object java.lang.invoke.Invokers$Holder.linkToTargetMethod(java.lang.Object, long, java.lang.Object)'> (0x000000008a75e290) thrown at [./src/hotspot/share/interpreter/linkResolver.cpp, line 773]
Event: 27.743 Thread 0x000002394a5a8000 Exception <a 'java/lang/NoSuchMethodError'{0x000000008a24a358}: 'java.lang.Object java.lang.invoke.DirectMethodHandle$Holder.invokeStaticInit(java.lang.Object, java.lang.Object, java.lang.Object, java.lang.Object, java.lang.Object, java.lang.Object, java.lang.Object, java.lang.Object, java.lang.Object, java.lang.Object, java.lang.Object, java.lang.Object, java.lang.Object, java.lang.Object, java.lang.Object, java.lang.Object, java.lang.Object, java.lang.Object, int, java.lang.Object, java.lang.Object)'> (0
Event: 27.799 Thread 0x000002394caac000 Exception <a 'java/lang/NoSuchMethodError'{0x0000000089dbfca0}: 'int java.lang.invoke.DirectMethodHandle$Holder.invokeSpecialIFC(java.lang.Object, java.lang.Object, java.lang.Object)'> (0x0000000089dbfca0) thrown at [./src/hotspot/share/interpreter/linkResolver.cpp, line 773]
Event: 28.494 Thread 0x000002394f393800 Exception <a 'java/lang/IncompatibleClassChangeError'{0x000000008bebc7f8}: Found class java.lang.Object, but interface was expected> (0x000000008bebc7f8) thrown at [./src/hotspot/share/interpreter/linkResolver.cpp, line 839]
Event: 28.570 Thread 0x000002394a5a7800 Exception <a 'java/lang/NoSuchMethodError'{0x000000008bc11228}: 'java.lang.Object java.lang.invoke.DirectMethodHandle$Holder.newInvokeSpecial(java.lang.Object, int)'> (0x000000008bc11228) thrown at [./src/hotspot/share/interpreter/linkResolver.cpp, line 773]
Event: 28.702 Thread 0x000002394a5a9000 Exception <a 'java/lang/IncompatibleClassChangeError'{0x000000008b947c28}: Found class java.lang.Object, but interface was expected> (0x000000008b947c28) thrown at [./src/hotspot/share/interpreter/linkResolver.cpp, line 839]
Event: 28.704 Thread 0x000002394f393800 Exception <a 'java/lang/IncompatibleClassChangeError'{0x000000008b93cc78}: Found class java.lang.Object, but interface was expected> (0x000000008b93cc78) thrown at [./src/hotspot/share/interpreter/linkResolver.cpp, line 839]
Event: 28.705 Thread 0x000002394a5a6800 Exception <a 'java/lang/IncompatibleClassChangeError'{0x000000008b94de38}: Found class java.lang.Object, but interface was expected> (0x000000008b94de38) thrown at [./src/hotspot/share/interpreter/linkResolver.cpp, line 839]
Event: 28.704 Thread 0x000002394a5a9000 Exception <a 'java/lang/IncompatibleClassChangeError'{0x000000008b94c8f0}: Found class java.lang.Object, but interface was expected> (0x000000008b94c8f0) thrown at [./src/hotspot/share/interpreter/linkResolver.cpp, line 839]
Event: 30.595 Thread 0x000002394a5a8000 Exception <a 'java/lang/NoSuchMethodError'{0x000000008b084c50}: 'int java.lang.invoke.DirectMethodHandle$Holder.invokeVirtual(java.lang.Object, java.lang.Object, java.lang.Object, java.lang.Object)'> (0x000000008b084c50) thrown at [./src/hotspot/share/interpreter/linkResolver.cpp, line 773]
Event: 30.687 Thread 0x000002394a5a8000 Exception <a 'java/lang/IncompatibleClassChangeError'{0x000000008ae16fe8}: Found class java.lang.Object, but interface was expected> (0x000000008ae16fe8) thrown at [./src/hotspot/share/interpreter/linkResolver.cpp, line 839]
Event: 30.702 Thread 0x000002394a5a9000 Exception <a 'java/lang/NoSuchMethodError'{0x000000008b70d8b0}: 'int java.lang.invoke.DirectMethodHandle$Holder.invokeVirtual(java.lang.Object, java.lang.Object, java.lang.Object)'> (0x000000008b70d8b0) thrown at [./src/hotspot/share/interpreter/linkResolver.cpp, line 773]
Event: 30.702 Thread 0x000002394f393800 Exception <a 'java/lang/NoSuchMethodError'{0x000000008b2eb6a8}: 'int java.lang.invoke.DirectMethodHandle$Holder.invokeVirtual(java.lang.Object, java.lang.Object, java.lang.Object)'> (0x000000008b2eb6a8) thrown at [./src/hotspot/share/interpreter/linkResolver.cpp, line 773]
Event: 31.365 Thread 0x000002394a5a8000 Exception <a 'java/lang/NoSuchMethodError'{0x000000008b984220}: 'java.lang.Object java.lang.invoke.Invokers$Holder.linkToTargetMethod(java.lang.Object, int, java.lang.Object, java.lang.Object, java.lang.Object, java.lang.Object)'> (0x000000008b984220) thrown at [./src/hotspot/share/interpreter/linkResolver.cpp, line 773]
Event: 31.368 Thread 0x000002394a5a8000 Exception <a 'java/lang/NoSuchMethodError'{0x000000008b997ce0}: 'java.lang.Object java.lang.invoke.Invokers$Holder.linkToTargetMethod(java.lang.Object, java.lang.Object, java.lang.Object, int, java.lang.Object, java.lang.Object, java.lang.Object)'> (0x000000008b997ce0) thrown at [./src/hotspot/share/interpreter/linkResolver.cpp, line 773]
Event: 31.383 Thread 0x000002394a5a8000 Exception <a 'java/lang/IncompatibleClassChangeError'{0x000000008b9c5cd0}: Found class java.lang.Object, but interface was expected> (0x000000008b9c5cd0) thrown at [./src/hotspot/share/interpreter/linkResolver.cpp, line 839]
Event: 31.476 Thread 0x000002394a5a8000 Exception <a 'java/lang/NoSuchMethodError'{0x000000008b8fd410}: 'void java.lang.invoke.DirectMethodHandle$Holder.invokeStatic(java.lang.Object, java.lang.Object, java.lang.Object, java.lang.Object, java.lang.Object, java.lang.Object, java.lang.Object, java.lang.Object)'> (0x000000008b8fd410) thrown at [./src/hotspot/share/interpreter/linkResolver.cpp, line 773]

Events (20 events):
Event: 32.189 loading class com/android/tools/r8/graph/U1 done
Event: 32.190 loading class com/android/tools/r8/graph/S1
Event: 32.190 loading class com/android/tools/r8/graph/S1 done
Event: 32.190 loading class com/android/tools/r8/graph/U1
Event: 32.190 loading class com/android/tools/r8/graph/U1 done
Event: 32.190 loading class com/android/tools/r8/graph/a2
Event: 32.190 loading class com/android/tools/r8/graph/a2 done
Event: 32.190 loading class com/android/tools/r8/graph/X0
Event: 32.190 loading class com/android/tools/r8/graph/X0 done
Event: 32.190 loading class com/android/tools/r8/graph/X0
Event: 32.190 loading class com/android/tools/r8/graph/X0 done
Event: 32.190 loading class com/android/tools/r8/graph/M2
Event: 32.190 loading class com/android/tools/r8/graph/M2 done
Event: 32.344 Executing VM operation: CGC_Operation
Event: 32.372 Executing VM operation: CGC_Operation done
Event: 32.690 Executing VM operation: CGC_Operation
Event: 32.691 Executing VM operation: CGC_Operation done
Event: 32.722 loading class com/android/tools/r8/graph/P1
Event: 32.722 loading class com/android/tools/r8/graph/P1 done
Event: 32.733 Executing VM operation: G1CollectForAllocation


Dynamic libraries:
0x00007ff757dc0000 - 0x00007ff757dca000 	C:\Program Files\Android\Android Studio\jre\bin\java.exe
0x00007ffcd8090000 - 0x00007ffcd8285000 	C:\Windows\SYSTEM32\ntdll.dll
0x00007ffcd7e60000 - 0x00007ffcd7f1e000 	C:\Windows\System32\KERNEL32.DLL
0x00007ffcd5ae0000 - 0x00007ffcd5da8000 	C:\Windows\System32\KERNELBASE.dll
0x00007ffcd5db0000 - 0x00007ffcd5eb0000 	C:\Windows\System32\ucrtbase.dll
0x00007ffccca60000 - 0x00007ffccca77000 	C:\Program Files\Android\Android Studio\jre\bin\VCRUNTIME140.dll
0x00007ffccc960000 - 0x00007ffccc979000 	C:\Program Files\Android\Android Studio\jre\bin\jli.dll
0x00007ffcd60d0000 - 0x00007ffcd6271000 	C:\Windows\System32\USER32.dll
0x00007ffcc9ff0000 - 0x00007ffcca28a000 	C:\Windows\WinSxS\amd64_microsoft.windows.common-controls_6595b64144ccf1df_6.0.19041.1110_none_60b5254171f9507e\COMCTL32.dll
0x00007ffcd5890000 - 0x00007ffcd58b2000 	C:\Windows\System32\win32u.dll
0x00007ffcd6440000 - 0x00007ffcd64de000 	C:\Windows\System32\msvcrt.dll
0x00007ffcd6280000 - 0x00007ffcd62ab000 	C:\Windows\System32\GDI32.dll
0x00007ffcd5970000 - 0x00007ffcd5a7d000 	C:\Windows\System32\gdi32full.dll
0x00007ffcd57a0000 - 0x00007ffcd583d000 	C:\Windows\System32\msvcp_win.dll
0x00007ffcd64e0000 - 0x00007ffcd6510000 	C:\Windows\System32\IMM32.DLL
0x00007ffcbdcd0000 - 0x00007ffcbdd6d000 	C:\Program Files\Android\Android Studio\jre\bin\msvcp140.dll
0x00007ffca59a0000 - 0x00007ffca6475000 	C:\Program Files\Android\Android Studio\jre\bin\server\jvm.dll
0x00007ffcd6390000 - 0x00007ffcd643c000 	C:\Windows\System32\ADVAPI32.dll
0x00007ffcd7310000 - 0x00007ffcd73ab000 	C:\Windows\System32\sechost.dll
0x00007ffcd7070000 - 0x00007ffcd719a000 	C:\Windows\System32\RPCRT4.dll
0x00007ffcd6510000 - 0x00007ffcd6518000 	C:\Windows\System32\PSAPI.DLL
0x00007ffcbf8c0000 - 0x00007ffcbf8c9000 	C:\Windows\SYSTEM32\WSOCK32.dll
0x00007ffcc8420000 - 0x00007ffcc8447000 	C:\Windows\SYSTEM32\WINMM.dll
0x00007ffcd6520000 - 0x00007ffcd658b000 	C:\Windows\System32\WS2_32.dll
0x00007ffccba90000 - 0x00007ffccba9a000 	C:\Windows\SYSTEM32\VERSION.dll
0x00007ffcd3840000 - 0x00007ffcd3852000 	C:\Windows\SYSTEM32\kernel.appcore.dll
0x00007ffca5980000 - 0x00007ffca5991000 	C:\Program Files\Android\Android Studio\jre\bin\verify.dll
0x00007ffcc1b30000 - 0x00007ffcc1d14000 	C:\Windows\SYSTEM32\DBGHELP.DLL
0x00007ffcc1b00000 - 0x00007ffcc1b2c000 	C:\Windows\SYSTEM32\dbgcore.DLL
0x00007ffcd6010000 - 0x00007ffcd6092000 	C:\Windows\System32\bcryptPrimitives.dll
0x00007ffca5950000 - 0x00007ffca5979000 	C:\Program Files\Android\Android Studio\jre\bin\java.dll
0x00007ffcba150000 - 0x00007ffcba15b000 	C:\Program Files\Android\Android Studio\jre\bin\jimage.dll
0x00007ffca5930000 - 0x00007ffca5948000 	C:\Program Files\Android\Android Studio\jre\bin\zip.dll
0x00007ffcd7600000 - 0x00007ffcd7d44000 	C:\Windows\System32\SHELL32.dll
0x00007ffcd3a40000 - 0x00007ffcd41d4000 	C:\Windows\SYSTEM32\windows.storage.dll
0x00007ffcd6740000 - 0x00007ffcd6a95000 	C:\Windows\System32\combase.dll
0x00007ffcd5120000 - 0x00007ffcd514e000 	C:\Windows\SYSTEM32\Wldp.dll
0x00007ffcd7550000 - 0x00007ffcd75fd000 	C:\Windows\System32\SHCORE.dll
0x00007ffcd7200000 - 0x00007ffcd7255000 	C:\Windows\System32\shlwapi.dll
0x00007ffcd56e0000 - 0x00007ffcd56ff000 	C:\Windows\SYSTEM32\profapi.dll
0x00007ffca5910000 - 0x00007ffca592a000 	C:\Program Files\Android\Android Studio\jre\bin\net.dll
0x00007ffccdf00000 - 0x00007ffcce00c000 	C:\Windows\SYSTEM32\WINHTTP.dll
0x00007ffcd4e80000 - 0x00007ffcd4eea000 	C:\Windows\system32\mswsock.dll
0x00007ffca58f0000 - 0x00007ffca5904000 	C:\Program Files\Android\Android Studio\jre\bin\nio.dll
0x00007ffcc31a0000 - 0x00007ffcc31c7000 	C:\Users\Admin\.gradle\native\e1d6ef7f7dcc3fd88c89a11ec53ec762bb8ba0a96d01ffa2cd45eb1d1d8dd5c5\windows-amd64\native-platform.dll
0x00007ffcbd230000 - 0x00007ffcbd374000 	C:\Users\Admin\.gradle\native\5664cfc778a61ccfe75a443a1ab52a65af34e5dc3c78e0209fed803814484fcb\windows-amd64\native-platform-file-events.dll
0x00007ffca7680000 - 0x00007ffca768a000 	C:\Program Files\Android\Android Studio\jre\bin\management.dll
0x00007ffca72e0000 - 0x00007ffca72ed000 	C:\Program Files\Android\Android Studio\jre\bin\management_ext.dll
0x00007ffcd5080000 - 0x00007ffcd5098000 	C:\Windows\SYSTEM32\CRYPTSP.dll
0x00007ffcd49b0000 - 0x00007ffcd49e4000 	C:\Windows\system32\rsaenh.dll
0x00007ffcd60a0000 - 0x00007ffcd60c7000 	C:\Windows\System32\bcrypt.dll
0x00007ffcd56a0000 - 0x00007ffcd56ce000 	C:\Windows\SYSTEM32\USERENV.dll
0x00007ffcd5070000 - 0x00007ffcd507c000 	C:\Windows\SYSTEM32\CRYPTBASE.dll
0x00007ffcd4b70000 - 0x00007ffcd4bab000 	C:\Windows\SYSTEM32\IPHLPAPI.DLL
0x00007ffcd7f20000 - 0x00007ffcd7f28000 	C:\Windows\System32\NSI.dll
0x00007ffccf830000 - 0x00007ffccf847000 	C:\Windows\SYSTEM32\dhcpcsvc6.DLL
0x00007ffccf7c0000 - 0x00007ffccf7dd000 	C:\Windows\SYSTEM32\dhcpcsvc.DLL
0x00007ffcd4bb0000 - 0x00007ffcd4c7b000 	C:\Windows\SYSTEM32\DNSAPI.dll

dbghelp: loaded successfully - version: 4.0.5 - missing functions: none
symbol engine: initialized successfully - sym options: 0x614 - pdb path: .;C:\Program Files\Android\Android Studio\jre\bin;C:\Windows\SYSTEM32;C:\Windows\WinSxS\amd64_microsoft.windows.common-controls_6595b64144ccf1df_6.0.19041.1110_none_60b5254171f9507e;C:\Program Files\Android\Android Studio\jre\bin\server;C:\Users\Admin\.gradle\native\e1d6ef7f7dcc3fd88c89a11ec53ec762bb8ba0a96d01ffa2cd45eb1d1d8dd5c5\windows-amd64;C:\Users\Admin\.gradle\native\5664cfc778a61ccfe75a443a1ab52a65af34e5dc3c78e0209fed803814484fcb\windows-amd64

VM Arguments:
jvm_args: --add-opens=java.base/java.util=ALL-UNNAMED --add-opens=java.base/java.lang=ALL-UNNAMED --add-opens=java.base/java.lang.invoke=ALL-UNNAMED --add-opens=java.base/java.util=ALL-UNNAMED --add-opens=java.prefs/java.util.prefs=ALL-UNNAMED --add-opens=java.prefs/java.util.prefs=ALL-UNNAMED --add-opens=java.base/java.nio.charset=ALL-UNNAMED --add-opens=java.base/java.net=ALL-UNNAMED --add-opens=java.base/java.util.concurrent.atomic=ALL-UNNAMED -Xmx2048m -Dfile.encoding=UTF-8 -Duser.country=US -Duser.language=en -Duser.variant 
java_command: org.gradle.launcher.daemon.bootstrap.GradleDaemon 7.2
java_class_path (initial): C:\Users\Admin\.gradle\wrapper\dists\gradle-7.2-bin\2dnblmf4td7x66yl1d74lt32g\gradle-7.2\lib\gradle-launcher-7.2.jar
Launcher Type: SUN_STANDARD

[Global flags]
     intx CICompilerCount                          = 3                                         {product} {ergonomic}
     uint ConcGCThreads                            = 1                                         {product} {ergonomic}
     uint G1ConcRefinementThreads                  = 4                                         {product} {ergonomic}
   size_t G1HeapRegionSize                         = 1048576                                   {product} {ergonomic}
    uintx GCDrainStackTargetSize                   = 64                                        {product} {ergonomic}
   size_t InitialHeapSize                          = 67108864                                  {product} {ergonomic}
   size_t MarkStackSize                            = 4194304                                   {product} {ergonomic}
   size_t MaxHeapSize                              = 2147483648                                {product} {command line}
   size_t MaxNewSize                               = 1287651328                                {product} {ergonomic}
   size_t MinHeapDeltaBytes                        = 1048576                                   {product} {ergonomic}
    uintx NonNMethodCodeHeapSize                   = 5830732                                {pd product} {ergonomic}
    uintx NonProfiledCodeHeapSize                  = 122913754                              {pd product} {ergonomic}
    uintx ProfiledCodeHeapSize                     = 122913754                              {pd product} {ergonomic}
    uintx ReservedCodeCacheSize                    = 251658240                              {pd product} {ergonomic}
     bool SegmentedCodeCache                       = true                                      {product} {ergonomic}
     bool UseCompressedClassPointers               = true                                 {lp64_product} {ergonomic}
     bool UseCompressedOops                        = true                                 {lp64_product} {ergonomic}
     bool UseG1GC                                  = true                                      {product} {ergonomic}
     bool UseLargePagesIndividualAllocation        = false                                  {pd product} {ergonomic}

Logging:
Log output configuration:
 #0: stdout all=warning uptime,level,tags
 #1: stderr all=off uptime,level,tags

Environment Variables:
PATH=C:\Program Files (x86)\Common Files\Oracle\Java\javapath;C:\Program Files (x86)\VMware\VMware Player\bin\;C:\Windows\system32;C:\Windows;C:\Windows\System32\Wbem;C:\Windows\System32\WindowsPowerShell\v1.0\;C:\Windows\System32\OpenSSH\;C:\Program Files\dotnet\;C:\Users\Admin\AppData\Local\Microsoft\WindowsApps;C:\Users\Admin\.dotnet\tools
USERNAME=Admin
OS=Windows_NT
PROCESSOR_IDENTIFIER=Intel64 Family 6 Model 42 Stepping 7, GenuineIntel



---------------  S Y S T E M  ---------------

OS: Windows 10 , 64 bit Build 19041 (10.0.19041.1348)
OS uptime: 0 days 2:54 hours

CPU:total 4 (initial active 4) (2 cores per cpu, 2 threads per core) family 6 model 42 stepping 7 microcode 0x2f, cmov, cx8, fxsr, mmx, sse, sse2, sse3, ssse3, sse4.1, sse4.2, popcnt, avx, clmul, ht, tsc, tscinvbit

Memory: 4k page, system-wide physical 4004M (216M free)
TotalPageFile size 4004M (AvailPageFile size 54M)
current process WorkingSet (physical memory assigned to process): 432M, peak: 441M
current process commit charge ("private bytes"): 527M, peak: 616M

vm_info: OpenJDK 64-Bit Server VM (11.0.11+9-b60-7590822) for windows-amd64 JRE (11.0.11+9-b60-7590822), built on Jul 29 2021 21:43:44 by "builder" with MS VC++ 14.0 (VS2015)

END.
