#
# There is insufficient memory for the Java Runtime Environment to continue.
# Native memory allocation (mmap) failed to map 42991616 bytes for Failed to commit area from 0x000000008cb00000 to 0x000000008f400000 of length 42991616.
# Possible reasons:
#   The system is out of physical RAM or swap space
#   The process is running with CompressedOops enabled, and the Java Heap may be blocking the growth of the native heap
# Possible solutions:
#   Reduce memory load on the system
#   Increase physical memory or swap space
#   Check if swap backing store is full
#   Decrease Java heap size (-Xmx/-Xms)
#   Decrease number of Java threads
#   Decrease Java thread stack sizes (-Xss)
#   Set larger code cache with -XX:ReservedCodeCacheSize=
#   JVM is running with Unscaled Compressed Oops mode in which the Java heap is
#     placed in the first 4GB address space. The Java Heap base address is the
#     maximum limit for the native heap growth. Please use -XX:HeapBaseMinAddress
#     to set the Java Heap base and to place the Java Heap above 4GB virtual address.
# This output file may be truncated or incomplete.
#
#  Out of Memory Error (./src/hotspot/os/windows/os_windows.cpp:3301), pid=4728, tid=5392
#
# JRE version: OpenJDK Runtime Environment (11.0.11+9) (build 11.0.11+9-b60-7590822)
# Java VM: OpenJDK 64-Bit Server VM (11.0.11+9-b60-7590822, mixed mode, tiered, compressed oops, g1 gc, windows-amd64)
# No core dump will be written. Minidumps are not enabled by default on client versions of Windows
#

---------------  S U M M A R Y ------------

Command Line: --add-opens=java.base/java.util=ALL-UNNAMED --add-opens=java.base/java.lang=ALL-UNNAMED --add-opens=java.base/java.lang.invoke=ALL-UNNAMED --add-opens=java.base/java.util=ALL-UNNAMED --add-opens=java.prefs/java.util.prefs=ALL-UNNAMED --add-opens=java.prefs/java.util.prefs=ALL-UNNAMED --add-opens=java.base/java.nio.charset=ALL-UNNAMED --add-opens=java.base/java.net=ALL-UNNAMED --add-opens=java.base/java.util.concurrent.atomic=ALL-UNNAMED -Xmx2048m -Dfile.encoding=UTF-8 -Duser.country=US -Duser.language=en -Duser.variant org.gradle.launcher.daemon.bootstrap.GradleDaemon 7.2

Host: Intel(R) Core(TM) i3-2330M CPU @ 2.20GHz, 4 cores, 3G,  Windows 10 , 64 bit Build 19041 (10.0.19041.1348)
Time: Sun Mar 27 22:28:43 2022 SE Asia Standard Time elapsed time: 24.304191 seconds (0d 0h 0m 24s)

---------------  T H R E A D  ---------------

Current thread (0x00000292a89c1000):  VMThread "VM Thread" [stack: 0x000000f070a00000,0x000000f070b00000] [id=5392]

Stack: [0x000000f070a00000,0x000000f070b00000]
[error occurred during error reporting (printing stack bounds), id 0xc0000005, EXCEPTION_ACCESS_VIOLATION (0xc0000005) at pc=0x00000292922d0f2d]

Native frames: (J=compiled Java code, j=interpreted, Vv=VM code, C=native code)
V  [jvm.dll+0x5f214a]
V  [jvm.dll+0x726fb5]
V  [jvm.dll+0x7285cd]
V  [jvm.dll+0x728be5]
V  [jvm.dll+0x728b9b]
V  [jvm.dll+0x5f14e8]
V  [jvm.dll+0x5f1c78]
C  [ntdll.dll+0xa20cf]
C  [ntdll.dll+0x51454]
C  [ntdll.dll+0xa0bfe]
C  0x00000292922d0f2d

VM_Operation (0x000000f0754fbc30): G1CollectForAllocation, mode: safepoint, requested by thread 0x00000292ad261800


---------------  P R O C E S S  ---------------

Threads class SMR info:
_java_thread_list=0x00000292ad2fe170, length=88, elements={
0x000002928e7c8000, 0x00000292a89cc000, 0x00000292a89cd000, 0x00000292a8a24800,
0x00000292a8a28000, 0x00000292a8a2b000, 0x00000292a8a39800, 0x00000292a8a3a800,
0x00000292a8a3c000, 0x00000292a94d3800, 0x00000292ab539800, 0x00000292aabc9800,
0x00000292aacc3000, 0x00000292ab1c4000, 0x00000292a9e01800, 0x00000292aaeeb800,
0x00000292aa8f5000, 0x00000292aa8f5800, 0x00000292a97e8800, 0x00000292aa945800,
0x00000292aa946800, 0x00000292aa945000, 0x00000292aa947800, 0x00000292abff1000,
0x00000292abfee800, 0x00000292abff2000, 0x00000292abff0800, 0x00000292abfec800,
0x00000292abff3000, 0x00000292abfed000, 0x00000292abfee000, 0x00000292abff5800,
0x00000292abfef800, 0x00000292abff7800, 0x00000292abff9800, 0x00000292abffa000,
0x00000292abffb000, 0x00000292abff6000, 0x00000292abff7000, 0x00000292abff8800,
0x00000292ad3c7000, 0x00000292ad3c8800, 0x00000292ad3c5800, 0x00000292ad3c8000,
0x00000292ad3c9800, 0x00000292ad3ca800, 0x00000292ad3c4800, 0x00000292ad3cb000,
0x00000292ad3cc000, 0x00000292ad3c6000, 0x00000292ad3cf000, 0x00000292ad3d2800,
0x00000292ad3cc800, 0x00000292ad3ce800, 0x00000292ad3d1000, 0x00000292ad3d0000,
0x00000292ad3d3800, 0x00000292ad3d1800, 0x00000292ad3cd800, 0x00000292ad25b000,
0x00000292ad258800, 0x00000292ad25e000, 0x00000292ad25f000, 0x00000292ad25b800,
0x00000292ad25c800, 0x00000292ad259000, 0x00000292ad25f800, 0x00000292ad25a000,
0x00000292ad263000, 0x00000292ad260800, 0x00000292ad261800, 0x00000292ad25d800,
0x00000292ad264000, 0x00000292ad264800, 0x00000292ad265800, 0x00000292ad267000,
0x00000292ad266000, 0x00000292ad262000, 0x00000292aa081000, 0x00000292aa086800,
0x00000292aa082800, 0x00000292aa085000, 0x00000292aa086000, 0x00000292aa087800,
0x00000292aa083800, 0x00000292aa082000, 0x00000292aa088800, 0x00000292aa08a000
}

Java Threads: ( => current thread )
  0x000002928e7c8000 JavaThread "main" [_thread_blocked, id=4796, stack(0x000000f070400000,0x000000f070500000)]
  0x00000292a89cc000 JavaThread "Reference Handler" daemon [_thread_blocked, id=1460, stack(0x000000f070b00000,0x000000f070c00000)]
  0x00000292a89cd000 JavaThread "Finalizer" daemon [_thread_blocked, id=1064, stack(0x000000f070c00000,0x000000f070d00000)]
  0x00000292a8a24800 JavaThread "Signal Dispatcher" daemon [_thread_blocked, id=3176, stack(0x000000f070d00000,0x000000f070e00000)]
  0x00000292a8a28000 JavaThread "Attach Listener" daemon [_thread_blocked, id=2532, stack(0x000000f070e00000,0x000000f070f00000)]
  0x00000292a8a2b000 JavaThread "Service Thread" daemon [_thread_blocked, id=5148, stack(0x000000f070f00000,0x000000f071000000)]
  0x00000292a8a39800 JavaThread "C2 CompilerThread0" daemon [_thread_blocked, id=2276, stack(0x000000f071000000,0x000000f071100000)]
  0x00000292a8a3a800 JavaThread "C1 CompilerThread0" daemon [_thread_blocked, id=2044, stack(0x000000f071100000,0x000000f071200000)]
  0x00000292a8a3c000 JavaThread "Sweeper thread" daemon [_thread_blocked, id=5144, stack(0x000000f071200000,0x000000f071300000)]
  0x00000292a94d3800 JavaThread "Common-Cleaner" daemon [_thread_blocked, id=2304, stack(0x000000f071300000,0x000000f071400000)]
  0x00000292ab539800 JavaThread "Daemon health stats" [_thread_blocked, id=5792, stack(0x000000f071600000,0x000000f071700000)]
  0x00000292aabc9800 JavaThread "Incoming local TCP Connector on port 53946" [_thread_in_native, id=5640, stack(0x000000f071700000,0x000000f071800000)]
  0x00000292aacc3000 JavaThread "Daemon periodic checks" [_thread_blocked, id=4720, stack(0x000000f071800000,0x000000f071900000)]
  0x00000292ab1c4000 JavaThread "Daemon" [_thread_blocked, id=5496, stack(0x000000f071900000,0x000000f071a00000)]
  0x00000292a9e01800 JavaThread "Handler for socket connection from /127.0.0.1:53946 to /127.0.0.1:53947" [_thread_in_native, id=3920, stack(0x000000f071a00000,0x000000f071b00000)]
  0x00000292aaeeb800 JavaThread "Cancel handler" [_thread_blocked, id=1784, stack(0x000000f071b00000,0x000000f071c00000)]
  0x00000292aa8f5000 JavaThread "Daemon worker" [_thread_blocked, id=2056, stack(0x000000f071c00000,0x000000f071d00000)]
  0x00000292aa8f5800 JavaThread "Asynchronous log dispatcher for DefaultDaemonConnection: socket connection from /127.0.0.1:53946 to /127.0.0.1:53947" [_thread_blocked, id=1672, stack(0x000000f071d00000,0x000000f071e00000)]
  0x00000292a97e8800 JavaThread "Stdin handler" [_thread_blocked, id=5168, stack(0x000000f071e00000,0x000000f071f00000)]
  0x00000292aa945800 JavaThread "Daemon client event forwarder" [_thread_blocked, id=4644, stack(0x000000f071f00000,0x000000f072000000)]
  0x00000292aa946800 JavaThread "Cache worker for journal cache (C:\Users\Admin\.gradle\caches\journal-1)" [_thread_blocked, id=4740, stack(0x000000f072200000,0x000000f072300000)]
  0x00000292aa945000 JavaThread "File lock request listener" [_thread_in_native, id=5648, stack(0x000000f072300000,0x000000f072400000)]
  0x00000292aa947800 JavaThread "Cache worker for file hash cache (C:\Users\Admin\.gradle\caches\7.2\fileHashes)" [_thread_blocked, id=5624, stack(0x000000f072400000,0x000000f072500000)]
  0x00000292abff1000 JavaThread "Cache worker for file hash cache (C:\Users\Admin\AndroidStudioProjects\DailySelfie\.gradle\7.2\fileHashes)" [_thread_blocked, id=5880, stack(0x000000f072500000,0x000000f072600000)]
  0x00000292abfee800 JavaThread "File watcher server" daemon [_thread_blocked, id=4940, stack(0x000000f072600000,0x000000f072700000)]
  0x00000292abff2000 JavaThread "File watcher consumer" daemon [_thread_blocked, id=6100, stack(0x000000f072700000,0x000000f072800000)]
  0x00000292abff0800 JavaThread "Cache worker for checksums cache (C:\Users\Admin\AndroidStudioProjects\DailySelfie\.gradle\checksums)" [_thread_blocked, id=3988, stack(0x000000f072800000,0x000000f072900000)]
  0x00000292abfec800 JavaThread "Cache worker for cache directory md-supplier (C:\Users\Admin\.gradle\caches\7.2\md-supplier)" [_thread_blocked, id=2448, stack(0x000000f072900000,0x000000f072a00000)]
  0x00000292abff3000 JavaThread "Cache worker for cache directory md-rule (C:\Users\Admin\.gradle\caches\7.2\md-rule)" [_thread_blocked, id=712, stack(0x000000f072a00000,0x000000f072b00000)]
  0x00000292abfed000 JavaThread "Cache worker for execution history cache (C:\Users\Admin\.gradle\caches\7.2\executionHistory)" [_thread_blocked, id=5596, stack(0x000000f072b00000,0x000000f072c00000)]
  0x00000292abfee000 JavaThread "jar transforms" [_thread_blocked, id=3848, stack(0x000000f072c00000,0x000000f072d00000)]
  0x00000292abff5800 JavaThread "Cache worker for file content cache (C:\Users\Admin\.gradle\caches\7.2\fileContent)" [_thread_blocked, id=1408, stack(0x000000f072d00000,0x000000f072e00000)]
  0x00000292abfef800 JavaThread "jar transforms Thread 2" [_thread_blocked, id=5024, stack(0x000000f072e00000,0x000000f072f00000)]
  0x00000292abff7800 JavaThread "Cache worker for dependencies-accessors (C:\Users\Admin\AndroidStudioProjects\DailySelfie\.gradle\7.2\dependencies-accessors)" [_thread_blocked, id=2584, stack(0x000000f072f00000,0x000000f073000000)]
  0x00000292abff9800 JavaThread "jar transforms Thread 3" [_thread_blocked, id=4100, stack(0x000000f073000000,0x000000f073100000)]
  0x00000292abffa000 JavaThread "Cache worker for Build Output Cleanup Cache (C:\Users\Admin\AndroidStudioProjects\DailySelfie\.gradle\buildOutputCleanup)" [_thread_blocked, id=1404, stack(0x000000f073100000,0x000000f073200000)]
  0x00000292abffb000 JavaThread "Unconstrained build operations" [_thread_blocked, id=5388, stack(0x000000f073200000,0x000000f073300000)]
  0x00000292abff6000 JavaThread "Unconstrained build operations Thread 2" [_thread_blocked, id=6036, stack(0x000000f073300000,0x000000f073400000)]
  0x00000292abff7000 JavaThread "Unconstrained build operations Thread 3" [_thread_blocked, id=4932, stack(0x000000f073400000,0x000000f073500000)]
  0x00000292abff8800 JavaThread "Unconstrained build operations Thread 4" [_thread_blocked, id=4808, stack(0x000000f073500000,0x000000f073600000)]
  0x00000292ad3c7000 JavaThread "Unconstrained build operations Thread 5" [_thread_blocked, id=4760, stack(0x000000f073600000,0x000000f073700000)]
  0x00000292ad3c8800 JavaThread "Unconstrained build operations Thread 6" [_thread_blocked, id=4748, stack(0x000000f073700000,0x000000f073800000)]
  0x00000292ad3c5800 JavaThread "Unconstrained build operations Thread 7" [_thread_blocked, id=5372, stack(0x000000f073800000,0x000000f073900000)]
  0x00000292ad3c8000 JavaThread "Unconstrained build operations Thread 8" [_thread_blocked, id=4980, stack(0x000000f073900000,0x000000f073a00000)]
  0x00000292ad3c9800 JavaThread "Unconstrained build operations Thread 9" [_thread_blocked, id=1196, stack(0x000000f073a00000,0x000000f073b00000)]
  0x00000292ad3ca800 JavaThread "Unconstrained build operations Thread 10" [_thread_blocked, id=3824, stack(0x000000f073b00000,0x000000f073c00000)]
  0x00000292ad3c4800 JavaThread "Unconstrained build operations Thread 11" [_thread_blocked, id=3440, stack(0x000000f073c00000,0x000000f073d00000)]
  0x00000292ad3cb000 JavaThread "Unconstrained build operations Thread 12" [_thread_blocked, id=5848, stack(0x000000f073d00000,0x000000f073e00000)]
  0x00000292ad3cc000 JavaThread "Unconstrained build operations Thread 13" [_thread_blocked, id=1204, stack(0x000000f073e00000,0x000000f073f00000)]
  0x00000292ad3c6000 JavaThread "Unconstrained build operations Thread 14" [_thread_blocked, id=5244, stack(0x000000f073f00000,0x000000f074000000)]
  0x00000292ad3cf000 JavaThread "Unconstrained build operations Thread 15" [_thread_blocked, id=2992, stack(0x000000f074000000,0x000000f074100000)]
  0x00000292ad3d2800 JavaThread "Unconstrained build operations Thread 16" [_thread_blocked, id=4160, stack(0x000000f074100000,0x000000f074200000)]
  0x00000292ad3cc800 JavaThread "Unconstrained build operations Thread 17" [_thread_blocked, id=4680, stack(0x000000f074200000,0x000000f074300000)]
  0x00000292ad3ce800 JavaThread "Unconstrained build operations Thread 18" [_thread_blocked, id=864, stack(0x000000f074300000,0x000000f074400000)]
  0x00000292ad3d1000 JavaThread "Unconstrained build operations Thread 19" [_thread_blocked, id=6052, stack(0x000000f074400000,0x000000f074500000)]
  0x00000292ad3d0000 JavaThread "Unconstrained build operations Thread 20" [_thread_blocked, id=2648, stack(0x000000f074500000,0x000000f074600000)]
  0x00000292ad3d3800 JavaThread "Unconstrained build operations Thread 21" [_thread_blocked, id=4016, stack(0x000000f074600000,0x000000f074700000)]
  0x00000292ad3d1800 JavaThread "Unconstrained build operations Thread 22" [_thread_blocked, id=4108, stack(0x000000f074700000,0x000000f074800000)]
  0x00000292ad3cd800 JavaThread "Unconstrained build operations Thread 23" [_thread_blocked, id=940, stack(0x000000f074800000,0x000000f074900000)]
  0x00000292ad25b000 JavaThread "Unconstrained build operations Thread 24" [_thread_blocked, id=5488, stack(0x000000f074900000,0x000000f074a00000)]
  0x00000292ad258800 JavaThread "Unconstrained build operations Thread 25" [_thread_blocked, id=3572, stack(0x000000f074a00000,0x000000f074b00000)]
  0x00000292ad25e000 JavaThread "Unconstrained build operations Thread 26" [_thread_blocked, id=4300, stack(0x000000f074b00000,0x000000f074c00000)]
  0x00000292ad25f000 JavaThread "Unconstrained build operations Thread 27" [_thread_blocked, id=4716, stack(0x000000f074c00000,0x000000f074d00000)]
  0x00000292ad25b800 JavaThread "Unconstrained build operations Thread 28" [_thread_blocked, id=616, stack(0x000000f074d00000,0x000000f074e00000)]
  0x00000292ad25c800 JavaThread "Unconstrained build operations Thread 29" [_thread_blocked, id=5052, stack(0x000000f074e00000,0x000000f074f00000)]
  0x00000292ad259000 JavaThread "Unconstrained build operations Thread 30" [_thread_blocked, id=5376, stack(0x000000f074f00000,0x000000f075000000)]
  0x00000292ad25f800 JavaThread "Unconstrained build operations Thread 31" [_thread_blocked, id=5036, stack(0x000000f075000000,0x000000f075100000)]
  0x00000292ad25a000 JavaThread "Unconstrained build operations Thread 32" [_thread_blocked, id=5272, stack(0x000000f075100000,0x000000f075200000)]
  0x00000292ad263000 JavaThread "Unconstrained build operations Thread 33" [_thread_blocked, id=5012, stack(0x000000f075200000,0x000000f075300000)]
  0x00000292ad260800 JavaThread "Unconstrained build operations Thread 34" [_thread_blocked, id=6004, stack(0x000000f075300000,0x000000f075400000)]
  0x00000292ad261800 JavaThread "Unconstrained build operations Thread 35" [_thread_blocked, id=1960, stack(0x000000f075400000,0x000000f075500000)]
  0x00000292ad25d800 JavaThread "Unconstrained build operations Thread 36" [_thread_blocked, id=5160, stack(0x000000f075500000,0x000000f075600000)]
  0x00000292ad264000 JavaThread "Unconstrained build operations Thread 37" [_thread_blocked, id=1852, stack(0x000000f075600000,0x000000f075700000)]
  0x00000292ad264800 JavaThread "Unconstrained build operations Thread 38" [_thread_blocked, id=3084, stack(0x000000f075700000,0x000000f075800000)]
  0x00000292ad265800 JavaThread "Unconstrained build operations Thread 39" [_thread_blocked, id=5936, stack(0x000000f075800000,0x000000f075900000)]
  0x00000292ad267000 JavaThread "Unconstrained build operations Thread 40" [_thread_blocked, id=3284, stack(0x000000f075900000,0x000000f075a00000)]
  0x00000292ad266000 JavaThread "jar transforms Thread 4" [_thread_blocked, id=3220, stack(0x000000f075a00000,0x000000f075b00000)]
  0x00000292ad262000 JavaThread "Memory manager" [_thread_blocked, id=5472, stack(0x000000f075b00000,0x000000f075c00000)]
  0x00000292aa081000 JavaThread "build event listener" [_thread_blocked, id=4264, stack(0x000000f075c00000,0x000000f075d00000)]
  0x00000292aa086800 JavaThread "pool-3-thread-1" [_thread_blocked, id=3340, stack(0x000000f075d00000,0x000000f075e00000)]
  0x00000292aa082800 JavaThread "build event listener" [_thread_blocked, id=3972, stack(0x000000f075e00000,0x000000f075f00000)]
  0x00000292aa085000 JavaThread "Execution worker for ':'" [_thread_blocked, id=4416, stack(0x000000f075f00000,0x000000f076000000)]
  0x00000292aa086000 JavaThread "Execution worker for ':' Thread 2" [_thread_blocked, id=3304, stack(0x000000f076000000,0x000000f076100000)]
  0x00000292aa087800 JavaThread "Execution worker for ':' Thread 3" [_thread_blocked, id=1664, stack(0x000000f076100000,0x000000f076200000)]
  0x00000292aa083800 JavaThread "Cache worker for execution history cache (C:\Users\Admin\AndroidStudioProjects\DailySelfie\.gradle\7.2\executionHistory)" [_thread_blocked, id=3584, stack(0x000000f076200000,0x000000f076300000)]
  0x00000292aa082000 JavaThread "WorkerExecutor Queue" [_thread_blocked, id=6056, stack(0x000000f076300000,0x000000f076400000)]
  0x00000292aa088800 JavaThread "WorkerExecutor Queue Thread 2" [_thread_blocked, id=5304, stack(0x000000f076400000,0x000000f076500000)]
  0x00000292aa08a000 JavaThread "WorkerExecutor Queue Thread 3" [_thread_blocked, id=4068, stack(0x000000f076500000,0x000000f076600000)]

Other Threads:
=>0x00000292a89c1000 VMThread "VM Thread" [stack: 0x000000f070a00000,0x000000f070b00000] [id=5392]
  0x00000292a94d4800 WatcherThread [stack: 0x000000f071400000,0x000000f071500000] [id=1176]
  0x000002928e7e3800 GCTaskThread "GC Thread#0" [stack: 0x000000f070500000,0x000000f070600000] [id=3924]
  0x00000292a9cac000 GCTaskThread "GC Thread#1" [stack: 0x000000f071500000,0x000000f071600000] [id=1396]
  0x00000292ab2e5800 GCTaskThread "GC Thread#2" [stack: 0x000000f072000000,0x000000f072100000] [id=1788]
  0x00000292ab2e6000 GCTaskThread "GC Thread#3" [stack: 0x000000f072100000,0x000000f072200000] [id=1796]
  0x000002928e813000 ConcurrentGCThread "G1 Main Marker" [stack: 0x000000f070600000,0x000000f070700000] [id=3936]
  0x000002928e814800 ConcurrentGCThread "G1 Conc#0" [stack: 0x000000f070700000,0x000000f070800000] [id=2156]
  0x000002928e86d800 ConcurrentGCThread "G1 Refine#0" [stack: 0x000000f070800000,0x000000f070900000] [id=5856]
  0x000002928e86e800 ConcurrentGCThread "G1 Young RemSet Sampling" [stack: 0x000000f070900000,0x000000f070a00000] [id=3216]

Threads with active compile tasks:
C2 CompilerThread0  24329 11757       4       org.gradle.internal.hash.Hashing$MessageDigestHasher::update (28 bytes)

VM state:at safepoint (normal execution)

VM Mutex/Monitor currently owned by a thread:  ([mutex/lock_event])
[0x000002928e7c4e90] Threads_lock - owner thread: 0x00000292a89c1000
[0x000002928e7c4e00] Heap_lock - owner thread: 0x00000292ad261800

Heap address: 0x0000000080000000, size: 2048 MB, Compressed Oops mode: 32-bit
Narrow klass base: 0x0000000000000000, Narrow klass shift: 3
Compressed class space size: 1073741824 Address: 0x0000000100000000

Heap:
 garbage-first heap   total 249856K, used 88976K [0x0000000080000000, 0x0000000100000000)
  region size 1024K, 1 young (1024K), 1 survivors (1024K)
 Metaspace       used 95471K, capacity 97666K, committed 97792K, reserved 1134592K
  class space    used 12022K, capacity 12829K, committed 12876K, reserved 1048576K
Heap Regions: E=young(eden), S=young(survivor), O=old, HS=humongous(starts), HC=humongous(continues), CS=collection set, F=free, A=archive, TAMS=top-at-mark-start (previous, next)
|   0|0x0000000080000000, 0x0000000080100000, 0x0000000080100000|100%| O|  |TAMS 0x0000000080100000, 0x0000000080000000| Untracked 
|   1|0x0000000080100000, 0x0000000080200000, 0x0000000080200000|100%| O|  |TAMS 0x0000000080200000, 0x0000000080100000| Untracked 
|   2|0x0000000080200000, 0x0000000080300000, 0x0000000080300000|100%| O|  |TAMS 0x0000000080300000, 0x0000000080200000| Complete 
|   3|0x0000000080300000, 0x0000000080400000, 0x0000000080400000|100%|HS|  |TAMS 0x0000000080400000, 0x0000000080300000| Complete 
|   4|0x0000000080400000, 0x0000000080500000, 0x0000000080500000|100%|HC|  |TAMS 0x0000000080500000, 0x0000000080400000| Complete 
|   5|0x0000000080500000, 0x0000000080600000, 0x0000000080600000|100%|HC|  |TAMS 0x0000000080600000, 0x0000000080500000| Complete 
|   6|0x0000000080600000, 0x0000000080700000, 0x0000000080700000|100%| O|  |TAMS 0x0000000080700000, 0x0000000080600000| Untracked 
|   7|0x0000000080700000, 0x0000000080800000, 0x0000000080800000|100%| O|  |TAMS 0x0000000080800000, 0x0000000080700000| Untracked 
|   8|0x0000000080800000, 0x0000000080900000, 0x0000000080900000|100%| O|  |TAMS 0x0000000080900000, 0x0000000080800000| Complete 
|   9|0x0000000080900000, 0x0000000080a00000, 0x0000000080a00000|100%| O|  |TAMS 0x0000000080a00000, 0x0000000080900000| Untracked 
|  10|0x0000000080a00000, 0x0000000080b00000, 0x0000000080b00000|100%| O|  |TAMS 0x0000000080b00000, 0x0000000080a00000| Complete 
|  11|0x0000000080b00000, 0x0000000080c00000, 0x0000000080c00000|100%| O|  |TAMS 0x0000000080c00000, 0x0000000080b00000| Untracked 
|  12|0x0000000080c00000, 0x0000000080d00000, 0x0000000080d00000|100%| O|  |TAMS 0x0000000080d00000, 0x0000000080c00000| Untracked 
|  13|0x0000000080d00000, 0x0000000080e00000, 0x0000000080e00000|100%| O|  |TAMS 0x0000000080e00000, 0x0000000080d00000| Untracked 
|  14|0x0000000080e00000, 0x0000000080f00000, 0x0000000080f00000|100%| O|  |TAMS 0x0000000080f00000, 0x0000000080e00000| Untracked 
|  15|0x0000000080f00000, 0x0000000081000000, 0x0000000081000000|100%| O|  |TAMS 0x0000000081000000, 0x0000000080f00000| Untracked 
|  16|0x0000000081000000, 0x0000000081100000, 0x0000000081100000|100%| O|  |TAMS 0x0000000081100000, 0x0000000081000000| Untracked 
|  17|0x0000000081100000, 0x0000000081200000, 0x0000000081200000|100%| O|  |TAMS 0x0000000081200000, 0x0000000081100000| Untracked 
|  18|0x0000000081200000, 0x0000000081300000, 0x0000000081300000|100%| O|  |TAMS 0x0000000081300000, 0x0000000081200000| Untracked 
|  19|0x0000000081300000, 0x0000000081400000, 0x0000000081400000|100%| O|  |TAMS 0x0000000081400000, 0x0000000081300000| Untracked 
|  20|0x0000000081400000, 0x0000000081500000, 0x0000000081500000|100%|HS|  |TAMS 0x0000000081500000, 0x0000000081400000| Complete 
|  21|0x0000000081500000, 0x0000000081600000, 0x0000000081600000|100%| O|  |TAMS 0x0000000081600000, 0x0000000081500000| Untracked 
|  22|0x0000000081600000, 0x0000000081700000, 0x0000000081700000|100%| O|  |TAMS 0x0000000081700000, 0x0000000081600000| Complete 
|  23|0x0000000081700000, 0x0000000081800000, 0x0000000081800000|100%| O|  |TAMS 0x0000000081800000, 0x0000000081700000| Untracked 
|  24|0x0000000081800000, 0x0000000081900000, 0x0000000081900000|100%| O|  |TAMS 0x0000000081900000, 0x0000000081800000| Untracked 
|  25|0x0000000081900000, 0x0000000081a00000, 0x0000000081a00000|100%| O|  |TAMS 0x0000000081a00000, 0x0000000081900000| Untracked 
|  26|0x0000000081a00000, 0x0000000081b00000, 0x0000000081b00000|100%| O|  |TAMS 0x0000000081b00000, 0x0000000081a00000| Complete 
|  27|0x0000000081b00000, 0x0000000081c00000, 0x0000000081c00000|100%|HS|  |TAMS 0x0000000081c00000, 0x0000000081b00000| Complete 
|  28|0x0000000081c00000, 0x0000000081d00000, 0x0000000081d00000|100%|HS|  |TAMS 0x0000000081d00000, 0x0000000081c00000| Complete 
|  29|0x0000000081d00000, 0x0000000081e00000, 0x0000000081e00000|100%|HS|  |TAMS 0x0000000081e00000, 0x0000000081d00000| Complete 
|  30|0x0000000081e00000, 0x0000000081f00000, 0x0000000081f00000|100%|HC|  |TAMS 0x0000000081f00000, 0x0000000081e00000| Complete 
|  31|0x0000000081f00000, 0x0000000082000000, 0x0000000082000000|100%| O|  |TAMS 0x0000000082000000, 0x0000000081f00000| Untracked 
|  32|0x0000000082000000, 0x0000000082100000, 0x0000000082100000|100%| O|  |TAMS 0x0000000082100000, 0x0000000082000000| Untracked 
|  33|0x0000000082100000, 0x0000000082200000, 0x0000000082200000|100%| O|  |TAMS 0x0000000082200000, 0x0000000082100000| Untracked 
|  34|0x0000000082200000, 0x0000000082300000, 0x0000000082300000|100%| O|  |TAMS 0x0000000082300000, 0x0000000082200000| Untracked 
|  35|0x0000000082300000, 0x0000000082400000, 0x0000000082400000|100%| O|  |TAMS 0x0000000082400000, 0x0000000082300000| Untracked 
|  36|0x0000000082400000, 0x0000000082500000, 0x0000000082500000|100%| O|  |TAMS 0x0000000082500000, 0x0000000082400000| Untracked 
|  37|0x0000000082500000, 0x0000000082600000, 0x0000000082600000|100%| O|  |TAMS 0x0000000082600000, 0x0000000082500000| Untracked 
|  38|0x0000000082600000, 0x0000000082700000, 0x0000000082700000|100%| O|  |TAMS 0x0000000082700000, 0x0000000082600000| Untracked 
|  39|0x0000000082700000, 0x0000000082800000, 0x0000000082800000|100%| O|  |TAMS 0x0000000082800000, 0x0000000082700000| Untracked 
|  40|0x0000000082800000, 0x0000000082900000, 0x0000000082900000|100%| O|  |TAMS 0x0000000082900000, 0x0000000082800000| Untracked 
|  41|0x0000000082900000, 0x0000000082a00000, 0x0000000082a00000|100%| O|  |TAMS 0x0000000082a00000, 0x0000000082900000| Untracked 
|  42|0x0000000082a00000, 0x0000000082b00000, 0x0000000082b00000|100%| O|  |TAMS 0x0000000082b00000, 0x0000000082a00000| Untracked 
|  43|0x0000000082b00000, 0x0000000082c00000, 0x0000000082c00000|100%| O|  |TAMS 0x0000000082c00000, 0x0000000082b00000| Complete 
|  44|0x0000000082c00000, 0x0000000082d00000, 0x0000000082d00000|100%| O|  |TAMS 0x0000000082d00000, 0x0000000082c00000| Complete 
|  45|0x0000000082d00000, 0x0000000082e00000, 0x0000000082e00000|100%| O|  |TAMS 0x0000000082e00000, 0x0000000082d00000| Untracked 
|  46|0x0000000082e00000, 0x0000000082f00000, 0x0000000082f00000|100%| O|  |TAMS 0x0000000082f00000, 0x0000000082e00000| Untracked 
|  47|0x0000000082f00000, 0x0000000083000000, 0x0000000083000000|100%| O|  |TAMS 0x0000000083000000, 0x0000000082f00000| Untracked 
|  48|0x0000000083000000, 0x0000000083100000, 0x0000000083100000|100%| O|  |TAMS 0x0000000083100000, 0x0000000083000000| Untracked 
|  49|0x0000000083100000, 0x0000000083200000, 0x0000000083200000|100%| O|  |TAMS 0x0000000083200000, 0x0000000083100000| Untracked 
|  50|0x0000000083200000, 0x0000000083300000, 0x0000000083300000|100%| O|  |TAMS 0x0000000083300000, 0x0000000083200000| Complete 
|  51|0x0000000083300000, 0x0000000083400000, 0x0000000083400000|100%| O|  |TAMS 0x0000000083400000, 0x0000000083300000| Untracked 
|  52|0x0000000083400000, 0x0000000083500000, 0x0000000083500000|100%| O|  |TAMS 0x0000000083500000, 0x0000000083400000| Untracked 
|  53|0x0000000083500000, 0x0000000083600000, 0x0000000083600000|100%| O|  |TAMS 0x0000000083600000, 0x0000000083500000| Untracked 
|  54|0x0000000083600000, 0x0000000083700000, 0x0000000083700000|100%| O|  |TAMS 0x0000000083700000, 0x0000000083600000| Complete 
|  55|0x0000000083700000, 0x0000000083800000, 0x0000000083800000|100%| O|  |TAMS 0x0000000083800000, 0x0000000083700000| Untracked 
|  56|0x0000000083800000, 0x0000000083900000, 0x0000000083900000|100%| O|  |TAMS 0x0000000083900000, 0x0000000083800000| Untracked 
|  57|0x0000000083900000, 0x0000000083a00000, 0x0000000083a00000|100%| O|  |TAMS 0x0000000083a00000, 0x0000000083900000| Complete 
|  58|0x0000000083a00000, 0x0000000083b00000, 0x0000000083b00000|100%| O|  |TAMS 0x0000000083a00000, 0x0000000083a00000| Untracked 
|  59|0x0000000083b00000, 0x0000000083c00000, 0x0000000083c00000|100%| O|  |TAMS 0x0000000083b00000, 0x0000000083b00000| Untracked 
|  60|0x0000000083c00000, 0x0000000083d00000, 0x0000000083d00000|100%| O|  |TAMS 0x0000000083d00000, 0x0000000083c00000| Untracked 
|  61|0x0000000083d00000, 0x0000000083e00000, 0x0000000083e00000|100%| O|  |TAMS 0x0000000083e00000, 0x0000000083d00000| Untracked 
|  62|0x0000000083e00000, 0x0000000083f00000, 0x0000000083f00000|100%| O|  |TAMS 0x0000000083f00000, 0x0000000083e00000| Untracked 
|  63|0x0000000083f00000, 0x0000000084000000, 0x0000000084000000|100%| O|  |TAMS 0x0000000084000000, 0x0000000083f00000| Untracked 
|  64|0x0000000084000000, 0x0000000084100000, 0x0000000084100000|100%| O|  |TAMS 0x0000000084100000, 0x0000000084000000| Untracked 
|  65|0x0000000084100000, 0x0000000084200000, 0x0000000084200000|100%| O|  |TAMS 0x0000000084200000, 0x0000000084100000| Untracked 
|  66|0x0000000084200000, 0x0000000084300000, 0x0000000084300000|100%| O|  |TAMS 0x0000000084300000, 0x0000000084200000| Untracked 
|  67|0x0000000084300000, 0x0000000084400000, 0x0000000084400000|100%| O|  |TAMS 0x0000000084400000, 0x0000000084300000| Complete 
|  68|0x0000000084400000, 0x0000000084500000, 0x0000000084500000|100%| O|  |TAMS 0x0000000084500000, 0x0000000084400000| Complete 
|  69|0x0000000084500000, 0x0000000084600000, 0x0000000084600000|100%| O|  |TAMS 0x0000000084500000, 0x0000000084500000| Untracked 
|  70|0x0000000084600000, 0x0000000084700000, 0x0000000084700000|100%| O|  |TAMS 0x0000000084600000, 0x0000000084600000| Untracked 
|  71|0x0000000084700000, 0x0000000084800000, 0x0000000084800000|100%| O|  |TAMS 0x0000000084800000, 0x0000000084700000| Complete 
|  72|0x0000000084800000, 0x0000000084800000, 0x0000000084900000|  0%| F|  |TAMS 0x0000000084800000, 0x0000000084800000| Untracked 
|  73|0x0000000084900000, 0x0000000084a00000, 0x0000000084a00000|100%| O|  |TAMS 0x0000000084a00000, 0x0000000084900000| Untracked 
|  74|0x0000000084a00000, 0x0000000084b00000, 0x0000000084b00000|100%| O|  |TAMS 0x0000000084b00000, 0x0000000084a00000| Complete 
|  75|0x0000000084b00000, 0x0000000084c00000, 0x0000000084c00000|100%| O|  |TAMS 0x0000000084c00000, 0x0000000084b00000| Untracked 
|  76|0x0000000084c00000, 0x0000000084d00000, 0x0000000084d00000|100%| O|  |TAMS 0x0000000084c00000, 0x0000000084c00000| Untracked 
|  77|0x0000000084d00000, 0x0000000084d00000, 0x0000000084e00000|  0%| F|  |TAMS 0x0000000084d00000, 0x0000000084d00000| Untracked 
|  78|0x0000000084e00000, 0x0000000084f00000, 0x0000000084f00000|100%| O|  |TAMS 0x0000000084f00000, 0x0000000084e00000| Complete 
|  79|0x0000000084f00000, 0x0000000085000000, 0x0000000085000000|100%| O|  |TAMS 0x0000000085000000, 0x0000000084f00000| Complete 
|  80|0x0000000085000000, 0x0000000085100000, 0x0000000085100000|100%| O|  |TAMS 0x0000000085100000, 0x0000000085000000| Complete 
|  81|0x0000000085100000, 0x0000000085200000, 0x0000000085200000|100%| O|  |TAMS 0x0000000085200000, 0x0000000085100000| Complete 
|  82|0x0000000085200000, 0x0000000085200000, 0x0000000085300000|  0%| F|  |TAMS 0x0000000085200000, 0x0000000085200000| Untracked 
|  83|0x0000000085300000, 0x0000000085400000, 0x0000000085400000|100%| O|  |TAMS 0x0000000085400000, 0x0000000085300000| Complete 
|  84|0x0000000085400000, 0x0000000085500000, 0x0000000085500000|100%| O|  |TAMS 0x0000000085500000, 0x0000000085400000| Untracked 
|  85|0x0000000085500000, 0x0000000085600000, 0x0000000085600000|100%| O|  |TAMS 0x0000000085600000, 0x0000000085500000| Complete 
|  86|0x0000000085600000, 0x0000000085600000, 0x0000000085700000|  0%| F|  |TAMS 0x0000000085600000, 0x0000000085600000| Untracked 
|  87|0x0000000085700000, 0x000000008575ca00, 0x0000000085800000| 36%| O|  |TAMS 0x0000000085700000, 0x0000000085700000| Untracked 
|  88|0x0000000085800000, 0x0000000085800000, 0x0000000085900000|  0%| F|  |TAMS 0x0000000085800000, 0x0000000085800000| Untracked 
|  89|0x0000000085900000, 0x0000000085a00000, 0x0000000085a00000|100%| O|  |TAMS 0x0000000085a00000, 0x0000000085900000| Complete 
|  90|0x0000000085a00000, 0x0000000085a00000, 0x0000000085b00000|  0%| F|  |TAMS 0x0000000085a00000, 0x0000000085a00000| Untracked 
|  91|0x0000000085b00000, 0x0000000085b00000, 0x0000000085c00000|  0%| F|  |TAMS 0x0000000085b00000, 0x0000000085b00000| Untracked 
|  92|0x0000000085c00000, 0x0000000085d00000, 0x0000000085d00000|100%| O|  |TAMS 0x0000000085ccf800, 0x0000000085c00000| Untracked 
|  93|0x0000000085d00000, 0x0000000085d00000, 0x0000000085e00000|  0%| F|  |TAMS 0x0000000085d00000, 0x0000000085d00000| Untracked 
|  94|0x0000000085e00000, 0x0000000085e00000, 0x0000000085f00000|  0%| F|  |TAMS 0x0000000085e00000, 0x0000000085e00000| Untracked 
|  95|0x0000000085f00000, 0x0000000085f00000, 0x0000000086000000|  0%| F|  |TAMS 0x0000000085f00000, 0x0000000085f00000| Untracked 
|  96|0x0000000086000000, 0x0000000086000000, 0x0000000086100000|  0%| F|  |TAMS 0x0000000086000000, 0x0000000086000000| Untracked 
|  97|0x0000000086100000, 0x0000000086100000, 0x0000000086200000|  0%| F|  |TAMS 0x0000000086100000, 0x0000000086100000| Untracked 
|  98|0x0000000086200000, 0x0000000086200000, 0x0000000086300000|  0%| F|  |TAMS 0x0000000086200000, 0x0000000086200000| Untracked 
|  99|0x0000000086300000, 0x0000000086300000, 0x0000000086400000|  0%| F|  |TAMS 0x0000000086300000, 0x0000000086300000| Untracked 
| 100|0x0000000086400000, 0x0000000086400000, 0x0000000086500000|  0%| F|  |TAMS 0x0000000086400000, 0x0000000086400000| Untracked 
| 101|0x0000000086500000, 0x0000000086500000, 0x0000000086600000|  0%| F|  |TAMS 0x0000000086500000, 0x0000000086500000| Untracked 
| 102|0x0000000086600000, 0x0000000086600000, 0x0000000086700000|  0%| F|  |TAMS 0x0000000086600000, 0x0000000086600000| Untracked 
| 103|0x0000000086700000, 0x0000000086700000, 0x0000000086800000|  0%| F|  |TAMS 0x0000000086700000, 0x0000000086700000| Untracked 
| 104|0x0000000086800000, 0x0000000086800000, 0x0000000086900000|  0%| F|  |TAMS 0x0000000086800000, 0x0000000086800000| Untracked 
| 105|0x0000000086900000, 0x0000000086900000, 0x0000000086a00000|  0%| F|  |TAMS 0x0000000086900000, 0x0000000086900000| Untracked 
| 106|0x0000000086a00000, 0x0000000086a00000, 0x0000000086b00000|  0%| F|  |TAMS 0x0000000086a00000, 0x0000000086a00000| Untracked 
| 107|0x0000000086b00000, 0x0000000086b00000, 0x0000000086c00000|  0%| F|  |TAMS 0x0000000086b00000, 0x0000000086b00000| Untracked 
| 108|0x0000000086c00000, 0x0000000086d00000, 0x0000000086d00000|100%| O|  |TAMS 0x0000000086d00000, 0x0000000086c00000| Untracked 
| 109|0x0000000086d00000, 0x0000000086d00000, 0x0000000086e00000|  0%| F|  |TAMS 0x0000000086d00000, 0x0000000086d00000| Untracked 
| 110|0x0000000086e00000, 0x0000000086e00000, 0x0000000086f00000|  0%| F|  |TAMS 0x0000000086e00000, 0x0000000086e00000| Untracked 
| 111|0x0000000086f00000, 0x0000000086f00000, 0x0000000087000000|  0%| F|  |TAMS 0x0000000086f00000, 0x0000000086f00000| Untracked 
| 112|0x0000000087000000, 0x0000000087000000, 0x0000000087100000|  0%| F|  |TAMS 0x0000000087000000, 0x0000000087000000| Untracked 
| 113|0x0000000087100000, 0x0000000087100000, 0x0000000087200000|  0%| F|  |TAMS 0x0000000087100000, 0x0000000087100000| Untracked 
| 114|0x0000000087200000, 0x0000000087200000, 0x0000000087300000|  0%| F|  |TAMS 0x0000000087200000, 0x0000000087200000| Untracked 
| 115|0x0000000087300000, 0x0000000087300000, 0x0000000087400000|  0%| F|  |TAMS 0x0000000087300000, 0x0000000087300000| Untracked 
| 116|0x0000000087400000, 0x0000000087400000, 0x0000000087500000|  0%| F|  |TAMS 0x0000000087400000, 0x0000000087400000| Untracked 
| 117|0x0000000087500000, 0x0000000087500000, 0x0000000087600000|  0%| F|  |TAMS 0x0000000087500000, 0x0000000087500000| Untracked 
| 118|0x0000000087600000, 0x0000000087600000, 0x0000000087700000|  0%| F|  |TAMS 0x0000000087600000, 0x0000000087600000| Untracked 
| 119|0x0000000087700000, 0x0000000087700000, 0x0000000087800000|  0%| F|  |TAMS 0x0000000087700000, 0x0000000087700000| Untracked 
| 120|0x0000000087800000, 0x0000000087800000, 0x0000000087900000|  0%| F|  |TAMS 0x0000000087800000, 0x0000000087800000| Untracked 
| 121|0x0000000087900000, 0x0000000087900000, 0x0000000087a00000|  0%| F|  |TAMS 0x0000000087900000, 0x0000000087900000| Untracked 
| 122|0x0000000087a00000, 0x0000000087a00000, 0x0000000087b00000|  0%| F|  |TAMS 0x0000000087a00000, 0x0000000087a00000| Untracked 
| 123|0x0000000087b00000, 0x0000000087b00000, 0x0000000087c00000|  0%| F|  |TAMS 0x0000000087b00000, 0x0000000087b00000| Untracked 
| 124|0x0000000087c00000, 0x0000000087c00000, 0x0000000087d00000|  0%| F|  |TAMS 0x0000000087c00000, 0x0000000087c00000| Untracked 
| 125|0x0000000087d00000, 0x0000000087d00000, 0x0000000087e00000|  0%| F|  |TAMS 0x0000000087d00000, 0x0000000087d00000| Untracked 
| 126|0x0000000087e00000, 0x0000000087e00000, 0x0000000087f00000|  0%| F|  |TAMS 0x0000000087e00000, 0x0000000087e00000| Untracked 
| 127|0x0000000087f00000, 0x0000000087f00000, 0x0000000088000000|  0%| F|  |TAMS 0x0000000087f00000, 0x0000000087f00000| Untracked 
| 128|0x0000000088000000, 0x0000000088000000, 0x0000000088100000|  0%| F|  |TAMS 0x0000000088000000, 0x0000000088000000| Untracked 
| 129|0x0000000088100000, 0x0000000088100000, 0x0000000088200000|  0%| F|  |TAMS 0x0000000088100000, 0x0000000088100000| Untracked 
| 130|0x0000000088200000, 0x0000000088200000, 0x0000000088300000|  0%| F|  |TAMS 0x0000000088200000, 0x0000000088200000| Untracked 
| 131|0x0000000088300000, 0x0000000088300000, 0x0000000088400000|  0%| F|  |TAMS 0x0000000088300000, 0x0000000088300000| Untracked 
| 132|0x0000000088400000, 0x0000000088400000, 0x0000000088500000|  0%| F|  |TAMS 0x0000000088400000, 0x0000000088400000| Untracked 
| 133|0x0000000088500000, 0x0000000088500000, 0x0000000088600000|  0%| F|  |TAMS 0x0000000088500000, 0x0000000088500000| Untracked 
| 134|0x0000000088600000, 0x0000000088600000, 0x0000000088700000|  0%| F|  |TAMS 0x0000000088600000, 0x0000000088600000| Untracked 
| 135|0x0000000088700000, 0x0000000088700000, 0x0000000088800000|  0%| F|  |TAMS 0x0000000088700000, 0x0000000088700000| Untracked 
| 136|0x0000000088800000, 0x0000000088800000, 0x0000000088900000|  0%| F|  |TAMS 0x0000000088800000, 0x0000000088800000| Untracked 
| 137|0x0000000088900000, 0x0000000088900000, 0x0000000088a00000|  0%| F|  |TAMS 0x0000000088900000, 0x0000000088900000| Untracked 
| 138|0x0000000088a00000, 0x0000000088a00000, 0x0000000088b00000|  0%| F|  |TAMS 0x0000000088a00000, 0x0000000088a00000| Untracked 
| 139|0x0000000088b00000, 0x0000000088b00000, 0x0000000088c00000|  0%| F|  |TAMS 0x0000000088b00000, 0x0000000088b00000| Untracked 
| 140|0x0000000088c00000, 0x0000000088c00000, 0x0000000088d00000|  0%| F|  |TAMS 0x0000000088c00000, 0x0000000088c00000| Untracked 
| 141|0x0000000088d00000, 0x0000000088d00000, 0x0000000088e00000|  0%| F|  |TAMS 0x0000000088d00000, 0x0000000088d00000| Untracked 
| 142|0x0000000088e00000, 0x0000000088e00000, 0x0000000088f00000|  0%| F|  |TAMS 0x0000000088e00000, 0x0000000088e00000| Untracked 
| 143|0x0000000088f00000, 0x0000000088f00000, 0x0000000089000000|  0%| F|  |TAMS 0x0000000088f00000, 0x0000000088f00000| Untracked 
| 144|0x0000000089000000, 0x0000000089000000, 0x0000000089100000|  0%| F|  |TAMS 0x0000000089000000, 0x0000000089000000| Untracked 
| 145|0x0000000089100000, 0x0000000089100000, 0x0000000089200000|  0%| F|  |TAMS 0x0000000089100000, 0x0000000089100000| Untracked 
| 146|0x0000000089200000, 0x0000000089200000, 0x0000000089300000|  0%| F|  |TAMS 0x0000000089200000, 0x0000000089200000| Untracked 
| 147|0x0000000089300000, 0x0000000089300000, 0x0000000089400000|  0%| F|  |TAMS 0x0000000089300000, 0x0000000089300000| Untracked 
| 148|0x0000000089400000, 0x0000000089400000, 0x0000000089500000|  0%| F|  |TAMS 0x0000000089400000, 0x0000000089400000| Untracked 
| 149|0x0000000089500000, 0x0000000089500000, 0x0000000089600000|  0%| F|  |TAMS 0x0000000089500000, 0x0000000089500000| Untracked 
| 150|0x0000000089600000, 0x0000000089600000, 0x0000000089700000|  0%| F|  |TAMS 0x0000000089600000, 0x0000000089600000| Untracked 
| 151|0x0000000089700000, 0x0000000089700000, 0x0000000089800000|  0%| F|  |TAMS 0x0000000089700000, 0x0000000089700000| Untracked 
| 152|0x0000000089800000, 0x0000000089800000, 0x0000000089900000|  0%| F|  |TAMS 0x0000000089800000, 0x0000000089800000| Untracked 
| 153|0x0000000089900000, 0x0000000089900000, 0x0000000089a00000|  0%| F|  |TAMS 0x0000000089900000, 0x0000000089900000| Untracked 
| 154|0x0000000089a00000, 0x0000000089a00000, 0x0000000089b00000|  0%| F|  |TAMS 0x0000000089a00000, 0x0000000089a00000| Untracked 
| 155|0x0000000089b00000, 0x0000000089b00000, 0x0000000089c00000|  0%| F|  |TAMS 0x0000000089b00000, 0x0000000089b00000| Untracked 
| 156|0x0000000089c00000, 0x0000000089c00000, 0x0000000089d00000|  0%| F|  |TAMS 0x0000000089c00000, 0x0000000089c00000| Untracked 
| 157|0x0000000089d00000, 0x0000000089d00000, 0x0000000089e00000|  0%| F|  |TAMS 0x0000000089d00000, 0x0000000089d00000| Untracked 
| 158|0x0000000089e00000, 0x0000000089e00000, 0x0000000089f00000|  0%| F|  |TAMS 0x0000000089e00000, 0x0000000089e00000| Untracked 
| 159|0x0000000089f00000, 0x0000000089f00000, 0x000000008a000000|  0%| F|  |TAMS 0x0000000089f00000, 0x0000000089f00000| Untracked 
| 160|0x000000008a000000, 0x000000008a000000, 0x000000008a100000|  0%| F|  |TAMS 0x000000008a000000, 0x000000008a000000| Untracked 
| 161|0x000000008a100000, 0x000000008a100000, 0x000000008a200000|  0%| F|  |TAMS 0x000000008a100000, 0x000000008a100000| Untracked 
| 162|0x000000008a200000, 0x000000008a200000, 0x000000008a300000|  0%| F|  |TAMS 0x000000008a200000, 0x000000008a200000| Untracked 
| 163|0x000000008a300000, 0x000000008a300000, 0x000000008a400000|  0%| F|  |TAMS 0x000000008a300000, 0x000000008a300000| Untracked 
| 164|0x000000008a400000, 0x000000008a400000, 0x000000008a500000|  0%| F|  |TAMS 0x000000008a400000, 0x000000008a400000| Untracked 
| 165|0x000000008a500000, 0x000000008a500000, 0x000000008a600000|  0%| F|  |TAMS 0x000000008a500000, 0x000000008a500000| Untracked 
| 166|0x000000008a600000, 0x000000008a600000, 0x000000008a700000|  0%| F|  |TAMS 0x000000008a600000, 0x000000008a600000| Untracked 
| 167|0x000000008a700000, 0x000000008a700000, 0x000000008a800000|  0%| F|  |TAMS 0x000000008a700000, 0x000000008a700000| Untracked 
| 168|0x000000008a800000, 0x000000008a800000, 0x000000008a900000|  0%| F|  |TAMS 0x000000008a800000, 0x000000008a800000| Untracked 
| 169|0x000000008a900000, 0x000000008a900000, 0x000000008aa00000|  0%| F|  |TAMS 0x000000008a900000, 0x000000008a900000| Untracked 
| 170|0x000000008aa00000, 0x000000008aa00000, 0x000000008ab00000|  0%| F|  |TAMS 0x000000008aa00000, 0x000000008aa00000| Untracked 
| 171|0x000000008ab00000, 0x000000008ab00000, 0x000000008ac00000|  0%| F|  |TAMS 0x000000008ab00000, 0x000000008ab00000| Untracked 
| 172|0x000000008ac00000, 0x000000008ac00000, 0x000000008ad00000|  0%| F|  |TAMS 0x000000008ac00000, 0x000000008ac00000| Untracked 
| 173|0x000000008ad00000, 0x000000008ad00000, 0x000000008ae00000|  0%| F|  |TAMS 0x000000008ad00000, 0x000000008ad00000| Untracked 
| 174|0x000000008ae00000, 0x000000008ae00000, 0x000000008af00000|  0%| F|  |TAMS 0x000000008ae00000, 0x000000008ae00000| Untracked 
| 175|0x000000008af00000, 0x000000008af00000, 0x000000008b000000|  0%| F|  |TAMS 0x000000008af00000, 0x000000008af00000| Untracked 
| 176|0x000000008b000000, 0x000000008b000000, 0x000000008b100000|  0%| F|  |TAMS 0x000000008b000000, 0x000000008b000000| Untracked 
| 177|0x000000008b100000, 0x000000008b100000, 0x000000008b200000|  0%| F|  |TAMS 0x000000008b100000, 0x000000008b100000| Untracked 
| 178|0x000000008b200000, 0x000000008b200000, 0x000000008b300000|  0%| F|  |TAMS 0x000000008b200000, 0x000000008b200000| Untracked 
| 179|0x000000008b300000, 0x000000008b300000, 0x000000008b400000|  0%| F|  |TAMS 0x000000008b300000, 0x000000008b300000| Untracked 
| 180|0x000000008b400000, 0x000000008b400000, 0x000000008b500000|  0%| F|  |TAMS 0x000000008b400000, 0x000000008b400000| Untracked 
| 181|0x000000008b500000, 0x000000008b500000, 0x000000008b600000|  0%| F|  |TAMS 0x000000008b500000, 0x000000008b500000| Untracked 
| 182|0x000000008b600000, 0x000000008b600000, 0x000000008b700000|  0%| F|  |TAMS 0x000000008b600000, 0x000000008b600000| Untracked 
| 183|0x000000008b700000, 0x000000008b700000, 0x000000008b800000|  0%| F|  |TAMS 0x000000008b700000, 0x000000008b700000| Untracked 
| 184|0x000000008b800000, 0x000000008b800000, 0x000000008b900000|  0%| F|  |TAMS 0x000000008b800000, 0x000000008b800000| Untracked 
| 185|0x000000008b900000, 0x000000008b900000, 0x000000008ba00000|  0%| F|  |TAMS 0x000000008b900000, 0x000000008b900000| Untracked 
| 186|0x000000008ba00000, 0x000000008ba00000, 0x000000008bb00000|  0%| F|  |TAMS 0x000000008ba00000, 0x000000008ba00000| Untracked 
| 187|0x000000008bb00000, 0x000000008bb00000, 0x000000008bc00000|  0%| F|  |TAMS 0x000000008bb00000, 0x000000008bb00000| Untracked 
| 188|0x000000008bc00000, 0x000000008bc00000, 0x000000008bd00000|  0%| F|  |TAMS 0x000000008bc00000, 0x000000008bc00000| Untracked 
| 189|0x000000008bd00000, 0x000000008bd00000, 0x000000008be00000|  0%| F|  |TAMS 0x000000008bd00000, 0x000000008bd00000| Untracked 
| 190|0x000000008be00000, 0x000000008be00000, 0x000000008bf00000|  0%| F|  |TAMS 0x000000008be00000, 0x000000008be00000| Untracked 
| 191|0x000000008bf00000, 0x000000008bf00000, 0x000000008c000000|  0%| F|  |TAMS 0x000000008bf00000, 0x000000008bf00000| Untracked 
| 192|0x000000008c000000, 0x000000008c000000, 0x000000008c100000|  0%| F|  |TAMS 0x000000008c000000, 0x000000008c000000| Untracked 
| 193|0x000000008c100000, 0x000000008c100000, 0x000000008c200000|  0%| F|  |TAMS 0x000000008c100000, 0x000000008c100000| Untracked 
| 194|0x000000008c200000, 0x000000008c200000, 0x000000008c300000|  0%| F|  |TAMS 0x000000008c200000, 0x000000008c200000| Untracked 
| 195|0x000000008c300000, 0x000000008c300000, 0x000000008c400000|  0%| F|  |TAMS 0x000000008c300000, 0x000000008c300000| Untracked 
| 196|0x000000008c400000, 0x000000008c487948, 0x000000008c500000| 52%| S|CS|TAMS 0x000000008c400000, 0x000000008c400000| Complete 
| 197|0x000000008c500000, 0x000000008c500000, 0x000000008c600000|  0%| F|  |TAMS 0x000000008c500000, 0x000000008c500000| Untracked 
| 198|0x000000008c600000, 0x000000008c600000, 0x000000008c700000|  0%| F|  |TAMS 0x000000008c600000, 0x000000008c600000| Untracked 
| 199|0x000000008c700000, 0x000000008c700000, 0x000000008c800000|  0%| F|  |TAMS 0x000000008c700000, 0x000000008c700000| Untracked 
| 200|0x000000008c800000, 0x000000008c800000, 0x000000008c900000|  0%| F|  |TAMS 0x000000008c800000, 0x000000008c800000| Untracked 
| 201|0x000000008c900000, 0x000000008c900000, 0x000000008ca00000|  0%| F|  |TAMS 0x000000008c900000, 0x000000008c900000| Untracked 
| 202|0x000000008ca00000, 0x000000008ca00000, 0x000000008cb00000|  0%| F|  |TAMS 0x000000008ca00000, 0x000000008ca00000| Untracked 

Card table byte_map: [0x00000292a1c00000,0x00000292a2000000] _byte_map_base: 0x00000292a1800000

Marking Bits (Prev, Next): (CMBitMap*) 0x000002928e80a438, (CMBitMap*) 0x000002928e80a470
 Prev Bits: [0x00000292a2400000, 0x00000292a4400000)
 Next Bits: [0x00000292a4400000, 0x00000292a6400000)

Polling page: 0x000002928cd90000

Metaspace:

Usage:
  Non-class:     82.85 MB capacity,    81.49 MB ( 98%) used,     1.11 MB (  1%) free+waste,   251.88 KB ( <1%) overhead. 
      Class:     12.53 MB capacity,    11.74 MB ( 94%) used,   694.59 KB (  5%) free+waste,   112.19 KB ( <1%) overhead. 
       Both:     95.38 MB capacity,    93.23 MB ( 98%) used,     1.79 MB (  2%) free+waste,   364.06 KB ( <1%) overhead. 

Virtual space:
  Non-class space:       84.00 MB reserved,      82.93 MB ( 99%) committed 
      Class space:        1.00 GB reserved,      12.57 MB (  1%) committed 
             Both:        1.08 GB reserved,      95.50 MB (  9%) committed 

Chunk freelists:
   Non-Class:  15.00 KB
       Class:  3.00 KB
        Both:  18.00 KB

MaxMetaspaceSize: 17179869184.00 GB
CompressedClassSpaceSize: 1.00 GB

CodeHeap 'non-profiled nmethods': size=120064Kb used=4368Kb max_used=4368Kb free=115695Kb
 bounds [0x0000029299d90000, 0x000002929a1e0000, 0x00000292a12d0000]
CodeHeap 'profiled nmethods': size=120000Kb used=22384Kb max_used=22384Kb free=97615Kb
 bounds [0x0000029292860000, 0x0000029293e40000, 0x0000029299d90000]
CodeHeap 'non-nmethods': size=5696Kb used=2301Kb max_used=2348Kb free=3394Kb
 bounds [0x00000292922d0000, 0x0000029292540000, 0x0000029292860000]
 total_blobs=12495 nmethods=11586 adapters=820
 compilation: enabled
              stopped_count=0, restarted_count=0
 full_count=0

Compilation events (20 events):
Event: 24.235 Thread 0x00000292a8a39800 nmethod 11789 0x000002929a1d2890 code [0x000002929a1d2a20, 0x000002929a1d2ab8]
Event: 24.235 Thread 0x00000292a8a39800 11853       4       java.io.WinNTFileSystem::prefixLength (91 bytes)
Event: 24.243 Thread 0x00000292a8a39800 nmethod 11853 0x000002929a1d2b90 code [0x000002929a1d2d40, 0x000002929a1d3078]
Event: 24.243 Thread 0x00000292a8a39800 11786  s    4       java.io.ByteArrayOutputStream::write (43 bytes)
Event: 24.246 Thread 0x00000292a8a3a800 11859       3       java.util.Optional::orElseGet (21 bytes)
Event: 24.246 Thread 0x00000292a8a3a800 nmethod 11859 0x0000029293e33190 code [0x0000029293e33360, 0x0000029293e33568]
Event: 24.249 Thread 0x00000292a8a3a800 11860       3       org.gradle.internal.execution.history.changes.AbstractFingerprintChanges$1::updated (62 bytes)
Event: 24.251 Thread 0x00000292a8a3a800 nmethod 11860 0x0000029293e33610 code [0x0000029293e338e0, 0x0000029293e34678]
Event: 24.251 Thread 0x00000292a8a3a800 11861       3       java.util.stream.ReferencePipeline::anyMatch (18 bytes)
Event: 24.252 Thread 0x00000292a8a3a800 nmethod 11861 0x0000029293e34c10 code [0x0000029293e34e80, 0x0000029293e35938]
Event: 24.253 Thread 0x00000292a8a3a800 11862       3       java.util.stream.ReferencePipeline$3::opWrapSink (10 bytes)
Event: 24.253 Thread 0x00000292a8a3a800 nmethod 11862 0x0000029293e35d10 code [0x0000029293e35f00, 0x0000029293e36488]
Event: 24.254 Thread 0x00000292a8a3a800 11863       3       com.google.common.collect.Lists::equalsImpl (114 bytes)
Event: 24.255 Thread 0x00000292a8a3a800 nmethod 11863 0x0000029293e36690 code [0x0000029293e36940, 0x0000029293e378e8]
Event: 24.258 Thread 0x00000292a8a3a800 11864       3       org.gradle.internal.execution.history.changes.InputValueChanges::<init> (131 bytes)
Event: 24.258 Thread 0x00000292a8a39800 nmethod 11786 0x000002929a1d3410 code [0x000002929a1d35c0, 0x000002929a1d3df8]
Event: 24.258 Thread 0x00000292a8a39800 11757       4       org.gradle.internal.hash.Hashing$MessageDigestHasher::update (28 bytes)
Event: 24.261 Thread 0x00000292a8a3a800 nmethod 11864 0x0000029293e37c10 code [0x0000029293e37fe0, 0x0000029293e39fb8]
Event: 24.266 Thread 0x00000292a8a3a800 11866       3       org.gradle.internal.snapshot.ChildMapFactory::childMap (43 bytes)
Event: 24.267 Thread 0x00000292a8a3a800 nmethod 11866 0x0000029293e3a990 code [0x0000029293e3ac60, 0x0000029293e3bc48]

GC Heap History (20 events):
Event: 15.236 GC heap after
{Heap after GC invocations=24 (full 0):
 garbage-first heap   total 140288K, used 59507K [0x0000000080000000, 0x0000000100000000)
  region size 1024K, 8 young (8192K), 8 survivors (8192K)
 Metaspace       used 72506K, capacity 74089K, committed 74240K, reserved 1114112K
  class space    used 9381K, capacity 9980K, committed 10060K, reserved 1048576K
}
Event: 16.408 GC heap before
{Heap before GC invocations=24 (full 0):
 garbage-first heap   total 140288K, used 111731K [0x0000000080000000, 0x0000000100000000)
  region size 1024K, 59 young (60416K), 8 survivors (8192K)
 Metaspace       used 78319K, capacity 80078K, committed 80256K, reserved 1118208K
  class space    used 10184K, capacity 10825K, committed 10956K, reserved 1048576K
}
Event: 16.430 GC heap after
{Heap after GC invocations=25 (full 0):
 garbage-first heap   total 140288K, used 62568K [0x0000000080000000, 0x0000000100000000)
  region size 1024K, 7 young (7168K), 7 survivors (7168K)
 Metaspace       used 78319K, capacity 80078K, committed 80256K, reserved 1118208K
  class space    used 10184K, capacity 10825K, committed 10956K, reserved 1048576K
}
Event: 17.701 GC heap before
{Heap before GC invocations=25 (full 0):
 garbage-first heap   total 140288K, used 112744K [0x0000000080000000, 0x0000000100000000)
  region size 1024K, 57 young (58368K), 7 survivors (7168K)
 Metaspace       used 82724K, capacity 84695K, committed 84992K, reserved 1122304K
  class space    used 10736K, capacity 11483K, committed 11596K, reserved 1048576K
}
Event: 17.733 GC heap after
{Heap after GC invocations=26 (full 0):
 garbage-first heap   total 168960K, used 67584K [0x0000000080000000, 0x0000000100000000)
  region size 1024K, 8 young (8192K), 8 survivors (8192K)
 Metaspace       used 82724K, capacity 84695K, committed 84992K, reserved 1122304K
  class space    used 10736K, capacity 11483K, committed 11596K, reserved 1048576K
}
Event: 19.263 GC heap before
{Heap before GC invocations=26 (full 0):
 garbage-first heap   total 168960K, used 131072K [0x0000000080000000, 0x0000000100000000)
  region size 1024K, 69 young (70656K), 8 survivors (8192K)
 Metaspace       used 84252K, capacity 86314K, committed 86400K, reserved 1124352K
  class space    used 10896K, capacity 11672K, committed 11724K, reserved 1048576K
}
Event: 19.303 GC heap after
{Heap after GC invocations=27 (full 0):
 garbage-first heap   total 168960K, used 80716K [0x0000000080000000, 0x0000000100000000)
  region size 1024K, 9 young (9216K), 9 survivors (9216K)
 Metaspace       used 84252K, capacity 86314K, committed 86400K, reserved 1124352K
  class space    used 10896K, capacity 11672K, committed 11724K, reserved 1048576K
}
Event: 19.792 GC heap before
{Heap before GC invocations=27 (full 0):
 garbage-first heap   total 168960K, used 111436K [0x0000000080000000, 0x0000000100000000)
  region size 1024K, 36 young (36864K), 9 survivors (9216K)
 Metaspace       used 84902K, capacity 86924K, committed 87168K, reserved 1124352K
  class space    used 10962K, capacity 11705K, committed 11724K, reserved 1048576K
}
Event: 19.834 GC heap after
{Heap after GC invocations=28 (full 0):
 garbage-first heap   total 168960K, used 90450K [0x0000000080000000, 0x0000000100000000)
  region size 1024K, 7 young (7168K), 7 survivors (7168K)
 Metaspace       used 84902K, capacity 86924K, committed 87168K, reserved 1124352K
  class space    used 10962K, capacity 11705K, committed 11724K, reserved 1048576K
}
Event: 20.247 GC heap before
{Heap before GC invocations=28 (full 0):
 garbage-first heap   total 168960K, used 128338K [0x0000000080000000, 0x0000000100000000)
  region size 1024K, 40 young (40960K), 7 survivors (7168K)
 Metaspace       used 84961K, capacity 86959K, committed 87296K, reserved 1124352K
  class space    used 10959K, capacity 11716K, committed 11852K, reserved 1048576K
}
Event: 20.266 GC heap after
{Heap after GC invocations=29 (full 0):
 garbage-first heap   total 168960K, used 90453K [0x0000000080000000, 0x0000000100000000)
  region size 1024K, 3 young (3072K), 3 survivors (3072K)
 Metaspace       used 84961K, capacity 86959K, committed 87296K, reserved 1124352K
  class space    used 10959K, capacity 11716K, committed 11852K, reserved 1048576K
}
Event: 20.487 GC heap before
{Heap before GC invocations=30 (full 0):
 garbage-first heap   total 168960K, used 103765K [0x0000000080000000, 0x0000000100000000)
  region size 1024K, 17 young (17408K), 3 survivors (3072K)
 Metaspace       used 84993K, capacity 86971K, committed 87296K, reserved 1124352K
  class space    used 10960K, capacity 11718K, committed 11852K, reserved 1048576K
}
Event: 20.506 GC heap after
{Heap after GC invocations=31 (full 0):
 garbage-first heap   total 207872K, used 95576K [0x0000000080000000, 0x0000000100000000)
  region size 1024K, 5 young (5120K), 5 survivors (5120K)
 Metaspace       used 84993K, capacity 86971K, committed 87296K, reserved 1124352K
  class space    used 10960K, capacity 11718K, committed 11852K, reserved 1048576K
}
Event: 22.021 GC heap before
{Heap before GC invocations=32 (full 0):
 garbage-first heap   total 207872K, used 162136K [0x0000000080000000, 0x0000000100000000)
  region size 1024K, 56 young (57344K), 5 survivors (5120K)
 Metaspace       used 88706K, capacity 90845K, committed 91008K, reserved 1128448K
  class space    used 11321K, capacity 12109K, committed 12236K, reserved 1048576K
}
Event: 22.050 GC heap after
{Heap after GC invocations=33 (full 0):
 garbage-first heap   total 207872K, used 100086K [0x0000000080000000, 0x0000000100000000)
  region size 1024K, 5 young (5120K), 5 survivors (5120K)
 Metaspace       used 88706K, capacity 90845K, committed 91008K, reserved 1128448K
  class space    used 11321K, capacity 12109K, committed 12236K, reserved 1048576K
}
Event: 22.744 GC heap before
{Heap before GC invocations=33 (full 0):
 garbage-first heap   total 207872K, used 151286K [0x0000000080000000, 0x0000000100000000)
  region size 1024K, 56 young (57344K), 5 survivors (5120K)
 Metaspace       used 93022K, capacity 95094K, committed 95232K, reserved 1132544K
  class space    used 11783K, capacity 12565K, committed 12620K, reserved 1048576K
}
Event: 22.770 GC heap after
{Heap after GC invocations=34 (full 0):
 garbage-first heap   total 207872K, used 105927K [0x0000000080000000, 0x0000000100000000)
  region size 1024K, 6 young (6144K), 6 survivors (6144K)
 Metaspace       used 93022K, capacity 95094K, committed 95232K, reserved 1132544K
  class space    used 11783K, capacity 12565K, committed 12620K, reserved 1048576K
}
Event: 24.084 GC heap before
{Heap before GC invocations=35 (full 0):
 garbage-first heap   total 207872K, used 147911K [0x0000000080000000, 0x0000000100000000)
  region size 1024K, 56 young (57344K), 6 survivors (6144K)
 Metaspace       used 95393K, capacity 97582K, committed 97792K, reserved 1134592K
  class space    used 12013K, capacity 12824K, committed 12876K, reserved 1048576K
}
Event: 24.110 GC heap after
{Heap after GC invocations=36 (full 0):
 garbage-first heap   total 207872K, used 97989K [0x0000000080000000, 0x0000000100000000)
  region size 1024K, 4 young (4096K), 4 survivors (4096K)
 Metaspace       used 95393K, capacity 97582K, committed 97792K, reserved 1134592K
  class space    used 12013K, capacity 12824K, committed 12876K, reserved 1048576K
}
Event: 24.276 GC heap before
{Heap before GC invocations=36 (full 0):
 garbage-first heap   total 207872K, used 103109K [0x0000000080000000, 0x0000000100000000)
  region size 1024K, 10 young (10240K), 4 survivors (4096K)
 Metaspace       used 95471K, capacity 97666K, committed 97792K, reserved 1134592K
  class space    used 12022K, capacity 12829K, committed 12876K, reserved 1048576K
}

Deoptimization events (20 events):
Event: 23.634 Thread 0x00000292aa8f5000 Uncommon trap: trap_request=0xffffff4d fr.pc=0x000002929a189bd4 relative=0x0000000000000374
Event: 23.634 Thread 0x00000292aa8f5000 Uncommon trap: reason=unstable_if action=reinterpret pc=0x000002929a189bd4 method=org.gradle.internal.snapshot.PathUtil.equalChars(CCLorg/gradle/internal/snapshot/CaseSensitivity;)Z @ 40 c2
Event: 23.634 Thread 0x00000292aa8f5000 DEOPT PACKING pc=0x000002929a189bd4 sp=0x000000f071cf8470
Event: 23.634 Thread 0x00000292aa8f5000 DEOPT UNPACKING pc=0x00000292922f65af sp=0x000000f071cf8400 mode 2
Event: 23.638 Thread 0x00000292aa088800 Uncommon trap: trap_request=0xffffff4d fr.pc=0x000002929a130fac relative=0x000000000000046c
Event: 23.638 Thread 0x00000292aa088800 Uncommon trap: reason=unstable_if action=reinterpret pc=0x000002929a130fac method=org.apache.xerces.dom.ParentNode.nodeListItem(I)Lorg/w3c/dom/Node; @ 26 c2
Event: 23.638 Thread 0x00000292aa088800 DEOPT PACKING pc=0x000002929a130fac sp=0x000000f0764fda40
Event: 23.638 Thread 0x00000292aa088800 DEOPT UNPACKING pc=0x00000292922f65af sp=0x000000f0764fd9f0 mode 2
Event: 23.684 Thread 0x00000292aa8f5000 DEOPT PACKING pc=0x00000292935d00e7 sp=0x000000f071cf8660
Event: 23.684 Thread 0x00000292aa8f5000 DEOPT UNPACKING pc=0x00000292922f6d5e sp=0x000000f071cf7ba8 mode 0
Event: 23.699 Thread 0x00000292abfed000 DEOPT PACKING pc=0x0000029293bc8846 sp=0x000000f072bfe620
Event: 23.699 Thread 0x00000292abfed000 DEOPT UNPACKING pc=0x00000292922f6d5e sp=0x000000f072bfdac0 mode 0
Event: 23.718 Thread 0x00000292abff8800 DEOPT PACKING pc=0x0000029293af948f sp=0x000000f0735fbf50
Event: 23.718 Thread 0x00000292abff8800 DEOPT UNPACKING pc=0x00000292922f6d5e sp=0x000000f0735fb478 mode 0
Event: 23.756 Thread 0x00000292aa8f5000 DEOPT PACKING pc=0x0000029293af948f sp=0x000000f071cf6070
Event: 23.756 Thread 0x00000292aa8f5000 DEOPT UNPACKING pc=0x00000292922f6d5e sp=0x000000f071cf5598 mode 0
Event: 23.905 Thread 0x00000292aa8f5000 DEOPT PACKING pc=0x0000029293af948f sp=0x000000f071cf5d30
Event: 23.905 Thread 0x00000292aa8f5000 DEOPT UNPACKING pc=0x00000292922f6d5e sp=0x000000f071cf5258 mode 0
Event: 23.960 Thread 0x00000292aa8f5000 DEOPT PACKING pc=0x0000029293af948f sp=0x000000f071cf5540
Event: 23.960 Thread 0x00000292aa8f5000 DEOPT UNPACKING pc=0x00000292922f6d5e sp=0x000000f071cf4a68 mode 0

Classes redefined (0 events):
No events

Internal exceptions (20 events):
Event: 17.153 Thread 0x00000292aa945800 Exception <a 'java/lang/NoSuchMethodError'{0x0000000086bc6c18}: <clinit>> (0x0000000086bc6c18) thrown at [./src/hotspot/share/prims/jni.cpp, line 1362]
Event: 17.219 Thread 0x00000292aa087800 Exception <a 'java/lang/IncompatibleClassChangeError'{0x00000000868316d8}: Found class java.lang.Object, but interface was expected> (0x00000000868316d8) thrown at [./src/hotspot/share/interpreter/linkResolver.cpp, line 839]
Event: 17.220 Thread 0x00000292aa081000 Exception <a 'java/lang/NoSuchMethodError'{0x0000000087a88c58}: <clinit>> (0x0000000087a88c58) thrown at [./src/hotspot/share/prims/jni.cpp, line 1362]
Event: 17.229 Thread 0x00000292aa081000 Exception <a 'java/lang/NoSuchMethodError'{0x0000000087a9d678}: <clinit>> (0x0000000087a9d678) thrown at [./src/hotspot/share/prims/jni.cpp, line 1362]
Event: 17.234 Thread 0x00000292aa081000 Exception <a 'java/lang/NoSuchMethodError'{0x0000000086895298}: <clinit>> (0x0000000086895298) thrown at [./src/hotspot/share/prims/jni.cpp, line 1362]
Event: 17.262 Thread 0x00000292aa945800 Exception <a 'java/lang/NoSuchMethodError'{0x0000000086660558}: <clinit>> (0x0000000086660558) thrown at [./src/hotspot/share/prims/jni.cpp, line 1362]
Event: 17.264 Thread 0x00000292aa087800 Exception <a 'java/lang/NoSuchMethodError'{0x00000000866272d0}: 'java.lang.Object java.lang.invoke.DirectMethodHandle$Holder.invokeInterface(java.lang.Object, java.lang.Object, int)'> (0x00000000866272d0) thrown at [./src/hotspot/share/interpreter/linkResolver.cpp, line 773]
Event: 17.270 Thread 0x00000292aa087800 Exception <a 'java/lang/NoSuchMethodError'{0x00000000866700a0}: 'void java.lang.invoke.DirectMethodHandle$Holder.invokeStatic(java.lang.Object, java.lang.Object, java.lang.Object, int)'> (0x00000000866700a0) thrown at [./src/hotspot/share/interpreter/linkResolver.cpp, line 773]
Event: 17.340 Thread 0x00000292aa087800 Exception <a 'java/lang/IncompatibleClassChangeError'{0x00000000865c8830}: Found class java.lang.Object, but interface was expected> (0x00000000865c8830) thrown at [./src/hotspot/share/interpreter/linkResolver.cpp, line 839]
Event: 17.349 Thread 0x00000292aa087800 Exception <a 'java/lang/IncompatibleClassChangeError'{0x0000000086405a68}: Found class java.lang.Object, but interface was expected> (0x0000000086405a68) thrown at [./src/hotspot/share/interpreter/linkResolver.cpp, line 839]
Event: 17.396 Thread 0x00000292aa087800 Exception <a 'java/lang/NoSuchMethodError'{0x0000000086240be0}: 'int java.lang.invoke.DirectMethodHandle$Holder.invokeStaticInit(java.lang.Object, java.lang.Object, java.lang.Object, java.lang.Object, java.lang.Object)'> (0x0000000086240be0) thrown at [./src/hotspot/share/interpreter/linkResolver.cpp, line 773]
Event: 17.633 Thread 0x00000292aa087800 Exception <a 'java/lang/NoSuchMethodError'{0x0000000085c92ad0}: 'void java.lang.invoke.DirectMethodHandle$Holder.invokeStatic(java.lang.Object, java.lang.Object, java.lang.Object, java.lang.Object, int, java.lang.Object, java.lang.Object)'> (0x0000000085c92ad0) thrown at [./src/hotspot/share/interpreter/linkResolver.cpp, line 773]
Event: 17.677 Thread 0x00000292ad3cc000 Exception <a 'java/lang/NoSuchMethodError'{0x0000000085767950}: 'java.lang.Object java.lang.invoke.DirectMethodHandle$Holder.invokeSpecialIFC(java.lang.Object, java.lang.Object, java.lang.Object)'> (0x0000000085767950) thrown at [./src/hotspot/share/interpreter/linkResolver.cpp, line 773]
Event: 17.678 Thread 0x00000292abffb000 Exception <a 'java/lang/NoSuchMethodError'{0x00000000858583c0}: 'java.lang.Object java.lang.invoke.DirectMethodHandle$Holder.invokeSpecialIFC(java.lang.Object, java.lang.Object, java.lang.Object)'> (0x00000000858583c0) thrown at [./src/hotspot/share/interpreter/linkResolver.cpp, line 773]
Event: 18.756 Thread 0x00000292aa087800 Exception <a 'java/lang/NoSuchMethodError'{0x0000000087748a58}: 'void java.lang.invoke.DirectMethodHandle$Holder.invokeVirtual(java.lang.Object, java.lang.Object)'> (0x0000000087748a58) thrown at [./src/hotspot/share/interpreter/linkResolver.cpp, line 773]
Event: 20.701 Thread 0x00000292aa087800 Exception <a 'java/lang/NoSuchMethodError'{0x000000008c624e30}: <clinit>> (0x000000008c624e30) thrown at [./src/hotspot/share/prims/jni.cpp, line 1362]
Event: 21.109 Thread 0x00000292aa8f5000 Exception <a 'java/lang/NoSuchMethodError'{0x000000008ba64a20}: 'void java.lang.invoke.DirectMethodHandle$Holder.invokeStatic(java.lang.Object, java.lang.Object, java.lang.Object, java.lang.Object, java.lang.Object, java.lang.Object, java.lang.Object)'> (0x000000008ba64a20) thrown at [./src/hotspot/share/interpreter/linkResolver.cpp, line 773]
Event: 21.182 Thread 0x00000292aa945800 Exception <a 'java/lang/NoSuchMethodError'{0x000000008b819d00}: <clinit>> (0x000000008b819d00) thrown at [./src/hotspot/share/prims/jni.cpp, line 1362]
Event: 22.076 Thread 0x00000292aa085000 Implicit null exception at 0x000002929a046c74 to 0x000002929a0472c4
Event: 24.127 Thread 0x00000292aa8f5000 Exception <a 'java/lang/NoSuchMethodError'{0x000000008ca8c770}: 'int java.lang.invoke.DirectMethodHandle$Holder.invokeSpecial(java.lang.Object, java.lang.Object, java.lang.Object, java.lang.Object, java.lang.Object)'> (0x000000008ca8c770) thrown at [./src/hotspot/share/interpreter/linkResolver.cpp, line 773]

Events (20 events):
Event: 24.128 loading class org/gradle/internal/snapshot/impl/FileSystemSnapshotFilter done
Event: 24.130 loading class org/gradle/internal/snapshot/impl/FileSystemSnapshotFilter$FilteringVisitor
Event: 24.130 loading class org/gradle/internal/snapshot/impl/FileSystemSnapshotFilter$FilteringVisitor done
Event: 24.131 loading class org/gradle/internal/snapshot/FileSystemLocationSnapshot$FileSystemLocationSnapshotTransformer
Event: 24.131 loading class org/gradle/internal/snapshot/FileSystemLocationSnapshot$FileSystemLocationSnapshotTransformer done
Event: 24.132 loading class org/gradle/internal/snapshot/impl/FileSystemSnapshotFilter$FilteringVisitor$1
Event: 24.132 loading class org/gradle/internal/snapshot/impl/FileSystemSnapshotFilter$FilteringVisitor$1 done
Event: 24.133 loading class org/gradle/internal/fingerprint/impl/PatternSetSnapshottingFilter$LogicalFileTreeElement
Event: 24.133 loading class org/gradle/internal/fingerprint/impl/PatternSetSnapshottingFilter$LogicalFileTreeElement done
Event: 24.135 loading class org/gradle/api/tasks/util/internal/CachingPatternSpecFactory$CachingSpec$1
Event: 24.135 loading class org/gradle/api/tasks/util/internal/CachingPatternSpecFactory$CachingSpec$1 done
Event: 24.140 loading class org/gradle/execution/plan/LocalTaskNodeExecutor$FilteredTree
Event: 24.140 loading class org/gradle/execution/plan/LocalTaskNodeExecutor$FilteredTree done
Event: 24.144 loading class org/gradle/execution/plan/ExecutionNodeAccessHierarchy$FilteredNodeAccess
Event: 24.144 loading class org/gradle/execution/plan/ExecutionNodeAccessHierarchy$FilteredNodeAccess done
Event: 24.264 Executing VM operation: RevokeBias
Event: 24.264 Executing VM operation: RevokeBias done
Event: 24.271 Executing VM operation: RevokeBias
Event: 24.272 Executing VM operation: RevokeBias done
Event: 24.276 Executing VM operation: G1CollectForAllocation


Dynamic libraries:
0x00007ff74eb30000 - 0x00007ff74eb3a000 	C:\Program Files\Android\Android Studio\jre\bin\java.exe
0x00007ffce3930000 - 0x00007ffce3b25000 	C:\Windows\SYSTEM32\ntdll.dll
0x00007ffce1aa0000 - 0x00007ffce1b5e000 	C:\Windows\System32\KERNEL32.DLL
0x00007ffce12e0000 - 0x00007ffce15a8000 	C:\Windows\System32\KERNELBASE.dll
0x00007ffce17c0000 - 0x00007ffce18c0000 	C:\Windows\System32\ucrtbase.dll
0x00007ffcd9ec0000 - 0x00007ffcd9ed9000 	C:\Program Files\Android\Android Studio\jre\bin\jli.dll
0x00007ffcd5a20000 - 0x00007ffcd5a37000 	C:\Program Files\Android\Android Studio\jre\bin\VCRUNTIME140.dll
0x00007ffce3280000 - 0x00007ffce3421000 	C:\Windows\System32\USER32.dll
0x00007ffce11a0000 - 0x00007ffce11c2000 	C:\Windows\System32\win32u.dll
0x00007ffcd2d20000 - 0x00007ffcd2fba000 	C:\Windows\WinSxS\amd64_microsoft.windows.common-controls_6595b64144ccf1df_6.0.19041.1110_none_60b5254171f9507e\COMCTL32.dll
0x00007ffce1dc0000 - 0x00007ffce1deb000 	C:\Windows\System32\GDI32.dll
0x00007ffce1a00000 - 0x00007ffce1a9e000 	C:\Windows\System32\msvcrt.dll
0x00007ffce11d0000 - 0x00007ffce12dd000 	C:\Windows\System32\gdi32full.dll
0x00007ffce16d0000 - 0x00007ffce176d000 	C:\Windows\System32\msvcp_win.dll
0x00007ffce3560000 - 0x00007ffce3590000 	C:\Windows\System32\IMM32.DLL
0x00007ffcb77f0000 - 0x00007ffcb788d000 	C:\Program Files\Android\Android Studio\jre\bin\msvcp140.dll
0x00007ffcb4af0000 - 0x00007ffcb55c5000 	C:\Program Files\Android\Android Studio\jre\bin\server\jvm.dll
0x00007ffce1b60000 - 0x00007ffce1c0c000 	C:\Windows\System32\ADVAPI32.dll
0x00007ffce1e50000 - 0x00007ffce1eeb000 	C:\Windows\System32\sechost.dll
0x00007ffce2f90000 - 0x00007ffce30ba000 	C:\Windows\System32\RPCRT4.dll
0x00007ffce1ef0000 - 0x00007ffce1ef8000 	C:\Windows\System32\PSAPI.DLL
0x00007ffcdc730000 - 0x00007ffcdc739000 	C:\Windows\SYSTEM32\WSOCK32.dll
0x00007ffccfde0000 - 0x00007ffccfe07000 	C:\Windows\SYSTEM32\WINMM.dll
0x00007ffcd14a0000 - 0x00007ffcd14aa000 	C:\Windows\SYSTEM32\VERSION.dll
0x00007ffce30c0000 - 0x00007ffce312b000 	C:\Windows\System32\WS2_32.dll
0x00007ffcdf0e0000 - 0x00007ffcdf0f2000 	C:\Windows\SYSTEM32\kernel.appcore.dll
0x00007ffcd9fc0000 - 0x00007ffcd9fd1000 	C:\Program Files\Android\Android Studio\jre\bin\verify.dll
0x00007ffccf060000 - 0x00007ffccf244000 	C:\Windows\SYSTEM32\DBGHELP.DLL
0x00007ffccef60000 - 0x00007ffccef8c000 	C:\Windows\SYSTEM32\dbgcore.DLL
0x00007ffce15b0000 - 0x00007ffce1632000 	C:\Windows\System32\bcryptPrimitives.dll
0x00007ffcd9f90000 - 0x00007ffcd9fb9000 	C:\Program Files\Android\Android Studio\jre\bin\java.dll
0x00007ffcdc720000 - 0x00007ffcdc72b000 	C:\Program Files\Android\Android Studio\jre\bin\jimage.dll
0x00007ffcd9e70000 - 0x00007ffcd9e88000 	C:\Program Files\Android\Android Studio\jre\bin\zip.dll
0x00007ffce2840000 - 0x00007ffce2f84000 	C:\Windows\System32\SHELL32.dll
0x00007ffcdf2e0000 - 0x00007ffcdfa74000 	C:\Windows\SYSTEM32\windows.storage.dll
0x00007ffce3590000 - 0x00007ffce38e5000 	C:\Windows\System32\combase.dll
0x00007ffce09c0000 - 0x00007ffce09ee000 	C:\Windows\SYSTEM32\Wldp.dll
0x00007ffce34b0000 - 0x00007ffce355d000 	C:\Windows\System32\SHCORE.dll
0x00007ffce1df0000 - 0x00007ffce1e45000 	C:\Windows\System32\shlwapi.dll
0x00007ffce0f80000 - 0x00007ffce0f9f000 	C:\Windows\SYSTEM32\profapi.dll
0x00007ffcd4b10000 - 0x00007ffcd4b2a000 	C:\Program Files\Android\Android Studio\jre\bin\net.dll
0x00007ffcd7530000 - 0x00007ffcd763c000 	C:\Windows\SYSTEM32\WINHTTP.dll
0x00007ffce0720000 - 0x00007ffce078a000 	C:\Windows\system32\mswsock.dll
0x00007ffcd4a50000 - 0x00007ffcd4a64000 	C:\Program Files\Android\Android Studio\jre\bin\nio.dll
0x00007ffcc7240000 - 0x00007ffcc7267000 	C:\Users\Admin\.gradle\native\e1d6ef7f7dcc3fd88c89a11ec53ec762bb8ba0a96d01ffa2cd45eb1d1d8dd5c5\windows-amd64\native-platform.dll
0x00007ffcb6c90000 - 0x00007ffcb6dd4000 	C:\Users\Admin\.gradle\native\5664cfc778a61ccfe75a443a1ab52a65af34e5dc3c78e0209fed803814484fcb\windows-amd64\native-platform-file-events.dll
0x00007ffcdc4f0000 - 0x00007ffcdc4fa000 	C:\Program Files\Android\Android Studio\jre\bin\management.dll
0x00007ffcd9f80000 - 0x00007ffcd9f8d000 	C:\Program Files\Android\Android Studio\jre\bin\management_ext.dll
0x00007ffce0920000 - 0x00007ffce0938000 	C:\Windows\SYSTEM32\CRYPTSP.dll
0x00007ffce0250000 - 0x00007ffce0284000 	C:\Windows\system32\rsaenh.dll
0x00007ffce1640000 - 0x00007ffce1667000 	C:\Windows\System32\bcrypt.dll
0x00007ffce0f00000 - 0x00007ffce0f2e000 	C:\Windows\SYSTEM32\USERENV.dll
0x00007ffce0910000 - 0x00007ffce091c000 	C:\Windows\SYSTEM32\CRYPTBASE.dll
0x00007ffce0410000 - 0x00007ffce044b000 	C:\Windows\SYSTEM32\IPHLPAPI.DLL
0x00007ffce1f00000 - 0x00007ffce1f08000 	C:\Windows\System32\NSI.dll
0x00007ffcd9380000 - 0x00007ffcd9397000 	C:\Windows\SYSTEM32\dhcpcsvc6.DLL
0x00007ffcd9360000 - 0x00007ffcd937d000 	C:\Windows\SYSTEM32\dhcpcsvc.DLL
0x00007ffce0450000 - 0x00007ffce051b000 	C:\Windows\SYSTEM32\DNSAPI.dll
0x00007ffcdfee0000 - 0x00007ffcdff13000 	C:\Windows\SYSTEM32\ntmarta.dll

dbghelp: loaded successfully - version: 4.0.5 - missing functions: none
symbol engine: initialized successfully - sym options: 0x614 - pdb path: .;C:\Program Files\Android\Android Studio\jre\bin;C:\Windows\SYSTEM32;C:\Windows\WinSxS\amd64_microsoft.windows.common-controls_6595b64144ccf1df_6.0.19041.1110_none_60b5254171f9507e;C:\Program Files\Android\Android Studio\jre\bin\server;C:\Users\Admin\.gradle\native\e1d6ef7f7dcc3fd88c89a11ec53ec762bb8ba0a96d01ffa2cd45eb1d1d8dd5c5\windows-amd64;C:\Users\Admin\.gradle\native\5664cfc778a61ccfe75a443a1ab52a65af34e5dc3c78e0209fed803814484fcb\windows-amd64

VM Arguments:
jvm_args: --add-opens=java.base/java.util=ALL-UNNAMED --add-opens=java.base/java.lang=ALL-UNNAMED --add-opens=java.base/java.lang.invoke=ALL-UNNAMED --add-opens=java.base/java.util=ALL-UNNAMED --add-opens=java.prefs/java.util.prefs=ALL-UNNAMED --add-opens=java.prefs/java.util.prefs=ALL-UNNAMED --add-opens=java.base/java.nio.charset=ALL-UNNAMED --add-opens=java.base/java.net=ALL-UNNAMED --add-opens=java.base/java.util.concurrent.atomic=ALL-UNNAMED -Xmx2048m -Dfile.encoding=UTF-8 -Duser.country=US -Duser.language=en -Duser.variant 
java_command: org.gradle.launcher.daemon.bootstrap.GradleDaemon 7.2
java_class_path (initial): C:\Users\Admin\.gradle\wrapper\dists\gradle-7.2-bin\2dnblmf4td7x66yl1d74lt32g\gradle-7.2\lib\gradle-launcher-7.2.jar
Launcher Type: SUN_STANDARD

[Global flags]
     intx CICompilerCount                          = 3                                         {product} {ergonomic}
     uint ConcGCThreads                            = 1                                         {product} {ergonomic}
     uint G1ConcRefinementThreads                  = 4                                         {product} {ergonomic}
   size_t G1HeapRegionSize                         = 1048576                                   {product} {ergonomic}
    uintx GCDrainStackTargetSize                   = 64                                        {product} {ergonomic}
   size_t InitialHeapSize                          = 67108864                                  {product} {ergonomic}
   size_t MarkStackSize                            = 4194304                                   {product} {ergonomic}
   size_t MaxHeapSize                              = 2147483648                                {product} {command line}
   size_t MaxNewSize                               = 1287651328                                {product} {ergonomic}
   size_t MinHeapDeltaBytes                        = 1048576                                   {product} {ergonomic}
    uintx NonNMethodCodeHeapSize                   = 5830732                                {pd product} {ergonomic}
    uintx NonProfiledCodeHeapSize                  = 122913754                              {pd product} {ergonomic}
    uintx ProfiledCodeHeapSize                     = 122913754                              {pd product} {ergonomic}
    uintx ReservedCodeCacheSize                    = 251658240                              {pd product} {ergonomic}
     bool SegmentedCodeCache                       = true                                      {product} {ergonomic}
     bool UseCompressedClassPointers               = true                                 {lp64_product} {ergonomic}
     bool UseCompressedOops                        = true                                 {lp64_product} {ergonomic}
     bool UseG1GC                                  = true                                      {product} {ergonomic}
     bool UseLargePagesIndividualAllocation        = false                                  {pd product} {ergonomic}

Logging:
Log output configuration:
 #0: stdout all=warning uptime,level,tags
 #1: stderr all=off uptime,level,tags

Environment Variables:
PATH=C:\Program Files (x86)\VMware\VMware Player\bin\;C:\Windows\system32;C:\Windows;C:\Windows\System32\Wbem;C:\Windows\System32\WindowsPowerShell\v1.0\;C:\Windows\System32\OpenSSH\;C:\Program Files\dotnet\;C:\Users\Admin\AppData\Local\Microsoft\WindowsApps;C:\Users\Admin\.dotnet\tools
USERNAME=Admin
OS=Windows_NT
PROCESSOR_IDENTIFIER=Intel64 Family 6 Model 42 Stepping 7, GenuineIntel



---------------  S Y S T E M  ---------------

OS: Windows 10 , 64 bit Build 19041 (10.0.19041.1348)
OS uptime: 0 days 2:06 hours

CPU:total 4 (initial active 4) (2 cores per cpu, 2 threads per core) family 6 model 42 stepping 7 microcode 0x2f, cmov, cx8, fxsr, mmx, sse, sse2, sse3, ssse3, sse4.1, sse4.2, popcnt, avx, clmul, ht, tsc, tscinvbit

Memory: 4k page, system-wide physical 4004M (369M free)
TotalPageFile size 4004M (AvailPageFile size 30M)
current process WorkingSet (physical memory assigned to process): 421M, peak: 421M
current process commit charge ("private bytes"): 484M, peak: 525M

vm_info: OpenJDK 64-Bit Server VM (11.0.11+9-b60-7590822) for windows-amd64 JRE (11.0.11+9-b60-7590822), built on Jul 29 2021 21:43:44 by "builder" with MS VC++ 14.0 (VS2015)

END.
