#
# There is insufficient memory for the Java Runtime Environment to continue.
# Native memory allocation (mmap) failed to map 74448896 bytes for Failed to commit area from 0x000000008b000000 to 0x000000008f700000 of length 74448896.
# Possible reasons:
#   The system is out of physical RAM or swap space
#   The process is running with CompressedOops enabled, and the Java Heap may be blocking the growth of the native heap
# Possible solutions:
#   Reduce memory load on the system
#   Increase physical memory or swap space
#   Check if swap backing store is full
#   Decrease Java heap size (-Xmx/-Xms)
#   Decrease number of Java threads
#   Decrease Java thread stack sizes (-Xss)
#   Set larger code cache with -XX:ReservedCodeCacheSize=
#   JVM is running with Unscaled Compressed Oops mode in which the Java heap is
#     placed in the first 4GB address space. The Java Heap base address is the
#     maximum limit for the native heap growth. Please use -XX:HeapBaseMinAddress
#     to set the Java Heap base and to place the Java Heap above 4GB virtual address.
# This output file may be truncated or incomplete.
#
#  Out of Memory Error (./src/hotspot/os/windows/os_windows.cpp:3301), pid=4744, tid=4700
#
# JRE version: OpenJDK Runtime Environment (11.0.11+9) (build 11.0.11+9-b60-7590822)
# Java VM: OpenJDK 64-Bit Server VM (11.0.11+9-b60-7590822, mixed mode, tiered, compressed oops, g1 gc, windows-amd64)
# No core dump will be written. Minidumps are not enabled by default on client versions of Windows
#

---------------  S U M M A R Y ------------

Command Line: --add-opens=java.base/java.util=ALL-UNNAMED --add-opens=java.base/java.lang=ALL-UNNAMED --add-opens=java.base/java.lang.invoke=ALL-UNNAMED --add-opens=java.base/java.util=ALL-UNNAMED --add-opens=java.prefs/java.util.prefs=ALL-UNNAMED --add-opens=java.prefs/java.util.prefs=ALL-UNNAMED --add-opens=java.base/java.nio.charset=ALL-UNNAMED --add-opens=java.base/java.net=ALL-UNNAMED --add-opens=java.base/java.util.concurrent.atomic=ALL-UNNAMED -Xmx2048m -Dfile.encoding=UTF-8 -Duser.country=US -Duser.language=en -Duser.variant org.gradle.launcher.daemon.bootstrap.GradleDaemon 7.2

Host: Intel(R) Core(TM) i3-2330M CPU @ 2.20GHz, 4 cores, 3G,  Windows 10 , 64 bit Build 19041 (10.0.19041.1348)
Time: Mon Mar 28 20:41:45 2022 SE Asia Standard Time elapsed time: 22.860464 seconds (0d 0h 0m 22s)

---------------  T H R E A D  ---------------

Current thread (0x000002bd2b235800):  VMThread "VM Thread" [stack: 0x000000f2c6c00000,0x000000f2c6d00000] [id=4700]

Stack: [0x000000f2c6c00000,0x000000f2c6d00000]
[error occurred during error reporting (printing stack bounds), id 0xc0000005, EXCEPTION_ACCESS_VIOLATION (0xc0000005) at pc=0x000002bd15190f2d]

Native frames: (J=compiled Java code, j=interpreted, Vv=VM code, C=native code)
V  [jvm.dll+0x5f214a]
V  [jvm.dll+0x726fb5]
V  [jvm.dll+0x7285cd]
V  [jvm.dll+0x728be5]
V  [jvm.dll+0x728b9b]
V  [jvm.dll+0x5f14e8]
V  [jvm.dll+0x5f1c78]
C  [ntdll.dll+0xa20cf]
C  [ntdll.dll+0x51454]
C  [ntdll.dll+0xa0bfe]
C  0x000002bd15190f2d

VM_Operation (0x000000f2cc5f7f90): G1CollectForAllocation, mode: safepoint, requested by thread 0x000002bd33fd8000


---------------  P R O C E S S  ---------------

Threads class SMR info:
_java_thread_list=0x000002bd2cfcadb0, length=88, elements={
0x000002bd1168b000, 0x000002bd2b23e000, 0x000002bd2b247000, 0x000002bd2b295800,
0x000002bd2b297800, 0x000002bd2b29a000, 0x000002bd2b29f000, 0x000002bd2b2a3800,
0x000002bd2b2ad800, 0x000002bd2bd18000, 0x000002bd2d5ad000, 0x000002bd2d6e2800,
0x000002bd2cbb8000, 0x000002bd2d49a000, 0x000002bd2ccfd000, 0x000002bd2ccfe000,
0x000002bd2d13d800, 0x000002bd2d19a800, 0x000002bd2c950000, 0x000002bd2dbb2000,
0x000002bd2dbb3000, 0x000002bd2dbb7000, 0x000002bd2dbb6000, 0x000002bd2dbb1800,
0x000002bd2dbb3800, 0x000002bd2dbb5800, 0x000002bd2dbb4800, 0x000002bd2dbb8000,
0x000002bd2fc8e000, 0x000002bd2fc8f800, 0x000002bd2fc91000, 0x000002bd2fc92000,
0x000002bd2fc90800, 0x000002bd2fc93800, 0x000002bd2fc94800, 0x000002bd2fc8e800,
0x000002bd2fc97800, 0x000002bd2fc9a000, 0x000002bd2fc9b000, 0x000002bd2fc95000,
0x000002bd2fc98800, 0x000002bd2fc96000, 0x000002bd2fc9b800, 0x000002bd2fc97000,
0x000002bd2fc99000, 0x000002bd30b8b000, 0x000002bd30b8e800, 0x000002bd30b8c800,
0x000002bd30b8f000, 0x000002bd30b90000, 0x000002bd30b8c000, 0x000002bd30b8d800,
0x000002bd30b8a000, 0x000002bd30b93000, 0x000002bd30b90800, 0x000002bd30b96800,
0x000002bd30b95800, 0x000002bd30b94000, 0x000002bd30b91800, 0x000002bd30b97000,
0x000002bd30b98000, 0x000002bd30b92800, 0x000002bd30b99000, 0x000002bd30b95000,
0x000002bd3099d800, 0x000002bd309a0800, 0x000002bd309a0000, 0x000002bd3099e000,
0x000002bd3099f000, 0x000002bd309a1800, 0x000002bd309a2800, 0x000002bd3099c800,
0x000002bd309a9000, 0x000002bd309a3000, 0x000002bd309a6800, 0x000002bd309a9800,
0x000002bd309a4000, 0x000002bd309a4800, 0x000002bd309a7000, 0x000002bd309a8000,
0x000002bd309ab800, 0x000002bd309aa800, 0x000002bd309a5800, 0x000002bd33fd9000,
0x000002bd33fd9800, 0x000002bd33fd8000, 0x000002bd33fda800, 0x000002bd33fdd000
}

Java Threads: ( => current thread )
  0x000002bd1168b000 JavaThread "main" [_thread_blocked, id=472, stack(0x000000f2c6600000,0x000000f2c6700000)]
  0x000002bd2b23e000 JavaThread "Reference Handler" daemon [_thread_blocked, id=5812, stack(0x000000f2c6d00000,0x000000f2c6e00000)]
  0x000002bd2b247000 JavaThread "Finalizer" daemon [_thread_blocked, id=3404, stack(0x000000f2c6e00000,0x000000f2c6f00000)]
  0x000002bd2b295800 JavaThread "Signal Dispatcher" daemon [_thread_blocked, id=4200, stack(0x000000f2c6f00000,0x000000f2c7000000)]
  0x000002bd2b297800 JavaThread "Attach Listener" daemon [_thread_blocked, id=3332, stack(0x000000f2c7000000,0x000000f2c7100000)]
  0x000002bd2b29a000 JavaThread "Service Thread" daemon [_thread_blocked, id=5316, stack(0x000000f2c7100000,0x000000f2c7200000)]
  0x000002bd2b29f000 JavaThread "C2 CompilerThread0" daemon [_thread_blocked, id=6088, stack(0x000000f2c7200000,0x000000f2c7300000)]
  0x000002bd2b2a3800 JavaThread "C1 CompilerThread0" daemon [_thread_blocked, id=5652, stack(0x000000f2c7300000,0x000000f2c7400000)]
  0x000002bd2b2ad800 JavaThread "Sweeper thread" daemon [_thread_blocked, id=3604, stack(0x000000f2c7400000,0x000000f2c7500000)]
  0x000002bd2bd18000 JavaThread "Common-Cleaner" daemon [_thread_blocked, id=4076, stack(0x000000f2c7500000,0x000000f2c7600000)]
  0x000002bd2d5ad000 JavaThread "Daemon health stats" [_thread_blocked, id=5164, stack(0x000000f2c7800000,0x000000f2c7900000)]
  0x000002bd2d6e2800 JavaThread "Incoming local TCP Connector on port 65348" [_thread_in_native, id=1836, stack(0x000000f2c7b00000,0x000000f2c7c00000)]
  0x000002bd2cbb8000 JavaThread "Daemon periodic checks" [_thread_blocked, id=1852, stack(0x000000f2c7c00000,0x000000f2c7d00000)]
  0x000002bd2d49a000 JavaThread "Daemon" [_thread_blocked, id=2164, stack(0x000000f2c7d00000,0x000000f2c7e00000)]
  0x000002bd2ccfd000 JavaThread "Handler for socket connection from /127.0.0.1:65348 to /127.0.0.1:65349" [_thread_in_native, id=5944, stack(0x000000f2c7e00000,0x000000f2c7f00000)]
  0x000002bd2ccfe000 JavaThread "Cancel handler" [_thread_blocked, id=1976, stack(0x000000f2c7f00000,0x000000f2c8000000)]
  0x000002bd2d13d800 JavaThread "Daemon worker" [_thread_blocked, id=2024, stack(0x000000f2c8000000,0x000000f2c8100000)]
  0x000002bd2d19a800 JavaThread "Asynchronous log dispatcher for DefaultDaemonConnection: socket connection from /127.0.0.1:65348 to /127.0.0.1:65349" [_thread_blocked, id=4252, stack(0x000000f2c8100000,0x000000f2c8200000)]
  0x000002bd2c950000 JavaThread "Stdin handler" [_thread_blocked, id=1824, stack(0x000000f2c8200000,0x000000f2c8300000)]
  0x000002bd2dbb2000 JavaThread "Daemon client event forwarder" [_thread_blocked, id=3516, stack(0x000000f2c8300000,0x000000f2c8400000)]
  0x000002bd2dbb3000 JavaThread "Cache worker for journal cache (C:\Users\Admin\.gradle\caches\journal-1)" [_thread_blocked, id=4260, stack(0x000000f2c8400000,0x000000f2c8500000)]
  0x000002bd2dbb7000 JavaThread "File lock request listener" [_thread_in_native, id=1904, stack(0x000000f2c8500000,0x000000f2c8600000)]
  0x000002bd2dbb6000 JavaThread "Cache worker for file hash cache (C:\Users\Admin\.gradle\caches\7.2\fileHashes)" [_thread_blocked, id=3220, stack(0x000000f2c8600000,0x000000f2c8700000)]
  0x000002bd2dbb1800 JavaThread "Cache worker for file hash cache (C:\Users\Admin\AndroidStudioProjects\DailySelfie\.gradle\7.2\fileHashes)" [_thread_blocked, id=3036, stack(0x000000f2c8700000,0x000000f2c8800000)]
  0x000002bd2dbb3800 JavaThread "File watcher server" daemon [_thread_blocked, id=4364, stack(0x000000f2c8800000,0x000000f2c8900000)]
  0x000002bd2dbb5800 JavaThread "File watcher consumer" daemon [_thread_blocked, id=2952, stack(0x000000f2c8900000,0x000000f2c8a00000)]
  0x000002bd2dbb4800 JavaThread "Cache worker for checksums cache (C:\Users\Admin\AndroidStudioProjects\DailySelfie\.gradle\checksums)" [_thread_blocked, id=4496, stack(0x000000f2c8a00000,0x000000f2c8b00000)]
  0x000002bd2dbb8000 JavaThread "Cache worker for cache directory md-supplier (C:\Users\Admin\.gradle\caches\7.2\md-supplier)" [_thread_blocked, id=724, stack(0x000000f2c8b00000,0x000000f2c8c00000)]
  0x000002bd2fc8e000 JavaThread "Cache worker for cache directory md-rule (C:\Users\Admin\.gradle\caches\7.2\md-rule)" [_thread_blocked, id=5212, stack(0x000000f2c8c00000,0x000000f2c8d00000)]
  0x000002bd2fc8f800 JavaThread "Cache worker for execution history cache (C:\Users\Admin\.gradle\caches\7.2\executionHistory)" [_thread_blocked, id=1888, stack(0x000000f2c8d00000,0x000000f2c8e00000)]
  0x000002bd2fc91000 JavaThread "jar transforms" [_thread_blocked, id=344, stack(0x000000f2c8e00000,0x000000f2c8f00000)]
  0x000002bd2fc92000 JavaThread "Cache worker for file content cache (C:\Users\Admin\.gradle\caches\7.2\fileContent)" [_thread_blocked, id=3768, stack(0x000000f2c8f00000,0x000000f2c9000000)]
  0x000002bd2fc90800 JavaThread "jar transforms Thread 2" [_thread_blocked, id=1488, stack(0x000000f2c9000000,0x000000f2c9100000)]
  0x000002bd2fc93800 JavaThread "Cache worker for dependencies-accessors (C:\Users\Admin\AndroidStudioProjects\DailySelfie\.gradle\7.2\dependencies-accessors)" [_thread_blocked, id=108, stack(0x000000f2c9100000,0x000000f2c9200000)]
  0x000002bd2fc94800 JavaThread "jar transforms Thread 3" [_thread_blocked, id=6116, stack(0x000000f2c9200000,0x000000f2c9300000)]
  0x000002bd2fc8e800 JavaThread "Cache worker for Build Output Cleanup Cache (C:\Users\Admin\AndroidStudioProjects\DailySelfie\.gradle\buildOutputCleanup)" [_thread_blocked, id=4776, stack(0x000000f2c9300000,0x000000f2c9400000)]
  0x000002bd2fc97800 JavaThread "Unconstrained build operations" [_thread_blocked, id=5596, stack(0x000000f2c9400000,0x000000f2c9500000)]
  0x000002bd2fc9a000 JavaThread "Unconstrained build operations Thread 2" [_thread_blocked, id=440, stack(0x000000f2c9500000,0x000000f2c9600000)]
  0x000002bd2fc9b000 JavaThread "Unconstrained build operations Thread 3" [_thread_blocked, id=2720, stack(0x000000f2c9600000,0x000000f2c9700000)]
  0x000002bd2fc95000 JavaThread "Unconstrained build operations Thread 4" [_thread_blocked, id=3860, stack(0x000000f2c9700000,0x000000f2c9800000)]
  0x000002bd2fc98800 JavaThread "Unconstrained build operations Thread 5" [_thread_blocked, id=3852, stack(0x000000f2c9800000,0x000000f2c9900000)]
  0x000002bd2fc96000 JavaThread "Unconstrained build operations Thread 6" [_thread_blocked, id=384, stack(0x000000f2c9900000,0x000000f2c9a00000)]
  0x000002bd2fc9b800 JavaThread "Unconstrained build operations Thread 7" [_thread_blocked, id=5996, stack(0x000000f2c9a00000,0x000000f2c9b00000)]
  0x000002bd2fc97000 JavaThread "Unconstrained build operations Thread 8" [_thread_blocked, id=4924, stack(0x000000f2c9b00000,0x000000f2c9c00000)]
  0x000002bd2fc99000 JavaThread "Unconstrained build operations Thread 9" [_thread_blocked, id=808, stack(0x000000f2c9c00000,0x000000f2c9d00000)]
  0x000002bd30b8b000 JavaThread "Unconstrained build operations Thread 10" [_thread_blocked, id=4780, stack(0x000000f2c9d00000,0x000000f2c9e00000)]
  0x000002bd30b8e800 JavaThread "Unconstrained build operations Thread 11" [_thread_blocked, id=5432, stack(0x000000f2c9e00000,0x000000f2c9f00000)]
  0x000002bd30b8c800 JavaThread "Unconstrained build operations Thread 12" [_thread_blocked, id=5632, stack(0x000000f2c9f00000,0x000000f2ca000000)]
  0x000002bd30b8f000 JavaThread "Unconstrained build operations Thread 13" [_thread_blocked, id=4512, stack(0x000000f2ca000000,0x000000f2ca100000)]
  0x000002bd30b90000 JavaThread "Unconstrained build operations Thread 14" [_thread_blocked, id=5740, stack(0x000000f2ca100000,0x000000f2ca200000)]
  0x000002bd30b8c000 JavaThread "Unconstrained build operations Thread 15" [_thread_blocked, id=5052, stack(0x000000f2ca200000,0x000000f2ca300000)]
  0x000002bd30b8d800 JavaThread "Unconstrained build operations Thread 16" [_thread_blocked, id=3008, stack(0x000000f2ca300000,0x000000f2ca400000)]
  0x000002bd30b8a000 JavaThread "Unconstrained build operations Thread 17" [_thread_blocked, id=768, stack(0x000000f2ca400000,0x000000f2ca500000)]
  0x000002bd30b93000 JavaThread "Unconstrained build operations Thread 18" [_thread_blocked, id=3628, stack(0x000000f2ca500000,0x000000f2ca600000)]
  0x000002bd30b90800 JavaThread "Unconstrained build operations Thread 19" [_thread_blocked, id=5240, stack(0x000000f2ca600000,0x000000f2ca700000)]
  0x000002bd30b96800 JavaThread "Unconstrained build operations Thread 20" [_thread_blocked, id=4860, stack(0x000000f2ca700000,0x000000f2ca800000)]
  0x000002bd30b95800 JavaThread "Unconstrained build operations Thread 21" [_thread_blocked, id=1160, stack(0x000000f2ca800000,0x000000f2ca900000)]
  0x000002bd30b94000 JavaThread "Unconstrained build operations Thread 22" [_thread_blocked, id=1956, stack(0x000000f2ca900000,0x000000f2caa00000)]
  0x000002bd30b91800 JavaThread "Unconstrained build operations Thread 23" [_thread_blocked, id=3360, stack(0x000000f2caa00000,0x000000f2cab00000)]
  0x000002bd30b97000 JavaThread "Unconstrained build operations Thread 24" [_thread_blocked, id=5696, stack(0x000000f2cab00000,0x000000f2cac00000)]
  0x000002bd30b98000 JavaThread "Unconstrained build operations Thread 25" [_thread_blocked, id=3816, stack(0x000000f2cac00000,0x000000f2cad00000)]
  0x000002bd30b92800 JavaThread "Unconstrained build operations Thread 26" [_thread_blocked, id=5680, stack(0x000000f2cad00000,0x000000f2cae00000)]
  0x000002bd30b99000 JavaThread "Unconstrained build operations Thread 27" [_thread_blocked, id=4216, stack(0x000000f2cae00000,0x000000f2caf00000)]
  0x000002bd30b95000 JavaThread "Unconstrained build operations Thread 28" [_thread_blocked, id=5168, stack(0x000000f2caf00000,0x000000f2cb000000)]
  0x000002bd3099d800 JavaThread "Unconstrained build operations Thread 29" [_thread_blocked, id=1952, stack(0x000000f2cb000000,0x000000f2cb100000)]
  0x000002bd309a0800 JavaThread "Unconstrained build operations Thread 30" [_thread_blocked, id=1384, stack(0x000000f2cb100000,0x000000f2cb200000)]
  0x000002bd309a0000 JavaThread "Unconstrained build operations Thread 31" [_thread_blocked, id=5076, stack(0x000000f2cb200000,0x000000f2cb300000)]
  0x000002bd3099e000 JavaThread "Unconstrained build operations Thread 32" [_thread_blocked, id=1536, stack(0x000000f2cb300000,0x000000f2cb400000)]
  0x000002bd3099f000 JavaThread "Unconstrained build operations Thread 33" [_thread_blocked, id=3780, stack(0x000000f2cb400000,0x000000f2cb500000)]
  0x000002bd309a1800 JavaThread "Unconstrained build operations Thread 34" [_thread_blocked, id=4856, stack(0x000000f2cb500000,0x000000f2cb600000)]
  0x000002bd309a2800 JavaThread "Unconstrained build operations Thread 35" [_thread_blocked, id=480, stack(0x000000f2cb600000,0x000000f2cb700000)]
  0x000002bd3099c800 JavaThread "Unconstrained build operations Thread 36" [_thread_blocked, id=3260, stack(0x000000f2cb700000,0x000000f2cb800000)]
  0x000002bd309a9000 JavaThread "Unconstrained build operations Thread 37" [_thread_blocked, id=1128, stack(0x000000f2cb800000,0x000000f2cb900000)]
  0x000002bd309a3000 JavaThread "Unconstrained build operations Thread 38" [_thread_blocked, id=2508, stack(0x000000f2cb900000,0x000000f2cba00000)]
  0x000002bd309a6800 JavaThread "Unconstrained build operations Thread 39" [_thread_blocked, id=4888, stack(0x000000f2cba00000,0x000000f2cbb00000)]
  0x000002bd309a9800 JavaThread "Unconstrained build operations Thread 40" [_thread_blocked, id=5872, stack(0x000000f2cbb00000,0x000000f2cbc00000)]
  0x000002bd309a4000 JavaThread "jar transforms Thread 4" [_thread_blocked, id=5456, stack(0x000000f2cbc00000,0x000000f2cbd00000)]
  0x000002bd309a4800 JavaThread "Memory manager" [_thread_blocked, id=2040, stack(0x000000f2cbd00000,0x000000f2cbe00000)]
  0x000002bd309a7000 JavaThread "build event listener" [_thread_blocked, id=3236, stack(0x000000f2cbe00000,0x000000f2cbf00000)]
  0x000002bd309a8000 JavaThread "pool-3-thread-1" [_thread_blocked, id=4612, stack(0x000000f2cbf00000,0x000000f2cc000000)]
  0x000002bd309ab800 JavaThread "build event listener" [_thread_blocked, id=2128, stack(0x000000f2cc000000,0x000000f2cc100000)]
  0x000002bd309aa800 JavaThread "Execution worker for ':'" [_thread_blocked, id=1728, stack(0x000000f2cc100000,0x000000f2cc200000)]
  0x000002bd309a5800 JavaThread "Execution worker for ':' Thread 2" [_thread_blocked, id=5416, stack(0x000000f2cc200000,0x000000f2cc300000)]
  0x000002bd33fd9000 JavaThread "Execution worker for ':' Thread 3" [_thread_blocked, id=5780, stack(0x000000f2cc300000,0x000000f2cc400000)]
  0x000002bd33fd9800 JavaThread "Cache worker for execution history cache (C:\Users\Admin\AndroidStudioProjects\DailySelfie\.gradle\7.2\executionHistory)" [_thread_blocked, id=4024, stack(0x000000f2cc400000,0x000000f2cc500000)]
  0x000002bd33fd8000 JavaThread "WorkerExecutor Queue" [_thread_blocked, id=1648, stack(0x000000f2cc500000,0x000000f2cc600000)]
  0x000002bd33fda800 JavaThread "WorkerExecutor Queue Thread 2" [_thread_blocked, id=3460, stack(0x000000f2cc600000,0x000000f2cc700000)]
  0x000002bd33fdd000 JavaThread "WorkerExecutor Queue Thread 3" [_thread_blocked, id=2368, stack(0x000000f2cc700000,0x000000f2cc800000)]

Other Threads:
=>0x000002bd2b235800 VMThread "VM Thread" [stack: 0x000000f2c6c00000,0x000000f2c6d00000] [id=4700]
  0x000002bd2bd30800 WatcherThread [stack: 0x000000f2c7600000,0x000000f2c7700000] [id=2504]
  0x000002bd116a3800 GCTaskThread "GC Thread#0" [stack: 0x000000f2c6700000,0x000000f2c6800000] [id=4552]
  0x000002bd2c2fc000 GCTaskThread "GC Thread#1" [stack: 0x000000f2c7700000,0x000000f2c7800000] [id=4232]
  0x000002bd2d436800 GCTaskThread "GC Thread#2" [stack: 0x000000f2c7900000,0x000000f2c7a00000] [id=4220]
  0x000002bd2d78e800 GCTaskThread "GC Thread#3" [stack: 0x000000f2c7a00000,0x000000f2c7b00000] [id=4880]
  0x000002bd116d4800 ConcurrentGCThread "G1 Main Marker" [stack: 0x000000f2c6800000,0x000000f2c6900000] [id=1620]
  0x000002bd116d6000 ConcurrentGCThread "G1 Conc#0" [stack: 0x000000f2c6900000,0x000000f2c6a00000] [id=4704]
  0x000002bd11730000 ConcurrentGCThread "G1 Refine#0" [stack: 0x000000f2c6a00000,0x000000f2c6b00000] [id=4272]
  0x000002bd11731000 ConcurrentGCThread "G1 Young RemSet Sampling" [stack: 0x000000f2c6b00000,0x000000f2c6c00000] [id=4696]

Threads with active compile tasks:
C2 CompilerThread0  22889 10277       4       org.gradle.internal.snapshot.AbstractListChildMap$$Lambda$408/0x00000001005b0440::compareTo (16 bytes)

VM state:at safepoint (normal execution)

VM Mutex/Monitor currently owned by a thread:  ([mutex/lock_event])
[0x000002bd11686c70] Threads_lock - owner thread: 0x000002bd2b235800
[0x000002bd11686be0] Heap_lock - owner thread: 0x000002bd33fd8000

Heap address: 0x0000000080000000, size: 2048 MB, Compressed Oops mode: 32-bit
Narrow klass base: 0x0000000000000000, Narrow klass shift: 3
Compressed class space size: 1073741824 Address: 0x0000000100000000

Heap:
 garbage-first heap   total 252928K, used 96503K [0x0000000080000000, 0x0000000100000000)
  region size 1024K, 5 young (5120K), 5 survivors (5120K)
 Metaspace       used 89038K, capacity 91146K, committed 91340K, reserved 1128448K
  class space    used 11386K, capacity 12211K, committed 12236K, reserved 1048576K
Heap Regions: E=young(eden), S=young(survivor), O=old, HS=humongous(starts), HC=humongous(continues), CS=collection set, F=free, A=archive, TAMS=top-at-mark-start (previous, next)
|   0|0x0000000080000000, 0x0000000080100000, 0x0000000080100000|100%| O|  |TAMS 0x0000000080100000, 0x0000000080100000| Untracked 
|   1|0x0000000080100000, 0x0000000080200000, 0x0000000080200000|100%| O|  |TAMS 0x0000000080200000, 0x0000000080200000| Untracked 
|   2|0x0000000080200000, 0x0000000080300000, 0x0000000080300000|100%| O|  |TAMS 0x0000000080300000, 0x0000000080300000| Untracked 
|   3|0x0000000080300000, 0x0000000080400000, 0x0000000080400000|100%|HS|  |TAMS 0x0000000080400000, 0x0000000080400000| Complete 
|   4|0x0000000080400000, 0x0000000080500000, 0x0000000080500000|100%|HC|  |TAMS 0x0000000080500000, 0x0000000080500000| Complete 
|   5|0x0000000080500000, 0x0000000080600000, 0x0000000080600000|100%|HC|  |TAMS 0x0000000080600000, 0x0000000080600000| Complete 
|   6|0x0000000080600000, 0x0000000080700000, 0x0000000080700000|100%| O|  |TAMS 0x0000000080700000, 0x0000000080700000| Untracked 
|   7|0x0000000080700000, 0x0000000080800000, 0x0000000080800000|100%| O|  |TAMS 0x0000000080800000, 0x0000000080800000| Untracked 
|   8|0x0000000080800000, 0x0000000080900000, 0x0000000080900000|100%| O|  |TAMS 0x0000000080900000, 0x0000000080900000| Untracked 
|   9|0x0000000080900000, 0x0000000080a00000, 0x0000000080a00000|100%| O|  |TAMS 0x0000000080a00000, 0x0000000080a00000| Untracked 
|  10|0x0000000080a00000, 0x0000000080b00000, 0x0000000080b00000|100%| O|  |TAMS 0x0000000080b00000, 0x0000000080b00000| Untracked 
|  11|0x0000000080b00000, 0x0000000080c00000, 0x0000000080c00000|100%| O|  |TAMS 0x0000000080c00000, 0x0000000080c00000| Untracked 
|  12|0x0000000080c00000, 0x0000000080d00000, 0x0000000080d00000|100%| O|  |TAMS 0x0000000080d00000, 0x0000000080d00000| Untracked 
|  13|0x0000000080d00000, 0x0000000080e00000, 0x0000000080e00000|100%| O|  |TAMS 0x0000000080e00000, 0x0000000080e00000| Untracked 
|  14|0x0000000080e00000, 0x0000000080f00000, 0x0000000080f00000|100%| O|  |TAMS 0x0000000080f00000, 0x0000000080f00000| Untracked 
|  15|0x0000000080f00000, 0x0000000081000000, 0x0000000081000000|100%| O|  |TAMS 0x0000000081000000, 0x0000000081000000| Untracked 
|  16|0x0000000081000000, 0x0000000081100000, 0x0000000081100000|100%| O|  |TAMS 0x0000000081100000, 0x0000000081100000| Untracked 
|  17|0x0000000081100000, 0x0000000081200000, 0x0000000081200000|100%| O|  |TAMS 0x0000000081200000, 0x0000000081200000| Untracked 
|  18|0x0000000081200000, 0x0000000081300000, 0x0000000081300000|100%| O|  |TAMS 0x0000000081300000, 0x0000000081300000| Untracked 
|  19|0x0000000081300000, 0x0000000081400000, 0x0000000081400000|100%| O|  |TAMS 0x0000000081400000, 0x0000000081400000| Untracked 
|  20|0x0000000081400000, 0x0000000081500000, 0x0000000081500000|100%| O|  |TAMS 0x0000000081500000, 0x0000000081500000| Untracked 
|  21|0x0000000081500000, 0x0000000081600000, 0x0000000081600000|100%| O|  |TAMS 0x0000000081600000, 0x0000000081600000| Untracked 
|  22|0x0000000081600000, 0x0000000081700000, 0x0000000081700000|100%|HS|  |TAMS 0x0000000081700000, 0x0000000081700000| Complete 
|  23|0x0000000081700000, 0x0000000081800000, 0x0000000081800000|100%| O|  |TAMS 0x0000000081800000, 0x0000000081800000| Untracked 
|  24|0x0000000081800000, 0x0000000081900000, 0x0000000081900000|100%| O|  |TAMS 0x0000000081900000, 0x0000000081900000| Untracked 
|  25|0x0000000081900000, 0x0000000081a00000, 0x0000000081a00000|100%| O|  |TAMS 0x0000000081a00000, 0x0000000081a00000| Untracked 
|  26|0x0000000081a00000, 0x0000000081b00000, 0x0000000081b00000|100%| O|  |TAMS 0x0000000081b00000, 0x0000000081b00000| Untracked 
|  27|0x0000000081b00000, 0x0000000081c00000, 0x0000000081c00000|100%| O|  |TAMS 0x0000000081c00000, 0x0000000081c00000| Untracked 
|  28|0x0000000081c00000, 0x0000000081d00000, 0x0000000081d00000|100%|HS|  |TAMS 0x0000000081d00000, 0x0000000081d00000| Complete 
|  29|0x0000000081d00000, 0x0000000081e00000, 0x0000000081e00000|100%|HS|  |TAMS 0x0000000081e00000, 0x0000000081e00000| Complete 
|  30|0x0000000081e00000, 0x0000000081f00000, 0x0000000081f00000|100%|HS|  |TAMS 0x0000000081f00000, 0x0000000081f00000| Complete 
|  31|0x0000000081f00000, 0x0000000082000000, 0x0000000082000000|100%|HC|  |TAMS 0x0000000082000000, 0x0000000082000000| Complete 
|  32|0x0000000082000000, 0x0000000082100000, 0x0000000082100000|100%| O|  |TAMS 0x0000000082100000, 0x0000000082100000| Untracked 
|  33|0x0000000082100000, 0x0000000082200000, 0x0000000082200000|100%| O|  |TAMS 0x0000000082200000, 0x0000000082200000| Untracked 
|  34|0x0000000082200000, 0x0000000082300000, 0x0000000082300000|100%| O|  |TAMS 0x0000000082300000, 0x0000000082300000| Untracked 
|  35|0x0000000082300000, 0x0000000082400000, 0x0000000082400000|100%| O|  |TAMS 0x0000000082400000, 0x0000000082400000| Untracked 
|  36|0x0000000082400000, 0x0000000082500000, 0x0000000082500000|100%| O|  |TAMS 0x0000000082500000, 0x0000000082500000| Untracked 
|  37|0x0000000082500000, 0x0000000082600000, 0x0000000082600000|100%| O|  |TAMS 0x0000000082600000, 0x0000000082600000| Untracked 
|  38|0x0000000082600000, 0x0000000082700000, 0x0000000082700000|100%| O|  |TAMS 0x0000000082700000, 0x0000000082700000| Untracked 
|  39|0x0000000082700000, 0x0000000082800000, 0x0000000082800000|100%| O|  |TAMS 0x0000000082800000, 0x0000000082800000| Untracked 
|  40|0x0000000082800000, 0x0000000082900000, 0x0000000082900000|100%| O|  |TAMS 0x0000000082900000, 0x0000000082900000| Untracked 
|  41|0x0000000082900000, 0x0000000082a00000, 0x0000000082a00000|100%| O|  |TAMS 0x0000000082a00000, 0x0000000082a00000| Untracked 
|  42|0x0000000082a00000, 0x0000000082b00000, 0x0000000082b00000|100%| O|  |TAMS 0x0000000082b00000, 0x0000000082b00000| Untracked 
|  43|0x0000000082b00000, 0x0000000082c00000, 0x0000000082c00000|100%| O|  |TAMS 0x0000000082c00000, 0x0000000082c00000| Untracked 
|  44|0x0000000082c00000, 0x0000000082d00000, 0x0000000082d00000|100%| O|  |TAMS 0x0000000082d00000, 0x0000000082d00000| Untracked 
|  45|0x0000000082d00000, 0x0000000082e00000, 0x0000000082e00000|100%| O|  |TAMS 0x0000000082e00000, 0x0000000082e00000| Untracked 
|  46|0x0000000082e00000, 0x0000000082f00000, 0x0000000082f00000|100%| O|  |TAMS 0x0000000082f00000, 0x0000000082f00000| Untracked 
|  47|0x0000000082f00000, 0x0000000083000000, 0x0000000083000000|100%| O|  |TAMS 0x0000000083000000, 0x0000000083000000| Untracked 
|  48|0x0000000083000000, 0x0000000083100000, 0x0000000083100000|100%| O|  |TAMS 0x0000000083100000, 0x0000000083100000| Untracked 
|  49|0x0000000083100000, 0x0000000083200000, 0x0000000083200000|100%| O|  |TAMS 0x0000000083200000, 0x0000000083200000| Untracked 
|  50|0x0000000083200000, 0x0000000083300000, 0x0000000083300000|100%| O|  |TAMS 0x0000000083300000, 0x0000000083300000| Untracked 
|  51|0x0000000083300000, 0x0000000083400000, 0x0000000083400000|100%| O|  |TAMS 0x0000000083400000, 0x0000000083400000| Untracked 
|  52|0x0000000083400000, 0x0000000083500000, 0x0000000083500000|100%| O|  |TAMS 0x0000000083500000, 0x0000000083500000| Untracked 
|  53|0x0000000083500000, 0x0000000083600000, 0x0000000083600000|100%| O|  |TAMS 0x0000000083600000, 0x0000000083600000| Untracked 
|  54|0x0000000083600000, 0x0000000083700000, 0x0000000083700000|100%| O|  |TAMS 0x0000000083700000, 0x0000000083700000| Untracked 
|  55|0x0000000083700000, 0x0000000083800000, 0x0000000083800000|100%| O|  |TAMS 0x0000000083800000, 0x0000000083800000| Untracked 
|  56|0x0000000083800000, 0x0000000083900000, 0x0000000083900000|100%| O|  |TAMS 0x0000000083900000, 0x0000000083900000| Untracked 
|  57|0x0000000083900000, 0x0000000083a00000, 0x0000000083a00000|100%| O|  |TAMS 0x0000000083900000, 0x0000000083a00000| Untracked 
|  58|0x0000000083a00000, 0x0000000083b00000, 0x0000000083b00000|100%| O|  |TAMS 0x0000000083b00000, 0x0000000083b00000| Untracked 
|  59|0x0000000083b00000, 0x0000000083c00000, 0x0000000083c00000|100%| O|  |TAMS 0x0000000083c00000, 0x0000000083c00000| Untracked 
|  60|0x0000000083c00000, 0x0000000083d00000, 0x0000000083d00000|100%| O|  |TAMS 0x0000000083d00000, 0x0000000083d00000| Untracked 
|  61|0x0000000083d00000, 0x0000000083e00000, 0x0000000083e00000|100%| O|  |TAMS 0x0000000083e00000, 0x0000000083e00000| Untracked 
|  62|0x0000000083e00000, 0x0000000083f00000, 0x0000000083f00000|100%| O|  |TAMS 0x0000000083f00000, 0x0000000083f00000| Untracked 
|  63|0x0000000083f00000, 0x0000000084000000, 0x0000000084000000|100%| O|  |TAMS 0x0000000084000000, 0x0000000084000000| Untracked 
|  64|0x0000000084000000, 0x0000000084100000, 0x0000000084100000|100%| O|  |TAMS 0x0000000084100000, 0x0000000084100000| Untracked 
|  65|0x0000000084100000, 0x0000000084200000, 0x0000000084200000|100%| O|  |TAMS 0x0000000084200000, 0x0000000084200000| Untracked 
|  66|0x0000000084200000, 0x0000000084300000, 0x0000000084300000|100%| O|  |TAMS 0x0000000084300000, 0x0000000084300000| Untracked 
|  67|0x0000000084300000, 0x0000000084400000, 0x0000000084400000|100%| O|  |TAMS 0x0000000084400000, 0x0000000084400000| Untracked 
|  68|0x0000000084400000, 0x0000000084400000, 0x0000000084500000|  0%| F|  |TAMS 0x0000000084400000, 0x0000000084400000| Untracked 
|  69|0x0000000084500000, 0x0000000084500000, 0x0000000084600000|  0%| F|  |TAMS 0x0000000084500000, 0x0000000084500000| Untracked 
|  70|0x0000000084600000, 0x0000000084600000, 0x0000000084700000|  0%| F|  |TAMS 0x0000000084600000, 0x0000000084600000| Untracked 
|  71|0x0000000084700000, 0x0000000084800000, 0x0000000084800000|100%| O|  |TAMS 0x0000000084700000, 0x0000000084800000| Untracked 
|  72|0x0000000084800000, 0x0000000084900000, 0x0000000084900000|100%| O|  |TAMS 0x0000000084800000, 0x0000000084900000| Untracked 
|  73|0x0000000084900000, 0x0000000084a00000, 0x0000000084a00000|100%| O|  |TAMS 0x0000000084900000, 0x0000000084a00000| Untracked 
|  74|0x0000000084a00000, 0x0000000084b00000, 0x0000000084b00000|100%| O|  |TAMS 0x0000000084a00000, 0x0000000084b00000| Untracked 
|  75|0x0000000084b00000, 0x0000000084c00000, 0x0000000084c00000|100%| O|  |TAMS 0x0000000084b00000, 0x0000000084c00000| Untracked 
|  76|0x0000000084c00000, 0x0000000084c00000, 0x0000000084d00000|  0%| F|  |TAMS 0x0000000084c00000, 0x0000000084c00000| Untracked 
|  77|0x0000000084d00000, 0x0000000084d00000, 0x0000000084e00000|  0%| F|  |TAMS 0x0000000084d00000, 0x0000000084d00000| Untracked 
|  78|0x0000000084e00000, 0x0000000084e00000, 0x0000000084f00000|  0%| F|  |TAMS 0x0000000084e00000, 0x0000000084e00000| Untracked 
|  79|0x0000000084f00000, 0x0000000085000000, 0x0000000085000000|100%| O|  |TAMS 0x0000000085000000, 0x0000000085000000| Untracked 
|  80|0x0000000085000000, 0x0000000085100000, 0x0000000085100000|100%| O|  |TAMS 0x0000000085100000, 0x0000000085100000| Untracked 
|  81|0x0000000085100000, 0x0000000085200000, 0x0000000085200000|100%| O|  |TAMS 0x0000000085200000, 0x0000000085200000| Untracked 
|  82|0x0000000085200000, 0x0000000085300000, 0x0000000085300000|100%| O|  |TAMS 0x0000000085300000, 0x0000000085300000| Untracked 
|  83|0x0000000085300000, 0x0000000085400000, 0x0000000085400000|100%| O|  |TAMS 0x0000000085400000, 0x0000000085400000| Untracked 
|  84|0x0000000085400000, 0x0000000085500000, 0x0000000085500000|100%| O|  |TAMS 0x0000000085500000, 0x0000000085500000| Untracked 
|  85|0x0000000085500000, 0x0000000085600000, 0x0000000085600000|100%| O|  |TAMS 0x0000000085600000, 0x0000000085600000| Untracked 
|  86|0x0000000085600000, 0x0000000085700000, 0x0000000085700000|100%| O|  |TAMS 0x0000000085700000, 0x0000000085700000| Untracked 
|  87|0x0000000085700000, 0x0000000085800000, 0x0000000085800000|100%| O|  |TAMS 0x0000000085800000, 0x0000000085800000| Untracked 
|  88|0x0000000085800000, 0x0000000085900000, 0x0000000085900000|100%| O|  |TAMS 0x0000000085900000, 0x0000000085900000| Untracked 
|  89|0x0000000085900000, 0x0000000085a00000, 0x0000000085a00000|100%| O|  |TAMS 0x0000000085a00000, 0x0000000085a00000| Untracked 
|  90|0x0000000085a00000, 0x0000000085b00000, 0x0000000085b00000|100%| O|  |TAMS 0x0000000085b00000, 0x0000000085b00000| Untracked 
|  91|0x0000000085b00000, 0x0000000085c00000, 0x0000000085c00000|100%| O|  |TAMS 0x0000000085b00000, 0x0000000085c00000| Untracked 
|  92|0x0000000085c00000, 0x0000000085d00000, 0x0000000085d00000|100%| O|  |TAMS 0x0000000085c00000, 0x0000000085d00000| Untracked 
|  93|0x0000000085d00000, 0x0000000085e00000, 0x0000000085e00000|100%| O|  |TAMS 0x0000000085d00000, 0x0000000085e00000| Untracked 
|  94|0x0000000085e00000, 0x0000000085f00000, 0x0000000085f00000|100%| O|  |TAMS 0x0000000085e00000, 0x0000000085f00000| Untracked 
|  95|0x0000000085f00000, 0x0000000085f80000, 0x0000000086000000| 50%| O|  |TAMS 0x0000000085f00000, 0x0000000085f80000| Untracked 
|  96|0x0000000086000000, 0x0000000086000000, 0x0000000086100000|  0%| F|  |TAMS 0x0000000086000000, 0x0000000086000000| Untracked 
|  97|0x0000000086100000, 0x0000000086100000, 0x0000000086200000|  0%| F|  |TAMS 0x0000000086100000, 0x0000000086100000| Untracked 
|  98|0x0000000086200000, 0x0000000086200000, 0x0000000086300000|  0%| F|  |TAMS 0x0000000086200000, 0x0000000086200000| Untracked 
|  99|0x0000000086300000, 0x0000000086300000, 0x0000000086400000|  0%| F|  |TAMS 0x0000000086300000, 0x0000000086300000| Untracked 
| 100|0x0000000086400000, 0x0000000086400000, 0x0000000086500000|  0%| F|  |TAMS 0x0000000086400000, 0x0000000086400000| Untracked 
| 101|0x0000000086500000, 0x0000000086500000, 0x0000000086600000|  0%| F|  |TAMS 0x0000000086500000, 0x0000000086500000| Untracked 
| 102|0x0000000086600000, 0x0000000086600000, 0x0000000086700000|  0%| F|  |TAMS 0x0000000086600000, 0x0000000086600000| Untracked 
| 103|0x0000000086700000, 0x0000000086700000, 0x0000000086800000|  0%| F|  |TAMS 0x0000000086700000, 0x0000000086700000| Untracked 
| 104|0x0000000086800000, 0x0000000086800000, 0x0000000086900000|  0%| F|  |TAMS 0x0000000086800000, 0x0000000086800000| Untracked 
| 105|0x0000000086900000, 0x0000000086900000, 0x0000000086a00000|  0%| F|  |TAMS 0x0000000086900000, 0x0000000086900000| Untracked 
| 106|0x0000000086a00000, 0x0000000086a00000, 0x0000000086b00000|  0%| F|  |TAMS 0x0000000086a00000, 0x0000000086a00000| Untracked 
| 107|0x0000000086b00000, 0x0000000086b00000, 0x0000000086c00000|  0%| F|  |TAMS 0x0000000086b00000, 0x0000000086b00000| Untracked 
| 108|0x0000000086c00000, 0x0000000086c00000, 0x0000000086d00000|  0%| F|  |TAMS 0x0000000086c00000, 0x0000000086c00000| Untracked 
| 109|0x0000000086d00000, 0x0000000086d00000, 0x0000000086e00000|  0%| F|  |TAMS 0x0000000086d00000, 0x0000000086d00000| Untracked 
| 110|0x0000000086e00000, 0x0000000086e00000, 0x0000000086f00000|  0%| F|  |TAMS 0x0000000086e00000, 0x0000000086e00000| Untracked 
| 111|0x0000000086f00000, 0x0000000086f00000, 0x0000000087000000|  0%| F|  |TAMS 0x0000000086f00000, 0x0000000086f00000| Untracked 
| 112|0x0000000087000000, 0x0000000087000000, 0x0000000087100000|  0%| F|  |TAMS 0x0000000087000000, 0x0000000087000000| Untracked 
| 113|0x0000000087100000, 0x0000000087100000, 0x0000000087200000|  0%| F|  |TAMS 0x0000000087100000, 0x0000000087100000| Untracked 
| 114|0x0000000087200000, 0x0000000087200000, 0x0000000087300000|  0%| F|  |TAMS 0x0000000087200000, 0x0000000087200000| Untracked 
| 115|0x0000000087300000, 0x0000000087300000, 0x0000000087400000|  0%| F|  |TAMS 0x0000000087300000, 0x0000000087300000| Untracked 
| 116|0x0000000087400000, 0x0000000087400000, 0x0000000087500000|  0%| F|  |TAMS 0x0000000087400000, 0x0000000087400000| Untracked 
| 117|0x0000000087500000, 0x0000000087500000, 0x0000000087600000|  0%| F|  |TAMS 0x0000000087500000, 0x0000000087500000| Untracked 
| 118|0x0000000087600000, 0x0000000087600000, 0x0000000087700000|  0%| F|  |TAMS 0x0000000087600000, 0x0000000087600000| Untracked 
| 119|0x0000000087700000, 0x0000000087700000, 0x0000000087800000|  0%| F|  |TAMS 0x0000000087700000, 0x0000000087700000| Untracked 
| 120|0x0000000087800000, 0x0000000087800000, 0x0000000087900000|  0%| F|  |TAMS 0x0000000087800000, 0x0000000087800000| Untracked 
| 121|0x0000000087900000, 0x0000000087900000, 0x0000000087a00000|  0%| F|  |TAMS 0x0000000087900000, 0x0000000087900000| Untracked 
| 122|0x0000000087a00000, 0x0000000087a00000, 0x0000000087b00000|  0%| F|  |TAMS 0x0000000087a00000, 0x0000000087a00000| Untracked 
| 123|0x0000000087b00000, 0x0000000087b00000, 0x0000000087c00000|  0%| F|  |TAMS 0x0000000087b00000, 0x0000000087b00000| Untracked 
| 124|0x0000000087c00000, 0x0000000087c00000, 0x0000000087d00000|  0%| F|  |TAMS 0x0000000087c00000, 0x0000000087c00000| Untracked 
| 125|0x0000000087d00000, 0x0000000087d00000, 0x0000000087e00000|  0%| F|  |TAMS 0x0000000087d00000, 0x0000000087d00000| Untracked 
| 126|0x0000000087e00000, 0x0000000087e00000, 0x0000000087f00000|  0%| F|  |TAMS 0x0000000087e00000, 0x0000000087e00000| Untracked 
| 127|0x0000000087f00000, 0x0000000087f00000, 0x0000000088000000|  0%| F|  |TAMS 0x0000000087f00000, 0x0000000087f00000| Untracked 
| 128|0x0000000088000000, 0x0000000088000000, 0x0000000088100000|  0%| F|  |TAMS 0x0000000088000000, 0x0000000088000000| Untracked 
| 129|0x0000000088100000, 0x0000000088100000, 0x0000000088200000|  0%| F|  |TAMS 0x0000000088100000, 0x0000000088100000| Untracked 
| 130|0x0000000088200000, 0x0000000088200000, 0x0000000088300000|  0%| F|  |TAMS 0x0000000088200000, 0x0000000088200000| Untracked 
| 131|0x0000000088300000, 0x0000000088300000, 0x0000000088400000|  0%| F|  |TAMS 0x0000000088300000, 0x0000000088300000| Untracked 
| 132|0x0000000088400000, 0x00000000884bdc40, 0x0000000088500000| 74%| S|CS|TAMS 0x0000000088400000, 0x0000000088400000| Complete 
| 133|0x0000000088500000, 0x0000000088600000, 0x0000000088600000|100%| S|CS|TAMS 0x0000000088500000, 0x0000000088500000| Complete 
| 134|0x0000000088600000, 0x0000000088700000, 0x0000000088700000|100%| S|CS|TAMS 0x0000000088600000, 0x0000000088600000| Complete 
| 135|0x0000000088700000, 0x0000000088800000, 0x0000000088800000|100%| S|CS|TAMS 0x0000000088700000, 0x0000000088700000| Complete 
| 136|0x0000000088800000, 0x0000000088900000, 0x0000000088900000|100%| S|CS|TAMS 0x0000000088800000, 0x0000000088800000| Complete 
| 137|0x0000000088900000, 0x0000000088900000, 0x0000000088a00000|  0%| F|  |TAMS 0x0000000088900000, 0x0000000088900000| Untracked 
| 138|0x0000000088a00000, 0x0000000088a00000, 0x0000000088b00000|  0%| F|  |TAMS 0x0000000088a00000, 0x0000000088a00000| Untracked 
| 139|0x0000000088b00000, 0x0000000088b00000, 0x0000000088c00000|  0%| F|  |TAMS 0x0000000088b00000, 0x0000000088b00000| Untracked 
| 140|0x0000000088c00000, 0x0000000088c00000, 0x0000000088d00000|  0%| F|  |TAMS 0x0000000088c00000, 0x0000000088c00000| Untracked 
| 141|0x0000000088d00000, 0x0000000088d00000, 0x0000000088e00000|  0%| F|  |TAMS 0x0000000088d00000, 0x0000000088d00000| Untracked 
| 142|0x0000000088e00000, 0x0000000088e00000, 0x0000000088f00000|  0%| F|  |TAMS 0x0000000088e00000, 0x0000000088e00000| Untracked 
| 143|0x0000000088f00000, 0x0000000088f00000, 0x0000000089000000|  0%| F|  |TAMS 0x0000000088f00000, 0x0000000088f00000| Untracked 
| 144|0x0000000089000000, 0x0000000089000000, 0x0000000089100000|  0%| F|  |TAMS 0x0000000089000000, 0x0000000089000000| Untracked 
| 145|0x0000000089100000, 0x0000000089100000, 0x0000000089200000|  0%| F|  |TAMS 0x0000000089100000, 0x0000000089100000| Untracked 
| 146|0x0000000089200000, 0x0000000089200000, 0x0000000089300000|  0%| F|  |TAMS 0x0000000089200000, 0x0000000089200000| Untracked 
| 147|0x0000000089300000, 0x0000000089300000, 0x0000000089400000|  0%| F|  |TAMS 0x0000000089300000, 0x0000000089300000| Untracked 
| 148|0x0000000089400000, 0x0000000089400000, 0x0000000089500000|  0%| F|  |TAMS 0x0000000089400000, 0x0000000089400000| Untracked 
| 149|0x0000000089500000, 0x0000000089500000, 0x0000000089600000|  0%| F|  |TAMS 0x0000000089500000, 0x0000000089500000| Untracked 
| 150|0x0000000089600000, 0x0000000089600000, 0x0000000089700000|  0%| F|  |TAMS 0x0000000089600000, 0x0000000089600000| Untracked 
| 151|0x0000000089700000, 0x0000000089700000, 0x0000000089800000|  0%| F|  |TAMS 0x0000000089700000, 0x0000000089700000| Untracked 
| 152|0x0000000089800000, 0x0000000089800000, 0x0000000089900000|  0%| F|  |TAMS 0x0000000089800000, 0x0000000089800000| Untracked 
| 153|0x0000000089900000, 0x0000000089900000, 0x0000000089a00000|  0%| F|  |TAMS 0x0000000089900000, 0x0000000089900000| Untracked 
| 154|0x0000000089a00000, 0x0000000089a00000, 0x0000000089b00000|  0%| F|  |TAMS 0x0000000089a00000, 0x0000000089a00000| Untracked 
| 155|0x0000000089b00000, 0x0000000089b00000, 0x0000000089c00000|  0%| F|  |TAMS 0x0000000089b00000, 0x0000000089b00000| Untracked 
| 156|0x0000000089c00000, 0x0000000089c00000, 0x0000000089d00000|  0%| F|  |TAMS 0x0000000089c00000, 0x0000000089c00000| Untracked 
| 157|0x0000000089d00000, 0x0000000089d00000, 0x0000000089e00000|  0%| F|  |TAMS 0x0000000089d00000, 0x0000000089d00000| Untracked 
| 158|0x0000000089e00000, 0x0000000089e00000, 0x0000000089f00000|  0%| F|  |TAMS 0x0000000089e00000, 0x0000000089e00000| Untracked 
| 159|0x0000000089f00000, 0x0000000089f00000, 0x000000008a000000|  0%| F|  |TAMS 0x0000000089f00000, 0x0000000089f00000| Untracked 
| 160|0x000000008a000000, 0x000000008a000000, 0x000000008a100000|  0%| F|  |TAMS 0x000000008a000000, 0x000000008a000000| Untracked 
| 161|0x000000008a100000, 0x000000008a100000, 0x000000008a200000|  0%| F|  |TAMS 0x000000008a100000, 0x000000008a100000| Untracked 
| 162|0x000000008a200000, 0x000000008a200000, 0x000000008a300000|  0%| F|  |TAMS 0x000000008a200000, 0x000000008a200000| Untracked 
| 163|0x000000008a300000, 0x000000008a300000, 0x000000008a400000|  0%| F|  |TAMS 0x000000008a300000, 0x000000008a300000| Untracked 
| 164|0x000000008a400000, 0x000000008a400000, 0x000000008a500000|  0%| F|  |TAMS 0x000000008a400000, 0x000000008a400000| Untracked 
| 165|0x000000008a500000, 0x000000008a500000, 0x000000008a600000|  0%| F|  |TAMS 0x000000008a500000, 0x000000008a500000| Untracked 
| 166|0x000000008a600000, 0x000000008a600000, 0x000000008a700000|  0%| F|  |TAMS 0x000000008a600000, 0x000000008a600000| Untracked 
| 167|0x000000008a700000, 0x000000008a700000, 0x000000008a800000|  0%| F|  |TAMS 0x000000008a700000, 0x000000008a700000| Untracked 
| 168|0x000000008a800000, 0x000000008a800000, 0x000000008a900000|  0%| F|  |TAMS 0x000000008a800000, 0x000000008a800000| Untracked 
| 169|0x000000008a900000, 0x000000008a900000, 0x000000008aa00000|  0%| F|  |TAMS 0x000000008a900000, 0x000000008a900000| Untracked 
| 170|0x000000008aa00000, 0x000000008aa00000, 0x000000008ab00000|  0%| F|  |TAMS 0x000000008aa00000, 0x000000008aa00000| Untracked 
| 171|0x000000008ab00000, 0x000000008ab00000, 0x000000008ac00000|  0%| F|  |TAMS 0x000000008ab00000, 0x000000008ab00000| Untracked 
| 172|0x000000008ac00000, 0x000000008ac00000, 0x000000008ad00000|  0%| F|  |TAMS 0x000000008ac00000, 0x000000008ac00000| Untracked 
| 173|0x000000008ad00000, 0x000000008ad00000, 0x000000008ae00000|  0%| F|  |TAMS 0x000000008ad00000, 0x000000008ad00000| Untracked 
| 174|0x000000008ae00000, 0x000000008ae00000, 0x000000008af00000|  0%| F|  |TAMS 0x000000008ae00000, 0x000000008ae00000| Untracked 
| 175|0x000000008af00000, 0x000000008af00000, 0x000000008b000000|  0%| F|  |TAMS 0x000000008af00000, 0x000000008af00000| Untracked 

Card table byte_map: [0x000002bd24590000,0x000002bd24990000] _byte_map_base: 0x000002bd24190000

Marking Bits (Prev, Next): (CMBitMap*) 0x000002bd116cbb10, (CMBitMap*) 0x000002bd116cbad8
 Prev Bits: [0x000002bd26d90000, 0x000002bd28d90000)
 Next Bits: [0x000002bd24d90000, 0x000002bd26d90000)

Polling page: 0x000002bd0f840000

Metaspace:

Usage:
  Non-class:     77.08 MB capacity,    75.83 MB ( 98%) used,     1.01 MB (  1%) free+waste,   248.19 KB ( <1%) overhead. 
      Class:     11.92 MB capacity,    11.12 MB ( 93%) used,   712.27 KB (  6%) free+waste,   112.31 KB ( <1%) overhead. 
       Both:     89.01 MB capacity,    86.95 MB ( 98%) used,     1.71 MB (  2%) free+waste,   360.50 KB ( <1%) overhead. 

Virtual space:
  Non-class space:       78.00 MB reserved,      77.25 MB (>99%) committed 
      Class space:        1.00 GB reserved,      11.95 MB (  1%) committed 
             Both:        1.08 GB reserved,      89.20 MB (  8%) committed 

Chunk freelists:
   Non-Class:  41.00 KB
       Class:  13.00 KB
        Both:  54.00 KB

MaxMetaspaceSize: 17179869184.00 GB
CompressedClassSpaceSize: 1.00 GB

CodeHeap 'non-profiled nmethods': size=120064Kb used=4059Kb max_used=4059Kb free=116004Kb
 bounds [0x000002bd1cc50000, 0x000002bd1d050000, 0x000002bd24190000]
CodeHeap 'profiled nmethods': size=120000Kb used=19413Kb max_used=19413Kb free=100586Kb
 bounds [0x000002bd15720000, 0x000002bd16a20000, 0x000002bd1cc50000]
CodeHeap 'non-nmethods': size=5696Kb used=2291Kb max_used=2329Kb free=3404Kb
 bounds [0x000002bd15190000, 0x000002bd15400000, 0x000002bd15720000]
 total_blobs=10953 nmethods=10057 adapters=807
 compilation: enabled
              stopped_count=0, restarted_count=0
 full_count=0

Compilation events (20 events):
Event: 22.801 Thread 0x000002bd2b2a3800 10283       2       kotlin.reflect.jvm.internal.impl.name.FqName::asString (16 bytes)
Event: 22.802 Thread 0x000002bd2b2a3800 nmethod 10283 0x000002bd16a11810 code [0x000002bd16a119e0, 0x000002bd16a11b58]
Event: 22.802 Thread 0x000002bd2b2a3800 10285       2       kotlin.reflect.jvm.internal.impl.name.FqName::toUnsafe (13 bytes)
Event: 22.802 Thread 0x000002bd2b2a3800 nmethod 10285 0x000002bd16a11c90 code [0x000002bd16a11e40, 0x000002bd16a11f68]
Event: 22.802 Thread 0x000002bd2b2a3800 10284       2       kotlin.reflect.jvm.internal.impl.name.FqNameUnsafe::asString (13 bytes)
Event: 22.802 Thread 0x000002bd2b2a3800 nmethod 10284 0x000002bd16a12010 code [0x000002bd16a121c0, 0x000002bd16a122e8]
Event: 22.802 Thread 0x000002bd2b2a3800 10286       2       kotlin.reflect.jvm.internal.impl.name.FqName::<init> (26 bytes)
Event: 22.803 Thread 0x000002bd2b2a3800 nmethod 10286 0x000002bd16a12390 code [0x000002bd16a12560, 0x000002bd16a12838]
Event: 22.808 Thread 0x000002bd2b2a3800 10287       2       sun.nio.fs.WindowsFileAttributes::fromFileInformation (146 bytes)
Event: 22.809 Thread 0x000002bd2b2a3800 nmethod 10287 0x000002bd16a12990 code [0x000002bd16a12b60, 0x000002bd16a12e28]
Event: 22.813 Thread 0x000002bd2b2a3800 10289 %     3       java.lang.StringLatin1::regionMatchesCI @ 6 (92 bytes)
Event: 22.815 Thread 0x000002bd2b2a3800 nmethod 10289% 0x000002bd16a12f90 code [0x000002bd16a13220, 0x000002bd16a13d98]
Event: 22.824 Thread 0x000002bd2b2a3800 10290       2       org.gradle.internal.resources.DefaultResourceLockCoordinationService$ReleaseLocks::transform (9 bytes)
Event: 22.824 Thread 0x000002bd2b2a3800 nmethod 10290 0x000002bd16a14290 code [0x000002bd16a14440, 0x000002bd16a145a8]
Event: 22.824 Thread 0x000002bd2b2a3800 10291       2       org.gradle.internal.resources.DefaultResourceLockCoordinationService$ReleaseLocks::transform (42 bytes)
Event: 22.824 Thread 0x000002bd2b2a3800 nmethod 10291 0x000002bd16a14690 code [0x000002bd16a14880, 0x000002bd16a14ad8]
Event: 22.827 Thread 0x000002bd2b2a3800 10292       2       org.gradle.internal.fingerprint.impl.EmptyCurrentFileCollectionFingerprint::getRootHashes (4 bytes)
Event: 22.827 Thread 0x000002bd2b2a3800 nmethod 10292 0x000002bd16a14c10 code [0x000002bd16a14dc0, 0x000002bd16a14eb8]
Event: 22.827 Thread 0x000002bd2b2a3800 10293       2       org.gradle.internal.execution.steps.SkipUpToDateStep$1::getExecutionResult (12 bytes)
Event: 22.828 Thread 0x000002bd2b2a3800 nmethod 10293 0x000002bd16a14f90 code [0x000002bd16a15140, 0x000002bd16a153b8]

GC Heap History (20 events):
Event: 12.385 GC heap after
{Heap after GC invocations=18 (full 0):
 garbage-first heap   total 114688K, used 46388K [0x0000000080000000, 0x0000000100000000)
  region size 1024K, 2 young (2048K), 2 survivors (2048K)
 Metaspace       used 56540K, capacity 57892K, committed 58060K, reserved 1099776K
  class space    used 7135K, capacity 7616K, committed 7628K, reserved 1048576K
}
Event: 12.789 GC heap before
{Heap before GC invocations=18 (full 0):
 garbage-first heap   total 114688K, used 61748K [0x0000000080000000, 0x0000000100000000)
  region size 1024K, 18 young (18432K), 2 survivors (2048K)
 Metaspace       used 58800K, capacity 60169K, committed 60288K, reserved 1101824K
  class space    used 7425K, capacity 7944K, committed 8012K, reserved 1048576K
}
Event: 12.797 GC heap after
{Heap after GC invocations=19 (full 0):
 garbage-first heap   total 114688K, used 46744K [0x0000000080000000, 0x0000000100000000)
  region size 1024K, 3 young (3072K), 3 survivors (3072K)
 Metaspace       used 58800K, capacity 60169K, committed 60288K, reserved 1101824K
  class space    used 7425K, capacity 7944K, committed 8012K, reserved 1048576K
}
Event: 13.646 GC heap before
{Heap before GC invocations=20 (full 0):
 garbage-first heap   total 114688K, used 83608K [0x0000000080000000, 0x0000000100000000)
  region size 1024K, 40 young (40960K), 3 survivors (3072K)
 Metaspace       used 63126K, capacity 64629K, committed 64972K, reserved 1105920K
  class space    used 7953K, capacity 8530K, committed 8652K, reserved 1048576K
}
Event: 13.664 GC heap after
{Heap after GC invocations=21 (full 0):
 garbage-first heap   total 149504K, used 50275K [0x0000000080000000, 0x0000000100000000)
  region size 1024K, 5 young (5120K), 5 survivors (5120K)
 Metaspace       used 63126K, capacity 64629K, committed 64972K, reserved 1105920K
  class space    used 7953K, capacity 8530K, committed 8652K, reserved 1048576K
}
Event: 14.552 GC heap before
{Heap before GC invocations=22 (full 0):
 garbage-first heap   total 149504K, used 104547K [0x0000000080000000, 0x0000000100000000)
  region size 1024K, 57 young (58368K), 5 survivors (5120K)
 Metaspace       used 65611K, capacity 67166K, committed 67276K, reserved 1107968K
  class space    used 8297K, capacity 8878K, committed 8908K, reserved 1048576K
}
Event: 14.572 GC heap after
{Heap after GC invocations=23 (full 0):
 garbage-first heap   total 149504K, used 54286K [0x0000000080000000, 0x0000000100000000)
  region size 1024K, 8 young (8192K), 8 survivors (8192K)
 Metaspace       used 65611K, capacity 67166K, committed 67276K, reserved 1107968K
  class space    used 8297K, capacity 8878K, committed 8908K, reserved 1048576K
}
Event: 15.654 GC heap before
{Heap before GC invocations=23 (full 0):
 garbage-first heap   total 149504K, used 108558K [0x0000000080000000, 0x0000000100000000)
  region size 1024K, 61 young (62464K), 8 survivors (8192K)
 Metaspace       used 71216K, capacity 72747K, committed 72780K, reserved 1112064K
  class space    used 9180K, capacity 9774K, committed 9804K, reserved 1048576K
}
Event: 15.676 GC heap after
{Heap after GC invocations=24 (full 0):
 garbage-first heap   total 149504K, used 58097K [0x0000000080000000, 0x0000000100000000)
  region size 1024K, 8 young (8192K), 8 survivors (8192K)
 Metaspace       used 71216K, capacity 72747K, committed 72780K, reserved 1112064K
  class space    used 9180K, capacity 9774K, committed 9804K, reserved 1048576K
}
Event: 16.782 GC heap before
{Heap before GC invocations=24 (full 0):
 garbage-first heap   total 149504K, used 111345K [0x0000000080000000, 0x0000000100000000)
  region size 1024K, 60 young (61440K), 8 survivors (8192K)
 Metaspace       used 75846K, capacity 77516K, committed 77644K, reserved 1116160K
  class space    used 9856K, capacity 10470K, committed 10572K, reserved 1048576K
}
Event: 16.804 GC heap after
{Heap after GC invocations=25 (full 0):
 garbage-first heap   total 149504K, used 61662K [0x0000000080000000, 0x0000000100000000)
  region size 1024K, 8 young (8192K), 8 survivors (8192K)
 Metaspace       used 75846K, capacity 77516K, committed 77644K, reserved 1116160K
  class space    used 9856K, capacity 10470K, committed 10572K, reserved 1048576K
}
Event: 18.192 GC heap before
{Heap before GC invocations=25 (full 0):
 garbage-first heap   total 149504K, used 113886K [0x0000000080000000, 0x0000000100000000)
  region size 1024K, 60 young (61440K), 8 survivors (8192K)
 Metaspace       used 82103K, capacity 84078K, committed 84172K, reserved 1122304K
  class space    used 10633K, capacity 11385K, committed 11468K, reserved 1048576K
}
Event: 18.221 GC heap after
{Heap after GC invocations=26 (full 0):
 garbage-first heap   total 180224K, used 66515K [0x0000000080000000, 0x0000000100000000)
  region size 1024K, 8 young (8192K), 8 survivors (8192K)
 Metaspace       used 82103K, capacity 84078K, committed 84172K, reserved 1122304K
  class space    used 10633K, capacity 11385K, committed 11468K, reserved 1048576K
}
Event: 20.372 GC heap before
{Heap before GC invocations=26 (full 0):
 garbage-first heap   total 180224K, used 136147K [0x0000000080000000, 0x0000000100000000)
  region size 1024K, 75 young (76800K), 8 survivors (8192K)
 Metaspace       used 84279K, capacity 86331K, committed 86476K, reserved 1124352K
  class space    used 10892K, capacity 11674K, committed 11724K, reserved 1048576K
}
Event: 20.457 GC heap after
{Heap after GC invocations=27 (full 0):
 garbage-first heap   total 180224K, used 77522K [0x0000000080000000, 0x0000000100000000)
  region size 1024K, 10 young (10240K), 10 survivors (10240K)
 Metaspace       used 84279K, capacity 86331K, committed 86476K, reserved 1124352K
  class space    used 10892K, capacity 11674K, committed 11724K, reserved 1048576K
}
Event: 21.075 GC heap before
{Heap before GC invocations=27 (full 0):
 garbage-first heap   total 180224K, used 121554K [0x0000000080000000, 0x0000000100000000)
  region size 1024K, 43 young (44032K), 10 survivors (10240K)
 Metaspace       used 84844K, capacity 86880K, committed 86988K, reserved 1124352K
  class space    used 10947K, capacity 11708K, committed 11724K, reserved 1048576K
}
Event: 21.123 GC heap after
{Heap after GC invocations=28 (full 0):
 garbage-first heap   total 180224K, used 93184K [0x0000000080000000, 0x0000000100000000)
  region size 1024K, 9 young (9216K), 9 survivors (9216K)
 Metaspace       used 84844K, capacity 86880K, committed 86988K, reserved 1124352K
  class space    used 10947K, capacity 11708K, committed 11724K, reserved 1048576K
}
Event: 22.172 GC heap before
{Heap before GC invocations=29 (full 0):
 garbage-first heap   total 180224K, used 134144K [0x0000000080000000, 0x0000000100000000)
  region size 1024K, 47 young (48128K), 9 survivors (9216K)
 Metaspace       used 88057K, capacity 90215K, committed 90444K, reserved 1128448K
  class space    used 11299K, capacity 12096K, committed 12108K, reserved 1048576K
}
Event: 22.211 GC heap after
{Heap after GC invocations=30 (full 0):
 garbage-first heap   total 180224K, used 94720K [0x0000000080000000, 0x0000000100000000)
  region size 1024K, 3 young (3072K), 3 survivors (3072K)
 Metaspace       used 88057K, capacity 90215K, committed 90444K, reserved 1128448K
  class space    used 11299K, capacity 12096K, committed 12108K, reserved 1048576K
}
Event: 22.828 GC heap before
{Heap before GC invocations=30 (full 0):
 garbage-first heap   total 180224K, used 133632K [0x0000000080000000, 0x0000000100000000)
  region size 1024K, 42 young (43008K), 3 survivors (3072K)
 Metaspace       used 89038K, capacity 91146K, committed 91340K, reserved 1128448K
  class space    used 11386K, capacity 12211K, committed 12236K, reserved 1048576K
}

Deoptimization events (20 events):
Event: 22.325 Thread 0x000002bd2fc95000 Uncommon trap: trap_request=0xffffff4d fr.pc=0x000002bd1cf0c2f0 relative=0x00000000000003b0
Event: 22.325 Thread 0x000002bd2fc95000 Uncommon trap: reason=unstable_if action=reinterpret pc=0x000002bd1cf0c2f0 method=java.util.concurrent.ConcurrentHashMap.addCount(JI)V @ 97 c2
Event: 22.325 Thread 0x000002bd2fc95000 DEOPT PACKING pc=0x000002bd1cf0c2f0 sp=0x000000f2c97fe8b0
Event: 22.325 Thread 0x000002bd2fc95000 DEOPT UNPACKING pc=0x000002bd151b65af sp=0x000000f2c97fe768 mode 2
Event: 22.354 Thread 0x000002bd2dbb6000 DEOPT PACKING pc=0x000002bd168eeec6 sp=0x000000f2c86fe630
Event: 22.354 Thread 0x000002bd2dbb6000 DEOPT UNPACKING pc=0x000002bd151b6d5e sp=0x000000f2c86fdad0 mode 0
Event: 22.385 Thread 0x000002bd2dbb6000 DEOPT PACKING pc=0x000002bd168eeec6 sp=0x000000f2c86fe630
Event: 22.385 Thread 0x000002bd2dbb6000 DEOPT UNPACKING pc=0x000002bd151b6d5e sp=0x000000f2c86fdad0 mode 0
Event: 22.436 Thread 0x000002bd30b97000 DEOPT PACKING pc=0x000002bd167fd997 sp=0x000000f2cabfd4b0
Event: 22.436 Thread 0x000002bd30b97000 DEOPT UNPACKING pc=0x000002bd151b6d5e sp=0x000000f2cabfca38 mode 0
Event: 22.439 Thread 0x000002bd2dbb6000 DEOPT PACKING pc=0x000002bd168eeec6 sp=0x000000f2c86fe630
Event: 22.439 Thread 0x000002bd2dbb6000 DEOPT UNPACKING pc=0x000002bd151b6d5e sp=0x000000f2c86fdad0 mode 0
Event: 22.573 Thread 0x000002bd33fd9000 DEOPT PACKING pc=0x000002bd165528b2 sp=0x000000f2cc3fbce0
Event: 22.573 Thread 0x000002bd33fd9000 DEOPT UNPACKING pc=0x000002bd151b6d5e sp=0x000000f2cc3fb228 mode 0
Event: 22.580 Thread 0x000002bd33fd9000 DEOPT PACKING pc=0x000002bd165528b2 sp=0x000000f2cc3fc390
Event: 22.580 Thread 0x000002bd33fd9000 DEOPT UNPACKING pc=0x000002bd151b6d5e sp=0x000000f2cc3fb8d8 mode 0
Event: 22.603 Thread 0x000002bd33fd9000 Uncommon trap: trap_request=0xffffff4d fr.pc=0x000002bd1cd0809c relative=0x000000000000093c
Event: 22.603 Thread 0x000002bd33fd9000 Uncommon trap: reason=unstable_if action=reinterpret pc=0x000002bd1cd0809c method=java.lang.Integer.stringSize(I)I @ 19 c2
Event: 22.603 Thread 0x000002bd33fd9000 DEOPT PACKING pc=0x000002bd1cd0809c sp=0x000000f2cc3fa580
Event: 22.603 Thread 0x000002bd33fd9000 DEOPT UNPACKING pc=0x000002bd151b65af sp=0x000000f2cc3fa4d8 mode 2

Classes redefined (0 events):
No events

Internal exceptions (20 events):
Event: 18.047 Thread 0x000002bd309a5800 Exception <a 'java/lang/NoSuchMethodError'{0x000000008606e990}: 'java.lang.Object java.lang.invoke.DirectMethodHandle$Holder.invokeInterface(java.lang.Object, java.lang.Object, int)'> (0x000000008606e990) thrown at [./src/hotspot/share/interpreter/linkResolver.cpp, line 773]
Event: 18.051 Thread 0x000002bd309a5800 Exception <a 'java/lang/NoSuchMethodError'{0x000000008608ca98}: 'void java.lang.invoke.DirectMethodHandle$Holder.invokeStatic(java.lang.Object, java.lang.Object, java.lang.Object, int)'> (0x000000008608ca98) thrown at [./src/hotspot/share/interpreter/linkResolver.cpp, line 773]
Event: 18.148 Thread 0x000002bd309a5800 Exception <a 'java/lang/IncompatibleClassChangeError'{0x0000000085fd7e50}: Found class java.lang.Object, but interface was expected> (0x0000000085fd7e50) thrown at [./src/hotspot/share/interpreter/linkResolver.cpp, line 839]
Event: 18.162 Thread 0x000002bd309a5800 Exception <a 'java/lang/IncompatibleClassChangeError'{0x0000000085e0c6e0}: Found class java.lang.Object, but interface was expected> (0x0000000085e0c6e0) thrown at [./src/hotspot/share/interpreter/linkResolver.cpp, line 839]
Event: 18.253 Thread 0x000002bd309a5800 Exception <a 'java/lang/NoSuchMethodError'{0x000000008ae49340}: 'int java.lang.invoke.DirectMethodHandle$Holder.invokeStaticInit(java.lang.Object, java.lang.Object, java.lang.Object, java.lang.Object, java.lang.Object)'> (0x000000008ae49340) thrown at [./src/hotspot/share/interpreter/linkResolver.cpp, line 773]
Event: 18.559 Thread 0x000002bd33fd9000 Exception <a 'java/lang/NoSuchMethodError'{0x000000008a74dce8}: 'void java.lang.invoke.DirectMethodHandle$Holder.invokeStatic(java.lang.Object, java.lang.Object, java.lang.Object, java.lang.Object, int, java.lang.Object, java.lang.Object)'> (0x000000008a74dce8) thrown at [./src/hotspot/share/interpreter/linkResolver.cpp, line 773]
Event: 18.603 Thread 0x000002bd2fc9b000 Exception <a 'java/lang/NoSuchMethodError'{0x000000008a3bcb98}: 'java.lang.Object java.lang.invoke.DirectMethodHandle$Holder.invokeSpecialIFC(java.lang.Object, java.lang.Object, java.lang.Object)'> (0x000000008a3bcb98) thrown at [./src/hotspot/share/interpreter/linkResolver.cpp, line 773]
Event: 18.603 Thread 0x000002bd2fc95000 Exception <a 'java/lang/NoSuchMethodError'{0x000000008a3a38d0}: 'java.lang.Object java.lang.invoke.DirectMethodHandle$Holder.invokeSpecialIFC(java.lang.Object, java.lang.Object, java.lang.Object)'> (0x000000008a3a38d0) thrown at [./src/hotspot/share/interpreter/linkResolver.cpp, line 773]
Event: 19.886 Thread 0x000002bd309a5800 Exception <a 'java/lang/NoSuchMethodError'{0x00000000878d6c98}: 'void java.lang.invoke.DirectMethodHandle$Holder.invokeVirtual(java.lang.Object, java.lang.Object)'> (0x00000000878d6c98) thrown at [./src/hotspot/share/interpreter/linkResolver.cpp, line 773]
Event: 21.205 Thread 0x000002bd309a5800 Exception <a 'java/lang/NoSuchMethodError'{0x000000008ad06980}: <clinit>> (0x000000008ad06980) thrown at [./src/hotspot/share/prims/jni.cpp, line 1362]
Event: 21.217 Thread 0x000002bd309a5800 Exception <a 'java/lang/NoSuchMethodError'{0x000000008ad2f698}: <clinit>> (0x000000008ad2f698) thrown at [./src/hotspot/share/prims/jni.cpp, line 1362]
Event: 21.401 Thread 0x000002bd309aa800 Exception <a 'java/lang/NoSuchMethodError'{0x000000008a5339c0}: 'void java.lang.invoke.DirectMethodHandle$Holder.invokeStatic(java.lang.Object, java.lang.Object, java.lang.Object, java.lang.Object, java.lang.Object, java.lang.Object, java.lang.Object)'> (0x000000008a5339c0) thrown at [./src/hotspot/share/interpreter/linkResolver.cpp, line 773]
Event: 22.218 Thread 0x000002bd33fd9000 Exception <a 'java/lang/NoSuchMethodError'{0x000000008af569f8}: <clinit>> (0x000000008af569f8) thrown at [./src/hotspot/share/prims/jni.cpp, line 1362]
Event: 22.218 Thread 0x000002bd33fd9000 Exception <a 'java/lang/NoSuchMethodError'{0x000000008af57fe8}: <clinit>> (0x000000008af57fe8) thrown at [./src/hotspot/share/prims/jni.cpp, line 1362]
Event: 22.219 Thread 0x000002bd33fd9000 Exception <a 'java/lang/NoSuchMethodError'{0x000000008af5a188}: <clinit>> (0x000000008af5a188) thrown at [./src/hotspot/share/prims/jni.cpp, line 1362]
Event: 22.220 Thread 0x000002bd33fd9000 Exception <a 'java/lang/NoSuchMethodError'{0x000000008af72170}: <clinit>> (0x000000008af72170) thrown at [./src/hotspot/share/prims/jni.cpp, line 1362]
Event: 22.220 Thread 0x000002bd33fd9000 Exception <a 'java/lang/NoSuchMethodError'{0x000000008af738a8}: <clinit>> (0x000000008af738a8) thrown at [./src/hotspot/share/prims/jni.cpp, line 1362]
Event: 22.608 Thread 0x000002bd33fd9000 Exception <a 'java/lang/NoSuchMethodError'{0x0000000089658fa8}: <clinit>> (0x0000000089658fa8) thrown at [./src/hotspot/share/prims/jni.cpp, line 1362]
Event: 22.614 Thread 0x000002bd33fd9000 Exception <a 'java/lang/NoSuchMethodError'{0x0000000089697790}: <clinit>> (0x0000000089697790) thrown at [./src/hotspot/share/prims/jni.cpp, line 1362]
Event: 22.616 Thread 0x000002bd33fd9000 Exception <a 'java/lang/NoSuchMethodError'{0x00000000896aa540}: <clinit>> (0x00000000896aa540) thrown at [./src/hotspot/share/prims/jni.cpp, line 1362]

Events (20 events):
Event: 22.817 loading class kotlin/reflect/jvm/internal/impl/storage/MemoizedFunctionToNullable done
Event: 22.817 loading class kotlin/reflect/jvm/internal/impl/storage/LockBasedStorageManager$1
Event: 22.817 loading class kotlin/reflect/jvm/internal/impl/storage/LockBasedStorageManager$1 done
Event: 22.819 loading class kotlin/reflect/jvm/internal/impl/storage/LockBasedStorageManager$ExceptionHandlingStrategy
Event: 22.819 loading class kotlin/reflect/jvm/internal/impl/storage/LockBasedStorageManager$ExceptionHandlingStrategy done
Event: 22.819 loading class kotlin/reflect/jvm/internal/impl/storage/LockBasedStorageManager$ExceptionHandlingStrategy$1
Event: 22.819 loading class kotlin/reflect/jvm/internal/impl/storage/LockBasedStorageManager$ExceptionHandlingStrategy$1 done
Event: 22.820 loading class kotlin/reflect/jvm/internal/impl/storage/EmptySimpleLock
Event: 22.820 loading class kotlin/reflect/jvm/internal/impl/storage/EmptySimpleLock done
Event: 22.821 loading class kotlin/reflect/jvm/internal/impl/storage/SimpleLock$Companion
Event: 22.821 loading class kotlin/reflect/jvm/internal/impl/storage/SimpleLock$Companion done
Event: 22.822 loading class kotlin/reflect/jvm/internal/impl/storage/DefaultSimpleLock
Event: 22.822 loading class kotlin/reflect/jvm/internal/impl/storage/DefaultSimpleLock done
Event: 22.823 loading class kotlin/reflect/jvm/internal/impl/builtins/jvm/JvmBuiltIns
Event: 22.823 loading class kotlin/reflect/jvm/internal/impl/builtins/jvm/JvmBuiltIns done
Event: 22.824 loading class kotlin/reflect/jvm/internal/impl/builtins/KotlinBuiltIns
Event: 22.824 loading class kotlin/reflect/jvm/internal/impl/builtins/KotlinBuiltIns done
Event: 22.828 loading class kotlin/reflect/jvm/internal/impl/descriptors/DeclarationDescriptor
Event: 22.828 loading class kotlin/reflect/jvm/internal/impl/descriptors/DeclarationDescriptor done
Event: 22.828 Executing VM operation: G1CollectForAllocation


Dynamic libraries:
0x00007ff62f540000 - 0x00007ff62f54a000 	C:\Program Files\Android\Android Studio\jre\bin\java.exe
0x00007ffb87f30000 - 0x00007ffb88125000 	C:\Windows\SYSTEM32\ntdll.dll
0x00007ffb86090000 - 0x00007ffb8614e000 	C:\Windows\System32\KERNEL32.DLL
0x00007ffb85640000 - 0x00007ffb85908000 	C:\Windows\System32\KERNELBASE.dll
0x00007ffb85940000 - 0x00007ffb85a40000 	C:\Windows\System32\ucrtbase.dll
0x00007ffb775d0000 - 0x00007ffb775e7000 	C:\Program Files\Android\Android Studio\jre\bin\VCRUNTIME140.dll
0x00007ffb75cb0000 - 0x00007ffb75cc9000 	C:\Program Files\Android\Android Studio\jre\bin\jli.dll
0x00007ffb86de0000 - 0x00007ffb86f81000 	C:\Windows\System32\USER32.dll
0x00007ffb85910000 - 0x00007ffb85932000 	C:\Windows\System32\win32u.dll
0x00007ffb76a00000 - 0x00007ffb76c9a000 	C:\Windows\WinSxS\amd64_microsoft.windows.common-controls_6595b64144ccf1df_6.0.19041.1110_none_60b5254171f9507e\COMCTL32.dll
0x00007ffb87ca0000 - 0x00007ffb87ccb000 	C:\Windows\System32\GDI32.dll
0x00007ffb86400000 - 0x00007ffb8649e000 	C:\Windows\System32\msvcrt.dll
0x00007ffb85a40000 - 0x00007ffb85b4d000 	C:\Windows\System32\gdi32full.dll
0x00007ffb85e10000 - 0x00007ffb85ead000 	C:\Windows\System32\msvcp_win.dll
0x00007ffb871c0000 - 0x00007ffb871f0000 	C:\Windows\System32\IMM32.DLL
0x00007ffb73110000 - 0x00007ffb731ad000 	C:\Program Files\Android\Android Studio\jre\bin\msvcp140.dll
0x00007ffb5c810000 - 0x00007ffb5d2e5000 	C:\Program Files\Android\Android Studio\jre\bin\server\jvm.dll
0x00007ffb87890000 - 0x00007ffb8793c000 	C:\Windows\System32\ADVAPI32.dll
0x00007ffb86360000 - 0x00007ffb863fb000 	C:\Windows\System32\sechost.dll
0x00007ffb872e0000 - 0x00007ffb8740a000 	C:\Windows\System32\RPCRT4.dll
0x00007ffb864a0000 - 0x00007ffb864a8000 	C:\Windows\System32\PSAPI.DLL
0x00007ffb7ea50000 - 0x00007ffb7ea59000 	C:\Windows\SYSTEM32\WSOCK32.dll
0x00007ffb74d60000 - 0x00007ffb74d6a000 	C:\Windows\SYSTEM32\VERSION.dll
0x00007ffb734d0000 - 0x00007ffb734f7000 	C:\Windows\SYSTEM32\WINMM.dll
0x00007ffb87e80000 - 0x00007ffb87eeb000 	C:\Windows\System32\WS2_32.dll
0x00007ffb836e0000 - 0x00007ffb836f2000 	C:\Windows\SYSTEM32\kernel.appcore.dll
0x00007ffb7e040000 - 0x00007ffb7e051000 	C:\Program Files\Android\Android Studio\jre\bin\verify.dll
0x00007ffb727a0000 - 0x00007ffb72984000 	C:\Windows\SYSTEM32\DBGHELP.DLL
0x00007ffb72770000 - 0x00007ffb7279c000 	C:\Windows\SYSTEM32\dbgcore.DLL
0x00007ffb85ee0000 - 0x00007ffb85f62000 	C:\Windows\System32\bcryptPrimitives.dll
0x00007ffb7aa70000 - 0x00007ffb7aa99000 	C:\Program Files\Android\Android Studio\jre\bin\java.dll
0x00007ffb7ea40000 - 0x00007ffb7ea4b000 	C:\Program Files\Android\Android Studio\jre\bin\jimage.dll
0x00007ffb7a9b0000 - 0x00007ffb7a9c8000 	C:\Program Files\Android\Android Studio\jre\bin\zip.dll
0x00007ffb86560000 - 0x00007ffb86ca4000 	C:\Windows\System32\SHELL32.dll
0x00007ffb838e0000 - 0x00007ffb84074000 	C:\Windows\SYSTEM32\windows.storage.dll
0x00007ffb87940000 - 0x00007ffb87c95000 	C:\Windows\System32\combase.dll
0x00007ffb84fc0000 - 0x00007ffb84fee000 	C:\Windows\SYSTEM32\Wldp.dll
0x00007ffb85f80000 - 0x00007ffb8602d000 	C:\Windows\System32\SHCORE.dll
0x00007ffb871f0000 - 0x00007ffb87245000 	C:\Windows\System32\shlwapi.dll
0x00007ffb85580000 - 0x00007ffb8559f000 	C:\Windows\SYSTEM32\profapi.dll
0x00007ffb7a990000 - 0x00007ffb7a9aa000 	C:\Program Files\Android\Android Studio\jre\bin\net.dll
0x00007ffb7ad00000 - 0x00007ffb7ae0c000 	C:\Windows\SYSTEM32\WINHTTP.dll
0x00007ffb84d20000 - 0x00007ffb84d8a000 	C:\Windows\system32\mswsock.dll
0x00007ffb7a970000 - 0x00007ffb7a984000 	C:\Program Files\Android\Android Studio\jre\bin\nio.dll
0x00007ffb730d0000 - 0x00007ffb730f7000 	C:\Users\Admin\.gradle\native\e1d6ef7f7dcc3fd88c89a11ec53ec762bb8ba0a96d01ffa2cd45eb1d1d8dd5c5\windows-amd64\native-platform.dll
0x00007ffb5d7d0000 - 0x00007ffb5d914000 	C:\Users\Admin\.gradle\native\5664cfc778a61ccfe75a443a1ab52a65af34e5dc3c78e0209fed803814484fcb\windows-amd64\native-platform-file-events.dll
0x00007ffb7e030000 - 0x00007ffb7e03a000 	C:\Program Files\Android\Android Studio\jre\bin\management.dll
0x00007ffb7dfb0000 - 0x00007ffb7dfbd000 	C:\Program Files\Android\Android Studio\jre\bin\management_ext.dll
0x00007ffb84f20000 - 0x00007ffb84f38000 	C:\Windows\SYSTEM32\CRYPTSP.dll
0x00007ffb84850000 - 0x00007ffb84884000 	C:\Windows\system32\rsaenh.dll
0x00007ffb85eb0000 - 0x00007ffb85ed7000 	C:\Windows\System32\bcrypt.dll
0x00007ffb85540000 - 0x00007ffb8556e000 	C:\Windows\SYSTEM32\USERENV.dll
0x00007ffb84f10000 - 0x00007ffb84f1c000 	C:\Windows\SYSTEM32\CRYPTBASE.dll
0x00007ffb84a10000 - 0x00007ffb84a4b000 	C:\Windows\SYSTEM32\IPHLPAPI.DLL
0x00007ffb86230000 - 0x00007ffb86238000 	C:\Windows\System32\NSI.dll
0x00007ffb7ccd0000 - 0x00007ffb7cce7000 	C:\Windows\SYSTEM32\dhcpcsvc6.DLL
0x00007ffb7cc30000 - 0x00007ffb7cc4d000 	C:\Windows\SYSTEM32\dhcpcsvc.DLL
0x00007ffb84a50000 - 0x00007ffb84b1b000 	C:\Windows\SYSTEM32\DNSAPI.dll
0x00007ffb844e0000 - 0x00007ffb84513000 	C:\Windows\SYSTEM32\ntmarta.dll

dbghelp: loaded successfully - version: 4.0.5 - missing functions: none
symbol engine: initialized successfully - sym options: 0x614 - pdb path: .;C:\Program Files\Android\Android Studio\jre\bin;C:\Windows\SYSTEM32;C:\Windows\WinSxS\amd64_microsoft.windows.common-controls_6595b64144ccf1df_6.0.19041.1110_none_60b5254171f9507e;C:\Program Files\Android\Android Studio\jre\bin\server;C:\Users\Admin\.gradle\native\e1d6ef7f7dcc3fd88c89a11ec53ec762bb8ba0a96d01ffa2cd45eb1d1d8dd5c5\windows-amd64;C:\Users\Admin\.gradle\native\5664cfc778a61ccfe75a443a1ab52a65af34e5dc3c78e0209fed803814484fcb\windows-amd64

VM Arguments:
jvm_args: --add-opens=java.base/java.util=ALL-UNNAMED --add-opens=java.base/java.lang=ALL-UNNAMED --add-opens=java.base/java.lang.invoke=ALL-UNNAMED --add-opens=java.base/java.util=ALL-UNNAMED --add-opens=java.prefs/java.util.prefs=ALL-UNNAMED --add-opens=java.prefs/java.util.prefs=ALL-UNNAMED --add-opens=java.base/java.nio.charset=ALL-UNNAMED --add-opens=java.base/java.net=ALL-UNNAMED --add-opens=java.base/java.util.concurrent.atomic=ALL-UNNAMED -Xmx2048m -Dfile.encoding=UTF-8 -Duser.country=US -Duser.language=en -Duser.variant 
java_command: org.gradle.launcher.daemon.bootstrap.GradleDaemon 7.2
java_class_path (initial): C:\Users\Admin\.gradle\wrapper\dists\gradle-7.2-bin\2dnblmf4td7x66yl1d74lt32g\gradle-7.2\lib\gradle-launcher-7.2.jar
Launcher Type: SUN_STANDARD

[Global flags]
     intx CICompilerCount                          = 3                                         {product} {ergonomic}
     uint ConcGCThreads                            = 1                                         {product} {ergonomic}
     uint G1ConcRefinementThreads                  = 4                                         {product} {ergonomic}
   size_t G1HeapRegionSize                         = 1048576                                   {product} {ergonomic}
    uintx GCDrainStackTargetSize                   = 64                                        {product} {ergonomic}
   size_t InitialHeapSize                          = 67108864                                  {product} {ergonomic}
   size_t MarkStackSize                            = 4194304                                   {product} {ergonomic}
   size_t MaxHeapSize                              = 2147483648                                {product} {command line}
   size_t MaxNewSize                               = 1287651328                                {product} {ergonomic}
   size_t MinHeapDeltaBytes                        = 1048576                                   {product} {ergonomic}
    uintx NonNMethodCodeHeapSize                   = 5830732                                {pd product} {ergonomic}
    uintx NonProfiledCodeHeapSize                  = 122913754                              {pd product} {ergonomic}
    uintx ProfiledCodeHeapSize                     = 122913754                              {pd product} {ergonomic}
    uintx ReservedCodeCacheSize                    = 251658240                              {pd product} {ergonomic}
     bool SegmentedCodeCache                       = true                                      {product} {ergonomic}
     bool UseCompressedClassPointers               = true                                 {lp64_product} {ergonomic}
     bool UseCompressedOops                        = true                                 {lp64_product} {ergonomic}
     bool UseG1GC                                  = true                                      {product} {ergonomic}
     bool UseLargePagesIndividualAllocation        = false                                  {pd product} {ergonomic}

Logging:
Log output configuration:
 #0: stdout all=warning uptime,level,tags
 #1: stderr all=off uptime,level,tags

Environment Variables:
PATH=C:\Program Files (x86)\VMware\VMware Player\bin\;C:\Windows\system32;C:\Windows;C:\Windows\System32\Wbem;C:\Windows\System32\WindowsPowerShell\v1.0\;C:\Windows\System32\OpenSSH\;C:\Program Files\dotnet\;C:\Users\Admin\AppData\Local\Microsoft\WindowsApps;C:\Users\Admin\.dotnet\tools
USERNAME=Admin
OS=Windows_NT
PROCESSOR_IDENTIFIER=Intel64 Family 6 Model 42 Stepping 7, GenuineIntel



---------------  S Y S T E M  ---------------

OS: Windows 10 , 64 bit Build 19041 (10.0.19041.1348)
OS uptime: 0 days 0:48 hours

CPU:total 4 (initial active 4) (2 cores per cpu, 2 threads per core) family 6 model 42 stepping 7 microcode 0x2f, cmov, cx8, fxsr, mmx, sse, sse2, sse3, ssse3, sse4.1, sse4.2, popcnt, avx, clmul, ht, tsc, tscinvbit

Memory: 4k page, system-wide physical 4004M (215M free)
TotalPageFile size 4004M (AvailPageFile size 64M)
current process WorkingSet (physical memory assigned to process): 337M, peak: 338M
current process commit charge ("private bytes"): 434M, peak: 505M

vm_info: OpenJDK 64-Bit Server VM (11.0.11+9-b60-7590822) for windows-amd64 JRE (11.0.11+9-b60-7590822), built on Jul 29 2021 21:43:44 by "builder" with MS VC++ 14.0 (VS2015)

END.
