#
# There is insufficient memory for the Java Runtime Environment to continue.
# Native memory allocation (malloc) failed to allocate 1222656 bytes for Chunk::new
# Possible reasons:
#   The system is out of physical RAM or swap space
#   The process is running with CompressedOops enabled, and the Java Heap may be blocking the growth of the native heap
# Possible solutions:
#   Reduce memory load on the system
#   Increase physical memory or swap space
#   Check if swap backing store is full
#   Decrease Java heap size (-Xmx/-Xms)
#   Decrease number of Java threads
#   Decrease Java thread stack sizes (-Xss)
#   Set larger code cache with -XX:ReservedCodeCacheSize=
#   JVM is running with Unscaled Compressed Oops mode in which the Java heap is
#     placed in the first 4GB address space. The Java Heap base address is the
#     maximum limit for the native heap growth. Please use -XX:HeapBaseMinAddress
#     to set the Java Heap base and to place the Java Heap above 4GB virtual address.
# This output file may be truncated or incomplete.
#
#  Out of Memory Error (./src/hotspot/share/memory/arena.cpp:197), pid=2860, tid=1560
#
# JRE version: OpenJDK Runtime Environment (11.0.11+9) (build 11.0.11+9-b60-7590822)
# Java VM: OpenJDK 64-Bit Server VM (11.0.11+9-b60-7590822, mixed mode, tiered, compressed oops, g1 gc, windows-amd64)
# No core dump will be written. Minidumps are not enabled by default on client versions of Windows
#

---------------  S U M M A R Y ------------

Command Line: --add-opens=java.base/java.util=ALL-UNNAMED --add-opens=java.base/java.lang=ALL-UNNAMED --add-opens=java.base/java.lang.invoke=ALL-UNNAMED --add-opens=java.base/java.util=ALL-UNNAMED --add-opens=java.prefs/java.util.prefs=ALL-UNNAMED --add-opens=java.prefs/java.util.prefs=ALL-UNNAMED --add-opens=java.base/java.nio.charset=ALL-UNNAMED --add-opens=java.base/java.net=ALL-UNNAMED --add-opens=java.base/java.util.concurrent.atomic=ALL-UNNAMED -Xmx2048m -Dfile.encoding=UTF-8 -Duser.country=US -Duser.language=en -Duser.variant org.gradle.launcher.daemon.bootstrap.GradleDaemon 7.2

Host: Intel(R) Core(TM) i3-2330M CPU @ 2.20GHz, 4 cores, 3G,  Windows 10 , 64 bit Build 19041 (10.0.19041.1348)
Time: Tue Apr 26 23:10:15 2022 SE Asia Standard Time elapsed time: 5530.974996 seconds (0d 1h 32m 10s)

---------------  T H R E A D  ---------------

Current thread (0x000001cadd23f800):  JavaThread "C2 CompilerThread0" daemon [_thread_in_native, id=1560, stack(0x0000003858b00000,0x0000003858c00000)]


Current CompileTask:
C2:5530975 31891 %     4       org.gradle.api.internal.artifacts.ivyservice.resolveengine.graph.builder.DependencyGraphBuilder::assembleResult @ 61 (505 bytes)

Stack: [0x0000003858b00000,0x0000003858c00000]
Native frames: (J=compiled Java code, j=interpreted, Vv=VM code, C=native code)
V  [jvm.dll+0x5f214a]
V  [jvm.dll+0x726fb5]
V  [jvm.dll+0x7285cd]
V  [jvm.dll+0x728c83]
V  [jvm.dll+0x243278]
V  [jvm.dll+0xbc53c]
V  [jvm.dll+0xbca3c]
V  [jvm.dll+0x2b5c34]
V  [jvm.dll+0x508488]
V  [jvm.dll+0x203d53]
V  [jvm.dll+0x1fdbac]
V  [jvm.dll+0x1fb35f]
V  [jvm.dll+0x183d6c]
V  [jvm.dll+0x209a57]
V  [jvm.dll+0x2082a1]
V  [jvm.dll+0x6ef58f]
V  [jvm.dll+0x6e80b5]
V  [jvm.dll+0x5f1036]
C  [ucrtbase.dll+0x21bb2]
C  [KERNEL32.DLL+0x17034]
C  [ntdll.dll+0x52651]


---------------  P R O C E S S  ---------------

Threads class SMR info:
_java_thread_list=0x000001caec1409b0, length=114, elements={
0x000001cac2eec800, 0x000001cadd1d8000, 0x000001cadd1db000, 0x000001cadd233800,
0x000001cadd236000, 0x000001cadd238800, 0x000001cadd23f800, 0x000001cadd241800,
0x000001cadd249000, 0x000001caddca2800, 0x000001cadeaf2000, 0x000001cadded9800,
0x000001cadf1ca800, 0x000001cadfb75800, 0x000001cadfb78800, 0x000001cadfb73000,
0x000001cadfb73800, 0x000001cadfb74800, 0x000001cae0380800, 0x000001cae0381800,
0x000001cae0385000, 0x000001cae0384000, 0x000001cae1a8d800, 0x000001cae41a1800,
0x000001cae41a3000, 0x000001cae41a7800, 0x000001cae41a5000, 0x000001cadfb77800,
0x000001cadfb79800, 0x000001cadfb76000, 0x000001cae41a2800, 0x000001cae60e2000,
0x000001cae41a0800, 0x000001cae84d0000, 0x000001cae1a94000, 0x000001cae1a91000,
0x000001cae1a91800, 0x000001cae84ca000, 0x000001cae84c9000, 0x000001cae41a6800,
0x000001cae84cf000, 0x000001cae1a8f800, 0x000001cae037f000, 0x000001cae84cc800,
0x000001cae1a9a000, 0x000001cae1a96800, 0x000001cae86d5000, 0x000001cae84d8000,
0x000001cae1a99000, 0x000001cae41ae800, 0x000001cae84d4800, 0x000001cae84cb000,
0x000001cae1a90000, 0x000001cae41a5800, 0x000001cae1a8c000, 0x000001cae61d3000,
0x000001cae41a4000, 0x000001cae61d7800, 0x000001cae41a9800, 0x000001cae1a8e800,
0x000001cae1a8b000, 0x000001cae1a93800, 0x000001cae61db000, 0x000001cae41a0000,
0x000001cae41ae000, 0x000001cae41aa800, 0x000001cae41ab800, 0x000001cae41ac000,
0x000001cae41a8000, 0x000001cae41a9000, 0x000001cae41ad000, 0x000001cae86d6000,
0x000001cae86d8800, 0x000001cae86d6800, 0x000001cae86d4000, 0x000001cae86da000,
0x000001cae86d9000, 0x000001cae86db000, 0x000001cae86db800, 0x000001cae86dc800,
0x000001cae86d7800, 0x000001cae86df800, 0x000001cae86dd000, 0x000001cae86de000,
0x000001cae86e0800, 0x000001cae86e1800, 0x000001cae86df000, 0x000001cae86e2000,
0x000001cae86e3000, 0x000001cae60df800, 0x000001cae60e3000, 0x000001cae60e1000,
0x000001cae60de000, 0x000001cae60de800, 0x000001cae60e3800, 0x000001cae60e5800,
0x000001cae60e0800, 0x000001cae60e7000, 0x000001cae60e4800, 0x000001cae60ea000,
0x000001cae60e7800, 0x000001cae60ec000, 0x000001cae60e6000, 0x000001cae60eb000,
0x000001cae60ec800, 0x000001cae60e8800, 0x000001cae60e9800, 0x000001cae61d2000,
0x000001cae61ce800, 0x000001cae61ce000, 0x000001cae61cc800, 0x000001cae61cd000,
0x000001cae61d0800, 0x000001cae61d1000
}

Java Threads: ( => current thread )
  0x000001cac2eec800 JavaThread "main" [_thread_blocked, id=1112, stack(0x0000003857f00000,0x0000003858000000)]
  0x000001cadd1d8000 JavaThread "Reference Handler" daemon [_thread_blocked, id=6924, stack(0x0000003858600000,0x0000003858700000)]
  0x000001cadd1db000 JavaThread "Finalizer" daemon [_thread_blocked, id=3992, stack(0x0000003858700000,0x0000003858800000)]
  0x000001cadd233800 JavaThread "Signal Dispatcher" daemon [_thread_blocked, id=6124, stack(0x0000003858800000,0x0000003858900000)]
  0x000001cadd236000 JavaThread "Attach Listener" daemon [_thread_blocked, id=5772, stack(0x0000003858900000,0x0000003858a00000)]
  0x000001cadd238800 JavaThread "Service Thread" daemon [_thread_blocked, id=3616, stack(0x0000003858a00000,0x0000003858b00000)]
=>0x000001cadd23f800 JavaThread "C2 CompilerThread0" daemon [_thread_in_native, id=1560, stack(0x0000003858b00000,0x0000003858c00000)]
  0x000001cadd241800 JavaThread "C1 CompilerThread0" daemon [_thread_blocked, id=6348, stack(0x0000003858c00000,0x0000003858d00000)]
  0x000001cadd249000 JavaThread "Sweeper thread" daemon [_thread_blocked, id=7092, stack(0x0000003858d00000,0x0000003858e00000)]
  0x000001caddca2800 JavaThread "Common-Cleaner" daemon [_thread_blocked, id=2428, stack(0x0000003858e00000,0x0000003858f00000)]
  0x000001cadeaf2000 JavaThread "Daemon health stats" [_thread_blocked, id=4684, stack(0x0000003859200000,0x0000003859300000)]
  0x000001cadded9800 JavaThread "Incoming local TCP Connector on port 53095" [_thread_in_native, id=4656, stack(0x0000003859000000,0x0000003859100000)]
  0x000001cadf1ca800 JavaThread "Daemon periodic checks" [_thread_blocked, id=1880, stack(0x0000003859500000,0x0000003859600000)]
  0x000001cadfb75800 JavaThread "Cache worker for journal cache (C:\Users\Admin\.gradle\caches\journal-1)" [_thread_blocked, id=6364, stack(0x0000003859d00000,0x0000003859e00000)]
  0x000001cadfb78800 JavaThread "File lock request listener" [_thread_in_native, id=1960, stack(0x0000003859e00000,0x0000003859f00000)]
  0x000001cadfb73000 JavaThread "Cache worker for file hash cache (C:\Users\Admin\.gradle\caches\7.2\fileHashes)" [_thread_blocked, id=3768, stack(0x0000003859f00000,0x000000385a000000)]
  0x000001cadfb73800 JavaThread "File watcher server" daemon [_thread_in_native, id=4992, stack(0x000000385a100000,0x000000385a200000)]
  0x000001cadfb74800 JavaThread "File watcher consumer" daemon [_thread_blocked, id=7084, stack(0x000000385a200000,0x000000385a300000)]
  0x000001cae0380800 JavaThread "Cache worker for execution history cache (C:\Users\Admin\.gradle\caches\7.2\executionHistory)" [_thread_blocked, id=4680, stack(0x000000385a600000,0x000000385a700000)]
  0x000001cae0381800 JavaThread "jar transforms" [_thread_blocked, id=1720, stack(0x000000385a700000,0x000000385a800000)]
  0x000001cae0385000 JavaThread "Cache worker for file content cache (C:\Users\Admin\.gradle\caches\7.2\fileContent)" [_thread_blocked, id=3428, stack(0x000000385a800000,0x000000385a900000)]
  0x000001cae0384000 JavaThread "jar transforms Thread 2" [_thread_blocked, id=876, stack(0x000000385a900000,0x000000385aa00000)]
  0x000001cae1a8d800 JavaThread "jar transforms Thread 3" [_thread_blocked, id=5068, stack(0x000000385ab00000,0x000000385ac00000)]
  0x000001cae41a1800 JavaThread "jar transforms Thread 4" [_thread_blocked, id=1580, stack(0x000000385d500000,0x000000385d600000)]
  0x000001cae41a3000 JavaThread "Memory manager" [_thread_blocked, id=3176, stack(0x000000385d600000,0x000000385d700000)]
  0x000001cae41a7800 JavaThread "pool-3-thread-1" [_thread_blocked, id=6716, stack(0x000000385d800000,0x000000385d900000)]
  0x000001cae41a5000 JavaThread "Cache worker for Java compile cache (C:\Users\Admin\.gradle\caches\7.2\javaCompile)" [_thread_blocked, id=4616, stack(0x000000385de00000,0x000000385df00000)]
  0x000001cadfb77800 JavaThread "pool-8-thread-1" [_thread_blocked, id=6360, stack(0x000000385d900000,0x000000385da00000)]
  0x000001cadfb79800 JavaThread "pool-11-thread-1" [_thread_blocked, id=4884, stack(0x000000385d400000,0x000000385d500000)]
  0x000001cadfb76000 JavaThread "pool-14-thread-1" [_thread_blocked, id=2416, stack(0x000000385d700000,0x000000385d800000)]
  0x000001cae41a2800 JavaThread "pool-18-thread-1" [_thread_blocked, id=1312, stack(0x000000385db00000,0x000000385dc00000)]
  0x000001cae60e2000 JavaThread "pool-21-thread-1" [_thread_blocked, id=536, stack(0x000000385dc00000,0x000000385dd00000)]
  0x000001cae41a0800 JavaThread "pool-25-thread-1" [_thread_blocked, id=6756, stack(0x000000385dd00000,0x000000385de00000)]
  0x000001cae84d0000 JavaThread "pool-28-thread-1" [_thread_blocked, id=2968, stack(0x000000385df00000,0x000000385e000000)]
  0x000001cae1a94000 JavaThread "pool-32-thread-1" [_thread_blocked, id=6920, stack(0x000000385e100000,0x000000385e200000)]
  0x000001cae1a91000 JavaThread "pool-35-thread-1" [_thread_blocked, id=6828, stack(0x000000385da00000,0x000000385db00000)]
  0x000001cae1a91800 JavaThread "pool-39-thread-1" [_thread_blocked, id=5876, stack(0x000000385e200000,0x000000385e300000)]
  0x000001cae84ca000 JavaThread "pool-42-thread-1" [_thread_blocked, id=3456, stack(0x000000385e000000,0x000000385e100000)]
  0x000001cae84c9000 JavaThread "pool-46-thread-1" [_thread_blocked, id=1244, stack(0x000000385e300000,0x000000385e400000)]
  0x000001cae41a6800 JavaThread "pool-49-thread-1" [_thread_blocked, id=2988, stack(0x000000385e400000,0x000000385e500000)]
  0x000001cae84cf000 JavaThread "pool-53-thread-1" [_thread_blocked, id=2132, stack(0x000000385e500000,0x000000385e600000)]
  0x000001cae1a8f800 JavaThread "pool-56-thread-1" [_thread_blocked, id=4636, stack(0x000000385e600000,0x000000385e700000)]
  0x000001cae037f000 JavaThread "pool-60-thread-1" [_thread_blocked, id=6324, stack(0x000000385e700000,0x000000385e800000)]
  0x000001cae84cc800 JavaThread "pool-64-thread-1" [_thread_blocked, id=7068, stack(0x000000385e800000,0x000000385e900000)]
  0x000001cae1a9a000 JavaThread "pool-67-thread-1" [_thread_blocked, id=3096, stack(0x000000385e900000,0x000000385ea00000)]
  0x000001cae1a96800 JavaThread "pool-71-thread-1" [_thread_blocked, id=6988, stack(0x000000385ea00000,0x000000385eb00000)]
  0x000001cae86d5000 JavaThread "pool-74-thread-1" [_thread_blocked, id=6684, stack(0x000000385eb00000,0x000000385ec00000)]
  0x000001cae84d8000 JavaThread "pool-78-thread-1" [_thread_blocked, id=6884, stack(0x000000385ec00000,0x000000385ed00000)]
  0x000001cae1a99000 JavaThread "pool-82-thread-1" [_thread_blocked, id=2816, stack(0x000000385ee00000,0x000000385ef00000)]
  0x000001cae41ae800 JavaThread "pool-85-thread-1" [_thread_blocked, id=7044, stack(0x000000385ef00000,0x000000385f000000)]
  0x000001cae84d4800 JavaThread "pool-89-thread-1" [_thread_blocked, id=1196, stack(0x000000385f100000,0x000000385f200000)]
  0x000001cae84cb000 JavaThread "pool-92-thread-1" [_thread_blocked, id=2848, stack(0x000000385f000000,0x000000385f100000)]
  0x000001cae1a90000 JavaThread "pool-96-thread-1" [_thread_blocked, id=5512, stack(0x000000385f200000,0x000000385f300000)]
  0x000001cae41a5800 JavaThread "pool-100-thread-1" [_thread_blocked, id=3460, stack(0x000000385f300000,0x000000385f400000)]
  0x000001cae1a8c000 JavaThread "pool-104-thread-1" [_thread_blocked, id=5452, stack(0x000000385f400000,0x000000385f500000)]
  0x000001cae61d3000 JavaThread "ForkJoinPool.commonPool-worker-3" daemon [_thread_blocked, id=3584, stack(0x000000385fd00000,0x000000385fe00000)]
  0x000001cae41a4000 JavaThread "pool-108-thread-1" [_thread_blocked, id=296, stack(0x000000385d300000,0x000000385d400000)]
  0x000001cae61d7800 JavaThread "pool-112-thread-1" [_thread_blocked, id=5920, stack(0x000000385ed00000,0x000000385ee00000)]
  0x000001cae41a9800 JavaThread "pool-115-thread-1" [_thread_blocked, id=6896, stack(0x000000385f500000,0x000000385f600000)]
  0x000001cae1a8e800 JavaThread "ForkJoinPool.commonPool-worker-5" daemon [_thread_blocked, id=6816, stack(0x0000003860600000,0x0000003860700000)]
  0x000001cae1a8b000 JavaThread "Daemon Thread 18" [_thread_blocked, id=5856, stack(0x0000003857c00000,0x0000003857d00000)]
  0x000001cae1a93800 JavaThread "Daemon worker Thread 18" [_thread_in_vm, id=6448, stack(0x0000003859600000,0x0000003859700000)]
  0x000001cae61db000 JavaThread "pool-119-thread-1" [_thread_blocked, id=4632, stack(0x000000385f600000,0x000000385f700000)]
  0x000001cae41a0000 JavaThread "Handler for socket connection from /127.0.0.1:53095 to /127.0.0.1:54678" [_thread_in_native, id=6272, stack(0x0000003857d00000,0x0000003857e00000)]
  0x000001cae41ae000 JavaThread "Cancel handler" [_thread_blocked, id=4764, stack(0x0000003857e00000,0x0000003857f00000)]
  0x000001cae41aa800 JavaThread "Asynchronous log dispatcher for DefaultDaemonConnection: socket connection from /127.0.0.1:53095 to /127.0.0.1:54678" [_thread_blocked, id=4648, stack(0x0000003859700000,0x0000003859800000)]
  0x000001cae41ab800 JavaThread "Stdin handler" [_thread_blocked, id=5828, stack(0x0000003859800000,0x0000003859900000)]
  0x000001cae41ac000 JavaThread "Daemon client event forwarder" [_thread_blocked, id=5220, stack(0x0000003859900000,0x0000003859a00000)]
  0x000001cae41a8000 JavaThread "Cache worker for file hash cache (C:\Users\Admin\AndroidStudioProjects\DailySelfie\.gradle\7.2\fileHashes)" [_thread_blocked, id=6076, stack(0x0000003859a00000,0x0000003859b00000)]
  0x000001cae41a9000 JavaThread "Cache worker for checksums cache (C:\Users\Admin\AndroidStudioProjects\DailySelfie\.gradle\checksums)" [_thread_blocked, id=2648, stack(0x0000003859b00000,0x0000003859c00000)]
  0x000001cae41ad000 JavaThread "Cache worker for cache directory md-supplier (C:\Users\Admin\.gradle\caches\7.2\md-supplier)" [_thread_blocked, id=5752, stack(0x0000003859c00000,0x0000003859d00000)]
  0x000001cae86d6000 JavaThread "Cache worker for cache directory md-rule (C:\Users\Admin\.gradle\caches\7.2\md-rule)" [_thread_blocked, id=5644, stack(0x000000385a000000,0x000000385a100000)]
  0x000001cae86d8800 JavaThread "Cache worker for dependencies-accessors (C:\Users\Admin\AndroidStudioProjects\DailySelfie\.gradle\7.2\dependencies-accessors)" [_thread_blocked, id=4364, stack(0x000000385a300000,0x000000385a400000)]
  0x000001cae86d6800 JavaThread "Cache worker for Build Output Cleanup Cache (C:\Users\Admin\AndroidStudioProjects\DailySelfie\.gradle\buildOutputCleanup)" [_thread_blocked, id=208, stack(0x000000385a400000,0x000000385a500000)]
  0x000001cae86d4000 JavaThread "Unconstrained build operations" [_thread_blocked, id=2460, stack(0x000000385a500000,0x000000385a600000)]
  0x000001cae86da000 JavaThread "Unconstrained build operations Thread 2" [_thread_blocked, id=5940, stack(0x000000385aa00000,0x000000385ab00000)]
  0x000001cae86d9000 JavaThread "Unconstrained build operations Thread 3" [_thread_blocked, id=6612, stack(0x000000385ac00000,0x000000385ad00000)]
  0x000001cae86db000 JavaThread "Unconstrained build operations Thread 4" [_thread_blocked, id=3500, stack(0x000000385ad00000,0x000000385ae00000)]
  0x000001cae86db800 JavaThread "Unconstrained build operations Thread 5" [_thread_blocked, id=2972, stack(0x000000385ae00000,0x000000385af00000)]
  0x000001cae86dc800 JavaThread "Unconstrained build operations Thread 6" [_thread_blocked, id=3464, stack(0x000000385af00000,0x000000385b000000)]
  0x000001cae86d7800 JavaThread "Unconstrained build operations Thread 7" [_thread_blocked, id=5684, stack(0x000000385b000000,0x000000385b100000)]
  0x000001cae86df800 JavaThread "Unconstrained build operations Thread 8" [_thread_blocked, id=6808, stack(0x000000385b100000,0x000000385b200000)]
  0x000001cae86dd000 JavaThread "Unconstrained build operations Thread 9" [_thread_blocked, id=4756, stack(0x000000385b200000,0x000000385b300000)]
  0x000001cae86de000 JavaThread "Unconstrained build operations Thread 10" [_thread_blocked, id=6024, stack(0x000000385b300000,0x000000385b400000)]
  0x000001cae86e0800 JavaThread "Unconstrained build operations Thread 11" [_thread_blocked, id=6508, stack(0x000000385b400000,0x000000385b500000)]
  0x000001cae86e1800 JavaThread "Unconstrained build operations Thread 12" [_thread_blocked, id=460, stack(0x000000385b500000,0x000000385b600000)]
  0x000001cae86df000 JavaThread "Unconstrained build operations Thread 13" [_thread_blocked, id=7140, stack(0x000000385b600000,0x000000385b700000)]
  0x000001cae86e2000 JavaThread "Unconstrained build operations Thread 14" [_thread_blocked, id=4464, stack(0x000000385b700000,0x000000385b800000)]
  0x000001cae86e3000 JavaThread "Unconstrained build operations Thread 15" [_thread_blocked, id=5012, stack(0x000000385b800000,0x000000385b900000)]
  0x000001cae60df800 JavaThread "Unconstrained build operations Thread 16" [_thread_blocked, id=412, stack(0x000000385b900000,0x000000385ba00000)]
  0x000001cae60e3000 JavaThread "Unconstrained build operations Thread 17" [_thread_blocked, id=6168, stack(0x000000385ba00000,0x000000385bb00000)]
  0x000001cae60e1000 JavaThread "Unconstrained build operations Thread 18" [_thread_blocked, id=4732, stack(0x000000385bb00000,0x000000385bc00000)]
  0x000001cae60de000 JavaThread "Unconstrained build operations Thread 19" [_thread_blocked, id=6160, stack(0x000000385bc00000,0x000000385bd00000)]
  0x000001cae60de800 JavaThread "Unconstrained build operations Thread 20" [_thread_blocked, id=6064, stack(0x000000385bd00000,0x000000385be00000)]
  0x000001cae60e3800 JavaThread "Unconstrained build operations Thread 21" [_thread_blocked, id=5932, stack(0x000000385be00000,0x000000385bf00000)]
  0x000001cae60e5800 JavaThread "Unconstrained build operations Thread 22" [_thread_blocked, id=668, stack(0x000000385bf00000,0x000000385c000000)]
  0x000001cae60e0800 JavaThread "Unconstrained build operations Thread 23" [_thread_blocked, id=720, stack(0x000000385c000000,0x000000385c100000)]
  0x000001cae60e7000 JavaThread "Unconstrained build operations Thread 24" [_thread_blocked, id=6812, stack(0x000000385c100000,0x000000385c200000)]
  0x000001cae60e4800 JavaThread "Unconstrained build operations Thread 25" [_thread_blocked, id=5172, stack(0x000000385c200000,0x000000385c300000)]
  0x000001cae60ea000 JavaThread "Unconstrained build operations Thread 26" [_thread_blocked, id=6240, stack(0x000000385c300000,0x000000385c400000)]
  0x000001cae60e7800 JavaThread "Unconstrained build operations Thread 27" [_thread_blocked, id=1708, stack(0x000000385c400000,0x000000385c500000)]
  0x000001cae60ec000 JavaThread "Unconstrained build operations Thread 28" [_thread_blocked, id=4252, stack(0x000000385c500000,0x000000385c600000)]
  0x000001cae60e6000 JavaThread "Unconstrained build operations Thread 29" [_thread_blocked, id=6692, stack(0x000000385c600000,0x000000385c700000)]
  0x000001cae60eb000 JavaThread "Unconstrained build operations Thread 30" [_thread_blocked, id=1816, stack(0x000000385c700000,0x000000385c800000)]
  0x000001cae60ec800 JavaThread "Unconstrained build operations Thread 31" [_thread_blocked, id=1028, stack(0x000000385c800000,0x000000385c900000)]
  0x000001cae60e8800 JavaThread "Unconstrained build operations Thread 32" [_thread_blocked, id=624, stack(0x000000385c900000,0x000000385ca00000)]
  0x000001cae60e9800 JavaThread "Unconstrained build operations Thread 33" [_thread_blocked, id=1616, stack(0x000000385ca00000,0x000000385cb00000)]
  0x000001cae61d2000 JavaThread "Unconstrained build operations Thread 34" [_thread_blocked, id=5164, stack(0x000000385cb00000,0x000000385cc00000)]
  0x000001cae61ce800 JavaThread "Unconstrained build operations Thread 35" [_thread_blocked, id=4720, stack(0x000000385cc00000,0x000000385cd00000)]
  0x000001cae61ce000 JavaThread "Unconstrained build operations Thread 36" [_thread_blocked, id=6300, stack(0x000000385cd00000,0x000000385ce00000)]
  0x000001cae61cc800 JavaThread "Unconstrained build operations Thread 37" [_thread_blocked, id=2300, stack(0x000000385ce00000,0x000000385cf00000)]
  0x000001cae61cd000 JavaThread "Unconstrained build operations Thread 38" [_thread_blocked, id=884, stack(0x000000385cf00000,0x000000385d000000)]
  0x000001cae61d0800 JavaThread "Unconstrained build operations Thread 39" [_thread_blocked, id=5640, stack(0x000000385d000000,0x000000385d100000)]
  0x000001cae61d1000 JavaThread "Unconstrained build operations Thread 40" [_thread_blocked, id=2840, stack(0x000000385d100000,0x000000385d200000)]

Other Threads:
  0x000001cadd1d4800 VMThread "VM Thread" [stack: 0x0000003858500000,0x0000003858600000] [id=3752]
  0x000001caddca6000 WatcherThread [stack: 0x0000003858f00000,0x0000003859000000] [id=4936]
  0x000001cac2f04000 GCTaskThread "GC Thread#0" [stack: 0x0000003858000000,0x0000003858100000] [id=236]
  0x000001caddbd3800 GCTaskThread "GC Thread#1" [stack: 0x0000003859100000,0x0000003859200000] [id=4232]
  0x000001caddbd0000 GCTaskThread "GC Thread#2" [stack: 0x0000003859300000,0x0000003859400000] [id=6800]
  0x000001caddbd1000 GCTaskThread "GC Thread#3" [stack: 0x0000003859400000,0x0000003859500000] [id=872]
  0x000001cac2f36800 ConcurrentGCThread "G1 Main Marker" [stack: 0x0000003858100000,0x0000003858200000] [id=7156]
  0x000001cac2f37800 ConcurrentGCThread "G1 Conc#0" [stack: 0x0000003858200000,0x0000003858300000] [id=5760]
  0x000001cac2f8e800 ConcurrentGCThread "G1 Refine#0" [stack: 0x0000003858300000,0x0000003858400000] [id=5600]
  0x000001cac2f8f800 ConcurrentGCThread "G1 Young RemSet Sampling" [stack: 0x0000003858400000,0x0000003858500000] [id=4236]

Threads with active compile tasks:
C2 CompilerThread05531011 31891 %     4       org.gradle.api.internal.artifacts.ivyservice.resolveengine.graph.builder.DependencyGraphBuilder::assembleResult @ 61 (505 bytes)

VM state:not at safepoint (normal execution)

VM Mutex/Monitor currently owned by a thread: None

Heap address: 0x0000000080000000, size: 2048 MB, Compressed Oops mode: 32-bit
Narrow klass base: 0x0000000000000000, Narrow klass shift: 3
Compressed class space size: 1073741824 Address: 0x0000000100000000

Heap:
 garbage-first heap   total 301056K, used 166246K [0x0000000080000000, 0x0000000100000000)
  region size 1024K, 66 young (67584K), 2 survivors (2048K)
 Metaspace       used 132264K, capacity 136881K, committed 137164K, reserved 1169408K
  class space    used 16030K, capacity 17679K, committed 17868K, reserved 1048576K
Heap Regions: E=young(eden), S=young(survivor), O=old, HS=humongous(starts), HC=humongous(continues), CS=collection set, F=free, A=archive, TAMS=top-at-mark-start (previous, next)
|   0|0x0000000080000000, 0x0000000080100000, 0x0000000080100000|100%| O|  |TAMS 0x0000000080100000, 0x0000000080000000| Untracked 
|   1|0x0000000080100000, 0x0000000080200000, 0x0000000080200000|100%| O|  |TAMS 0x0000000080200000, 0x0000000080100000| Untracked 
|   2|0x0000000080200000, 0x0000000080300000, 0x0000000080300000|100%| O|  |TAMS 0x0000000080300000, 0x0000000080200000| Untracked 
|   3|0x0000000080300000, 0x0000000080400000, 0x0000000080400000|100%|HS|  |TAMS 0x0000000080400000, 0x0000000080300000| Complete 
|   4|0x0000000080400000, 0x0000000080500000, 0x0000000080500000|100%|HC|  |TAMS 0x0000000080500000, 0x0000000080400000| Complete 
|   5|0x0000000080500000, 0x0000000080600000, 0x0000000080600000|100%|HC|  |TAMS 0x0000000080600000, 0x0000000080500000| Complete 
|   6|0x0000000080600000, 0x0000000080700000, 0x0000000080700000|100%| O|  |TAMS 0x0000000080700000, 0x0000000080600000| Untracked 
|   7|0x0000000080700000, 0x0000000080800000, 0x0000000080800000|100%| O|  |TAMS 0x0000000080800000, 0x0000000080700000| Untracked 
|   8|0x0000000080800000, 0x0000000080900000, 0x0000000080900000|100%| O|  |TAMS 0x0000000080900000, 0x0000000080800000| Untracked 
|   9|0x0000000080900000, 0x0000000080a00000, 0x0000000080a00000|100%| O|  |TAMS 0x0000000080a00000, 0x0000000080900000| Untracked 
|  10|0x0000000080a00000, 0x0000000080b00000, 0x0000000080b00000|100%| O|  |TAMS 0x0000000080b00000, 0x0000000080a00000| Untracked 
|  11|0x0000000080b00000, 0x0000000080c00000, 0x0000000080c00000|100%| O|  |TAMS 0x0000000080c00000, 0x0000000080b00000| Untracked 
|  12|0x0000000080c00000, 0x0000000080d00000, 0x0000000080d00000|100%| O|  |TAMS 0x0000000080d00000, 0x0000000080c00000| Untracked 
|  13|0x0000000080d00000, 0x0000000080e00000, 0x0000000080e00000|100%| O|  |TAMS 0x0000000080e00000, 0x0000000080d00000| Untracked 
|  14|0x0000000080e00000, 0x0000000080f00000, 0x0000000080f00000|100%| O|  |TAMS 0x0000000080f00000, 0x0000000080e00000| Untracked 
|  15|0x0000000080f00000, 0x0000000081000000, 0x0000000081000000|100%| O|  |TAMS 0x0000000081000000, 0x0000000080f00000| Untracked 
|  16|0x0000000081000000, 0x0000000081100000, 0x0000000081100000|100%| O|  |TAMS 0x0000000081100000, 0x0000000081000000| Untracked 
|  17|0x0000000081100000, 0x0000000081200000, 0x0000000081200000|100%| O|  |TAMS 0x0000000081200000, 0x0000000081100000| Untracked 
|  18|0x0000000081200000, 0x0000000081300000, 0x0000000081300000|100%| O|  |TAMS 0x0000000081300000, 0x0000000081200000| Untracked 
|  19|0x0000000081300000, 0x0000000081400000, 0x0000000081400000|100%| O|  |TAMS 0x0000000081400000, 0x0000000081300000| Untracked 
|  20|0x0000000081400000, 0x0000000081500000, 0x0000000081500000|100%| O|  |TAMS 0x0000000081500000, 0x0000000081400000| Untracked 
|  21|0x0000000081500000, 0x0000000081600000, 0x0000000081600000|100%| O|  |TAMS 0x0000000081600000, 0x0000000081500000| Untracked 
|  22|0x0000000081600000, 0x0000000081700000, 0x0000000081700000|100%| O|  |TAMS 0x0000000081700000, 0x0000000081600000| Untracked 
|  23|0x0000000081700000, 0x0000000081800000, 0x0000000081800000|100%| O|  |TAMS 0x0000000081800000, 0x0000000081700000| Untracked 
|  24|0x0000000081800000, 0x0000000081900000, 0x0000000081900000|100%| O|  |TAMS 0x0000000081900000, 0x0000000081800000| Untracked 
|  25|0x0000000081900000, 0x0000000081a00000, 0x0000000081a00000|100%| O|  |TAMS 0x0000000081a00000, 0x0000000081900000| Untracked 
|  26|0x0000000081a00000, 0x0000000081b00000, 0x0000000081b00000|100%| O|  |TAMS 0x0000000081b00000, 0x0000000081a00000| Untracked 
|  27|0x0000000081b00000, 0x0000000081c00000, 0x0000000081c00000|100%| O|  |TAMS 0x0000000081c00000, 0x0000000081b00000| Untracked 
|  28|0x0000000081c00000, 0x0000000081d00000, 0x0000000081d00000|100%|HS|  |TAMS 0x0000000081d00000, 0x0000000081c00000| Complete 
|  29|0x0000000081d00000, 0x0000000081e00000, 0x0000000081e00000|100%|HS|  |TAMS 0x0000000081e00000, 0x0000000081d00000| Complete 
|  30|0x0000000081e00000, 0x0000000081f00000, 0x0000000081f00000|100%|HS|  |TAMS 0x0000000081f00000, 0x0000000081e00000| Complete 
|  31|0x0000000081f00000, 0x0000000082000000, 0x0000000082000000|100%|HS|  |TAMS 0x0000000082000000, 0x0000000081f00000| Complete 
|  32|0x0000000082000000, 0x0000000082100000, 0x0000000082100000|100%|HC|  |TAMS 0x0000000082100000, 0x0000000082000000| Complete 
|  33|0x0000000082100000, 0x0000000082200000, 0x0000000082200000|100%| O|  |TAMS 0x0000000082200000, 0x0000000082100000| Untracked 
|  34|0x0000000082200000, 0x0000000082300000, 0x0000000082300000|100%| O|  |TAMS 0x0000000082300000, 0x0000000082200000| Untracked 
|  35|0x0000000082300000, 0x0000000082400000, 0x0000000082400000|100%| O|  |TAMS 0x0000000082400000, 0x0000000082300000| Untracked 
|  36|0x0000000082400000, 0x0000000082500000, 0x0000000082500000|100%| O|  |TAMS 0x0000000082500000, 0x0000000082400000| Untracked 
|  37|0x0000000082500000, 0x0000000082600000, 0x0000000082600000|100%| O|  |TAMS 0x0000000082600000, 0x0000000082500000| Untracked 
|  38|0x0000000082600000, 0x0000000082700000, 0x0000000082700000|100%| O|  |TAMS 0x0000000082700000, 0x0000000082600000| Untracked 
|  39|0x0000000082700000, 0x0000000082800000, 0x0000000082800000|100%| O|  |TAMS 0x0000000082800000, 0x0000000082700000| Untracked 
|  40|0x0000000082800000, 0x0000000082900000, 0x0000000082900000|100%| O|  |TAMS 0x0000000082900000, 0x0000000082800000| Untracked 
|  41|0x0000000082900000, 0x0000000082a00000, 0x0000000082a00000|100%| O|  |TAMS 0x0000000082a00000, 0x0000000082900000| Untracked 
|  42|0x0000000082a00000, 0x0000000082b00000, 0x0000000082b00000|100%| O|  |TAMS 0x0000000082b00000, 0x0000000082a00000| Untracked 
|  43|0x0000000082b00000, 0x0000000082c00000, 0x0000000082c00000|100%| O|  |TAMS 0x0000000082c00000, 0x0000000082b00000| Untracked 
|  44|0x0000000082c00000, 0x0000000082d00000, 0x0000000082d00000|100%| O|  |TAMS 0x0000000082d00000, 0x0000000082c00000| Untracked 
|  45|0x0000000082d00000, 0x0000000082e00000, 0x0000000082e00000|100%| O|  |TAMS 0x0000000082e00000, 0x0000000082d00000| Untracked 
|  46|0x0000000082e00000, 0x0000000082f00000, 0x0000000082f00000|100%| O|  |TAMS 0x0000000082f00000, 0x0000000082e00000| Untracked 
|  47|0x0000000082f00000, 0x0000000083000000, 0x0000000083000000|100%| O|  |TAMS 0x0000000083000000, 0x0000000082f00000| Untracked 
|  48|0x0000000083000000, 0x0000000083100000, 0x0000000083100000|100%| O|  |TAMS 0x0000000083100000, 0x0000000083000000| Untracked 
|  49|0x0000000083100000, 0x0000000083100000, 0x0000000083200000|  0%| F|  |TAMS 0x0000000083100000, 0x0000000083100000| Untracked 
|  50|0x0000000083200000, 0x0000000083200000, 0x0000000083300000|  0%| F|  |TAMS 0x0000000083200000, 0x0000000083200000| Untracked 
|  51|0x0000000083300000, 0x0000000083400000, 0x0000000083400000|100%| O|  |TAMS 0x0000000083400000, 0x0000000083300000| Untracked 
|  52|0x0000000083400000, 0x0000000083500000, 0x0000000083500000|100%| O|  |TAMS 0x0000000083500000, 0x0000000083400000| Untracked 
|  53|0x0000000083500000, 0x0000000083600000, 0x0000000083600000|100%| O|  |TAMS 0x0000000083600000, 0x0000000083500000| Untracked 
|  54|0x0000000083600000, 0x0000000083700000, 0x0000000083700000|100%| O|  |TAMS 0x0000000083700000, 0x0000000083600000| Untracked 
|  55|0x0000000083700000, 0x0000000083800000, 0x0000000083800000|100%| O|  |TAMS 0x0000000083800000, 0x0000000083700000| Untracked 
|  56|0x0000000083800000, 0x0000000083900000, 0x0000000083900000|100%| O|  |TAMS 0x0000000083900000, 0x0000000083800000| Untracked 
|  57|0x0000000083900000, 0x0000000083a00000, 0x0000000083a00000|100%| O|  |TAMS 0x0000000083a00000, 0x0000000083900000| Untracked 
|  58|0x0000000083a00000, 0x0000000083b00000, 0x0000000083b00000|100%| O|  |TAMS 0x0000000083b00000, 0x0000000083a00000| Untracked 
|  59|0x0000000083b00000, 0x0000000083c00000, 0x0000000083c00000|100%| O|  |TAMS 0x0000000083b00000, 0x0000000083b00000| Untracked 
|  60|0x0000000083c00000, 0x0000000083d00000, 0x0000000083d00000|100%| O|  |TAMS 0x0000000083d00000, 0x0000000083c00000| Untracked 
|  61|0x0000000083d00000, 0x0000000083e00000, 0x0000000083e00000|100%| O|  |TAMS 0x0000000083e00000, 0x0000000083d00000| Untracked 
|  62|0x0000000083e00000, 0x0000000083f00000, 0x0000000083f00000|100%| O|  |TAMS 0x0000000083f00000, 0x0000000083e00000| Untracked 
|  63|0x0000000083f00000, 0x0000000084000000, 0x0000000084000000|100%| O|  |TAMS 0x0000000084000000, 0x0000000083f00000| Untracked 
|  64|0x0000000084000000, 0x0000000084100000, 0x0000000084100000|100%| O|  |TAMS 0x0000000084100000, 0x0000000084000000| Untracked 
|  65|0x0000000084100000, 0x0000000084200000, 0x0000000084200000|100%| O|  |TAMS 0x0000000084200000, 0x0000000084100000| Untracked 
|  66|0x0000000084200000, 0x0000000084300000, 0x0000000084300000|100%| O|  |TAMS 0x0000000084200000, 0x0000000084200000| Untracked 
|  67|0x0000000084300000, 0x0000000084400000, 0x0000000084400000|100%| O|  |TAMS 0x0000000084400000, 0x0000000084300000| Untracked 
|  68|0x0000000084400000, 0x0000000084500000, 0x0000000084500000|100%| O|  |TAMS 0x0000000084500000, 0x0000000084400000| Untracked 
|  69|0x0000000084500000, 0x0000000084600000, 0x0000000084600000|100%| O|  |TAMS 0x0000000084600000, 0x0000000084500000| Untracked 
|  70|0x0000000084600000, 0x0000000084700000, 0x0000000084700000|100%| O|  |TAMS 0x0000000084700000, 0x0000000084600000| Untracked 
|  71|0x0000000084700000, 0x0000000084800000, 0x0000000084800000|100%| O|  |TAMS 0x0000000084800000, 0x0000000084700000| Untracked 
|  72|0x0000000084800000, 0x0000000084900000, 0x0000000084900000|100%| O|  |TAMS 0x00000000848f5800, 0x0000000084800000| Untracked 
|  73|0x0000000084900000, 0x0000000084a00000, 0x0000000084a00000|100%| O|  |TAMS 0x0000000084900000, 0x0000000084900000| Untracked 
|  74|0x0000000084a00000, 0x0000000084b00000, 0x0000000084b00000|100%| O|  |TAMS 0x0000000084b00000, 0x0000000084a00000| Untracked 
|  75|0x0000000084b00000, 0x0000000084c00000, 0x0000000084c00000|100%| O|  |TAMS 0x0000000084b00000, 0x0000000084b00000| Untracked 
|  76|0x0000000084c00000, 0x0000000084d00000, 0x0000000084d00000|100%| O|  |TAMS 0x0000000084c00000, 0x0000000084c00000| Untracked 
|  77|0x0000000084d00000, 0x0000000084e00000, 0x0000000084e00000|100%| O|  |TAMS 0x0000000084d00000, 0x0000000084d00000| Untracked 
|  78|0x0000000084e00000, 0x0000000084f00000, 0x0000000084f00000|100%| O|  |TAMS 0x0000000084e00000, 0x0000000084e00000| Untracked 
|  79|0x0000000084f00000, 0x0000000085000000, 0x0000000085000000|100%| O|  |TAMS 0x0000000084f00000, 0x0000000084f00000| Untracked 
|  80|0x0000000085000000, 0x0000000085100000, 0x0000000085100000|100%| O|  |TAMS 0x0000000085100000, 0x0000000085000000| Untracked 
|  81|0x0000000085100000, 0x0000000085200000, 0x0000000085200000|100%| O|  |TAMS 0x0000000085100000, 0x0000000085100000| Untracked 
|  82|0x0000000085200000, 0x00000000852c8c00, 0x0000000085300000| 78%| O|  |TAMS 0x0000000085200000, 0x0000000085200000| Untracked 
|  83|0x0000000085300000, 0x0000000085300000, 0x0000000085400000|  0%| F|  |TAMS 0x0000000085300000, 0x0000000085300000| Untracked 
|  84|0x0000000085400000, 0x0000000085500000, 0x0000000085500000|100%| O|  |TAMS 0x0000000085500000, 0x0000000085400000| Untracked 
|  85|0x0000000085500000, 0x0000000085600000, 0x0000000085600000|100%| O|  |TAMS 0x0000000085600000, 0x0000000085500000| Untracked 
|  86|0x0000000085600000, 0x0000000085700000, 0x0000000085700000|100%| O|  |TAMS 0x0000000085700000, 0x0000000085600000| Untracked 
|  87|0x0000000085700000, 0x0000000085800000, 0x0000000085800000|100%| O|  |TAMS 0x0000000085800000, 0x0000000085700000| Untracked 
|  88|0x0000000085800000, 0x0000000085900000, 0x0000000085900000|100%| O|  |TAMS 0x0000000085900000, 0x0000000085800000| Untracked 
|  89|0x0000000085900000, 0x0000000085a00000, 0x0000000085a00000|100%| O|  |TAMS 0x0000000085a00000, 0x0000000085900000| Untracked 
|  90|0x0000000085a00000, 0x0000000085b00000, 0x0000000085b00000|100%| O|  |TAMS 0x0000000085b00000, 0x0000000085a00000| Untracked 
|  91|0x0000000085b00000, 0x0000000085c00000, 0x0000000085c00000|100%| O|  |TAMS 0x0000000085c00000, 0x0000000085b00000| Untracked 
|  92|0x0000000085c00000, 0x0000000085d00000, 0x0000000085d00000|100%|HS|  |TAMS 0x0000000085c00000, 0x0000000085c00000| Complete 
|  93|0x0000000085d00000, 0x0000000085e00000, 0x0000000085e00000|100%|HC|  |TAMS 0x0000000085d00000, 0x0000000085d00000| Complete 
|  94|0x0000000085e00000, 0x0000000085e00000, 0x0000000085f00000|  0%| F|  |TAMS 0x0000000085e00000, 0x0000000085e00000| Untracked 
|  95|0x0000000085f00000, 0x0000000085f00000, 0x0000000086000000|  0%| F|  |TAMS 0x0000000085f00000, 0x0000000085f00000| Untracked 
|  96|0x0000000086000000, 0x0000000086000000, 0x0000000086100000|  0%| F|  |TAMS 0x0000000086000000, 0x0000000086000000| Untracked 
|  97|0x0000000086100000, 0x0000000086100000, 0x0000000086200000|  0%| F|  |TAMS 0x0000000086100000, 0x0000000086100000| Untracked 
|  98|0x0000000086200000, 0x0000000086200000, 0x0000000086300000|  0%| F|  |TAMS 0x0000000086200000, 0x0000000086200000| Untracked 
|  99|0x0000000086300000, 0x0000000086300000, 0x0000000086400000|  0%| F|  |TAMS 0x0000000086300000, 0x0000000086300000| Untracked 
| 100|0x0000000086400000, 0x0000000086400000, 0x0000000086500000|  0%| F|  |TAMS 0x0000000086400000, 0x0000000086400000| Untracked 
| 101|0x0000000086500000, 0x0000000086600000, 0x0000000086600000|100%| O|  |TAMS 0x0000000086600000, 0x0000000086500000| Untracked 
| 102|0x0000000086600000, 0x0000000086600000, 0x0000000086700000|  0%| F|  |TAMS 0x0000000086600000, 0x0000000086600000| Untracked 
| 103|0x0000000086700000, 0x0000000086800000, 0x0000000086800000|100%| O|  |TAMS 0x0000000086800000, 0x0000000086700000| Untracked 
| 104|0x0000000086800000, 0x0000000086900000, 0x0000000086900000|100%| O|  |TAMS 0x0000000086900000, 0x0000000086800000| Untracked 
| 105|0x0000000086900000, 0x0000000086900000, 0x0000000086a00000|  0%| F|  |TAMS 0x0000000086900000, 0x0000000086900000| Untracked 
| 106|0x0000000086a00000, 0x0000000086a00000, 0x0000000086b00000|  0%| F|  |TAMS 0x0000000086a00000, 0x0000000086a00000| Untracked 
| 107|0x0000000086b00000, 0x0000000086c00000, 0x0000000086c00000|100%| O|  |TAMS 0x0000000086c00000, 0x0000000086b00000| Untracked 
| 108|0x0000000086c00000, 0x0000000086d00000, 0x0000000086d00000|100%| O|  |TAMS 0x0000000086d00000, 0x0000000086c00000| Untracked 
| 109|0x0000000086d00000, 0x0000000086d00000, 0x0000000086e00000|  0%| F|  |TAMS 0x0000000086d00000, 0x0000000086d00000| Untracked 
| 110|0x0000000086e00000, 0x0000000086e00000, 0x0000000086f00000|  0%| F|  |TAMS 0x0000000086e00000, 0x0000000086e00000| Untracked 
| 111|0x0000000086f00000, 0x0000000086f00000, 0x0000000087000000|  0%| F|  |TAMS 0x0000000086f00000, 0x0000000086f00000| Untracked 
| 112|0x0000000087000000, 0x0000000087000000, 0x0000000087100000|  0%| F|  |TAMS 0x0000000087000000, 0x0000000087000000| Untracked 
| 113|0x0000000087100000, 0x0000000087100000, 0x0000000087200000|  0%| F|  |TAMS 0x0000000087100000, 0x0000000087100000| Untracked 
| 114|0x0000000087200000, 0x0000000087300000, 0x0000000087300000|100%| O|  |TAMS 0x0000000087300000, 0x0000000087200000| Untracked 
| 115|0x0000000087300000, 0x0000000087300000, 0x0000000087400000|  0%| F|  |TAMS 0x0000000087300000, 0x0000000087300000| Untracked 
| 116|0x0000000087400000, 0x0000000087400000, 0x0000000087500000|  0%| F|  |TAMS 0x0000000087400000, 0x0000000087400000| Untracked 
| 117|0x0000000087500000, 0x0000000087500000, 0x0000000087600000|  0%| F|  |TAMS 0x0000000087500000, 0x0000000087500000| Untracked 
| 118|0x0000000087600000, 0x0000000087700000, 0x0000000087700000|100%| O|  |TAMS 0x0000000087700000, 0x0000000087600000| Untracked 
| 119|0x0000000087700000, 0x0000000087700000, 0x0000000087800000|  0%| F|  |TAMS 0x0000000087700000, 0x0000000087700000| Untracked 
| 120|0x0000000087800000, 0x0000000087800000, 0x0000000087900000|  0%| F|  |TAMS 0x0000000087800000, 0x0000000087800000| Untracked 
| 121|0x0000000087900000, 0x0000000087900000, 0x0000000087a00000|  0%| F|  |TAMS 0x0000000087900000, 0x0000000087900000| Untracked 
| 122|0x0000000087a00000, 0x0000000087a00000, 0x0000000087b00000|  0%| F|  |TAMS 0x0000000087a00000, 0x0000000087a00000| Untracked 
| 123|0x0000000087b00000, 0x0000000087b00000, 0x0000000087c00000|  0%| F|  |TAMS 0x0000000087b00000, 0x0000000087b00000| Untracked 
| 124|0x0000000087c00000, 0x0000000087c00000, 0x0000000087d00000|  0%| F|  |TAMS 0x0000000087c00000, 0x0000000087c00000| Untracked 
| 125|0x0000000087d00000, 0x0000000087d00000, 0x0000000087e00000|  0%| F|  |TAMS 0x0000000087d00000, 0x0000000087d00000| Untracked 
| 126|0x0000000087e00000, 0x0000000087e00000, 0x0000000087f00000|  0%| F|  |TAMS 0x0000000087e00000, 0x0000000087e00000| Untracked 
| 127|0x0000000087f00000, 0x0000000087f00000, 0x0000000088000000|  0%| F|  |TAMS 0x0000000087f00000, 0x0000000087f00000| Untracked 
| 128|0x0000000088000000, 0x0000000088000000, 0x0000000088100000|  0%| F|  |TAMS 0x0000000088000000, 0x0000000088000000| Untracked 
| 129|0x0000000088100000, 0x0000000088100000, 0x0000000088200000|  0%| F|  |TAMS 0x0000000088100000, 0x0000000088100000| Untracked 
| 130|0x0000000088200000, 0x0000000088200000, 0x0000000088300000|  0%| F|  |TAMS 0x0000000088200000, 0x0000000088200000| Untracked 
| 131|0x0000000088300000, 0x0000000088300000, 0x0000000088400000|  0%| F|  |TAMS 0x0000000088300000, 0x0000000088300000| Untracked 
| 132|0x0000000088400000, 0x0000000088400000, 0x0000000088500000|  0%| F|  |TAMS 0x0000000088400000, 0x0000000088400000| Untracked 
| 133|0x0000000088500000, 0x0000000088500000, 0x0000000088600000|  0%| F|  |TAMS 0x0000000088500000, 0x0000000088500000| Untracked 
| 134|0x0000000088600000, 0x0000000088600000, 0x0000000088700000|  0%| F|  |TAMS 0x0000000088600000, 0x0000000088600000| Untracked 
| 135|0x0000000088700000, 0x0000000088700000, 0x0000000088800000|  0%| F|  |TAMS 0x0000000088700000, 0x0000000088700000| Untracked 
| 136|0x0000000088800000, 0x0000000088800000, 0x0000000088900000|  0%| F|  |TAMS 0x0000000088800000, 0x0000000088800000| Untracked 
| 137|0x0000000088900000, 0x0000000088900000, 0x0000000088a00000|  0%| F|  |TAMS 0x0000000088900000, 0x0000000088900000| Untracked 
| 138|0x0000000088a00000, 0x0000000088a00000, 0x0000000088b00000|  0%| F|  |TAMS 0x0000000088a00000, 0x0000000088a00000| Untracked 
| 139|0x0000000088b00000, 0x0000000088b00000, 0x0000000088c00000|  0%| F|  |TAMS 0x0000000088b00000, 0x0000000088b00000| Untracked 
| 140|0x0000000088c00000, 0x0000000088c00000, 0x0000000088d00000|  0%| F|  |TAMS 0x0000000088c00000, 0x0000000088c00000| Untracked 
| 141|0x0000000088d00000, 0x0000000088d00000, 0x0000000088e00000|  0%| F|  |TAMS 0x0000000088d00000, 0x0000000088d00000| Untracked 
| 142|0x0000000088e00000, 0x0000000088e00000, 0x0000000088f00000|  0%| F|  |TAMS 0x0000000088e00000, 0x0000000088e00000| Untracked 
| 143|0x0000000088f00000, 0x0000000088f00000, 0x0000000089000000|  0%| F|  |TAMS 0x0000000088f00000, 0x0000000088f00000| Untracked 
| 144|0x0000000089000000, 0x0000000089000000, 0x0000000089100000|  0%| F|  |TAMS 0x0000000089000000, 0x0000000089000000| Untracked 
| 145|0x0000000089100000, 0x0000000089100000, 0x0000000089200000|  0%| F|  |TAMS 0x0000000089100000, 0x0000000089100000| Untracked 
| 146|0x0000000089200000, 0x0000000089200000, 0x0000000089300000|  0%| F|  |TAMS 0x0000000089200000, 0x0000000089200000| Untracked 
| 147|0x0000000089300000, 0x0000000089300000, 0x0000000089400000|  0%| F|  |TAMS 0x0000000089300000, 0x0000000089300000| Untracked 
| 148|0x0000000089400000, 0x0000000089400000, 0x0000000089500000|  0%| F|  |TAMS 0x0000000089400000, 0x0000000089400000| Untracked 
| 149|0x0000000089500000, 0x0000000089500000, 0x0000000089600000|  0%| F|  |TAMS 0x0000000089500000, 0x0000000089500000| Untracked 
| 150|0x0000000089600000, 0x0000000089600000, 0x0000000089700000|  0%| F|  |TAMS 0x0000000089600000, 0x0000000089600000| Untracked 
| 151|0x0000000089700000, 0x0000000089700000, 0x0000000089800000|  0%| F|  |TAMS 0x0000000089700000, 0x0000000089700000| Untracked 
| 152|0x0000000089800000, 0x0000000089800000, 0x0000000089900000|  0%| F|  |TAMS 0x0000000089800000, 0x0000000089800000| Untracked 
| 153|0x0000000089900000, 0x0000000089900000, 0x0000000089a00000|  0%| F|  |TAMS 0x0000000089900000, 0x0000000089900000| Untracked 
| 154|0x0000000089a00000, 0x0000000089a00000, 0x0000000089b00000|  0%| F|  |TAMS 0x0000000089a00000, 0x0000000089a00000| Untracked 
| 155|0x0000000089b00000, 0x0000000089b00000, 0x0000000089c00000|  0%| F|  |TAMS 0x0000000089b00000, 0x0000000089b00000| Untracked 
| 156|0x0000000089c00000, 0x0000000089c00000, 0x0000000089d00000|  0%| F|  |TAMS 0x0000000089c00000, 0x0000000089c00000| Untracked 
| 157|0x0000000089d00000, 0x0000000089d00000, 0x0000000089e00000|  0%| F|  |TAMS 0x0000000089d00000, 0x0000000089d00000| Untracked 
| 158|0x0000000089e00000, 0x0000000089e00000, 0x0000000089f00000|  0%| F|  |TAMS 0x0000000089e00000, 0x0000000089e00000| Untracked 
| 159|0x0000000089f00000, 0x0000000089f00000, 0x000000008a000000|  0%| F|  |TAMS 0x0000000089f00000, 0x0000000089f00000| Untracked 
| 160|0x000000008a000000, 0x000000008a000000, 0x000000008a100000|  0%| F|  |TAMS 0x000000008a000000, 0x000000008a000000| Untracked 
| 161|0x000000008a100000, 0x000000008a100000, 0x000000008a200000|  0%| F|  |TAMS 0x000000008a100000, 0x000000008a100000| Untracked 
| 162|0x000000008a200000, 0x000000008a200000, 0x000000008a300000|  0%| F|  |TAMS 0x000000008a200000, 0x000000008a200000| Untracked 
| 163|0x000000008a300000, 0x000000008a300000, 0x000000008a400000|  0%| F|  |TAMS 0x000000008a300000, 0x000000008a300000| Untracked 
| 164|0x000000008a400000, 0x000000008a400000, 0x000000008a500000|  0%| F|  |TAMS 0x000000008a400000, 0x000000008a400000| Untracked 
| 165|0x000000008a500000, 0x000000008a500000, 0x000000008a600000|  0%| F|  |TAMS 0x000000008a500000, 0x000000008a500000| Untracked 
| 166|0x000000008a600000, 0x000000008a600000, 0x000000008a700000|  0%| F|  |TAMS 0x000000008a600000, 0x000000008a600000| Untracked 
| 167|0x000000008a700000, 0x000000008a700000, 0x000000008a800000|  0%| F|  |TAMS 0x000000008a700000, 0x000000008a700000| Untracked 
| 168|0x000000008a800000, 0x000000008a800000, 0x000000008a900000|  0%| F|  |TAMS 0x000000008a800000, 0x000000008a800000| Untracked 
| 169|0x000000008a900000, 0x000000008a900000, 0x000000008aa00000|  0%| F|  |TAMS 0x000000008a900000, 0x000000008a900000| Untracked 
| 170|0x000000008aa00000, 0x000000008aa00000, 0x000000008ab00000|  0%| F|  |TAMS 0x000000008aa00000, 0x000000008aa00000| Untracked 
| 171|0x000000008ab00000, 0x000000008ab00000, 0x000000008ac00000|  0%| F|  |TAMS 0x000000008ab00000, 0x000000008ab00000| Untracked 
| 172|0x000000008ac00000, 0x000000008ac00000, 0x000000008ad00000|  0%| F|  |TAMS 0x000000008ac00000, 0x000000008ac00000| Untracked 
| 173|0x000000008ad00000, 0x000000008ad00000, 0x000000008ae00000|  0%| F|  |TAMS 0x000000008ad00000, 0x000000008ad00000| Untracked 
| 174|0x000000008ae00000, 0x000000008ae00000, 0x000000008af00000|  0%| F|  |TAMS 0x000000008ae00000, 0x000000008ae00000| Untracked 
| 175|0x000000008af00000, 0x000000008af00000, 0x000000008b000000|  0%| F|  |TAMS 0x000000008af00000, 0x000000008af00000| Untracked 
| 176|0x000000008b000000, 0x000000008b000000, 0x000000008b100000|  0%| F|  |TAMS 0x000000008b000000, 0x000000008b000000| Untracked 
| 177|0x000000008b100000, 0x000000008b100000, 0x000000008b200000|  0%| F|  |TAMS 0x000000008b100000, 0x000000008b100000| Untracked 
| 178|0x000000008b200000, 0x000000008b200000, 0x000000008b300000|  0%| F|  |TAMS 0x000000008b200000, 0x000000008b200000| Untracked 
| 179|0x000000008b300000, 0x000000008b300000, 0x000000008b400000|  0%| F|  |TAMS 0x000000008b300000, 0x000000008b300000| Untracked 
| 180|0x000000008b400000, 0x000000008b400000, 0x000000008b500000|  0%| F|  |TAMS 0x000000008b400000, 0x000000008b400000| Untracked 
| 181|0x000000008b500000, 0x000000008b500000, 0x000000008b600000|  0%| F|  |TAMS 0x000000008b500000, 0x000000008b500000| Untracked 
| 182|0x000000008b600000, 0x000000008b600000, 0x000000008b700000|  0%| F|  |TAMS 0x000000008b600000, 0x000000008b600000| Untracked 
| 183|0x000000008b700000, 0x000000008b700000, 0x000000008b800000|  0%| F|  |TAMS 0x000000008b700000, 0x000000008b700000| Untracked 
| 184|0x000000008b800000, 0x000000008b800000, 0x000000008b900000|  0%| F|  |TAMS 0x000000008b800000, 0x000000008b800000| Untracked 
| 185|0x000000008b900000, 0x000000008b900000, 0x000000008ba00000|  0%| F|  |TAMS 0x000000008b900000, 0x000000008b900000| Untracked 
| 186|0x000000008ba00000, 0x000000008ba00000, 0x000000008bb00000|  0%| F|  |TAMS 0x000000008ba00000, 0x000000008ba00000| Untracked 
| 187|0x000000008bb00000, 0x000000008bb00000, 0x000000008bc00000|  0%| F|  |TAMS 0x000000008bb00000, 0x000000008bb00000| Untracked 
| 188|0x000000008bc00000, 0x000000008bc00000, 0x000000008bd00000|  0%| F|  |TAMS 0x000000008bc00000, 0x000000008bc00000| Untracked 
| 189|0x000000008bd00000, 0x000000008bd00000, 0x000000008be00000|  0%| F|  |TAMS 0x000000008bd00000, 0x000000008bd00000| Untracked 
| 190|0x000000008be00000, 0x000000008be00000, 0x000000008bf00000|  0%| F|  |TAMS 0x000000008be00000, 0x000000008be00000| Untracked 
| 191|0x000000008bf00000, 0x000000008bf00000, 0x000000008c000000|  0%| F|  |TAMS 0x000000008bf00000, 0x000000008bf00000| Untracked 
| 192|0x000000008c000000, 0x000000008c000000, 0x000000008c100000|  0%| F|  |TAMS 0x000000008c000000, 0x000000008c000000| Untracked 
| 193|0x000000008c100000, 0x000000008c100000, 0x000000008c200000|  0%| F|  |TAMS 0x000000008c100000, 0x000000008c100000| Untracked 
| 194|0x000000008c200000, 0x000000008c200000, 0x000000008c300000|  0%| F|  |TAMS 0x000000008c200000, 0x000000008c200000| Untracked 
| 195|0x000000008c300000, 0x000000008c300000, 0x000000008c400000|  0%| F|  |TAMS 0x000000008c300000, 0x000000008c300000| Untracked 
| 196|0x000000008c400000, 0x000000008c400000, 0x000000008c500000|  0%| F|  |TAMS 0x000000008c400000, 0x000000008c400000| Untracked 
| 197|0x000000008c500000, 0x000000008c500000, 0x000000008c600000|  0%| F|  |TAMS 0x000000008c500000, 0x000000008c500000| Untracked 
| 198|0x000000008c600000, 0x000000008c600000, 0x000000008c700000|  0%| F|  |TAMS 0x000000008c600000, 0x000000008c600000| Untracked 
| 199|0x000000008c700000, 0x000000008c700000, 0x000000008c800000|  0%| F|  |TAMS 0x000000008c700000, 0x000000008c700000| Untracked 
| 200|0x000000008c800000, 0x000000008c800000, 0x000000008c900000|  0%| F|  |TAMS 0x000000008c800000, 0x000000008c800000| Untracked 
| 201|0x000000008c900000, 0x000000008c900000, 0x000000008ca00000|  0%| F|  |TAMS 0x000000008c900000, 0x000000008c900000| Untracked 
| 202|0x000000008ca00000, 0x000000008ca00000, 0x000000008cb00000|  0%| F|  |TAMS 0x000000008ca00000, 0x000000008ca00000| Untracked 
| 203|0x000000008cb00000, 0x000000008cb00000, 0x000000008cc00000|  0%| F|  |TAMS 0x000000008cb00000, 0x000000008cb00000| Untracked 
| 204|0x000000008cc00000, 0x000000008cc00000, 0x000000008cd00000|  0%| F|  |TAMS 0x000000008cc00000, 0x000000008cc00000| Untracked 
| 205|0x000000008cd00000, 0x000000008cd00000, 0x000000008ce00000|  0%| F|  |TAMS 0x000000008cd00000, 0x000000008cd00000| Untracked 
| 206|0x000000008ce00000, 0x000000008ce00000, 0x000000008cf00000|  0%| F|  |TAMS 0x000000008ce00000, 0x000000008ce00000| Untracked 
| 207|0x000000008cf00000, 0x000000008cf00000, 0x000000008d000000|  0%| F|  |TAMS 0x000000008cf00000, 0x000000008cf00000| Untracked 
| 208|0x000000008d000000, 0x000000008d000000, 0x000000008d100000|  0%| F|  |TAMS 0x000000008d000000, 0x000000008d000000| Untracked 
| 209|0x000000008d100000, 0x000000008d100000, 0x000000008d200000|  0%| F|  |TAMS 0x000000008d100000, 0x000000008d100000| Untracked 
| 210|0x000000008d200000, 0x000000008d200000, 0x000000008d300000|  0%| F|  |TAMS 0x000000008d200000, 0x000000008d200000| Untracked 
| 211|0x000000008d300000, 0x000000008d300000, 0x000000008d400000|  0%| F|  |TAMS 0x000000008d300000, 0x000000008d300000| Untracked 
| 212|0x000000008d400000, 0x000000008d400000, 0x000000008d500000|  0%| F|  |TAMS 0x000000008d400000, 0x000000008d400000| Untracked 
| 213|0x000000008d500000, 0x000000008d500000, 0x000000008d600000|  0%| F|  |TAMS 0x000000008d500000, 0x000000008d500000| Untracked 
| 214|0x000000008d600000, 0x000000008d600000, 0x000000008d700000|  0%| F|  |TAMS 0x000000008d600000, 0x000000008d600000| Untracked 
| 215|0x000000008d700000, 0x000000008d700000, 0x000000008d800000|  0%| F|  |TAMS 0x000000008d700000, 0x000000008d700000| Untracked 
| 216|0x000000008d800000, 0x000000008d800000, 0x000000008d900000|  0%| F|  |TAMS 0x000000008d800000, 0x000000008d800000| Untracked 
| 217|0x000000008d900000, 0x000000008d900000, 0x000000008da00000|  0%| F|  |TAMS 0x000000008d900000, 0x000000008d900000| Untracked 
| 218|0x000000008da00000, 0x000000008da00000, 0x000000008db00000|  0%| F|  |TAMS 0x000000008da00000, 0x000000008da00000| Untracked 
| 219|0x000000008db00000, 0x000000008db00000, 0x000000008dc00000|  0%| F|  |TAMS 0x000000008db00000, 0x000000008db00000| Untracked 
| 220|0x000000008dc00000, 0x000000008dc00000, 0x000000008dd00000|  0%| F|  |TAMS 0x000000008dc00000, 0x000000008dc00000| Untracked 
| 221|0x000000008dd00000, 0x000000008dd00000, 0x000000008de00000|  0%| F|  |TAMS 0x000000008dd00000, 0x000000008dd00000| Untracked 
| 222|0x000000008de00000, 0x000000008de00000, 0x000000008df00000|  0%| F|  |TAMS 0x000000008de00000, 0x000000008de00000| Untracked 
| 223|0x000000008df00000, 0x000000008df00000, 0x000000008e000000|  0%| F|  |TAMS 0x000000008df00000, 0x000000008df00000| Untracked 
| 224|0x000000008e000000, 0x000000008e000000, 0x000000008e100000|  0%| F|  |TAMS 0x000000008e000000, 0x000000008e000000| Untracked 
| 225|0x000000008e100000, 0x000000008e100000, 0x000000008e200000|  0%| F|  |TAMS 0x000000008e100000, 0x000000008e100000| Untracked 
| 226|0x000000008e200000, 0x000000008e200000, 0x000000008e300000|  0%| F|  |TAMS 0x000000008e200000, 0x000000008e200000| Untracked 
| 227|0x000000008e300000, 0x000000008e380800, 0x000000008e400000| 50%| E|  |TAMS 0x000000008e300000, 0x000000008e300000| Complete 
| 228|0x000000008e400000, 0x000000008e500000, 0x000000008e500000|100%| E|CS|TAMS 0x000000008e400000, 0x000000008e400000| Complete 
| 229|0x000000008e500000, 0x000000008e600000, 0x000000008e600000|100%| E|CS|TAMS 0x000000008e500000, 0x000000008e500000| Complete 
| 230|0x000000008e600000, 0x000000008e700000, 0x000000008e700000|100%| E|CS|TAMS 0x000000008e600000, 0x000000008e600000| Complete 
| 231|0x000000008e700000, 0x000000008e800000, 0x000000008e800000|100%| E|CS|TAMS 0x000000008e700000, 0x000000008e700000| Complete 
| 232|0x000000008e800000, 0x000000008e900000, 0x000000008e900000|100%| E|CS|TAMS 0x000000008e800000, 0x000000008e800000| Complete 
| 233|0x000000008e900000, 0x000000008ea00000, 0x000000008ea00000|100%| E|CS|TAMS 0x000000008e900000, 0x000000008e900000| Complete 
| 234|0x000000008ea00000, 0x000000008eb00000, 0x000000008eb00000|100%| E|CS|TAMS 0x000000008ea00000, 0x000000008ea00000| Complete 
| 235|0x000000008eb00000, 0x000000008ec00000, 0x000000008ec00000|100%| E|CS|TAMS 0x000000008eb00000, 0x000000008eb00000| Complete 
| 236|0x000000008ec00000, 0x000000008ed00000, 0x000000008ed00000|100%| E|CS|TAMS 0x000000008ec00000, 0x000000008ec00000| Complete 
| 237|0x000000008ed00000, 0x000000008ee00000, 0x000000008ee00000|100%| E|CS|TAMS 0x000000008ed00000, 0x000000008ed00000| Complete 
| 238|0x000000008ee00000, 0x000000008ef00000, 0x000000008ef00000|100%| E|CS|TAMS 0x000000008ee00000, 0x000000008ee00000| Complete 
| 239|0x000000008ef00000, 0x000000008f000000, 0x000000008f000000|100%| E|CS|TAMS 0x000000008ef00000, 0x000000008ef00000| Complete 
| 240|0x000000008f000000, 0x000000008f100000, 0x000000008f100000|100%| E|CS|TAMS 0x000000008f000000, 0x000000008f000000| Complete 
| 241|0x000000008f100000, 0x000000008f200000, 0x000000008f200000|100%| E|CS|TAMS 0x000000008f100000, 0x000000008f100000| Complete 
| 242|0x000000008f200000, 0x000000008f300000, 0x000000008f300000|100%| E|CS|TAMS 0x000000008f200000, 0x000000008f200000| Complete 
| 243|0x000000008f300000, 0x000000008f400000, 0x000000008f400000|100%| E|CS|TAMS 0x000000008f300000, 0x000000008f300000| Complete 
| 244|0x000000008f400000, 0x000000008f500000, 0x000000008f500000|100%| E|CS|TAMS 0x000000008f400000, 0x000000008f400000| Complete 
| 245|0x000000008f500000, 0x000000008f600000, 0x000000008f600000|100%| E|CS|TAMS 0x000000008f500000, 0x000000008f500000| Complete 
| 246|0x000000008f600000, 0x000000008f700000, 0x000000008f700000|100%| E|CS|TAMS 0x000000008f600000, 0x000000008f600000| Complete 
| 247|0x000000008f700000, 0x000000008f800000, 0x000000008f800000|100%| E|CS|TAMS 0x000000008f700000, 0x000000008f700000| Complete 
| 248|0x000000008f800000, 0x000000008f900000, 0x000000008f900000|100%| E|CS|TAMS 0x000000008f800000, 0x000000008f800000| Complete 
| 249|0x000000008f900000, 0x000000008fa00000, 0x000000008fa00000|100%| E|CS|TAMS 0x000000008f900000, 0x000000008f900000| Complete 
| 250|0x000000008fa00000, 0x000000008fb00000, 0x000000008fb00000|100%| E|CS|TAMS 0x000000008fa00000, 0x000000008fa00000| Complete 
| 251|0x000000008fb00000, 0x000000008fc00000, 0x000000008fc00000|100%| E|CS|TAMS 0x000000008fb00000, 0x000000008fb00000| Complete 
| 252|0x000000008fc00000, 0x000000008fd00000, 0x000000008fd00000|100%| E|CS|TAMS 0x000000008fc00000, 0x000000008fc00000| Complete 
| 253|0x000000008fd00000, 0x000000008fe00000, 0x000000008fe00000|100%| E|CS|TAMS 0x000000008fd00000, 0x000000008fd00000| Complete 
| 254|0x000000008fe00000, 0x000000008ff00000, 0x000000008ff00000|100%| E|CS|TAMS 0x000000008fe00000, 0x000000008fe00000| Complete 
| 255|0x000000008ff00000, 0x0000000090000000, 0x0000000090000000|100%| E|CS|TAMS 0x000000008ff00000, 0x000000008ff00000| Complete 
| 256|0x0000000090000000, 0x0000000090100000, 0x0000000090100000|100%| E|CS|TAMS 0x0000000090000000, 0x0000000090000000| Complete 
| 257|0x0000000090100000, 0x0000000090200000, 0x0000000090200000|100%| E|CS|TAMS 0x0000000090100000, 0x0000000090100000| Complete 
| 258|0x0000000090200000, 0x0000000090300000, 0x0000000090300000|100%| E|CS|TAMS 0x0000000090200000, 0x0000000090200000| Complete 
| 259|0x0000000090300000, 0x0000000090400000, 0x0000000090400000|100%| E|CS|TAMS 0x0000000090300000, 0x0000000090300000| Complete 
| 260|0x0000000090400000, 0x0000000090500000, 0x0000000090500000|100%| E|CS|TAMS 0x0000000090400000, 0x0000000090400000| Complete 
| 261|0x0000000090500000, 0x0000000090600000, 0x0000000090600000|100%| E|CS|TAMS 0x0000000090500000, 0x0000000090500000| Complete 
| 262|0x0000000090600000, 0x0000000090700000, 0x0000000090700000|100%| E|CS|TAMS 0x0000000090600000, 0x0000000090600000| Complete 
| 263|0x0000000090700000, 0x0000000090800000, 0x0000000090800000|100%| E|CS|TAMS 0x0000000090700000, 0x0000000090700000| Complete 
| 264|0x0000000090800000, 0x0000000090900000, 0x0000000090900000|100%| E|CS|TAMS 0x0000000090800000, 0x0000000090800000| Complete 
| 265|0x0000000090900000, 0x0000000090a00000, 0x0000000090a00000|100%| E|CS|TAMS 0x0000000090900000, 0x0000000090900000| Complete 
| 266|0x0000000090a00000, 0x0000000090b00000, 0x0000000090b00000|100%| E|CS|TAMS 0x0000000090a00000, 0x0000000090a00000| Complete 
| 267|0x0000000090b00000, 0x0000000090c00000, 0x0000000090c00000|100%| E|CS|TAMS 0x0000000090b00000, 0x0000000090b00000| Complete 
| 268|0x0000000090c00000, 0x0000000090d00000, 0x0000000090d00000|100%| E|CS|TAMS 0x0000000090c00000, 0x0000000090c00000| Complete 
| 269|0x0000000090d00000, 0x0000000090e00000, 0x0000000090e00000|100%| E|CS|TAMS 0x0000000090d00000, 0x0000000090d00000| Complete 
| 270|0x0000000090e00000, 0x0000000090f00000, 0x0000000090f00000|100%| E|CS|TAMS 0x0000000090e00000, 0x0000000090e00000| Complete 
| 271|0x0000000090f00000, 0x0000000091000000, 0x0000000091000000|100%| E|CS|TAMS 0x0000000090f00000, 0x0000000090f00000| Complete 
| 272|0x0000000091000000, 0x0000000091100000, 0x0000000091100000|100%| E|CS|TAMS 0x0000000091000000, 0x0000000091000000| Complete 
| 273|0x0000000091100000, 0x0000000091200000, 0x0000000091200000|100%| E|CS|TAMS 0x0000000091100000, 0x0000000091100000| Complete 
| 274|0x0000000091200000, 0x0000000091300000, 0x0000000091300000|100%| E|CS|TAMS 0x0000000091200000, 0x0000000091200000| Complete 
| 275|0x0000000091300000, 0x0000000091400000, 0x0000000091400000|100%| E|CS|TAMS 0x0000000091300000, 0x0000000091300000| Complete 
| 276|0x0000000091400000, 0x0000000091500000, 0x0000000091500000|100%| E|CS|TAMS 0x0000000091400000, 0x0000000091400000| Complete 
| 277|0x0000000091500000, 0x0000000091600000, 0x0000000091600000|100%| E|CS|TAMS 0x0000000091500000, 0x0000000091500000| Complete 
| 278|0x0000000091600000, 0x0000000091700000, 0x0000000091700000|100%| E|CS|TAMS 0x0000000091600000, 0x0000000091600000| Complete 
| 279|0x0000000091700000, 0x0000000091800000, 0x0000000091800000|100%| E|CS|TAMS 0x0000000091700000, 0x0000000091700000| Complete 
| 280|0x0000000091800000, 0x0000000091900000, 0x0000000091900000|100%| E|CS|TAMS 0x0000000091800000, 0x0000000091800000| Complete 
| 281|0x0000000091900000, 0x0000000091a00000, 0x0000000091a00000|100%| E|CS|TAMS 0x0000000091900000, 0x0000000091900000| Complete 
| 282|0x0000000091a00000, 0x0000000091b00000, 0x0000000091b00000|100%| E|CS|TAMS 0x0000000091a00000, 0x0000000091a00000| Complete 
| 283|0x0000000091b00000, 0x0000000091c00000, 0x0000000091c00000|100%| E|CS|TAMS 0x0000000091b00000, 0x0000000091b00000| Complete 
| 284|0x0000000091c00000, 0x0000000091d00000, 0x0000000091d00000|100%| E|CS|TAMS 0x0000000091c00000, 0x0000000091c00000| Complete 
| 285|0x0000000091d00000, 0x0000000091e00000, 0x0000000091e00000|100%| E|CS|TAMS 0x0000000091d00000, 0x0000000091d00000| Complete 
| 286|0x0000000091e00000, 0x0000000091f00000, 0x0000000091f00000|100%| E|CS|TAMS 0x0000000091e00000, 0x0000000091e00000| Complete 
| 287|0x0000000091f00000, 0x0000000092000000, 0x0000000092000000|100%| E|CS|TAMS 0x0000000091f00000, 0x0000000091f00000| Complete 
| 288|0x0000000092000000, 0x0000000092100000, 0x0000000092100000|100%| E|CS|TAMS 0x0000000092000000, 0x0000000092000000| Complete 
| 289|0x0000000092100000, 0x0000000092190e90, 0x0000000092200000| 56%| S|CS|TAMS 0x0000000092100000, 0x0000000092100000| Complete 
| 290|0x0000000092200000, 0x0000000092300000, 0x0000000092300000|100%| S|CS|TAMS 0x0000000092200000, 0x0000000092200000| Complete 
| 291|0x0000000092300000, 0x0000000092400000, 0x0000000092400000|100%| E|CS|TAMS 0x0000000092300000, 0x0000000092300000| Complete 
| 292|0x0000000092400000, 0x0000000092500000, 0x0000000092500000|100%| E|CS|TAMS 0x0000000092400000, 0x0000000092400000| Complete 
| 293|0x0000000092500000, 0x0000000092600000, 0x0000000092600000|100%| E|CS|TAMS 0x0000000092500000, 0x0000000092500000| Complete 

Card table byte_map: [0x000001cad6410000,0x000001cad6810000] _byte_map_base: 0x000001cad6010000

Marking Bits (Prev, Next): (CMBitMap*) 0x000001cac2f2d9b0, (CMBitMap*) 0x000001cac2f2d978
 Prev Bits: [0x000001cad8c10000, 0x000001cadac10000)
 Next Bits: [0x000001cad6c10000, 0x000001cad8c10000)

Polling page: 0x000001cac1470000

Metaspace:

Usage:
  Non-class:    116.41 MB capacity,   113.51 MB ( 98%) used,     2.36 MB (  2%) free+waste,   548.81 KB ( <1%) overhead. 
      Class:     17.26 MB capacity,    15.65 MB ( 91%) used,     1.38 MB (  8%) free+waste,   236.81 KB (  1%) overhead. 
       Both:    133.67 MB capacity,   129.16 MB ( 97%) used,     3.74 MB (  3%) free+waste,   785.63 KB ( <1%) overhead. 

Virtual space:
  Non-class space:      118.00 MB reserved,     116.50 MB ( 99%) committed 
      Class space:        1.00 GB reserved,      17.45 MB (  2%) committed 
             Both:        1.12 GB reserved,     133.95 MB ( 12%) committed 

Chunk freelists:
   Non-Class:  30.00 KB
       Class:  81.00 KB
        Both:  111.00 KB

MaxMetaspaceSize: 17179869184.00 GB
CompressedClassSpaceSize: 1.00 GB

CodeHeap 'non-profiled nmethods': size=120064Kb used=17879Kb max_used=17879Kb free=102185Kb
 bounds [0x000001cace4b0000, 0x000001cacf630000, 0x000001cad59f0000]
CodeHeap 'profiled nmethods': size=120000Kb used=59913Kb max_used=60192Kb free=60086Kb
 bounds [0x000001cac6f80000, 0x000001cacaad0000, 0x000001cace4b0000]
CodeHeap 'non-nmethods': size=5696Kb used=2360Kb max_used=2433Kb free=3335Kb
 bounds [0x000001cac69f0000, 0x000001cac6c60000, 0x000001cac6f80000]
 total_blobs=28107 nmethods=27128 adapters=888
 compilation: enabled
              stopped_count=0, restarted_count=0
 full_count=0

Compilation events (20 events):
Event: 5530.405 Thread 0x000001cadd241800 nmethod 31881 0x000001cac8791410 code [0x000001cac8791620, 0x000001cac8791b28]
Event: 5530.406 Thread 0x000001cadd241800 31882       3       org.gradle.internal.service.DefaultServiceRegistry$OwnServices::annotationHandlerCreated (85 bytes)
Event: 5530.407 Thread 0x000001cadd241800 nmethod 31882 0x000001cac8f5fa90 code [0x000001cac8f5fd00, 0x000001cac8f606e8]
Event: 5530.413 Thread 0x000001cadd241800 31883   !   3       org.gradle.internal.reflect.JavaMethod::invoke (74 bytes)
Event: 5530.416 Thread 0x000001cadd241800 nmethod 31883 0x000001cac914ef90 code [0x000001cac914f320, 0x000001cac91509f8]
Event: 5530.439 Thread 0x000001cadd23f800 31884       4       groovy.lang.MetaClassImpl::findMethodInClassHierarchy (256 bytes)
Event: 5530.490 Thread 0x000001cadd23f800 nmethod 31884 0x000001cacf625210 code [0x000001cacf625440, 0x000001cacf6260c8]
Event: 5530.491 Thread 0x000001cadd23f800 31885       4       com.google.common.collect.ImmutableCollection::toArray (8 bytes)
Event: 5530.499 Thread 0x000001cadd23f800 nmethod 31885 0x000001cacf626790 code [0x000001cacf626940, 0x000001cacf626e38]
Event: 5530.537 Thread 0x000001cadd241800 31886       3       org.gradle.internal.io.StreamByteBuffer$StreamByteBufferInputStream::readImpl (150 bytes)
Event: 5530.538 Thread 0x000001cadd23f800 31887       4       org.gradle.internal.component.external.model.AbstractMutableModuleComponentResolveMetadata::setStatus (22 bytes)
Event: 5530.538 Thread 0x000001cadd241800 nmethod 31886 0x000001cac90ba810 code [0x000001cac90baa60, 0x000001cac90bb308]
Event: 5530.551 Thread 0x000001cadd23f800 nmethod 31887 0x000001cacf627190 code [0x000001cacf627360, 0x000001cacf627818]
Event: 5530.552 Thread 0x000001cadd23f800 31888   !   4       org.gradle.internal.serialize.kryo.KryoBackedDecoder::readInt (15 bytes)
Event: 5530.571 Thread 0x000001cadd23f800 nmethod 31888 0x000001cacf627b90 code [0x000001cacf627dc0, 0x000001cacf628500]
Event: 5530.573 Thread 0x000001cadd23f800 31889       4       org.gradle.internal.resolve.result.DefaultBuildableComponentIdResolveResult::mark (17 bytes)
Event: 5530.574 Thread 0x000001cadd241800 31890       3       org.gradle.api.internal.artifacts.ivyservice.resolveengine.graph.builder.EdgeState::computeExclusionsWhenExcludesPresent (28 bytes)
Event: 5530.575 Thread 0x000001cadd23f800 nmethod 31889 0x000001cacf628a90 code [0x000001cacf628c20, 0x000001cacf628d58]
Event: 5530.575 Thread 0x000001cadd241800 nmethod 31890 0x000001cac8742110 code [0x000001cac87422e0, 0x000001cac87425d8]
Event: 5530.578 Thread 0x000001cadd23f800 31891 %     4       org.gradle.api.internal.artifacts.ivyservice.resolveengine.graph.builder.DependencyGraphBuilder::assembleResult @ 61 (505 bytes)

GC Heap History (20 events):
Event: 3975.912 GC heap before
{Heap before GC invocations=74 (full 0):
 garbage-first heap   total 301056K, used 207986K [0x0000000080000000, 0x0000000100000000)
  region size 1024K, 91 young (93184K), 2 survivors (2048K)
 Metaspace       used 131356K, capacity 135746K, committed 136268K, reserved 1167360K
  class space    used 15980K, capacity 17583K, committed 17740K, reserved 1048576K
}
Event: 3975.941 GC heap after
{Heap after GC invocations=75 (full 0):
 garbage-first heap   total 301056K, used 115071K [0x0000000080000000, 0x0000000100000000)
  region size 1024K, 7 young (7168K), 7 survivors (7168K)
 Metaspace       used 131356K, capacity 135746K, committed 136268K, reserved 1167360K
  class space    used 15980K, capacity 17583K, committed 17740K, reserved 1048576K
}
Event: 3976.583 GC heap before
{Heap before GC invocations=75 (full 0):
 garbage-first heap   total 301056K, used 136575K [0x0000000080000000, 0x0000000100000000)
  region size 1024K, 30 young (30720K), 7 survivors (7168K)
 Metaspace       used 131377K, capacity 135811K, committed 136268K, reserved 1167360K
  class space    used 15980K, capacity 17583K, committed 17740K, reserved 1048576K
}
Event: 3976.612 GC heap after
{Heap after GC invocations=76 (full 0):
 garbage-first heap   total 301056K, used 118134K [0x0000000080000000, 0x0000000100000000)
  region size 1024K, 10 young (10240K), 10 survivors (10240K)
 Metaspace       used 131377K, capacity 135811K, committed 136268K, reserved 1167360K
  class space    used 15980K, capacity 17583K, committed 17740K, reserved 1048576K
}
Event: 4947.272 GC heap before
{Heap before GC invocations=77 (full 0):
 garbage-first heap   total 301056K, used 229636K [0x0000000080000000, 0x0000000100000000)
  region size 1024K, 113 young (115712K), 10 survivors (10240K)
 Metaspace       used 131449K, capacity 135939K, committed 136268K, reserved 1167360K
  class space    used 15980K, capacity 17583K, committed 17740K, reserved 1048576K
}
Event: 4947.289 GC heap after
{Heap after GC invocations=78 (full 0):
 garbage-first heap   total 301056K, used 112972K [0x0000000080000000, 0x0000000100000000)
  region size 1024K, 2 young (2048K), 2 survivors (2048K)
 Metaspace       used 131449K, capacity 135939K, committed 136268K, reserved 1167360K
  class space    used 15980K, capacity 17583K, committed 17740K, reserved 1048576K
}
Event: 5253.300 GC heap before
{Heap before GC invocations=78 (full 0):
 garbage-first heap   total 301056K, used 125260K [0x0000000080000000, 0x0000000100000000)
  region size 1024K, 14 young (14336K), 2 survivors (2048K)
 Metaspace       used 131449K, capacity 135939K, committed 136268K, reserved 1167360K
  class space    used 15980K, capacity 17583K, committed 17740K, reserved 1048576K
}
Event: 5253.337 GC heap after
{Heap after GC invocations=79 (full 0):
 garbage-first heap   total 301056K, used 98910K [0x0000000080000000, 0x0000000100000000)
  region size 1024K, 1 young (1024K), 1 survivors (1024K)
 Metaspace       used 131449K, capacity 135939K, committed 136268K, reserved 1167360K
  class space    used 15980K, capacity 17583K, committed 17740K, reserved 1048576K
}
Event: 5319.718 GC heap before
{Heap before GC invocations=79 (full 0):
 garbage-first heap   total 301056K, used 149086K [0x0000000080000000, 0x0000000100000000)
  region size 1024K, 52 young (53248K), 1 survivors (1024K)
 Metaspace       used 131479K, capacity 136003K, committed 136524K, reserved 1167360K
  class space    used 15980K, capacity 17583K, committed 17740K, reserved 1048576K
}
Event: 5319.753 GC heap after
{Heap after GC invocations=80 (full 0):
 garbage-first heap   total 301056K, used 105196K [0x0000000080000000, 0x0000000100000000)
  region size 1024K, 7 young (7168K), 7 survivors (7168K)
 Metaspace       used 131479K, capacity 136003K, committed 136524K, reserved 1167360K
  class space    used 15980K, capacity 17583K, committed 17740K, reserved 1048576K
}
Event: 5330.038 GC heap before
{Heap before GC invocations=81 (full 0):
 garbage-first heap   total 301056K, used 219884K [0x0000000080000000, 0x0000000100000000)
  region size 1024K, 112 young (114688K), 7 survivors (7168K)
 Metaspace       used 131580K, capacity 136014K, committed 136524K, reserved 1167360K
  class space    used 15982K, capacity 17584K, committed 17740K, reserved 1048576K
}
Event: 5330.055 GC heap after
{Heap after GC invocations=82 (full 0):
 garbage-first heap   total 301056K, used 104558K [0x0000000080000000, 0x0000000100000000)
  region size 1024K, 6 young (6144K), 6 survivors (6144K)
 Metaspace       used 131580K, capacity 136014K, committed 136524K, reserved 1167360K
  class space    used 15982K, capacity 17584K, committed 17740K, reserved 1048576K
}
Event: 5330.221 GC heap before
{Heap before GC invocations=82 (full 0):
 garbage-first heap   total 301056K, used 111726K [0x0000000080000000, 0x0000000100000000)
  region size 1024K, 14 young (14336K), 6 survivors (6144K)
 Metaspace       used 131580K, capacity 136014K, committed 136524K, reserved 1167360K
  class space    used 15982K, capacity 17584K, committed 17740K, reserved 1048576K
}
Event: 5330.239 GC heap after
{Heap after GC invocations=83 (full 0):
 garbage-first heap   total 301056K, used 90309K [0x0000000080000000, 0x0000000100000000)
  region size 1024K, 2 young (2048K), 2 survivors (2048K)
 Metaspace       used 131580K, capacity 136014K, committed 136524K, reserved 1167360K
  class space    used 15982K, capacity 17584K, committed 17740K, reserved 1048576K
}
Event: 5433.859 GC heap before
{Heap before GC invocations=83 (full 0):
 garbage-first heap   total 301056K, used 152773K [0x0000000080000000, 0x0000000100000000)
  region size 1024K, 65 young (66560K), 2 survivors (2048K)
 Metaspace       used 131664K, capacity 136144K, committed 136524K, reserved 1167360K
  class space    used 15983K, capacity 17584K, committed 17740K, reserved 1048576K
}
Event: 5433.925 GC heap after
{Heap after GC invocations=84 (full 0):
 garbage-first heap   total 301056K, used 97352K [0x0000000080000000, 0x0000000100000000)
  region size 1024K, 9 young (9216K), 9 survivors (9216K)
 Metaspace       used 131664K, capacity 136144K, committed 136524K, reserved 1167360K
  class space    used 15983K, capacity 17584K, committed 17740K, reserved 1048576K
}
Event: 5506.611 GC heap before
{Heap before GC invocations=85 (full 0):
 garbage-first heap   total 301056K, used 229448K [0x0000000080000000, 0x0000000100000000)
  region size 1024K, 128 young (131072K), 9 survivors (9216K)
 Metaspace       used 131927K, capacity 136437K, committed 136780K, reserved 1169408K
  class space    used 15983K, capacity 17584K, committed 17740K, reserved 1048576K
}
Event: 5506.645 GC heap after
{Heap after GC invocations=86 (full 0):
 garbage-first heap   total 301056K, used 104024K [0x0000000080000000, 0x0000000100000000)
  region size 1024K, 11 young (11264K), 11 survivors (11264K)
 Metaspace       used 131927K, capacity 136437K, committed 136780K, reserved 1169408K
  class space    used 15983K, capacity 17584K, committed 17740K, reserved 1048576K
}
Event: 5506.662 GC heap before
{Heap before GC invocations=86 (full 0):
 garbage-first heap   total 301056K, used 107096K [0x0000000080000000, 0x0000000100000000)
  region size 1024K, 14 young (14336K), 11 survivors (11264K)
 Metaspace       used 131927K, capacity 136437K, committed 136780K, reserved 1169408K
  class space    used 15983K, capacity 17584K, committed 17740K, reserved 1048576K
}
Event: 5506.692 GC heap after
{Heap after GC invocations=87 (full 0):
 garbage-first heap   total 301056K, used 101734K [0x0000000080000000, 0x0000000100000000)
  region size 1024K, 2 young (2048K), 2 survivors (2048K)
 Metaspace       used 131927K, capacity 136437K, committed 136780K, reserved 1169408K
  class space    used 15983K, capacity 17584K, committed 17740K, reserved 1048576K
}

Deoptimization events (20 events):
Event: 5508.008 Thread 0x000001cae1a93800 Uncommon trap: trap_request=0xffffffc6 fr.pc=0x000001cacf273ed4 relative=0x0000000000000474
Event: 5508.008 Thread 0x000001cae1a93800 Uncommon trap: reason=bimorphic_or_optimized_type_check action=maybe_recompile pc=0x000001cacf273ed4 method=java.util.concurrent.CopyOnWriteArrayList.indexOfRange(Ljava/lang/Object;[Ljava/lang/Object;II)I @ 46 c2
Event: 5508.008 Thread 0x000001cae1a93800 DEOPT PACKING pc=0x000001cacf273ed4 sp=0x00000038596fcaf0
Event: 5508.008 Thread 0x000001cae1a93800 DEOPT UNPACKING pc=0x000001cac6a165af sp=0x00000038596fcab0 mode 2
Event: 5508.008 Thread 0x000001cae1a93800 Uncommon trap: trap_request=0xffffffc6 fr.pc=0x000001cacf273ed4 relative=0x0000000000000474
Event: 5508.008 Thread 0x000001cae1a93800 Uncommon trap: reason=bimorphic_or_optimized_type_check action=maybe_recompile pc=0x000001cacf273ed4 method=java.util.concurrent.CopyOnWriteArrayList.indexOfRange(Ljava/lang/Object;[Ljava/lang/Object;II)I @ 46 c2
Event: 5508.008 Thread 0x000001cae1a93800 DEOPT PACKING pc=0x000001cacf273ed4 sp=0x00000038596fc8b0
Event: 5508.008 Thread 0x000001cae1a93800 DEOPT UNPACKING pc=0x000001cac6a165af sp=0x00000038596fc870 mode 2
Event: 5508.008 Thread 0x000001cae1a93800 Uncommon trap: trap_request=0xffffffc6 fr.pc=0x000001cacf273ed4 relative=0x0000000000000474
Event: 5508.008 Thread 0x000001cae1a93800 Uncommon trap: reason=bimorphic_or_optimized_type_check action=maybe_recompile pc=0x000001cacf273ed4 method=java.util.concurrent.CopyOnWriteArrayList.indexOfRange(Ljava/lang/Object;[Ljava/lang/Object;II)I @ 46 c2
Event: 5508.008 Thread 0x000001cae1a93800 DEOPT PACKING pc=0x000001cacf273ed4 sp=0x00000038596fc570
Event: 5508.008 Thread 0x000001cae1a93800 DEOPT UNPACKING pc=0x000001cac6a165af sp=0x00000038596fc530 mode 2
Event: 5508.028 Thread 0x000001cae1a93800 Uncommon trap: trap_request=0xffffffc6 fr.pc=0x000001cace52e814 relative=0x0000000000000b14
Event: 5508.028 Thread 0x000001cae1a93800 Uncommon trap: reason=bimorphic_or_optimized_type_check action=maybe_recompile pc=0x000001cace52e814 method=com.google.common.cache.LocalCache$Segment.get(Ljava/lang/Object;I)Ljava/lang/Object; @ 44 c2
Event: 5508.028 Thread 0x000001cae1a93800 DEOPT PACKING pc=0x000001cace52e814 sp=0x00000038596fd070
Event: 5508.028 Thread 0x000001cae1a93800 DEOPT UNPACKING pc=0x000001cac6a165af sp=0x00000038596fcfc0 mode 2
Event: 5508.028 Thread 0x000001cae1a93800 Uncommon trap: trap_request=0xffffffc6 fr.pc=0x000001cacf42a858 relative=0x00000000000022d8
Event: 5508.028 Thread 0x000001cae1a93800 Uncommon trap: reason=bimorphic_or_optimized_type_check action=maybe_recompile pc=0x000001cacf42a858 method=com.google.common.cache.LocalCache$Segment.newEntry(Ljava/lang/Object;ILcom/google/common/cache/ReferenceEntry;)Lcom/google/common/cache/ReferenceE
Event: 5508.028 Thread 0x000001cae1a93800 DEOPT PACKING pc=0x000001cacf42a858 sp=0x00000038596fd220
Event: 5508.028 Thread 0x000001cae1a93800 DEOPT UNPACKING pc=0x000001cac6a165af sp=0x00000038596fd130 mode 2

Classes redefined (0 events):
No events

Internal exceptions (20 events):
Event: 5507.318 Thread 0x000001cae1a93800 Exception <a 'sun/nio/fs/WindowsException'{0x0000000090e2df38}> (0x0000000090e2df38) thrown at [./src/hotspot/share/prims/jni.cpp, line 615]
Event: 5507.318 Thread 0x000001cae1a93800 Exception <a 'sun/nio/fs/WindowsException'{0x0000000090e2e0a0}> (0x0000000090e2e0a0) thrown at [./src/hotspot/share/prims/jni.cpp, line 615]
Event: 5507.406 Thread 0x000001cae1a93800 Exception <a 'sun/nio/fs/WindowsException'{0x0000000090ad5068}> (0x0000000090ad5068) thrown at [./src/hotspot/share/prims/jni.cpp, line 615]
Event: 5507.406 Thread 0x000001cae1a93800 Exception <a 'sun/nio/fs/WindowsException'{0x0000000090ad51f0}> (0x0000000090ad51f0) thrown at [./src/hotspot/share/prims/jni.cpp, line 615]
Event: 5507.468 Thread 0x000001cae60e1000 Implicit null exception at 0x000001cace5dcace to 0x000001cace5dd128
Event: 5507.469 Thread 0x000001cae60e1000 Implicit null exception at 0x000001cace6eb146 to 0x000001cace6eb4bc
Event: 5507.471 Thread 0x000001cae60e1000 Exception <a 'java/lang/NoSuchMethodError'{0x0000000090510da0}: <clinit>> (0x0000000090510da0) thrown at [./src/hotspot/share/prims/jni.cpp, line 1362]
Event: 5507.473 Thread 0x000001cae60e1000 Implicit null exception at 0x000001cace751cb3 to 0x000001cace7529bc
Event: 5507.474 Thread 0x000001cae60e1000 Exception <a 'java/lang/NoSuchMethodError'{0x000000009052cde0}: <clinit>> (0x000000009052cde0) thrown at [./src/hotspot/share/prims/jni.cpp, line 1362]
Event: 5507.649 Thread 0x000001cae41a0000 Exception <a 'sun/nio/fs/WindowsException'{0x000000008fe847a0}> (0x000000008fe847a0) thrown at [./src/hotspot/share/prims/jni.cpp, line 615]
Event: 5507.652 Thread 0x000001cae1a93800 Exception <a 'sun/nio/fs/WindowsException'{0x000000008fe59160}> (0x000000008fe59160) thrown at [./src/hotspot/share/prims/jni.cpp, line 615]
Event: 5507.652 Thread 0x000001cae1a93800 Exception <a 'sun/nio/fs/WindowsException'{0x000000008fe592d8}> (0x000000008fe592d8) thrown at [./src/hotspot/share/prims/jni.cpp, line 615]
Event: 5507.652 Thread 0x000001cae1a93800 Exception <a 'sun/nio/fs/WindowsException'{0x000000008fe5ac58}> (0x000000008fe5ac58) thrown at [./src/hotspot/share/prims/jni.cpp, line 615]
Event: 5508.003 Thread 0x000001cae1a93800 Implicit null exception at 0x000001cace721fce to 0x000001cace72258c
Event: 5508.126 Thread 0x000001cae1a8b000 Exception <a 'java/lang/NoSuchMethodError'{0x000000008f91c850}: <clinit>> (0x000000008f91c850) thrown at [./src/hotspot/share/prims/jni.cpp, line 1362]
Event: 5508.129 Thread 0x000001cae1a8b000 Exception <a 'java/lang/NoSuchMethodError'{0x000000008f92de00}: <clinit>> (0x000000008f92de00) thrown at [./src/hotspot/share/prims/jni.cpp, line 1362]
Event: 5508.130 Thread 0x000001cae1a8b000 Exception <a 'java/lang/NoSuchMethodError'{0x000000008f92f770}: <clinit>> (0x000000008f92f770) thrown at [./src/hotspot/share/prims/jni.cpp, line 1362]
Event: 5508.135 Thread 0x000001cae1a8b000 Exception <a 'java/lang/NoSuchMethodError'{0x000000008f942068}: <clinit>> (0x000000008f942068) thrown at [./src/hotspot/share/prims/jni.cpp, line 1362]
Event: 5508.143 Thread 0x000001cae1a8b000 Exception <a 'java/lang/NoSuchMethodError'{0x000000008f94e7b0}: <clinit>> (0x000000008f94e7b0) thrown at [./src/hotspot/share/prims/jni.cpp, line 1362]
Event: 5508.158 Thread 0x000001cae1a8b000 Exception <a 'java/lang/NoSuchMethodError'{0x000000008f964580}: <clinit>> (0x000000008f964580) thrown at [./src/hotspot/share/prims/jni.cpp, line 1362]

Events (20 events):
Event: 5530.591 Thread 0x000001cae60e0800 Thread added: 0x000001cae60e0800
Event: 5530.591 Thread 0x000001cae60e7000 Thread added: 0x000001cae60e7000
Event: 5530.591 Thread 0x000001cae60e4800 Thread added: 0x000001cae60e4800
Event: 5530.591 Thread 0x000001cae60ea000 Thread added: 0x000001cae60ea000
Event: 5530.591 Thread 0x000001cae60e7800 Thread added: 0x000001cae60e7800
Event: 5530.592 Thread 0x000001cae60ec000 Thread added: 0x000001cae60ec000
Event: 5530.592 Thread 0x000001cae60e6000 Thread added: 0x000001cae60e6000
Event: 5530.592 Thread 0x000001cae60eb000 Thread added: 0x000001cae60eb000
Event: 5530.592 Thread 0x000001cae60ec800 Thread added: 0x000001cae60ec800
Event: 5530.592 Thread 0x000001cae60e8800 Thread added: 0x000001cae60e8800
Event: 5530.633 Thread 0x000001cae60e9800 Thread added: 0x000001cae60e9800
Event: 5530.634 Thread 0x000001cae61d2000 Thread added: 0x000001cae61d2000
Event: 5530.634 Thread 0x000001cae61ce800 Thread added: 0x000001cae61ce800
Event: 5530.634 Thread 0x000001cae61ce000 Thread added: 0x000001cae61ce000
Event: 5530.634 Thread 0x000001cae61cc800 Thread added: 0x000001cae61cc800
Event: 5530.634 Thread 0x000001cae61cd000 Thread added: 0x000001cae61cd000
Event: 5530.635 Thread 0x000001cae61d0800 Thread added: 0x000001cae61d0800
Event: 5530.635 Thread 0x000001cae61d1000 Thread added: 0x000001cae61d1000
Event: 5530.783 Executing VM operation: RevokeBias
Event: 5530.807 Executing VM operation: RevokeBias done


Dynamic libraries:
0x00007ff7ad280000 - 0x00007ff7ad28a000 	C:\Program Files\Android\Android Studio\jre\bin\java.exe
0x00007ffe98e70000 - 0x00007ffe99065000 	C:\Windows\SYSTEM32\ntdll.dll
0x00007ffe97840000 - 0x00007ffe978fe000 	C:\Windows\System32\KERNEL32.DLL
0x00007ffe96810000 - 0x00007ffe96ad8000 	C:\Windows\System32\KERNELBASE.dll
0x00007ffe96d20000 - 0x00007ffe96e20000 	C:\Windows\System32\ucrtbase.dll
0x00007ffe87bf0000 - 0x00007ffe87c07000 	C:\Program Files\Android\Android Studio\jre\bin\VCRUNTIME140.dll
0x00007ffe87bd0000 - 0x00007ffe87be9000 	C:\Program Files\Android\Android Studio\jre\bin\jli.dll
0x00007ffe97ad0000 - 0x00007ffe97c71000 	C:\Windows\System32\USER32.dll
0x00007ffe8acc0000 - 0x00007ffe8af5a000 	C:\Windows\WinSxS\amd64_microsoft.windows.common-controls_6595b64144ccf1df_6.0.19041.1110_none_60b5254171f9507e\COMCTL32.dll
0x00007ffe96c40000 - 0x00007ffe96c62000 	C:\Windows\System32\win32u.dll
0x00007ffe97900000 - 0x00007ffe9799e000 	C:\Windows\System32\msvcrt.dll
0x00007ffe97c90000 - 0x00007ffe97cbb000 	C:\Windows\System32\GDI32.dll
0x00007ffe96700000 - 0x00007ffe9680d000 	C:\Windows\System32\gdi32full.dll
0x00007ffe96610000 - 0x00007ffe966ad000 	C:\Windows\System32\msvcp_win.dll
0x00007ffe97aa0000 - 0x00007ffe97ad0000 	C:\Windows\System32\IMM32.DLL
0x00007ffe6c800000 - 0x00007ffe6c89d000 	C:\Program Files\Android\Android Studio\jre\bin\msvcp140.dll
0x00007ffe675a0000 - 0x00007ffe68075000 	C:\Program Files\Android\Android Studio\jre\bin\server\jvm.dll
0x00007ffe97f60000 - 0x00007ffe9800c000 	C:\Windows\System32\ADVAPI32.dll
0x00007ffe98010000 - 0x00007ffe980ab000 	C:\Windows\System32\sechost.dll
0x00007ffe98800000 - 0x00007ffe9892a000 	C:\Windows\System32\RPCRT4.dll
0x00007ffe97c80000 - 0x00007ffe97c88000 	C:\Windows\System32\PSAPI.DLL
0x00007ffe93fa0000 - 0x00007ffe93fa9000 	C:\Windows\SYSTEM32\WSOCK32.dll
0x00007ffe89050000 - 0x00007ffe89077000 	C:\Windows\SYSTEM32\WINMM.dll
0x00007ffe98c90000 - 0x00007ffe98cfb000 	C:\Windows\System32\WS2_32.dll
0x00007ffe8bb30000 - 0x00007ffe8bb3a000 	C:\Windows\SYSTEM32\VERSION.dll
0x00007ffe94510000 - 0x00007ffe94522000 	C:\Windows\SYSTEM32\kernel.appcore.dll
0x00007ffe91f70000 - 0x00007ffe91f81000 	C:\Program Files\Android\Android Studio\jre\bin\verify.dll
0x00007ffe90f60000 - 0x00007ffe91144000 	C:\Windows\SYSTEM32\DBGHELP.DLL
0x00007ffe90e90000 - 0x00007ffe90ebc000 	C:\Windows\SYSTEM32\dbgcore.DLL
0x00007ffe96580000 - 0x00007ffe96602000 	C:\Windows\System32\bcryptPrimitives.dll
0x00007ffe8d400000 - 0x00007ffe8d429000 	C:\Program Files\Android\Android Studio\jre\bin\java.dll
0x00007ffe91f60000 - 0x00007ffe91f6b000 	C:\Program Files\Android\Android Studio\jre\bin\jimage.dll
0x00007ffe8d370000 - 0x00007ffe8d388000 	C:\Program Files\Android\Android Studio\jre\bin\zip.dll
0x00007ffe980b0000 - 0x00007ffe987f4000 	C:\Windows\System32\SHELL32.dll
0x00007ffe94820000 - 0x00007ffe94fb4000 	C:\Windows\SYSTEM32\windows.storage.dll
0x00007ffe98930000 - 0x00007ffe98c85000 	C:\Windows\System32\combase.dll
0x00007ffe95f00000 - 0x00007ffe95f2e000 	C:\Windows\SYSTEM32\Wldp.dll
0x00007ffe96ec0000 - 0x00007ffe96f6d000 	C:\Windows\System32\SHCORE.dll
0x00007ffe979a0000 - 0x00007ffe979f5000 	C:\Windows\System32\shlwapi.dll
0x00007ffe964c0000 - 0x00007ffe964df000 	C:\Windows\SYSTEM32\profapi.dll
0x00007ffe8ca00000 - 0x00007ffe8ca1a000 	C:\Program Files\Android\Android Studio\jre\bin\net.dll
0x00007ffe8e4a0000 - 0x00007ffe8e5ac000 	C:\Windows\SYSTEM32\WINHTTP.dll
0x00007ffe95c60000 - 0x00007ffe95cca000 	C:\Windows\system32\mswsock.dll
0x00007ffe8c830000 - 0x00007ffe8c844000 	C:\Program Files\Android\Android Studio\jre\bin\nio.dll
0x00007ffe8d2a0000 - 0x00007ffe8d2c7000 	C:\Users\Admin\.gradle\native\e1d6ef7f7dcc3fd88c89a11ec53ec762bb8ba0a96d01ffa2cd45eb1d1d8dd5c5\windows-amd64\native-platform.dll
0x00007ffe68f00000 - 0x00007ffe69044000 	C:\Users\Admin\.gradle\native\5664cfc778a61ccfe75a443a1ab52a65af34e5dc3c78e0209fed803814484fcb\windows-amd64\native-platform-file-events.dll
0x00007ffe91f50000 - 0x00007ffe91f5a000 	C:\Program Files\Android\Android Studio\jre\bin\management.dll
0x00007ffe908a0000 - 0x00007ffe908ad000 	C:\Program Files\Android\Android Studio\jre\bin\management_ext.dll
0x00007ffe95e60000 - 0x00007ffe95e78000 	C:\Windows\SYSTEM32\CRYPTSP.dll
0x00007ffe95790000 - 0x00007ffe957c4000 	C:\Windows\system32\rsaenh.dll
0x00007ffe96e80000 - 0x00007ffe96ea7000 	C:\Windows\System32\bcrypt.dll
0x00007ffe96440000 - 0x00007ffe9646e000 	C:\Windows\SYSTEM32\USERENV.dll
0x00007ffe95e50000 - 0x00007ffe95e5c000 	C:\Windows\SYSTEM32\CRYPTBASE.dll
0x00007ffe95950000 - 0x00007ffe9598b000 	C:\Windows\SYSTEM32\IPHLPAPI.DLL
0x00007ffe97a90000 - 0x00007ffe97a98000 	C:\Windows\System32\NSI.dll
0x00007ffe90700000 - 0x00007ffe90717000 	C:\Windows\SYSTEM32\dhcpcsvc6.DLL
0x00007ffe8ffb0000 - 0x00007ffe8ffcd000 	C:\Windows\SYSTEM32\dhcpcsvc.DLL
0x00007ffe95990000 - 0x00007ffe95a5b000 	C:\Windows\SYSTEM32\DNSAPI.dll
0x00007ffe95420000 - 0x00007ffe95453000 	C:\Windows\SYSTEM32\ntmarta.dll
0x00007ffe878f0000 - 0x00007ffe87917000 	C:\Program Files\Android\Android Studio\jre\bin\sunec.dll

dbghelp: loaded successfully - version: 4.0.5 - missing functions: none
symbol engine: initialized successfully - sym options: 0x614 - pdb path: .;C:\Program Files\Android\Android Studio\jre\bin;C:\Windows\SYSTEM32;C:\Windows\WinSxS\amd64_microsoft.windows.common-controls_6595b64144ccf1df_6.0.19041.1110_none_60b5254171f9507e;C:\Program Files\Android\Android Studio\jre\bin\server;C:\Users\Admin\.gradle\native\e1d6ef7f7dcc3fd88c89a11ec53ec762bb8ba0a96d01ffa2cd45eb1d1d8dd5c5\windows-amd64;C:\Users\Admin\.gradle\native\5664cfc778a61ccfe75a443a1ab52a65af34e5dc3c78e0209fed803814484fcb\windows-amd64

VM Arguments:
jvm_args: --add-opens=java.base/java.util=ALL-UNNAMED --add-opens=java.base/java.lang=ALL-UNNAMED --add-opens=java.base/java.lang.invoke=ALL-UNNAMED --add-opens=java.base/java.util=ALL-UNNAMED --add-opens=java.prefs/java.util.prefs=ALL-UNNAMED --add-opens=java.prefs/java.util.prefs=ALL-UNNAMED --add-opens=java.base/java.nio.charset=ALL-UNNAMED --add-opens=java.base/java.net=ALL-UNNAMED --add-opens=java.base/java.util.concurrent.atomic=ALL-UNNAMED -Xmx2048m -Dfile.encoding=UTF-8 -Duser.country=US -Duser.language=en -Duser.variant 
java_command: org.gradle.launcher.daemon.bootstrap.GradleDaemon 7.2
java_class_path (initial): C:\Users\Admin\.gradle\wrapper\dists\gradle-7.2-bin\2dnblmf4td7x66yl1d74lt32g\gradle-7.2\lib\gradle-launcher-7.2.jar
Launcher Type: SUN_STANDARD

[Global flags]
     intx CICompilerCount                          = 3                                         {product} {ergonomic}
     uint ConcGCThreads                            = 1                                         {product} {ergonomic}
     uint G1ConcRefinementThreads                  = 4                                         {product} {ergonomic}
   size_t G1HeapRegionSize                         = 1048576                                   {product} {ergonomic}
    uintx GCDrainStackTargetSize                   = 64                                        {product} {ergonomic}
   size_t InitialHeapSize                          = 67108864                                  {product} {ergonomic}
   size_t MarkStackSize                            = 4194304                                   {product} {ergonomic}
   size_t MaxHeapSize                              = 2147483648                                {product} {command line}
   size_t MaxNewSize                               = 1287651328                                {product} {ergonomic}
   size_t MinHeapDeltaBytes                        = 1048576                                   {product} {ergonomic}
    uintx NonNMethodCodeHeapSize                   = 5830732                                {pd product} {ergonomic}
    uintx NonProfiledCodeHeapSize                  = 122913754                              {pd product} {ergonomic}
    uintx ProfiledCodeHeapSize                     = 122913754                              {pd product} {ergonomic}
    uintx ReservedCodeCacheSize                    = 251658240                              {pd product} {ergonomic}
     bool SegmentedCodeCache                       = true                                      {product} {ergonomic}
     bool UseCompressedClassPointers               = true                                 {lp64_product} {ergonomic}
     bool UseCompressedOops                        = true                                 {lp64_product} {ergonomic}
     bool UseG1GC                                  = true                                      {product} {ergonomic}
     bool UseLargePagesIndividualAllocation        = false                                  {pd product} {ergonomic}

Logging:
Log output configuration:
 #0: stdout all=warning uptime,level,tags
 #1: stderr all=off uptime,level,tags

Environment Variables:
PATH=C:\Program Files (x86)\Common Files\Oracle\Java\javapath;C:\Program Files (x86)\VMware\VMware Player\bin\;C:\Windows\system32;C:\Windows;C:\Windows\System32\Wbem;C:\Windows\System32\WindowsPowerShell\v1.0\;C:\Windows\System32\OpenSSH\;C:\Program Files\dotnet\;C:\Users\Admin\AppData\Local\Microsoft\WindowsApps;C:\Users\Admin\.dotnet\tools
USERNAME=Admin
OS=Windows_NT
PROCESSOR_IDENTIFIER=Intel64 Family 6 Model 42 Stepping 7, GenuineIntel



---------------  S Y S T E M  ---------------

OS: Windows 10 , 64 bit Build 19041 (10.0.19041.1348)
OS uptime: 0 days 7:03 hours

CPU:total 4 (initial active 4) (2 cores per cpu, 2 threads per core) family 6 model 42 stepping 7 microcode 0x2f, cmov, cx8, fxsr, mmx, sse, sse2, sse3, ssse3, sse4.1, sse4.2, popcnt, avx, clmul, ht, tsc, tscinvbit

Memory: 4k page, system-wide physical 4004M (310M free)
TotalPageFile size 4004M (AvailPageFile size 5M)
current process WorkingSet (physical memory assigned to process): 390M, peak: 534M
current process commit charge ("private bytes"): 699M, peak: 705M

vm_info: OpenJDK 64-Bit Server VM (11.0.11+9-b60-7590822) for windows-amd64 JRE (11.0.11+9-b60-7590822), built on Jul 29 2021 21:43:44 by "builder" with MS VC++ 14.0 (VS2015)

END.
