#
# There is insufficient memory for the Java Runtime Environment to continue.
# Native memory allocation (malloc) failed to allocate 1082896 bytes for Chunk::new
# Possible reasons:
#   The system is out of physical RAM or swap space
#   The process is running with CompressedOops enabled, and the Java Heap may be blocking the growth of the native heap
# Possible solutions:
#   Reduce memory load on the system
#   Increase physical memory or swap space
#   Check if swap backing store is full
#   Decrease Java heap size (-Xmx/-Xms)
#   Decrease number of Java threads
#   Decrease Java thread stack sizes (-Xss)
#   Set larger code cache with -XX:ReservedCodeCacheSize=
#   JVM is running with Unscaled Compressed Oops mode in which the Java heap is
#     placed in the first 4GB address space. The Java Heap base address is the
#     maximum limit for the native heap growth. Please use -XX:HeapBaseMinAddress
#     to set the Java Heap base and to place the Java Heap above 4GB virtual address.
# This output file may be truncated or incomplete.
#
#  Out of Memory Error (./src/hotspot/share/memory/arena.cpp:197), pid=5012, tid=3472
#
# JRE version: OpenJDK Runtime Environment (11.0.11+9) (build 11.0.11+9-b60-7590822)
# Java VM: OpenJDK 64-Bit Server VM (11.0.11+9-b60-7590822, mixed mode, tiered, compressed oops, g1 gc, windows-amd64)
# No core dump will be written. Minidumps are not enabled by default on client versions of Windows
#

---------------  S U M M A R Y ------------

Command Line: --add-opens=java.base/java.util=ALL-UNNAMED --add-opens=java.base/java.lang=ALL-UNNAMED --add-opens=java.base/java.lang.invoke=ALL-UNNAMED --add-opens=java.base/java.util=ALL-UNNAMED --add-opens=java.prefs/java.util.prefs=ALL-UNNAMED --add-opens=java.prefs/java.util.prefs=ALL-UNNAMED --add-opens=java.base/java.nio.charset=ALL-UNNAMED --add-opens=java.base/java.net=ALL-UNNAMED --add-opens=java.base/java.util.concurrent.atomic=ALL-UNNAMED -Xmx2048m -Dfile.encoding=UTF-8 -Duser.country=US -Duser.language=en -Duser.variant org.gradle.launcher.daemon.bootstrap.GradleDaemon 7.2

Host: Intel(R) Core(TM) i3-2330M CPU @ 2.20GHz, 4 cores, 3G,  Windows 10 , 64 bit Build 19041 (10.0.19041.1348)
Time: Sat Mar 26 17:33:59 2022 SE Asia Standard Time elapsed time: 30.282599 seconds (0d 0h 0m 30s)

---------------  T H R E A D  ---------------

Current thread (0x0000028af19a6000):  JavaThread "C2 CompilerThread0" daemon [_thread_in_native, id=3472, stack(0x000000c33e700000,0x000000c33e800000)]


Current CompileTask:
C2:  30282 10749 %     4       com.android.tools.r8.dex.r::m @ 64 (2110 bytes)

Stack: [0x000000c33e700000,0x000000c33e800000]
Native frames: (J=compiled Java code, j=interpreted, Vv=VM code, C=native code)
V  [jvm.dll+0x5f214a]
V  [jvm.dll+0x726fb5]
V  [jvm.dll+0x7285cd]
V  [jvm.dll+0x728c83]
V  [jvm.dll+0x243278]
V  [jvm.dll+0xbc53c]
V  [jvm.dll+0xbca3c]
V  [jvm.dll+0x353e7d]
V  [jvm.dll+0x19895c]
V  [jvm.dll+0x1fc2ee]
V  [jvm.dll+0x1fb3d4]
V  [jvm.dll+0x183d6c]
V  [jvm.dll+0x209a57]
V  [jvm.dll+0x2082a1]
V  [jvm.dll+0x6ef58f]
V  [jvm.dll+0x6e80b5]
V  [jvm.dll+0x5f1036]
C  [ucrtbase.dll+0x21bb2]
C  [KERNEL32.DLL+0x17034]
C  [ntdll.dll+0x52651]


---------------  P R O C E S S  ---------------

Threads class SMR info:
_java_thread_list=0x0000028afb8e59a0, length=97, elements={
0x0000028ad7d8d800, 0x0000028af1938800, 0x0000028af193c000, 0x0000028af1946800,
0x0000028af1997000, 0x0000028af1999000, 0x0000028af19a6000, 0x0000028af19aa800,
0x0000028af19af800, 0x0000028af2426000, 0x0000028af3de7000, 0x0000028af2664800,
0x0000028af53df800, 0x0000028af503a800, 0x0000028af5382800, 0x0000028af4f2a000,
0x0000028af37e5800, 0x0000028af43b1000, 0x0000028af4d03000, 0x0000028af4cfd000,
0x0000028af4cff000, 0x0000028af4d01800, 0x0000028af4d00800, 0x0000028af48aa000,
0x0000028af4d02000, 0x0000028af4d04000, 0x0000028af4cfe000, 0x0000028af4cff800,
0x0000028af54ca000, 0x0000028af54c7800, 0x0000028af54c9000, 0x0000028af54c8800,
0x0000028af54c5000, 0x0000028af54cb800, 0x0000028af54cc800, 0x0000028af54c6800,
0x0000028af54d1800, 0x0000028af54cd800, 0x0000028af54ce000, 0x0000028af54d2000,
0x0000028af54d0800, 0x0000028af54d4000, 0x0000028af54d3000, 0x0000028af54cf800,
0x0000028af54cf000, 0x0000028af442d000, 0x0000028af4427800, 0x0000028af4429000,
0x0000028af442a000, 0x0000028af442c800, 0x0000028af442e000, 0x0000028af4428800,
0x0000028af442a800, 0x0000028af442b800, 0x0000028af5ba7000, 0x0000028af5ba8000,
0x0000028af5ba5800, 0x0000028af5ba6000, 0x0000028af5baa000, 0x0000028af5bad800,
0x0000028af5bac000, 0x0000028af5bae800, 0x0000028af5ba8800, 0x0000028af5bab000,
0x0000028af5bac800, 0x0000028af5baf000, 0x0000028af5ba9800, 0x0000028af5bb3000,
0x0000028af5bb1800, 0x0000028af5bb4000, 0x0000028af5bb0000, 0x0000028af5bb1000,
0x0000028af5bb2800, 0x0000028af337c000, 0x0000028af3378000, 0x0000028af337d000,
0x0000028af3377000, 0x0000028af3378800, 0x0000028af337d800, 0x0000028af337b000,
0x0000028af3379800, 0x0000028af337a800, 0x0000028af3384000, 0x0000028af3381800,
0x0000028af3385000, 0x0000028af3383800, 0x0000028af3380000, 0x0000028af3382800,
0x0000028af3381000, 0x0000028af337f800, 0x0000028af3386000, 0x0000028af751a000,
0x0000028af7519800, 0x0000028af751c000, 0x0000028af7520000, 0x0000028af751b000,
0x0000028af751c800
}

Java Threads: ( => current thread )
  0x0000028ad7d8d800 JavaThread "main" [_thread_blocked, id=5600, stack(0x000000c33db00000,0x000000c33dc00000)]
  0x0000028af1938800 JavaThread "Reference Handler" daemon [_thread_blocked, id=1260, stack(0x000000c33e200000,0x000000c33e300000)]
  0x0000028af193c000 JavaThread "Finalizer" daemon [_thread_blocked, id=3404, stack(0x000000c33e300000,0x000000c33e400000)]
  0x0000028af1946800 JavaThread "Signal Dispatcher" daemon [_thread_blocked, id=4740, stack(0x000000c33e400000,0x000000c33e500000)]
  0x0000028af1997000 JavaThread "Attach Listener" daemon [_thread_blocked, id=2264, stack(0x000000c33e500000,0x000000c33e600000)]
  0x0000028af1999000 JavaThread "Service Thread" daemon [_thread_blocked, id=1292, stack(0x000000c33e600000,0x000000c33e700000)]
=>0x0000028af19a6000 JavaThread "C2 CompilerThread0" daemon [_thread_in_native, id=3472, stack(0x000000c33e700000,0x000000c33e800000)]
  0x0000028af19aa800 JavaThread "C1 CompilerThread0" daemon [_thread_in_vm, id=5376, stack(0x000000c33e800000,0x000000c33e900000)]
  0x0000028af19af800 JavaThread "Sweeper thread" daemon [_thread_blocked, id=3364, stack(0x000000c33e900000,0x000000c33ea00000)]
  0x0000028af2426000 JavaThread "Common-Cleaner" daemon [_thread_blocked, id=5880, stack(0x000000c33ea00000,0x000000c33eb00000)]
  0x0000028af3de7000 JavaThread "Daemon health stats" [_thread_blocked, id=2596, stack(0x000000c33ee00000,0x000000c33ef00000)]
  0x0000028af2664800 JavaThread "Incoming local TCP Connector on port 56987" [_thread_in_native, id=5808, stack(0x000000c33ec00000,0x000000c33ed00000)]
  0x0000028af53df800 JavaThread "Daemon periodic checks" [_thread_blocked, id=1856, stack(0x000000c33ef00000,0x000000c33f000000)]
  0x0000028af503a800 JavaThread "Daemon" [_thread_blocked, id=5520, stack(0x000000c33f000000,0x000000c33f100000)]
  0x0000028af5382800 JavaThread "Handler for socket connection from /127.0.0.1:56987 to /127.0.0.1:56988" [_thread_in_native, id=5900, stack(0x000000c33f100000,0x000000c33f200000)]
  0x0000028af4f2a000 JavaThread "Cancel handler" [_thread_blocked, id=3396, stack(0x000000c33f200000,0x000000c33f300000)]
  0x0000028af37e5800 JavaThread "Daemon worker" [_thread_blocked, id=896, stack(0x000000c33f300000,0x000000c33f400000)]
  0x0000028af43b1000 JavaThread "Asynchronous log dispatcher for DefaultDaemonConnection: socket connection from /127.0.0.1:56987 to /127.0.0.1:56988" [_thread_blocked, id=5956, stack(0x000000c33f400000,0x000000c33f500000)]
  0x0000028af4d03000 JavaThread "Stdin handler" [_thread_blocked, id=4540, stack(0x000000c33f500000,0x000000c33f600000)]
  0x0000028af4cfd000 JavaThread "Daemon client event forwarder" [_thread_blocked, id=5680, stack(0x000000c33f600000,0x000000c33f700000)]
  0x0000028af4cff000 JavaThread "Cache worker for journal cache (C:\Users\Admin\.gradle\caches\journal-1)" [_thread_blocked, id=2208, stack(0x000000c33f900000,0x000000c33fa00000)]
  0x0000028af4d01800 JavaThread "File lock request listener" [_thread_in_native, id=5764, stack(0x000000c33fa00000,0x000000c33fb00000)]
  0x0000028af4d00800 JavaThread "Cache worker for file hash cache (C:\Users\Admin\.gradle\caches\7.2\fileHashes)" [_thread_blocked, id=3620, stack(0x000000c33fb00000,0x000000c33fc00000)]
  0x0000028af48aa000 JavaThread "C2 CompilerThread1" daemon [_thread_in_native, id=1336, stack(0x000000c33fc00000,0x000000c33fd00000)]
  0x0000028af4d02000 JavaThread "Cache worker for file hash cache (C:\Users\Admin\AndroidStudioProjects\DailySelfie\.gradle\7.2\fileHashes)" [_thread_blocked, id=5128, stack(0x000000c33fd00000,0x000000c33fe00000)]
  0x0000028af4d04000 JavaThread "File watcher server" daemon [_thread_in_native, id=5604, stack(0x000000c33fe00000,0x000000c33ff00000)]
  0x0000028af4cfe000 JavaThread "File watcher consumer" daemon [_thread_blocked, id=1640, stack(0x000000c33ff00000,0x000000c340000000)]
  0x0000028af4cff800 JavaThread "Cache worker for checksums cache (C:\Users\Admin\AndroidStudioProjects\DailySelfie\.gradle\checksums)" [_thread_blocked, id=4084, stack(0x000000c340000000,0x000000c340100000)]
  0x0000028af54ca000 JavaThread "Cache worker for cache directory md-supplier (C:\Users\Admin\.gradle\caches\7.2\md-supplier)" [_thread_blocked, id=4960, stack(0x000000c340100000,0x000000c340200000)]
  0x0000028af54c7800 JavaThread "Cache worker for cache directory md-rule (C:\Users\Admin\.gradle\caches\7.2\md-rule)" [_thread_blocked, id=1096, stack(0x000000c340200000,0x000000c340300000)]
  0x0000028af54c9000 JavaThread "Cache worker for execution history cache (C:\Users\Admin\.gradle\caches\7.2\executionHistory)" [_thread_blocked, id=1392, stack(0x000000c340300000,0x000000c340400000)]
  0x0000028af54c8800 JavaThread "jar transforms" [_thread_blocked, id=5260, stack(0x000000c340400000,0x000000c340500000)]
  0x0000028af54c5000 JavaThread "Cache worker for file content cache (C:\Users\Admin\.gradle\caches\7.2\fileContent)" [_thread_blocked, id=1528, stack(0x000000c340500000,0x000000c340600000)]
  0x0000028af54cb800 JavaThread "jar transforms Thread 2" [_thread_blocked, id=3520, stack(0x000000c340600000,0x000000c340700000)]
  0x0000028af54cc800 JavaThread "Cache worker for dependencies-accessors (C:\Users\Admin\AndroidStudioProjects\DailySelfie\.gradle\7.2\dependencies-accessors)" [_thread_blocked, id=5184, stack(0x000000c340700000,0x000000c340800000)]
  0x0000028af54c6800 JavaThread "jar transforms Thread 3" [_thread_blocked, id=4040, stack(0x000000c340800000,0x000000c340900000)]
  0x0000028af54d1800 JavaThread "Cache worker for Build Output Cleanup Cache (C:\Users\Admin\AndroidStudioProjects\DailySelfie\.gradle\buildOutputCleanup)" [_thread_blocked, id=5800, stack(0x000000c340900000,0x000000c340a00000)]
  0x0000028af54cd800 JavaThread "Unconstrained build operations" [_thread_blocked, id=336, stack(0x000000c340a00000,0x000000c340b00000)]
  0x0000028af54ce000 JavaThread "Unconstrained build operations Thread 2" [_thread_blocked, id=4576, stack(0x000000c340b00000,0x000000c340c00000)]
  0x0000028af54d2000 JavaThread "Unconstrained build operations Thread 3" [_thread_blocked, id=4500, stack(0x000000c340c00000,0x000000c340d00000)]
  0x0000028af54d0800 JavaThread "Unconstrained build operations Thread 4" [_thread_blocked, id=1992, stack(0x000000c340d00000,0x000000c340e00000)]
  0x0000028af54d4000 JavaThread "Unconstrained build operations Thread 5" [_thread_blocked, id=5792, stack(0x000000c340e00000,0x000000c340f00000)]
  0x0000028af54d3000 JavaThread "Unconstrained build operations Thread 6" [_thread_blocked, id=4468, stack(0x000000c340f00000,0x000000c341000000)]
  0x0000028af54cf800 JavaThread "Unconstrained build operations Thread 7" [_thread_blocked, id=5100, stack(0x000000c341000000,0x000000c341100000)]
  0x0000028af54cf000 JavaThread "Unconstrained build operations Thread 8" [_thread_blocked, id=1704, stack(0x000000c341100000,0x000000c341200000)]
  0x0000028af442d000 JavaThread "Unconstrained build operations Thread 9" [_thread_blocked, id=6076, stack(0x000000c341200000,0x000000c341300000)]
  0x0000028af4427800 JavaThread "Unconstrained build operations Thread 10" [_thread_blocked, id=5400, stack(0x000000c341300000,0x000000c341400000)]
  0x0000028af4429000 JavaThread "Unconstrained build operations Thread 11" [_thread_blocked, id=924, stack(0x000000c341400000,0x000000c341500000)]
  0x0000028af442a000 JavaThread "Unconstrained build operations Thread 12" [_thread_blocked, id=2688, stack(0x000000c341500000,0x000000c341600000)]
  0x0000028af442c800 JavaThread "Unconstrained build operations Thread 13" [_thread_blocked, id=5472, stack(0x000000c341600000,0x000000c341700000)]
  0x0000028af442e000 JavaThread "Unconstrained build operations Thread 14" [_thread_blocked, id=2172, stack(0x000000c341700000,0x000000c341800000)]
  0x0000028af4428800 JavaThread "Unconstrained build operations Thread 15" [_thread_blocked, id=4464, stack(0x000000c341800000,0x000000c341900000)]
  0x0000028af442a800 JavaThread "Unconstrained build operations Thread 16" [_thread_blocked, id=5496, stack(0x000000c341900000,0x000000c341a00000)]
  0x0000028af442b800 JavaThread "Unconstrained build operations Thread 17" [_thread_blocked, id=1600, stack(0x000000c341a00000,0x000000c341b00000)]
  0x0000028af5ba7000 JavaThread "Unconstrained build operations Thread 18" [_thread_blocked, id=220, stack(0x000000c341b00000,0x000000c341c00000)]
  0x0000028af5ba8000 JavaThread "Unconstrained build operations Thread 19" [_thread_blocked, id=4284, stack(0x000000c341c00000,0x000000c341d00000)]
  0x0000028af5ba5800 JavaThread "Unconstrained build operations Thread 20" [_thread_blocked, id=5644, stack(0x000000c341d00000,0x000000c341e00000)]
  0x0000028af5ba6000 JavaThread "Unconstrained build operations Thread 21" [_thread_blocked, id=1864, stack(0x000000c341e00000,0x000000c341f00000)]
  0x0000028af5baa000 JavaThread "Unconstrained build operations Thread 22" [_thread_blocked, id=288, stack(0x000000c341f00000,0x000000c342000000)]
  0x0000028af5bad800 JavaThread "Unconstrained build operations Thread 23" [_thread_blocked, id=5720, stack(0x000000c342000000,0x000000c342100000)]
  0x0000028af5bac000 JavaThread "Unconstrained build operations Thread 24" [_thread_blocked, id=3992, stack(0x000000c342100000,0x000000c342200000)]
  0x0000028af5bae800 JavaThread "Unconstrained build operations Thread 25" [_thread_blocked, id=4940, stack(0x000000c342200000,0x000000c342300000)]
  0x0000028af5ba8800 JavaThread "Unconstrained build operations Thread 26" [_thread_blocked, id=5368, stack(0x000000c342300000,0x000000c342400000)]
  0x0000028af5bab000 JavaThread "Unconstrained build operations Thread 27" [_thread_blocked, id=5416, stack(0x000000c342400000,0x000000c342500000)]
  0x0000028af5bac800 JavaThread "Unconstrained build operations Thread 28" [_thread_blocked, id=4404, stack(0x000000c342500000,0x000000c342600000)]
  0x0000028af5baf000 JavaThread "Unconstrained build operations Thread 29" [_thread_blocked, id=5200, stack(0x000000c342600000,0x000000c342700000)]
  0x0000028af5ba9800 JavaThread "Unconstrained build operations Thread 30" [_thread_blocked, id=2012, stack(0x000000c342700000,0x000000c342800000)]
  0x0000028af5bb3000 JavaThread "Unconstrained build operations Thread 31" [_thread_blocked, id=2880, stack(0x000000c342800000,0x000000c342900000)]
  0x0000028af5bb1800 JavaThread "Unconstrained build operations Thread 32" [_thread_blocked, id=1904, stack(0x000000c342900000,0x000000c342a00000)]
  0x0000028af5bb4000 JavaThread "Unconstrained build operations Thread 33" [_thread_blocked, id=120, stack(0x000000c342a00000,0x000000c342b00000)]
  0x0000028af5bb0000 JavaThread "Unconstrained build operations Thread 34" [_thread_blocked, id=6100, stack(0x000000c342b00000,0x000000c342c00000)]
  0x0000028af5bb1000 JavaThread "Unconstrained build operations Thread 35" [_thread_blocked, id=780, stack(0x000000c342c00000,0x000000c342d00000)]
  0x0000028af5bb2800 JavaThread "Unconstrained build operations Thread 36" [_thread_blocked, id=5652, stack(0x000000c342d00000,0x000000c342e00000)]
  0x0000028af337c000 JavaThread "Unconstrained build operations Thread 37" [_thread_blocked, id=4604, stack(0x000000c342e00000,0x000000c342f00000)]
  0x0000028af3378000 JavaThread "Unconstrained build operations Thread 38" [_thread_blocked, id=5028, stack(0x000000c342f00000,0x000000c343000000)]
  0x0000028af337d000 JavaThread "Unconstrained build operations Thread 39" [_thread_blocked, id=4460, stack(0x000000c343000000,0x000000c343100000)]
  0x0000028af3377000 JavaThread "Unconstrained build operations Thread 40" [_thread_blocked, id=1124, stack(0x000000c343100000,0x000000c343200000)]
  0x0000028af3378800 JavaThread "jar transforms Thread 4" [_thread_blocked, id=5048, stack(0x000000c343200000,0x000000c343300000)]
  0x0000028af337d800 JavaThread "Memory manager" [_thread_blocked, id=4144, stack(0x000000c343300000,0x000000c343400000)]
  0x0000028af337b000 JavaThread "build event listener" [_thread_blocked, id=4732, stack(0x000000c343400000,0x000000c343500000)]
  0x0000028af3379800 JavaThread "pool-3-thread-1" [_thread_blocked, id=948, stack(0x000000c343500000,0x000000c343600000)]
  0x0000028af337a800 JavaThread "build event listener" [_thread_blocked, id=2008, stack(0x000000c343600000,0x000000c343700000)]
  0x0000028af3384000 JavaThread "Execution worker for ':'" [_thread_blocked, id=4680, stack(0x000000c343700000,0x000000c343800000)]
  0x0000028af3381800 JavaThread "Execution worker for ':' Thread 2" [_thread_blocked, id=1852, stack(0x000000c343800000,0x000000c343900000)]
  0x0000028af3385000 JavaThread "Execution worker for ':' Thread 3" [_thread_blocked, id=3284, stack(0x000000c343900000,0x000000c343a00000)]
  0x0000028af3383800 JavaThread "Cache worker for execution history cache (C:\Users\Admin\AndroidStudioProjects\DailySelfie\.gradle\7.2\executionHistory)" [_thread_blocked, id=4876, stack(0x000000c343a00000,0x000000c343b00000)]
  0x0000028af3380000 JavaThread "WorkerExecutor Queue" [_thread_blocked, id=2860, stack(0x000000c343b00000,0x000000c343c00000)]
  0x0000028af3382800 JavaThread "WorkerExecutor Queue Thread 2" [_thread_blocked, id=1508, stack(0x000000c343c00000,0x000000c343d00000)]
  0x0000028af3381000 JavaThread "WorkerExecutor Queue Thread 3" [_thread_blocked, id=5464, stack(0x000000c343d00000,0x000000c343e00000)]
  0x0000028af337f800 JavaThread "WorkerExecutor Queue Thread 4" [_thread_blocked, id=4676, stack(0x000000c343e00000,0x000000c343f00000)]
  0x0000028af3386000 JavaThread "pool-4-thread-1" [_thread_blocked, id=3176, stack(0x000000c343f00000,0x000000c344000000)]
  0x0000028af751a000 JavaThread "stderr" [_thread_in_native, id=3332, stack(0x000000c344000000,0x000000c344100000)]
  0x0000028af7519800 JavaThread "stdout" [_thread_in_native, id=5928, stack(0x000000c344100000,0x000000c344200000)]
  0x0000028af751c000 JavaThread "ForkJoinPool-1-worker-3" daemon [_thread_in_vm, id=3088, stack(0x000000c344200000,0x000000c344300000)]
  0x0000028af7520000 JavaThread "ForkJoinPool-1-worker-5" daemon [_thread_in_vm, id=1044, stack(0x000000c344300000,0x000000c344400000)]
  0x0000028af751b000 JavaThread "ForkJoinPool-1-worker-7" daemon [_thread_in_native, id=4396, stack(0x000000c344400000,0x000000c344500000)]
  0x0000028af751c800 JavaThread "ForkJoinPool-1-worker-1" daemon [_thread_blocked, id=2636, stack(0x000000c344500000,0x000000c344600000)]

Other Threads:
  0x0000028af1931800 VMThread "VM Thread" [stack: 0x000000c33e100000,0x000000c33e200000] [id=1196]
  0x0000028af2451800 WatcherThread [stack: 0x000000c33eb00000,0x000000c33ec00000] [id=4956]
  0x0000028ad7da5000 GCTaskThread "GC Thread#0" [stack: 0x000000c33dc00000,0x000000c33dd00000] [id=6020]
  0x0000028af2dd3000 GCTaskThread "GC Thread#1" [stack: 0x000000c33ed00000,0x000000c33ee00000] [id=6084]
  0x0000028af4d3e800 GCTaskThread "GC Thread#2" [stack: 0x000000c33f700000,0x000000c33f800000] [id=5636]
  0x0000028af3e75000 GCTaskThread "GC Thread#3" [stack: 0x000000c33f800000,0x000000c33f900000] [id=4852]
  0x0000028ad7dd7000 ConcurrentGCThread "G1 Main Marker" [stack: 0x000000c33dd00000,0x000000c33de00000] [id=3548]
  0x0000028ad7dd8000 ConcurrentGCThread "G1 Conc#0" [stack: 0x000000c33de00000,0x000000c33df00000] [id=5244]
  0x0000028ad7e33000 ConcurrentGCThread "G1 Refine#0" [stack: 0x000000c33df00000,0x000000c33e000000] [id=5176]
  0x0000028ad7e34000 ConcurrentGCThread "G1 Young RemSet Sampling" [stack: 0x000000c33e000000,0x000000c33e100000] [id=5568]

Threads with active compile tasks:
C2 CompilerThread0  30335 10749 %     4       com.android.tools.r8.dex.r::m @ 64 (2110 bytes)
C1 CompilerThread0  30335 10920       2       com.android.tools.r8.graph.Y0::l (6 bytes)
C2 CompilerThread1  30335 10784   !   4       org.gradle.internal.classloader.CachingClassLoader::loadClass (85 bytes)

VM state:not at safepoint (normal execution)

VM Mutex/Monitor currently owned by a thread: None

Heap address: 0x0000000080000000, size: 2048 MB, Compressed Oops mode: 32-bit
Narrow klass base: 0x0000000000000000, Narrow klass shift: 3
Compressed class space size: 1073741824 Address: 0x0000000100000000

Heap:
 garbage-first heap   total 199680K, used 132953K [0x0000000080000000, 0x0000000100000000)
  region size 1024K, 47 young (48128K), 9 survivors (9216K)
 Metaspace       used 93717K, capacity 95978K, committed 96152K, reserved 1132544K
  class space    used 12263K, capacity 13096K, committed 13208K, reserved 1048576K
Heap Regions: E=young(eden), S=young(survivor), O=old, HS=humongous(starts), HC=humongous(continues), CS=collection set, F=free, A=archive, TAMS=top-at-mark-start (previous, next)
|   0|0x0000000080000000, 0x0000000080100000, 0x0000000080100000|100%| O|  |TAMS 0x0000000080100000, 0x0000000080000000| Untracked 
|   1|0x0000000080100000, 0x0000000080200000, 0x0000000080200000|100%| O|  |TAMS 0x0000000080200000, 0x0000000080100000| Untracked 
|   2|0x0000000080200000, 0x0000000080300000, 0x0000000080300000|100%| O|  |TAMS 0x0000000080300000, 0x0000000080200000| Untracked 
|   3|0x0000000080300000, 0x0000000080400000, 0x0000000080400000|100%|HS|  |TAMS 0x0000000080400000, 0x0000000080300000| Complete 
|   4|0x0000000080400000, 0x0000000080500000, 0x0000000080500000|100%|HC|  |TAMS 0x0000000080500000, 0x0000000080400000| Complete 
|   5|0x0000000080500000, 0x0000000080600000, 0x0000000080600000|100%|HC|  |TAMS 0x0000000080600000, 0x0000000080500000| Complete 
|   6|0x0000000080600000, 0x0000000080700000, 0x0000000080700000|100%| O|  |TAMS 0x0000000080700000, 0x0000000080600000| Untracked 
|   7|0x0000000080700000, 0x0000000080800000, 0x0000000080800000|100%| O|  |TAMS 0x0000000080800000, 0x0000000080700000| Untracked 
|   8|0x0000000080800000, 0x0000000080900000, 0x0000000080900000|100%| O|  |TAMS 0x0000000080900000, 0x0000000080800000| Untracked 
|   9|0x0000000080900000, 0x0000000080a00000, 0x0000000080a00000|100%| O|  |TAMS 0x0000000080a00000, 0x0000000080900000| Untracked 
|  10|0x0000000080a00000, 0x0000000080b00000, 0x0000000080b00000|100%| O|  |TAMS 0x0000000080b00000, 0x0000000080a00000| Untracked 
|  11|0x0000000080b00000, 0x0000000080c00000, 0x0000000080c00000|100%| O|  |TAMS 0x0000000080c00000, 0x0000000080b00000| Untracked 
|  12|0x0000000080c00000, 0x0000000080d00000, 0x0000000080d00000|100%| O|  |TAMS 0x0000000080d00000, 0x0000000080c00000| Untracked 
|  13|0x0000000080d00000, 0x0000000080e00000, 0x0000000080e00000|100%| O|  |TAMS 0x0000000080e00000, 0x0000000080d00000| Untracked 
|  14|0x0000000080e00000, 0x0000000080f00000, 0x0000000080f00000|100%| O|  |TAMS 0x0000000080f00000, 0x0000000080e00000| Untracked 
|  15|0x0000000080f00000, 0x0000000081000000, 0x0000000081000000|100%| O|  |TAMS 0x0000000081000000, 0x0000000080f00000| Untracked 
|  16|0x0000000081000000, 0x0000000081100000, 0x0000000081100000|100%| O|  |TAMS 0x0000000081100000, 0x0000000081000000| Untracked 
|  17|0x0000000081100000, 0x0000000081200000, 0x0000000081200000|100%| O|  |TAMS 0x0000000081200000, 0x0000000081100000| Untracked 
|  18|0x0000000081200000, 0x0000000081300000, 0x0000000081300000|100%| O|  |TAMS 0x0000000081300000, 0x0000000081200000| Untracked 
|  19|0x0000000081300000, 0x0000000081400000, 0x0000000081400000|100%| O|  |TAMS 0x0000000081400000, 0x0000000081300000| Untracked 
|  20|0x0000000081400000, 0x0000000081500000, 0x0000000081500000|100%| O|  |TAMS 0x0000000081500000, 0x0000000081400000| Untracked 
|  21|0x0000000081500000, 0x0000000081600000, 0x0000000081600000|100%| O|  |TAMS 0x0000000081600000, 0x0000000081500000| Untracked 
|  22|0x0000000081600000, 0x0000000081700000, 0x0000000081700000|100%| O|  |TAMS 0x0000000081700000, 0x0000000081600000| Untracked 
|  23|0x0000000081700000, 0x0000000081800000, 0x0000000081800000|100%| O|  |TAMS 0x0000000081800000, 0x0000000081700000| Untracked 
|  24|0x0000000081800000, 0x0000000081900000, 0x0000000081900000|100%| O|  |TAMS 0x0000000081900000, 0x0000000081800000| Untracked 
|  25|0x0000000081900000, 0x0000000081a00000, 0x0000000081a00000|100%| O|  |TAMS 0x0000000081a00000, 0x0000000081900000| Untracked 
|  26|0x0000000081a00000, 0x0000000081b00000, 0x0000000081b00000|100%| O|  |TAMS 0x0000000081b00000, 0x0000000081a00000| Untracked 
|  27|0x0000000081b00000, 0x0000000081c00000, 0x0000000081c00000|100%| O|  |TAMS 0x0000000081c00000, 0x0000000081b00000| Untracked 
|  28|0x0000000081c00000, 0x0000000081d00000, 0x0000000081d00000|100%|HS|  |TAMS 0x0000000081d00000, 0x0000000081c00000| Complete 
|  29|0x0000000081d00000, 0x0000000081e00000, 0x0000000081e00000|100%|HS|  |TAMS 0x0000000081e00000, 0x0000000081d00000| Complete 
|  30|0x0000000081e00000, 0x0000000081f00000, 0x0000000081f00000|100%|HS|  |TAMS 0x0000000081f00000, 0x0000000081e00000| Complete 
|  31|0x0000000081f00000, 0x0000000082000000, 0x0000000082000000|100%|HS|  |TAMS 0x0000000082000000, 0x0000000081f00000| Complete 
|  32|0x0000000082000000, 0x0000000082100000, 0x0000000082100000|100%|HC|  |TAMS 0x0000000082100000, 0x0000000082000000| Complete 
|  33|0x0000000082100000, 0x0000000082200000, 0x0000000082200000|100%| O|  |TAMS 0x0000000082200000, 0x0000000082100000| Untracked 
|  34|0x0000000082200000, 0x0000000082300000, 0x0000000082300000|100%| O|  |TAMS 0x0000000082300000, 0x0000000082200000| Untracked 
|  35|0x0000000082300000, 0x0000000082400000, 0x0000000082400000|100%| O|  |TAMS 0x0000000082400000, 0x0000000082300000| Untracked 
|  36|0x0000000082400000, 0x0000000082500000, 0x0000000082500000|100%| O|  |TAMS 0x0000000082500000, 0x0000000082400000| Untracked 
|  37|0x0000000082500000, 0x0000000082600000, 0x0000000082600000|100%| O|  |TAMS 0x0000000082600000, 0x0000000082500000| Untracked 
|  38|0x0000000082600000, 0x0000000082700000, 0x0000000082700000|100%| O|  |TAMS 0x0000000082700000, 0x0000000082600000| Untracked 
|  39|0x0000000082700000, 0x0000000082800000, 0x0000000082800000|100%| O|  |TAMS 0x0000000082800000, 0x0000000082700000| Untracked 
|  40|0x0000000082800000, 0x0000000082900000, 0x0000000082900000|100%| O|  |TAMS 0x0000000082900000, 0x0000000082800000| Untracked 
|  41|0x0000000082900000, 0x0000000082a00000, 0x0000000082a00000|100%| O|  |TAMS 0x0000000082a00000, 0x0000000082900000| Untracked 
|  42|0x0000000082a00000, 0x0000000082b00000, 0x0000000082b00000|100%| O|  |TAMS 0x0000000082b00000, 0x0000000082a00000| Untracked 
|  43|0x0000000082b00000, 0x0000000082c00000, 0x0000000082c00000|100%| O|  |TAMS 0x0000000082c00000, 0x0000000082b00000| Untracked 
|  44|0x0000000082c00000, 0x0000000082d00000, 0x0000000082d00000|100%| O|  |TAMS 0x0000000082d00000, 0x0000000082c00000| Untracked 
|  45|0x0000000082d00000, 0x0000000082e00000, 0x0000000082e00000|100%| O|  |TAMS 0x0000000082e00000, 0x0000000082d00000| Untracked 
|  46|0x0000000082e00000, 0x0000000082f00000, 0x0000000082f00000|100%| O|  |TAMS 0x0000000082f00000, 0x0000000082e00000| Untracked 
|  47|0x0000000082f00000, 0x0000000083000000, 0x0000000083000000|100%| O|  |TAMS 0x0000000083000000, 0x0000000082f00000| Untracked 
|  48|0x0000000083000000, 0x0000000083100000, 0x0000000083100000|100%| O|  |TAMS 0x0000000083100000, 0x0000000083000000| Untracked 
|  49|0x0000000083100000, 0x0000000083200000, 0x0000000083200000|100%| O|  |TAMS 0x0000000083200000, 0x0000000083100000| Untracked 
|  50|0x0000000083200000, 0x0000000083300000, 0x0000000083300000|100%| O|  |TAMS 0x0000000083300000, 0x0000000083200000| Untracked 
|  51|0x0000000083300000, 0x0000000083400000, 0x0000000083400000|100%| O|  |TAMS 0x0000000083400000, 0x0000000083300000| Untracked 
|  52|0x0000000083400000, 0x0000000083500000, 0x0000000083500000|100%| O|  |TAMS 0x0000000083500000, 0x0000000083400000| Untracked 
|  53|0x0000000083500000, 0x0000000083600000, 0x0000000083600000|100%| O|  |TAMS 0x0000000083600000, 0x0000000083500000| Untracked 
|  54|0x0000000083600000, 0x0000000083700000, 0x0000000083700000|100%| O|  |TAMS 0x0000000083700000, 0x0000000083600000| Untracked 
|  55|0x0000000083700000, 0x0000000083800000, 0x0000000083800000|100%| O|  |TAMS 0x0000000083800000, 0x0000000083700000| Untracked 
|  56|0x0000000083800000, 0x0000000083900000, 0x0000000083900000|100%| O|  |TAMS 0x0000000083900000, 0x0000000083800000| Untracked 
|  57|0x0000000083900000, 0x0000000083a00000, 0x0000000083a00000|100%| O|  |TAMS 0x0000000083a00000, 0x0000000083900000| Untracked 
|  58|0x0000000083a00000, 0x0000000083b00000, 0x0000000083b00000|100%| O|  |TAMS 0x0000000083b00000, 0x0000000083a00000| Untracked 
|  59|0x0000000083b00000, 0x0000000083c00000, 0x0000000083c00000|100%| O|  |TAMS 0x0000000083c00000, 0x0000000083b00000| Untracked 
|  60|0x0000000083c00000, 0x0000000083d00000, 0x0000000083d00000|100%| O|  |TAMS 0x0000000083d00000, 0x0000000083c00000| Untracked 
|  61|0x0000000083d00000, 0x0000000083e00000, 0x0000000083e00000|100%| O|  |TAMS 0x0000000083e00000, 0x0000000083d00000| Untracked 
|  62|0x0000000083e00000, 0x0000000083f00000, 0x0000000083f00000|100%| O|  |TAMS 0x0000000083f00000, 0x0000000083e00000| Untracked 
|  63|0x0000000083f00000, 0x0000000084000000, 0x0000000084000000|100%| O|  |TAMS 0x0000000084000000, 0x0000000083f00000| Untracked 
|  64|0x0000000084000000, 0x0000000084100000, 0x0000000084100000|100%| O|  |TAMS 0x0000000084100000, 0x0000000084000000| Untracked 
|  65|0x0000000084100000, 0x0000000084200000, 0x0000000084200000|100%| O|  |TAMS 0x0000000084200000, 0x0000000084100000| Untracked 
|  66|0x0000000084200000, 0x0000000084300000, 0x0000000084300000|100%| O|  |TAMS 0x0000000084300000, 0x0000000084200000| Untracked 
|  67|0x0000000084300000, 0x0000000084400000, 0x0000000084400000|100%| O|  |TAMS 0x0000000084400000, 0x0000000084300000| Untracked 
|  68|0x0000000084400000, 0x0000000084500000, 0x0000000084500000|100%| O|  |TAMS 0x0000000084500000, 0x0000000084400000| Untracked 
|  69|0x0000000084500000, 0x0000000084600000, 0x0000000084600000|100%| O|  |TAMS 0x0000000084600000, 0x0000000084500000| Untracked 
|  70|0x0000000084600000, 0x0000000084700000, 0x0000000084700000|100%| O|  |TAMS 0x0000000084700000, 0x0000000084600000| Untracked 
|  71|0x0000000084700000, 0x0000000084800000, 0x0000000084800000|100%|HS|  |TAMS 0x0000000084800000, 0x0000000084700000| Complete 
|  72|0x0000000084800000, 0x0000000084900000, 0x0000000084900000|100%|HC|  |TAMS 0x0000000084900000, 0x0000000084800000| Complete 
|  73|0x0000000084900000, 0x0000000084a00000, 0x0000000084a00000|100%| O|  |TAMS 0x0000000084a00000, 0x0000000084900000| Untracked 
|  74|0x0000000084a00000, 0x0000000084b00000, 0x0000000084b00000|100%| O|  |TAMS 0x0000000084b00000, 0x0000000084a00000| Untracked 
|  75|0x0000000084b00000, 0x0000000084c00000, 0x0000000084c00000|100%| O|  |TAMS 0x0000000084c00000, 0x0000000084b00000| Untracked 
|  76|0x0000000084c00000, 0x0000000084d00000, 0x0000000084d00000|100%|HS|  |TAMS 0x0000000084d00000, 0x0000000084c00000| Complete 
|  77|0x0000000084d00000, 0x0000000084e00000, 0x0000000084e00000|100%|HS|  |TAMS 0x0000000084e00000, 0x0000000084d00000| Complete 
|  78|0x0000000084e00000, 0x0000000084f00000, 0x0000000084f00000|100%|HS|  |TAMS 0x0000000084f00000, 0x0000000084e00000| Complete 
|  79|0x0000000084f00000, 0x0000000085000000, 0x0000000085000000|100%|HS|  |TAMS 0x0000000084f00000, 0x0000000084f00000| Complete 
|  80|0x0000000085000000, 0x0000000085100000, 0x0000000085100000|100%|HS|  |TAMS 0x0000000085000000, 0x0000000085000000| Complete 
|  81|0x0000000085100000, 0x0000000085200000, 0x0000000085200000|100%|HS|  |TAMS 0x0000000085200000, 0x0000000085100000| Complete 
|  82|0x0000000085200000, 0x0000000085300000, 0x0000000085300000|100%|HC|  |TAMS 0x0000000085300000, 0x0000000085200000| Complete 
|  83|0x0000000085300000, 0x0000000085300000, 0x0000000085400000|  0%| F|  |TAMS 0x0000000085300000, 0x0000000085300000| Untracked 
|  84|0x0000000085400000, 0x0000000085500000, 0x0000000085500000|100%|HS|  |TAMS 0x0000000085500000, 0x0000000085400000| Complete 
|  85|0x0000000085500000, 0x0000000085500000, 0x0000000085600000|  0%| F|  |TAMS 0x0000000085500000, 0x0000000085500000| Untracked 
|  86|0x0000000085600000, 0x0000000085700000, 0x0000000085700000|100%|HS|  |TAMS 0x0000000085700000, 0x0000000085600000| Complete 
|  87|0x0000000085700000, 0x0000000085700000, 0x0000000085800000|  0%| F|  |TAMS 0x0000000085700000, 0x0000000085700000| Untracked 
|  88|0x0000000085800000, 0x0000000085800000, 0x0000000085900000|  0%| F|  |TAMS 0x0000000085800000, 0x0000000085800000| Untracked 
|  89|0x0000000085900000, 0x0000000085900000, 0x0000000085a00000|  0%| F|  |TAMS 0x0000000085900000, 0x0000000085900000| Untracked 
|  90|0x0000000085a00000, 0x0000000085a00000, 0x0000000085b00000|  0%| F|  |TAMS 0x0000000085a00000, 0x0000000085a00000| Untracked 
|  91|0x0000000085b00000, 0x0000000085b00000, 0x0000000085c00000|  0%| F|  |TAMS 0x0000000085b00000, 0x0000000085b00000| Untracked 
|  92|0x0000000085c00000, 0x0000000085c00000, 0x0000000085d00000|  0%| F|  |TAMS 0x0000000085c00000, 0x0000000085c00000| Untracked 
|  93|0x0000000085d00000, 0x0000000085d00000, 0x0000000085e00000|  0%| F|  |TAMS 0x0000000085d00000, 0x0000000085d00000| Untracked 
|  94|0x0000000085e00000, 0x0000000085e00000, 0x0000000085f00000|  0%| F|  |TAMS 0x0000000085e00000, 0x0000000085e00000| Untracked 
|  95|0x0000000085f00000, 0x0000000085f00000, 0x0000000086000000|  0%| F|  |TAMS 0x0000000085f00000, 0x0000000085f00000| Untracked 
|  96|0x0000000086000000, 0x0000000086000000, 0x0000000086100000|  0%| F|  |TAMS 0x0000000086000000, 0x0000000086000000| Untracked 
|  97|0x0000000086100000, 0x0000000086100000, 0x0000000086200000|  0%| F|  |TAMS 0x0000000086100000, 0x0000000086100000| Untracked 
|  98|0x0000000086200000, 0x0000000086200000, 0x0000000086300000|  0%| F|  |TAMS 0x0000000086200000, 0x0000000086200000| Untracked 
|  99|0x0000000086300000, 0x0000000086300000, 0x0000000086400000|  0%| F|  |TAMS 0x0000000086300000, 0x0000000086300000| Untracked 
| 100|0x0000000086400000, 0x0000000086400000, 0x0000000086500000|  0%| F|  |TAMS 0x0000000086400000, 0x0000000086400000| Untracked 
| 101|0x0000000086500000, 0x0000000086500000, 0x0000000086600000|  0%| F|  |TAMS 0x0000000086500000, 0x0000000086500000| Untracked 
| 102|0x0000000086600000, 0x0000000086600000, 0x0000000086700000|  0%| F|  |TAMS 0x0000000086600000, 0x0000000086600000| Untracked 
| 103|0x0000000086700000, 0x0000000086700000, 0x0000000086800000|  0%| F|  |TAMS 0x0000000086700000, 0x0000000086700000| Untracked 
| 104|0x0000000086800000, 0x0000000086800000, 0x0000000086900000|  0%| F|  |TAMS 0x0000000086800000, 0x0000000086800000| Untracked 
| 105|0x0000000086900000, 0x0000000086900000, 0x0000000086a00000|  0%| F|  |TAMS 0x0000000086900000, 0x0000000086900000| Untracked 
| 106|0x0000000086a00000, 0x0000000086a00000, 0x0000000086b00000|  0%| F|  |TAMS 0x0000000086a00000, 0x0000000086a00000| Untracked 
| 107|0x0000000086b00000, 0x0000000086b00000, 0x0000000086c00000|  0%| F|  |TAMS 0x0000000086b00000, 0x0000000086b00000| Untracked 
| 108|0x0000000086c00000, 0x0000000086c00000, 0x0000000086d00000|  0%| F|  |TAMS 0x0000000086c00000, 0x0000000086c00000| Untracked 
| 109|0x0000000086d00000, 0x0000000086d00000, 0x0000000086e00000|  0%| F|  |TAMS 0x0000000086d00000, 0x0000000086d00000| Untracked 
| 110|0x0000000086e00000, 0x0000000086e00000, 0x0000000086f00000|  0%| F|  |TAMS 0x0000000086e00000, 0x0000000086e00000| Untracked 
| 111|0x0000000086f00000, 0x0000000086f00000, 0x0000000087000000|  0%| F|  |TAMS 0x0000000086f00000, 0x0000000086f00000| Untracked 
| 112|0x0000000087000000, 0x0000000087000000, 0x0000000087100000|  0%| F|  |TAMS 0x0000000087000000, 0x0000000087000000| Untracked 
| 113|0x0000000087100000, 0x0000000087100000, 0x0000000087200000|  0%| F|  |TAMS 0x0000000087100000, 0x0000000087100000| Untracked 
| 114|0x0000000087200000, 0x0000000087200000, 0x0000000087300000|  0%| F|  |TAMS 0x0000000087200000, 0x0000000087200000| Untracked 
| 115|0x0000000087300000, 0x0000000087300000, 0x0000000087400000|  0%| F|  |TAMS 0x0000000087300000, 0x0000000087300000| Untracked 
| 116|0x0000000087400000, 0x0000000087400000, 0x0000000087500000|  0%| F|  |TAMS 0x0000000087400000, 0x0000000087400000| Untracked 
| 117|0x0000000087500000, 0x0000000087500000, 0x0000000087600000|  0%| F|  |TAMS 0x0000000087500000, 0x0000000087500000| Untracked 
| 118|0x0000000087600000, 0x0000000087600000, 0x0000000087700000|  0%| F|  |TAMS 0x0000000087600000, 0x0000000087600000| Untracked 
| 119|0x0000000087700000, 0x0000000087700000, 0x0000000087800000|  0%| F|  |TAMS 0x0000000087700000, 0x0000000087700000| Untracked 
| 120|0x0000000087800000, 0x0000000087800000, 0x0000000087900000|  0%| F|  |TAMS 0x0000000087800000, 0x0000000087800000| Untracked 
| 121|0x0000000087900000, 0x0000000087900000, 0x0000000087a00000|  0%| F|  |TAMS 0x0000000087900000, 0x0000000087900000| Untracked 
| 122|0x0000000087a00000, 0x0000000087a00000, 0x0000000087b00000|  0%| F|  |TAMS 0x0000000087a00000, 0x0000000087a00000| Untracked 
| 123|0x0000000087b00000, 0x0000000087b00000, 0x0000000087c00000|  0%| F|  |TAMS 0x0000000087b00000, 0x0000000087b00000| Untracked 
| 124|0x0000000087c00000, 0x0000000087c00000, 0x0000000087d00000|  0%| F|  |TAMS 0x0000000087c00000, 0x0000000087c00000| Untracked 
| 125|0x0000000087d00000, 0x0000000087d00000, 0x0000000087e00000|  0%| F|  |TAMS 0x0000000087d00000, 0x0000000087d00000| Untracked 
| 126|0x0000000087e00000, 0x0000000087e00000, 0x0000000087f00000|  0%| F|  |TAMS 0x0000000087e00000, 0x0000000087e00000| Untracked 
| 127|0x0000000087f00000, 0x0000000087f00000, 0x0000000088000000|  0%| F|  |TAMS 0x0000000087f00000, 0x0000000087f00000| Untracked 
| 128|0x0000000088000000, 0x0000000088000000, 0x0000000088100000|  0%| F|  |TAMS 0x0000000088000000, 0x0000000088000000| Untracked 
| 129|0x0000000088100000, 0x0000000088100000, 0x0000000088200000|  0%| F|  |TAMS 0x0000000088100000, 0x0000000088100000| Untracked 
| 130|0x0000000088200000, 0x0000000088200000, 0x0000000088300000|  0%| F|  |TAMS 0x0000000088200000, 0x0000000088200000| Untracked 
| 131|0x0000000088300000, 0x0000000088300000, 0x0000000088400000|  0%| F|  |TAMS 0x0000000088300000, 0x0000000088300000| Untracked 
| 132|0x0000000088400000, 0x0000000088400000, 0x0000000088500000|  0%| F|  |TAMS 0x0000000088400000, 0x0000000088400000| Untracked 
| 133|0x0000000088500000, 0x0000000088500000, 0x0000000088600000|  0%| F|  |TAMS 0x0000000088500000, 0x0000000088500000| Untracked 
| 134|0x0000000088600000, 0x0000000088600000, 0x0000000088700000|  0%| F|  |TAMS 0x0000000088600000, 0x0000000088600000| Untracked 
| 135|0x0000000088700000, 0x0000000088700000, 0x0000000088800000|  0%| F|  |TAMS 0x0000000088700000, 0x0000000088700000| Untracked 
| 136|0x0000000088800000, 0x0000000088800000, 0x0000000088900000|  0%| F|  |TAMS 0x0000000088800000, 0x0000000088800000| Untracked 
| 137|0x0000000088900000, 0x0000000088900000, 0x0000000088a00000|  0%| F|  |TAMS 0x0000000088900000, 0x0000000088900000| Untracked 
| 138|0x0000000088a00000, 0x0000000088a00000, 0x0000000088b00000|  0%| F|  |TAMS 0x0000000088a00000, 0x0000000088a00000| Untracked 
| 139|0x0000000088b00000, 0x0000000088b00000, 0x0000000088c00000|  0%| F|  |TAMS 0x0000000088b00000, 0x0000000088b00000| Untracked 
| 140|0x0000000088c00000, 0x0000000088c00000, 0x0000000088d00000|  0%| F|  |TAMS 0x0000000088c00000, 0x0000000088c00000| Untracked 
| 141|0x0000000088d00000, 0x0000000088d00000, 0x0000000088e00000|  0%| F|  |TAMS 0x0000000088d00000, 0x0000000088d00000| Untracked 
| 142|0x0000000088e00000, 0x0000000088e00000, 0x0000000088f00000|  0%| F|  |TAMS 0x0000000088e00000, 0x0000000088e00000| Untracked 
| 143|0x0000000088f00000, 0x0000000088f00000, 0x0000000089000000|  0%| F|  |TAMS 0x0000000088f00000, 0x0000000088f00000| Untracked 
| 144|0x0000000089000000, 0x0000000089000000, 0x0000000089100000|  0%| F|  |TAMS 0x0000000089000000, 0x0000000089000000| Untracked 
| 145|0x0000000089100000, 0x0000000089100000, 0x0000000089200000|  0%| F|  |TAMS 0x0000000089100000, 0x0000000089100000| Untracked 
| 146|0x0000000089200000, 0x0000000089200000, 0x0000000089300000|  0%| F|  |TAMS 0x0000000089200000, 0x0000000089200000| Untracked 
| 147|0x0000000089300000, 0x0000000089300000, 0x0000000089400000|  0%| F|  |TAMS 0x0000000089300000, 0x0000000089300000| Untracked 
| 148|0x0000000089400000, 0x00000000894247f8, 0x0000000089500000| 14%| E|  |TAMS 0x0000000089400000, 0x0000000089400000| Complete 
| 149|0x0000000089500000, 0x0000000089600000, 0x0000000089600000|100%| E|CS|TAMS 0x0000000089500000, 0x0000000089500000| Complete 
| 150|0x0000000089600000, 0x0000000089700000, 0x0000000089700000|100%| E|CS|TAMS 0x0000000089600000, 0x0000000089600000| Complete 
| 151|0x0000000089700000, 0x0000000089800000, 0x0000000089800000|100%| E|CS|TAMS 0x0000000089700000, 0x0000000089700000| Complete 
| 152|0x0000000089800000, 0x00000000898d67a0, 0x0000000089900000| 83%| S|CS|TAMS 0x0000000089800000, 0x0000000089800000| Complete 
| 153|0x0000000089900000, 0x0000000089a00000, 0x0000000089a00000|100%| S|CS|TAMS 0x0000000089900000, 0x0000000089900000| Complete 
| 154|0x0000000089a00000, 0x0000000089b00000, 0x0000000089b00000|100%| S|CS|TAMS 0x0000000089a00000, 0x0000000089a00000| Complete 
| 155|0x0000000089b00000, 0x0000000089c00000, 0x0000000089c00000|100%| S|CS|TAMS 0x0000000089b00000, 0x0000000089b00000| Complete 
| 156|0x0000000089c00000, 0x0000000089d00000, 0x0000000089d00000|100%| E|CS|TAMS 0x0000000089c00000, 0x0000000089c00000| Complete 
| 157|0x0000000089d00000, 0x0000000089e00000, 0x0000000089e00000|100%| E|CS|TAMS 0x0000000089d00000, 0x0000000089d00000| Complete 
| 158|0x0000000089e00000, 0x0000000089f00000, 0x0000000089f00000|100%| E|CS|TAMS 0x0000000089e00000, 0x0000000089e00000| Complete 
| 159|0x0000000089f00000, 0x000000008a000000, 0x000000008a000000|100%| S|CS|TAMS 0x0000000089f00000, 0x0000000089f00000| Complete 
| 160|0x000000008a000000, 0x000000008a100000, 0x000000008a100000|100%| S|CS|TAMS 0x000000008a000000, 0x000000008a000000| Complete 
| 161|0x000000008a100000, 0x000000008a200000, 0x000000008a200000|100%| S|CS|TAMS 0x000000008a100000, 0x000000008a100000| Complete 
| 162|0x000000008a200000, 0x000000008a300000, 0x000000008a300000|100%| S|CS|TAMS 0x000000008a200000, 0x000000008a200000| Complete 
| 163|0x000000008a300000, 0x000000008a400000, 0x000000008a400000|100%| S|CS|TAMS 0x000000008a300000, 0x000000008a300000| Complete 
| 164|0x000000008a400000, 0x000000008a500000, 0x000000008a500000|100%| E|CS|TAMS 0x000000008a400000, 0x000000008a400000| Complete 
| 165|0x000000008a500000, 0x000000008a600000, 0x000000008a600000|100%| E|CS|TAMS 0x000000008a500000, 0x000000008a500000| Complete 
| 166|0x000000008a600000, 0x000000008a700000, 0x000000008a700000|100%| E|CS|TAMS 0x000000008a600000, 0x000000008a600000| Complete 
| 167|0x000000008a700000, 0x000000008a800000, 0x000000008a800000|100%| E|CS|TAMS 0x000000008a700000, 0x000000008a700000| Complete 
| 168|0x000000008a800000, 0x000000008a900000, 0x000000008a900000|100%| E|CS|TAMS 0x000000008a800000, 0x000000008a800000| Complete 
| 169|0x000000008a900000, 0x000000008aa00000, 0x000000008aa00000|100%| E|CS|TAMS 0x000000008a900000, 0x000000008a900000| Complete 
| 170|0x000000008aa00000, 0x000000008ab00000, 0x000000008ab00000|100%| E|  |TAMS 0x000000008aa00000, 0x000000008aa00000| Complete 
| 171|0x000000008ab00000, 0x000000008ac00000, 0x000000008ac00000|100%| E|CS|TAMS 0x000000008ab00000, 0x000000008ab00000| Complete 
| 172|0x000000008ac00000, 0x000000008ad00000, 0x000000008ad00000|100%| E|CS|TAMS 0x000000008ac00000, 0x000000008ac00000| Complete 
| 173|0x000000008ad00000, 0x000000008ae00000, 0x000000008ae00000|100%| E|CS|TAMS 0x000000008ad00000, 0x000000008ad00000| Complete 
| 174|0x000000008ae00000, 0x000000008af00000, 0x000000008af00000|100%| E|CS|TAMS 0x000000008ae00000, 0x000000008ae00000| Complete 
| 175|0x000000008af00000, 0x000000008b000000, 0x000000008b000000|100%| E|CS|TAMS 0x000000008af00000, 0x000000008af00000| Complete 
| 176|0x000000008b000000, 0x000000008b100000, 0x000000008b100000|100%| E|CS|TAMS 0x000000008b000000, 0x000000008b000000| Complete 
| 177|0x000000008b100000, 0x000000008b200000, 0x000000008b200000|100%| E|CS|TAMS 0x000000008b100000, 0x000000008b100000| Complete 
| 178|0x000000008b200000, 0x000000008b300000, 0x000000008b300000|100%| E|CS|TAMS 0x000000008b200000, 0x000000008b200000| Complete 
| 179|0x000000008b300000, 0x000000008b400000, 0x000000008b400000|100%| E|CS|TAMS 0x000000008b300000, 0x000000008b300000| Complete 
| 180|0x000000008b400000, 0x000000008b500000, 0x000000008b500000|100%| E|CS|TAMS 0x000000008b400000, 0x000000008b400000| Complete 
| 181|0x000000008b500000, 0x000000008b600000, 0x000000008b600000|100%| E|CS|TAMS 0x000000008b500000, 0x000000008b500000| Complete 
| 182|0x000000008b600000, 0x000000008b700000, 0x000000008b700000|100%| E|CS|TAMS 0x000000008b600000, 0x000000008b600000| Complete 
| 183|0x000000008b700000, 0x000000008b800000, 0x000000008b800000|100%| E|CS|TAMS 0x000000008b700000, 0x000000008b700000| Complete 
| 184|0x000000008b800000, 0x000000008b900000, 0x000000008b900000|100%| E|CS|TAMS 0x000000008b800000, 0x000000008b800000| Complete 
| 185|0x000000008b900000, 0x000000008ba00000, 0x000000008ba00000|100%| E|CS|TAMS 0x000000008b900000, 0x000000008b900000| Complete 
| 186|0x000000008ba00000, 0x000000008bb00000, 0x000000008bb00000|100%| E|CS|TAMS 0x000000008ba00000, 0x000000008ba00000| Complete 
| 187|0x000000008bb00000, 0x000000008bc00000, 0x000000008bc00000|100%| E|CS|TAMS 0x000000008bb00000, 0x000000008bb00000| Complete 
| 188|0x000000008bc00000, 0x000000008bd00000, 0x000000008bd00000|100%| E|CS|TAMS 0x000000008bc00000, 0x000000008bc00000| Complete 
| 189|0x000000008bd00000, 0x000000008be00000, 0x000000008be00000|100%| E|CS|TAMS 0x000000008bd00000, 0x000000008bd00000| Complete 
| 190|0x000000008be00000, 0x000000008bf00000, 0x000000008bf00000|100%| E|CS|TAMS 0x000000008be00000, 0x000000008be00000| Complete 
| 191|0x000000008bf00000, 0x000000008c000000, 0x000000008c000000|100%| E|CS|TAMS 0x000000008bf00000, 0x000000008bf00000| Complete 
| 192|0x000000008c000000, 0x000000008c100000, 0x000000008c100000|100%| E|CS|TAMS 0x000000008c000000, 0x000000008c000000| Complete 
| 193|0x000000008c100000, 0x000000008c200000, 0x000000008c200000|100%| E|CS|TAMS 0x000000008c100000, 0x000000008c100000| Complete 
| 194|0x000000008c200000, 0x000000008c300000, 0x000000008c300000|100%| E|CS|TAMS 0x000000008c200000, 0x000000008c200000| Complete 

Card table byte_map: [0x0000028aeac90000,0x0000028aeb090000] _byte_map_base: 0x0000028aea890000

Marking Bits (Prev, Next): (CMBitMap*) 0x0000028ad7dce2a8, (CMBitMap*) 0x0000028ad7dce2e0
 Prev Bits: [0x0000028aeb490000, 0x0000028aed490000)
 Next Bits: [0x0000028aed490000, 0x0000028aef490000)

Polling page: 0x0000028ad5bc0000

Metaspace:

Usage:
  Non-class:     80.94 MB capacity,    79.55 MB ( 98%) used,     1.14 MB (  1%) free+waste,   263.50 KB ( <1%) overhead. 
      Class:     12.79 MB capacity,    11.98 MB ( 94%) used,   713.77 KB (  5%) free+waste,   119.19 KB ( <1%) overhead. 
       Both:     93.73 MB capacity,    91.52 MB ( 98%) used,     1.83 MB (  2%) free+waste,   382.69 KB ( <1%) overhead. 

Virtual space:
  Non-class space:       82.00 MB reserved,      81.00 MB ( 99%) committed 
      Class space:        1.00 GB reserved,      12.90 MB (  1%) committed 
             Both:        1.08 GB reserved,      93.90 MB (  8%) committed 

Chunk freelists:
   Non-Class:  0 bytes
       Class:  0 bytes
        Both:  0 bytes

MaxMetaspaceSize: 17179869184.00 GB
CompressedClassSpaceSize: 1.00 GB

CodeHeap 'non-profiled nmethods': size=120064Kb used=6450Kb max_used=6450Kb free=113614Kb
 bounds [0x0000028ae3350000, 0x0000028ae39a0000, 0x0000028aea890000]
CodeHeap 'profiled nmethods': size=120000Kb used=23880Kb max_used=23880Kb free=96119Kb
 bounds [0x0000028adbe20000, 0x0000028add580000, 0x0000028ae3350000]
CodeHeap 'non-nmethods': size=5696Kb used=2305Kb max_used=2355Kb free=3390Kb
 bounds [0x0000028adb890000, 0x0000028adbb00000, 0x0000028adbe20000]
 total_blobs=11714 nmethods=10804 adapters=821
 compilation: enabled
              stopped_count=0, restarted_count=0
 full_count=0

Compilation events (20 events):
Event: 30.207 Thread 0x0000028af19aa800 nmethod 10868 0x0000028add528b10 code [0x0000028add528ce0, 0x0000028add528f18]
Event: 30.207 Thread 0x0000028af19aa800 10869       3       com.android.tools.r8.code.r1::<init> (8 bytes)
Event: 30.207 Thread 0x0000028af19aa800 nmethod 10869 0x0000028add529010 code [0x0000028add5291c0, 0x0000028add5292e8]
Event: 30.207 Thread 0x0000028af19aa800 10870       3       com.android.tools.r8.code.V0::<init> (84 bytes)
Event: 30.208 Thread 0x0000028af19aa800 nmethod 10870 0x0000028add529390 code [0x0000028add5295e0, 0x0000028add529ea8]
Event: 30.208 Thread 0x0000028af19aa800 10874       3       com.android.tools.r8.graph.L0::q (2 bytes)
Event: 30.208 Thread 0x0000028af19aa800 nmethod 10874 0x0000028add52a290 code [0x0000028add52a440, 0x0000028add52a538]
Event: 30.208 Thread 0x0000028af19aa800 10875       3       com.android.tools.r8.graph.L0::a (10 bytes)
Event: 30.209 Thread 0x0000028af19aa800 nmethod 10875 0x0000028add52a610 code [0x0000028add52a7e0, 0x0000028add52aa88]
Event: 30.209 Thread 0x0000028af19aa800 10876       3       com.android.tools.r8.internal.II0::a (12 bytes)
Event: 30.209 Thread 0x0000028af19aa800 nmethod 10876 0x0000028add52ab90 code [0x0000028add52ad80, 0x0000028add52b148]
Event: 30.209 Thread 0x0000028af19aa800 10873       3       com.android.tools.r8.graph.T0$$Lambda$1069/0x0000000100cba840::apply (8 bytes)
Event: 30.209 Thread 0x0000028af19aa800 nmethod 10873 0x0000028add52b310 code [0x0000028add52b4c0, 0x0000028add52b6b8]
Event: 30.209 Thread 0x0000028af19aa800 10878       3       com.android.tools.r8.internal.md1::b (33 bytes)
Event: 30.209 Thread 0x0000028af19aa800 nmethod 10878 0x0000028add52b790 code [0x0000028add52b940, 0x0000028add52ba78]
Event: 30.210 Thread 0x0000028af19aa800 10872       3       java.util.IdentityHashMap::init (11 bytes)
Event: 30.210 Thread 0x0000028af19aa800 nmethod 10872 0x0000028add52bb90 code [0x0000028add52bd40, 0x0000028add52bf38]
Event: 30.210 Thread 0x0000028af19aa800 10877       1       com.android.tools.r8.code.g3::hashCode (3 bytes)
Event: 30.210 Thread 0x0000028af19aa800 nmethod 10877 0x0000028ae399c510 code [0x0000028ae399c6c0, 0x0000028ae399c778]
Event: 30.210 Thread 0x0000028af19aa800 10879       3       com.android.tools.r8.code.x1::a (4130 bytes)

GC Heap History (20 events):
Event: 17.282 GC heap before
{Heap before GC invocations=22 (full 0):
 garbage-first heap   total 114688K, used 91109K [0x0000000080000000, 0x0000000100000000)
  region size 1024K, 45 young (46080K), 6 survivors (6144K)
 Metaspace       used 65618K, capacity 67138K, committed 67352K, reserved 1107968K
  class space    used 8293K, capacity 8844K, committed 8984K, reserved 1048576K
}
Event: 17.316 GC heap after
{Heap after GC invocations=23 (full 0):
 garbage-first heap   total 138240K, used 54302K [0x0000000080000000, 0x0000000100000000)
  region size 1024K, 3 young (3072K), 3 survivors (3072K)
 Metaspace       used 65618K, capacity 67138K, committed 67352K, reserved 1107968K
  class space    used 8293K, capacity 8844K, committed 8984K, reserved 1048576K
}
Event: 18.456 GC heap before
{Heap before GC invocations=23 (full 0):
 garbage-first heap   total 138240K, used 100382K [0x0000000080000000, 0x0000000100000000)
  region size 1024K, 48 young (49152K), 3 survivors (3072K)
 Metaspace       used 69297K, capacity 70848K, committed 70936K, reserved 1110016K
  class space    used 8870K, capacity 9463K, committed 9496K, reserved 1048576K
}
Event: 18.473 GC heap after
{Heap after GC invocations=24 (full 0):
 garbage-first heap   total 138240K, used 57139K [0x0000000080000000, 0x0000000100000000)
  region size 1024K, 6 young (6144K), 6 survivors (6144K)
 Metaspace       used 69297K, capacity 70848K, committed 70936K, reserved 1110016K
  class space    used 8870K, capacity 9463K, committed 9496K, reserved 1048576K
}
Event: 19.807 GC heap before
{Heap before GC invocations=24 (full 0):
 garbage-first heap   total 138240K, used 104243K [0x0000000080000000, 0x0000000100000000)
  region size 1024K, 52 young (53248K), 6 survivors (6144K)
 Metaspace       used 73530K, capacity 75182K, committed 75288K, reserved 1114112K
  class space    used 9519K, capacity 10161K, committed 10264K, reserved 1048576K
}
Event: 19.827 GC heap after
{Heap after GC invocations=25 (full 0):
 garbage-first heap   total 138240K, used 60207K [0x0000000080000000, 0x0000000100000000)
  region size 1024K, 7 young (7168K), 7 survivors (7168K)
 Metaspace       used 73530K, capacity 75182K, committed 75288K, reserved 1114112K
  class space    used 9519K, capacity 10161K, committed 10264K, reserved 1048576K
}
Event: 21.162 GC heap before
{Heap before GC invocations=25 (full 0):
 garbage-first heap   total 138240K, used 107311K [0x0000000080000000, 0x0000000100000000)
  region size 1024K, 53 young (54272K), 7 survivors (7168K)
 Metaspace       used 78956K, capacity 80769K, committed 80920K, reserved 1120256K
  class space    used 10237K, capacity 10897K, committed 11032K, reserved 1048576K
}
Event: 21.182 GC heap after
{Heap after GC invocations=26 (full 0):
 garbage-first heap   total 138240K, used 63102K [0x0000000080000000, 0x0000000100000000)
  region size 1024K, 6 young (6144K), 6 survivors (6144K)
 Metaspace       used 78956K, capacity 80769K, committed 80920K, reserved 1120256K
  class space    used 10237K, capacity 10897K, committed 11032K, reserved 1048576K
}
Event: 23.041 GC heap before
{Heap before GC invocations=26 (full 0):
 garbage-first heap   total 138240K, used 109182K [0x0000000080000000, 0x0000000100000000)
  region size 1024K, 52 young (53248K), 6 survivors (6144K)
 Metaspace       used 82906K, capacity 84891K, committed 85016K, reserved 1122304K
  class space    used 10732K, capacity 11478K, committed 11544K, reserved 1048576K
}
Event: 23.068 GC heap after
{Heap after GC invocations=27 (full 0):
 garbage-first heap   total 165888K, used 68263K [0x0000000080000000, 0x0000000100000000)
  region size 1024K, 7 young (7168K), 7 survivors (7168K)
 Metaspace       used 82906K, capacity 84891K, committed 85016K, reserved 1122304K
  class space    used 10732K, capacity 11478K, committed 11544K, reserved 1048576K
}
Event: 24.942 GC heap before
{Heap before GC invocations=27 (full 0):
 garbage-first heap   total 165888K, used 122535K [0x0000000080000000, 0x0000000100000000)
  region size 1024K, 61 young (62464K), 7 survivors (7168K)
 Metaspace       used 83731K, capacity 85799K, committed 85912K, reserved 1124352K
  class space    used 10802K, capacity 11586K, committed 11672K, reserved 1048576K
}
Event: 24.975 GC heap after
{Heap after GC invocations=28 (full 0):
 garbage-first heap   total 165888K, used 73024K [0x0000000080000000, 0x0000000100000000)
  region size 1024K, 5 young (5120K), 5 survivors (5120K)
 Metaspace       used 83731K, capacity 85799K, committed 85912K, reserved 1124352K
  class space    used 10802K, capacity 11586K, committed 11672K, reserved 1048576K
}
Event: 26.376 GC heap before
{Heap before GC invocations=28 (full 0):
 garbage-first heap   total 165888K, used 127296K [0x0000000080000000, 0x0000000100000000)
  region size 1024K, 59 young (60416K), 5 survivors (5120K)
 Metaspace       used 85330K, capacity 87474K, committed 87704K, reserved 1124352K
  class space    used 10989K, capacity 11779K, committed 11928K, reserved 1048576K
}
Event: 26.403 GC heap after
{Heap after GC invocations=29 (full 0):
 garbage-first heap   total 165888K, used 75640K [0x0000000080000000, 0x0000000100000000)
  region size 1024K, 7 young (7168K), 7 survivors (7168K)
 Metaspace       used 85330K, capacity 87474K, committed 87704K, reserved 1124352K
  class space    used 10989K, capacity 11779K, committed 11928K, reserved 1048576K
}
Event: 27.763 GC heap before
{Heap before GC invocations=29 (full 0):
 garbage-first heap   total 165888K, used 129912K [0x0000000080000000, 0x0000000100000000)
  region size 1024K, 61 young (62464K), 7 survivors (7168K)
 Metaspace       used 87375K, capacity 89471K, committed 89752K, reserved 1126400K
  class space    used 11242K, capacity 12046K, committed 12184K, reserved 1048576K
}
Event: 27.793 GC heap after
{Heap after GC invocations=30 (full 0):
 garbage-first heap   total 165888K, used 77972K [0x0000000080000000, 0x0000000100000000)
  region size 1024K, 6 young (6144K), 6 survivors (6144K)
 Metaspace       used 87375K, capacity 89471K, committed 89752K, reserved 1126400K
  class space    used 11242K, capacity 12046K, committed 12184K, reserved 1048576K
}
Event: 27.906 GC heap before
{Heap before GC invocations=30 (full 0):
 garbage-first heap   total 165888K, used 82068K [0x0000000080000000, 0x0000000100000000)
  region size 1024K, 9 young (9216K), 6 survivors (6144K)
 Metaspace       used 87642K, capacity 89765K, committed 90008K, reserved 1126400K
  class space    used 11270K, capacity 12079K, committed 12184K, reserved 1048576K
}
Event: 27.923 GC heap after
{Heap after GC invocations=31 (full 0):
 garbage-first heap   total 199680K, used 80413K [0x0000000080000000, 0x0000000100000000)
  region size 1024K, 3 young (3072K), 3 survivors (3072K)
 Metaspace       used 87642K, capacity 89765K, committed 90008K, reserved 1126400K
  class space    used 11270K, capacity 12079K, committed 12184K, reserved 1048576K
}
Event: 29.164 GC heap before
{Heap before GC invocations=32 (full 0):
 garbage-first heap   total 199680K, used 121373K [0x0000000080000000, 0x0000000100000000)
  region size 1024K, 34 young (34816K), 3 survivors (3072K)
 Metaspace       used 91351K, capacity 93549K, committed 93848K, reserved 1130496K
  class space    used 11762K, capacity 12557K, committed 12696K, reserved 1048576K
}
Event: 29.187 GC heap after
{Heap after GC invocations=33 (full 0):
 garbage-first heap   total 199680K, used 94041K [0x0000000080000000, 0x0000000100000000)
  region size 1024K, 9 young (9216K), 9 survivors (9216K)
 Metaspace       used 91351K, capacity 93549K, committed 93848K, reserved 1130496K
  class space    used 11762K, capacity 12557K, committed 12696K, reserved 1048576K
}

Deoptimization events (20 events):
Event: 29.980 Thread 0x0000028af751c000 Uncommon trap: trap_request=0xffffffde fr.pc=0x0000028ae3994c88 relative=0x0000000000000ba8
Event: 29.980 Thread 0x0000028af751c000 Uncommon trap: reason=class_check action=maybe_recompile pc=0x0000028ae3994c88 method=com.android.tools.r8.dex.r.a(ILjava/util/function/Supplier;)Ljava/lang/Object; @ 33 c2
Event: 29.980 Thread 0x0000028af751c000 DEOPT PACKING pc=0x0000028ae3994c88 sp=0x000000c3442feed0
Event: 29.980 Thread 0x0000028af751c000 DEOPT UNPACKING pc=0x0000028adb8b65af sp=0x000000c3442feed0 mode 2
Event: 29.980 Thread 0x0000028af7520000 Uncommon trap: trap_request=0xffffffde fr.pc=0x0000028ae3994c88 relative=0x0000000000000ba8
Event: 29.980 Thread 0x0000028af7520000 Uncommon trap: reason=class_check action=maybe_recompile pc=0x0000028ae3994c88 method=com.android.tools.r8.dex.r.a(ILjava/util/function/Supplier;)Ljava/lang/Object; @ 33 c2
Event: 29.980 Thread 0x0000028af7520000 DEOPT PACKING pc=0x0000028ae3994c88 sp=0x000000c3443fe960
Event: 29.980 Thread 0x0000028af751c800 Uncommon trap: trap_request=0xffffffde fr.pc=0x0000028ae3994c88 relative=0x0000000000000ba8
Event: 29.980 Thread 0x0000028af751c800 Uncommon trap: reason=class_check action=maybe_recompile pc=0x0000028ae3994c88 method=com.android.tools.r8.dex.r.a(ILjava/util/function/Supplier;)Ljava/lang/Object; @ 33 c2
Event: 29.980 Thread 0x0000028af7520000 DEOPT UNPACKING pc=0x0000028adb8b65af sp=0x000000c3443fe960 mode 2
Event: 29.980 Thread 0x0000028af751c800 DEOPT PACKING pc=0x0000028ae3994c88 sp=0x000000c3445feae0
Event: 29.980 Thread 0x0000028af751c800 DEOPT UNPACKING pc=0x0000028adb8b65af sp=0x000000c3445feae0 mode 2
Event: 30.166 Thread 0x0000028af751c800 Uncommon trap: trap_request=0xffffff4d fr.pc=0x0000028ae3996084 relative=0x0000000000000144
Event: 30.166 Thread 0x0000028af751c800 Uncommon trap: reason=unstable_if action=reinterpret pc=0x0000028ae3996084 method=com.android.tools.r8.internal.SV0.get(I)Ljava/lang/Object; @ 1 c2
Event: 30.166 Thread 0x0000028af751c800 DEOPT PACKING pc=0x0000028ae3996084 sp=0x000000c3445fea70
Event: 30.166 Thread 0x0000028af751c800 DEOPT UNPACKING pc=0x0000028adb8b65af sp=0x000000c3445fea08 mode 2
Event: 30.169 Thread 0x0000028af7520000 Uncommon trap: trap_request=0xffffff4d fr.pc=0x0000028ae399a070 relative=0x0000000000000310
Event: 30.169 Thread 0x0000028af7520000 Uncommon trap: reason=unstable_if action=reinterpret pc=0x0000028ae399a070 method=com.android.tools.r8.internal.SV0.a(ILjava/lang/Object;)Ljava/lang/Object; @ 1 c2
Event: 30.169 Thread 0x0000028af7520000 DEOPT PACKING pc=0x0000028ae399a070 sp=0x000000c3443fe480
Event: 30.169 Thread 0x0000028af7520000 DEOPT UNPACKING pc=0x0000028adb8b65af sp=0x000000c3443fe448 mode 2

Classes redefined (0 events):
No events

Internal exceptions (20 events):
Event: 25.603 Thread 0x0000028af3385000 Exception <a 'java/lang/NoSuchMethodError'{0x0000000088884d50}: <clinit>> (0x0000000088884d50) thrown at [./src/hotspot/share/prims/jni.cpp, line 1362]
Event: 25.608 Thread 0x0000028af3385000 Exception <a 'java/lang/NoSuchMethodError'{0x00000000888b2830}: <clinit>> (0x00000000888b2830) thrown at [./src/hotspot/share/prims/jni.cpp, line 1362]
Event: 25.610 Thread 0x0000028af3385000 Exception <a 'java/lang/NoSuchMethodError'{0x00000000888c5388}: <clinit>> (0x00000000888c5388) thrown at [./src/hotspot/share/prims/jni.cpp, line 1362]
Event: 26.185 Thread 0x0000028af5ba8800 Implicit null exception at 0x0000028ae38e7dd2 to 0x0000028ae38e81d8
Event: 26.212 Thread 0x0000028af3381800 Exception <a 'java/lang/NoSuchMethodError'{0x0000000086f50168}: 'int java.lang.invoke.DirectMethodHandle$Holder.invokeSpecial(java.lang.Object, java.lang.Object, java.lang.Object, java.lang.Object, java.lang.Object)'> (0x0000000086f50168) thrown at [./src/hotspot/share/interpreter/linkResolver.cpp, line 773]
Event: 26.342 Thread 0x0000028af3381800 Implicit null exception at 0x0000028ae38ec477 to 0x0000028ae38ecc70
Event: 28.684 Thread 0x0000028af3381000 Exception <a 'sun/nio/fs/WindowsException'{0x000000008b46dc10}> (0x000000008b46dc10) thrown at [./src/hotspot/share/prims/jni.cpp, line 615]
Event: 28.948 Thread 0x0000028af3380000 Exception <a 'java/lang/NoSuchMethodError'{0x000000008ac0c630}: 'void java.lang.invoke.DirectMethodHandle$Holder.invokeStatic(java.lang.Object, long)'> (0x000000008ac0c630) thrown at [./src/hotspot/share/interpreter/linkResolver.cpp, line 773]
Event: 28.949 Thread 0x0000028af3380000 Exception <a 'java/lang/NoSuchMethodError'{0x000000008ac11848}: 'java.lang.Object java.lang.invoke.DirectMethodHandle$Holder.invokeStatic(java.lang.Object, long)'> (0x000000008ac11848) thrown at [./src/hotspot/share/interpreter/linkResolver.cpp, line 773]
Event: 28.953 Thread 0x0000028af3380000 Exception <a 'java/lang/NoSuchMethodError'{0x000000008ac1fbb0}: 'java.lang.Object java.lang.invoke.DirectMethodHandle$Holder.invokeStaticInit(java.lang.Object, java.lang.Object, long, java.lang.Object)'> (0x000000008ac1fbb0) thrown at [./src/hotspot/share/interpreter/linkResolver.cpp, line 773]
Event: 28.953 Thread 0x0000028af3380000 Exception <a 'java/lang/NoSuchMethodError'{0x000000008ac25d48}: 'java.lang.Object java.lang.invoke.DirectMethodHandle$Holder.invokeStatic(java.lang.Object, java.lang.Object, long)'> (0x000000008ac25d48) thrown at [./src/hotspot/share/interpreter/linkResolver.cpp, line 773]
Event: 28.954 Thread 0x0000028af3380000 Exception <a 'java/lang/NoSuchMethodError'{0x000000008ac2c2c0}: 'java.lang.Object java.lang.invoke.Invokers$Holder.linkToTargetMethod(java.lang.Object, long, java.lang.Object)'> (0x000000008ac2c2c0) thrown at [./src/hotspot/share/interpreter/linkResolver.cpp, line 773]
Event: 29.137 Thread 0x0000028af3381000 Exception <a 'java/lang/NoSuchMethodError'{0x000000008a8ca9d0}: 'java.lang.Object java.lang.invoke.DirectMethodHandle$Holder.invokeStaticInit(java.lang.Object, java.lang.Object, java.lang.Object, java.lang.Object, java.lang.Object, java.lang.Object, java.lang.Object, java.lang.Object, java.lang.Object, java.lang.Object, java.lang.Object, java.lang.Object, java.lang.Object, java.lang.Object, java.lang.Object, java.lang.Object, java.lang.Object, java.lang.Object, int, java.lang.Object, java.lang.Object)'> (0
Event: 29.391 Thread 0x0000028af3380000 Exception <a 'java/lang/NoSuchMethodError'{0x000000008bf6b7e0}: 'int java.lang.invoke.DirectMethodHandle$Holder.invokeSpecialIFC(java.lang.Object, java.lang.Object, java.lang.Object)'> (0x000000008bf6b7e0) thrown at [./src/hotspot/share/interpreter/linkResolver.cpp, line 773]
Event: 29.924 Thread 0x0000028af751b000 Exception <a 'java/lang/IncompatibleClassChangeError'{0x000000008a4d9c78}: Found class java.lang.Object, but interface was expected> (0x000000008a4d9c78) thrown at [./src/hotspot/share/interpreter/linkResolver.cpp, line 839]
Event: 30.000 Thread 0x0000028af751c800 Exception <a 'java/lang/NoSuchMethodError'{0x0000000089ef71a0}: 'java.lang.Object java.lang.invoke.DirectMethodHandle$Holder.newInvokeSpecial(java.lang.Object, int)'> (0x0000000089ef71a0) thrown at [./src/hotspot/share/interpreter/linkResolver.cpp, line 773]
Event: 30.152 Thread 0x0000028af7520000 Exception <a 'java/lang/IncompatibleClassChangeError'{0x0000000089d4a1f0}: Found class java.lang.Object, but interface was expected> (0x0000000089d4a1f0) thrown at [./src/hotspot/share/interpreter/linkResolver.cpp, line 839]
Event: 30.154 Thread 0x0000028af751b000 Exception <a 'java/lang/IncompatibleClassChangeError'{0x00000000896551e0}: Found class java.lang.Object, but interface was expected> (0x00000000896551e0) thrown at [./src/hotspot/share/interpreter/linkResolver.cpp, line 839]
Event: 30.154 Thread 0x0000028af751c800 Exception <a 'java/lang/IncompatibleClassChangeError'{0x0000000089671f20}: Found class java.lang.Object, but interface was expected> (0x0000000089671f20) thrown at [./src/hotspot/share/interpreter/linkResolver.cpp, line 839]
Event: 30.154 Thread 0x0000028af751c000 Exception <a 'java/lang/IncompatibleClassChangeError'{0x000000008965f428}: Found class java.lang.Object, but interface was expected> (0x000000008965f428) thrown at [./src/hotspot/share/interpreter/linkResolver.cpp, line 839]

Events (20 events):
Event: 30.200 loading class com/android/tools/r8/internal/ec1
Event: 30.200 loading class com/android/tools/r8/internal/ec1 done
Event: 30.211 loading class com/android/tools/r8/internal/b61
Event: 30.211 loading class com/android/tools/r8/internal/b61 done
Event: 30.219 loading class com/android/tools/r8/internal/xc1
Event: 30.219 loading class com/android/tools/r8/internal/xc1 done
Event: 30.219 loading class com/android/tools/r8/internal/Yc1
Event: 30.219 loading class com/android/tools/r8/internal/Yc1 done
Event: 30.222 loading class com/android/tools/r8/graph/j0
Event: 30.222 loading class com/android/tools/r8/graph/j0 done
Event: 30.222 loading class com/android/tools/r8/graph/D2
Event: 30.222 loading class com/android/tools/r8/graph/D2 done
Event: 30.222 loading class com/android/tools/r8/internal/Me1
Event: 30.222 loading class com/android/tools/r8/internal/Me1 done
Event: 30.248 loading class com/android/tools/r8/internal/De1
Event: 30.248 loading class com/android/tools/r8/internal/De1 done
Event: 30.249 loading class com/android/tools/r8/internal/Ke1
Event: 30.249 loading class com/android/tools/r8/internal/Ke1 done
Event: 30.251 loading class com/android/tools/r8/internal/Ie1
Event: 30.251 loading class com/android/tools/r8/internal/Ie1 done


Dynamic libraries:
0x00007ff705a10000 - 0x00007ff705a1a000 	C:\Program Files\Android\Android Studio\jre\bin\java.exe
0x00007fff379d0000 - 0x00007fff37bc5000 	C:\Windows\SYSTEM32\ntdll.dll
0x00007fff35c30000 - 0x00007fff35cee000 	C:\Windows\System32\KERNEL32.DLL
0x00007fff35470000 - 0x00007fff35738000 	C:\Windows\System32\KERNELBASE.dll
0x00007fff351b0000 - 0x00007fff352b0000 	C:\Windows\System32\ucrtbase.dll
0x00007fff2ae00000 - 0x00007fff2ae19000 	C:\Program Files\Android\Android Studio\jre\bin\jli.dll
0x00007fff2ade0000 - 0x00007fff2adf7000 	C:\Program Files\Android\Android Studio\jre\bin\VCRUNTIME140.dll
0x00007fff37270000 - 0x00007fff37411000 	C:\Windows\System32\USER32.dll
0x00007fff350e0000 - 0x00007fff35102000 	C:\Windows\System32\win32u.dll
0x00007fff26ba0000 - 0x00007fff26e3a000 	C:\Windows\WinSxS\amd64_microsoft.windows.common-controls_6595b64144ccf1df_6.0.19041.1110_none_60b5254171f9507e\COMCTL32.dll
0x00007fff35f30000 - 0x00007fff35f5b000 	C:\Windows\System32\GDI32.dll
0x00007fff37420000 - 0x00007fff374be000 	C:\Windows\System32\msvcrt.dll
0x00007fff35360000 - 0x00007fff3546d000 	C:\Windows\System32\gdi32full.dll
0x00007fff35110000 - 0x00007fff351ad000 	C:\Windows\System32\msvcp_win.dll
0x00007fff374d0000 - 0x00007fff37500000 	C:\Windows\System32\IMM32.DLL
0x00007fff270b0000 - 0x00007fff2714d000 	C:\Program Files\Android\Android Studio\jre\bin\msvcp140.dll
0x00007fff0aee0000 - 0x00007fff0b9b5000 	C:\Program Files\Android\Android Studio\jre\bin\server\jvm.dll
0x00007fff371c0000 - 0x00007fff3726c000 	C:\Windows\System32\ADVAPI32.dll
0x00007fff35f80000 - 0x00007fff3601b000 	C:\Windows\System32\sechost.dll
0x00007fff376b0000 - 0x00007fff377da000 	C:\Windows\System32\RPCRT4.dll
0x00007fff376a0000 - 0x00007fff376a8000 	C:\Windows\System32\PSAPI.DLL
0x00007fff23e10000 - 0x00007fff23e37000 	C:\Windows\SYSTEM32\WINMM.dll
0x00007fff251b0000 - 0x00007fff251ba000 	C:\Windows\SYSTEM32\VERSION.dll
0x00007fff30ec0000 - 0x00007fff30ec9000 	C:\Windows\SYSTEM32\WSOCK32.dll
0x00007fff37630000 - 0x00007fff3769b000 	C:\Windows\System32\ws2_32.DLL
0x00007fff33180000 - 0x00007fff33192000 	C:\Windows\SYSTEM32\kernel.appcore.dll
0x00007fff30230000 - 0x00007fff30241000 	C:\Program Files\Android\Android Studio\jre\bin\verify.dll
0x00007fff23290000 - 0x00007fff23474000 	C:\Windows\SYSTEM32\DBGHELP.DLL
0x00007fff23260000 - 0x00007fff2328c000 	C:\Windows\SYSTEM32\dbgcore.DLL
0x00007fff35740000 - 0x00007fff357c2000 	C:\Windows\System32\bcryptPrimitives.dll
0x00007fff2fd30000 - 0x00007fff2fd59000 	C:\Program Files\Android\Android Studio\jre\bin\java.dll
0x00007fff301f0000 - 0x00007fff301fb000 	C:\Program Files\Android\Android Studio\jre\bin\jimage.dll
0x00007fff2fce0000 - 0x00007fff2fcf8000 	C:\Program Files\Android\Android Studio\jre\bin\zip.dll
0x00007fff36020000 - 0x00007fff36764000 	C:\Windows\System32\SHELL32.dll
0x00007fff33380000 - 0x00007fff33b14000 	C:\Windows\SYSTEM32\windows.storage.dll
0x00007fff36c60000 - 0x00007fff36fb5000 	C:\Windows\System32\combase.dll
0x00007fff34a60000 - 0x00007fff34a8e000 	C:\Windows\SYSTEM32\Wldp.dll
0x00007fff35ad0000 - 0x00007fff35b7d000 	C:\Windows\System32\SHCORE.dll
0x00007fff35a70000 - 0x00007fff35ac5000 	C:\Windows\System32\shlwapi.dll
0x00007fff35020000 - 0x00007fff3503f000 	C:\Windows\SYSTEM32\profapi.dll
0x00007fff2f9d0000 - 0x00007fff2f9ea000 	C:\Program Files\Android\Android Studio\jre\bin\net.dll
0x00007fff2b640000 - 0x00007fff2b74c000 	C:\Windows\SYSTEM32\WINHTTP.dll
0x00007fff347c0000 - 0x00007fff3482a000 	C:\Windows\system32\mswsock.dll
0x00007fff2f320000 - 0x00007fff2f334000 	C:\Program Files\Android\Android Studio\jre\bin\nio.dll
0x00007fff26ea0000 - 0x00007fff26ec7000 	C:\Users\Admin\.gradle\native\e1d6ef7f7dcc3fd88c89a11ec53ec762bb8ba0a96d01ffa2cd45eb1d1d8dd5c5\windows-amd64\native-platform.dll
0x00007fff1f100000 - 0x00007fff1f244000 	C:\Users\Admin\.gradle\native\5664cfc778a61ccfe75a443a1ab52a65af34e5dc3c78e0209fed803814484fcb\windows-amd64\native-platform-file-events.dll
0x00007fff2fd20000 - 0x00007fff2fd2a000 	C:\Program Files\Android\Android Studio\jre\bin\management.dll
0x00007fff2fcd0000 - 0x00007fff2fcdd000 	C:\Program Files\Android\Android Studio\jre\bin\management_ext.dll
0x00007fff349c0000 - 0x00007fff349d8000 	C:\Windows\SYSTEM32\CRYPTSP.dll
0x00007fff342f0000 - 0x00007fff34324000 	C:\Windows\system32\rsaenh.dll
0x00007fff35880000 - 0x00007fff358a7000 	C:\Windows\System32\bcrypt.dll
0x00007fff34fa0000 - 0x00007fff34fce000 	C:\Windows\SYSTEM32\USERENV.dll
0x00007fff349b0000 - 0x00007fff349bc000 	C:\Windows\SYSTEM32\CRYPTBASE.dll
0x00007fff344b0000 - 0x00007fff344eb000 	C:\Windows\SYSTEM32\IPHLPAPI.DLL
0x00007fff36c50000 - 0x00007fff36c58000 	C:\Windows\System32\NSI.dll
0x00007fff2de80000 - 0x00007fff2de97000 	C:\Windows\SYSTEM32\dhcpcsvc6.DLL
0x00007fff2de30000 - 0x00007fff2de4d000 	C:\Windows\SYSTEM32\dhcpcsvc.DLL
0x00007fff344f0000 - 0x00007fff345bb000 	C:\Windows\SYSTEM32\DNSAPI.dll

dbghelp: loaded successfully - version: 4.0.5 - missing functions: none
symbol engine: initialized successfully - sym options: 0x614 - pdb path: .;C:\Program Files\Android\Android Studio\jre\bin;C:\Windows\SYSTEM32;C:\Windows\WinSxS\amd64_microsoft.windows.common-controls_6595b64144ccf1df_6.0.19041.1110_none_60b5254171f9507e;C:\Program Files\Android\Android Studio\jre\bin\server;C:\Users\Admin\.gradle\native\e1d6ef7f7dcc3fd88c89a11ec53ec762bb8ba0a96d01ffa2cd45eb1d1d8dd5c5\windows-amd64;C:\Users\Admin\.gradle\native\5664cfc778a61ccfe75a443a1ab52a65af34e5dc3c78e0209fed803814484fcb\windows-amd64

VM Arguments:
jvm_args: --add-opens=java.base/java.util=ALL-UNNAMED --add-opens=java.base/java.lang=ALL-UNNAMED --add-opens=java.base/java.lang.invoke=ALL-UNNAMED --add-opens=java.base/java.util=ALL-UNNAMED --add-opens=java.prefs/java.util.prefs=ALL-UNNAMED --add-opens=java.prefs/java.util.prefs=ALL-UNNAMED --add-opens=java.base/java.nio.charset=ALL-UNNAMED --add-opens=java.base/java.net=ALL-UNNAMED --add-opens=java.base/java.util.concurrent.atomic=ALL-UNNAMED -Xmx2048m -Dfile.encoding=UTF-8 -Duser.country=US -Duser.language=en -Duser.variant 
java_command: org.gradle.launcher.daemon.bootstrap.GradleDaemon 7.2
java_class_path (initial): C:\Users\Admin\.gradle\wrapper\dists\gradle-7.2-bin\2dnblmf4td7x66yl1d74lt32g\gradle-7.2\lib\gradle-launcher-7.2.jar
Launcher Type: SUN_STANDARD

[Global flags]
     intx CICompilerCount                          = 3                                         {product} {ergonomic}
     uint ConcGCThreads                            = 1                                         {product} {ergonomic}
     uint G1ConcRefinementThreads                  = 4                                         {product} {ergonomic}
   size_t G1HeapRegionSize                         = 1048576                                   {product} {ergonomic}
    uintx GCDrainStackTargetSize                   = 64                                        {product} {ergonomic}
   size_t InitialHeapSize                          = 67108864                                  {product} {ergonomic}
   size_t MarkStackSize                            = 4194304                                   {product} {ergonomic}
   size_t MaxHeapSize                              = 2147483648                                {product} {command line}
   size_t MaxNewSize                               = 1287651328                                {product} {ergonomic}
   size_t MinHeapDeltaBytes                        = 1048576                                   {product} {ergonomic}
    uintx NonNMethodCodeHeapSize                   = 5830732                                {pd product} {ergonomic}
    uintx NonProfiledCodeHeapSize                  = 122913754                              {pd product} {ergonomic}
    uintx ProfiledCodeHeapSize                     = 122913754                              {pd product} {ergonomic}
    uintx ReservedCodeCacheSize                    = 251658240                              {pd product} {ergonomic}
     bool SegmentedCodeCache                       = true                                      {product} {ergonomic}
     bool UseCompressedClassPointers               = true                                 {lp64_product} {ergonomic}
     bool UseCompressedOops                        = true                                 {lp64_product} {ergonomic}
     bool UseG1GC                                  = true                                      {product} {ergonomic}
     bool UseLargePagesIndividualAllocation        = false                                  {pd product} {ergonomic}

Logging:
Log output configuration:
 #0: stdout all=warning uptime,level,tags
 #1: stderr all=off uptime,level,tags

Environment Variables:
PATH=C:\Program Files (x86)\VMware\VMware Player\bin\;C:\Windows\system32;C:\Windows;C:\Windows\System32\Wbem;C:\Windows\System32\WindowsPowerShell\v1.0\;C:\Windows\System32\OpenSSH\;C:\Program Files\dotnet\;C:\Users\Admin\AppData\Local\Microsoft\WindowsApps;C:\Users\Admin\.dotnet\tools
USERNAME=Admin
OS=Windows_NT
PROCESSOR_IDENTIFIER=Intel64 Family 6 Model 42 Stepping 7, GenuineIntel



---------------  S Y S T E M  ---------------

OS: Windows 10 , 64 bit Build 19041 (10.0.19041.1348)
OS uptime: 0 days 3:26 hours

CPU:total 4 (initial active 4) (2 cores per cpu, 2 threads per core) family 6 model 42 stepping 7 microcode 0x2f, cmov, cx8, fxsr, mmx, sse, sse2, sse3, ssse3, sse4.1, sse4.2, popcnt, avx, clmul, ht, tsc, tscinvbit

Memory: 4k page, system-wide physical 4004M (273M free)
TotalPageFile size 4004M (AvailPageFile size 7M)
current process WorkingSet (physical memory assigned to process): 398M, peak: 400M
current process commit charge ("private bytes"): 494M, peak: 498M

vm_info: OpenJDK 64-Bit Server VM (11.0.11+9-b60-7590822) for windows-amd64 JRE (11.0.11+9-b60-7590822), built on Jul 29 2021 21:43:44 by "builder" with MS VC++ 14.0 (VS2015)

END.
