#
# There is insufficient memory for the Java Runtime Environment to continue.
# Native memory allocation (mmap) failed to map 35651584 bytes for Failed to commit area from 0x000000008a200000 to 0x000000008c400000 of length 35651584.
# Possible reasons:
#   The system is out of physical RAM or swap space
#   The process is running with CompressedOops enabled, and the Java Heap may be blocking the growth of the native heap
# Possible solutions:
#   Reduce memory load on the system
#   Increase physical memory or swap space
#   Check if swap backing store is full
#   Decrease Java heap size (-Xmx/-Xms)
#   Decrease number of Java threads
#   Decrease Java thread stack sizes (-Xss)
#   Set larger code cache with -XX:ReservedCodeCacheSize=
#   JVM is running with Unscaled Compressed Oops mode in which the Java heap is
#     placed in the first 4GB address space. The Java Heap base address is the
#     maximum limit for the native heap growth. Please use -XX:HeapBaseMinAddress
#     to set the Java Heap base and to place the Java Heap above 4GB virtual address.
# This output file may be truncated or incomplete.
#
#  Out of Memory Error (./src/hotspot/os/windows/os_windows.cpp:3301), pid=1696, tid=5136
#
# JRE version: OpenJDK Runtime Environment (11.0.11+9) (build 11.0.11+9-b60-7590822)
# Java VM: OpenJDK 64-Bit Server VM (11.0.11+9-b60-7590822, mixed mode, tiered, compressed oops, g1 gc, windows-amd64)
# No core dump will be written. Minidumps are not enabled by default on client versions of Windows
#

---------------  S U M M A R Y ------------

Command Line: --add-opens=java.base/java.util=ALL-UNNAMED --add-opens=java.base/java.lang=ALL-UNNAMED --add-opens=java.base/java.lang.invoke=ALL-UNNAMED --add-opens=java.base/java.util=ALL-UNNAMED --add-opens=java.prefs/java.util.prefs=ALL-UNNAMED --add-opens=java.prefs/java.util.prefs=ALL-UNNAMED --add-opens=java.base/java.nio.charset=ALL-UNNAMED --add-opens=java.base/java.net=ALL-UNNAMED --add-opens=java.base/java.util.concurrent.atomic=ALL-UNNAMED -Xmx2048m -Dfile.encoding=UTF-8 -Duser.country=US -Duser.language=en -Duser.variant org.gradle.launcher.daemon.bootstrap.GradleDaemon 7.2

Host: Intel(R) Core(TM) i3-2330M CPU @ 2.20GHz, 4 cores, 3G,  Windows 10 , 64 bit Build 19041 (10.0.19041.1348)
Time: Wed Apr 20 22:28:40 2022 SE Asia Standard Time elapsed time: 23.686015 seconds (0d 0h 0m 23s)

---------------  T H R E A D  ---------------

Current thread (0x00000179a08ea800):  VMThread "VM Thread" [stack: 0x000000687f500000,0x000000687f600000] [id=5136]

Stack: [0x000000687f500000,0x000000687f600000]
[error occurred during error reporting (printing stack bounds), id 0xc0000005, EXCEPTION_ACCESS_VIOLATION (0xc0000005) at pc=0x000001798a0e0f2d]

Native frames: (J=compiled Java code, j=interpreted, Vv=VM code, C=native code)
V  [jvm.dll+0x5f214a]
V  [jvm.dll+0x726fb5]
V  [jvm.dll+0x7285cd]
V  [jvm.dll+0x728be5]
V  [jvm.dll+0x728b9b]
V  [jvm.dll+0x5f14e8]
V  [jvm.dll+0x5f1c78]
C  [ntdll.dll+0xa20cf]
C  [ntdll.dll+0x51454]
C  [ntdll.dll+0xa0bfe]
C  0x000001798a0e0f2d

VM_Operation (0x0000006804ef9990): G1CollectForAllocation, mode: safepoint, requested by thread 0x00000179a32a9000


---------------  P R O C E S S  ---------------

Threads class SMR info:
_java_thread_list=0x00000179a5d8ff50, length=86, elements={
0x00000179865dc000, 0x00000179a0933800, 0x00000179a093f000, 0x00000179a094b800,
0x00000179a0950800, 0x00000179a0952800, 0x00000179a0956000, 0x00000179a095b800,
0x00000179a095e800, 0x00000179a140c800, 0x00000179a285e000, 0x00000179a184b000,
0x00000179a315d800, 0x00000179a315e800, 0x00000179a315f000, 0x00000179a3127800,
0x00000179a273d800, 0x00000179a353b000, 0x00000179a2180000, 0x00000179a2ab9000,
0x00000179a2aba800, 0x00000179a2abb000, 0x00000179a2abd000, 0x00000179a2abc000,
0x00000179a2abd800, 0x00000179a2abe800, 0x00000179a2abf800, 0x00000179a2ab9800,
0x00000179a5a26000, 0x00000179a5a22000, 0x00000179a5a27800, 0x00000179a5a22800,
0x00000179a5a29000, 0x00000179a5a26800, 0x00000179a5a28800, 0x00000179a5a23800,
0x00000179a5a2f800, 0x00000179a5a2a800, 0x00000179a5a2c800, 0x00000179a5a2b800,
0x00000179a5a2d000, 0x00000179a5a2e000, 0x00000179a5a2f000, 0x00000179a5a2a000,
0x00000179a5a30800, 0x00000179a6780000, 0x00000179a677e800, 0x00000179a677c000,
0x00000179a677a800, 0x00000179a677b800, 0x00000179a677d000, 0x00000179a6781000,
0x00000179a6782000, 0x00000179a6782800, 0x00000179a677f800, 0x00000179a677d800,
0x00000179a6787800, 0x00000179a6785000, 0x00000179a6786000, 0x00000179a6786800,
0x00000179a6784000, 0x00000179a6788800, 0x00000179a6789000, 0x00000179a6783800,
0x00000179a400f800, 0x00000179a400c000, 0x00000179a400d000, 0x00000179a400b800,
0x00000179a400e000, 0x00000179a4010800, 0x00000179a4011000, 0x00000179a4012800,
0x00000179a4012000, 0x00000179a4014800, 0x00000179a4013800, 0x00000179a400e800,
0x00000179a4015000, 0x00000179a4016000, 0x00000179a4017800, 0x00000179a4018800,
0x00000179a4019800, 0x00000179a401a000, 0x00000179a32ad000, 0x00000179a32ae000,
0x00000179a32a8800, 0x00000179a32a9000
}

Java Threads: ( => current thread )
  0x00000179865dc000 JavaThread "main" [_thread_blocked, id=6888, stack(0x000000687ef00000,0x000000687f000000)]
  0x00000179a0933800 JavaThread "Reference Handler" daemon [_thread_blocked, id=5500, stack(0x000000687f600000,0x000000687f700000)]
  0x00000179a093f000 JavaThread "Finalizer" daemon [_thread_blocked, id=964, stack(0x000000687f700000,0x000000687f800000)]
  0x00000179a094b800 JavaThread "Signal Dispatcher" daemon [_thread_blocked, id=6276, stack(0x000000687f800000,0x000000687f900000)]
  0x00000179a0950800 JavaThread "Attach Listener" daemon [_thread_blocked, id=3320, stack(0x000000687f900000,0x000000687fa00000)]
  0x00000179a0952800 JavaThread "Service Thread" daemon [_thread_blocked, id=1828, stack(0x000000687fa00000,0x000000687fb00000)]
  0x00000179a0956000 JavaThread "C2 CompilerThread0" daemon [_thread_blocked, id=4416, stack(0x000000687fb00000,0x000000687fc00000)]
  0x00000179a095b800 JavaThread "C1 CompilerThread0" daemon [_thread_blocked, id=2228, stack(0x000000687fc00000,0x000000687fd00000)]
  0x00000179a095e800 JavaThread "Sweeper thread" daemon [_thread_blocked, id=1628, stack(0x000000687fd00000,0x000000687fe00000)]
  0x00000179a140c800 JavaThread "Common-Cleaner" daemon [_thread_blocked, id=2076, stack(0x000000687fe00000,0x000000687ff00000)]
  0x00000179a285e000 JavaThread "Daemon health stats" [_thread_blocked, id=2136, stack(0x0000006800200000,0x0000006800300000)]
  0x00000179a184b000 JavaThread "Incoming local TCP Connector on port 49636" [_thread_in_native, id=2208, stack(0x0000006800000000,0x0000006800100000)]
  0x00000179a315d800 JavaThread "Daemon" [_thread_blocked, id=3928, stack(0x0000006800500000,0x0000006800600000)]
  0x00000179a315e800 JavaThread "Daemon periodic checks" [_thread_blocked, id=1032, stack(0x0000006800600000,0x0000006800700000)]
  0x00000179a315f000 JavaThread "Handler for socket connection from /127.0.0.1:49636 to /127.0.0.1:49637" [_thread_in_native, id=2088, stack(0x0000006800700000,0x0000006800800000)]
  0x00000179a3127800 JavaThread "Cancel handler" [_thread_blocked, id=1804, stack(0x0000006800800000,0x0000006800900000)]
  0x00000179a273d800 JavaThread "Daemon worker" [_thread_blocked, id=3088, stack(0x0000006800900000,0x0000006800a00000)]
  0x00000179a353b000 JavaThread "Asynchronous log dispatcher for DefaultDaemonConnection: socket connection from /127.0.0.1:49636 to /127.0.0.1:49637" [_thread_blocked, id=6948, stack(0x0000006800a00000,0x0000006800b00000)]
  0x00000179a2180000 JavaThread "Stdin handler" [_thread_blocked, id=1076, stack(0x0000006800b00000,0x0000006800c00000)]
  0x00000179a2ab9000 JavaThread "Daemon client event forwarder" [_thread_blocked, id=6984, stack(0x0000006800c00000,0x0000006800d00000)]
  0x00000179a2aba800 JavaThread "Cache worker for journal cache (C:\Users\Admin\.gradle\caches\journal-1)" [_thread_blocked, id=1916, stack(0x0000006800d00000,0x0000006800e00000)]
  0x00000179a2abb000 JavaThread "File lock request listener" [_thread_in_native, id=6076, stack(0x0000006800e00000,0x0000006800f00000)]
  0x00000179a2abd000 JavaThread "Cache worker for file hash cache (C:\Users\Admin\.gradle\caches\7.2\fileHashes)" [_thread_blocked, id=2788, stack(0x0000006800f00000,0x0000006801000000)]
  0x00000179a2abc000 JavaThread "Cache worker for file hash cache (C:\Users\Admin\AndroidStudioProjects\DailySelfie\.gradle\7.2\fileHashes)" [_thread_blocked, id=4664, stack(0x0000006801000000,0x0000006801100000)]
  0x00000179a2abd800 JavaThread "File watcher server" daemon [_thread_blocked, id=3956, stack(0x0000006801200000,0x0000006801300000)]
  0x00000179a2abe800 JavaThread "File watcher consumer" daemon [_thread_blocked, id=6668, stack(0x0000006801300000,0x0000006801400000)]
  0x00000179a2abf800 JavaThread "Cache worker for checksums cache (C:\Users\Admin\AndroidStudioProjects\DailySelfie\.gradle\checksums)" [_thread_blocked, id=1948, stack(0x0000006801400000,0x0000006801500000)]
  0x00000179a2ab9800 JavaThread "Cache worker for cache directory md-supplier (C:\Users\Admin\.gradle\caches\7.2\md-supplier)" [_thread_blocked, id=1116, stack(0x0000006801500000,0x0000006801600000)]
  0x00000179a5a26000 JavaThread "Cache worker for cache directory md-rule (C:\Users\Admin\.gradle\caches\7.2\md-rule)" [_thread_blocked, id=4736, stack(0x0000006801600000,0x0000006801700000)]
  0x00000179a5a22000 JavaThread "Cache worker for execution history cache (C:\Users\Admin\.gradle\caches\7.2\executionHistory)" [_thread_blocked, id=3284, stack(0x0000006801700000,0x0000006801800000)]
  0x00000179a5a27800 JavaThread "jar transforms" [_thread_blocked, id=4040, stack(0x0000006801800000,0x0000006801900000)]
  0x00000179a5a22800 JavaThread "Cache worker for file content cache (C:\Users\Admin\.gradle\caches\7.2\fileContent)" [_thread_blocked, id=2940, stack(0x0000006801900000,0x0000006801a00000)]
  0x00000179a5a29000 JavaThread "jar transforms Thread 2" [_thread_blocked, id=2312, stack(0x0000006801a00000,0x0000006801b00000)]
  0x00000179a5a26800 JavaThread "Cache worker for dependencies-accessors (C:\Users\Admin\AndroidStudioProjects\DailySelfie\.gradle\7.2\dependencies-accessors)" [_thread_blocked, id=4692, stack(0x0000006801b00000,0x0000006801c00000)]
  0x00000179a5a28800 JavaThread "jar transforms Thread 3" [_thread_blocked, id=928, stack(0x0000006801c00000,0x0000006801d00000)]
  0x00000179a5a23800 JavaThread "Cache worker for Build Output Cleanup Cache (C:\Users\Admin\AndroidStudioProjects\DailySelfie\.gradle\buildOutputCleanup)" [_thread_blocked, id=7164, stack(0x0000006801d00000,0x0000006801e00000)]
  0x00000179a5a2f800 JavaThread "Unconstrained build operations" [_thread_blocked, id=2084, stack(0x0000006801e00000,0x0000006801f00000)]
  0x00000179a5a2a800 JavaThread "Unconstrained build operations Thread 2" [_thread_blocked, id=6460, stack(0x0000006801f00000,0x0000006802000000)]
  0x00000179a5a2c800 JavaThread "Unconstrained build operations Thread 3" [_thread_blocked, id=1744, stack(0x0000006802000000,0x0000006802100000)]
  0x00000179a5a2b800 JavaThread "Unconstrained build operations Thread 4" [_thread_blocked, id=5352, stack(0x0000006802100000,0x0000006802200000)]
  0x00000179a5a2d000 JavaThread "Unconstrained build operations Thread 5" [_thread_blocked, id=3348, stack(0x0000006802200000,0x0000006802300000)]
  0x00000179a5a2e000 JavaThread "Unconstrained build operations Thread 6" [_thread_blocked, id=2648, stack(0x0000006802300000,0x0000006802400000)]
  0x00000179a5a2f000 JavaThread "Unconstrained build operations Thread 7" [_thread_blocked, id=7060, stack(0x0000006802400000,0x0000006802500000)]
  0x00000179a5a2a000 JavaThread "Unconstrained build operations Thread 8" [_thread_blocked, id=3952, stack(0x0000006802500000,0x0000006802600000)]
  0x00000179a5a30800 JavaThread "Unconstrained build operations Thread 9" [_thread_blocked, id=3384, stack(0x0000006802600000,0x0000006802700000)]
  0x00000179a6780000 JavaThread "Unconstrained build operations Thread 10" [_thread_blocked, id=5592, stack(0x0000006802700000,0x0000006802800000)]
  0x00000179a677e800 JavaThread "Unconstrained build operations Thread 11" [_thread_blocked, id=5808, stack(0x0000006802800000,0x0000006802900000)]
  0x00000179a677c000 JavaThread "Unconstrained build operations Thread 12" [_thread_blocked, id=5700, stack(0x0000006802900000,0x0000006802a00000)]
  0x00000179a677a800 JavaThread "Unconstrained build operations Thread 13" [_thread_blocked, id=2932, stack(0x0000006802a00000,0x0000006802b00000)]
  0x00000179a677b800 JavaThread "Unconstrained build operations Thread 14" [_thread_blocked, id=1608, stack(0x0000006802b00000,0x0000006802c00000)]
  0x00000179a677d000 JavaThread "Unconstrained build operations Thread 15" [_thread_blocked, id=7132, stack(0x0000006802c00000,0x0000006802d00000)]
  0x00000179a6781000 JavaThread "Unconstrained build operations Thread 16" [_thread_blocked, id=5668, stack(0x0000006802d00000,0x0000006802e00000)]
  0x00000179a6782000 JavaThread "Unconstrained build operations Thread 17" [_thread_blocked, id=7068, stack(0x0000006802e00000,0x0000006802f00000)]
  0x00000179a6782800 JavaThread "Unconstrained build operations Thread 18" [_thread_blocked, id=1516, stack(0x0000006802f00000,0x0000006803000000)]
  0x00000179a677f800 JavaThread "Unconstrained build operations Thread 19" [_thread_blocked, id=4420, stack(0x0000006803000000,0x0000006803100000)]
  0x00000179a677d800 JavaThread "Unconstrained build operations Thread 20" [_thread_blocked, id=6000, stack(0x0000006803100000,0x0000006803200000)]
  0x00000179a6787800 JavaThread "Unconstrained build operations Thread 21" [_thread_blocked, id=6564, stack(0x0000006803200000,0x0000006803300000)]
  0x00000179a6785000 JavaThread "Unconstrained build operations Thread 22" [_thread_blocked, id=2528, stack(0x0000006803300000,0x0000006803400000)]
  0x00000179a6786000 JavaThread "Unconstrained build operations Thread 23" [_thread_blocked, id=6240, stack(0x0000006803400000,0x0000006803500000)]
  0x00000179a6786800 JavaThread "Unconstrained build operations Thread 24" [_thread_blocked, id=7016, stack(0x0000006803500000,0x0000006803600000)]
  0x00000179a6784000 JavaThread "Unconstrained build operations Thread 25" [_thread_blocked, id=3548, stack(0x0000006803600000,0x0000006803700000)]
  0x00000179a6788800 JavaThread "Unconstrained build operations Thread 26" [_thread_blocked, id=5244, stack(0x0000006803700000,0x0000006803800000)]
  0x00000179a6789000 JavaThread "Unconstrained build operations Thread 27" [_thread_blocked, id=2472, stack(0x0000006803800000,0x0000006803900000)]
  0x00000179a6783800 JavaThread "Unconstrained build operations Thread 28" [_thread_blocked, id=1124, stack(0x0000006803900000,0x0000006803a00000)]
  0x00000179a400f800 JavaThread "Unconstrained build operations Thread 29" [_thread_blocked, id=6008, stack(0x0000006803a00000,0x0000006803b00000)]
  0x00000179a400c000 JavaThread "Unconstrained build operations Thread 30" [_thread_blocked, id=2800, stack(0x0000006803b00000,0x0000006803c00000)]
  0x00000179a400d000 JavaThread "Unconstrained build operations Thread 31" [_thread_blocked, id=3780, stack(0x0000006803c00000,0x0000006803d00000)]
  0x00000179a400b800 JavaThread "Unconstrained build operations Thread 32" [_thread_blocked, id=6664, stack(0x0000006803d00000,0x0000006803e00000)]
  0x00000179a400e000 JavaThread "Unconstrained build operations Thread 33" [_thread_blocked, id=4508, stack(0x0000006803e00000,0x0000006803f00000)]
  0x00000179a4010800 JavaThread "Unconstrained build operations Thread 34" [_thread_blocked, id=1616, stack(0x0000006803f00000,0x0000006804000000)]
  0x00000179a4011000 JavaThread "Unconstrained build operations Thread 35" [_thread_blocked, id=596, stack(0x0000006804000000,0x0000006804100000)]
  0x00000179a4012800 JavaThread "Unconstrained build operations Thread 36" [_thread_blocked, id=1656, stack(0x0000006804100000,0x0000006804200000)]
  0x00000179a4012000 JavaThread "Unconstrained build operations Thread 37" [_thread_blocked, id=1008, stack(0x0000006804200000,0x0000006804300000)]
  0x00000179a4014800 JavaThread "Unconstrained build operations Thread 38" [_thread_blocked, id=4036, stack(0x0000006804300000,0x0000006804400000)]
  0x00000179a4013800 JavaThread "Unconstrained build operations Thread 39" [_thread_blocked, id=5860, stack(0x0000006804400000,0x0000006804500000)]
  0x00000179a400e800 JavaThread "Unconstrained build operations Thread 40" [_thread_blocked, id=4408, stack(0x0000006804500000,0x0000006804600000)]
  0x00000179a4015000 JavaThread "jar transforms Thread 4" [_thread_blocked, id=3116, stack(0x0000006804600000,0x0000006804700000)]
  0x00000179a4016000 JavaThread "Memory manager" [_thread_blocked, id=1812, stack(0x0000006804700000,0x0000006804800000)]
  0x00000179a4017800 JavaThread "build event listener" [_thread_blocked, id=4804, stack(0x0000006801100000,0x0000006801200000)]
  0x00000179a4018800 JavaThread "pool-3-thread-1" [_thread_blocked, id=3992, stack(0x0000006804800000,0x0000006804900000)]
  0x00000179a4019800 JavaThread "build event listener" [_thread_blocked, id=724, stack(0x0000006804900000,0x0000006804a00000)]
  0x00000179a401a000 JavaThread "Execution worker for ':'" [_thread_blocked, id=3052, stack(0x0000006804a00000,0x0000006804b00000)]
  0x00000179a32ad000 JavaThread "Execution worker for ':' Thread 2" [_thread_blocked, id=2536, stack(0x0000006804b00000,0x0000006804c00000)]
  0x00000179a32ae000 JavaThread "Execution worker for ':' Thread 3" [_thread_blocked, id=3048, stack(0x0000006804c00000,0x0000006804d00000)]
  0x00000179a32a8800 JavaThread "Cache worker for execution history cache (C:\Users\Admin\AndroidStudioProjects\DailySelfie\.gradle\7.2\executionHistory)" [_thread_blocked, id=4604, stack(0x0000006804d00000,0x0000006804e00000)]
  0x00000179a32a9000 JavaThread "WorkerExecutor Queue" [_thread_blocked, id=5376, stack(0x0000006804e00000,0x0000006804f00000)]

Other Threads:
=>0x00000179a08ea800 VMThread "VM Thread" [stack: 0x000000687f500000,0x000000687f600000] [id=5136]
  0x00000179a1440800 WatcherThread [stack: 0x000000687ff00000,0x0000006880000000] [id=6320]
  0x00000179865f5000 GCTaskThread "GC Thread#0" [stack: 0x000000687f000000,0x000000687f100000] [id=2436]
  0x00000179a1893800 GCTaskThread "GC Thread#1" [stack: 0x0000006800100000,0x0000006800200000] [id=6404]
  0x00000179a2e57800 GCTaskThread "GC Thread#2" [stack: 0x0000006800300000,0x0000006800400000] [id=7028]
  0x00000179a27b8000 GCTaskThread "GC Thread#3" [stack: 0x0000006800400000,0x0000006800500000] [id=6540]
  0x0000017986626800 ConcurrentGCThread "G1 Main Marker" [stack: 0x000000687f100000,0x000000687f200000] [id=4708]
  0x0000017986627800 ConcurrentGCThread "G1 Conc#0" [stack: 0x000000687f200000,0x000000687f300000] [id=2364]
  0x0000017986680800 ConcurrentGCThread "G1 Refine#0" [stack: 0x000000687f300000,0x000000687f400000] [id=5708]
  0x0000017986683800 ConcurrentGCThread "G1 Young RemSet Sampling" [stack: 0x000000687f400000,0x000000687f500000] [id=1212]

Threads with active compile tasks:
C2 CompilerThread0  23712 9820       4       java.util.concurrent.locks.ReentrantLock$FairSync::tryAcquire (74 bytes)

VM state:at safepoint (normal execution)

VM Mutex/Monitor currently owned by a thread:  ([mutex/lock_event])
[0x00000179865d7a40] Threads_lock - owner thread: 0x00000179a08ea800
[0x00000179865d83d0] Heap_lock - owner thread: 0x00000179a32a9000

Heap address: 0x0000000080000000, size: 2048 MB, Compressed Oops mode: 32-bit
Narrow klass base: 0x0000000000000000, Narrow klass shift: 3
Compressed class space size: 1073741824 Address: 0x0000000100000000

Heap:
 garbage-first heap   total 200704K, used 75776K [0x0000000080000000, 0x0000000100000000)
  region size 1024K, 3 young (3072K), 3 survivors (3072K)
 Metaspace       used 85178K, capacity 87306K, committed 87372K, reserved 1124352K
  class space    used 10987K, capacity 11789K, committed 11852K, reserved 1048576K
Heap Regions: E=young(eden), S=young(survivor), O=old, HS=humongous(starts), HC=humongous(continues), CS=collection set, F=free, A=archive, TAMS=top-at-mark-start (previous, next)
|   0|0x0000000080000000, 0x0000000080100000, 0x0000000080100000|100%| O|  |TAMS 0x0000000080100000, 0x0000000080000000| Untracked 
|   1|0x0000000080100000, 0x0000000080200000, 0x0000000080200000|100%| O|  |TAMS 0x0000000080200000, 0x0000000080100000| Untracked 
|   2|0x0000000080200000, 0x0000000080300000, 0x0000000080300000|100%| O|  |TAMS 0x0000000080300000, 0x0000000080200000| Untracked 
|   3|0x0000000080300000, 0x0000000080400000, 0x0000000080400000|100%|HS|  |TAMS 0x0000000080400000, 0x0000000080300000| Complete 
|   4|0x0000000080400000, 0x0000000080500000, 0x0000000080500000|100%|HC|  |TAMS 0x0000000080500000, 0x0000000080400000| Complete 
|   5|0x0000000080500000, 0x0000000080600000, 0x0000000080600000|100%|HC|  |TAMS 0x0000000080600000, 0x0000000080500000| Complete 
|   6|0x0000000080600000, 0x0000000080700000, 0x0000000080700000|100%| O|  |TAMS 0x0000000080700000, 0x0000000080600000| Untracked 
|   7|0x0000000080700000, 0x0000000080800000, 0x0000000080800000|100%| O|  |TAMS 0x0000000080800000, 0x0000000080700000| Untracked 
|   8|0x0000000080800000, 0x0000000080900000, 0x0000000080900000|100%| O|  |TAMS 0x0000000080900000, 0x0000000080800000| Untracked 
|   9|0x0000000080900000, 0x0000000080a00000, 0x0000000080a00000|100%| O|  |TAMS 0x0000000080a00000, 0x0000000080900000| Untracked 
|  10|0x0000000080a00000, 0x0000000080b00000, 0x0000000080b00000|100%| O|  |TAMS 0x0000000080b00000, 0x0000000080a00000| Untracked 
|  11|0x0000000080b00000, 0x0000000080c00000, 0x0000000080c00000|100%| O|  |TAMS 0x0000000080c00000, 0x0000000080b00000| Untracked 
|  12|0x0000000080c00000, 0x0000000080d00000, 0x0000000080d00000|100%| O|  |TAMS 0x0000000080d00000, 0x0000000080c00000| Untracked 
|  13|0x0000000080d00000, 0x0000000080e00000, 0x0000000080e00000|100%| O|  |TAMS 0x0000000080e00000, 0x0000000080d00000| Untracked 
|  14|0x0000000080e00000, 0x0000000080f00000, 0x0000000080f00000|100%| O|  |TAMS 0x0000000080f00000, 0x0000000080e00000| Untracked 
|  15|0x0000000080f00000, 0x0000000081000000, 0x0000000081000000|100%| O|  |TAMS 0x0000000081000000, 0x0000000080f00000| Untracked 
|  16|0x0000000081000000, 0x0000000081100000, 0x0000000081100000|100%| O|  |TAMS 0x0000000081100000, 0x0000000081000000| Untracked 
|  17|0x0000000081100000, 0x0000000081200000, 0x0000000081200000|100%| O|  |TAMS 0x0000000081200000, 0x0000000081100000| Untracked 
|  18|0x0000000081200000, 0x0000000081300000, 0x0000000081300000|100%| O|  |TAMS 0x0000000081300000, 0x0000000081200000| Untracked 
|  19|0x0000000081300000, 0x0000000081400000, 0x0000000081400000|100%| O|  |TAMS 0x0000000081400000, 0x0000000081300000| Untracked 
|  20|0x0000000081400000, 0x0000000081500000, 0x0000000081500000|100%| O|  |TAMS 0x0000000081500000, 0x0000000081400000| Untracked 
|  21|0x0000000081500000, 0x0000000081600000, 0x0000000081600000|100%| O|  |TAMS 0x0000000081600000, 0x0000000081500000| Untracked 
|  22|0x0000000081600000, 0x0000000081700000, 0x0000000081700000|100%| O|  |TAMS 0x0000000081700000, 0x0000000081600000| Untracked 
|  23|0x0000000081700000, 0x0000000081800000, 0x0000000081800000|100%| O|  |TAMS 0x0000000081800000, 0x0000000081700000| Untracked 
|  24|0x0000000081800000, 0x0000000081900000, 0x0000000081900000|100%| O|  |TAMS 0x0000000081900000, 0x0000000081800000| Untracked 
|  25|0x0000000081900000, 0x0000000081a00000, 0x0000000081a00000|100%| O|  |TAMS 0x0000000081a00000, 0x0000000081900000| Untracked 
|  26|0x0000000081a00000, 0x0000000081b00000, 0x0000000081b00000|100%| O|  |TAMS 0x0000000081b00000, 0x0000000081a00000| Untracked 
|  27|0x0000000081b00000, 0x0000000081c00000, 0x0000000081c00000|100%| O|  |TAMS 0x0000000081c00000, 0x0000000081b00000| Untracked 
|  28|0x0000000081c00000, 0x0000000081d00000, 0x0000000081d00000|100%|HS|  |TAMS 0x0000000081d00000, 0x0000000081c00000| Complete 
|  29|0x0000000081d00000, 0x0000000081e00000, 0x0000000081e00000|100%|HS|  |TAMS 0x0000000081e00000, 0x0000000081d00000| Complete 
|  30|0x0000000081e00000, 0x0000000081f00000, 0x0000000081f00000|100%|HS|  |TAMS 0x0000000081f00000, 0x0000000081e00000| Complete 
|  31|0x0000000081f00000, 0x0000000082000000, 0x0000000082000000|100%|HS|  |TAMS 0x0000000082000000, 0x0000000081f00000| Complete 
|  32|0x0000000082000000, 0x0000000082100000, 0x0000000082100000|100%|HC|  |TAMS 0x0000000082100000, 0x0000000082000000| Complete 
|  33|0x0000000082100000, 0x0000000082200000, 0x0000000082200000|100%| O|  |TAMS 0x0000000082200000, 0x0000000082100000| Untracked 
|  34|0x0000000082200000, 0x0000000082300000, 0x0000000082300000|100%| O|  |TAMS 0x0000000082300000, 0x0000000082200000| Untracked 
|  35|0x0000000082300000, 0x0000000082400000, 0x0000000082400000|100%| O|  |TAMS 0x0000000082400000, 0x0000000082300000| Untracked 
|  36|0x0000000082400000, 0x0000000082500000, 0x0000000082500000|100%| O|  |TAMS 0x0000000082500000, 0x0000000082400000| Untracked 
|  37|0x0000000082500000, 0x0000000082600000, 0x0000000082600000|100%| O|  |TAMS 0x0000000082600000, 0x0000000082500000| Untracked 
|  38|0x0000000082600000, 0x0000000082700000, 0x0000000082700000|100%| O|  |TAMS 0x0000000082700000, 0x0000000082600000| Untracked 
|  39|0x0000000082700000, 0x0000000082800000, 0x0000000082800000|100%| O|  |TAMS 0x0000000082800000, 0x0000000082700000| Untracked 
|  40|0x0000000082800000, 0x0000000082900000, 0x0000000082900000|100%| O|  |TAMS 0x0000000082900000, 0x0000000082800000| Untracked 
|  41|0x0000000082900000, 0x0000000082a00000, 0x0000000082a00000|100%| O|  |TAMS 0x0000000082a00000, 0x0000000082900000| Untracked 
|  42|0x0000000082a00000, 0x0000000082b00000, 0x0000000082b00000|100%| O|  |TAMS 0x0000000082b00000, 0x0000000082a00000| Untracked 
|  43|0x0000000082b00000, 0x0000000082c00000, 0x0000000082c00000|100%| O|  |TAMS 0x0000000082c00000, 0x0000000082b00000| Untracked 
|  44|0x0000000082c00000, 0x0000000082d00000, 0x0000000082d00000|100%| O|  |TAMS 0x0000000082d00000, 0x0000000082c00000| Untracked 
|  45|0x0000000082d00000, 0x0000000082e00000, 0x0000000082e00000|100%| O|  |TAMS 0x0000000082e00000, 0x0000000082d00000| Untracked 
|  46|0x0000000082e00000, 0x0000000082f00000, 0x0000000082f00000|100%| O|  |TAMS 0x0000000082f00000, 0x0000000082e00000| Untracked 
|  47|0x0000000082f00000, 0x0000000083000000, 0x0000000083000000|100%| O|  |TAMS 0x0000000082f00000, 0x0000000082f00000| Untracked 
|  48|0x0000000083000000, 0x0000000083100000, 0x0000000083100000|100%| O|  |TAMS 0x0000000083100000, 0x0000000083000000| Untracked 
|  49|0x0000000083100000, 0x0000000083200000, 0x0000000083200000|100%| O|  |TAMS 0x0000000083200000, 0x0000000083100000| Untracked 
|  50|0x0000000083200000, 0x0000000083300000, 0x0000000083300000|100%| O|  |TAMS 0x00000000832e5e00, 0x0000000083200000| Untracked 
|  51|0x0000000083300000, 0x0000000083400000, 0x0000000083400000|100%| O|  |TAMS 0x0000000083300000, 0x0000000083300000| Untracked 
|  52|0x0000000083400000, 0x0000000083500000, 0x0000000083500000|100%| O|  |TAMS 0x0000000083400000, 0x0000000083400000| Untracked 
|  53|0x0000000083500000, 0x0000000083600000, 0x0000000083600000|100%| O|  |TAMS 0x0000000083500000, 0x0000000083500000| Untracked 
|  54|0x0000000083600000, 0x0000000083700000, 0x0000000083700000|100%| O|  |TAMS 0x0000000083600000, 0x0000000083600000| Untracked 
|  55|0x0000000083700000, 0x0000000083800000, 0x0000000083800000|100%| O|  |TAMS 0x0000000083700000, 0x0000000083700000| Untracked 
|  56|0x0000000083800000, 0x0000000083900000, 0x0000000083900000|100%| O|  |TAMS 0x0000000083800000, 0x0000000083800000| Untracked 
|  57|0x0000000083900000, 0x0000000083a00000, 0x0000000083a00000|100%| O|  |TAMS 0x0000000083900000, 0x0000000083900000| Untracked 
|  58|0x0000000083a00000, 0x0000000083b00000, 0x0000000083b00000|100%| O|  |TAMS 0x0000000083a00000, 0x0000000083a00000| Untracked 
|  59|0x0000000083b00000, 0x0000000083c00000, 0x0000000083c00000|100%| O|  |TAMS 0x0000000083b00000, 0x0000000083b00000| Untracked 
|  60|0x0000000083c00000, 0x0000000083d00000, 0x0000000083d00000|100%| O|  |TAMS 0x0000000083c00000, 0x0000000083c00000| Untracked 
|  61|0x0000000083d00000, 0x0000000083e00000, 0x0000000083e00000|100%| O|  |TAMS 0x0000000083d00000, 0x0000000083d00000| Untracked 
|  62|0x0000000083e00000, 0x0000000083f00000, 0x0000000083f00000|100%| O|  |TAMS 0x0000000083e00000, 0x0000000083e00000| Untracked 
|  63|0x0000000083f00000, 0x0000000084000000, 0x0000000084000000|100%| O|  |TAMS 0x0000000083f00000, 0x0000000083f00000| Untracked 
|  64|0x0000000084000000, 0x0000000084100000, 0x0000000084100000|100%| O|  |TAMS 0x0000000084000000, 0x0000000084000000| Untracked 
|  65|0x0000000084100000, 0x0000000084200000, 0x0000000084200000|100%| O|  |TAMS 0x0000000084100000, 0x0000000084100000| Untracked 
|  66|0x0000000084200000, 0x0000000084300000, 0x0000000084300000|100%| O|  |TAMS 0x0000000084200000, 0x0000000084200000| Untracked 
|  67|0x0000000084300000, 0x0000000084400000, 0x0000000084400000|100%| O|  |TAMS 0x0000000084300000, 0x0000000084300000| Untracked 
|  68|0x0000000084400000, 0x0000000084500000, 0x0000000084500000|100%| O|  |TAMS 0x0000000084400000, 0x0000000084400000| Untracked 
|  69|0x0000000084500000, 0x0000000084600000, 0x0000000084600000|100%| O|  |TAMS 0x0000000084500000, 0x0000000084500000| Untracked 
|  70|0x0000000084600000, 0x0000000084700000, 0x0000000084700000|100%| O|  |TAMS 0x0000000084600000, 0x0000000084600000| Untracked 
|  71|0x0000000084700000, 0x0000000084700000, 0x0000000084800000|  0%| F|  |TAMS 0x0000000084700000, 0x0000000084700000| Untracked 
|  72|0x0000000084800000, 0x0000000084800000, 0x0000000084900000|  0%| F|  |TAMS 0x0000000084800000, 0x0000000084800000| Untracked 
|  73|0x0000000084900000, 0x0000000084900000, 0x0000000084a00000|  0%| F|  |TAMS 0x0000000084900000, 0x0000000084900000| Untracked 
|  74|0x0000000084a00000, 0x0000000084a00000, 0x0000000084b00000|  0%| F|  |TAMS 0x0000000084a00000, 0x0000000084a00000| Untracked 
|  75|0x0000000084b00000, 0x0000000084b00000, 0x0000000084c00000|  0%| F|  |TAMS 0x0000000084b00000, 0x0000000084b00000| Untracked 
|  76|0x0000000084c00000, 0x0000000084c00000, 0x0000000084d00000|  0%| F|  |TAMS 0x0000000084c00000, 0x0000000084c00000| Untracked 
|  77|0x0000000084d00000, 0x0000000084d00000, 0x0000000084e00000|  0%| F|  |TAMS 0x0000000084d00000, 0x0000000084d00000| Untracked 
|  78|0x0000000084e00000, 0x0000000084e00000, 0x0000000084f00000|  0%| F|  |TAMS 0x0000000084e00000, 0x0000000084e00000| Untracked 
|  79|0x0000000084f00000, 0x0000000084f00000, 0x0000000085000000|  0%| F|  |TAMS 0x0000000084f00000, 0x0000000084f00000| Untracked 
|  80|0x0000000085000000, 0x0000000085000000, 0x0000000085100000|  0%| F|  |TAMS 0x0000000085000000, 0x0000000085000000| Untracked 
|  81|0x0000000085100000, 0x0000000085100000, 0x0000000085200000|  0%| F|  |TAMS 0x0000000085100000, 0x0000000085100000| Untracked 
|  82|0x0000000085200000, 0x0000000085200000, 0x0000000085300000|  0%| F|  |TAMS 0x0000000085200000, 0x0000000085200000| Untracked 
|  83|0x0000000085300000, 0x0000000085300000, 0x0000000085400000|  0%| F|  |TAMS 0x0000000085300000, 0x0000000085300000| Untracked 
|  84|0x0000000085400000, 0x0000000085400000, 0x0000000085500000|  0%| F|  |TAMS 0x0000000085400000, 0x0000000085400000| Untracked 
|  85|0x0000000085500000, 0x0000000085500000, 0x0000000085600000|  0%| F|  |TAMS 0x0000000085500000, 0x0000000085500000| Untracked 
|  86|0x0000000085600000, 0x0000000085600000, 0x0000000085700000|  0%| F|  |TAMS 0x0000000085600000, 0x0000000085600000| Untracked 
|  87|0x0000000085700000, 0x0000000085700000, 0x0000000085800000|  0%| F|  |TAMS 0x0000000085700000, 0x0000000085700000| Untracked 
|  88|0x0000000085800000, 0x0000000085800000, 0x0000000085900000|  0%| F|  |TAMS 0x0000000085800000, 0x0000000085800000| Untracked 
|  89|0x0000000085900000, 0x0000000085900000, 0x0000000085a00000|  0%| F|  |TAMS 0x0000000085900000, 0x0000000085900000| Untracked 
|  90|0x0000000085a00000, 0x0000000085a00000, 0x0000000085b00000|  0%| F|  |TAMS 0x0000000085a00000, 0x0000000085a00000| Untracked 
|  91|0x0000000085b00000, 0x0000000085b00000, 0x0000000085c00000|  0%| F|  |TAMS 0x0000000085b00000, 0x0000000085b00000| Untracked 
|  92|0x0000000085c00000, 0x0000000085c00000, 0x0000000085d00000|  0%| F|  |TAMS 0x0000000085c00000, 0x0000000085c00000| Untracked 
|  93|0x0000000085d00000, 0x0000000085d00000, 0x0000000085e00000|  0%| F|  |TAMS 0x0000000085d00000, 0x0000000085d00000| Untracked 
|  94|0x0000000085e00000, 0x0000000085e00000, 0x0000000085f00000|  0%| F|  |TAMS 0x0000000085e00000, 0x0000000085e00000| Untracked 
|  95|0x0000000085f00000, 0x0000000085f00000, 0x0000000086000000|  0%| F|  |TAMS 0x0000000085f00000, 0x0000000085f00000| Untracked 
|  96|0x0000000086000000, 0x0000000086000000, 0x0000000086100000|  0%| F|  |TAMS 0x0000000086000000, 0x0000000086000000| Untracked 
|  97|0x0000000086100000, 0x0000000086100000, 0x0000000086200000|  0%| F|  |TAMS 0x0000000086100000, 0x0000000086100000| Untracked 
|  98|0x0000000086200000, 0x0000000086200000, 0x0000000086300000|  0%| F|  |TAMS 0x0000000086200000, 0x0000000086200000| Untracked 
|  99|0x0000000086300000, 0x0000000086300000, 0x0000000086400000|  0%| F|  |TAMS 0x0000000086300000, 0x0000000086300000| Untracked 
| 100|0x0000000086400000, 0x0000000086400000, 0x0000000086500000|  0%| F|  |TAMS 0x0000000086400000, 0x0000000086400000| Untracked 
| 101|0x0000000086500000, 0x0000000086500000, 0x0000000086600000|  0%| F|  |TAMS 0x0000000086500000, 0x0000000086500000| Untracked 
| 102|0x0000000086600000, 0x0000000086600000, 0x0000000086700000|  0%| F|  |TAMS 0x0000000086600000, 0x0000000086600000| Untracked 
| 103|0x0000000086700000, 0x0000000086800000, 0x0000000086800000|100%| S|CS|TAMS 0x0000000086700000, 0x0000000086700000| Complete 
| 104|0x0000000086800000, 0x0000000086800000, 0x0000000086900000|  0%| F|  |TAMS 0x0000000086800000, 0x0000000086800000| Untracked 
| 105|0x0000000086900000, 0x0000000086900000, 0x0000000086a00000|  0%| F|  |TAMS 0x0000000086900000, 0x0000000086900000| Untracked 
| 106|0x0000000086a00000, 0x0000000086a00000, 0x0000000086b00000|  0%| F|  |TAMS 0x0000000086a00000, 0x0000000086a00000| Untracked 
| 107|0x0000000086b00000, 0x0000000086b00000, 0x0000000086c00000|  0%| F|  |TAMS 0x0000000086b00000, 0x0000000086b00000| Untracked 
| 108|0x0000000086c00000, 0x0000000086c00000, 0x0000000086d00000|  0%| F|  |TAMS 0x0000000086c00000, 0x0000000086c00000| Untracked 
| 109|0x0000000086d00000, 0x0000000086e00000, 0x0000000086e00000|100%| S|CS|TAMS 0x0000000086d00000, 0x0000000086d00000| Complete 
| 110|0x0000000086e00000, 0x0000000086f00000, 0x0000000086f00000|100%| S|CS|TAMS 0x0000000086e00000, 0x0000000086e00000| Complete 
| 111|0x0000000086f00000, 0x0000000086f00000, 0x0000000087000000|  0%| F|  |TAMS 0x0000000086f00000, 0x0000000086f00000| Untracked 
| 112|0x0000000087000000, 0x0000000087000000, 0x0000000087100000|  0%| F|  |TAMS 0x0000000087000000, 0x0000000087000000| Untracked 
| 113|0x0000000087100000, 0x0000000087100000, 0x0000000087200000|  0%| F|  |TAMS 0x0000000087100000, 0x0000000087100000| Untracked 
| 114|0x0000000087200000, 0x0000000087200000, 0x0000000087300000|  0%| F|  |TAMS 0x0000000087200000, 0x0000000087200000| Untracked 
| 115|0x0000000087300000, 0x0000000087300000, 0x0000000087400000|  0%| F|  |TAMS 0x0000000087300000, 0x0000000087300000| Untracked 
| 116|0x0000000087400000, 0x0000000087400000, 0x0000000087500000|  0%| F|  |TAMS 0x0000000087400000, 0x0000000087400000| Untracked 
| 117|0x0000000087500000, 0x0000000087500000, 0x0000000087600000|  0%| F|  |TAMS 0x0000000087500000, 0x0000000087500000| Untracked 
| 118|0x0000000087600000, 0x0000000087600000, 0x0000000087700000|  0%| F|  |TAMS 0x0000000087600000, 0x0000000087600000| Untracked 
| 119|0x0000000087700000, 0x0000000087700000, 0x0000000087800000|  0%| F|  |TAMS 0x0000000087700000, 0x0000000087700000| Untracked 
| 120|0x0000000087800000, 0x0000000087800000, 0x0000000087900000|  0%| F|  |TAMS 0x0000000087800000, 0x0000000087800000| Untracked 
| 121|0x0000000087900000, 0x0000000087900000, 0x0000000087a00000|  0%| F|  |TAMS 0x0000000087900000, 0x0000000087900000| Untracked 
| 122|0x0000000087a00000, 0x0000000087a00000, 0x0000000087b00000|  0%| F|  |TAMS 0x0000000087a00000, 0x0000000087a00000| Untracked 
| 123|0x0000000087b00000, 0x0000000087b00000, 0x0000000087c00000|  0%| F|  |TAMS 0x0000000087b00000, 0x0000000087b00000| Untracked 
| 124|0x0000000087c00000, 0x0000000087c00000, 0x0000000087d00000|  0%| F|  |TAMS 0x0000000087c00000, 0x0000000087c00000| Untracked 
| 125|0x0000000087d00000, 0x0000000087d00000, 0x0000000087e00000|  0%| F|  |TAMS 0x0000000087d00000, 0x0000000087d00000| Untracked 
| 126|0x0000000087e00000, 0x0000000087e00000, 0x0000000087f00000|  0%| F|  |TAMS 0x0000000087e00000, 0x0000000087e00000| Untracked 
| 127|0x0000000087f00000, 0x0000000087f00000, 0x0000000088000000|  0%| F|  |TAMS 0x0000000087f00000, 0x0000000087f00000| Untracked 
| 128|0x0000000088000000, 0x0000000088000000, 0x0000000088100000|  0%| F|  |TAMS 0x0000000088000000, 0x0000000088000000| Untracked 
| 129|0x0000000088100000, 0x0000000088100000, 0x0000000088200000|  0%| F|  |TAMS 0x0000000088100000, 0x0000000088100000| Untracked 
| 130|0x0000000088200000, 0x0000000088200000, 0x0000000088300000|  0%| F|  |TAMS 0x0000000088200000, 0x0000000088200000| Untracked 
| 131|0x0000000088300000, 0x0000000088300000, 0x0000000088400000|  0%| F|  |TAMS 0x0000000088300000, 0x0000000088300000| Untracked 
| 132|0x0000000088400000, 0x0000000088400000, 0x0000000088500000|  0%| F|  |TAMS 0x0000000088400000, 0x0000000088400000| Untracked 
| 133|0x0000000088500000, 0x0000000088500000, 0x0000000088600000|  0%| F|  |TAMS 0x0000000088500000, 0x0000000088500000| Untracked 
| 134|0x0000000088600000, 0x0000000088600000, 0x0000000088700000|  0%| F|  |TAMS 0x0000000088600000, 0x0000000088600000| Untracked 
| 135|0x0000000088700000, 0x0000000088700000, 0x0000000088800000|  0%| F|  |TAMS 0x0000000088700000, 0x0000000088700000| Untracked 
| 136|0x0000000088800000, 0x0000000088800000, 0x0000000088900000|  0%| F|  |TAMS 0x0000000088800000, 0x0000000088800000| Untracked 
| 137|0x0000000088900000, 0x0000000088900000, 0x0000000088a00000|  0%| F|  |TAMS 0x0000000088900000, 0x0000000088900000| Untracked 
| 138|0x0000000088a00000, 0x0000000088a00000, 0x0000000088b00000|  0%| F|  |TAMS 0x0000000088a00000, 0x0000000088a00000| Untracked 
| 139|0x0000000088b00000, 0x0000000088b00000, 0x0000000088c00000|  0%| F|  |TAMS 0x0000000088b00000, 0x0000000088b00000| Untracked 
| 140|0x0000000088c00000, 0x0000000088c00000, 0x0000000088d00000|  0%| F|  |TAMS 0x0000000088c00000, 0x0000000088c00000| Untracked 
| 141|0x0000000088d00000, 0x0000000088d00000, 0x0000000088e00000|  0%| F|  |TAMS 0x0000000088d00000, 0x0000000088d00000| Untracked 
| 142|0x0000000088e00000, 0x0000000088e00000, 0x0000000088f00000|  0%| F|  |TAMS 0x0000000088e00000, 0x0000000088e00000| Untracked 
| 143|0x0000000088f00000, 0x0000000088f00000, 0x0000000089000000|  0%| F|  |TAMS 0x0000000088f00000, 0x0000000088f00000| Untracked 
| 144|0x0000000089000000, 0x0000000089000000, 0x0000000089100000|  0%| F|  |TAMS 0x0000000089000000, 0x0000000089000000| Untracked 
| 145|0x0000000089100000, 0x0000000089100000, 0x0000000089200000|  0%| F|  |TAMS 0x0000000089100000, 0x0000000089100000| Untracked 
| 146|0x0000000089200000, 0x0000000089200000, 0x0000000089300000|  0%| F|  |TAMS 0x0000000089200000, 0x0000000089200000| Untracked 
| 147|0x0000000089300000, 0x0000000089300000, 0x0000000089400000|  0%| F|  |TAMS 0x0000000089300000, 0x0000000089300000| Untracked 
| 148|0x0000000089400000, 0x0000000089400000, 0x0000000089500000|  0%| F|  |TAMS 0x0000000089400000, 0x0000000089400000| Untracked 
| 149|0x0000000089500000, 0x0000000089500000, 0x0000000089600000|  0%| F|  |TAMS 0x0000000089500000, 0x0000000089500000| Untracked 
| 150|0x0000000089600000, 0x0000000089600000, 0x0000000089700000|  0%| F|  |TAMS 0x0000000089600000, 0x0000000089600000| Untracked 
| 151|0x0000000089700000, 0x0000000089700000, 0x0000000089800000|  0%| F|  |TAMS 0x0000000089700000, 0x0000000089700000| Untracked 
| 152|0x0000000089800000, 0x0000000089800000, 0x0000000089900000|  0%| F|  |TAMS 0x0000000089800000, 0x0000000089800000| Untracked 
| 153|0x0000000089900000, 0x0000000089900000, 0x0000000089a00000|  0%| F|  |TAMS 0x0000000089900000, 0x0000000089900000| Untracked 
| 154|0x0000000089a00000, 0x0000000089a00000, 0x0000000089b00000|  0%| F|  |TAMS 0x0000000089a00000, 0x0000000089a00000| Untracked 
| 155|0x0000000089b00000, 0x0000000089b00000, 0x0000000089c00000|  0%| F|  |TAMS 0x0000000089b00000, 0x0000000089b00000| Untracked 
| 156|0x0000000089c00000, 0x0000000089c00000, 0x0000000089d00000|  0%| F|  |TAMS 0x0000000089c00000, 0x0000000089c00000| Untracked 
| 157|0x0000000089d00000, 0x0000000089d00000, 0x0000000089e00000|  0%| F|  |TAMS 0x0000000089d00000, 0x0000000089d00000| Untracked 
| 158|0x0000000089e00000, 0x0000000089e00000, 0x0000000089f00000|  0%| F|  |TAMS 0x0000000089e00000, 0x0000000089e00000| Untracked 
| 159|0x0000000089f00000, 0x0000000089f00000, 0x000000008a000000|  0%| F|  |TAMS 0x0000000089f00000, 0x0000000089f00000| Untracked 
| 160|0x000000008a000000, 0x000000008a000000, 0x000000008a100000|  0%| F|  |TAMS 0x000000008a000000, 0x000000008a000000| Untracked 
| 161|0x000000008a100000, 0x000000008a100000, 0x000000008a200000|  0%| F|  |TAMS 0x000000008a100000, 0x000000008a100000| Untracked 

Card table byte_map: [0x0000017999b00000,0x0000017999f00000] _byte_map_base: 0x0000017999700000

Marking Bits (Prev, Next): (CMBitMap*) 0x000001798661d880, (CMBitMap*) 0x000001798661d848
 Prev Bits: [0x000001799c300000, 0x000001799e300000)
 Next Bits: [0x000001799a300000, 0x000001799c300000)

Polling page: 0x0000017984cc0000

Metaspace:

Usage:
  Non-class:     73.75 MB capacity,    72.45 MB ( 98%) used,     1.06 MB (  1%) free+waste,   241.00 KB ( <1%) overhead. 
      Class:     11.51 MB capacity,    10.73 MB ( 93%) used,   692.07 KB (  6%) free+waste,   109.19 KB ( <1%) overhead. 
       Both:     85.26 MB capacity,    83.18 MB ( 98%) used,     1.74 MB (  2%) free+waste,   350.19 KB ( <1%) overhead. 

Virtual space:
  Non-class space:       74.00 MB reserved,      73.75 MB (>99%) committed 
      Class space:        1.00 GB reserved,      11.57 MB (  1%) committed 
             Both:        1.07 GB reserved,      85.32 MB (  8%) committed 

Chunk freelists:
   Non-Class:  3.00 KB
       Class:  19.00 KB
        Both:  22.00 KB

MaxMetaspaceSize: 17179869184.00 GB
CompressedClassSpaceSize: 1.00 GB

CodeHeap 'non-profiled nmethods': size=120064Kb used=5031Kb max_used=5031Kb free=115032Kb
 bounds [0x0000017991ba0000, 0x0000017992090000, 0x00000179990e0000]
CodeHeap 'profiled nmethods': size=120000Kb used=19661Kb max_used=19661Kb free=100339Kb
 bounds [0x000001798a670000, 0x000001798b9b0000, 0x0000017991ba0000]
CodeHeap 'non-nmethods': size=5696Kb used=2280Kb max_used=2323Kb free=3416Kb
 bounds [0x000001798a0e0000, 0x000001798a350000, 0x000001798a670000]
 total_blobs=10646 nmethods=9769 adapters=788
 compilation: enabled
              stopped_count=0, restarted_count=0
 full_count=0

Compilation events (20 events):
Event: 23.636 Thread 0x00000179a095b800 9870       3       org.gradle.internal.resources.AbstractTrackedResourceLock::<init> (26 bytes)
Event: 23.637 Thread 0x00000179a095b800 nmethod 9870 0x000001798b99f910 code [0x000001798b99fae0, 0x000001798b99fdb8]
Event: 23.637 Thread 0x00000179a095b800 9871       3       com.google.common.cache.LocalCache$Strength$3::referenceValue (38 bytes)
Event: 23.637 Thread 0x00000179a095b800 nmethod 9871 0x000001798b99fe90 code [0x000001798b9a00a0, 0x000001798b9a05e8]
Event: 23.641 Thread 0x00000179a095b800 9872       3       org.objectweb.asm.AnnotationWriter::putAnnotations (110 bytes)
Event: 23.642 Thread 0x00000179a095b800 nmethod 9872 0x000001798b9a0810 code [0x000001798b9a0a20, 0x000001798b9a0e28]
Event: 23.642 Thread 0x00000179a0956000 nmethod 9833 0x0000017992088e10 code [0x0000017992089000, 0x0000017992089458]
Event: 23.642 Thread 0x00000179a0956000 9843       4       java.util.stream.AbstractPipeline::<init> (91 bytes)
Event: 23.644 Thread 0x00000179a095b800 9873   !   3       com.google.common.collect.RegularImmutableSortedSet::indexOf (35 bytes)
Event: 23.644 Thread 0x00000179a095b800 nmethod 9873 0x000001798b9a1090 code [0x000001798b9a1260, 0x000001798b9a14a8]
Event: 23.645 Thread 0x00000179a095b800 9874       3       org.gradle.internal.work.DefaultWorkerLeaseService$WorkerLeaseLockRegistry$1::<init> (20 bytes)
Event: 23.645 Thread 0x00000179a095b800 nmethod 9874 0x000001798b9a1590 code [0x000001798b9a1740, 0x000001798b9a19b8]
Event: 23.645 Thread 0x00000179a095b800 9875       3       org.gradle.internal.work.DefaultWorkerLeaseService$WorkerLeaseLockRegistry$1::create (13 bytes)
Event: 23.646 Thread 0x00000179a095b800 nmethod 9875 0x000001798b9a1a90 code [0x000001798b9a1c80, 0x000001798b9a22f8]
Event: 23.649 Thread 0x00000179a095b800 9876       3       org.gradle.internal.execution.steps.SkipUpToDateStep$1::getExecutionResult (12 bytes)
Event: 23.650 Thread 0x00000179a0956000 nmethod 9843 0x0000017992089910 code [0x0000017992089aa0, 0x0000017992089e38]
Event: 23.650 Thread 0x00000179a0956000 9820       4       java.util.concurrent.locks.ReentrantLock$FairSync::tryAcquire (74 bytes)
Event: 23.650 Thread 0x00000179a095b800 nmethod 9876 0x000001798b9a2510 code [0x000001798b9a2700, 0x000001798b9a2bf8]
Event: 23.651 Thread 0x00000179a095b800 9877       3       org.gradle.internal.execution.steps.AssignWorkspaceStep$$Lambda$818/0x0000000100afd040::get$Lambda (11 bytes)
Event: 23.652 Thread 0x00000179a095b800 nmethod 9877 0x000001798b9a2e10 code [0x000001798b9a2fe0, 0x000001798b9a32f8]

GC Heap History (20 events):
Event: 13.201 GC heap after
{Heap after GC invocations=19 (full 0):
 garbage-first heap   total 114688K, used 46088K [0x0000000080000000, 0x0000000100000000)
  region size 1024K, 2 young (2048K), 2 survivors (2048K)
 Metaspace       used 53653K, capacity 54934K, committed 54988K, reserved 1097728K
  class space    used 6839K, capacity 7333K, committed 7372K, reserved 1048576K
}
Event: 14.288 GC heap before
{Heap before GC invocations=19 (full 0):
 garbage-first heap   total 114688K, used 85000K [0x0000000080000000, 0x0000000100000000)
  region size 1024K, 40 young (40960K), 2 survivors (2048K)
 Metaspace       used 59715K, capacity 61102K, committed 61132K, reserved 1101824K
  class space    used 7548K, capacity 8127K, committed 8140K, reserved 1048576K
}
Event: 14.300 GC heap after
{Heap after GC invocations=20 (full 0):
 garbage-first heap   total 114688K, used 47385K [0x0000000080000000, 0x0000000100000000)
  region size 1024K, 4 young (4096K), 4 survivors (4096K)
 Metaspace       used 59715K, capacity 61102K, committed 61132K, reserved 1101824K
  class space    used 7548K, capacity 8127K, committed 8140K, reserved 1048576K
}
Event: 15.327 GC heap before
{Heap before GC invocations=20 (full 0):
 garbage-first heap   total 114688K, used 85273K [0x0000000080000000, 0x0000000100000000)
  region size 1024K, 42 young (43008K), 4 survivors (4096K)
 Metaspace       used 63678K, capacity 65125K, committed 65228K, reserved 1105920K
  class space    used 8012K, capacity 8567K, committed 8652K, reserved 1048576K
}
Event: 15.346 GC heap after
{Heap after GC invocations=21 (full 0):
 garbage-first heap   total 138240K, used 50830K [0x0000000080000000, 0x0000000100000000)
  region size 1024K, 6 young (6144K), 6 survivors (6144K)
 Metaspace       used 63678K, capacity 65125K, committed 65228K, reserved 1105920K
  class space    used 8012K, capacity 8567K, committed 8652K, reserved 1048576K
}
Event: 15.568 GC heap before
{Heap before GC invocations=21 (full 0):
 garbage-first heap   total 138240K, used 59022K [0x0000000080000000, 0x0000000100000000)
  region size 1024K, 15 young (15360K), 6 survivors (6144K)
 Metaspace       used 64434K, capacity 65859K, committed 65996K, reserved 1105920K
  class space    used 8094K, capacity 8640K, committed 8652K, reserved 1048576K
}
Event: 15.592 GC heap after
{Heap after GC invocations=22 (full 0):
 garbage-first heap   total 138240K, used 51850K [0x0000000080000000, 0x0000000100000000)
  region size 1024K, 4 young (4096K), 4 survivors (4096K)
 Metaspace       used 64434K, capacity 65859K, committed 65996K, reserved 1105920K
  class space    used 8094K, capacity 8640K, committed 8652K, reserved 1048576K
}
Event: 16.584 GC heap before
{Heap before GC invocations=23 (full 0):
 garbage-first heap   total 138240K, used 88714K [0x0000000080000000, 0x0000000100000000)
  region size 1024K, 39 young (39936K), 4 survivors (4096K)
 Metaspace       used 65701K, capacity 67238K, committed 67276K, reserved 1107968K
  class space    used 8302K, capacity 8878K, committed 8908K, reserved 1048576K
}
Event: 16.607 GC heap after
{Heap after GC invocations=24 (full 0):
 garbage-first heap   total 138240K, used 54370K [0x0000000080000000, 0x0000000100000000)
  region size 1024K, 4 young (4096K), 4 survivors (4096K)
 Metaspace       used 65701K, capacity 67238K, committed 67276K, reserved 1107968K
  class space    used 8302K, capacity 8878K, committed 8908K, reserved 1048576K
}
Event: 17.568 GC heap before
{Heap before GC invocations=25 (full 0):
 garbage-first heap   total 138240K, used 91234K [0x0000000080000000, 0x0000000100000000)
  region size 1024K, 40 young (40960K), 4 survivors (4096K)
 Metaspace       used 68931K, capacity 70432K, committed 70604K, reserved 1110016K
  class space    used 8791K, capacity 9367K, committed 9420K, reserved 1048576K
}
Event: 17.581 GC heap after
{Heap after GC invocations=26 (full 0):
 garbage-first heap   total 138240K, used 56991K [0x0000000080000000, 0x0000000100000000)
  region size 1024K, 5 young (5120K), 5 survivors (5120K)
 Metaspace       used 68931K, capacity 70432K, committed 70604K, reserved 1110016K
  class space    used 8791K, capacity 9367K, committed 9420K, reserved 1048576K
}
Event: 18.630 GC heap before
{Heap before GC invocations=26 (full 0):
 garbage-first heap   total 138240K, used 95903K [0x0000000080000000, 0x0000000100000000)
  region size 1024K, 43 young (44032K), 5 survivors (5120K)
 Metaspace       used 72760K, capacity 74419K, committed 74572K, reserved 1114112K
  class space    used 9407K, capacity 10045K, committed 10060K, reserved 1048576K
}
Event: 18.648 GC heap after
{Heap after GC invocations=27 (full 0):
 garbage-first heap   total 165888K, used 59831K [0x0000000080000000, 0x0000000100000000)
  region size 1024K, 6 young (6144K), 6 survivors (6144K)
 Metaspace       used 72760K, capacity 74419K, committed 74572K, reserved 1114112K
  class space    used 9407K, capacity 10045K, committed 10060K, reserved 1048576K
}
Event: 19.921 GC heap before
{Heap before GC invocations=27 (full 0):
 garbage-first heap   total 165888K, used 108983K [0x0000000080000000, 0x0000000100000000)
  region size 1024K, 54 young (55296K), 6 survivors (6144K)
 Metaspace       used 78239K, capacity 79990K, committed 80204K, reserved 1118208K
  class space    used 10160K, capacity 10814K, committed 10828K, reserved 1048576K
}
Event: 19.939 GC heap after
{Heap after GC invocations=28 (full 0):
 garbage-first heap   total 165888K, used 62895K [0x0000000080000000, 0x0000000100000000)
  region size 1024K, 6 young (6144K), 6 survivors (6144K)
 Metaspace       used 78239K, capacity 79990K, committed 80204K, reserved 1118208K
  class space    used 10160K, capacity 10814K, committed 10828K, reserved 1048576K
}
Event: 21.406 GC heap before
{Heap before GC invocations=28 (full 0):
 garbage-first heap   total 165888K, used 119215K [0x0000000080000000, 0x0000000100000000)
  region size 1024K, 62 young (63488K), 6 survivors (6144K)
 Metaspace       used 82863K, capacity 84856K, committed 85068K, reserved 1122304K
  class space    used 10744K, capacity 11492K, committed 11596K, reserved 1048576K
}
Event: 21.444 GC heap after
{Heap after GC invocations=29 (full 0):
 garbage-first heap   total 165888K, used 68608K [0x0000000080000000, 0x0000000100000000)
  region size 1024K, 8 young (8192K), 8 survivors (8192K)
 Metaspace       used 82863K, capacity 84856K, committed 85068K, reserved 1122304K
  class space    used 10744K, capacity 11492K, committed 11596K, reserved 1048576K
}
Event: 22.684 GC heap before
{Heap before GC invocations=29 (full 0):
 garbage-first heap   total 165888K, used 121856K [0x0000000080000000, 0x0000000100000000)
  region size 1024K, 61 young (62464K), 8 survivors (8192K)
 Metaspace       used 83624K, capacity 85706K, committed 85836K, reserved 1124352K
  class space    used 10795K, capacity 11558K, committed 11596K, reserved 1048576K
}
Event: 22.727 GC heap after
{Heap after GC invocations=30 (full 0):
 garbage-first heap   total 165888K, used 72903K [0x0000000080000000, 0x0000000100000000)
  region size 1024K, 5 young (5120K), 5 survivors (5120K)
 Metaspace       used 83624K, capacity 85706K, committed 85836K, reserved 1124352K
  class space    used 10795K, capacity 11558K, committed 11596K, reserved 1048576K
}
Event: 23.653 GC heap before
{Heap before GC invocations=30 (full 0):
 garbage-first heap   total 165888K, used 124103K [0x0000000080000000, 0x0000000100000000)
  region size 1024K, 56 young (57344K), 5 survivors (5120K)
 Metaspace       used 85178K, capacity 87306K, committed 87372K, reserved 1124352K
  class space    used 10987K, capacity 11789K, committed 11852K, reserved 1048576K
}

Deoptimization events (20 events):
Event: 23.088 Thread 0x00000179a32ad000 DEOPT PACKING pc=0x0000017991c73124 sp=0x0000006804bfa050
Event: 23.088 Thread 0x00000179a32ad000 DEOPT UNPACKING pc=0x000001798a1065af sp=0x0000006804bf9fa8 mode 2
Event: 23.121 Thread 0x00000179a273d800 DEOPT PACKING pc=0x000001798b561d67 sp=0x00000068009f7bc0
Event: 23.121 Thread 0x00000179a273d800 DEOPT UNPACKING pc=0x000001798a106d5e sp=0x00000068009f7108 mode 0
Event: 23.161 Thread 0x00000179a2ab9000 DEOPT PACKING pc=0x000001798b4a12cb sp=0x0000006800cfd840
Event: 23.161 Thread 0x00000179a2ab9000 DEOPT UNPACKING pc=0x000001798a106d5e sp=0x0000006800cfcd00 mode 0
Event: 23.210 Thread 0x00000179a5a22000 DEOPT PACKING pc=0x000001798b7dc97f sp=0x00000068017fe1a0
Event: 23.210 Thread 0x00000179a5a22000 DEOPT UNPACKING pc=0x000001798a106d5e sp=0x00000068017fd668 mode 0
Event: 23.221 Thread 0x00000179a6783800 DEOPT PACKING pc=0x000001798b623f44 sp=0x00000068039fba50
Event: 23.221 Thread 0x00000179a6783800 DEOPT UNPACKING pc=0x000001798a106d5e sp=0x00000068039faff0 mode 0
Event: 23.238 Thread 0x00000179a273d800 DEOPT PACKING pc=0x000001798b91a58c sp=0x00000068009f69c0
Event: 23.238 Thread 0x00000179a273d800 DEOPT UNPACKING pc=0x000001798a106d5e sp=0x00000068009f5f10 mode 0
Event: 23.265 Thread 0x00000179a400e800 DEOPT PACKING pc=0x000001798b91a58c sp=0x00000068045fb090
Event: 23.265 Thread 0x00000179a400e800 DEOPT UNPACKING pc=0x000001798a106d5e sp=0x00000068045fa5e0 mode 0
Event: 23.356 Thread 0x00000179a6787800 DEOPT PACKING pc=0x000001798b623f44 sp=0x00000068032fd2a0
Event: 23.356 Thread 0x00000179a6787800 DEOPT UNPACKING pc=0x000001798a106d5e sp=0x00000068032fc840 mode 0
Event: 23.360 Thread 0x00000179a273d800 DEOPT PACKING pc=0x000001798b91a58c sp=0x00000068009f6310
Event: 23.360 Thread 0x00000179a273d800 DEOPT UNPACKING pc=0x000001798a106d5e sp=0x00000068009f5860 mode 0
Event: 23.481 Thread 0x00000179a6787800 DEOPT PACKING pc=0x000001798b91a58c sp=0x00000068032fb930
Event: 23.481 Thread 0x00000179a6787800 DEOPT UNPACKING pc=0x000001798a106d5e sp=0x00000068032fae80 mode 0

Classes redefined (0 events):
No events

Internal exceptions (20 events):
Event: 20.708 Thread 0x00000179a4017800 Exception <a 'java/lang/NoSuchMethodError'{0x00000000880bf388}: <clinit>> (0x00000000880bf388) thrown at [./src/hotspot/share/prims/jni.cpp, line 1362]
Event: 20.745 Thread 0x00000179a2ab9000 Exception <a 'java/lang/NoSuchMethodError'{0x0000000087eba4c0}: <clinit>> (0x0000000087eba4c0) thrown at [./src/hotspot/share/prims/jni.cpp, line 1362]
Event: 20.745 Thread 0x00000179a273d800 Exception <a 'java/lang/NoSuchMethodError'{0x0000000087e674b8}: 'java.lang.Object java.lang.invoke.DirectMethodHandle$Holder.invokeInterface(java.lang.Object, java.lang.Object, int)'> (0x0000000087e674b8) thrown at [./src/hotspot/share/interpreter/linkResolver.cpp, line 773]
Event: 20.751 Thread 0x00000179a273d800 Exception <a 'java/lang/NoSuchMethodError'{0x0000000087e7c910}: 'void java.lang.invoke.DirectMethodHandle$Holder.invokeStatic(java.lang.Object, java.lang.Object, java.lang.Object, int)'> (0x0000000087e7c910) thrown at [./src/hotspot/share/interpreter/linkResolver.cpp, line 773]
Event: 20.870 Thread 0x00000179a273d800 Exception <a 'java/lang/IncompatibleClassChangeError'{0x0000000087d6f0d8}: Found class java.lang.Object, but interface was expected> (0x0000000087d6f0d8) thrown at [./src/hotspot/share/interpreter/linkResolver.cpp, line 839]
Event: 20.883 Thread 0x00000179a273d800 Exception <a 'java/lang/IncompatibleClassChangeError'{0x0000000087c64c38}: Found class java.lang.Object, but interface was expected> (0x0000000087c64c38) thrown at [./src/hotspot/share/interpreter/linkResolver.cpp, line 839]
Event: 20.954 Thread 0x00000179a273d800 Exception <a 'java/lang/NoSuchMethodError'{0x0000000087ad29b8}: 'int java.lang.invoke.DirectMethodHandle$Holder.invokeStaticInit(java.lang.Object, java.lang.Object, java.lang.Object, java.lang.Object, java.lang.Object)'> (0x0000000087ad29b8) thrown at [./src/hotspot/share/interpreter/linkResolver.cpp, line 773]
Event: 21.224 Thread 0x00000179a32ad000 Exception <a 'java/lang/NoSuchMethodError'{0x00000000874ee6a0}: 'void java.lang.invoke.DirectMethodHandle$Holder.invokeStatic(java.lang.Object, java.lang.Object, java.lang.Object, java.lang.Object, int, java.lang.Object, java.lang.Object)'> (0x00000000874ee6a0) thrown at [./src/hotspot/share/interpreter/linkResolver.cpp, line 773]
Event: 21.272 Thread 0x00000179a5a2b800 Exception <a 'java/lang/NoSuchMethodError'{0x00000000869c4c70}: 'java.lang.Object java.lang.invoke.DirectMethodHandle$Holder.invokeSpecialIFC(java.lang.Object, java.lang.Object, java.lang.Object)'> (0x00000000869c4c70) thrown at [./src/hotspot/share/interpreter/linkResolver.cpp, line 773]
Event: 22.609 Thread 0x00000179a32ad000 Exception <a 'java/lang/NoSuchMethodError'{0x00000000870558c0}: <clinit>> (0x00000000870558c0) thrown at [./src/hotspot/share/prims/jni.cpp, line 1362]
Event: 22.609 Thread 0x00000179a32ad000 Exception <a 'java/lang/NoSuchMethodError'{0x0000000087056ec8}: <clinit>> (0x0000000087056ec8) thrown at [./src/hotspot/share/prims/jni.cpp, line 1362]
Event: 22.609 Thread 0x00000179a32ad000 Exception <a 'java/lang/NoSuchMethodError'{0x0000000087059068}: <clinit>> (0x0000000087059068) thrown at [./src/hotspot/share/prims/jni.cpp, line 1362]
Event: 22.611 Thread 0x00000179a32ad000 Exception <a 'java/lang/NoSuchMethodError'{0x0000000087071310}: <clinit>> (0x0000000087071310) thrown at [./src/hotspot/share/prims/jni.cpp, line 1362]
Event: 22.611 Thread 0x00000179a32ad000 Exception <a 'java/lang/NoSuchMethodError'{0x00000000870727f0}: <clinit>> (0x00000000870727f0) thrown at [./src/hotspot/share/prims/jni.cpp, line 1362]
Event: 23.049 Thread 0x00000179a32ad000 Exception <a 'java/lang/NoSuchMethodError'{0x0000000088ddd0a8}: 'void java.lang.invoke.DirectMethodHandle$Holder.invokeVirtual(java.lang.Object, java.lang.Object)'> (0x0000000088ddd0a8) thrown at [./src/hotspot/share/interpreter/linkResolver.cpp, line 773]
Event: 23.097 Thread 0x00000179a32ad000 Exception <a 'java/lang/NoSuchMethodError'{0x0000000088a2d0b8}: <clinit>> (0x0000000088a2d0b8) thrown at [./src/hotspot/share/prims/jni.cpp, line 1362]
Event: 23.101 Thread 0x00000179a32ad000 Exception <a 'java/lang/NoSuchMethodError'{0x0000000088a63a90}: <clinit>> (0x0000000088a63a90) thrown at [./src/hotspot/share/prims/jni.cpp, line 1362]
Event: 23.104 Thread 0x00000179a32ad000 Exception <a 'java/lang/NoSuchMethodError'{0x0000000088a917f0}: <clinit>> (0x0000000088a917f0) thrown at [./src/hotspot/share/prims/jni.cpp, line 1362]
Event: 23.105 Thread 0x00000179a32ad000 Exception <a 'java/lang/NoSuchMethodError'{0x0000000088aa4348}: <clinit>> (0x0000000088aa4348) thrown at [./src/hotspot/share/prims/jni.cpp, line 1362]
Event: 23.578 Thread 0x00000179a273d800 Exception <a 'java/lang/NoSuchMethodError'{0x0000000087231760}: 'int java.lang.invoke.DirectMethodHandle$Holder.invokeSpecial(java.lang.Object, java.lang.Object, java.lang.Object, java.lang.Object, java.lang.Object)'> (0x0000000087231760) thrown at [./src/hotspot/share/interpreter/linkResolver.cpp, line 773]

Events (20 events):
Event: 23.643 loading class kotlin/reflect/jvm/internal/impl/descriptors/runtime/components/RuntimeErrorReporter done
Event: 23.644 loading class kotlin/reflect/jvm/internal/impl/serialization/deserialization/ErrorReporter
Event: 23.644 loading class kotlin/reflect/jvm/internal/impl/serialization/deserialization/ErrorReporter done
Event: 23.645 loading class kotlin/reflect/jvm/internal/impl/load/java/components/JavaResolverCache
Event: 23.645 loading class kotlin/reflect/jvm/internal/impl/load/java/components/JavaResolverCache done
Event: 23.646 loading class kotlin/reflect/jvm/internal/impl/load/java/components/JavaResolverCache$1
Event: 23.646 loading class kotlin/reflect/jvm/internal/impl/load/java/components/JavaResolverCache$1 done
Event: 23.647 loading class kotlin/reflect/jvm/internal/impl/load/java/components/JavaPropertyInitializerEvaluator$DoNothing
Event: 23.647 loading class kotlin/reflect/jvm/internal/impl/load/java/components/JavaPropertyInitializerEvaluator$DoNothing done
Event: 23.648 loading class kotlin/reflect/jvm/internal/impl/load/java/components/JavaPropertyInitializerEvaluator
Event: 23.648 loading class kotlin/reflect/jvm/internal/impl/load/java/components/JavaPropertyInitializerEvaluator done
Event: 23.649 loading class kotlin/reflect/jvm/internal/impl/resolve/sam/SamConversionResolverImpl
Event: 23.649 loading class kotlin/reflect/jvm/internal/impl/resolve/sam/SamConversionResolverImpl done
Event: 23.650 loading class kotlin/reflect/jvm/internal/impl/resolve/sam/SamConversionResolver
Event: 23.650 loading class kotlin/reflect/jvm/internal/impl/resolve/sam/SamConversionResolver done
Event: 23.651 loading class kotlin/reflect/jvm/internal/impl/storage/LockBasedStorageManager$CacheWithNullableValuesBasedOnMemoizedFunction
Event: 23.651 loading class kotlin/reflect/jvm/internal/impl/storage/LockBasedStorageManager$CacheWithNullableValuesBasedOnMemoizedFunction done
Event: 23.652 loading class kotlin/reflect/jvm/internal/impl/storage/LockBasedStorageManager$CacheWithNullableValuesBasedOnMemoizedFunction$1
Event: 23.653 loading class kotlin/reflect/jvm/internal/impl/storage/LockBasedStorageManager$CacheWithNullableValuesBasedOnMemoizedFunction$1 done
Event: 23.653 Executing VM operation: G1CollectForAllocation


Dynamic libraries:
0x00007ff7abf50000 - 0x00007ff7abf5a000 	C:\Program Files\Android\Android Studio\jre\bin\java.exe
0x00007fffa0e90000 - 0x00007fffa1085000 	C:\Windows\SYSTEM32\ntdll.dll
0x00007fffa0050000 - 0x00007fffa010e000 	C:\Windows\System32\KERNEL32.DLL
0x00007fff9ec00000 - 0x00007fff9eec8000 	C:\Windows\System32\KERNELBASE.dll
0x00007fff9eb00000 - 0x00007fff9ec00000 	C:\Windows\System32\ucrtbase.dll
0x00007fff93ec0000 - 0x00007fff93ed7000 	C:\Program Files\Android\Android Studio\jre\bin\VCRUNTIME140.dll
0x00007fff93ea0000 - 0x00007fff93eb9000 	C:\Program Files\Android\Android Studio\jre\bin\jli.dll
0x00007fffa0c90000 - 0x00007fffa0e31000 	C:\Windows\System32\USER32.dll
0x00007fff9eaa0000 - 0x00007fff9eac2000 	C:\Windows\System32\win32u.dll
0x00007fff92d40000 - 0x00007fff92fda000 	C:\Windows\WinSxS\amd64_microsoft.windows.common-controls_6595b64144ccf1df_6.0.19041.1110_none_60b5254171f9507e\COMCTL32.dll
0x00007fffa0020000 - 0x00007fffa004b000 	C:\Windows\System32\GDI32.dll
0x00007fff9fdb0000 - 0x00007fff9fe4e000 	C:\Windows\System32\msvcrt.dll
0x00007fff9e690000 - 0x00007fff9e79d000 	C:\Windows\System32\gdi32full.dll
0x00007fff9e5a0000 - 0x00007fff9e63d000 	C:\Windows\System32\msvcp_win.dll
0x00007fffa0c60000 - 0x00007fffa0c90000 	C:\Windows\System32\IMM32.DLL
0x00007fff75a30000 - 0x00007fff75acd000 	C:\Program Files\Android\Android Studio\jre\bin\msvcp140.dll
0x00007fff710a0000 - 0x00007fff71b75000 	C:\Program Files\Android\Android Studio\jre\bin\server\jvm.dll
0x00007fffa0ae0000 - 0x00007fffa0b8c000 	C:\Windows\System32\ADVAPI32.dll
0x00007fffa0110000 - 0x00007fffa01ab000 	C:\Windows\System32\sechost.dll
0x00007fff9f7e0000 - 0x00007fff9f90a000 	C:\Windows\System32\RPCRT4.dll
0x00007fffa0c50000 - 0x00007fffa0c58000 	C:\Windows\System32\PSAPI.DLL
0x00007fff99c20000 - 0x00007fff99c29000 	C:\Windows\SYSTEM32\WSOCK32.dll
0x00007fff91820000 - 0x00007fff91847000 	C:\Windows\SYSTEM32\WINMM.dll
0x00007fff95150000 - 0x00007fff9515a000 	C:\Windows\SYSTEM32\VERSION.dll
0x00007fffa0270000 - 0x00007fffa02db000 	C:\Windows\System32\WS2_32.dll
0x00007fff9c640000 - 0x00007fff9c652000 	C:\Windows\SYSTEM32\kernel.appcore.dll
0x00007fff93ee0000 - 0x00007fff93ef1000 	C:\Program Files\Android\Android Studio\jre\bin\verify.dll
0x00007fff8a970000 - 0x00007fff8ab54000 	C:\Windows\SYSTEM32\DBGHELP.DLL
0x00007fff8a8d0000 - 0x00007fff8a8fc000 	C:\Windows\SYSTEM32\dbgcore.DLL
0x00007fff9ea10000 - 0x00007fff9ea92000 	C:\Windows\System32\bcryptPrimitives.dll
0x00007fff8f520000 - 0x00007fff8f549000 	C:\Program Files\Android\Android Studio\jre\bin\java.dll
0x00007fff99b30000 - 0x00007fff99b3b000 	C:\Program Files\Android\Android Studio\jre\bin\jimage.dll
0x00007fff90a80000 - 0x00007fff90a98000 	C:\Program Files\Android\Android Studio\jre\bin\zip.dll
0x00007fff9ef30000 - 0x00007fff9f674000 	C:\Windows\System32\SHELL32.dll
0x00007fff9c840000 - 0x00007fff9cfd4000 	C:\Windows\SYSTEM32\windows.storage.dll
0x00007fffa0470000 - 0x00007fffa07c5000 	C:\Windows\System32\combase.dll
0x00007fff9df20000 - 0x00007fff9df4e000 	C:\Windows\SYSTEM32\Wldp.dll
0x00007fff9fe50000 - 0x00007fff9fefd000 	C:\Windows\System32\SHCORE.dll
0x00007fffa01b0000 - 0x00007fffa0205000 	C:\Windows\System32\shlwapi.dll
0x00007fff9e4e0000 - 0x00007fff9e4ff000 	C:\Windows\SYSTEM32\profapi.dll
0x00007fff8f500000 - 0x00007fff8f51a000 	C:\Program Files\Android\Android Studio\jre\bin\net.dll
0x00007fff96f80000 - 0x00007fff9708c000 	C:\Windows\SYSTEM32\WINHTTP.dll
0x00007fff9dc80000 - 0x00007fff9dcea000 	C:\Windows\system32\mswsock.dll
0x00007fff8da00000 - 0x00007fff8da14000 	C:\Program Files\Android\Android Studio\jre\bin\nio.dll
0x00007fff90c70000 - 0x00007fff90c97000 	C:\Users\Admin\.gradle\native\e1d6ef7f7dcc3fd88c89a11ec53ec762bb8ba0a96d01ffa2cd45eb1d1d8dd5c5\windows-amd64\native-platform.dll
0x00007fff6c700000 - 0x00007fff6c844000 	C:\Users\Admin\.gradle\native\5664cfc778a61ccfe75a443a1ab52a65af34e5dc3c78e0209fed803814484fcb\windows-amd64\native-platform-file-events.dll
0x00007fff99400000 - 0x00007fff9940a000 	C:\Program Files\Android\Android Studio\jre\bin\management.dll
0x00007fff99340000 - 0x00007fff9934d000 	C:\Program Files\Android\Android Studio\jre\bin\management_ext.dll
0x00007fff9de80000 - 0x00007fff9de98000 	C:\Windows\SYSTEM32\CRYPTSP.dll
0x00007fff9d7b0000 - 0x00007fff9d7e4000 	C:\Windows\system32\rsaenh.dll
0x00007fff9ead0000 - 0x00007fff9eaf7000 	C:\Windows\System32\bcrypt.dll
0x00007fff9e4a0000 - 0x00007fff9e4ce000 	C:\Windows\SYSTEM32\USERENV.dll
0x00007fff9de70000 - 0x00007fff9de7c000 	C:\Windows\SYSTEM32\CRYPTBASE.dll
0x00007fff9d970000 - 0x00007fff9d9ab000 	C:\Windows\SYSTEM32\IPHLPAPI.DLL
0x00007fffa0e40000 - 0x00007fffa0e48000 	C:\Windows\System32\NSI.dll
0x00007fff97e00000 - 0x00007fff97e17000 	C:\Windows\SYSTEM32\dhcpcsvc6.DLL
0x00007fff97d10000 - 0x00007fff97d2d000 	C:\Windows\SYSTEM32\dhcpcsvc.DLL
0x00007fff9d9b0000 - 0x00007fff9da7b000 	C:\Windows\SYSTEM32\DNSAPI.dll

dbghelp: loaded successfully - version: 4.0.5 - missing functions: none
symbol engine: initialized successfully - sym options: 0x614 - pdb path: .;C:\Program Files\Android\Android Studio\jre\bin;C:\Windows\SYSTEM32;C:\Windows\WinSxS\amd64_microsoft.windows.common-controls_6595b64144ccf1df_6.0.19041.1110_none_60b5254171f9507e;C:\Program Files\Android\Android Studio\jre\bin\server;C:\Users\Admin\.gradle\native\e1d6ef7f7dcc3fd88c89a11ec53ec762bb8ba0a96d01ffa2cd45eb1d1d8dd5c5\windows-amd64;C:\Users\Admin\.gradle\native\5664cfc778a61ccfe75a443a1ab52a65af34e5dc3c78e0209fed803814484fcb\windows-amd64

VM Arguments:
jvm_args: --add-opens=java.base/java.util=ALL-UNNAMED --add-opens=java.base/java.lang=ALL-UNNAMED --add-opens=java.base/java.lang.invoke=ALL-UNNAMED --add-opens=java.base/java.util=ALL-UNNAMED --add-opens=java.prefs/java.util.prefs=ALL-UNNAMED --add-opens=java.prefs/java.util.prefs=ALL-UNNAMED --add-opens=java.base/java.nio.charset=ALL-UNNAMED --add-opens=java.base/java.net=ALL-UNNAMED --add-opens=java.base/java.util.concurrent.atomic=ALL-UNNAMED -Xmx2048m -Dfile.encoding=UTF-8 -Duser.country=US -Duser.language=en -Duser.variant 
java_command: org.gradle.launcher.daemon.bootstrap.GradleDaemon 7.2
java_class_path (initial): C:\Users\Admin\.gradle\wrapper\dists\gradle-7.2-bin\2dnblmf4td7x66yl1d74lt32g\gradle-7.2\lib\gradle-launcher-7.2.jar
Launcher Type: SUN_STANDARD

[Global flags]
     intx CICompilerCount                          = 3                                         {product} {ergonomic}
     uint ConcGCThreads                            = 1                                         {product} {ergonomic}
     uint G1ConcRefinementThreads                  = 4                                         {product} {ergonomic}
   size_t G1HeapRegionSize                         = 1048576                                   {product} {ergonomic}
    uintx GCDrainStackTargetSize                   = 64                                        {product} {ergonomic}
   size_t InitialHeapSize                          = 67108864                                  {product} {ergonomic}
   size_t MarkStackSize                            = 4194304                                   {product} {ergonomic}
   size_t MaxHeapSize                              = 2147483648                                {product} {command line}
   size_t MaxNewSize                               = 1287651328                                {product} {ergonomic}
   size_t MinHeapDeltaBytes                        = 1048576                                   {product} {ergonomic}
    uintx NonNMethodCodeHeapSize                   = 5830732                                {pd product} {ergonomic}
    uintx NonProfiledCodeHeapSize                  = 122913754                              {pd product} {ergonomic}
    uintx ProfiledCodeHeapSize                     = 122913754                              {pd product} {ergonomic}
    uintx ReservedCodeCacheSize                    = 251658240                              {pd product} {ergonomic}
     bool SegmentedCodeCache                       = true                                      {product} {ergonomic}
     bool UseCompressedClassPointers               = true                                 {lp64_product} {ergonomic}
     bool UseCompressedOops                        = true                                 {lp64_product} {ergonomic}
     bool UseG1GC                                  = true                                      {product} {ergonomic}
     bool UseLargePagesIndividualAllocation        = false                                  {pd product} {ergonomic}

Logging:
Log output configuration:
 #0: stdout all=warning uptime,level,tags
 #1: stderr all=off uptime,level,tags

Environment Variables:
PATH=C:\Program Files (x86)\Common Files\Oracle\Java\javapath;C:\Program Files (x86)\VMware\VMware Player\bin\;C:\Windows\system32;C:\Windows;C:\Windows\System32\Wbem;C:\Windows\System32\WindowsPowerShell\v1.0\;C:\Windows\System32\OpenSSH\;C:\Program Files\dotnet\;C:\Users\Admin\AppData\Local\Microsoft\WindowsApps;C:\Users\Admin\.dotnet\tools
USERNAME=Admin
OS=Windows_NT
PROCESSOR_IDENTIFIER=Intel64 Family 6 Model 42 Stepping 7, GenuineIntel



---------------  S Y S T E M  ---------------

OS: Windows 10 , 64 bit Build 19041 (10.0.19041.1348)
OS uptime: 0 days 3:01 hours

CPU:total 4 (initial active 4) (2 cores per cpu, 2 threads per core) family 6 model 42 stepping 7 microcode 0x2f, cmov, cx8, fxsr, mmx, sse, sse2, sse3, ssse3, sse4.1, sse4.2, popcnt, avx, clmul, ht, tsc, tscinvbit

Memory: 4k page, system-wide physical 4004M (325M free)
TotalPageFile size 4004M (AvailPageFile size 31M)
current process WorkingSet (physical memory assigned to process): 318M, peak: 331M
current process commit charge ("private bytes"): 423M, peak: 457M

vm_info: OpenJDK 64-Bit Server VM (11.0.11+9-b60-7590822) for windows-amd64 JRE (11.0.11+9-b60-7590822), built on Jul 29 2021 21:43:44 by "builder" with MS VC++ 14.0 (VS2015)

END.
