#
# There is insufficient memory for the Java Runtime Environment to continue.
# Native memory allocation (malloc) failed to allocate 1060656 bytes for Chunk::new
# Possible reasons:
#   The system is out of physical RAM or swap space
#   The process is running with CompressedOops enabled, and the Java Heap may be blocking the growth of the native heap
# Possible solutions:
#   Reduce memory load on the system
#   Increase physical memory or swap space
#   Check if swap backing store is full
#   Decrease Java heap size (-Xmx/-Xms)
#   Decrease number of Java threads
#   Decrease Java thread stack sizes (-Xss)
#   Set larger code cache with -XX:ReservedCodeCacheSize=
#   JVM is running with Unscaled Compressed Oops mode in which the Java heap is
#     placed in the first 4GB address space. The Java Heap base address is the
#     maximum limit for the native heap growth. Please use -XX:HeapBaseMinAddress
#     to set the Java Heap base and to place the Java Heap above 4GB virtual address.
# This output file may be truncated or incomplete.
#
#  Out of Memory Error (./src/hotspot/share/memory/arena.cpp:197), pid=4436, tid=4116
#
# JRE version: OpenJDK Runtime Environment (11.0.11+9) (build 11.0.11+9-b60-7590822)
# Java VM: OpenJDK 64-Bit Server VM (11.0.11+9-b60-7590822, mixed mode, tiered, compressed oops, g1 gc, windows-amd64)
# No core dump will be written. Minidumps are not enabled by default on client versions of Windows
#

---------------  S U M M A R Y ------------

Command Line: --add-opens=java.base/java.util=ALL-UNNAMED --add-opens=java.base/java.lang=ALL-UNNAMED --add-opens=java.base/java.lang.invoke=ALL-UNNAMED --add-opens=java.base/java.util=ALL-UNNAMED --add-opens=java.prefs/java.util.prefs=ALL-UNNAMED --add-opens=java.prefs/java.util.prefs=ALL-UNNAMED --add-opens=java.base/java.nio.charset=ALL-UNNAMED --add-opens=java.base/java.net=ALL-UNNAMED --add-opens=java.base/java.util.concurrent.atomic=ALL-UNNAMED -Xmx2048m -Dfile.encoding=UTF-8 -Duser.country=US -Duser.language=en -Duser.variant org.gradle.launcher.daemon.bootstrap.GradleDaemon 7.2

Host: Intel(R) Core(TM) i3-2330M CPU @ 2.20GHz, 4 cores, 3G,  Windows 10 , 64 bit Build 19041 (10.0.19041.1348)
Time: Sun Mar 27 22:33:53 2022 SE Asia Standard Time elapsed time: 199.796723 seconds (0d 0h 3m 19s)

---------------  T H R E A D  ---------------

Current thread (0x0000020f4a48c800):  JavaThread "C2 CompilerThread0" daemon [_thread_in_native, id=4116, stack(0x000000d35dc00000,0x000000d35dd00000)]


Current CompileTask:
C2: 199796 14207  s!   4       jdk.internal.loader.URLClassPath::getLoader (194 bytes)

Stack: [0x000000d35dc00000,0x000000d35dd00000]
Native frames: (J=compiled Java code, j=interpreted, Vv=VM code, C=native code)
V  [jvm.dll+0x5f214a]
V  [jvm.dll+0x726fb5]
V  [jvm.dll+0x7285cd]
V  [jvm.dll+0x728c83]
V  [jvm.dll+0x243278]
V  [jvm.dll+0xbc53c]
V  [jvm.dll+0xbca3c]
V  [jvm.dll+0x353e7d]
V  [jvm.dll+0x321893]
V  [jvm.dll+0x320d8a]
V  [jvm.dll+0x1fc1e2]
V  [jvm.dll+0x1fb3d4]
V  [jvm.dll+0x183d6c]
V  [jvm.dll+0x209a57]
V  [jvm.dll+0x2082a1]
V  [jvm.dll+0x6ef58f]
V  [jvm.dll+0x6e80b5]
V  [jvm.dll+0x5f1036]
C  [ucrtbase.dll+0x21bb2]
C  [KERNEL32.DLL+0x17034]
C  [ntdll.dll+0x52651]


---------------  P R O C E S S  ---------------

Threads class SMR info:
_java_thread_list=0x0000020f4ec03380, length=97, elements={
0x0000020f3014c800, 0x0000020f4a429000, 0x0000020f4a435800, 0x0000020f4a485800,
0x0000020f4a487800, 0x0000020f4a489000, 0x0000020f4a48c800, 0x0000020f4a492000,
0x0000020f4a496000, 0x0000020f4af1b800, 0x0000020f4d01e000, 0x0000020f4ce9a000,
0x0000020f4b128800, 0x0000020f4d05e800, 0x0000020f4d060000, 0x0000020f4d05a800,
0x0000020f4d05b800, 0x0000020f4d05c000, 0x0000020f4f665000, 0x0000020f4f661800,
0x0000020f4f666800, 0x0000020f4f669800, 0x0000020f4f66d000, 0x0000020f50e6a800,
0x0000020f50e65800, 0x0000020f55768000, 0x0000020f55772800, 0x0000020f55769000,
0x0000020f55767800, 0x0000020f5576e000, 0x0000020f55769800, 0x0000020f55770800,
0x0000020f5576f800, 0x0000020f5576a800, 0x0000020f5576b800, 0x0000020f5576e800,
0x0000020f55771000, 0x0000020f55772000, 0x0000020f5576d000, 0x0000020f5576c000,
0x0000020f55776000, 0x0000020f55773800, 0x0000020f55774800, 0x0000020f55775000,
0x0000020f50e62800, 0x0000020f50e64000, 0x0000020f50e63000, 0x0000020f50e5e800,
0x0000020f50e5f000, 0x0000020f50e61800, 0x0000020f50e65000, 0x0000020f50e60000,
0x0000020f50e66800, 0x0000020f50e60800, 0x0000020f50e6b800, 0x0000020f50e67800,
0x0000020f50e68000, 0x0000020f50e69000, 0x0000020f50e69800, 0x0000020f50e6d000,
0x0000020f4f664000, 0x0000020f4f66c000, 0x0000020f4f66b800, 0x0000020f4f66a800,
0x0000020f4f667800, 0x0000020f4f66f800, 0x0000020f4f66e800, 0x0000020f4f670800,
0x0000020f4f66e000, 0x0000020f4d05f800, 0x0000020f4d05d000, 0x0000020f4d05e000,
0x0000020f4d061000, 0x0000020f4f5df800, 0x0000020f4f5e1000, 0x0000020f4f5dc000,
0x0000020f4f5e0000, 0x0000020f4f5de800, 0x0000020f4f5e1800, 0x0000020f4f5e2800,
0x0000020f4f5dd800, 0x0000020f52338000, 0x0000020f5233a800, 0x0000020f52337000,
0x0000020f52339800, 0x0000020f52338800, 0x0000020f5233b000, 0x0000020f52335800,
0x0000020f5233c000, 0x0000020f52336800, 0x0000020f52341800, 0x0000020f5233f000,
0x0000020f52341000, 0x0000020f52342800, 0x0000020f5233d000, 0x0000020f52343800,
0x0000020f5233d800
}

Java Threads: ( => current thread )
  0x0000020f3014c800 JavaThread "main" [_thread_blocked, id=3996, stack(0x000000d35d000000,0x000000d35d100000)]
  0x0000020f4a429000 JavaThread "Reference Handler" daemon [_thread_blocked, id=2580, stack(0x000000d35d700000,0x000000d35d800000)]
  0x0000020f4a435800 JavaThread "Finalizer" daemon [_thread_blocked, id=5688, stack(0x000000d35d800000,0x000000d35d900000)]
  0x0000020f4a485800 JavaThread "Signal Dispatcher" daemon [_thread_blocked, id=5248, stack(0x000000d35d900000,0x000000d35da00000)]
  0x0000020f4a487800 JavaThread "Attach Listener" daemon [_thread_blocked, id=960, stack(0x000000d35da00000,0x000000d35db00000)]
  0x0000020f4a489000 JavaThread "Service Thread" daemon [_thread_blocked, id=4200, stack(0x000000d35db00000,0x000000d35dc00000)]
=>0x0000020f4a48c800 JavaThread "C2 CompilerThread0" daemon [_thread_in_native, id=4116, stack(0x000000d35dc00000,0x000000d35dd00000)]
  0x0000020f4a492000 JavaThread "C1 CompilerThread0" daemon [_thread_blocked, id=448, stack(0x000000d35dd00000,0x000000d35de00000)]
  0x0000020f4a496000 JavaThread "Sweeper thread" daemon [_thread_blocked, id=2696, stack(0x000000d35de00000,0x000000d35df00000)]
  0x0000020f4af1b800 JavaThread "Common-Cleaner" daemon [_thread_blocked, id=6008, stack(0x000000d35df00000,0x000000d35e000000)]
  0x0000020f4d01e000 JavaThread "Daemon health stats" [_thread_blocked, id=576, stack(0x000000d35e300000,0x000000d35e400000)]
  0x0000020f4ce9a000 JavaThread "Incoming local TCP Connector on port 53961" [_thread_in_native, id=4956, stack(0x000000d35e100000,0x000000d35e200000)]
  0x0000020f4b128800 JavaThread "Daemon periodic checks" [_thread_blocked, id=2960, stack(0x000000d35e600000,0x000000d35e700000)]
  0x0000020f4d05e800 JavaThread "Cache worker for journal cache (C:\Users\Admin\.gradle\caches\journal-1)" [_thread_blocked, id=216, stack(0x000000d35ee00000,0x000000d35ef00000)]
  0x0000020f4d060000 JavaThread "File lock request listener" [_thread_in_native, id=2012, stack(0x000000d35ef00000,0x000000d35f000000)]
  0x0000020f4d05a800 JavaThread "Cache worker for file hash cache (C:\Users\Admin\.gradle\caches\7.2\fileHashes)" [_thread_blocked, id=4348, stack(0x000000d35f000000,0x000000d35f100000)]
  0x0000020f4d05b800 JavaThread "File watcher server" daemon [_thread_in_native, id=3776, stack(0x000000d35f300000,0x000000d35f400000)]
  0x0000020f4d05c000 JavaThread "File watcher consumer" daemon [_thread_blocked, id=5256, stack(0x000000d35f400000,0x000000d35f500000)]
  0x0000020f4f665000 JavaThread "Cache worker for execution history cache (C:\Users\Admin\.gradle\caches\7.2\executionHistory)" [_thread_blocked, id=5860, stack(0x000000d35f800000,0x000000d35f900000)]
  0x0000020f4f661800 JavaThread "jar transforms" [_thread_blocked, id=108, stack(0x000000d35f900000,0x000000d35fa00000)]
  0x0000020f4f666800 JavaThread "Cache worker for file content cache (C:\Users\Admin\.gradle\caches\7.2\fileContent)" [_thread_blocked, id=2548, stack(0x000000d35fa00000,0x000000d35fb00000)]
  0x0000020f4f669800 JavaThread "jar transforms Thread 2" [_thread_blocked, id=3836, stack(0x000000d35fb00000,0x000000d35fc00000)]
  0x0000020f4f66d000 JavaThread "jar transforms Thread 3" [_thread_blocked, id=5832, stack(0x000000d35fd00000,0x000000d35fe00000)]
  0x0000020f50e6a800 JavaThread "jar transforms Thread 4" [_thread_blocked, id=6108, stack(0x000000d362700000,0x000000d362800000)]
  0x0000020f50e65800 JavaThread "Memory manager" [_thread_blocked, id=3948, stack(0x000000d362800000,0x000000d362900000)]
  0x0000020f55768000 JavaThread "pool-3-thread-1" [_thread_blocked, id=1284, stack(0x000000d362a00000,0x000000d362b00000)]
  0x0000020f55772800 JavaThread "ForkJoinPool.commonPool-worker-5" daemon [_thread_blocked, id=3904, stack(0x000000d363300000,0x000000d363400000)]
  0x0000020f55769000 JavaThread "Daemon Thread 2" [_thread_blocked, id=5376, stack(0x000000d35cd00000,0x000000d35ce00000)]
  0x0000020f55767800 JavaThread "Handler for socket connection from /127.0.0.1:53961 to /127.0.0.1:53996" [_thread_in_native, id=5036, stack(0x000000d35ce00000,0x000000d35cf00000)]
  0x0000020f5576e000 JavaThread "Cancel handler" [_thread_blocked, id=5272, stack(0x000000d35cf00000,0x000000d35d000000)]
  0x0000020f55769800 JavaThread "Daemon worker Thread 2" [_thread_in_native, id=5012, stack(0x000000d35e700000,0x000000d35e800000)]
  0x0000020f55770800 JavaThread "Asynchronous log dispatcher for DefaultDaemonConnection: socket connection from /127.0.0.1:53961 to /127.0.0.1:53996" [_thread_blocked, id=5160, stack(0x000000d35e800000,0x000000d35e900000)]
  0x0000020f5576f800 JavaThread "Stdin handler" [_thread_blocked, id=1852, stack(0x000000d35e900000,0x000000d35ea00000)]
  0x0000020f5576a800 JavaThread "Daemon client event forwarder" [_thread_blocked, id=3084, stack(0x000000d35ea00000,0x000000d35eb00000)]
  0x0000020f5576b800 JavaThread "Cache worker for file hash cache (C:\Users\Admin\AndroidStudioProjects\DailySelfie\.gradle\7.2\fileHashes)" [_thread_blocked, id=5936, stack(0x000000d35eb00000,0x000000d35ec00000)]
  0x0000020f5576e800 JavaThread "Cache worker for checksums cache (C:\Users\Admin\AndroidStudioProjects\DailySelfie\.gradle\checksums)" [_thread_blocked, id=3284, stack(0x000000d35ec00000,0x000000d35ed00000)]
  0x0000020f55771000 JavaThread "Cache worker for cache directory md-supplier (C:\Users\Admin\.gradle\caches\7.2\md-supplier)" [_thread_blocked, id=3220, stack(0x000000d35ed00000,0x000000d35ee00000)]
  0x0000020f55772000 JavaThread "Cache worker for cache directory md-rule (C:\Users\Admin\.gradle\caches\7.2\md-rule)" [_thread_blocked, id=5472, stack(0x000000d35f100000,0x000000d35f200000)]
  0x0000020f5576d000 JavaThread "Cache worker for dependencies-accessors (C:\Users\Admin\AndroidStudioProjects\DailySelfie\.gradle\7.2\dependencies-accessors)" [_thread_blocked, id=4264, stack(0x000000d35f200000,0x000000d35f300000)]
  0x0000020f5576c000 JavaThread "Cache worker for Build Output Cleanup Cache (C:\Users\Admin\AndroidStudioProjects\DailySelfie\.gradle\buildOutputCleanup)" [_thread_blocked, id=3340, stack(0x000000d35f500000,0x000000d35f600000)]
  0x0000020f55776000 JavaThread "Unconstrained build operations" [_thread_blocked, id=3972, stack(0x000000d35f600000,0x000000d35f700000)]
  0x0000020f55773800 JavaThread "Unconstrained build operations Thread 2" [_thread_blocked, id=4416, stack(0x000000d35f700000,0x000000d35f800000)]
  0x0000020f55774800 JavaThread "Unconstrained build operations Thread 3" [_thread_blocked, id=3304, stack(0x000000d35fc00000,0x000000d35fd00000)]
  0x0000020f55775000 JavaThread "Unconstrained build operations Thread 4" [_thread_blocked, id=1664, stack(0x000000d35fe00000,0x000000d35ff00000)]
  0x0000020f50e62800 JavaThread "Unconstrained build operations Thread 5" [_thread_blocked, id=3584, stack(0x000000d35ff00000,0x000000d360000000)]
  0x0000020f50e64000 JavaThread "Unconstrained build operations Thread 6" [_thread_blocked, id=6056, stack(0x000000d360000000,0x000000d360100000)]
  0x0000020f50e63000 JavaThread "Unconstrained build operations Thread 7" [_thread_blocked, id=5304, stack(0x000000d360100000,0x000000d360200000)]
  0x0000020f50e5e800 JavaThread "Unconstrained build operations Thread 8" [_thread_blocked, id=4068, stack(0x000000d360200000,0x000000d360300000)]
  0x0000020f50e5f000 JavaThread "Unconstrained build operations Thread 9" [_thread_blocked, id=1656, stack(0x000000d360300000,0x000000d360400000)]
  0x0000020f50e61800 JavaThread "Unconstrained build operations Thread 10" [_thread_blocked, id=5228, stack(0x000000d360400000,0x000000d360500000)]
  0x0000020f50e65000 JavaThread "Unconstrained build operations Thread 11" [_thread_blocked, id=5392, stack(0x000000d360500000,0x000000d360600000)]
  0x0000020f50e60000 JavaThread "Unconstrained build operations Thread 12" [_thread_blocked, id=1276, stack(0x000000d360600000,0x000000d360700000)]
  0x0000020f50e66800 JavaThread "Unconstrained build operations Thread 13" [_thread_blocked, id=4376, stack(0x000000d360700000,0x000000d360800000)]
  0x0000020f50e60800 JavaThread "Unconstrained build operations Thread 14" [_thread_blocked, id=2940, stack(0x000000d360800000,0x000000d360900000)]
  0x0000020f50e6b800 JavaThread "Unconstrained build operations Thread 15" [_thread_blocked, id=2920, stack(0x000000d360900000,0x000000d360a00000)]
  0x0000020f50e67800 JavaThread "Unconstrained build operations Thread 16" [_thread_blocked, id=4024, stack(0x000000d360a00000,0x000000d360b00000)]
  0x0000020f50e68000 JavaThread "Unconstrained build operations Thread 17" [_thread_blocked, id=1772, stack(0x000000d360b00000,0x000000d360c00000)]
  0x0000020f50e69000 JavaThread "Unconstrained build operations Thread 18" [_thread_blocked, id=1564, stack(0x000000d360c00000,0x000000d360d00000)]
  0x0000020f50e69800 JavaThread "Unconstrained build operations Thread 19" [_thread_blocked, id=5756, stack(0x000000d360d00000,0x000000d360e00000)]
  0x0000020f50e6d000 JavaThread "Unconstrained build operations Thread 20" [_thread_blocked, id=3828, stack(0x000000d360e00000,0x000000d360f00000)]
  0x0000020f4f664000 JavaThread "Unconstrained build operations Thread 21" [_thread_blocked, id=1544, stack(0x000000d360f00000,0x000000d361000000)]
  0x0000020f4f66c000 JavaThread "Unconstrained build operations Thread 22" [_thread_blocked, id=4684, stack(0x000000d361000000,0x000000d361100000)]
  0x0000020f4f66b800 JavaThread "Unconstrained build operations Thread 23" [_thread_blocked, id=5336, stack(0x000000d361100000,0x000000d361200000)]
  0x0000020f4f66a800 JavaThread "Unconstrained build operations Thread 24" [_thread_blocked, id=4056, stack(0x000000d361200000,0x000000d361300000)]
  0x0000020f4f667800 JavaThread "Unconstrained build operations Thread 25" [_thread_blocked, id=200, stack(0x000000d361300000,0x000000d361400000)]
  0x0000020f4f66f800 JavaThread "Unconstrained build operations Thread 26" [_thread_blocked, id=1632, stack(0x000000d361400000,0x000000d361500000)]
  0x0000020f4f66e800 JavaThread "Unconstrained build operations Thread 27" [_thread_blocked, id=2376, stack(0x000000d361500000,0x000000d361600000)]
  0x0000020f4f670800 JavaThread "Unconstrained build operations Thread 28" [_thread_blocked, id=5108, stack(0x000000d361600000,0x000000d361700000)]
  0x0000020f4f66e000 JavaThread "Unconstrained build operations Thread 29" [_thread_blocked, id=5980, stack(0x000000d361700000,0x000000d361800000)]
  0x0000020f4d05f800 JavaThread "Unconstrained build operations Thread 30" [_thread_blocked, id=4972, stack(0x000000d361800000,0x000000d361900000)]
  0x0000020f4d05d000 JavaThread "Unconstrained build operations Thread 31" [_thread_blocked, id=1976, stack(0x000000d361900000,0x000000d361a00000)]
  0x0000020f4d05e000 JavaThread "Unconstrained build operations Thread 32" [_thread_blocked, id=4596, stack(0x000000d361a00000,0x000000d361b00000)]
  0x0000020f4d061000 JavaThread "Unconstrained build operations Thread 33" [_thread_blocked, id=4620, stack(0x000000d361b00000,0x000000d361c00000)]
  0x0000020f4f5df800 JavaThread "Unconstrained build operations Thread 34" [_thread_blocked, id=3184, stack(0x000000d361c00000,0x000000d361d00000)]
  0x0000020f4f5e1000 JavaThread "Unconstrained build operations Thread 35" [_thread_blocked, id=5644, stack(0x000000d361d00000,0x000000d361e00000)]
  0x0000020f4f5dc000 JavaThread "Unconstrained build operations Thread 36" [_thread_blocked, id=5456, stack(0x000000d361e00000,0x000000d361f00000)]
  0x0000020f4f5e0000 JavaThread "Unconstrained build operations Thread 37" [_thread_blocked, id=5000, stack(0x000000d361f00000,0x000000d362000000)]
  0x0000020f4f5de800 JavaThread "Unconstrained build operations Thread 38" [_thread_blocked, id=2736, stack(0x000000d362000000,0x000000d362100000)]
  0x0000020f4f5e1800 JavaThread "Unconstrained build operations Thread 39" [_thread_blocked, id=5948, stack(0x000000d362100000,0x000000d362200000)]
  0x0000020f4f5e2800 JavaThread "Unconstrained build operations Thread 40" [_thread_blocked, id=1264, stack(0x000000d362200000,0x000000d362300000)]
  0x0000020f4f5dd800 JavaThread "build event listener" [_thread_blocked, id=4380, stack(0x000000d362300000,0x000000d362400000)]
  0x0000020f52338000 JavaThread "pool-7-thread-1" [_thread_blocked, id=1080, stack(0x000000d362400000,0x000000d362500000)]
  0x0000020f5233a800 JavaThread "build event listener" [_thread_blocked, id=4168, stack(0x000000d362500000,0x000000d362600000)]
  0x0000020f52337000 JavaThread "Execution worker for ':'" [_thread_blocked, id=1364, stack(0x000000d362600000,0x000000d362700000)]
  0x0000020f52339800 JavaThread "Execution worker for ':' Thread 2" [_thread_blocked, id=6028, stack(0x000000d362900000,0x000000d362a00000)]
  0x0000020f52338800 JavaThread "Execution worker for ':' Thread 3" [_thread_blocked, id=884, stack(0x000000d362b00000,0x000000d362c00000)]
  0x0000020f5233b000 JavaThread "Cache worker for execution history cache (C:\Users\Admin\AndroidStudioProjects\DailySelfie\.gradle\7.2\executionHistory)" [_thread_blocked, id=5316, stack(0x000000d362c00000,0x000000d362d00000)]
  0x0000020f52335800 JavaThread "Cache worker for Java compile cache (C:\Users\Admin\.gradle\caches\7.2\javaCompile)" [_thread_blocked, id=5132, stack(0x000000d362d00000,0x000000d362e00000)]
  0x0000020f5233c000 JavaThread "Build operations" [_thread_blocked, id=5292, stack(0x000000d362e00000,0x000000d362f00000)]
  0x0000020f52336800 JavaThread "Build operations Thread 2" [_thread_blocked, id=5192, stack(0x000000d362f00000,0x000000d363000000)]
  0x0000020f52341800 JavaThread "Build operations Thread 3" [_thread_blocked, id=4288, stack(0x000000d363000000,0x000000d363100000)]
  0x0000020f5233f000 JavaThread "Build operations Thread 4" [_thread_blocked, id=2292, stack(0x000000d363100000,0x000000d363200000)]
  0x0000020f52341000 JavaThread "WorkerExecutor Queue" [_thread_blocked, id=4780, stack(0x000000d363200000,0x000000d363300000)]
  0x0000020f52342800 JavaThread "WorkerExecutor Queue Thread 2" [_thread_blocked, id=2948, stack(0x000000d363400000,0x000000d363500000)]
  0x0000020f5233d000 JavaThread "WorkerExecutor Queue Thread 3" [_thread_blocked, id=1912, stack(0x000000d363500000,0x000000d363600000)]
  0x0000020f52343800 JavaThread "WorkerExecutor Queue Thread 4" [_thread_blocked, id=3552, stack(0x000000d363600000,0x000000d363700000)]
  0x0000020f5233d800 JavaThread "WorkerExecutor Queue Thread 5" [_thread_blocked, id=2600, stack(0x000000d363700000,0x000000d363800000)]

Other Threads:
  0x0000020f4a420800 VMThread "VM Thread" [stack: 0x000000d35d600000,0x000000d35d700000] [id=4224]
  0x0000020f4af4c000 WatcherThread [stack: 0x000000d35e000000,0x000000d35e100000] [id=4676]
  0x0000020f30164000 GCTaskThread "GC Thread#0" [stack: 0x000000d35d100000,0x000000d35d200000] [id=3536]
  0x0000020f4b4c3800 GCTaskThread "GC Thread#1" [stack: 0x000000d35e200000,0x000000d35e300000] [id=5796]
  0x0000020f4bd37800 GCTaskThread "GC Thread#2" [stack: 0x000000d35e400000,0x000000d35e500000] [id=2732]
  0x0000020f4cedc800 GCTaskThread "GC Thread#3" [stack: 0x000000d35e500000,0x000000d35e600000] [id=2424]
  0x0000020f30196800 ConcurrentGCThread "G1 Main Marker" [stack: 0x000000d35d200000,0x000000d35d300000] [id=3900]
  0x0000020f30197800 ConcurrentGCThread "G1 Conc#0" [stack: 0x000000d35d300000,0x000000d35d400000] [id=4964]
  0x0000020f301f0000 ConcurrentGCThread "G1 Refine#0" [stack: 0x000000d35d400000,0x000000d35d500000] [id=5928]
  0x0000020f301f1000 ConcurrentGCThread "G1 Young RemSet Sampling" [stack: 0x000000d35d500000,0x000000d35d600000] [id=5556]

Threads with active compile tasks:
C2 CompilerThread0 199839 14207  s!   4       jdk.internal.loader.URLClassPath::getLoader (194 bytes)
C1 CompilerThread0 199839 14440       2       com.sun.org.apache.xerces.internal.impl.XMLEntityScanner::scanQName (502 bytes)

VM state:not at safepoint (normal execution)

VM Mutex/Monitor currently owned by a thread: None

Heap address: 0x0000000080000000, size: 2048 MB, Compressed Oops mode: 32-bit
Narrow klass base: 0x0000000000000000, Narrow klass shift: 3
Compressed class space size: 1073741824 Address: 0x0000000100000000

Heap:
 garbage-first heap   total 199680K, used 102875K [0x0000000080000000, 0x0000000100000000)
  region size 1024K, 10 young (10240K), 3 survivors (3072K)
 Metaspace       used 115534K, capacity 118849K, committed 118860K, reserved 1153024K
  class space    used 14967K, capacity 16203K, committed 16204K, reserved 1048576K
Heap Regions: E=young(eden), S=young(survivor), O=old, HS=humongous(starts), HC=humongous(continues), CS=collection set, F=free, A=archive, TAMS=top-at-mark-start (previous, next)
|   0|0x0000000080000000, 0x0000000080100000, 0x0000000080100000|100%| O|  |TAMS 0x0000000080100000, 0x0000000080000000| Untracked 
|   1|0x0000000080100000, 0x0000000080200000, 0x0000000080200000|100%| O|  |TAMS 0x0000000080200000, 0x0000000080100000| Untracked 
|   2|0x0000000080200000, 0x0000000080300000, 0x0000000080300000|100%| O|  |TAMS 0x0000000080300000, 0x0000000080200000| Untracked 
|   3|0x0000000080300000, 0x0000000080400000, 0x0000000080400000|100%|HS|  |TAMS 0x0000000080400000, 0x0000000080300000| Complete 
|   4|0x0000000080400000, 0x0000000080500000, 0x0000000080500000|100%|HC|  |TAMS 0x0000000080500000, 0x0000000080400000| Complete 
|   5|0x0000000080500000, 0x0000000080600000, 0x0000000080600000|100%|HC|  |TAMS 0x0000000080600000, 0x0000000080500000| Complete 
|   6|0x0000000080600000, 0x0000000080700000, 0x0000000080700000|100%| O|  |TAMS 0x0000000080700000, 0x0000000080600000| Untracked 
|   7|0x0000000080700000, 0x0000000080800000, 0x0000000080800000|100%| O|  |TAMS 0x0000000080800000, 0x0000000080700000| Untracked 
|   8|0x0000000080800000, 0x0000000080900000, 0x0000000080900000|100%| O|  |TAMS 0x0000000080900000, 0x0000000080800000| Untracked 
|   9|0x0000000080900000, 0x0000000080a00000, 0x0000000080a00000|100%| O|  |TAMS 0x0000000080a00000, 0x0000000080900000| Untracked 
|  10|0x0000000080a00000, 0x0000000080b00000, 0x0000000080b00000|100%| O|  |TAMS 0x0000000080b00000, 0x0000000080a00000| Untracked 
|  11|0x0000000080b00000, 0x0000000080c00000, 0x0000000080c00000|100%| O|  |TAMS 0x0000000080c00000, 0x0000000080b00000| Untracked 
|  12|0x0000000080c00000, 0x0000000080d00000, 0x0000000080d00000|100%| O|  |TAMS 0x0000000080d00000, 0x0000000080c00000| Untracked 
|  13|0x0000000080d00000, 0x0000000080e00000, 0x0000000080e00000|100%| O|  |TAMS 0x0000000080e00000, 0x0000000080d00000| Untracked 
|  14|0x0000000080e00000, 0x0000000080f00000, 0x0000000080f00000|100%| O|  |TAMS 0x0000000080f00000, 0x0000000080e00000| Untracked 
|  15|0x0000000080f00000, 0x0000000081000000, 0x0000000081000000|100%| O|  |TAMS 0x0000000081000000, 0x0000000080f00000| Untracked 
|  16|0x0000000081000000, 0x0000000081100000, 0x0000000081100000|100%| O|  |TAMS 0x0000000081100000, 0x0000000081000000| Untracked 
|  17|0x0000000081100000, 0x0000000081200000, 0x0000000081200000|100%| O|  |TAMS 0x0000000081200000, 0x0000000081100000| Untracked 
|  18|0x0000000081200000, 0x0000000081300000, 0x0000000081300000|100%| O|  |TAMS 0x0000000081300000, 0x0000000081200000| Untracked 
|  19|0x0000000081300000, 0x0000000081400000, 0x0000000081400000|100%| O|  |TAMS 0x0000000081400000, 0x0000000081300000| Untracked 
|  20|0x0000000081400000, 0x0000000081500000, 0x0000000081500000|100%| O|  |TAMS 0x0000000081500000, 0x0000000081400000| Untracked 
|  21|0x0000000081500000, 0x0000000081600000, 0x0000000081600000|100%| O|  |TAMS 0x0000000081600000, 0x0000000081500000| Untracked 
|  22|0x0000000081600000, 0x0000000081700000, 0x0000000081700000|100%| O|  |TAMS 0x0000000081700000, 0x0000000081600000| Untracked 
|  23|0x0000000081700000, 0x0000000081800000, 0x0000000081800000|100%|HS|  |TAMS 0x0000000081800000, 0x0000000081700000| Complete 
|  24|0x0000000081800000, 0x0000000081900000, 0x0000000081900000|100%| O|  |TAMS 0x0000000081900000, 0x0000000081800000| Untracked 
|  25|0x0000000081900000, 0x0000000081a00000, 0x0000000081a00000|100%| O|  |TAMS 0x0000000081a00000, 0x0000000081900000| Untracked 
|  26|0x0000000081a00000, 0x0000000081b00000, 0x0000000081b00000|100%|HS|  |TAMS 0x0000000081b00000, 0x0000000081a00000| Complete 
|  27|0x0000000081b00000, 0x0000000081c00000, 0x0000000081c00000|100%|HS|  |TAMS 0x0000000081c00000, 0x0000000081b00000| Complete 
|  28|0x0000000081c00000, 0x0000000081d00000, 0x0000000081d00000|100%|HS|  |TAMS 0x0000000081d00000, 0x0000000081c00000| Complete 
|  29|0x0000000081d00000, 0x0000000081e00000, 0x0000000081e00000|100%|HC|  |TAMS 0x0000000081e00000, 0x0000000081d00000| Complete 
|  30|0x0000000081e00000, 0x0000000081f00000, 0x0000000081f00000|100%| O|  |TAMS 0x0000000081f00000, 0x0000000081e00000| Untracked 
|  31|0x0000000081f00000, 0x0000000082000000, 0x0000000082000000|100%| O|  |TAMS 0x0000000082000000, 0x0000000081f00000| Untracked 
|  32|0x0000000082000000, 0x0000000082100000, 0x0000000082100000|100%| O|  |TAMS 0x0000000082100000, 0x0000000082000000| Untracked 
|  33|0x0000000082100000, 0x0000000082200000, 0x0000000082200000|100%| O|  |TAMS 0x0000000082200000, 0x0000000082100000| Untracked 
|  34|0x0000000082200000, 0x0000000082300000, 0x0000000082300000|100%| O|  |TAMS 0x0000000082300000, 0x0000000082200000| Untracked 
|  35|0x0000000082300000, 0x0000000082400000, 0x0000000082400000|100%| O|  |TAMS 0x0000000082400000, 0x0000000082300000| Untracked 
|  36|0x0000000082400000, 0x0000000082500000, 0x0000000082500000|100%| O|  |TAMS 0x0000000082500000, 0x0000000082400000| Untracked 
|  37|0x0000000082500000, 0x0000000082600000, 0x0000000082600000|100%| O|  |TAMS 0x0000000082600000, 0x0000000082500000| Untracked 
|  38|0x0000000082600000, 0x0000000082700000, 0x0000000082700000|100%| O|  |TAMS 0x0000000082700000, 0x0000000082600000| Untracked 
|  39|0x0000000082700000, 0x0000000082800000, 0x0000000082800000|100%| O|  |TAMS 0x0000000082800000, 0x0000000082700000| Untracked 
|  40|0x0000000082800000, 0x0000000082900000, 0x0000000082900000|100%| O|  |TAMS 0x0000000082900000, 0x0000000082800000| Untracked 
|  41|0x0000000082900000, 0x0000000082a00000, 0x0000000082a00000|100%| O|  |TAMS 0x0000000082a00000, 0x0000000082900000| Untracked 
|  42|0x0000000082a00000, 0x0000000082b00000, 0x0000000082b00000|100%| O|  |TAMS 0x0000000082b00000, 0x0000000082a00000| Untracked 
|  43|0x0000000082b00000, 0x0000000082c00000, 0x0000000082c00000|100%| O|  |TAMS 0x0000000082c00000, 0x0000000082b00000| Untracked 
|  44|0x0000000082c00000, 0x0000000082d00000, 0x0000000082d00000|100%| O|  |TAMS 0x0000000082d00000, 0x0000000082c00000| Untracked 
|  45|0x0000000082d00000, 0x0000000082e00000, 0x0000000082e00000|100%| O|  |TAMS 0x0000000082e00000, 0x0000000082d00000| Untracked 
|  46|0x0000000082e00000, 0x0000000082f00000, 0x0000000082f00000|100%| O|  |TAMS 0x0000000082f00000, 0x0000000082e00000| Untracked 
|  47|0x0000000082f00000, 0x0000000083000000, 0x0000000083000000|100%| O|  |TAMS 0x0000000083000000, 0x0000000082f00000| Untracked 
|  48|0x0000000083000000, 0x0000000083100000, 0x0000000083100000|100%| O|  |TAMS 0x0000000083100000, 0x0000000083000000| Untracked 
|  49|0x0000000083100000, 0x0000000083200000, 0x0000000083200000|100%| O|  |TAMS 0x0000000083200000, 0x0000000083100000| Untracked 
|  50|0x0000000083200000, 0x0000000083300000, 0x0000000083300000|100%| O|  |TAMS 0x0000000083300000, 0x0000000083200000| Untracked 
|  51|0x0000000083300000, 0x0000000083400000, 0x0000000083400000|100%| O|  |TAMS 0x0000000083400000, 0x0000000083300000| Untracked 
|  52|0x0000000083400000, 0x0000000083500000, 0x0000000083500000|100%| O|  |TAMS 0x0000000083500000, 0x0000000083400000| Untracked 
|  53|0x0000000083500000, 0x0000000083600000, 0x0000000083600000|100%| O|  |TAMS 0x0000000083600000, 0x0000000083500000| Untracked 
|  54|0x0000000083600000, 0x0000000083700000, 0x0000000083700000|100%| O|  |TAMS 0x0000000083700000, 0x0000000083600000| Untracked 
|  55|0x0000000083700000, 0x0000000083800000, 0x0000000083800000|100%| O|  |TAMS 0x0000000083800000, 0x0000000083700000| Untracked 
|  56|0x0000000083800000, 0x0000000083900000, 0x0000000083900000|100%| O|  |TAMS 0x0000000083900000, 0x0000000083800000| Untracked 
|  57|0x0000000083900000, 0x0000000083a00000, 0x0000000083a00000|100%| O|  |TAMS 0x0000000083a00000, 0x0000000083900000| Untracked 
|  58|0x0000000083a00000, 0x0000000083b00000, 0x0000000083b00000|100%| O|  |TAMS 0x0000000083b00000, 0x0000000083a00000| Untracked 
|  59|0x0000000083b00000, 0x0000000083c00000, 0x0000000083c00000|100%| O|  |TAMS 0x0000000083c00000, 0x0000000083b00000| Untracked 
|  60|0x0000000083c00000, 0x0000000083d00000, 0x0000000083d00000|100%| O|  |TAMS 0x0000000083d00000, 0x0000000083c00000| Untracked 
|  61|0x0000000083d00000, 0x0000000083e00000, 0x0000000083e00000|100%| O|  |TAMS 0x0000000083e00000, 0x0000000083d00000| Untracked 
|  62|0x0000000083e00000, 0x0000000083f00000, 0x0000000083f00000|100%| O|  |TAMS 0x0000000083f00000, 0x0000000083e00000| Untracked 
|  63|0x0000000083f00000, 0x0000000084000000, 0x0000000084000000|100%| O|  |TAMS 0x0000000084000000, 0x0000000083f00000| Untracked 
|  64|0x0000000084000000, 0x0000000084100000, 0x0000000084100000|100%| O|  |TAMS 0x0000000084100000, 0x0000000084000000| Untracked 
|  65|0x0000000084100000, 0x0000000084200000, 0x0000000084200000|100%| O|  |TAMS 0x0000000084200000, 0x0000000084100000| Untracked 
|  66|0x0000000084200000, 0x0000000084300000, 0x0000000084300000|100%| O|  |TAMS 0x0000000084300000, 0x0000000084200000| Untracked 
|  67|0x0000000084300000, 0x0000000084400000, 0x0000000084400000|100%| O|  |TAMS 0x0000000084400000, 0x0000000084300000| Untracked 
|  68|0x0000000084400000, 0x0000000084500000, 0x0000000084500000|100%| O|  |TAMS 0x0000000084500000, 0x0000000084400000| Untracked 
|  69|0x0000000084500000, 0x0000000084600000, 0x0000000084600000|100%| O|  |TAMS 0x0000000084600000, 0x0000000084500000| Untracked 
|  70|0x0000000084600000, 0x0000000084700000, 0x0000000084700000|100%| O|  |TAMS 0x0000000084700000, 0x0000000084600000| Untracked 
|  71|0x0000000084700000, 0x0000000084800000, 0x0000000084800000|100%| O|  |TAMS 0x0000000084800000, 0x0000000084700000| Untracked 
|  72|0x0000000084800000, 0x0000000084900000, 0x0000000084900000|100%| O|  |TAMS 0x0000000084900000, 0x0000000084800000| Untracked 
|  73|0x0000000084900000, 0x0000000084a00000, 0x0000000084a00000|100%| O|  |TAMS 0x0000000084a00000, 0x0000000084900000| Untracked 
|  74|0x0000000084a00000, 0x0000000084b00000, 0x0000000084b00000|100%| O|  |TAMS 0x0000000084b00000, 0x0000000084a00000| Untracked 
|  75|0x0000000084b00000, 0x0000000084c00000, 0x0000000084c00000|100%| O|  |TAMS 0x0000000084c00000, 0x0000000084b00000| Untracked 
|  76|0x0000000084c00000, 0x0000000084d00000, 0x0000000084d00000|100%| O|  |TAMS 0x0000000084d00000, 0x0000000084c00000| Untracked 
|  77|0x0000000084d00000, 0x0000000084e00000, 0x0000000084e00000|100%| O|  |TAMS 0x0000000084e00000, 0x0000000084d00000| Untracked 
|  78|0x0000000084e00000, 0x0000000084f00000, 0x0000000084f00000|100%| O|  |TAMS 0x0000000084f00000, 0x0000000084e00000| Untracked 
|  79|0x0000000084f00000, 0x0000000085000000, 0x0000000085000000|100%| O|  |TAMS 0x0000000084f35a00, 0x0000000084f00000| Untracked 
|  80|0x0000000085000000, 0x0000000085100000, 0x0000000085100000|100%| O|  |TAMS 0x0000000085000000, 0x0000000085000000| Untracked 
|  81|0x0000000085100000, 0x0000000085200000, 0x0000000085200000|100%| O|  |TAMS 0x0000000085100000, 0x0000000085100000| Untracked 
|  82|0x0000000085200000, 0x0000000085300000, 0x0000000085300000|100%| O|  |TAMS 0x0000000085200000, 0x0000000085200000| Untracked 
|  83|0x0000000085300000, 0x0000000085400000, 0x0000000085400000|100%|HS|  |TAMS 0x0000000085300000, 0x0000000085300000| Complete 
|  84|0x0000000085400000, 0x0000000085500000, 0x0000000085500000|100%|HC|  |TAMS 0x0000000085400000, 0x0000000085400000| Complete 
|  85|0x0000000085500000, 0x0000000085600000, 0x0000000085600000|100%| O|  |TAMS 0x0000000085500000, 0x0000000085500000| Untracked 
|  86|0x0000000085600000, 0x0000000085700000, 0x0000000085700000|100%| O|  |TAMS 0x0000000085600000, 0x0000000085600000| Untracked 
|  87|0x0000000085700000, 0x0000000085800000, 0x0000000085800000|100%| O|  |TAMS 0x0000000085700000, 0x0000000085700000| Untracked 
|  88|0x0000000085800000, 0x0000000085900000, 0x0000000085900000|100%| O|  |TAMS 0x0000000085800000, 0x0000000085800000| Untracked 
|  89|0x0000000085900000, 0x0000000085a00000, 0x0000000085a00000|100%| O|  |TAMS 0x0000000085900000, 0x0000000085900000| Untracked 
|  90|0x0000000085a00000, 0x0000000085b00000, 0x0000000085b00000|100%| O|  |TAMS 0x0000000085a00000, 0x0000000085a00000| Untracked 
|  91|0x0000000085b00000, 0x0000000085c00000, 0x0000000085c00000|100%| O|  |TAMS 0x0000000085b00000, 0x0000000085b00000| Untracked 
|  92|0x0000000085c00000, 0x0000000085cf7c00, 0x0000000085d00000| 96%| O|  |TAMS 0x0000000085c00000, 0x0000000085c00000| Untracked 
|  93|0x0000000085d00000, 0x0000000085d00000, 0x0000000085e00000|  0%| F|  |TAMS 0x0000000085d00000, 0x0000000085d00000| Untracked 
|  94|0x0000000085e00000, 0x0000000085e00000, 0x0000000085f00000|  0%| F|  |TAMS 0x0000000085e00000, 0x0000000085e00000| Untracked 
|  95|0x0000000085f00000, 0x0000000085f00000, 0x0000000086000000|  0%| F|  |TAMS 0x0000000085f00000, 0x0000000085f00000| Untracked 
|  96|0x0000000086000000, 0x0000000086000000, 0x0000000086100000|  0%| F|  |TAMS 0x0000000086000000, 0x0000000086000000| Untracked 
|  97|0x0000000086100000, 0x0000000086100000, 0x0000000086200000|  0%| F|  |TAMS 0x0000000086100000, 0x0000000086100000| Untracked 
|  98|0x0000000086200000, 0x0000000086200000, 0x0000000086300000|  0%| F|  |TAMS 0x0000000086200000, 0x0000000086200000| Untracked 
|  99|0x0000000086300000, 0x0000000086300000, 0x0000000086400000|  0%| F|  |TAMS 0x0000000086300000, 0x0000000086300000| Untracked 
| 100|0x0000000086400000, 0x0000000086400000, 0x0000000086500000|  0%| F|  |TAMS 0x0000000086400000, 0x0000000086400000| Untracked 
| 101|0x0000000086500000, 0x0000000086500000, 0x0000000086600000|  0%| F|  |TAMS 0x0000000086500000, 0x0000000086500000| Untracked 
| 102|0x0000000086600000, 0x0000000086600000, 0x0000000086700000|  0%| F|  |TAMS 0x0000000086600000, 0x0000000086600000| Untracked 
| 103|0x0000000086700000, 0x0000000086700000, 0x0000000086800000|  0%| F|  |TAMS 0x0000000086700000, 0x0000000086700000| Untracked 
| 104|0x0000000086800000, 0x0000000086800000, 0x0000000086900000|  0%| F|  |TAMS 0x0000000086800000, 0x0000000086800000| Untracked 
| 105|0x0000000086900000, 0x0000000086900000, 0x0000000086a00000|  0%| F|  |TAMS 0x0000000086900000, 0x0000000086900000| Untracked 
| 106|0x0000000086a00000, 0x0000000086a00000, 0x0000000086b00000|  0%| F|  |TAMS 0x0000000086a00000, 0x0000000086a00000| Untracked 
| 107|0x0000000086b00000, 0x0000000086b00000, 0x0000000086c00000|  0%| F|  |TAMS 0x0000000086b00000, 0x0000000086b00000| Untracked 
| 108|0x0000000086c00000, 0x0000000086c00000, 0x0000000086d00000|  0%| F|  |TAMS 0x0000000086c00000, 0x0000000086c00000| Untracked 
| 109|0x0000000086d00000, 0x0000000086d00000, 0x0000000086e00000|  0%| F|  |TAMS 0x0000000086d00000, 0x0000000086d00000| Untracked 
| 110|0x0000000086e00000, 0x0000000086e00000, 0x0000000086f00000|  0%| F|  |TAMS 0x0000000086e00000, 0x0000000086e00000| Untracked 
| 111|0x0000000086f00000, 0x0000000086f00000, 0x0000000087000000|  0%| F|  |TAMS 0x0000000086f00000, 0x0000000086f00000| Untracked 
| 112|0x0000000087000000, 0x0000000087000000, 0x0000000087100000|  0%| F|  |TAMS 0x0000000087000000, 0x0000000087000000| Untracked 
| 113|0x0000000087100000, 0x0000000087100000, 0x0000000087200000|  0%| F|  |TAMS 0x0000000087100000, 0x0000000087100000| Untracked 
| 114|0x0000000087200000, 0x0000000087200000, 0x0000000087300000|  0%| F|  |TAMS 0x0000000087200000, 0x0000000087200000| Untracked 
| 115|0x0000000087300000, 0x0000000087300000, 0x0000000087400000|  0%| F|  |TAMS 0x0000000087300000, 0x0000000087300000| Untracked 
| 116|0x0000000087400000, 0x0000000087400000, 0x0000000087500000|  0%| F|  |TAMS 0x0000000087400000, 0x0000000087400000| Untracked 
| 117|0x0000000087500000, 0x0000000087500000, 0x0000000087600000|  0%| F|  |TAMS 0x0000000087500000, 0x0000000087500000| Untracked 
| 118|0x0000000087600000, 0x0000000087600000, 0x0000000087700000|  0%| F|  |TAMS 0x0000000087600000, 0x0000000087600000| Untracked 
| 119|0x0000000087700000, 0x0000000087700000, 0x0000000087800000|  0%| F|  |TAMS 0x0000000087700000, 0x0000000087700000| Untracked 
| 120|0x0000000087800000, 0x0000000087800000, 0x0000000087900000|  0%| F|  |TAMS 0x0000000087800000, 0x0000000087800000| Untracked 
| 121|0x0000000087900000, 0x0000000087900000, 0x0000000087a00000|  0%| F|  |TAMS 0x0000000087900000, 0x0000000087900000| Untracked 
| 122|0x0000000087a00000, 0x0000000087a00000, 0x0000000087b00000|  0%| F|  |TAMS 0x0000000087a00000, 0x0000000087a00000| Untracked 
| 123|0x0000000087b00000, 0x0000000087b00000, 0x0000000087c00000|  0%| F|  |TAMS 0x0000000087b00000, 0x0000000087b00000| Untracked 
| 124|0x0000000087c00000, 0x0000000087c00000, 0x0000000087d00000|  0%| F|  |TAMS 0x0000000087c00000, 0x0000000087c00000| Untracked 
| 125|0x0000000087d00000, 0x0000000087d00000, 0x0000000087e00000|  0%| F|  |TAMS 0x0000000087d00000, 0x0000000087d00000| Untracked 
| 126|0x0000000087e00000, 0x0000000087e00000, 0x0000000087f00000|  0%| F|  |TAMS 0x0000000087e00000, 0x0000000087e00000| Untracked 
| 127|0x0000000087f00000, 0x0000000087f00000, 0x0000000088000000|  0%| F|  |TAMS 0x0000000087f00000, 0x0000000087f00000| Untracked 
| 128|0x0000000088000000, 0x0000000088000000, 0x0000000088100000|  0%| F|  |TAMS 0x0000000088000000, 0x0000000088000000| Untracked 
| 129|0x0000000088100000, 0x0000000088100000, 0x0000000088200000|  0%| F|  |TAMS 0x0000000088100000, 0x0000000088100000| Untracked 
| 130|0x0000000088200000, 0x0000000088200000, 0x0000000088300000|  0%| F|  |TAMS 0x0000000088200000, 0x0000000088200000| Untracked 
| 131|0x0000000088300000, 0x0000000088300000, 0x0000000088400000|  0%| F|  |TAMS 0x0000000088300000, 0x0000000088300000| Untracked 
| 132|0x0000000088400000, 0x000000008847f360, 0x0000000088500000| 49%| S|CS|TAMS 0x0000000088400000, 0x0000000088400000| Complete 
| 133|0x0000000088500000, 0x0000000088600000, 0x0000000088600000|100%| S|CS|TAMS 0x0000000088500000, 0x0000000088500000| Complete 
| 134|0x0000000088600000, 0x0000000088600000, 0x0000000088700000|  0%| F|  |TAMS 0x0000000088600000, 0x0000000088600000| Untracked 
| 135|0x0000000088700000, 0x0000000088800000, 0x0000000088800000|100%| S|CS|TAMS 0x0000000088700000, 0x0000000088700000| Complete 
| 136|0x0000000088800000, 0x0000000088800000, 0x0000000088900000|  0%| F|  |TAMS 0x0000000088800000, 0x0000000088800000| Untracked 
| 137|0x0000000088900000, 0x0000000088900000, 0x0000000088a00000|  0%| F|  |TAMS 0x0000000088900000, 0x0000000088900000| Untracked 
| 138|0x0000000088a00000, 0x0000000088a00000, 0x0000000088b00000|  0%| F|  |TAMS 0x0000000088a00000, 0x0000000088a00000| Untracked 
| 139|0x0000000088b00000, 0x0000000088b00000, 0x0000000088c00000|  0%| F|  |TAMS 0x0000000088b00000, 0x0000000088b00000| Untracked 
| 140|0x0000000088c00000, 0x0000000088c00000, 0x0000000088d00000|  0%| F|  |TAMS 0x0000000088c00000, 0x0000000088c00000| Untracked 
| 141|0x0000000088d00000, 0x0000000088d00000, 0x0000000088e00000|  0%| F|  |TAMS 0x0000000088d00000, 0x0000000088d00000| Untracked 
| 142|0x0000000088e00000, 0x0000000088e00000, 0x0000000088f00000|  0%| F|  |TAMS 0x0000000088e00000, 0x0000000088e00000| Untracked 
| 143|0x0000000088f00000, 0x0000000088f00000, 0x0000000089000000|  0%| F|  |TAMS 0x0000000088f00000, 0x0000000088f00000| Untracked 
| 144|0x0000000089000000, 0x0000000089000000, 0x0000000089100000|  0%| F|  |TAMS 0x0000000089000000, 0x0000000089000000| Untracked 
| 145|0x0000000089100000, 0x0000000089100000, 0x0000000089200000|  0%| F|  |TAMS 0x0000000089100000, 0x0000000089100000| Untracked 
| 146|0x0000000089200000, 0x0000000089200000, 0x0000000089300000|  0%| F|  |TAMS 0x0000000089200000, 0x0000000089200000| Untracked 
| 147|0x0000000089300000, 0x0000000089300000, 0x0000000089400000|  0%| F|  |TAMS 0x0000000089300000, 0x0000000089300000| Untracked 
| 148|0x0000000089400000, 0x0000000089400000, 0x0000000089500000|  0%| F|  |TAMS 0x0000000089400000, 0x0000000089400000| Untracked 
| 149|0x0000000089500000, 0x0000000089500000, 0x0000000089600000|  0%| F|  |TAMS 0x0000000089500000, 0x0000000089500000| Untracked 
| 150|0x0000000089600000, 0x0000000089600000, 0x0000000089700000|  0%| F|  |TAMS 0x0000000089600000, 0x0000000089600000| Untracked 
| 151|0x0000000089700000, 0x0000000089700000, 0x0000000089800000|  0%| F|  |TAMS 0x0000000089700000, 0x0000000089700000| Untracked 
| 152|0x0000000089800000, 0x0000000089800000, 0x0000000089900000|  0%| F|  |TAMS 0x0000000089800000, 0x0000000089800000| Untracked 
| 153|0x0000000089900000, 0x0000000089900000, 0x0000000089a00000|  0%| F|  |TAMS 0x0000000089900000, 0x0000000089900000| Untracked 
| 154|0x0000000089a00000, 0x0000000089a00000, 0x0000000089b00000|  0%| F|  |TAMS 0x0000000089a00000, 0x0000000089a00000| Untracked 
| 155|0x0000000089b00000, 0x0000000089b00000, 0x0000000089c00000|  0%| F|  |TAMS 0x0000000089b00000, 0x0000000089b00000| Untracked 
| 156|0x0000000089c00000, 0x0000000089c00000, 0x0000000089d00000|  0%| F|  |TAMS 0x0000000089c00000, 0x0000000089c00000| Untracked 
| 157|0x0000000089d00000, 0x0000000089d00000, 0x0000000089e00000|  0%| F|  |TAMS 0x0000000089d00000, 0x0000000089d00000| Untracked 
| 158|0x0000000089e00000, 0x0000000089e00000, 0x0000000089f00000|  0%| F|  |TAMS 0x0000000089e00000, 0x0000000089e00000| Untracked 
| 159|0x0000000089f00000, 0x0000000089f00000, 0x000000008a000000|  0%| F|  |TAMS 0x0000000089f00000, 0x0000000089f00000| Untracked 
| 160|0x000000008a000000, 0x000000008a000000, 0x000000008a100000|  0%| F|  |TAMS 0x000000008a000000, 0x000000008a000000| Untracked 
| 161|0x000000008a100000, 0x000000008a100000, 0x000000008a200000|  0%| F|  |TAMS 0x000000008a100000, 0x000000008a100000| Untracked 
| 162|0x000000008a200000, 0x000000008a200000, 0x000000008a300000|  0%| F|  |TAMS 0x000000008a200000, 0x000000008a200000| Untracked 
| 163|0x000000008a300000, 0x000000008a300000, 0x000000008a400000|  0%| F|  |TAMS 0x000000008a300000, 0x000000008a300000| Untracked 
| 164|0x000000008a400000, 0x000000008a400000, 0x000000008a500000|  0%| F|  |TAMS 0x000000008a400000, 0x000000008a400000| Untracked 
| 165|0x000000008a500000, 0x000000008a500000, 0x000000008a600000|  0%| F|  |TAMS 0x000000008a500000, 0x000000008a500000| Untracked 
| 166|0x000000008a600000, 0x000000008a600000, 0x000000008a700000|  0%| F|  |TAMS 0x000000008a600000, 0x000000008a600000| Untracked 
| 167|0x000000008a700000, 0x000000008a700000, 0x000000008a800000|  0%| F|  |TAMS 0x000000008a700000, 0x000000008a700000| Untracked 
| 168|0x000000008a800000, 0x000000008a800000, 0x000000008a900000|  0%| F|  |TAMS 0x000000008a800000, 0x000000008a800000| Untracked 
| 169|0x000000008a900000, 0x000000008a900000, 0x000000008aa00000|  0%| F|  |TAMS 0x000000008a900000, 0x000000008a900000| Untracked 
| 170|0x000000008aa00000, 0x000000008aa00000, 0x000000008ab00000|  0%| F|  |TAMS 0x000000008aa00000, 0x000000008aa00000| Untracked 
| 171|0x000000008ab00000, 0x000000008ab00000, 0x000000008ac00000|  0%| F|  |TAMS 0x000000008ab00000, 0x000000008ab00000| Untracked 
| 172|0x000000008ac00000, 0x000000008ac00000, 0x000000008ad00000|  0%| F|  |TAMS 0x000000008ac00000, 0x000000008ac00000| Untracked 
| 173|0x000000008ad00000, 0x000000008ad00000, 0x000000008ae00000|  0%| F|  |TAMS 0x000000008ad00000, 0x000000008ad00000| Untracked 
| 174|0x000000008ae00000, 0x000000008ae00000, 0x000000008af00000|  0%| F|  |TAMS 0x000000008ae00000, 0x000000008ae00000| Untracked 
| 175|0x000000008af00000, 0x000000008af00000, 0x000000008b000000|  0%| F|  |TAMS 0x000000008af00000, 0x000000008af00000| Untracked 
| 176|0x000000008b000000, 0x000000008b000000, 0x000000008b100000|  0%| F|  |TAMS 0x000000008b000000, 0x000000008b000000| Untracked 
| 177|0x000000008b100000, 0x000000008b100000, 0x000000008b200000|  0%| F|  |TAMS 0x000000008b100000, 0x000000008b100000| Untracked 
| 178|0x000000008b200000, 0x000000008b200000, 0x000000008b300000|  0%| F|  |TAMS 0x000000008b200000, 0x000000008b200000| Untracked 
| 179|0x000000008b300000, 0x000000008b300000, 0x000000008b400000|  0%| F|  |TAMS 0x000000008b300000, 0x000000008b300000| Untracked 
| 180|0x000000008b400000, 0x000000008b400000, 0x000000008b500000|  0%| F|  |TAMS 0x000000008b400000, 0x000000008b400000| Untracked 
| 181|0x000000008b500000, 0x000000008b500000, 0x000000008b600000|  0%| F|  |TAMS 0x000000008b500000, 0x000000008b500000| Untracked 
| 182|0x000000008b600000, 0x000000008b600000, 0x000000008b700000|  0%| F|  |TAMS 0x000000008b600000, 0x000000008b600000| Untracked 
| 183|0x000000008b700000, 0x000000008b700000, 0x000000008b800000|  0%| F|  |TAMS 0x000000008b700000, 0x000000008b700000| Untracked 
| 184|0x000000008b800000, 0x000000008b800000, 0x000000008b900000|  0%| F|  |TAMS 0x000000008b800000, 0x000000008b800000| Untracked 
| 185|0x000000008b900000, 0x000000008b900000, 0x000000008ba00000|  0%| F|  |TAMS 0x000000008b900000, 0x000000008b900000| Untracked 
| 186|0x000000008ba00000, 0x000000008ba00000, 0x000000008bb00000|  0%| F|  |TAMS 0x000000008ba00000, 0x000000008ba00000| Untracked 
| 187|0x000000008bb00000, 0x000000008bb00000, 0x000000008bc00000|  0%| F|  |TAMS 0x000000008bb00000, 0x000000008bb00000| Untracked 
| 188|0x000000008bc00000, 0x000000008bd00000, 0x000000008bd00000|100%| E|  |TAMS 0x000000008bc00000, 0x000000008bc00000| Complete 
| 189|0x000000008bd00000, 0x000000008be00000, 0x000000008be00000|100%| E|CS|TAMS 0x000000008bd00000, 0x000000008bd00000| Complete 
| 190|0x000000008be00000, 0x000000008bf00000, 0x000000008bf00000|100%| E|CS|TAMS 0x000000008be00000, 0x000000008be00000| Complete 
| 191|0x000000008bf00000, 0x000000008c000000, 0x000000008c000000|100%| E|CS|TAMS 0x000000008bf00000, 0x000000008bf00000| Complete 
| 192|0x000000008c000000, 0x000000008c100000, 0x000000008c100000|100%| E|CS|TAMS 0x000000008c000000, 0x000000008c000000| Complete 
| 193|0x000000008c100000, 0x000000008c200000, 0x000000008c200000|100%| E|  |TAMS 0x000000008c100000, 0x000000008c100000| Complete 
| 194|0x000000008c200000, 0x000000008c300000, 0x000000008c300000|100%| E|CS|TAMS 0x000000008c200000, 0x000000008c200000| Complete 

Card table byte_map: [0x0000020f43670000,0x0000020f43a70000] _byte_map_base: 0x0000020f43270000

Marking Bits (Prev, Next): (CMBitMap*) 0x0000020f3018db38, (CMBitMap*) 0x0000020f3018db70
 Prev Bits: [0x0000020f43e70000, 0x0000020f45e70000)
 Next Bits: [0x0000020f45e70000, 0x0000020f47e70000)

Polling page: 0x0000020f2e720000

Metaspace:

Usage:
  Non-class:    100.24 MB capacity,    98.25 MB ( 98%) used,     1.61 MB (  2%) free+waste,   389.88 KB ( <1%) overhead. 
      Class:     15.82 MB capacity,    14.62 MB ( 92%) used,     1.03 MB (  7%) free+waste,   179.44 KB (  1%) overhead. 
       Both:    116.06 MB capacity,   112.87 MB ( 97%) used,     2.64 MB (  2%) free+waste,   569.31 KB ( <1%) overhead. 

Virtual space:
  Non-class space:      102.00 MB reserved,     100.25 MB ( 98%) committed 
      Class space:        1.00 GB reserved,      15.82 MB (  2%) committed 
             Both:        1.10 GB reserved,     116.07 MB ( 10%) committed 

Chunk freelists:
   Non-Class:  10.00 KB
       Class:  0 bytes
        Both:  10.00 KB

MaxMetaspaceSize: 17179869184.00 GB
CompressedClassSpaceSize: 1.00 GB

CodeHeap 'non-profiled nmethods': size=120064Kb used=7566Kb max_used=7566Kb free=112497Kb
 bounds [0x0000020f3b710000, 0x0000020f3be80000, 0x0000020f42c50000]
CodeHeap 'profiled nmethods': size=120000Kb used=29786Kb max_used=29786Kb free=90213Kb
 bounds [0x0000020f341e0000, 0x0000020f35f00000, 0x0000020f3b710000]
CodeHeap 'non-nmethods': size=5696Kb used=2336Kb max_used=2379Kb free=3359Kb
 bounds [0x0000020f33c50000, 0x0000020f33ec0000, 0x0000020f341e0000]
 total_blobs=15175 nmethods=14220 adapters=866
 compilation: enabled
              stopped_count=0, restarted_count=0
 full_count=0

Compilation events (20 events):
Event: 199.692 Thread 0x0000020f4a492000 14395       2       org.gradle.api.internal.tasks.properties.OutputFilesCollector::visitUnpackedOutputFileProperty (13 bytes)
Event: 199.692 Thread 0x0000020f4a492000 nmethod 14395 0x0000020f35ee7090 code [0x0000020f35ee7240, 0x0000020f35ee7368]
Event: 199.697 Thread 0x0000020f4a492000 14396       1       org.gradle.api.internal.artifacts.transform.NoMatchConsumerVariantMatchResult::hasMatches (2 bytes)
Event: 199.697 Thread 0x0000020f4a492000 nmethod 14396 0x0000020f3be72210 code [0x0000020f3be723c0, 0x0000020f3be72478]
Event: 199.708 Thread 0x0000020f4a492000 14397       2       org.gradle.api.internal.file.collections.ProviderBackedFileCollection::visitChildren (33 bytes)
Event: 199.708 Thread 0x0000020f4a492000 nmethod 14397 0x0000020f35ee7410 code [0x0000020f35ee75e0, 0x0000020f35ee77c8]
Event: 199.709 Thread 0x0000020f4a492000 14398       1       org.gradle.internal.build.event.types.AbstractTaskResult::isIncremental (5 bytes)
Event: 199.709 Thread 0x0000020f4a492000 nmethod 14398 0x0000020f3be72510 code [0x0000020f3be726c0, 0x0000020f3be72778]
Event: 199.709 Thread 0x0000020f4a492000 14399       1       org.gradle.internal.build.event.types.DefaultTaskSuccessResult::isUpToDate (5 bytes)
Event: 199.709 Thread 0x0000020f4a492000 nmethod 14399 0x0000020f3be72810 code [0x0000020f3be729c0, 0x0000020f3be72a78]
Event: 199.709 Thread 0x0000020f4a492000 14400       2       java.util.ArrayDeque::push (6 bytes)
Event: 199.709 Thread 0x0000020f4a492000 nmethod 14400 0x0000020f35ee7910 code [0x0000020f35ee7ac0, 0x0000020f35ee7be8]
Event: 199.712 Thread 0x0000020f4a492000 14401       1       org.gradle.internal.build.event.types.DefaultTaskSuccessResult::isFromCache (5 bytes)
Event: 199.712 Thread 0x0000020f4a492000 nmethod 14401 0x0000020f3be72b10 code [0x0000020f3be72cc0, 0x0000020f3be72d78]
Event: 199.712 Thread 0x0000020f4a492000 14402       1       org.gradle.internal.build.event.types.AbstractTaskResult::getExecutionReasons (5 bytes)
Event: 199.712 Thread 0x0000020f4a492000 nmethod 14402 0x0000020f3be72e10 code [0x0000020f3be72fc0, 0x0000020f3be73078]
Event: 199.762 Thread 0x0000020f4a492000 14404       1       org.gradle.api.internal.tasks.execution.ExecuteActionsTaskExecuter$TaskExecution::getInputFingerprinter (5 bytes)
Event: 199.762 Thread 0x0000020f4a492000 nmethod 14404 0x0000020f3be73110 code [0x0000020f3be732c0, 0x0000020f3be73378]
Event: 199.789 Thread 0x0000020f4a492000 14405       1       org.gradle.api.internal.changedetection.TaskExecutionMode::isTaskHistoryMaintained (5 bytes)
Event: 199.789 Thread 0x0000020f4a492000 nmethod 14405 0x0000020f3be73410 code [0x0000020f3be735c0, 0x0000020f3be73678]

GC Heap History (20 events):
Event: 18.574 GC heap before
{Heap before GC invocations=24 (full 0):
 garbage-first heap   total 138240K, used 109912K [0x0000000080000000, 0x0000000100000000)
  region size 1024K, 56 young (57344K), 7 survivors (7168K)
 Metaspace       used 82083K, capacity 84068K, committed 84300K, reserved 1122304K
  class space    used 10618K, capacity 11338K, committed 11340K, reserved 1048576K
}
Event: 18.602 GC heap after
{Heap after GC invocations=25 (full 0):
 garbage-first heap   total 165888K, used 65536K [0x0000000080000000, 0x0000000100000000)
  region size 1024K, 7 young (7168K), 7 survivors (7168K)
 Metaspace       used 82083K, capacity 84068K, committed 84300K, reserved 1122304K
  class space    used 10618K, capacity 11338K, committed 11340K, reserved 1048576K
}
Event: 20.549 GC heap before
{Heap before GC invocations=25 (full 0):
 garbage-first heap   total 165888K, used 126976K [0x0000000080000000, 0x0000000100000000)
  region size 1024K, 68 young (69632K), 7 survivors (7168K)
 Metaspace       used 83546K, capacity 85630K, committed 85836K, reserved 1124352K
  class space    used 10796K, capacity 11545K, committed 11596K, reserved 1048576K
}
Event: 20.577 GC heap after
{Heap after GC invocations=26 (full 0):
 garbage-first heap   total 165888K, used 70845K [0x0000000080000000, 0x0000000100000000)
  region size 1024K, 5 young (5120K), 5 survivors (5120K)
 Metaspace       used 83546K, capacity 85630K, committed 85836K, reserved 1124352K
  class space    used 10796K, capacity 11545K, committed 11596K, reserved 1048576K
}
Event: 22.492 GC heap before
{Heap before GC invocations=26 (full 0):
 garbage-first heap   total 165888K, used 130237K [0x0000000080000000, 0x0000000100000000)
  region size 1024K, 64 young (65536K), 5 survivors (5120K)
 Metaspace       used 84324K, capacity 86476K, committed 86732K, reserved 1124352K
  class space    used 10841K, capacity 11666K, committed 11724K, reserved 1048576K
}
Event: 22.518 GC heap after
{Heap after GC invocations=27 (full 0):
 garbage-first heap   total 165888K, used 75417K [0x0000000080000000, 0x0000000100000000)
  region size 1024K, 5 young (5120K), 5 survivors (5120K)
 Metaspace       used 84324K, capacity 86476K, committed 86732K, reserved 1124352K
  class space    used 10841K, capacity 11666K, committed 11724K, reserved 1048576K
}
Event: 24.128 GC heap before
{Heap before GC invocations=27 (full 0):
 garbage-first heap   total 165888K, used 131737K [0x0000000080000000, 0x0000000100000000)
  region size 1024K, 61 young (62464K), 5 survivors (5120K)
 Metaspace       used 90053K, capacity 92311K, committed 92620K, reserved 1128448K
  class space    used 11832K, capacity 12642K, committed 12748K, reserved 1048576K
}
Event: 24.155 GC heap after
{Heap after GC invocations=28 (full 0):
 garbage-first heap   total 165888K, used 82483K [0x0000000080000000, 0x0000000100000000)
  region size 1024K, 7 young (7168K), 7 survivors (7168K)
 Metaspace       used 90053K, capacity 92311K, committed 92620K, reserved 1128448K
  class space    used 11832K, capacity 12642K, committed 12748K, reserved 1048576K
}
Event: 24.854 GC heap before
{Heap before GC invocations=28 (full 0):
 garbage-first heap   total 165888K, used 100915K [0x0000000080000000, 0x0000000100000000)
  region size 1024K, 27 young (27648K), 7 survivors (7168K)
 Metaspace       used 93169K, capacity 95649K, committed 95948K, reserved 1132544K
  class space    used 12278K, capacity 13213K, committed 13260K, reserved 1048576K
}
Event: 24.891 GC heap after
{Heap after GC invocations=29 (full 0):
 garbage-first heap   total 199680K, used 84894K [0x0000000080000000, 0x0000000100000000)
  region size 1024K, 4 young (4096K), 4 survivors (4096K)
 Metaspace       used 93169K, capacity 95649K, committed 95948K, reserved 1132544K
  class space    used 12278K, capacity 13213K, committed 13260K, reserved 1048576K
}
Event: 26.235 GC heap before
{Heap before GC invocations=30 (full 0):
 garbage-first heap   total 199680K, used 143262K [0x0000000080000000, 0x0000000100000000)
  region size 1024K, 61 young (62464K), 4 survivors (4096K)
 Metaspace       used 96987K, capacity 99443K, committed 99788K, reserved 1134592K
  class space    used 12760K, capacity 13685K, committed 13772K, reserved 1048576K
}
Event: 26.258 GC heap after
{Heap after GC invocations=31 (full 0):
 garbage-first heap   total 199680K, used 84676K [0x0000000080000000, 0x0000000100000000)
  region size 1024K, 4 young (4096K), 4 survivors (4096K)
 Metaspace       used 96987K, capacity 99443K, committed 99788K, reserved 1134592K
  class space    used 12760K, capacity 13685K, committed 13772K, reserved 1048576K
}
Event: 26.835 GC heap before
{Heap before GC invocations=31 (full 0):
 garbage-first heap   total 199680K, used 109252K [0x0000000080000000, 0x0000000100000000)
  region size 1024K, 25 young (25600K), 4 survivors (4096K)
 Metaspace       used 98341K, capacity 100848K, committed 101068K, reserved 1136640K
  class space    used 12938K, capacity 13923K, committed 14028K, reserved 1048576K
}
Event: 26.847 GC heap after
{Heap after GC invocations=32 (full 0):
 garbage-first heap   total 199680K, used 90630K [0x0000000080000000, 0x0000000100000000)
  region size 1024K, 5 young (5120K), 5 survivors (5120K)
 Metaspace       used 98341K, capacity 100848K, committed 101068K, reserved 1136640K
  class space    used 12938K, capacity 13923K, committed 14028K, reserved 1048576K
}
Event: 195.611 GC heap before
{Heap before GC invocations=33 (full 0):
 garbage-first heap   total 199680K, used 158214K [0x0000000080000000, 0x0000000100000000)
  region size 1024K, 61 young (62464K), 5 survivors (5120K)
 Metaspace       used 103018K, capacity 105630K, committed 105804K, reserved 1140736K
  class space    used 13320K, capacity 14292K, committed 14412K, reserved 1048576K
}
Event: 195.632 GC heap after
{Heap after GC invocations=34 (full 0):
 garbage-first heap   total 199680K, used 88654K [0x0000000080000000, 0x0000000100000000)
  region size 1024K, 8 young (8192K), 8 survivors (8192K)
 Metaspace       used 103018K, capacity 105630K, committed 105804K, reserved 1140736K
  class space    used 13320K, capacity 14292K, committed 14412K, reserved 1048576K
}
Event: 197.237 GC heap before
{Heap before GC invocations=34 (full 0):
 garbage-first heap   total 199680K, used 149070K [0x0000000080000000, 0x0000000100000000)
  region size 1024K, 68 young (69632K), 8 survivors (8192K)
 Metaspace       used 109271K, capacity 112046K, committed 112332K, reserved 1146880K
  class space    used 14138K, capacity 15183K, committed 15308K, reserved 1048576K
}
Event: 197.279 GC heap after
{Heap after GC invocations=35 (full 0):
 garbage-first heap   total 199680K, used 94121K [0x0000000080000000, 0x0000000100000000)
  region size 1024K, 9 young (9216K), 9 survivors (9216K)
 Metaspace       used 109271K, capacity 112046K, committed 112332K, reserved 1146880K
  class space    used 14138K, capacity 15183K, committed 15308K, reserved 1048576K
}
Event: 199.504 GC heap before
{Heap before GC invocations=35 (full 0):
 garbage-first heap   total 199680K, used 156585K [0x0000000080000000, 0x0000000100000000)
  region size 1024K, 68 young (69632K), 9 survivors (9216K)
 Metaspace       used 114903K, capacity 118043K, committed 118348K, reserved 1150976K
  class space    used 14883K, capacity 16108K, committed 16204K, reserved 1048576K
}
Event: 199.530 GC heap after
{Heap after GC invocations=36 (full 0):
 garbage-first heap   total 199680K, used 97755K [0x0000000080000000, 0x0000000100000000)
  region size 1024K, 3 young (3072K), 3 survivors (3072K)
 Metaspace       used 114903K, capacity 118043K, committed 118348K, reserved 1150976K
  class space    used 14883K, capacity 16108K, committed 16204K, reserved 1048576K
}

Deoptimization events (20 events):
Event: 199.180 Thread 0x0000020f52342800 Uncommon trap: trap_request=0xffffffc6 fr.pc=0x0000020f3bcd3110 relative=0x0000000000001530
Event: 199.180 Thread 0x0000020f52342800 Uncommon trap: reason=bimorphic_or_optimized_type_check action=maybe_recompile pc=0x0000020f3bcd3110 method=com.android.tools.r8.internal.GY0.next()Ljava/lang/Object; @ 18 c2
Event: 199.180 Thread 0x0000020f52342800 DEOPT PACKING pc=0x0000020f3bcd3110 sp=0x000000d3634fcbb0
Event: 199.180 Thread 0x0000020f52342800 DEOPT UNPACKING pc=0x0000020f33c765af sp=0x000000d3634fcba0 mode 2
Event: 199.291 Thread 0x0000020f52341000 Uncommon trap: trap_request=0xffffff4d fr.pc=0x0000020f3ba2cbc0 relative=0x0000000000001160
Event: 199.291 Thread 0x0000020f52341000 Uncommon trap: reason=unstable_if action=reinterpret pc=0x0000020f3ba2cbc0 method=java.util.WeakHashMap.remove(Ljava/lang/Object;)Ljava/lang/Object; @ 94 c2
Event: 199.291 Thread 0x0000020f52341000 DEOPT PACKING pc=0x0000020f3ba2cbc0 sp=0x000000d3632f7d30
Event: 199.291 Thread 0x0000020f52341000 DEOPT UNPACKING pc=0x0000020f33c765af sp=0x000000d3632f7c08 mode 2
Event: 199.358 Thread 0x0000020f52341000 Uncommon trap: trap_request=0xffffff4d fr.pc=0x0000020f3bcd110c relative=0x000000000000014c
Event: 199.358 Thread 0x0000020f52342800 Uncommon trap: trap_request=0xffffff4d fr.pc=0x0000020f3bcd110c relative=0x000000000000014c
Event: 199.358 Thread 0x0000020f52341000 Uncommon trap: reason=unstable_if action=reinterpret pc=0x0000020f3bcd110c method=java.util.IdentityHashMap.maskNull(Ljava/lang/Object;)Ljava/lang/Object; @ 1 c2
Event: 199.358 Thread 0x0000020f52342800 Uncommon trap: reason=unstable_if action=reinterpret pc=0x0000020f3bcd110c method=java.util.IdentityHashMap.maskNull(Ljava/lang/Object;)Ljava/lang/Object; @ 1 c2
Event: 199.358 Thread 0x0000020f52341000 DEOPT PACKING pc=0x0000020f3bcd110c sp=0x000000d3632fc170
Event: 199.358 Thread 0x0000020f52342800 DEOPT PACKING pc=0x0000020f3bcd110c sp=0x000000d3634fc4a0
Event: 199.358 Thread 0x0000020f52341000 DEOPT UNPACKING pc=0x0000020f33c765af sp=0x000000d3632fc098 mode 2
Event: 199.358 Thread 0x0000020f52342800 DEOPT UNPACKING pc=0x0000020f33c765af sp=0x000000d3634fc3c8 mode 2
Event: 199.655 Thread 0x0000020f55769800 Uncommon trap: trap_request=0xffffff4d fr.pc=0x0000020f3bd757c8 relative=0x00000000000006e8
Event: 199.655 Thread 0x0000020f55769800 Uncommon trap: reason=unstable_if action=reinterpret pc=0x0000020f3bd757c8 method=java.util.concurrent.ArrayBlockingQueue.enqueue(Ljava/lang/Object;)V @ 25 c2
Event: 199.655 Thread 0x0000020f55769800 DEOPT PACKING pc=0x0000020f3bd757c8 sp=0x000000d35e7f77e0
Event: 199.655 Thread 0x0000020f55769800 DEOPT UNPACKING pc=0x0000020f33c765af sp=0x000000d35e7f77c0 mode 2

Classes redefined (0 events):
No events

Internal exceptions (20 events):
Event: 198.844 Thread 0x0000020f5576a800 Exception <a 'java/lang/NoSuchMethodError'{0x0000000089b02b30}: <clinit>> (0x0000000089b02b30) thrown at [./src/hotspot/share/prims/jni.cpp, line 1362]
Event: 199.083 Thread 0x0000020f55769800 Exception <a 'java/lang/NoSuchMethodError'{0x00000000894ef000}: <clinit>> (0x00000000894ef000) thrown at [./src/hotspot/share/prims/jni.cpp, line 1362]
Event: 199.128 Thread 0x0000020f52342800 Exception <a 'sun/nio/fs/WindowsException'{0x0000000089162098}> (0x0000000089162098) thrown at [./src/hotspot/share/prims/jni.cpp, line 615]
Event: 199.128 Thread 0x0000020f52341000 Exception <a 'sun/nio/fs/WindowsException'{0x000000008916d048}> (0x000000008916d048) thrown at [./src/hotspot/share/prims/jni.cpp, line 615]
Event: 199.177 Thread 0x0000020f52341000 Exception <a 'java/lang/NoSuchMethodError'{0x00000000890a12d8}: 'java.lang.Object java.lang.invoke.DirectMethodHandle$Holder.invokeStatic(java.lang.Object, long)'> (0x00000000890a12d8) thrown at [./src/hotspot/share/interpreter/linkResolver.cpp, line 773]
Event: 199.177 Thread 0x0000020f52342800 Exception <a 'java/lang/NoSuchMethodError'{0x00000000890af2b0}: 'java.lang.Object java.lang.invoke.DirectMethodHandle$Holder.invokeStatic(java.lang.Object, long)'> (0x00000000890af2b0) thrown at [./src/hotspot/share/interpreter/linkResolver.cpp, line 773]
Event: 199.179 Thread 0x0000020f52341000 Exception <a 'java/lang/NoSuchMethodError'{0x00000000890b5ec8}: 'java.lang.Object java.lang.invoke.Invokers$Holder.linkToTargetMethod(long, java.lang.Object)'> (0x00000000890b5ec8) thrown at [./src/hotspot/share/interpreter/linkResolver.cpp, line 773]
Event: 199.179 Thread 0x0000020f52342800 Exception <a 'java/lang/NoSuchMethodError'{0x00000000890bbfa8}: 'java.lang.Object java.lang.invoke.Invokers$Holder.linkToTargetMethod(long, java.lang.Object)'> (0x00000000890bbfa8) thrown at [./src/hotspot/share/interpreter/linkResolver.cpp, line 773]
Event: 199.230 Thread 0x0000020f52342800 Exception <a 'java/lang/NoSuchMethodError'{0x0000000088fe14a0}: 'java.lang.Object java.lang.invoke.DirectMethodHandle$Holder.invokeStatic(java.lang.Object, int, java.lang.Object, java.lang.Object)'> (0x0000000088fe14a0) thrown at [./src/hotspot/share/interpreter/linkResolver.cpp, line 773]
Event: 199.230 Thread 0x0000020f52341000 Exception <a 'java/lang/NoSuchMethodError'{0x0000000088ff7e98}: 'java.lang.Object java.lang.invoke.DirectMethodHandle$Holder.invokeStatic(java.lang.Object, int, java.lang.Object, java.lang.Object)'> (0x0000000088ff7e98) thrown at [./src/hotspot/share/interpreter/linkResolver.cpp, line 773]
Event: 199.358 Thread 0x0000020f52341000 Implicit null exception at 0x0000020f3bcd0ff2 to 0x0000020f3bcd10f8
Event: 199.358 Thread 0x0000020f52342800 Implicit null exception at 0x0000020f3bcd0ff2 to 0x0000020f3bcd10f8
Event: 199.401 Thread 0x0000020f52341000 Exception <a 'java/lang/NoSuchMethodError'{0x0000000088a8e678}: 'java.lang.Object java.lang.invoke.DirectMethodHandle$Holder.invokeVirtual(java.lang.Object, java.lang.Object, int, java.lang.Object)'> (0x0000000088a8e678) thrown at [./src/hotspot/share/interpreter/linkResolver.cpp, line 773]
Event: 199.401 Thread 0x0000020f52342800 Exception <a 'java/lang/NoSuchMethodError'{0x0000000088a5ab70}: 'java.lang.Object java.lang.invoke.DirectMethodHandle$Holder.invokeVirtual(java.lang.Object, java.lang.Object, int, java.lang.Object)'> (0x0000000088a5ab70) thrown at [./src/hotspot/share/interpreter/linkResolver.cpp, line 773]
Event: 199.444 Thread 0x0000020f52342800 Exception <a 'java/lang/NoSuchMethodError'{0x0000000088969d98}: 'void java.lang.invoke.DirectMethodHandle$Holder.invokeVirtual(java.lang.Object, java.lang.Object, int, java.lang.Object)'> (0x0000000088969d98) thrown at [./src/hotspot/share/interpreter/linkResolver.cpp, line 773]
Event: 199.444 Thread 0x0000020f52341000 Exception <a 'java/lang/NoSuchMethodError'{0x000000008896cd08}: 'void java.lang.invoke.DirectMethodHandle$Holder.invokeVirtual(java.lang.Object, java.lang.Object, int, java.lang.Object)'> (0x000000008896cd08) thrown at [./src/hotspot/share/interpreter/linkResolver.cpp, line 773]
Event: 199.585 Thread 0x0000020f52341000 Exception <a 'sun/nio/fs/WindowsException'{0x000000008c1b5ee8}> (0x000000008c1b5ee8) thrown at [./src/hotspot/share/prims/jni.cpp, line 615]
Event: 199.647 Thread 0x0000020f52342800 Exception <a 'sun/nio/fs/WindowsException'{0x000000008bf55f28}> (0x000000008bf55f28) thrown at [./src/hotspot/share/prims/jni.cpp, line 615]
Event: 199.650 Thread 0x0000020f52342800 Exception <a 'sun/nio/fs/WindowsException'{0x000000008bfdfc28}> (0x000000008bfdfc28) thrown at [./src/hotspot/share/prims/jni.cpp, line 615]
Event: 199.683 Thread 0x0000020f55769800 Exception <a 'java/lang/NoSuchMethodError'{0x000000008be8b908}: <clinit>> (0x000000008be8b908) thrown at [./src/hotspot/share/prims/jni.cpp, line 1362]

Events (20 events):
Event: 199.673 loading class com/android/builder/files/SerializableFileChanges$Companion
Event: 199.673 loading class com/android/builder/files/SerializableFileChanges$Companion done
Event: 199.674 loading class com/android/builder/files/SerializableFileChanges$fileStatusMap$2
Event: 199.674 loading class com/android/builder/files/SerializableFileChanges$fileStatusMap$2 done
Event: 199.675 loading class com/android/builder/files/SerializableFileChanges$removedFiles$2
Event: 199.675 loading class com/android/builder/files/SerializableFileChanges$removedFiles$2 done
Event: 199.676 loading class com/android/builder/files/SerializableFileChanges$modifiedFiles$2
Event: 199.676 loading class com/android/builder/files/SerializableFileChanges$modifiedFiles$2 done
Event: 199.676 loading class com/android/builder/files/SerializableFileChanges$addedFiles$2
Event: 199.676 loading class com/android/builder/files/SerializableFileChanges$addedFiles$2 done
Event: 199.685 loading class kotlin/InitializedLazyImpl
Event: 199.685 loading class kotlin/InitializedLazyImpl done
Event: 199.687 Executing VM operation: RevokeBias
Event: 199.687 Executing VM operation: RevokeBias done
Event: 199.782 Executing VM operation: RevokeBias
Event: 199.782 Executing VM operation: RevokeBias done
Event: 199.782 Executing VM operation: RevokeBias
Event: 199.783 Executing VM operation: RevokeBias done
Event: 199.783 Executing VM operation: RevokeBias
Event: 199.783 Executing VM operation: RevokeBias done


Dynamic libraries:
0x00007ff74eb30000 - 0x00007ff74eb3a000 	C:\Program Files\Android\Android Studio\jre\bin\java.exe
0x00007ffce3930000 - 0x00007ffce3b25000 	C:\Windows\SYSTEM32\ntdll.dll
0x00007ffce1aa0000 - 0x00007ffce1b5e000 	C:\Windows\System32\KERNEL32.DLL
0x00007ffce12e0000 - 0x00007ffce15a8000 	C:\Windows\System32\KERNELBASE.dll
0x00007ffce17c0000 - 0x00007ffce18c0000 	C:\Windows\System32\ucrtbase.dll
0x00007ffcd5a20000 - 0x00007ffcd5a39000 	C:\Program Files\Android\Android Studio\jre\bin\jli.dll
0x00007ffcd9ec0000 - 0x00007ffcd9ed7000 	C:\Program Files\Android\Android Studio\jre\bin\VCRUNTIME140.dll
0x00007ffce3280000 - 0x00007ffce3421000 	C:\Windows\System32\USER32.dll
0x00007ffce11a0000 - 0x00007ffce11c2000 	C:\Windows\System32\win32u.dll
0x00007ffcd2d20000 - 0x00007ffcd2fba000 	C:\Windows\WinSxS\amd64_microsoft.windows.common-controls_6595b64144ccf1df_6.0.19041.1110_none_60b5254171f9507e\COMCTL32.dll
0x00007ffce1dc0000 - 0x00007ffce1deb000 	C:\Windows\System32\GDI32.dll
0x00007ffce1a00000 - 0x00007ffce1a9e000 	C:\Windows\System32\msvcrt.dll
0x00007ffce11d0000 - 0x00007ffce12dd000 	C:\Windows\System32\gdi32full.dll
0x00007ffce16d0000 - 0x00007ffce176d000 	C:\Windows\System32\msvcp_win.dll
0x00007ffce3560000 - 0x00007ffce3590000 	C:\Windows\System32\IMM32.DLL
0x00007ffcb9220000 - 0x00007ffcb92bd000 	C:\Program Files\Android\Android Studio\jre\bin\msvcp140.dll
0x00007ffcb4af0000 - 0x00007ffcb55c5000 	C:\Program Files\Android\Android Studio\jre\bin\server\jvm.dll
0x00007ffce1b60000 - 0x00007ffce1c0c000 	C:\Windows\System32\ADVAPI32.dll
0x00007ffce1e50000 - 0x00007ffce1eeb000 	C:\Windows\System32\sechost.dll
0x00007ffce2f90000 - 0x00007ffce30ba000 	C:\Windows\System32\RPCRT4.dll
0x00007ffce1ef0000 - 0x00007ffce1ef8000 	C:\Windows\System32\PSAPI.DLL
0x00007ffcdc730000 - 0x00007ffcdc739000 	C:\Windows\SYSTEM32\WSOCK32.dll
0x00007ffccfde0000 - 0x00007ffccfe07000 	C:\Windows\SYSTEM32\WINMM.dll
0x00007ffce30c0000 - 0x00007ffce312b000 	C:\Windows\System32\WS2_32.dll
0x00007ffcd14a0000 - 0x00007ffcd14aa000 	C:\Windows\SYSTEM32\VERSION.dll
0x00007ffcdf0e0000 - 0x00007ffcdf0f2000 	C:\Windows\SYSTEM32\kernel.appcore.dll
0x00007ffcd9fc0000 - 0x00007ffcd9fd1000 	C:\Program Files\Android\Android Studio\jre\bin\verify.dll
0x00007ffccf060000 - 0x00007ffccf244000 	C:\Windows\SYSTEM32\DBGHELP.DLL
0x00007ffccef60000 - 0x00007ffccef8c000 	C:\Windows\SYSTEM32\dbgcore.DLL
0x00007ffce15b0000 - 0x00007ffce1632000 	C:\Windows\System32\bcryptPrimitives.dll
0x00007ffcd9f90000 - 0x00007ffcd9fb9000 	C:\Program Files\Android\Android Studio\jre\bin\java.dll
0x00007ffcdc720000 - 0x00007ffcdc72b000 	C:\Program Files\Android\Android Studio\jre\bin\jimage.dll
0x00007ffcd9e70000 - 0x00007ffcd9e88000 	C:\Program Files\Android\Android Studio\jre\bin\zip.dll
0x00007ffce2840000 - 0x00007ffce2f84000 	C:\Windows\System32\SHELL32.dll
0x00007ffcdf2e0000 - 0x00007ffcdfa74000 	C:\Windows\SYSTEM32\windows.storage.dll
0x00007ffce3590000 - 0x00007ffce38e5000 	C:\Windows\System32\combase.dll
0x00007ffce09c0000 - 0x00007ffce09ee000 	C:\Windows\SYSTEM32\Wldp.dll
0x00007ffce34b0000 - 0x00007ffce355d000 	C:\Windows\System32\SHCORE.dll
0x00007ffce1df0000 - 0x00007ffce1e45000 	C:\Windows\System32\shlwapi.dll
0x00007ffce0f80000 - 0x00007ffce0f9f000 	C:\Windows\SYSTEM32\profapi.dll
0x00007ffcd4b10000 - 0x00007ffcd4b2a000 	C:\Program Files\Android\Android Studio\jre\bin\net.dll
0x00007ffcd7530000 - 0x00007ffcd763c000 	C:\Windows\SYSTEM32\WINHTTP.dll
0x00007ffce0720000 - 0x00007ffce078a000 	C:\Windows\system32\mswsock.dll
0x00007ffcd4a50000 - 0x00007ffcd4a64000 	C:\Program Files\Android\Android Studio\jre\bin\nio.dll
0x00007ffcc7240000 - 0x00007ffcc7267000 	C:\Users\Admin\.gradle\native\e1d6ef7f7dcc3fd88c89a11ec53ec762bb8ba0a96d01ffa2cd45eb1d1d8dd5c5\windows-amd64\native-platform.dll
0x00007ffcb6c90000 - 0x00007ffcb6dd4000 	C:\Users\Admin\.gradle\native\5664cfc778a61ccfe75a443a1ab52a65af34e5dc3c78e0209fed803814484fcb\windows-amd64\native-platform-file-events.dll
0x00007ffcdc4f0000 - 0x00007ffcdc4fa000 	C:\Program Files\Android\Android Studio\jre\bin\management.dll
0x00007ffcd9f80000 - 0x00007ffcd9f8d000 	C:\Program Files\Android\Android Studio\jre\bin\management_ext.dll
0x00007ffce0920000 - 0x00007ffce0938000 	C:\Windows\SYSTEM32\CRYPTSP.dll
0x00007ffce0250000 - 0x00007ffce0284000 	C:\Windows\system32\rsaenh.dll
0x00007ffce1640000 - 0x00007ffce1667000 	C:\Windows\System32\bcrypt.dll
0x00007ffce0f00000 - 0x00007ffce0f2e000 	C:\Windows\SYSTEM32\USERENV.dll
0x00007ffce0910000 - 0x00007ffce091c000 	C:\Windows\SYSTEM32\CRYPTBASE.dll
0x00007ffce0410000 - 0x00007ffce044b000 	C:\Windows\SYSTEM32\IPHLPAPI.DLL
0x00007ffce1f00000 - 0x00007ffce1f08000 	C:\Windows\System32\NSI.dll
0x00007ffcd9380000 - 0x00007ffcd9397000 	C:\Windows\SYSTEM32\dhcpcsvc6.DLL
0x00007ffcd9360000 - 0x00007ffcd937d000 	C:\Windows\SYSTEM32\dhcpcsvc.DLL
0x00007ffce0450000 - 0x00007ffce051b000 	C:\Windows\SYSTEM32\DNSAPI.dll
0x00007ffcd59a0000 - 0x00007ffcd59c7000 	C:\Program Files\Android\Android Studio\jre\bin\sunec.dll

dbghelp: loaded successfully - version: 4.0.5 - missing functions: none
symbol engine: initialized successfully - sym options: 0x614 - pdb path: .;C:\Program Files\Android\Android Studio\jre\bin;C:\Windows\SYSTEM32;C:\Windows\WinSxS\amd64_microsoft.windows.common-controls_6595b64144ccf1df_6.0.19041.1110_none_60b5254171f9507e;C:\Program Files\Android\Android Studio\jre\bin\server;C:\Users\Admin\.gradle\native\e1d6ef7f7dcc3fd88c89a11ec53ec762bb8ba0a96d01ffa2cd45eb1d1d8dd5c5\windows-amd64;C:\Users\Admin\.gradle\native\5664cfc778a61ccfe75a443a1ab52a65af34e5dc3c78e0209fed803814484fcb\windows-amd64

VM Arguments:
jvm_args: --add-opens=java.base/java.util=ALL-UNNAMED --add-opens=java.base/java.lang=ALL-UNNAMED --add-opens=java.base/java.lang.invoke=ALL-UNNAMED --add-opens=java.base/java.util=ALL-UNNAMED --add-opens=java.prefs/java.util.prefs=ALL-UNNAMED --add-opens=java.prefs/java.util.prefs=ALL-UNNAMED --add-opens=java.base/java.nio.charset=ALL-UNNAMED --add-opens=java.base/java.net=ALL-UNNAMED --add-opens=java.base/java.util.concurrent.atomic=ALL-UNNAMED -Xmx2048m -Dfile.encoding=UTF-8 -Duser.country=US -Duser.language=en -Duser.variant 
java_command: org.gradle.launcher.daemon.bootstrap.GradleDaemon 7.2
java_class_path (initial): C:\Users\Admin\.gradle\wrapper\dists\gradle-7.2-bin\2dnblmf4td7x66yl1d74lt32g\gradle-7.2\lib\gradle-launcher-7.2.jar
Launcher Type: SUN_STANDARD

[Global flags]
     intx CICompilerCount                          = 3                                         {product} {ergonomic}
     uint ConcGCThreads                            = 1                                         {product} {ergonomic}
     uint G1ConcRefinementThreads                  = 4                                         {product} {ergonomic}
   size_t G1HeapRegionSize                         = 1048576                                   {product} {ergonomic}
    uintx GCDrainStackTargetSize                   = 64                                        {product} {ergonomic}
   size_t InitialHeapSize                          = 67108864                                  {product} {ergonomic}
   size_t MarkStackSize                            = 4194304                                   {product} {ergonomic}
   size_t MaxHeapSize                              = 2147483648                                {product} {command line}
   size_t MaxNewSize                               = 1287651328                                {product} {ergonomic}
   size_t MinHeapDeltaBytes                        = 1048576                                   {product} {ergonomic}
    uintx NonNMethodCodeHeapSize                   = 5830732                                {pd product} {ergonomic}
    uintx NonProfiledCodeHeapSize                  = 122913754                              {pd product} {ergonomic}
    uintx ProfiledCodeHeapSize                     = 122913754                              {pd product} {ergonomic}
    uintx ReservedCodeCacheSize                    = 251658240                              {pd product} {ergonomic}
     bool SegmentedCodeCache                       = true                                      {product} {ergonomic}
     bool UseCompressedClassPointers               = true                                 {lp64_product} {ergonomic}
     bool UseCompressedOops                        = true                                 {lp64_product} {ergonomic}
     bool UseG1GC                                  = true                                      {product} {ergonomic}
     bool UseLargePagesIndividualAllocation        = false                                  {pd product} {ergonomic}

Logging:
Log output configuration:
 #0: stdout all=warning uptime,level,tags
 #1: stderr all=off uptime,level,tags

Environment Variables:
PATH=C:\Program Files (x86)\VMware\VMware Player\bin\;C:\Windows\system32;C:\Windows;C:\Windows\System32\Wbem;C:\Windows\System32\WindowsPowerShell\v1.0\;C:\Windows\System32\OpenSSH\;C:\Program Files\dotnet\;C:\Users\Admin\AppData\Local\Microsoft\WindowsApps;C:\Users\Admin\.dotnet\tools
USERNAME=Admin
OS=Windows_NT
PROCESSOR_IDENTIFIER=Intel64 Family 6 Model 42 Stepping 7, GenuineIntel



---------------  S Y S T E M  ---------------

OS: Windows 10 , 64 bit Build 19041 (10.0.19041.1348)
OS uptime: 0 days 2:11 hours

CPU:total 4 (initial active 4) (2 cores per cpu, 2 threads per core) family 6 model 42 stepping 7 microcode 0x2f, cmov, cx8, fxsr, mmx, sse, sse2, sse3, ssse3, sse4.1, sse4.2, popcnt, avx, clmul, ht, tsc, tscinvbit

Memory: 4k page, system-wide physical 4004M (327M free)
TotalPageFile size 4004M (AvailPageFile size 4M)
current process WorkingSet (physical memory assigned to process): 408M, peak: 468M
current process commit charge ("private bytes"): 519M, peak: 520M

vm_info: OpenJDK 64-Bit Server VM (11.0.11+9-b60-7590822) for windows-amd64 JRE (11.0.11+9-b60-7590822), built on Jul 29 2021 21:43:44 by "builder" with MS VC++ 14.0 (VS2015)

END.
