#
# There is insufficient memory for the Java Runtime Environment to continue.
# Native memory allocation (mmap) failed to map 42991616 bytes for Failed to commit area from 0x000000008ca00000 to 0x000000008f300000 of length 42991616.
# Possible reasons:
#   The system is out of physical RAM or swap space
#   The process is running with CompressedOops enabled, and the Java Heap may be blocking the growth of the native heap
# Possible solutions:
#   Reduce memory load on the system
#   Increase physical memory or swap space
#   Check if swap backing store is full
#   Decrease Java heap size (-Xmx/-Xms)
#   Decrease number of Java threads
#   Decrease Java thread stack sizes (-Xss)
#   Set larger code cache with -XX:ReservedCodeCacheSize=
#   JVM is running with Unscaled Compressed Oops mode in which the Java heap is
#     placed in the first 4GB address space. The Java Heap base address is the
#     maximum limit for the native heap growth. Please use -XX:HeapBaseMinAddress
#     to set the Java Heap base and to place the Java Heap above 4GB virtual address.
# This output file may be truncated or incomplete.
#
#  Out of Memory Error (./src/hotspot/os/windows/os_windows.cpp:3301), pid=1444, tid=3116
#
# JRE version: OpenJDK Runtime Environment (11.0.11+9) (build 11.0.11+9-b60-7590822)
# Java VM: OpenJDK 64-Bit Server VM (11.0.11+9-b60-7590822, mixed mode, tiered, compressed oops, g1 gc, windows-amd64)
# No core dump will be written. Minidumps are not enabled by default on client versions of Windows
#

---------------  S U M M A R Y ------------

Command Line: --add-opens=java.base/java.util=ALL-UNNAMED --add-opens=java.base/java.lang=ALL-UNNAMED --add-opens=java.base/java.lang.invoke=ALL-UNNAMED --add-opens=java.base/java.util=ALL-UNNAMED --add-opens=java.prefs/java.util.prefs=ALL-UNNAMED --add-opens=java.prefs/java.util.prefs=ALL-UNNAMED --add-opens=java.base/java.nio.charset=ALL-UNNAMED --add-opens=java.base/java.net=ALL-UNNAMED --add-opens=java.base/java.util.concurrent.atomic=ALL-UNNAMED -Xmx2048m -Dfile.encoding=UTF-8 -Duser.country=US -Duser.language=en -Duser.variant org.gradle.launcher.daemon.bootstrap.GradleDaemon 7.2

Host: Intel(R) Core(TM) i3-2330M CPU @ 2.20GHz, 4 cores, 3G,  Windows 10 , 64 bit Build 19041 (10.0.19041.1348)
Time: Sat Mar 26 17:36:58 2022 SE Asia Standard Time elapsed time: 32.449590 seconds (0d 0h 0m 32s)

---------------  T H R E A D  ---------------

Current thread (0x000001b34b3af800):  VMThread "VM Thread" [stack: 0x0000006de7500000,0x0000006de7600000] [id=3116]

Stack: [0x0000006de7500000,0x0000006de7600000]
[error occurred during error reporting (printing stack bounds), id 0xc0000005, EXCEPTION_ACCESS_VIOLATION (0xc0000005) at pc=0x000001b335300f2d]

Native frames: (J=compiled Java code, j=interpreted, Vv=VM code, C=native code)
V  [jvm.dll+0x5f214a]
V  [jvm.dll+0x726fb5]
V  [jvm.dll+0x7285cd]
V  [jvm.dll+0x728be5]
V  [jvm.dll+0x728b9b]
V  [jvm.dll+0x5f14e8]
V  [jvm.dll+0x5f1c78]
C  [ntdll.dll+0xa20cf]
C  [ntdll.dll+0x51454]
C  [ntdll.dll+0xa0bfe]
C  0x000001b335300f2d

VM_Operation (0x0000006ded1fcef0): G1CollectForAllocation, mode: safepoint, requested by thread 0x000001b353583800


---------------  P R O C E S S  ---------------

Threads class SMR info:
_java_thread_list=0x000001b35398bbd0, length=94, elements={
0x000001b3317fb800, 0x000001b34b3b7000, 0x000001b34b3ba800, 0x000001b34b411000,
0x000001b34b414800, 0x000001b34b416800, 0x000001b34b41b000, 0x000001b34b420800,
0x000001b34b424000, 0x000001b34be8a800, 0x000001b34e5a5800, 0x000001b34ea09000,
0x000001b34d6bb000, 0x000001b34e4b4800, 0x000001b34d782000, 0x000001b34d4fc000,
0x000001b34ed52000, 0x000001b34e337000, 0x000001b34d857800, 0x000001b34d890000,
0x000001b34d88f000, 0x000001b34d892800, 0x000001b34d891000, 0x000001b34d2b6000,
0x000001b34d891800, 0x000001b34d88d000, 0x000001b34d893800, 0x000001b34d88e800,
0x000001b34d88d800, 0x000001b34f9d8800, 0x000001b34f9db800, 0x000001b34f9de000,
0x000001b34f9df000, 0x000001b34f9d9800, 0x000001b34f9db000, 0x000001b34f9e0000,
0x000001b34f9da000, 0x000001b34f9e2000, 0x000001b34f9e4800, 0x000001b34f9e5800,
0x000001b34f9e1800, 0x000001b34f9e3000, 0x000001b34f9e4000, 0x000001b34f9e6800,
0x000001b34f9e0800, 0x000001b34f9e7000, 0x000001b34fb44000, 0x000001b34fb44800,
0x000001b34fb46000, 0x000001b34fb40800, 0x000001b34fb43000, 0x000001b34fb45800,
0x000001b34fb47000, 0x000001b34fb41800, 0x000001b34fb48000, 0x000001b34fb42000,
0x000001b34fb48800, 0x000001b34fb49800, 0x000001b34fb4c800, 0x000001b34fb4e800,
0x000001b34fb4d800, 0x000001b34fb4b000, 0x000001b34fb4c000, 0x000001b34fb4f000,
0x000001b34fb4a800, 0x000001b34c33a000, 0x000001b34c33b800, 0x000001b34c336000,
0x000001b34c339800, 0x000001b34c33b000, 0x000001b34c33c800, 0x000001b34c337800,
0x000001b34c337000, 0x000001b34c33e000, 0x000001b34c33d800, 0x000001b34c338800,
0x000001b34c344000, 0x000001b34c343000, 0x000001b34c340000, 0x000001b34c342000,
0x000001b34c340800, 0x000001b34c344800, 0x000001b34c33f000, 0x000001b353582000,
0x000001b353588000, 0x000001b353588800, 0x000001b353586000, 0x000001b353585800,
0x000001b353583800, 0x000001b353583000, 0x000001b35358a000, 0x000001b353584800,
0x000001b353587000, 0x000001b35358f000
}

Java Threads: ( => current thread )
  0x000001b3317fb800 JavaThread "main" [_thread_blocked, id=2896, stack(0x0000006de6f00000,0x0000006de7000000)]
  0x000001b34b3b7000 JavaThread "Reference Handler" daemon [_thread_blocked, id=4376, stack(0x0000006de7600000,0x0000006de7700000)]
  0x000001b34b3ba800 JavaThread "Finalizer" daemon [_thread_blocked, id=1452, stack(0x0000006de7700000,0x0000006de7800000)]
  0x000001b34b411000 JavaThread "Signal Dispatcher" daemon [_thread_blocked, id=296, stack(0x0000006de7800000,0x0000006de7900000)]
  0x000001b34b414800 JavaThread "Attach Listener" daemon [_thread_blocked, id=2552, stack(0x0000006de7900000,0x0000006de7a00000)]
  0x000001b34b416800 JavaThread "Service Thread" daemon [_thread_blocked, id=3128, stack(0x0000006de7a00000,0x0000006de7b00000)]
  0x000001b34b41b000 JavaThread "C2 CompilerThread0" daemon [_thread_blocked, id=5920, stack(0x0000006de7b00000,0x0000006de7c00000)]
  0x000001b34b420800 JavaThread "C1 CompilerThread0" daemon [_thread_blocked, id=5688, stack(0x0000006de7c00000,0x0000006de7d00000)]
  0x000001b34b424000 JavaThread "Sweeper thread" daemon [_thread_blocked, id=1200, stack(0x0000006de7d00000,0x0000006de7e00000)]
  0x000001b34be8a800 JavaThread "Common-Cleaner" daemon [_thread_blocked, id=2512, stack(0x0000006de7e00000,0x0000006de7f00000)]
  0x000001b34e5a5800 JavaThread "Daemon health stats" [_thread_blocked, id=4892, stack(0x0000006de8200000,0x0000006de8300000)]
  0x000001b34ea09000 JavaThread "Incoming local TCP Connector on port 56994" [_thread_in_native, id=4348, stack(0x0000006de8000000,0x0000006de8100000)]
  0x000001b34d6bb000 JavaThread "Daemon periodic checks" [_thread_blocked, id=4316, stack(0x0000006de8300000,0x0000006de8400000)]
  0x000001b34e4b4800 JavaThread "Daemon" [_thread_blocked, id=2104, stack(0x0000006de8400000,0x0000006de8500000)]
  0x000001b34d782000 JavaThread "Handler for socket connection from /127.0.0.1:56994 to /127.0.0.1:56995" [_thread_in_native, id=4820, stack(0x0000006de8500000,0x0000006de8600000)]
  0x000001b34d4fc000 JavaThread "Cancel handler" [_thread_blocked, id=2456, stack(0x0000006de8600000,0x0000006de8700000)]
  0x000001b34ed52000 JavaThread "Daemon worker" [_thread_blocked, id=2328, stack(0x0000006de8700000,0x0000006de8800000)]
  0x000001b34e337000 JavaThread "Asynchronous log dispatcher for DefaultDaemonConnection: socket connection from /127.0.0.1:56994 to /127.0.0.1:56995" [_thread_blocked, id=4320, stack(0x0000006de8800000,0x0000006de8900000)]
  0x000001b34d857800 JavaThread "Stdin handler" [_thread_blocked, id=1448, stack(0x0000006de8900000,0x0000006de8a00000)]
  0x000001b34d890000 JavaThread "Daemon client event forwarder" [_thread_blocked, id=2520, stack(0x0000006de8a00000,0x0000006de8b00000)]
  0x000001b34d88f000 JavaThread "Cache worker for journal cache (C:\Users\Admin\.gradle\caches\journal-1)" [_thread_blocked, id=3172, stack(0x0000006de8d00000,0x0000006de8e00000)]
  0x000001b34d892800 JavaThread "File lock request listener" [_thread_in_native, id=4128, stack(0x0000006de8e00000,0x0000006de8f00000)]
  0x000001b34d891000 JavaThread "Cache worker for file hash cache (C:\Users\Admin\.gradle\caches\7.2\fileHashes)" [_thread_blocked, id=4020, stack(0x0000006de8f00000,0x0000006de9000000)]
  0x000001b34d2b6000 JavaThread "C2 CompilerThread1" daemon [_thread_in_native, id=1472, stack(0x0000006de9000000,0x0000006de9100000)]
  0x000001b34d891800 JavaThread "Cache worker for file hash cache (C:\Users\Admin\AndroidStudioProjects\DailySelfie\.gradle\7.2\fileHashes)" [_thread_blocked, id=5108, stack(0x0000006de9100000,0x0000006de9200000)]
  0x000001b34d88d000 JavaThread "File watcher server" daemon [_thread_blocked, id=3244, stack(0x0000006de9200000,0x0000006de9300000)]
  0x000001b34d893800 JavaThread "File watcher consumer" daemon [_thread_blocked, id=4092, stack(0x0000006de9300000,0x0000006de9400000)]
  0x000001b34d88e800 JavaThread "Cache worker for checksums cache (C:\Users\Admin\AndroidStudioProjects\DailySelfie\.gradle\checksums)" [_thread_blocked, id=4904, stack(0x0000006de9400000,0x0000006de9500000)]
  0x000001b34d88d800 JavaThread "Cache worker for cache directory md-supplier (C:\Users\Admin\.gradle\caches\7.2\md-supplier)" [_thread_blocked, id=5760, stack(0x0000006de9500000,0x0000006de9600000)]
  0x000001b34f9d8800 JavaThread "Cache worker for cache directory md-rule (C:\Users\Admin\.gradle\caches\7.2\md-rule)" [_thread_blocked, id=6008, stack(0x0000006de9600000,0x0000006de9700000)]
  0x000001b34f9db800 JavaThread "Cache worker for execution history cache (C:\Users\Admin\.gradle\caches\7.2\executionHistory)" [_thread_blocked, id=4996, stack(0x0000006de9700000,0x0000006de9800000)]
  0x000001b34f9de000 JavaThread "jar transforms" [_thread_blocked, id=5016, stack(0x0000006de9800000,0x0000006de9900000)]
  0x000001b34f9df000 JavaThread "Cache worker for file content cache (C:\Users\Admin\.gradle\caches\7.2\fileContent)" [_thread_blocked, id=3656, stack(0x0000006de9900000,0x0000006de9a00000)]
  0x000001b34f9d9800 JavaThread "jar transforms Thread 2" [_thread_blocked, id=2768, stack(0x0000006de9a00000,0x0000006de9b00000)]
  0x000001b34f9db000 JavaThread "Cache worker for dependencies-accessors (C:\Users\Admin\AndroidStudioProjects\DailySelfie\.gradle\7.2\dependencies-accessors)" [_thread_blocked, id=2568, stack(0x0000006de9b00000,0x0000006de9c00000)]
  0x000001b34f9e0000 JavaThread "jar transforms Thread 3" [_thread_blocked, id=492, stack(0x0000006de9c00000,0x0000006de9d00000)]
  0x000001b34f9da000 JavaThread "Cache worker for Build Output Cleanup Cache (C:\Users\Admin\AndroidStudioProjects\DailySelfie\.gradle\buildOutputCleanup)" [_thread_blocked, id=1584, stack(0x0000006de9d00000,0x0000006de9e00000)]
  0x000001b34f9e2000 JavaThread "Unconstrained build operations" [_thread_blocked, id=2136, stack(0x0000006de9e00000,0x0000006de9f00000)]
  0x000001b34f9e4800 JavaThread "Unconstrained build operations Thread 2" [_thread_blocked, id=3100, stack(0x0000006de9f00000,0x0000006dea000000)]
  0x000001b34f9e5800 JavaThread "Unconstrained build operations Thread 3" [_thread_blocked, id=5864, stack(0x0000006dea000000,0x0000006dea100000)]
  0x000001b34f9e1800 JavaThread "Unconstrained build operations Thread 4" [_thread_blocked, id=1476, stack(0x0000006dea100000,0x0000006dea200000)]
  0x000001b34f9e3000 JavaThread "Unconstrained build operations Thread 5" [_thread_blocked, id=1932, stack(0x0000006dea200000,0x0000006dea300000)]
  0x000001b34f9e4000 JavaThread "Unconstrained build operations Thread 6" [_thread_blocked, id=3944, stack(0x0000006dea300000,0x0000006dea400000)]
  0x000001b34f9e6800 JavaThread "Unconstrained build operations Thread 7" [_thread_blocked, id=3912, stack(0x0000006dea400000,0x0000006dea500000)]
  0x000001b34f9e0800 JavaThread "Unconstrained build operations Thread 8" [_thread_blocked, id=8, stack(0x0000006dea500000,0x0000006dea600000)]
  0x000001b34f9e7000 JavaThread "Unconstrained build operations Thread 9" [_thread_blocked, id=3300, stack(0x0000006dea600000,0x0000006dea700000)]
  0x000001b34fb44000 JavaThread "Unconstrained build operations Thread 10" [_thread_blocked, id=5692, stack(0x0000006dea700000,0x0000006dea800000)]
  0x000001b34fb44800 JavaThread "Unconstrained build operations Thread 11" [_thread_blocked, id=1760, stack(0x0000006dea800000,0x0000006dea900000)]
  0x000001b34fb46000 JavaThread "Unconstrained build operations Thread 12" [_thread_blocked, id=5872, stack(0x0000006dea900000,0x0000006deaa00000)]
  0x000001b34fb40800 JavaThread "Unconstrained build operations Thread 13" [_thread_blocked, id=1376, stack(0x0000006deaa00000,0x0000006deab00000)]
  0x000001b34fb43000 JavaThread "Unconstrained build operations Thread 14" [_thread_blocked, id=1316, stack(0x0000006deab00000,0x0000006deac00000)]
  0x000001b34fb45800 JavaThread "Unconstrained build operations Thread 15" [_thread_blocked, id=5868, stack(0x0000006deac00000,0x0000006dead00000)]
  0x000001b34fb47000 JavaThread "Unconstrained build operations Thread 16" [_thread_blocked, id=6136, stack(0x0000006dead00000,0x0000006deae00000)]
  0x000001b34fb41800 JavaThread "Unconstrained build operations Thread 17" [_thread_blocked, id=4792, stack(0x0000006deae00000,0x0000006deaf00000)]
  0x000001b34fb48000 JavaThread "Unconstrained build operations Thread 18" [_thread_blocked, id=2740, stack(0x0000006deaf00000,0x0000006deb000000)]
  0x000001b34fb42000 JavaThread "Unconstrained build operations Thread 19" [_thread_blocked, id=4736, stack(0x0000006deb000000,0x0000006deb100000)]
  0x000001b34fb48800 JavaThread "Unconstrained build operations Thread 20" [_thread_blocked, id=5704, stack(0x0000006deb100000,0x0000006deb200000)]
  0x000001b34fb49800 JavaThread "Unconstrained build operations Thread 21" [_thread_blocked, id=3572, stack(0x0000006deb200000,0x0000006deb300000)]
  0x000001b34fb4c800 JavaThread "Unconstrained build operations Thread 22" [_thread_blocked, id=5096, stack(0x0000006deb300000,0x0000006deb400000)]
  0x000001b34fb4e800 JavaThread "Unconstrained build operations Thread 23" [_thread_blocked, id=4240, stack(0x0000006deb400000,0x0000006deb500000)]
  0x000001b34fb4d800 JavaThread "Unconstrained build operations Thread 24" [_thread_blocked, id=2912, stack(0x0000006deb500000,0x0000006deb600000)]
  0x000001b34fb4b000 JavaThread "Unconstrained build operations Thread 25" [_thread_blocked, id=4612, stack(0x0000006deb600000,0x0000006deb700000)]
  0x000001b34fb4c000 JavaThread "Unconstrained build operations Thread 26" [_thread_blocked, id=4332, stack(0x0000006deb700000,0x0000006deb800000)]
  0x000001b34fb4f000 JavaThread "Unconstrained build operations Thread 27" [_thread_blocked, id=1504, stack(0x0000006deb800000,0x0000006deb900000)]
  0x000001b34fb4a800 JavaThread "Unconstrained build operations Thread 28" [_thread_blocked, id=4524, stack(0x0000006deb900000,0x0000006deba00000)]
  0x000001b34c33a000 JavaThread "Unconstrained build operations Thread 29" [_thread_blocked, id=5408, stack(0x0000006deba00000,0x0000006debb00000)]
  0x000001b34c33b800 JavaThread "Unconstrained build operations Thread 30" [_thread_blocked, id=5980, stack(0x0000006debb00000,0x0000006debc00000)]
  0x000001b34c336000 JavaThread "Unconstrained build operations Thread 31" [_thread_blocked, id=2764, stack(0x0000006debc00000,0x0000006debd00000)]
  0x000001b34c339800 JavaThread "Unconstrained build operations Thread 32" [_thread_blocked, id=5660, stack(0x0000006debd00000,0x0000006debe00000)]
  0x000001b34c33b000 JavaThread "Unconstrained build operations Thread 33" [_thread_blocked, id=4856, stack(0x0000006debe00000,0x0000006debf00000)]
  0x000001b34c33c800 JavaThread "Unconstrained build operations Thread 34" [_thread_blocked, id=2644, stack(0x0000006debf00000,0x0000006dec000000)]
  0x000001b34c337800 JavaThread "Unconstrained build operations Thread 35" [_thread_blocked, id=2404, stack(0x0000006dec000000,0x0000006dec100000)]
  0x000001b34c337000 JavaThread "Unconstrained build operations Thread 36" [_thread_blocked, id=2684, stack(0x0000006dec100000,0x0000006dec200000)]
  0x000001b34c33e000 JavaThread "Unconstrained build operations Thread 37" [_thread_blocked, id=4124, stack(0x0000006dec200000,0x0000006dec300000)]
  0x000001b34c33d800 JavaThread "Unconstrained build operations Thread 38" [_thread_blocked, id=1792, stack(0x0000006dec300000,0x0000006dec400000)]
  0x000001b34c338800 JavaThread "Unconstrained build operations Thread 39" [_thread_blocked, id=5436, stack(0x0000006dec400000,0x0000006dec500000)]
  0x000001b34c344000 JavaThread "Unconstrained build operations Thread 40" [_thread_blocked, id=5476, stack(0x0000006dec500000,0x0000006dec600000)]
  0x000001b34c343000 JavaThread "jar transforms Thread 4" [_thread_blocked, id=5596, stack(0x0000006dec600000,0x0000006dec700000)]
  0x000001b34c340000 JavaThread "Memory manager" [_thread_blocked, id=2164, stack(0x0000006dec700000,0x0000006dec800000)]
  0x000001b34c342000 JavaThread "build event listener" [_thread_blocked, id=3316, stack(0x0000006dec800000,0x0000006dec900000)]
  0x000001b34c340800 JavaThread "pool-3-thread-1" [_thread_blocked, id=4328, stack(0x0000006dec900000,0x0000006deca00000)]
  0x000001b34c344800 JavaThread "build event listener" [_thread_blocked, id=3456, stack(0x0000006deca00000,0x0000006decb00000)]
  0x000001b34c33f000 JavaThread "Execution worker for ':'" [_thread_blocked, id=604, stack(0x0000006decb00000,0x0000006decc00000)]
  0x000001b353582000 JavaThread "Execution worker for ':' Thread 2" [_thread_blocked, id=932, stack(0x0000006decc00000,0x0000006decd00000)]
  0x000001b353588000 JavaThread "Execution worker for ':' Thread 3" [_thread_blocked, id=5448, stack(0x0000006decd00000,0x0000006dece00000)]
  0x000001b353588800 JavaThread "Cache worker for execution history cache (C:\Users\Admin\AndroidStudioProjects\DailySelfie\.gradle\7.2\executionHistory)" [_thread_blocked, id=628, stack(0x0000006dece00000,0x0000006decf00000)]
  0x000001b353586000 JavaThread "WorkerExecutor Queue" [_thread_blocked, id=1944, stack(0x0000006decf00000,0x0000006ded000000)]
  0x000001b353585800 JavaThread "WorkerExecutor Queue Thread 2" [_thread_blocked, id=5040, stack(0x0000006ded000000,0x0000006ded100000)]
  0x000001b353583800 JavaThread "WorkerExecutor Queue Thread 3" [_thread_blocked, id=1396, stack(0x0000006ded100000,0x0000006ded200000)]
  0x000001b353583000 JavaThread "WorkerExecutor Queue Thread 4" [_thread_blocked, id=5008, stack(0x0000006de6d00000,0x0000006de6e00000)]
  0x000001b35358a000 JavaThread "WorkerExecutor Queue Thread 5" [_thread_blocked, id=228, stack(0x0000006ded200000,0x0000006ded300000)]
  0x000001b353584800 JavaThread "pool-4-thread-1" [_thread_blocked, id=5312, stack(0x0000006ded300000,0x0000006ded400000)]
  0x000001b353587000 JavaThread "stderr" [_thread_in_native, id=1972, stack(0x0000006ded400000,0x0000006ded500000)]
  0x000001b35358f000 JavaThread "stdout" [_thread_in_native, id=2756, stack(0x0000006ded500000,0x0000006ded600000)]

Other Threads:
=>0x000001b34b3af800 VMThread "VM Thread" [stack: 0x0000006de7500000,0x0000006de7600000] [id=3116]
  0x000001b34bead800 WatcherThread [stack: 0x0000006de7f00000,0x0000006de8000000] [id=4780]
  0x000001b331813800 GCTaskThread "GC Thread#0" [stack: 0x0000006de7000000,0x0000006de7100000] [id=1548]
  0x000001b34c192800 GCTaskThread "GC Thread#1" [stack: 0x0000006de8100000,0x0000006de8200000] [id=4168]
  0x000001b34dd96800 GCTaskThread "GC Thread#2" [stack: 0x0000006de8b00000,0x0000006de8c00000] [id=5236]
  0x000001b34dc14800 GCTaskThread "GC Thread#3" [stack: 0x0000006de8c00000,0x0000006de8d00000] [id=2212]
  0x000001b331846000 ConcurrentGCThread "G1 Main Marker" [stack: 0x0000006de7100000,0x0000006de7200000] [id=5548]
  0x000001b331847000 ConcurrentGCThread "G1 Conc#0" [stack: 0x0000006de7200000,0x0000006de7300000] [id=2624]
  0x000001b33189f000 ConcurrentGCThread "G1 Refine#0" [stack: 0x0000006de7300000,0x0000006de7400000] [id=4564]
  0x000001b3318a0000 ConcurrentGCThread "G1 Young RemSet Sampling" [stack: 0x0000006de7400000,0x0000006de7500000] [id=952]

Threads with active compile tasks:
C2 CompilerThread0  32484 11492   !   4       com.android.tools.r8.graph.W0::R (89 bytes)
C2 CompilerThread1  32484 11458       4       com.android.tools.r8.internal.ZY0::b (639 bytes)

VM state:at safepoint (normal execution)

VM Mutex/Monitor currently owned by a thread:  ([mutex/lock_event])
[0x000001b3317eb670] Threads_lock - owner thread: 0x000001b34b3af800
[0x000001b3317f9bf0] Heap_lock - owner thread: 0x000001b353583800

Heap address: 0x0000000080000000, size: 2048 MB, Compressed Oops mode: 32-bit
Narrow klass base: 0x0000000000000000, Narrow klass shift: 3
Compressed class space size: 1073741824 Address: 0x0000000100000000

Heap:
 garbage-first heap   total 248832K, used 105100K [0x0000000080000000, 0x0000000100000000)
  region size 1024K, 2 young (2048K), 2 survivors (2048K)
 Metaspace       used 95752K, capacity 97929K, committed 98072K, reserved 1134592K
  class space    used 12230K, capacity 13047K, committed 13080K, reserved 1048576K
Heap Regions: E=young(eden), S=young(survivor), O=old, HS=humongous(starts), HC=humongous(continues), CS=collection set, F=free, A=archive, TAMS=top-at-mark-start (previous, next)
|   0|0x0000000080000000, 0x0000000080100000, 0x0000000080100000|100%| O|  |TAMS 0x0000000080100000, 0x0000000080000000| Complete 
|   1|0x0000000080100000, 0x0000000080200000, 0x0000000080200000|100%| O|  |TAMS 0x0000000080200000, 0x0000000080100000| Complete 
|   2|0x0000000080200000, 0x0000000080300000, 0x0000000080300000|100%| O|  |TAMS 0x0000000080300000, 0x0000000080200000| Untracked 
|   3|0x0000000080300000, 0x0000000080400000, 0x0000000080400000|100%|HS|  |TAMS 0x0000000080400000, 0x0000000080300000| Complete 
|   4|0x0000000080400000, 0x0000000080500000, 0x0000000080500000|100%|HC|  |TAMS 0x0000000080500000, 0x0000000080400000| Complete 
|   5|0x0000000080500000, 0x0000000080600000, 0x0000000080600000|100%|HC|  |TAMS 0x0000000080600000, 0x0000000080500000| Complete 
|   6|0x0000000080600000, 0x0000000080700000, 0x0000000080700000|100%| O|  |TAMS 0x0000000080700000, 0x0000000080600000| Untracked 
|   7|0x0000000080700000, 0x0000000080800000, 0x0000000080800000|100%| O|  |TAMS 0x0000000080800000, 0x0000000080700000| Untracked 
|   8|0x0000000080800000, 0x0000000080900000, 0x0000000080900000|100%| O|  |TAMS 0x0000000080900000, 0x0000000080800000| Untracked 
|   9|0x0000000080900000, 0x0000000080a00000, 0x0000000080a00000|100%| O|  |TAMS 0x0000000080a00000, 0x0000000080900000| Untracked 
|  10|0x0000000080a00000, 0x0000000080b00000, 0x0000000080b00000|100%| O|  |TAMS 0x0000000080b00000, 0x0000000080a00000| Untracked 
|  11|0x0000000080b00000, 0x0000000080c00000, 0x0000000080c00000|100%| O|  |TAMS 0x0000000080c00000, 0x0000000080b00000| Untracked 
|  12|0x0000000080c00000, 0x0000000080d00000, 0x0000000080d00000|100%| O|  |TAMS 0x0000000080d00000, 0x0000000080c00000| Untracked 
|  13|0x0000000080d00000, 0x0000000080e00000, 0x0000000080e00000|100%| O|  |TAMS 0x0000000080e00000, 0x0000000080d00000| Untracked 
|  14|0x0000000080e00000, 0x0000000080f00000, 0x0000000080f00000|100%| O|  |TAMS 0x0000000080f00000, 0x0000000080e00000| Untracked 
|  15|0x0000000080f00000, 0x0000000081000000, 0x0000000081000000|100%| O|  |TAMS 0x0000000081000000, 0x0000000080f00000| Complete 
|  16|0x0000000081000000, 0x0000000081100000, 0x0000000081100000|100%| O|  |TAMS 0x0000000081100000, 0x0000000081000000| Untracked 
|  17|0x0000000081100000, 0x0000000081200000, 0x0000000081200000|100%| O|  |TAMS 0x0000000081200000, 0x0000000081100000| Complete 
|  18|0x0000000081200000, 0x0000000081300000, 0x0000000081300000|100%| O|  |TAMS 0x0000000081300000, 0x0000000081200000| Untracked 
|  19|0x0000000081300000, 0x0000000081400000, 0x0000000081400000|100%| O|  |TAMS 0x0000000081400000, 0x0000000081300000| Untracked 
|  20|0x0000000081400000, 0x0000000081500000, 0x0000000081500000|100%| O|  |TAMS 0x0000000081500000, 0x0000000081400000| Untracked 
|  21|0x0000000081500000, 0x0000000081600000, 0x0000000081600000|100%| O|  |TAMS 0x0000000081600000, 0x0000000081500000| Untracked 
|  22|0x0000000081600000, 0x0000000081700000, 0x0000000081700000|100%| O|  |TAMS 0x0000000081700000, 0x0000000081600000| Untracked 
|  23|0x0000000081700000, 0x0000000081800000, 0x0000000081800000|100%| O|  |TAMS 0x0000000081800000, 0x0000000081700000| Untracked 
|  24|0x0000000081800000, 0x0000000081900000, 0x0000000081900000|100%| O|  |TAMS 0x0000000081900000, 0x0000000081800000| Untracked 
|  25|0x0000000081900000, 0x0000000081a00000, 0x0000000081a00000|100%| O|  |TAMS 0x0000000081a00000, 0x0000000081900000| Untracked 
|  26|0x0000000081a00000, 0x0000000081b00000, 0x0000000081b00000|100%| O|  |TAMS 0x0000000081b00000, 0x0000000081a00000| Untracked 
|  27|0x0000000081b00000, 0x0000000081c00000, 0x0000000081c00000|100%| O|  |TAMS 0x0000000081c00000, 0x0000000081b00000| Complete 
|  28|0x0000000081c00000, 0x0000000081d00000, 0x0000000081d00000|100%|HS|  |TAMS 0x0000000081d00000, 0x0000000081c00000| Complete 
|  29|0x0000000081d00000, 0x0000000081e00000, 0x0000000081e00000|100%|HS|  |TAMS 0x0000000081e00000, 0x0000000081d00000| Complete 
|  30|0x0000000081e00000, 0x0000000081f00000, 0x0000000081f00000|100%|HS|  |TAMS 0x0000000081f00000, 0x0000000081e00000| Complete 
|  31|0x0000000081f00000, 0x0000000082000000, 0x0000000082000000|100%|HS|  |TAMS 0x0000000082000000, 0x0000000081f00000| Complete 
|  32|0x0000000082000000, 0x0000000082100000, 0x0000000082100000|100%|HC|  |TAMS 0x0000000082100000, 0x0000000082000000| Complete 
|  33|0x0000000082100000, 0x0000000082200000, 0x0000000082200000|100%| O|  |TAMS 0x0000000082200000, 0x0000000082100000| Untracked 
|  34|0x0000000082200000, 0x0000000082300000, 0x0000000082300000|100%| O|  |TAMS 0x0000000082300000, 0x0000000082200000| Untracked 
|  35|0x0000000082300000, 0x0000000082400000, 0x0000000082400000|100%| O|  |TAMS 0x0000000082400000, 0x0000000082300000| Untracked 
|  36|0x0000000082400000, 0x0000000082500000, 0x0000000082500000|100%| O|  |TAMS 0x0000000082500000, 0x0000000082400000| Complete 
|  37|0x0000000082500000, 0x0000000082600000, 0x0000000082600000|100%| O|  |TAMS 0x0000000082600000, 0x0000000082500000| Untracked 
|  38|0x0000000082600000, 0x0000000082700000, 0x0000000082700000|100%| O|  |TAMS 0x0000000082700000, 0x0000000082600000| Untracked 
|  39|0x0000000082700000, 0x0000000082800000, 0x0000000082800000|100%| O|  |TAMS 0x0000000082800000, 0x0000000082700000| Untracked 
|  40|0x0000000082800000, 0x0000000082900000, 0x0000000082900000|100%| O|  |TAMS 0x0000000082900000, 0x0000000082800000| Untracked 
|  41|0x0000000082900000, 0x0000000082a00000, 0x0000000082a00000|100%| O|  |TAMS 0x0000000082a00000, 0x0000000082900000| Untracked 
|  42|0x0000000082a00000, 0x0000000082b00000, 0x0000000082b00000|100%| O|  |TAMS 0x0000000082b00000, 0x0000000082a00000| Untracked 
|  43|0x0000000082b00000, 0x0000000082c00000, 0x0000000082c00000|100%| O|  |TAMS 0x0000000082c00000, 0x0000000082b00000| Complete 
|  44|0x0000000082c00000, 0x0000000082d00000, 0x0000000082d00000|100%| O|  |TAMS 0x0000000082d00000, 0x0000000082c00000| Untracked 
|  45|0x0000000082d00000, 0x0000000082e00000, 0x0000000082e00000|100%| O|  |TAMS 0x0000000082e00000, 0x0000000082d00000| Untracked 
|  46|0x0000000082e00000, 0x0000000082f00000, 0x0000000082f00000|100%| O|  |TAMS 0x0000000082f00000, 0x0000000082e00000| Untracked 
|  47|0x0000000082f00000, 0x0000000083000000, 0x0000000083000000|100%| O|  |TAMS 0x0000000083000000, 0x0000000082f00000| Untracked 
|  48|0x0000000083000000, 0x0000000083100000, 0x0000000083100000|100%| O|  |TAMS 0x0000000083100000, 0x0000000083000000| Untracked 
|  49|0x0000000083100000, 0x0000000083200000, 0x0000000083200000|100%| O|  |TAMS 0x0000000083200000, 0x0000000083100000| Untracked 
|  50|0x0000000083200000, 0x0000000083300000, 0x0000000083300000|100%| O|  |TAMS 0x0000000083300000, 0x0000000083200000| Untracked 
|  51|0x0000000083300000, 0x0000000083400000, 0x0000000083400000|100%| O|  |TAMS 0x0000000083400000, 0x0000000083300000| Untracked 
|  52|0x0000000083400000, 0x0000000083500000, 0x0000000083500000|100%| O|  |TAMS 0x0000000083500000, 0x0000000083400000| Untracked 
|  53|0x0000000083500000, 0x0000000083600000, 0x0000000083600000|100%| O|  |TAMS 0x0000000083600000, 0x0000000083500000| Untracked 
|  54|0x0000000083600000, 0x0000000083700000, 0x0000000083700000|100%| O|  |TAMS 0x0000000083700000, 0x0000000083600000| Untracked 
|  55|0x0000000083700000, 0x0000000083800000, 0x0000000083800000|100%| O|  |TAMS 0x0000000083800000, 0x0000000083700000| Untracked 
|  56|0x0000000083800000, 0x0000000083900000, 0x0000000083900000|100%| O|  |TAMS 0x0000000083900000, 0x0000000083800000| Complete 
|  57|0x0000000083900000, 0x0000000083a00000, 0x0000000083a00000|100%| O|  |TAMS 0x0000000083a00000, 0x0000000083900000| Untracked 
|  58|0x0000000083a00000, 0x0000000083b00000, 0x0000000083b00000|100%| O|  |TAMS 0x0000000083b00000, 0x0000000083a00000| Complete 
|  59|0x0000000083b00000, 0x0000000083c00000, 0x0000000083c00000|100%| O|  |TAMS 0x0000000083c00000, 0x0000000083b00000| Complete 
|  60|0x0000000083c00000, 0x0000000083d00000, 0x0000000083d00000|100%|HS|  |TAMS 0x0000000083c00000, 0x0000000083c00000| Complete 
|  61|0x0000000083d00000, 0x0000000083e00000, 0x0000000083e00000|100%| O|  |TAMS 0x0000000083e00000, 0x0000000083d00000| Untracked 
|  62|0x0000000083e00000, 0x0000000083f00000, 0x0000000083f00000|100%| O|  |TAMS 0x0000000083f00000, 0x0000000083e00000| Untracked 
|  63|0x0000000083f00000, 0x0000000084000000, 0x0000000084000000|100%| O|  |TAMS 0x0000000084000000, 0x0000000083f00000| Untracked 
|  64|0x0000000084000000, 0x0000000084100000, 0x0000000084100000|100%| O|  |TAMS 0x0000000084100000, 0x0000000084000000| Untracked 
|  65|0x0000000084100000, 0x0000000084200000, 0x0000000084200000|100%| O|  |TAMS 0x0000000084200000, 0x0000000084100000| Untracked 
|  66|0x0000000084200000, 0x0000000084300000, 0x0000000084300000|100%| O|  |TAMS 0x0000000084300000, 0x0000000084200000| Untracked 
|  67|0x0000000084300000, 0x0000000084400000, 0x0000000084400000|100%| O|  |TAMS 0x0000000084400000, 0x0000000084300000| Untracked 
|  68|0x0000000084400000, 0x0000000084500000, 0x0000000084500000|100%| O|  |TAMS 0x0000000084500000, 0x0000000084400000| Complete 
|  69|0x0000000084500000, 0x0000000084500000, 0x0000000084600000|  0%| F|  |TAMS 0x0000000084500000, 0x0000000084500000| Untracked 
|  70|0x0000000084600000, 0x0000000084700000, 0x0000000084700000|100%| O|  |TAMS 0x0000000084600000, 0x0000000084600000| Untracked 
|  71|0x0000000084700000, 0x0000000084700000, 0x0000000084800000|  0%| F|  |TAMS 0x0000000084700000, 0x0000000084700000| Untracked 
|  72|0x0000000084800000, 0x0000000084900000, 0x0000000084900000|100%| O|  |TAMS 0x0000000084800000, 0x0000000084800000| Untracked 
|  73|0x0000000084900000, 0x0000000084a00000, 0x0000000084a00000|100%| O|  |TAMS 0x0000000084900000, 0x0000000084900000| Untracked 
|  74|0x0000000084a00000, 0x0000000084b00000, 0x0000000084b00000|100%|HS|  |TAMS 0x0000000084a00000, 0x0000000084a00000| Complete 
|  75|0x0000000084b00000, 0x0000000084c00000, 0x0000000084c00000|100%| O|  |TAMS 0x0000000084c00000, 0x0000000084b00000| Complete 
|  76|0x0000000084c00000, 0x0000000084d00000, 0x0000000084d00000|100%| O|  |TAMS 0x0000000084c00000, 0x0000000084c00000| Untracked 
|  77|0x0000000084d00000, 0x0000000084e00000, 0x0000000084e00000|100%| O|  |TAMS 0x0000000084e00000, 0x0000000084d00000| Complete 
|  78|0x0000000084e00000, 0x0000000084f00000, 0x0000000084f00000|100%| O|  |TAMS 0x0000000084f00000, 0x0000000084e00000| Complete 
|  79|0x0000000084f00000, 0x0000000085000000, 0x0000000085000000|100%| O|  |TAMS 0x0000000085000000, 0x0000000084f00000| Complete 
|  80|0x0000000085000000, 0x0000000085100000, 0x0000000085100000|100%| O|  |TAMS 0x0000000085100000, 0x0000000085000000| Complete 
|  81|0x0000000085100000, 0x0000000085200000, 0x0000000085200000|100%| O|  |TAMS 0x0000000085200000, 0x0000000085100000| Complete 
|  82|0x0000000085200000, 0x0000000085300000, 0x0000000085300000|100%|HS|  |TAMS 0x0000000085200000, 0x0000000085200000| Complete 
|  83|0x0000000085300000, 0x0000000085400000, 0x0000000085400000|100%| O|  |TAMS 0x0000000085400000, 0x0000000085300000| Complete 
|  84|0x0000000085400000, 0x0000000085500000, 0x0000000085500000|100%| O|  |TAMS 0x0000000085500000, 0x0000000085400000| Untracked 
|  85|0x0000000085500000, 0x0000000085600000, 0x0000000085600000|100%| O|  |TAMS 0x0000000085600000, 0x0000000085500000| Untracked 
|  86|0x0000000085600000, 0x0000000085700000, 0x0000000085700000|100%| O|  |TAMS 0x00000000856e1000, 0x0000000085600000| Untracked 
|  87|0x0000000085700000, 0x0000000085800000, 0x0000000085800000|100%|HS|  |TAMS 0x0000000085700000, 0x0000000085700000| Complete 
|  88|0x0000000085800000, 0x0000000085900000, 0x0000000085900000|100%|HC|  |TAMS 0x0000000085800000, 0x0000000085800000| Complete 
|  89|0x0000000085900000, 0x0000000085a00000, 0x0000000085a00000|100%|HS|  |TAMS 0x0000000085900000, 0x0000000085900000| Complete 
|  90|0x0000000085a00000, 0x0000000085b00000, 0x0000000085b00000|100%|HS|  |TAMS 0x0000000085a00000, 0x0000000085a00000| Complete 
|  91|0x0000000085b00000, 0x0000000085c00000, 0x0000000085c00000|100%|HS|  |TAMS 0x0000000085b00000, 0x0000000085b00000| Complete 
|  92|0x0000000085c00000, 0x0000000085d00000, 0x0000000085d00000|100%|HC|  |TAMS 0x0000000085c00000, 0x0000000085c00000| Complete 
|  93|0x0000000085d00000, 0x0000000085e00000, 0x0000000085e00000|100%| O|  |TAMS 0x0000000085d00000, 0x0000000085d00000| Untracked 
|  94|0x0000000085e00000, 0x0000000085f00000, 0x0000000085f00000|100%|HS|  |TAMS 0x0000000085e00000, 0x0000000085e00000| Complete 
|  95|0x0000000085f00000, 0x0000000086000000, 0x0000000086000000|100%| O|  |TAMS 0x0000000085f00000, 0x0000000085f00000| Untracked 
|  96|0x0000000086000000, 0x0000000086100000, 0x0000000086100000|100%| O|  |TAMS 0x0000000086000000, 0x0000000086000000| Untracked 
|  97|0x0000000086100000, 0x0000000086200000, 0x0000000086200000|100%| O|  |TAMS 0x0000000086100000, 0x0000000086100000| Untracked 
|  98|0x0000000086200000, 0x0000000086300000, 0x0000000086300000|100%| O|  |TAMS 0x0000000086300000, 0x0000000086200000| Complete 
|  99|0x0000000086300000, 0x0000000086400000, 0x0000000086400000|100%| O|  |TAMS 0x0000000086300000, 0x0000000086300000| Untracked 
| 100|0x0000000086400000, 0x0000000086400000, 0x0000000086500000|  0%| F|  |TAMS 0x0000000086400000, 0x0000000086400000| Untracked 
| 101|0x0000000086500000, 0x0000000086500000, 0x0000000086600000|  0%| F|  |TAMS 0x0000000086500000, 0x0000000086500000| Untracked 
| 102|0x0000000086600000, 0x0000000086600000, 0x0000000086700000|  0%| F|  |TAMS 0x0000000086600000, 0x0000000086600000| Untracked 
| 103|0x0000000086700000, 0x0000000086800000, 0x0000000086800000|100%| O|  |TAMS 0x0000000086700000, 0x0000000086700000| Untracked 
| 104|0x0000000086800000, 0x0000000086900000, 0x0000000086900000|100%| O|  |TAMS 0x0000000086800000, 0x0000000086800000| Untracked 
| 105|0x0000000086900000, 0x0000000086a00000, 0x0000000086a00000|100%| O|  |TAMS 0x0000000086900000, 0x0000000086900000| Untracked 
| 106|0x0000000086a00000, 0x0000000086a46400, 0x0000000086b00000| 27%| O|  |TAMS 0x0000000086a00000, 0x0000000086a00000| Untracked 
| 107|0x0000000086b00000, 0x0000000086b00000, 0x0000000086c00000|  0%| F|  |TAMS 0x0000000086b00000, 0x0000000086b00000| Untracked 
| 108|0x0000000086c00000, 0x0000000086c00000, 0x0000000086d00000|  0%| F|  |TAMS 0x0000000086c00000, 0x0000000086c00000| Untracked 
| 109|0x0000000086d00000, 0x0000000086d00000, 0x0000000086e00000|  0%| F|  |TAMS 0x0000000086d00000, 0x0000000086d00000| Untracked 
| 110|0x0000000086e00000, 0x0000000086e00000, 0x0000000086f00000|  0%| F|  |TAMS 0x0000000086e00000, 0x0000000086e00000| Untracked 
| 111|0x0000000086f00000, 0x0000000086f00000, 0x0000000087000000|  0%| F|  |TAMS 0x0000000086f00000, 0x0000000086f00000| Untracked 
| 112|0x0000000087000000, 0x0000000087000000, 0x0000000087100000|  0%| F|  |TAMS 0x0000000087000000, 0x0000000087000000| Untracked 
| 113|0x0000000087100000, 0x0000000087100000, 0x0000000087200000|  0%| F|  |TAMS 0x0000000087100000, 0x0000000087100000| Untracked 
| 114|0x0000000087200000, 0x0000000087200000, 0x0000000087300000|  0%| F|  |TAMS 0x0000000087200000, 0x0000000087200000| Untracked 
| 115|0x0000000087300000, 0x0000000087300000, 0x0000000087400000|  0%| F|  |TAMS 0x0000000087300000, 0x0000000087300000| Untracked 
| 116|0x0000000087400000, 0x0000000087400000, 0x0000000087500000|  0%| F|  |TAMS 0x0000000087400000, 0x0000000087400000| Untracked 
| 117|0x0000000087500000, 0x0000000087500000, 0x0000000087600000|  0%| F|  |TAMS 0x0000000087500000, 0x0000000087500000| Untracked 
| 118|0x0000000087600000, 0x0000000087600000, 0x0000000087700000|  0%| F|  |TAMS 0x0000000087600000, 0x0000000087600000| Untracked 
| 119|0x0000000087700000, 0x0000000087700000, 0x0000000087800000|  0%| F|  |TAMS 0x0000000087700000, 0x0000000087700000| Untracked 
| 120|0x0000000087800000, 0x0000000087800000, 0x0000000087900000|  0%| F|  |TAMS 0x0000000087800000, 0x0000000087800000| Untracked 
| 121|0x0000000087900000, 0x0000000087900000, 0x0000000087a00000|  0%| F|  |TAMS 0x0000000087900000, 0x0000000087900000| Untracked 
| 122|0x0000000087a00000, 0x0000000087a00000, 0x0000000087b00000|  0%| F|  |TAMS 0x0000000087a00000, 0x0000000087a00000| Untracked 
| 123|0x0000000087b00000, 0x0000000087b00000, 0x0000000087c00000|  0%| F|  |TAMS 0x0000000087b00000, 0x0000000087b00000| Untracked 
| 124|0x0000000087c00000, 0x0000000087c00000, 0x0000000087d00000|  0%| F|  |TAMS 0x0000000087c00000, 0x0000000087c00000| Untracked 
| 125|0x0000000087d00000, 0x0000000087d00000, 0x0000000087e00000|  0%| F|  |TAMS 0x0000000087d00000, 0x0000000087d00000| Untracked 
| 126|0x0000000087e00000, 0x0000000087e00000, 0x0000000087f00000|  0%| F|  |TAMS 0x0000000087e00000, 0x0000000087e00000| Untracked 
| 127|0x0000000087f00000, 0x0000000087f00000, 0x0000000088000000|  0%| F|  |TAMS 0x0000000087f00000, 0x0000000087f00000| Untracked 
| 128|0x0000000088000000, 0x0000000088000000, 0x0000000088100000|  0%| F|  |TAMS 0x0000000088000000, 0x0000000088000000| Untracked 
| 129|0x0000000088100000, 0x0000000088100000, 0x0000000088200000|  0%| F|  |TAMS 0x0000000088100000, 0x0000000088100000| Untracked 
| 130|0x0000000088200000, 0x0000000088200000, 0x0000000088300000|  0%| F|  |TAMS 0x0000000088200000, 0x0000000088200000| Untracked 
| 131|0x0000000088300000, 0x0000000088300000, 0x0000000088400000|  0%| F|  |TAMS 0x0000000088300000, 0x0000000088300000| Untracked 
| 132|0x0000000088400000, 0x0000000088400000, 0x0000000088500000|  0%| F|  |TAMS 0x0000000088400000, 0x0000000088400000| Untracked 
| 133|0x0000000088500000, 0x0000000088500000, 0x0000000088600000|  0%| F|  |TAMS 0x0000000088500000, 0x0000000088500000| Untracked 
| 134|0x0000000088600000, 0x0000000088600000, 0x0000000088700000|  0%| F|  |TAMS 0x0000000088600000, 0x0000000088600000| Untracked 
| 135|0x0000000088700000, 0x0000000088700000, 0x0000000088800000|  0%| F|  |TAMS 0x0000000088700000, 0x0000000088700000| Untracked 
| 136|0x0000000088800000, 0x0000000088800000, 0x0000000088900000|  0%| F|  |TAMS 0x0000000088800000, 0x0000000088800000| Untracked 
| 137|0x0000000088900000, 0x0000000088900000, 0x0000000088a00000|  0%| F|  |TAMS 0x0000000088900000, 0x0000000088900000| Untracked 
| 138|0x0000000088a00000, 0x0000000088a00000, 0x0000000088b00000|  0%| F|  |TAMS 0x0000000088a00000, 0x0000000088a00000| Untracked 
| 139|0x0000000088b00000, 0x0000000088b00000, 0x0000000088c00000|  0%| F|  |TAMS 0x0000000088b00000, 0x0000000088b00000| Untracked 
| 140|0x0000000088c00000, 0x0000000088c00000, 0x0000000088d00000|  0%| F|  |TAMS 0x0000000088c00000, 0x0000000088c00000| Untracked 
| 141|0x0000000088d00000, 0x0000000088d00000, 0x0000000088e00000|  0%| F|  |TAMS 0x0000000088d00000, 0x0000000088d00000| Untracked 
| 142|0x0000000088e00000, 0x0000000088e00000, 0x0000000088f00000|  0%| F|  |TAMS 0x0000000088e00000, 0x0000000088e00000| Untracked 
| 143|0x0000000088f00000, 0x0000000088f00000, 0x0000000089000000|  0%| F|  |TAMS 0x0000000088f00000, 0x0000000088f00000| Untracked 
| 144|0x0000000089000000, 0x0000000089000000, 0x0000000089100000|  0%| F|  |TAMS 0x0000000089000000, 0x0000000089000000| Untracked 
| 145|0x0000000089100000, 0x0000000089100000, 0x0000000089200000|  0%| F|  |TAMS 0x0000000089100000, 0x0000000089100000| Untracked 
| 146|0x0000000089200000, 0x0000000089200000, 0x0000000089300000|  0%| F|  |TAMS 0x0000000089200000, 0x0000000089200000| Untracked 
| 147|0x0000000089300000, 0x0000000089300000, 0x0000000089400000|  0%| F|  |TAMS 0x0000000089300000, 0x0000000089300000| Untracked 
| 148|0x0000000089400000, 0x0000000089400000, 0x0000000089500000|  0%| F|  |TAMS 0x0000000089400000, 0x0000000089400000| Untracked 
| 149|0x0000000089500000, 0x0000000089500000, 0x0000000089600000|  0%| F|  |TAMS 0x0000000089500000, 0x0000000089500000| Untracked 
| 150|0x0000000089600000, 0x0000000089600000, 0x0000000089700000|  0%| F|  |TAMS 0x0000000089600000, 0x0000000089600000| Untracked 
| 151|0x0000000089700000, 0x0000000089700000, 0x0000000089800000|  0%| F|  |TAMS 0x0000000089700000, 0x0000000089700000| Untracked 
| 152|0x0000000089800000, 0x0000000089800000, 0x0000000089900000|  0%| F|  |TAMS 0x0000000089800000, 0x0000000089800000| Untracked 
| 153|0x0000000089900000, 0x0000000089900000, 0x0000000089a00000|  0%| F|  |TAMS 0x0000000089900000, 0x0000000089900000| Untracked 
| 154|0x0000000089a00000, 0x0000000089a00000, 0x0000000089b00000|  0%| F|  |TAMS 0x0000000089a00000, 0x0000000089a00000| Untracked 
| 155|0x0000000089b00000, 0x0000000089b00000, 0x0000000089c00000|  0%| F|  |TAMS 0x0000000089b00000, 0x0000000089b00000| Untracked 
| 156|0x0000000089c00000, 0x0000000089c00000, 0x0000000089d00000|  0%| F|  |TAMS 0x0000000089c00000, 0x0000000089c00000| Untracked 
| 157|0x0000000089d00000, 0x0000000089d00000, 0x0000000089e00000|  0%| F|  |TAMS 0x0000000089d00000, 0x0000000089d00000| Untracked 
| 158|0x0000000089e00000, 0x0000000089e00000, 0x0000000089f00000|  0%| F|  |TAMS 0x0000000089e00000, 0x0000000089e00000| Untracked 
| 159|0x0000000089f00000, 0x0000000089f00000, 0x000000008a000000|  0%| F|  |TAMS 0x0000000089f00000, 0x0000000089f00000| Untracked 
| 160|0x000000008a000000, 0x000000008a000000, 0x000000008a100000|  0%| F|  |TAMS 0x000000008a000000, 0x000000008a000000| Untracked 
| 161|0x000000008a100000, 0x000000008a100000, 0x000000008a200000|  0%| F|  |TAMS 0x000000008a100000, 0x000000008a100000| Untracked 
| 162|0x000000008a200000, 0x000000008a200000, 0x000000008a300000|  0%| F|  |TAMS 0x000000008a200000, 0x000000008a200000| Untracked 
| 163|0x000000008a300000, 0x000000008a300000, 0x000000008a400000|  0%| F|  |TAMS 0x000000008a300000, 0x000000008a300000| Untracked 
| 164|0x000000008a400000, 0x000000008a400000, 0x000000008a500000|  0%| F|  |TAMS 0x000000008a400000, 0x000000008a400000| Untracked 
| 165|0x000000008a500000, 0x000000008a500000, 0x000000008a600000|  0%| F|  |TAMS 0x000000008a500000, 0x000000008a500000| Untracked 
| 166|0x000000008a600000, 0x000000008a600000, 0x000000008a700000|  0%| F|  |TAMS 0x000000008a600000, 0x000000008a600000| Untracked 
| 167|0x000000008a700000, 0x000000008a700000, 0x000000008a800000|  0%| F|  |TAMS 0x000000008a700000, 0x000000008a700000| Untracked 
| 168|0x000000008a800000, 0x000000008a800000, 0x000000008a900000|  0%| F|  |TAMS 0x000000008a800000, 0x000000008a800000| Untracked 
| 169|0x000000008a900000, 0x000000008a900000, 0x000000008aa00000|  0%| F|  |TAMS 0x000000008a900000, 0x000000008a900000| Untracked 
| 170|0x000000008aa00000, 0x000000008aa00000, 0x000000008ab00000|  0%| F|  |TAMS 0x000000008aa00000, 0x000000008aa00000| Untracked 
| 171|0x000000008ab00000, 0x000000008ab00000, 0x000000008ac00000|  0%| F|  |TAMS 0x000000008ab00000, 0x000000008ab00000| Untracked 
| 172|0x000000008ac00000, 0x000000008ac00000, 0x000000008ad00000|  0%| F|  |TAMS 0x000000008ac00000, 0x000000008ac00000| Untracked 
| 173|0x000000008ad00000, 0x000000008ad00000, 0x000000008ae00000|  0%| F|  |TAMS 0x000000008ad00000, 0x000000008ad00000| Untracked 
| 174|0x000000008ae00000, 0x000000008ae00000, 0x000000008af00000|  0%| F|  |TAMS 0x000000008ae00000, 0x000000008ae00000| Untracked 
| 175|0x000000008af00000, 0x000000008af00000, 0x000000008b000000|  0%| F|  |TAMS 0x000000008af00000, 0x000000008af00000| Untracked 
| 176|0x000000008b000000, 0x000000008b000000, 0x000000008b100000|  0%| F|  |TAMS 0x000000008b000000, 0x000000008b000000| Untracked 
| 177|0x000000008b100000, 0x000000008b100000, 0x000000008b200000|  0%| F|  |TAMS 0x000000008b100000, 0x000000008b100000| Untracked 
| 178|0x000000008b200000, 0x000000008b200000, 0x000000008b300000|  0%| F|  |TAMS 0x000000008b200000, 0x000000008b200000| Untracked 
| 179|0x000000008b300000, 0x000000008b300000, 0x000000008b400000|  0%| F|  |TAMS 0x000000008b300000, 0x000000008b300000| Untracked 
| 180|0x000000008b400000, 0x000000008b400000, 0x000000008b500000|  0%| F|  |TAMS 0x000000008b400000, 0x000000008b400000| Untracked 
| 181|0x000000008b500000, 0x000000008b500000, 0x000000008b600000|  0%| F|  |TAMS 0x000000008b500000, 0x000000008b500000| Untracked 
| 182|0x000000008b600000, 0x000000008b600000, 0x000000008b700000|  0%| F|  |TAMS 0x000000008b600000, 0x000000008b600000| Untracked 
| 183|0x000000008b700000, 0x000000008b700000, 0x000000008b800000|  0%| F|  |TAMS 0x000000008b700000, 0x000000008b700000| Untracked 
| 184|0x000000008b800000, 0x000000008b800000, 0x000000008b900000|  0%| F|  |TAMS 0x000000008b800000, 0x000000008b800000| Untracked 
| 185|0x000000008b900000, 0x000000008b900000, 0x000000008ba00000|  0%| F|  |TAMS 0x000000008b900000, 0x000000008b900000| Untracked 
| 186|0x000000008ba00000, 0x000000008ba00000, 0x000000008bb00000|  0%| F|  |TAMS 0x000000008ba00000, 0x000000008ba00000| Untracked 
| 187|0x000000008bb00000, 0x000000008bb00000, 0x000000008bc00000|  0%| F|  |TAMS 0x000000008bb00000, 0x000000008bb00000| Untracked 
| 188|0x000000008bc00000, 0x000000008bc00000, 0x000000008bd00000|  0%| F|  |TAMS 0x000000008bc00000, 0x000000008bc00000| Untracked 
| 189|0x000000008bd00000, 0x000000008bd00000, 0x000000008be00000|  0%| F|  |TAMS 0x000000008bd00000, 0x000000008bd00000| Untracked 
| 190|0x000000008be00000, 0x000000008be00000, 0x000000008bf00000|  0%| F|  |TAMS 0x000000008be00000, 0x000000008be00000| Untracked 
| 191|0x000000008bf00000, 0x000000008bf00000, 0x000000008c000000|  0%| F|  |TAMS 0x000000008bf00000, 0x000000008bf00000| Untracked 
| 192|0x000000008c000000, 0x000000008c000000, 0x000000008c100000|  0%| F|  |TAMS 0x000000008c000000, 0x000000008c000000| Untracked 
| 193|0x000000008c100000, 0x000000008c100000, 0x000000008c200000|  0%| F|  |TAMS 0x000000008c100000, 0x000000008c100000| Untracked 
| 194|0x000000008c200000, 0x000000008c200000, 0x000000008c300000|  0%| F|  |TAMS 0x000000008c200000, 0x000000008c200000| Untracked 
| 195|0x000000008c300000, 0x000000008c300000, 0x000000008c400000|  0%| F|  |TAMS 0x000000008c300000, 0x000000008c300000| Untracked 
| 196|0x000000008c400000, 0x000000008c400000, 0x000000008c500000|  0%| F|  |TAMS 0x000000008c400000, 0x000000008c400000| Untracked 
| 197|0x000000008c500000, 0x000000008c55cd20, 0x000000008c600000| 36%| S|CS|TAMS 0x000000008c500000, 0x000000008c500000| Complete 
| 198|0x000000008c600000, 0x000000008c700000, 0x000000008c700000|100%| S|CS|TAMS 0x000000008c600000, 0x000000008c600000| Complete 
| 199|0x000000008c700000, 0x000000008c700000, 0x000000008c800000|  0%| F|  |TAMS 0x000000008c700000, 0x000000008c700000| Untracked 
| 200|0x000000008c800000, 0x000000008c800000, 0x000000008c900000|  0%| F|  |TAMS 0x000000008c800000, 0x000000008c800000| Untracked 
| 201|0x000000008c900000, 0x000000008c900000, 0x000000008ca00000|  0%| F|  |TAMS 0x000000008c900000, 0x000000008c900000| Untracked 

Card table byte_map: [0x000001b344700000,0x000001b344b00000] _byte_map_base: 0x000001b344300000

Marking Bits (Prev, Next): (CMBitMap*) 0x000001b33183d268, (CMBitMap*) 0x000001b33183d2a0
 Prev Bits: [0x000001b344f00000, 0x000001b346f00000)
 Next Bits: [0x000001b346f00000, 0x000001b348f00000)

Polling page: 0x000001b32f5e0000

Metaspace:

Usage:
  Non-class:     82.89 MB capacity,    81.56 MB ( 98%) used,     1.07 MB (  1%) free+waste,   260.63 KB ( <1%) overhead. 
      Class:     12.74 MB capacity,    11.94 MB ( 94%) used,   700.24 KB (  5%) free+waste,   116.13 KB ( <1%) overhead. 
       Both:     95.63 MB capacity,    93.51 MB ( 98%) used,     1.76 MB (  2%) free+waste,   376.75 KB ( <1%) overhead. 

Virtual space:
  Non-class space:       84.00 MB reserved,      83.00 MB ( 99%) committed 
      Class space:        1.00 GB reserved,      12.77 MB (  1%) committed 
             Both:        1.08 GB reserved,      95.77 MB (  9%) committed 

Chunk freelists:
   Non-Class:  46.00 KB
       Class:  9.00 KB
        Both:  55.00 KB

MaxMetaspaceSize: 17179869184.00 GB
CompressedClassSpaceSize: 1.00 GB

CodeHeap 'non-profiled nmethods': size=120064Kb used=6971Kb max_used=6971Kb free=113092Kb
 bounds [0x000001b33cdc0000, 0x000001b33d490000, 0x000001b344300000]
CodeHeap 'profiled nmethods': size=120000Kb used=24870Kb max_used=24870Kb free=95129Kb
 bounds [0x000001b335890000, 0x000001b3370e0000, 0x000001b33cdc0000]
CodeHeap 'non-nmethods': size=5696Kb used=2317Kb max_used=2350Kb free=3378Kb
 bounds [0x000001b335300000, 0x000001b335570000, 0x000001b335890000]
 total_blobs=12273 nmethods=11349 adapters=835
 compilation: enabled
              stopped_count=0, restarted_count=0
 full_count=0

Compilation events (20 events):
Event: 32.386 Thread 0x000001b34b420800 11500       3       com.android.tools.r8.dex.r$$Lambda$1040/0x0000000100cb4040::<init> (10 bytes)
Event: 32.386 Thread 0x000001b34b420800 nmethod 11500 0x000001b3370d3590 code [0x000001b3370d3740, 0x000001b3370d38f8]
Event: 32.387 Thread 0x000001b34b420800 11502       3       com.android.tools.r8.dex.r$$Lambda$1040/0x0000000100cb4040::get (8 bytes)
Event: 32.387 Thread 0x000001b34b420800 nmethod 11502 0x000001b3370d3990 code [0x000001b3370d3b40, 0x000001b3370d3c68]
Event: 32.387 Thread 0x000001b34b420800 11504       3       com.android.tools.r8.internal.SV0::a (175 bytes)
Event: 32.388 Thread 0x000001b34b420800 nmethod 11504 0x000001b3370d3d90 code [0x000001b3370d3fc0, 0x000001b3370d48d8]
Event: 32.388 Thread 0x000001b34b420800 11505       3       com.android.tools.r8.dex.r::l (52 bytes)
Event: 32.389 Thread 0x000001b34b420800 nmethod 11505 0x000001b3370d4c10 code [0x000001b3370d4e60, 0x000001b3370d5808]
Event: 32.391 Thread 0x000001b34b420800 11507       2       com.android.tools.r8.dex.r::a (83 bytes)
Event: 32.391 Thread 0x000001b34d2b6000 nmethod 11489% 0x000001b33d48e610 code [0x000001b33d48e7c0, 0x000001b33d48eb98]
Event: 32.391 Thread 0x000001b34d2b6000 11458       4       com.android.tools.r8.internal.ZY0::b (639 bytes)
Event: 32.391 Thread 0x000001b34b420800 nmethod 11507 0x000001b3370d5c10 code [0x000001b3370d5e00, 0x000001b3370d6038]
Event: 32.391 Thread 0x000001b34b420800 11508       3       com.android.tools.r8.dex.r::a (83 bytes)
Event: 32.392 Thread 0x000001b34b420800 nmethod 11508 0x000001b3370d6210 code [0x000001b3370d6420, 0x000001b3370d6a78]
Event: 32.392 Thread 0x000001b34b420800 11509   !   3       com.android.tools.r8.graph.W0::S (91 bytes)
Event: 32.394 Thread 0x000001b34b420800 nmethod 11509 0x000001b3370d6d10 code [0x000001b3370d7020, 0x000001b3370d8058]
Event: 32.394 Thread 0x000001b34b420800 11512       2       com.android.tools.r8.graph.L0::<init> (62 bytes)
Event: 32.396 Thread 0x000001b34b420800 nmethod 11512 0x000001b3370d8790 code [0x000001b3370d8a00, 0x000001b3370d9098]
Event: 32.396 Thread 0x000001b34b420800 11510       3       com.android.tools.r8.graph.L0::M (34 bytes)
Event: 32.396 Thread 0x000001b34b420800 nmethod 11510 0x000001b3370d9510 code [0x000001b3370d96e0, 0x000001b3370d98c8]

GC Heap History (20 events):
Event: 20.226 GC heap after
{Heap after GC invocations=26 (full 0):
 garbage-first heap   total 138240K, used 60149K [0x0000000080000000, 0x0000000100000000)
  region size 1024K, 6 young (6144K), 6 survivors (6144K)
 Metaspace       used 75150K, capacity 76876K, committed 76952K, reserved 1116160K
  class space    used 9721K, capacity 10342K, committed 10392K, reserved 1048576K
}
Event: 21.491 GC heap before
{Heap before GC invocations=26 (full 0):
 garbage-first heap   total 138240K, used 101109K [0x0000000080000000, 0x0000000100000000)
  region size 1024K, 47 young (48128K), 6 survivors (6144K)
 Metaspace       used 79862K, capacity 81640K, committed 81816K, reserved 1120256K
  class space    used 10340K, capacity 11041K, committed 11160K, reserved 1048576K
}
Event: 21.513 GC heap after
{Heap after GC invocations=27 (full 0):
 garbage-first heap   total 165888K, used 63729K [0x0000000080000000, 0x0000000100000000)
  region size 1024K, 6 young (6144K), 6 survivors (6144K)
 Metaspace       used 79862K, capacity 81640K, committed 81816K, reserved 1120256K
  class space    used 10340K, capacity 11041K, committed 11160K, reserved 1048576K
}
Event: 23.536 GC heap before
{Heap before GC invocations=27 (full 0):
 garbage-first heap   total 165888K, used 114929K [0x0000000080000000, 0x0000000100000000)
  region size 1024K, 57 young (58368K), 6 survivors (6144K)
 Metaspace       used 83089K, capacity 85052K, committed 85272K, reserved 1122304K
  class space    used 10741K, capacity 11488K, committed 11544K, reserved 1048576K
}
Event: 23.562 GC heap after
{Heap after GC invocations=28 (full 0):
 garbage-first heap   total 165888K, used 68583K [0x0000000080000000, 0x0000000100000000)
  region size 1024K, 8 young (8192K), 8 survivors (8192K)
 Metaspace       used 83089K, capacity 85052K, committed 85272K, reserved 1122304K
  class space    used 10741K, capacity 11488K, committed 11544K, reserved 1048576K
}
Event: 25.074 GC heap before
{Heap before GC invocations=28 (full 0):
 garbage-first heap   total 165888K, used 120807K [0x0000000080000000, 0x0000000100000000)
  region size 1024K, 58 young (59392K), 8 survivors (8192K)
 Metaspace       used 84482K, capacity 86479K, committed 86808K, reserved 1124352K
  class space    used 10905K, capacity 11660K, committed 11800K, reserved 1048576K
}
Event: 25.126 GC heap after
{Heap after GC invocations=29 (full 0):
 garbage-first heap   total 165888K, used 83818K [0x0000000080000000, 0x0000000100000000)
  region size 1024K, 8 young (8192K), 8 survivors (8192K)
 Metaspace       used 84482K, capacity 86479K, committed 86808K, reserved 1124352K
  class space    used 10905K, capacity 11660K, committed 11800K, reserved 1048576K
}
Event: 26.186 GC heap before
{Heap before GC invocations=29 (full 0):
 garbage-first heap   total 165888K, used 101226K [0x0000000080000000, 0x0000000100000000)
  region size 1024K, 26 young (26624K), 8 survivors (8192K)
 Metaspace       used 84845K, capacity 86834K, committed 87064K, reserved 1124352K
  class space    used 10937K, capacity 11693K, committed 11800K, reserved 1048576K
}
Event: 26.233 GC heap after
{Heap after GC invocations=30 (full 0):
 garbage-first heap   total 165888K, used 91136K [0x0000000080000000, 0x0000000100000000)
  region size 1024K, 6 young (6144K), 6 survivors (6144K)
 Metaspace       used 84845K, capacity 86834K, committed 87064K, reserved 1124352K
  class space    used 10937K, capacity 11693K, committed 11800K, reserved 1048576K
}
Event: 27.665 GC heap before
{Heap before GC invocations=31 (full 0):
 garbage-first heap   total 165888K, used 133120K [0x0000000080000000, 0x0000000100000000)
  region size 1024K, 33 young (33792K), 6 survivors (6144K)
 Metaspace       used 87856K, capacity 89992K, committed 90264K, reserved 1128448K
  class space    used 11267K, capacity 12068K, committed 12184K, reserved 1048576K
}
Event: 27.693 GC heap after
{Heap after GC invocations=32 (full 0):
 garbage-first heap   total 206848K, used 93476K [0x0000000080000000, 0x0000000100000000)
  region size 1024K, 3 young (3072K), 3 survivors (3072K)
 Metaspace       used 87856K, capacity 89992K, committed 90264K, reserved 1128448K
  class space    used 11267K, capacity 12068K, committed 12184K, reserved 1048576K
}
Event: 29.193 GC heap before
{Heap before GC invocations=32 (full 0):
 garbage-first heap   total 206848K, used 134436K [0x0000000080000000, 0x0000000100000000)
  region size 1024K, 44 young (45056K), 3 survivors (3072K)
 Metaspace       used 88958K, capacity 91085K, committed 91416K, reserved 1128448K
  class space    used 11353K, capacity 12188K, committed 12312K, reserved 1048576K
}
Event: 29.208 GC heap after
{Heap after GC invocations=33 (full 0):
 garbage-first heap   total 206848K, used 95152K [0x0000000080000000, 0x0000000100000000)
  region size 1024K, 4 young (4096K), 4 survivors (4096K)
 Metaspace       used 88958K, capacity 91085K, committed 91416K, reserved 1128448K
  class space    used 11353K, capacity 12188K, committed 12312K, reserved 1048576K
}
Event: 30.139 GC heap before
{Heap before GC invocations=33 (full 0):
 garbage-first heap   total 206848K, used 139184K [0x0000000080000000, 0x0000000100000000)
  region size 1024K, 48 young (49152K), 4 survivors (4096K)
 Metaspace       used 90310K, capacity 92440K, committed 92568K, reserved 1130496K
  class space    used 11537K, capacity 12355K, committed 12440K, reserved 1048576K
}
Event: 30.160 GC heap after
{Heap after GC invocations=34 (full 0):
 garbage-first heap   total 206848K, used 97381K [0x0000000080000000, 0x0000000100000000)
  region size 1024K, 6 young (6144K), 6 survivors (6144K)
 Metaspace       used 90310K, capacity 92440K, committed 92568K, reserved 1130496K
  class space    used 11537K, capacity 12355K, committed 12440K, reserved 1048576K
}
Event: 30.609 GC heap before
{Heap before GC invocations=34 (full 0):
 garbage-first heap   total 206848K, used 112741K [0x0000000080000000, 0x0000000100000000)
  region size 1024K, 23 young (23552K), 6 survivors (6144K)
 Metaspace       used 91128K, capacity 93268K, committed 93464K, reserved 1130496K
  class space    used 11626K, capacity 12429K, committed 12568K, reserved 1048576K
}
Event: 30.632 GC heap after
{Heap after GC invocations=35 (full 0):
 garbage-first heap   total 206848K, used 98069K [0x0000000080000000, 0x0000000100000000)
  region size 1024K, 3 young (3072K), 3 survivors (3072K)
 Metaspace       used 91128K, capacity 93268K, committed 93464K, reserved 1130496K
  class space    used 11626K, capacity 12429K, committed 12568K, reserved 1048576K
}
Event: 32.264 GC heap before
{Heap before GC invocations=36 (full 0):
 garbage-first heap   total 206848K, used 154389K [0x0000000080000000, 0x0000000100000000)
  region size 1024K, 53 young (54272K), 3 survivors (3072K)
 Metaspace       used 95614K, capacity 97777K, committed 98072K, reserved 1134592K
  class space    used 12213K, capacity 13038K, committed 13080K, reserved 1048576K
}
Event: 32.290 GC heap after
{Heap after GC invocations=37 (full 0):
 garbage-first heap   total 206848K, used 109032K [0x0000000080000000, 0x0000000100000000)
  region size 1024K, 7 young (7168K), 7 survivors (7168K)
 Metaspace       used 95614K, capacity 97777K, committed 98072K, reserved 1134592K
  class space    used 12213K, capacity 13038K, committed 13080K, reserved 1048576K
}
Event: 32.416 GC heap before
{Heap before GC invocations=37 (full 0):
 garbage-first heap   total 206848K, used 112104K [0x0000000080000000, 0x0000000100000000)
  region size 1024K, 10 young (10240K), 7 survivors (7168K)
 Metaspace       used 95752K, capacity 97929K, committed 98072K, reserved 1134592K
  class space    used 12230K, capacity 13047K, committed 13080K, reserved 1048576K
}

Deoptimization events (20 events):
Event: 32.001 Thread 0x000001b353583800 DEOPT PACKING pc=0x000001b33d2868cc sp=0x0000006ded1fc1f0
Event: 32.001 Thread 0x000001b353583800 DEOPT UNPACKING pc=0x000001b3353265af sp=0x0000006ded1fc188 mode 2
Event: 32.077 Thread 0x000001b353583800 Uncommon trap: trap_request=0xffffff4d fr.pc=0x000001b33d120fdc relative=0x00000000000000bc
Event: 32.078 Thread 0x000001b353583800 Uncommon trap: reason=unstable_if action=reinterpret pc=0x000001b33d120fdc method=jdk.internal.misc.Unsafe.convEndian(ZS)S @ 4 c2
Event: 32.078 Thread 0x000001b353583800 DEOPT PACKING pc=0x000001b33d120fdc sp=0x0000006ded1fd350
Event: 32.078 Thread 0x000001b353583800 DEOPT UNPACKING pc=0x000001b3353265af sp=0x0000006ded1fd210 mode 2
Event: 32.397 Thread 0x000001b353583800 DEOPT PACKING pc=0x000001b3370a690e sp=0x0000006ded1fd110
Event: 32.397 Thread 0x000001b353583800 DEOPT UNPACKING pc=0x000001b335326d5e sp=0x0000006ded1fc588 mode 0
Event: 32.400 Thread 0x000001b353583800 DEOPT PACKING pc=0x000001b3370a690e sp=0x0000006ded1fd110
Event: 32.400 Thread 0x000001b353583800 DEOPT UNPACKING pc=0x000001b335326d5e sp=0x0000006ded1fc588 mode 0
Event: 32.403 Thread 0x000001b353583800 DEOPT PACKING pc=0x000001b3370a690e sp=0x0000006ded1fd110
Event: 32.403 Thread 0x000001b353583800 DEOPT UNPACKING pc=0x000001b335326d5e sp=0x0000006ded1fc588 mode 0
Event: 32.405 Thread 0x000001b353583800 DEOPT PACKING pc=0x000001b3370a690e sp=0x0000006ded1fd110
Event: 32.405 Thread 0x000001b353583800 DEOPT UNPACKING pc=0x000001b335326d5e sp=0x0000006ded1fc588 mode 0
Event: 32.408 Thread 0x000001b353583800 DEOPT PACKING pc=0x000001b3370a690e sp=0x0000006ded1fd110
Event: 32.408 Thread 0x000001b353583800 DEOPT UNPACKING pc=0x000001b335326d5e sp=0x0000006ded1fc588 mode 0
Event: 32.410 Thread 0x000001b353583800 DEOPT PACKING pc=0x000001b3370a690e sp=0x0000006ded1fd110
Event: 32.410 Thread 0x000001b353583800 DEOPT UNPACKING pc=0x000001b335326d5e sp=0x0000006ded1fc588 mode 0
Event: 32.412 Thread 0x000001b353583800 DEOPT PACKING pc=0x000001b3370a690e sp=0x0000006ded1fd110
Event: 32.412 Thread 0x000001b353583800 DEOPT UNPACKING pc=0x000001b335326d5e sp=0x0000006ded1fc588 mode 0

Classes redefined (0 events):
No events

Internal exceptions (20 events):
Event: 28.978 Thread 0x000001b353582000 Exception <a 'sun/nio/fs/WindowsException'{0x000000008aa10b38}> (0x000000008aa10b38) thrown at [./src/hotspot/share/prims/jni.cpp, line 615]
Event: 28.979 Thread 0x000001b353582000 Exception <a 'sun/nio/fs/WindowsException'{0x000000008aa10f40}> (0x000000008aa10f40) thrown at [./src/hotspot/share/prims/jni.cpp, line 615]
Event: 28.979 Thread 0x000001b353582000 Exception <a 'sun/nio/fs/WindowsException'{0x000000008aa11de8}> (0x000000008aa11de8) thrown at [./src/hotspot/share/prims/jni.cpp, line 615]
Event: 28.980 Thread 0x000001b353582000 Exception <a 'sun/nio/fs/WindowsException'{0x000000008aa123b0}> (0x000000008aa123b0) thrown at [./src/hotspot/share/prims/jni.cpp, line 615]
Event: 28.980 Thread 0x000001b353582000 Exception <a 'sun/nio/fs/WindowsException'{0x000000008aa13268}> (0x000000008aa13268) thrown at [./src/hotspot/share/prims/jni.cpp, line 615]
Event: 28.980 Thread 0x000001b353582000 Exception <a 'sun/nio/fs/WindowsException'{0x000000008aa13550}> (0x000000008aa13550) thrown at [./src/hotspot/share/prims/jni.cpp, line 615]
Event: 28.980 Thread 0x000001b353582000 Exception <a 'sun/nio/fs/WindowsException'{0x000000008aa143d8}> (0x000000008aa143d8) thrown at [./src/hotspot/share/prims/jni.cpp, line 615]
Event: 29.003 Thread 0x000001b353582000 Exception <a 'java/lang/NoSuchMethodError'{0x000000008aafb550}: <clinit>> (0x000000008aafb550) thrown at [./src/hotspot/share/prims/jni.cpp, line 1362]
Event: 29.017 Thread 0x000001b353582000 Exception <a 'java/lang/NoSuchMethodError'{0x000000008a93a360}: <clinit>> (0x000000008a93a360) thrown at [./src/hotspot/share/prims/jni.cpp, line 1362]
Event: 29.019 Thread 0x000001b353582000 Exception <a 'java/lang/NoSuchMethodError'{0x000000008a94d138}: <clinit>> (0x000000008a94d138) thrown at [./src/hotspot/share/prims/jni.cpp, line 1362]
Event: 29.382 Thread 0x000001b34c336000 Implicit null exception at 0x000001b33d400752 to 0x000001b33d400b58
Event: 29.434 Thread 0x000001b353588000 Exception <a 'java/lang/NoSuchMethodError'{0x000000008bdd5d28}: 'int java.lang.invoke.DirectMethodHandle$Holder.invokeSpecial(java.lang.Object, java.lang.Object, java.lang.Object, java.lang.Object, java.lang.Object)'> (0x000000008bdd5d28) thrown at [./src/hotspot/share/interpreter/linkResolver.cpp, line 773]
Event: 30.288 Thread 0x000001b34c33d800 Implicit null exception at 0x000001b33d42c301 to 0x000001b33d42caf8
Event: 31.436 Thread 0x000001b353583800 Exception <a 'sun/nio/fs/WindowsException'{0x000000008ae4fff0}> (0x000000008ae4fff0) thrown at [./src/hotspot/share/prims/jni.cpp, line 615]
Event: 32.068 Thread 0x000001b353583800 Exception <a 'java/lang/NoSuchMethodError'{0x0000000089e046e0}: 'java.lang.Object java.lang.invoke.DirectMethodHandle$Holder.invokeStaticInit(java.lang.Object, java.lang.Object, java.lang.Object, java.lang.Object, java.lang.Object, java.lang.Object, java.lang.Object, java.lang.Object, java.lang.Object, java.lang.Object, java.lang.Object, java.lang.Object, java.lang.Object, java.lang.Object, java.lang.Object, java.lang.Object, java.lang.Object, java.lang.Object, int, java.lang.Object, java.lang.Object)'> (0
Event: 32.260 Thread 0x000001b353586000 Exception <a 'java/lang/NoSuchMethodError'{0x00000000895612d8}: 'void java.lang.invoke.DirectMethodHandle$Holder.invokeStatic(java.lang.Object, long)'> (0x00000000895612d8) thrown at [./src/hotspot/share/interpreter/linkResolver.cpp, line 773]
Event: 32.261 Thread 0x000001b353586000 Exception <a 'java/lang/NoSuchMethodError'{0x00000000895664f0}: 'java.lang.Object java.lang.invoke.DirectMethodHandle$Holder.invokeStatic(java.lang.Object, long)'> (0x00000000895664f0) thrown at [./src/hotspot/share/interpreter/linkResolver.cpp, line 773]
Event: 32.291 Thread 0x000001b353586000 Exception <a 'java/lang/NoSuchMethodError'{0x000000008c904a50}: 'java.lang.Object java.lang.invoke.DirectMethodHandle$Holder.invokeStaticInit(java.lang.Object, java.lang.Object, long, java.lang.Object)'> (0x000000008c904a50) thrown at [./src/hotspot/share/interpreter/linkResolver.cpp, line 773]
Event: 32.292 Thread 0x000001b353586000 Exception <a 'java/lang/NoSuchMethodError'{0x000000008c90e578}: 'java.lang.Object java.lang.invoke.DirectMethodHandle$Holder.invokeStatic(java.lang.Object, java.lang.Object, long)'> (0x000000008c90e578) thrown at [./src/hotspot/share/interpreter/linkResolver.cpp, line 773]
Event: 32.293 Thread 0x000001b353586000 Exception <a 'java/lang/NoSuchMethodError'{0x000000008c918258}: 'java.lang.Object java.lang.invoke.Invokers$Holder.linkToTargetMethod(java.lang.Object, long, java.lang.Object)'> (0x000000008c918258) thrown at [./src/hotspot/share/interpreter/linkResolver.cpp, line 773]

Events (20 events):
Event: 32.302 loading class com/google/common/util/concurrent/OverflowAvoidingLockSupport done
Event: 32.325 loading class com/android/tools/r8/internal/X41
Event: 32.325 loading class com/android/tools/r8/internal/X41 done
Event: 32.327 loading class com/android/tools/r8/internal/LH0
Event: 32.327 loading class com/android/tools/r8/internal/LH0 done
Event: 32.327 loading class com/android/tools/r8/internal/W41
Event: 32.327 loading class com/android/tools/r8/internal/W41 done
Event: 32.328 loading class com/android/tools/r8/internal/a51
Event: 32.328 loading class com/android/tools/r8/internal/a51 done
Event: 32.335 loading class com/android/tools/r8/internal/MS0
Event: 32.335 loading class com/android/tools/r8/internal/MS0 done
Event: 32.335 loading class com/android/tools/r8/internal/MS0
Event: 32.335 loading class com/android/tools/r8/internal/MS0 done
Event: 32.381 loading class com/android/tools/r8/graph/Y0
Event: 32.381 loading class com/android/tools/r8/graph/Y0 done
Event: 32.381 loading class com/android/tools/r8/graph/Y0
Event: 32.381 loading class com/android/tools/r8/graph/Y0 done
Event: 32.381 loading class com/android/tools/r8/dex/r
Event: 32.381 loading class com/android/tools/r8/dex/r done
Event: 32.415 Executing VM operation: G1CollectForAllocation


Dynamic libraries:
0x00007ff705a10000 - 0x00007ff705a1a000 	C:\Program Files\Android\Android Studio\jre\bin\java.exe
0x00007fff379d0000 - 0x00007fff37bc5000 	C:\Windows\SYSTEM32\ntdll.dll
0x00007fff35c30000 - 0x00007fff35cee000 	C:\Windows\System32\KERNEL32.DLL
0x00007fff35470000 - 0x00007fff35738000 	C:\Windows\System32\KERNELBASE.dll
0x00007fff351b0000 - 0x00007fff352b0000 	C:\Windows\System32\ucrtbase.dll
0x00007fff2ade0000 - 0x00007fff2adf7000 	C:\Program Files\Android\Android Studio\jre\bin\VCRUNTIME140.dll
0x00007fff2ae00000 - 0x00007fff2ae19000 	C:\Program Files\Android\Android Studio\jre\bin\jli.dll
0x00007fff37270000 - 0x00007fff37411000 	C:\Windows\System32\USER32.dll
0x00007fff350e0000 - 0x00007fff35102000 	C:\Windows\System32\win32u.dll
0x00007fff26ba0000 - 0x00007fff26e3a000 	C:\Windows\WinSxS\amd64_microsoft.windows.common-controls_6595b64144ccf1df_6.0.19041.1110_none_60b5254171f9507e\COMCTL32.dll
0x00007fff35f30000 - 0x00007fff35f5b000 	C:\Windows\System32\GDI32.dll
0x00007fff37420000 - 0x00007fff374be000 	C:\Windows\System32\msvcrt.dll
0x00007fff35360000 - 0x00007fff3546d000 	C:\Windows\System32\gdi32full.dll
0x00007fff35110000 - 0x00007fff351ad000 	C:\Windows\System32\msvcp_win.dll
0x00007fff374d0000 - 0x00007fff37500000 	C:\Windows\System32\IMM32.DLL
0x00007fff270b0000 - 0x00007fff2714d000 	C:\Program Files\Android\Android Studio\jre\bin\msvcp140.dll
0x00007fff0aee0000 - 0x00007fff0b9b5000 	C:\Program Files\Android\Android Studio\jre\bin\server\jvm.dll
0x00007fff371c0000 - 0x00007fff3726c000 	C:\Windows\System32\ADVAPI32.dll
0x00007fff35f80000 - 0x00007fff3601b000 	C:\Windows\System32\sechost.dll
0x00007fff376b0000 - 0x00007fff377da000 	C:\Windows\System32\RPCRT4.dll
0x00007fff376a0000 - 0x00007fff376a8000 	C:\Windows\System32\PSAPI.DLL
0x00007fff23e10000 - 0x00007fff23e37000 	C:\Windows\SYSTEM32\WINMM.dll
0x00007fff251b0000 - 0x00007fff251ba000 	C:\Windows\SYSTEM32\VERSION.dll
0x00007fff30ec0000 - 0x00007fff30ec9000 	C:\Windows\SYSTEM32\WSOCK32.dll
0x00007fff37630000 - 0x00007fff3769b000 	C:\Windows\System32\ws2_32.DLL
0x00007fff33180000 - 0x00007fff33192000 	C:\Windows\SYSTEM32\kernel.appcore.dll
0x00007fff30230000 - 0x00007fff30241000 	C:\Program Files\Android\Android Studio\jre\bin\verify.dll
0x00007fff23290000 - 0x00007fff23474000 	C:\Windows\SYSTEM32\DBGHELP.DLL
0x00007fff23260000 - 0x00007fff2328c000 	C:\Windows\SYSTEM32\dbgcore.DLL
0x00007fff35740000 - 0x00007fff357c2000 	C:\Windows\System32\bcryptPrimitives.dll
0x00007fff2fd30000 - 0x00007fff2fd59000 	C:\Program Files\Android\Android Studio\jre\bin\java.dll
0x00007fff301f0000 - 0x00007fff301fb000 	C:\Program Files\Android\Android Studio\jre\bin\jimage.dll
0x00007fff2fce0000 - 0x00007fff2fcf8000 	C:\Program Files\Android\Android Studio\jre\bin\zip.dll
0x00007fff36020000 - 0x00007fff36764000 	C:\Windows\System32\SHELL32.dll
0x00007fff33380000 - 0x00007fff33b14000 	C:\Windows\SYSTEM32\windows.storage.dll
0x00007fff36c60000 - 0x00007fff36fb5000 	C:\Windows\System32\combase.dll
0x00007fff34a60000 - 0x00007fff34a8e000 	C:\Windows\SYSTEM32\Wldp.dll
0x00007fff35ad0000 - 0x00007fff35b7d000 	C:\Windows\System32\SHCORE.dll
0x00007fff35a70000 - 0x00007fff35ac5000 	C:\Windows\System32\shlwapi.dll
0x00007fff35020000 - 0x00007fff3503f000 	C:\Windows\SYSTEM32\profapi.dll
0x00007fff2f9d0000 - 0x00007fff2f9ea000 	C:\Program Files\Android\Android Studio\jre\bin\net.dll
0x00007fff2b640000 - 0x00007fff2b74c000 	C:\Windows\SYSTEM32\WINHTTP.dll
0x00007fff347c0000 - 0x00007fff3482a000 	C:\Windows\system32\mswsock.dll
0x00007fff2f320000 - 0x00007fff2f334000 	C:\Program Files\Android\Android Studio\jre\bin\nio.dll
0x00007fff26ea0000 - 0x00007fff26ec7000 	C:\Users\Admin\.gradle\native\e1d6ef7f7dcc3fd88c89a11ec53ec762bb8ba0a96d01ffa2cd45eb1d1d8dd5c5\windows-amd64\native-platform.dll
0x00007fff1f100000 - 0x00007fff1f244000 	C:\Users\Admin\.gradle\native\5664cfc778a61ccfe75a443a1ab52a65af34e5dc3c78e0209fed803814484fcb\windows-amd64\native-platform-file-events.dll
0x00007fff2fd20000 - 0x00007fff2fd2a000 	C:\Program Files\Android\Android Studio\jre\bin\management.dll
0x00007fff2fcd0000 - 0x00007fff2fcdd000 	C:\Program Files\Android\Android Studio\jre\bin\management_ext.dll
0x00007fff349c0000 - 0x00007fff349d8000 	C:\Windows\SYSTEM32\CRYPTSP.dll
0x00007fff342f0000 - 0x00007fff34324000 	C:\Windows\system32\rsaenh.dll
0x00007fff35880000 - 0x00007fff358a7000 	C:\Windows\System32\bcrypt.dll
0x00007fff34fa0000 - 0x00007fff34fce000 	C:\Windows\SYSTEM32\USERENV.dll
0x00007fff349b0000 - 0x00007fff349bc000 	C:\Windows\SYSTEM32\CRYPTBASE.dll
0x00007fff344b0000 - 0x00007fff344eb000 	C:\Windows\SYSTEM32\IPHLPAPI.DLL
0x00007fff36c50000 - 0x00007fff36c58000 	C:\Windows\System32\NSI.dll
0x00007fff2de80000 - 0x00007fff2de97000 	C:\Windows\SYSTEM32\dhcpcsvc6.DLL
0x00007fff2de30000 - 0x00007fff2de4d000 	C:\Windows\SYSTEM32\dhcpcsvc.DLL
0x00007fff344f0000 - 0x00007fff345bb000 	C:\Windows\SYSTEM32\DNSAPI.dll
0x00007fff33f80000 - 0x00007fff33fb3000 	C:\Windows\SYSTEM32\ntmarta.dll

dbghelp: loaded successfully - version: 4.0.5 - missing functions: none
symbol engine: initialized successfully - sym options: 0x614 - pdb path: .;C:\Program Files\Android\Android Studio\jre\bin;C:\Windows\SYSTEM32;C:\Windows\WinSxS\amd64_microsoft.windows.common-controls_6595b64144ccf1df_6.0.19041.1110_none_60b5254171f9507e;C:\Program Files\Android\Android Studio\jre\bin\server;C:\Users\Admin\.gradle\native\e1d6ef7f7dcc3fd88c89a11ec53ec762bb8ba0a96d01ffa2cd45eb1d1d8dd5c5\windows-amd64;C:\Users\Admin\.gradle\native\5664cfc778a61ccfe75a443a1ab52a65af34e5dc3c78e0209fed803814484fcb\windows-amd64

VM Arguments:
jvm_args: --add-opens=java.base/java.util=ALL-UNNAMED --add-opens=java.base/java.lang=ALL-UNNAMED --add-opens=java.base/java.lang.invoke=ALL-UNNAMED --add-opens=java.base/java.util=ALL-UNNAMED --add-opens=java.prefs/java.util.prefs=ALL-UNNAMED --add-opens=java.prefs/java.util.prefs=ALL-UNNAMED --add-opens=java.base/java.nio.charset=ALL-UNNAMED --add-opens=java.base/java.net=ALL-UNNAMED --add-opens=java.base/java.util.concurrent.atomic=ALL-UNNAMED -Xmx2048m -Dfile.encoding=UTF-8 -Duser.country=US -Duser.language=en -Duser.variant 
java_command: org.gradle.launcher.daemon.bootstrap.GradleDaemon 7.2
java_class_path (initial): C:\Users\Admin\.gradle\wrapper\dists\gradle-7.2-bin\2dnblmf4td7x66yl1d74lt32g\gradle-7.2\lib\gradle-launcher-7.2.jar
Launcher Type: SUN_STANDARD

[Global flags]
     intx CICompilerCount                          = 3                                         {product} {ergonomic}
     uint ConcGCThreads                            = 1                                         {product} {ergonomic}
     uint G1ConcRefinementThreads                  = 4                                         {product} {ergonomic}
   size_t G1HeapRegionSize                         = 1048576                                   {product} {ergonomic}
    uintx GCDrainStackTargetSize                   = 64                                        {product} {ergonomic}
   size_t InitialHeapSize                          = 67108864                                  {product} {ergonomic}
   size_t MarkStackSize                            = 4194304                                   {product} {ergonomic}
   size_t MaxHeapSize                              = 2147483648                                {product} {command line}
   size_t MaxNewSize                               = 1287651328                                {product} {ergonomic}
   size_t MinHeapDeltaBytes                        = 1048576                                   {product} {ergonomic}
    uintx NonNMethodCodeHeapSize                   = 5830732                                {pd product} {ergonomic}
    uintx NonProfiledCodeHeapSize                  = 122913754                              {pd product} {ergonomic}
    uintx ProfiledCodeHeapSize                     = 122913754                              {pd product} {ergonomic}
    uintx ReservedCodeCacheSize                    = 251658240                              {pd product} {ergonomic}
     bool SegmentedCodeCache                       = true                                      {product} {ergonomic}
     bool UseCompressedClassPointers               = true                                 {lp64_product} {ergonomic}
     bool UseCompressedOops                        = true                                 {lp64_product} {ergonomic}
     bool UseG1GC                                  = true                                      {product} {ergonomic}
     bool UseLargePagesIndividualAllocation        = false                                  {pd product} {ergonomic}

Logging:
Log output configuration:
 #0: stdout all=warning uptime,level,tags
 #1: stderr all=off uptime,level,tags

Environment Variables:
PATH=C:\Program Files (x86)\VMware\VMware Player\bin\;C:\Windows\system32;C:\Windows;C:\Windows\System32\Wbem;C:\Windows\System32\WindowsPowerShell\v1.0\;C:\Windows\System32\OpenSSH\;C:\Program Files\dotnet\;C:\Users\Admin\AppData\Local\Microsoft\WindowsApps;C:\Users\Admin\.dotnet\tools
USERNAME=Admin
OS=Windows_NT
PROCESSOR_IDENTIFIER=Intel64 Family 6 Model 42 Stepping 7, GenuineIntel



---------------  S Y S T E M  ---------------

OS: Windows 10 , 64 bit Build 19041 (10.0.19041.1348)
OS uptime: 0 days 3:29 hours

CPU:total 4 (initial active 4) (2 cores per cpu, 2 threads per core) family 6 model 42 stepping 7 microcode 0x2f, cmov, cx8, fxsr, mmx, sse, sse2, sse3, ssse3, sse4.1, sse4.2, popcnt, avx, clmul, ht, tsc, tscinvbit

Memory: 4k page, system-wide physical 4004M (385M free)
TotalPageFile size 4004M (AvailPageFile size 28M)
current process WorkingSet (physical memory assigned to process): 404M, peak: 407M
current process commit charge ("private bytes"): 493M, peak: 534M

vm_info: OpenJDK 64-Bit Server VM (11.0.11+9-b60-7590822) for windows-amd64 JRE (11.0.11+9-b60-7590822), built on Jul 29 2021 21:43:44 by "builder" with MS VC++ 14.0 (VS2015)

END.
