#
# There is insufficient memory for the Java Runtime Environment to continue.
# Native memory allocation (malloc) failed to allocate 1601616 bytes for Chunk::new
# Possible reasons:
#   The system is out of physical RAM or swap space
#   The process is running with CompressedOops enabled, and the Java Heap may be blocking the growth of the native heap
# Possible solutions:
#   Reduce memory load on the system
#   Increase physical memory or swap space
#   Check if swap backing store is full
#   Decrease Java heap size (-Xmx/-Xms)
#   Decrease number of Java threads
#   Decrease Java thread stack sizes (-Xss)
#   Set larger code cache with -XX:ReservedCodeCacheSize=
#   JVM is running with Unscaled Compressed Oops mode in which the Java heap is
#     placed in the first 4GB address space. The Java Heap base address is the
#     maximum limit for the native heap growth. Please use -XX:HeapBaseMinAddress
#     to set the Java Heap base and to place the Java Heap above 4GB virtual address.
# This output file may be truncated or incomplete.
#
#  Out of Memory Error (./src/hotspot/share/memory/arena.cpp:197), pid=1792, tid=4332
#
# JRE version: OpenJDK Runtime Environment (11.0.11+9) (build 11.0.11+9-b60-7590822)
# Java VM: OpenJDK 64-Bit Server VM (11.0.11+9-b60-7590822, mixed mode, tiered, compressed oops, g1 gc, windows-amd64)
# No core dump will be written. Minidumps are not enabled by default on client versions of Windows
#

---------------  S U M M A R Y ------------

Command Line: --add-opens=java.base/java.util=ALL-UNNAMED --add-opens=java.base/java.lang=ALL-UNNAMED --add-opens=java.base/java.lang.invoke=ALL-UNNAMED --add-opens=java.base/java.util=ALL-UNNAMED --add-opens=java.prefs/java.util.prefs=ALL-UNNAMED --add-opens=java.prefs/java.util.prefs=ALL-UNNAMED --add-opens=java.base/java.nio.charset=ALL-UNNAMED --add-opens=java.base/java.net=ALL-UNNAMED --add-opens=java.base/java.util.concurrent.atomic=ALL-UNNAMED -Xmx2048m -Dfile.encoding=UTF-8 -Duser.country=US -Duser.language=en -Duser.variant org.gradle.launcher.daemon.bootstrap.GradleDaemon 7.2

Host: Intel(R) Core(TM) i3-2330M CPU @ 2.20GHz, 4 cores, 3G,  Windows 10 , 64 bit Build 19041 (10.0.19041.1348)
Time: Sat Mar 26 17:32:52 2022 SE Asia Standard Time elapsed time: 28.154025 seconds (0d 0h 0m 28s)

---------------  T H R E A D  ---------------

Current thread (0x0000022b7ba4d000):  JavaThread "C2 CompilerThread0" daemon [_thread_in_native, id=4332, stack(0x0000007c5da00000,0x0000007c5db00000)]


Current CompileTask:
C2:  28154 11047       4       com.android.tools.r8.dex.r::e (654 bytes)

Stack: [0x0000007c5da00000,0x0000007c5db00000]
Native frames: (J=compiled Java code, j=interpreted, Vv=VM code, C=native code)
V  [jvm.dll+0x5f214a]
V  [jvm.dll+0x726fb5]
V  [jvm.dll+0x7285cd]
V  [jvm.dll+0x728c83]
V  [jvm.dll+0x243278]
V  [jvm.dll+0xbc53c]
V  [jvm.dll+0xbca3c]
V  [jvm.dll+0x353e7d]
V  [jvm.dll+0x321893]
V  [jvm.dll+0x320d8a]
V  [jvm.dll+0x1fc1e2]
V  [jvm.dll+0x1fb3d4]
V  [jvm.dll+0x183d6c]
V  [jvm.dll+0x209a57]
V  [jvm.dll+0x2082a1]
V  [jvm.dll+0x6ef58f]
V  [jvm.dll+0x6e80b5]
V  [jvm.dll+0x5f1036]
C  [ucrtbase.dll+0x21bb2]
C  [KERNEL32.DLL+0x17034]
C  [ntdll.dll+0x52651]


---------------  P R O C E S S  ---------------

Threads class SMR info:
_java_thread_list=0x0000022b112b7850, length=95, elements={
0x0000022b7070b800, 0x0000022b7b9e7000, 0x0000022b7b9ed000, 0x0000022b7ba42800,
0x0000022b7ba47800, 0x0000022b7ba49800, 0x0000022b7ba4d000, 0x0000022b7ba53800,
0x0000022b7ba57000, 0x0000022b7c4e0000, 0x0000022b7eba8800, 0x0000022b7dced800,
0x0000022b7d94e800, 0x0000022b7e28d000, 0x0000022b7e7ab000, 0x0000022b7e424000,
0x0000022b7d896800, 0x0000022b7e839800, 0x0000022b7e875800, 0x0000022b7e9b1800,
0x0000022b7e9b3000, 0x0000022b7e9b0800, 0x0000022b7e9b2800, 0x0000022b7e9ad800,
0x0000022b7e9b4000, 0x0000022b7e9ae000, 0x0000022b7e9af000, 0x0000022b7e9b0000,
0x0000022b0f790800, 0x0000022b0f794800, 0x0000022b0f792000, 0x0000022b0f791800,
0x0000022b0f798800, 0x0000022b0f793000, 0x0000022b0f797000, 0x0000022b0f798000,
0x0000022b0f799800, 0x0000022b0f794000, 0x0000022b0f79a800, 0x0000022b0f79b000,
0x0000022b0f795800, 0x0000022b0f79c000, 0x0000022b0f79c800, 0x0000022b0f79d800,
0x0000022b0f79e800, 0x0000022b7f038000, 0x0000022b7f034800, 0x0000022b7f032000,
0x0000022b7f035800, 0x0000022b7f036000, 0x0000022b7f037000, 0x0000022b7f038800,
0x0000022b7f033000, 0x0000022b7f039800, 0x0000022b7f034000, 0x0000022b7f040000,
0x0000022b7f03d000, 0x0000022b7f03c000, 0x0000022b7f03a800, 0x0000022b7f041000,
0x0000022b7f03d800, 0x0000022b7f03b000, 0x0000022b7f03e800, 0x0000022b7f03f000,
0x0000022b0fbab000, 0x0000022b0fba8000, 0x0000022b0fbac000, 0x0000022b0fbad000,
0x0000022b0fba7000, 0x0000022b0fba8800, 0x0000022b0fbad800, 0x0000022b0fba9800,
0x0000022b0fbaa800, 0x0000022b0fbb1000, 0x0000022b0fbb2800, 0x0000022b0fbb0000,
0x0000022b0fbb3800, 0x0000022b0fbb4000, 0x0000022b0fbae800, 0x0000022b0fbb5000,
0x0000022b0fbaf000, 0x0000022b0fbb6000, 0x0000022b11757800, 0x0000022b1175a000,
0x0000022b1175b800, 0x0000022b11759000, 0x0000022b1175b000, 0x0000022b1175d000,
0x0000022b1175e000, 0x0000022b11758800, 0x0000022b11764800, 0x0000022b11763800,
0x0000022b1175f000, 0x0000022b11763000, 0x0000022b11765800
}

Java Threads: ( => current thread )
  0x0000022b7070b800 JavaThread "main" [_thread_blocked, id=5308, stack(0x0000007c5ce00000,0x0000007c5cf00000)]
  0x0000022b7b9e7000 JavaThread "Reference Handler" daemon [_thread_blocked, id=2312, stack(0x0000007c5d500000,0x0000007c5d600000)]
  0x0000022b7b9ed000 JavaThread "Finalizer" daemon [_thread_blocked, id=5388, stack(0x0000007c5d600000,0x0000007c5d700000)]
  0x0000022b7ba42800 JavaThread "Signal Dispatcher" daemon [_thread_blocked, id=4532, stack(0x0000007c5d700000,0x0000007c5d800000)]
  0x0000022b7ba47800 JavaThread "Attach Listener" daemon [_thread_blocked, id=4116, stack(0x0000007c5d800000,0x0000007c5d900000)]
  0x0000022b7ba49800 JavaThread "Service Thread" daemon [_thread_blocked, id=1444, stack(0x0000007c5d900000,0x0000007c5da00000)]
=>0x0000022b7ba4d000 JavaThread "C2 CompilerThread0" daemon [_thread_in_native, id=4332, stack(0x0000007c5da00000,0x0000007c5db00000)]
  0x0000022b7ba53800 JavaThread "C1 CompilerThread0" daemon [_thread_blocked, id=1144, stack(0x0000007c5db00000,0x0000007c5dc00000)]
  0x0000022b7ba57000 JavaThread "Sweeper thread" daemon [_thread_blocked, id=2784, stack(0x0000007c5dc00000,0x0000007c5dd00000)]
  0x0000022b7c4e0000 JavaThread "Common-Cleaner" daemon [_thread_blocked, id=1404, stack(0x0000007c5dd00000,0x0000007c5de00000)]
  0x0000022b7eba8800 JavaThread "Daemon health stats" [_thread_blocked, id=4944, stack(0x0000007c5e100000,0x0000007c5e200000)]
  0x0000022b7dced800 JavaThread "Incoming local TCP Connector on port 56977" [_thread_in_native, id=1356, stack(0x0000007c5df00000,0x0000007c5e000000)]
  0x0000022b7d94e800 JavaThread "Daemon periodic checks" [_thread_blocked, id=5632, stack(0x0000007c5e200000,0x0000007c5e300000)]
  0x0000022b7e28d000 JavaThread "Daemon" [_thread_blocked, id=5304, stack(0x0000007c5e300000,0x0000007c5e400000)]
  0x0000022b7e7ab000 JavaThread "Handler for socket connection from /127.0.0.1:56977 to /127.0.0.1:56978" [_thread_in_native, id=5784, stack(0x0000007c5e400000,0x0000007c5e500000)]
  0x0000022b7e424000 JavaThread "Cancel handler" [_thread_blocked, id=3948, stack(0x0000007c5e500000,0x0000007c5e600000)]
  0x0000022b7d896800 JavaThread "Daemon worker" [_thread_blocked, id=5516, stack(0x0000007c5e600000,0x0000007c5e700000)]
  0x0000022b7e839800 JavaThread "Asynchronous log dispatcher for DefaultDaemonConnection: socket connection from /127.0.0.1:56977 to /127.0.0.1:56978" [_thread_blocked, id=1548, stack(0x0000007c5e700000,0x0000007c5e800000)]
  0x0000022b7e875800 JavaThread "Stdin handler" [_thread_blocked, id=1028, stack(0x0000007c5e800000,0x0000007c5e900000)]
  0x0000022b7e9b1800 JavaThread "Daemon client event forwarder" [_thread_blocked, id=4780, stack(0x0000007c5e900000,0x0000007c5ea00000)]
  0x0000022b7e9b3000 JavaThread "Cache worker for journal cache (C:\Users\Admin\.gradle\caches\journal-1)" [_thread_blocked, id=5548, stack(0x0000007c5ec00000,0x0000007c5ed00000)]
  0x0000022b7e9b0800 JavaThread "File lock request listener" [_thread_in_native, id=2624, stack(0x0000007c5ed00000,0x0000007c5ee00000)]
  0x0000022b7e9b2800 JavaThread "Cache worker for file hash cache (C:\Users\Admin\.gradle\caches\7.2\fileHashes)" [_thread_blocked, id=4564, stack(0x0000007c5ee00000,0x0000007c5ef00000)]
  0x0000022b7e9ad800 JavaThread "Cache worker for file hash cache (C:\Users\Admin\AndroidStudioProjects\DailySelfie\.gradle\7.2\fileHashes)" [_thread_blocked, id=952, stack(0x0000007c5f000000,0x0000007c5f100000)]
  0x0000022b7e9b4000 JavaThread "File watcher server" daemon [_thread_in_native, id=3116, stack(0x0000007c5f100000,0x0000007c5f200000)]
  0x0000022b7e9ae000 JavaThread "File watcher consumer" daemon [_thread_blocked, id=4376, stack(0x0000007c5f200000,0x0000007c5f300000)]
  0x0000022b7e9af000 JavaThread "Cache worker for checksums cache (C:\Users\Admin\AndroidStudioProjects\DailySelfie\.gradle\checksums)" [_thread_blocked, id=1452, stack(0x0000007c5f300000,0x0000007c5f400000)]
  0x0000022b7e9b0000 JavaThread "Cache worker for cache directory md-supplier (C:\Users\Admin\.gradle\caches\7.2\md-supplier)" [_thread_blocked, id=296, stack(0x0000007c5f400000,0x0000007c5f500000)]
  0x0000022b0f790800 JavaThread "Cache worker for cache directory md-rule (C:\Users\Admin\.gradle\caches\7.2\md-rule)" [_thread_blocked, id=2552, stack(0x0000007c5f500000,0x0000007c5f600000)]
  0x0000022b0f794800 JavaThread "Cache worker for execution history cache (C:\Users\Admin\.gradle\caches\7.2\executionHistory)" [_thread_blocked, id=3128, stack(0x0000007c5f600000,0x0000007c5f700000)]
  0x0000022b0f792000 JavaThread "jar transforms" [_thread_blocked, id=5920, stack(0x0000007c5f700000,0x0000007c5f800000)]
  0x0000022b0f791800 JavaThread "Cache worker for file content cache (C:\Users\Admin\.gradle\caches\7.2\fileContent)" [_thread_blocked, id=5688, stack(0x0000007c5f800000,0x0000007c5f900000)]
  0x0000022b0f798800 JavaThread "jar transforms Thread 2" [_thread_blocked, id=1200, stack(0x0000007c5f900000,0x0000007c5fa00000)]
  0x0000022b0f793000 JavaThread "Cache worker for dependencies-accessors (C:\Users\Admin\AndroidStudioProjects\DailySelfie\.gradle\7.2\dependencies-accessors)" [_thread_blocked, id=2512, stack(0x0000007c5fa00000,0x0000007c5fb00000)]
  0x0000022b0f797000 JavaThread "jar transforms Thread 3" [_thread_blocked, id=5192, stack(0x0000007c5fb00000,0x0000007c5fc00000)]
  0x0000022b0f798000 JavaThread "Cache worker for Build Output Cleanup Cache (C:\Users\Admin\AndroidStudioProjects\DailySelfie\.gradle\buildOutputCleanup)" [_thread_blocked, id=5084, stack(0x0000007c5fc00000,0x0000007c5fd00000)]
  0x0000022b0f799800 JavaThread "Unconstrained build operations" [_thread_blocked, id=4892, stack(0x0000007c5fd00000,0x0000007c5fe00000)]
  0x0000022b0f794000 JavaThread "Unconstrained build operations Thread 2" [_thread_blocked, id=756, stack(0x0000007c5fe00000,0x0000007c5ff00000)]
  0x0000022b0f79a800 JavaThread "Unconstrained build operations Thread 3" [_thread_blocked, id=4008, stack(0x0000007c5ff00000,0x0000007c60000000)]
  0x0000022b0f79b000 JavaThread "Unconstrained build operations Thread 4" [_thread_blocked, id=4348, stack(0x0000007c60000000,0x0000007c60100000)]
  0x0000022b0f795800 JavaThread "Unconstrained build operations Thread 5" [_thread_blocked, id=4316, stack(0x0000007c60100000,0x0000007c60200000)]
  0x0000022b0f79c000 JavaThread "Unconstrained build operations Thread 6" [_thread_blocked, id=2104, stack(0x0000007c60200000,0x0000007c60300000)]
  0x0000022b0f79c800 JavaThread "Unconstrained build operations Thread 7" [_thread_blocked, id=4820, stack(0x0000007c60300000,0x0000007c60400000)]
  0x0000022b0f79d800 JavaThread "Unconstrained build operations Thread 8" [_thread_blocked, id=2456, stack(0x0000007c60400000,0x0000007c60500000)]
  0x0000022b0f79e800 JavaThread "Unconstrained build operations Thread 9" [_thread_blocked, id=2328, stack(0x0000007c60500000,0x0000007c60600000)]
  0x0000022b7f038000 JavaThread "Unconstrained build operations Thread 10" [_thread_blocked, id=3604, stack(0x0000007c60600000,0x0000007c60700000)]
  0x0000022b7f034800 JavaThread "Unconstrained build operations Thread 11" [_thread_blocked, id=1384, stack(0x0000007c60700000,0x0000007c60800000)]
  0x0000022b7f032000 JavaThread "Unconstrained build operations Thread 12" [_thread_blocked, id=4320, stack(0x0000007c60800000,0x0000007c60900000)]
  0x0000022b7f035800 JavaThread "Unconstrained build operations Thread 13" [_thread_blocked, id=1448, stack(0x0000007c60900000,0x0000007c60a00000)]
  0x0000022b7f036000 JavaThread "Unconstrained build operations Thread 14" [_thread_blocked, id=2520, stack(0x0000007c60a00000,0x0000007c60b00000)]
  0x0000022b7f037000 JavaThread "Unconstrained build operations Thread 15" [_thread_blocked, id=5236, stack(0x0000007c60b00000,0x0000007c60c00000)]
  0x0000022b7f038800 JavaThread "Unconstrained build operations Thread 16" [_thread_blocked, id=2212, stack(0x0000007c60c00000,0x0000007c60d00000)]
  0x0000022b7f033000 JavaThread "Unconstrained build operations Thread 17" [_thread_blocked, id=3172, stack(0x0000007c60d00000,0x0000007c60e00000)]
  0x0000022b7f039800 JavaThread "Unconstrained build operations Thread 18" [_thread_blocked, id=4128, stack(0x0000007c60e00000,0x0000007c60f00000)]
  0x0000022b7f034000 JavaThread "Unconstrained build operations Thread 19" [_thread_blocked, id=4020, stack(0x0000007c60f00000,0x0000007c61000000)]
  0x0000022b7f040000 JavaThread "Unconstrained build operations Thread 20" [_thread_blocked, id=1472, stack(0x0000007c61000000,0x0000007c61100000)]
  0x0000022b7f03d000 JavaThread "Unconstrained build operations Thread 21" [_thread_blocked, id=3320, stack(0x0000007c61100000,0x0000007c61200000)]
  0x0000022b7f03c000 JavaThread "Unconstrained build operations Thread 22" [_thread_blocked, id=5108, stack(0x0000007c61200000,0x0000007c61300000)]
  0x0000022b7f03a800 JavaThread "Unconstrained build operations Thread 23" [_thread_blocked, id=3244, stack(0x0000007c61300000,0x0000007c61400000)]
  0x0000022b7f041000 JavaThread "Unconstrained build operations Thread 24" [_thread_blocked, id=4092, stack(0x0000007c61400000,0x0000007c61500000)]
  0x0000022b7f03d800 JavaThread "Unconstrained build operations Thread 25" [_thread_blocked, id=4904, stack(0x0000007c61500000,0x0000007c61600000)]
  0x0000022b7f03b000 JavaThread "Unconstrained build operations Thread 26" [_thread_blocked, id=5760, stack(0x0000007c61600000,0x0000007c61700000)]
  0x0000022b7f03e800 JavaThread "Unconstrained build operations Thread 27" [_thread_blocked, id=2448, stack(0x0000007c61700000,0x0000007c61800000)]
  0x0000022b7f03f000 JavaThread "Unconstrained build operations Thread 28" [_thread_blocked, id=6008, stack(0x0000007c61800000,0x0000007c61900000)]
  0x0000022b0fbab000 JavaThread "Unconstrained build operations Thread 29" [_thread_blocked, id=4996, stack(0x0000007c61900000,0x0000007c61a00000)]
  0x0000022b0fba8000 JavaThread "Unconstrained build operations Thread 30" [_thread_blocked, id=5016, stack(0x0000007c61a00000,0x0000007c61b00000)]
  0x0000022b0fbac000 JavaThread "Unconstrained build operations Thread 31" [_thread_blocked, id=3656, stack(0x0000007c61b00000,0x0000007c61c00000)]
  0x0000022b0fbad000 JavaThread "Unconstrained build operations Thread 32" [_thread_blocked, id=2768, stack(0x0000007c61c00000,0x0000007c61d00000)]
  0x0000022b0fba7000 JavaThread "Unconstrained build operations Thread 33" [_thread_blocked, id=2568, stack(0x0000007c61d00000,0x0000007c61e00000)]
  0x0000022b0fba8800 JavaThread "Unconstrained build operations Thread 34" [_thread_blocked, id=492, stack(0x0000007c61e00000,0x0000007c61f00000)]
  0x0000022b0fbad800 JavaThread "Unconstrained build operations Thread 35" [_thread_blocked, id=1584, stack(0x0000007c61f00000,0x0000007c62000000)]
  0x0000022b0fba9800 JavaThread "Unconstrained build operations Thread 36" [_thread_blocked, id=2136, stack(0x0000007c62000000,0x0000007c62100000)]
  0x0000022b0fbaa800 JavaThread "Unconstrained build operations Thread 37" [_thread_blocked, id=3100, stack(0x0000007c62100000,0x0000007c62200000)]
  0x0000022b0fbb1000 JavaThread "Unconstrained build operations Thread 38" [_thread_blocked, id=4168, stack(0x0000007c62200000,0x0000007c62300000)]
  0x0000022b0fbb2800 JavaThread "Unconstrained build operations Thread 39" [_thread_blocked, id=5864, stack(0x0000007c62300000,0x0000007c62400000)]
  0x0000022b0fbb0000 JavaThread "Unconstrained build operations Thread 40" [_thread_blocked, id=1476, stack(0x0000007c62400000,0x0000007c62500000)]
  0x0000022b0fbb3800 JavaThread "jar transforms Thread 4" [_thread_blocked, id=1932, stack(0x0000007c62500000,0x0000007c62600000)]
  0x0000022b0fbb4000 JavaThread "Memory manager" [_thread_blocked, id=3944, stack(0x0000007c5ef00000,0x0000007c5f000000)]
  0x0000022b0fbae800 JavaThread "build event listener" [_thread_blocked, id=3912, stack(0x0000007c62600000,0x0000007c62700000)]
  0x0000022b0fbb5000 JavaThread "pool-3-thread-1" [_thread_blocked, id=8, stack(0x0000007c62700000,0x0000007c62800000)]
  0x0000022b0fbaf000 JavaThread "build event listener" [_thread_blocked, id=3300, stack(0x0000007c62800000,0x0000007c62900000)]
  0x0000022b0fbb6000 JavaThread "Execution worker for ':'" [_thread_blocked, id=5692, stack(0x0000007c62900000,0x0000007c62a00000)]
  0x0000022b11757800 JavaThread "Execution worker for ':' Thread 2" [_thread_blocked, id=1760, stack(0x0000007c62a00000,0x0000007c62b00000)]
  0x0000022b1175a000 JavaThread "Execution worker for ':' Thread 3" [_thread_blocked, id=5872, stack(0x0000007c62b00000,0x0000007c62c00000)]
  0x0000022b1175b800 JavaThread "Cache worker for execution history cache (C:\Users\Admin\AndroidStudioProjects\DailySelfie\.gradle\7.2\executionHistory)" [_thread_blocked, id=1376, stack(0x0000007c62c00000,0x0000007c62d00000)]
  0x0000022b11759000 JavaThread "WorkerExecutor Queue" [_thread_blocked, id=5868, stack(0x0000007c62d00000,0x0000007c62e00000)]
  0x0000022b1175b000 JavaThread "WorkerExecutor Queue Thread 2" [_thread_blocked, id=1316, stack(0x0000007c62e00000,0x0000007c62f00000)]
  0x0000022b1175d000 JavaThread "WorkerExecutor Queue Thread 3" [_thread_in_vm, id=6136, stack(0x0000007c62f00000,0x0000007c63000000)]
  0x0000022b1175e000 JavaThread "pool-4-thread-1" [_thread_blocked, id=4792, stack(0x0000007c63100000,0x0000007c63200000)]
  0x0000022b11758800 JavaThread "stderr" [_thread_in_native, id=2740, stack(0x0000007c63200000,0x0000007c63300000)]
  0x0000022b11764800 JavaThread "stdout" [_thread_in_native, id=4736, stack(0x0000007c63300000,0x0000007c63400000)]
  0x0000022b11763800 JavaThread "ForkJoinPool-1-worker-3" daemon [_thread_blocked, id=5704, stack(0x0000007c63400000,0x0000007c63500000)]
  0x0000022b1175f000 JavaThread "ForkJoinPool-1-worker-5" daemon [_thread_blocked, id=3572, stack(0x0000007c63500000,0x0000007c63600000)]
  0x0000022b11763000 JavaThread "ForkJoinPool-1-worker-7" daemon [_thread_blocked, id=5096, stack(0x0000007c63600000,0x0000007c63700000)]
  0x0000022b11765800 JavaThread "ForkJoinPool-1-worker-1" daemon [_thread_blocked, id=4240, stack(0x0000007c63700000,0x0000007c63800000)]

Other Threads:
  0x0000022b7b9e2000 VMThread "VM Thread" [stack: 0x0000007c5d400000,0x0000007c5d500000] [id=2728]
  0x0000022b7c519000 WatcherThread [stack: 0x0000007c5de00000,0x0000007c5df00000] [id=5068]
  0x0000022b70724800 GCTaskThread "GC Thread#0" [stack: 0x0000007c5cf00000,0x0000007c5d000000] [id=2384]
  0x0000022b7c748000 GCTaskThread "GC Thread#1" [stack: 0x0000007c5e000000,0x0000007c5e100000] [id=5584]
  0x0000022b7eb5f800 GCTaskThread "GC Thread#2" [stack: 0x0000007c5ea00000,0x0000007c5eb00000] [id=4000]
  0x0000022b0f4c9800 GCTaskThread "GC Thread#3" [stack: 0x0000007c5eb00000,0x0000007c5ec00000] [id=2896]
  0x0000022b70756000 ConcurrentGCThread "G1 Main Marker" [stack: 0x0000007c5d000000,0x0000007c5d100000] [id=5264]
  0x0000022b70757000 ConcurrentGCThread "G1 Conc#0" [stack: 0x0000007c5d100000,0x0000007c5d200000] [id=2408]
  0x0000022b707af000 ConcurrentGCThread "G1 Refine#0" [stack: 0x0000007c5d200000,0x0000007c5d300000] [id=736]
  0x0000022b707b0000 ConcurrentGCThread "G1 Young RemSet Sampling" [stack: 0x0000007c5d300000,0x0000007c5d400000] [id=2360]

Threads with active compile tasks:
C2 CompilerThread0  28204 11047       4       com.android.tools.r8.dex.r::e (654 bytes)

VM state:not at safepoint (normal execution)

VM Mutex/Monitor currently owned by a thread: None

Heap address: 0x0000000080000000, size: 2048 MB, Compressed Oops mode: 32-bit
Narrow klass base: 0x0000000000000000, Narrow klass shift: 3
Compressed class space size: 1073741824 Address: 0x0000000100000000

Heap:
 garbage-first heap   total 199680K, used 151463K [0x0000000080000000, 0x0000000100000000)
  region size 1024K, 30 young (30720K), 8 survivors (8192K)
 Metaspace       used 95874K, capacity 98194K, committed 98456K, reserved 1134592K
  class space    used 12555K, capacity 13444K, committed 13464K, reserved 1048576K
Heap Regions: E=young(eden), S=young(survivor), O=old, HS=humongous(starts), HC=humongous(continues), CS=collection set, F=free, A=archive, TAMS=top-at-mark-start (previous, next)
|   0|0x0000000080000000, 0x0000000080100000, 0x0000000080100000|100%| O|  |TAMS 0x0000000080100000, 0x0000000080000000| Updating 
|   1|0x0000000080100000, 0x0000000080200000, 0x0000000080200000|100%| O|  |TAMS 0x0000000080200000, 0x0000000080100000| Updating 
|   2|0x0000000080200000, 0x0000000080300000, 0x0000000080300000|100%| O|  |TAMS 0x0000000080300000, 0x0000000080200000| Updating 
|   3|0x0000000080300000, 0x0000000080400000, 0x0000000080400000|100%|HS|  |TAMS 0x0000000080400000, 0x0000000080300000| Complete 
|   4|0x0000000080400000, 0x0000000080500000, 0x0000000080500000|100%|HC|  |TAMS 0x0000000080500000, 0x0000000080400000| Complete 
|   5|0x0000000080500000, 0x0000000080600000, 0x0000000080600000|100%|HC|  |TAMS 0x0000000080600000, 0x0000000080500000| Complete 
|   6|0x0000000080600000, 0x0000000080700000, 0x0000000080700000|100%| O|  |TAMS 0x0000000080700000, 0x0000000080600000| Updating 
|   7|0x0000000080700000, 0x0000000080800000, 0x0000000080800000|100%| O|  |TAMS 0x0000000080800000, 0x0000000080700000| Updating 
|   8|0x0000000080800000, 0x0000000080900000, 0x0000000080900000|100%| O|  |TAMS 0x0000000080900000, 0x0000000080800000| Updating 
|   9|0x0000000080900000, 0x0000000080a00000, 0x0000000080a00000|100%| O|  |TAMS 0x0000000080a00000, 0x0000000080900000| Updating 
|  10|0x0000000080a00000, 0x0000000080b00000, 0x0000000080b00000|100%| O|  |TAMS 0x0000000080b00000, 0x0000000080a00000| Updating 
|  11|0x0000000080b00000, 0x0000000080c00000, 0x0000000080c00000|100%| O|  |TAMS 0x0000000080c00000, 0x0000000080b00000| Updating 
|  12|0x0000000080c00000, 0x0000000080d00000, 0x0000000080d00000|100%| O|  |TAMS 0x0000000080d00000, 0x0000000080c00000| Updating 
|  13|0x0000000080d00000, 0x0000000080e00000, 0x0000000080e00000|100%| O|  |TAMS 0x0000000080e00000, 0x0000000080d00000| Updating 
|  14|0x0000000080e00000, 0x0000000080f00000, 0x0000000080f00000|100%| O|  |TAMS 0x0000000080f00000, 0x0000000080e00000| Updating 
|  15|0x0000000080f00000, 0x0000000081000000, 0x0000000081000000|100%| O|  |TAMS 0x0000000081000000, 0x0000000080f00000| Updating 
|  16|0x0000000081000000, 0x0000000081100000, 0x0000000081100000|100%| O|  |TAMS 0x0000000081100000, 0x0000000081000000| Updating 
|  17|0x0000000081100000, 0x0000000081200000, 0x0000000081200000|100%| O|  |TAMS 0x0000000081200000, 0x0000000081100000| Updating 
|  18|0x0000000081200000, 0x0000000081300000, 0x0000000081300000|100%| O|  |TAMS 0x0000000081300000, 0x0000000081200000| Updating 
|  19|0x0000000081300000, 0x0000000081400000, 0x0000000081400000|100%| O|  |TAMS 0x0000000081400000, 0x0000000081300000| Updating 
|  20|0x0000000081400000, 0x0000000081500000, 0x0000000081500000|100%| O|  |TAMS 0x0000000081500000, 0x0000000081400000| Updating 
|  21|0x0000000081500000, 0x0000000081600000, 0x0000000081600000|100%| O|  |TAMS 0x0000000081600000, 0x0000000081500000| Updating 
|  22|0x0000000081600000, 0x0000000081700000, 0x0000000081700000|100%| O|  |TAMS 0x0000000081700000, 0x0000000081600000| Updating 
|  23|0x0000000081700000, 0x0000000081800000, 0x0000000081800000|100%| O|  |TAMS 0x0000000081800000, 0x0000000081700000| Updating 
|  24|0x0000000081800000, 0x0000000081900000, 0x0000000081900000|100%| O|  |TAMS 0x0000000081900000, 0x0000000081800000| Updating 
|  25|0x0000000081900000, 0x0000000081a00000, 0x0000000081a00000|100%| O|  |TAMS 0x0000000081a00000, 0x0000000081900000| Updating 
|  26|0x0000000081a00000, 0x0000000081b00000, 0x0000000081b00000|100%|HS|  |TAMS 0x0000000081b00000, 0x0000000081a00000| Complete 
|  27|0x0000000081b00000, 0x0000000081c00000, 0x0000000081c00000|100%|HS|  |TAMS 0x0000000081c00000, 0x0000000081b00000| Complete 
|  28|0x0000000081c00000, 0x0000000081d00000, 0x0000000081d00000|100%|HS|  |TAMS 0x0000000081d00000, 0x0000000081c00000| Complete 
|  29|0x0000000081d00000, 0x0000000081e00000, 0x0000000081e00000|100%|HS|  |TAMS 0x0000000081e00000, 0x0000000081d00000| Complete 
|  30|0x0000000081e00000, 0x0000000081f00000, 0x0000000081f00000|100%|HC|  |TAMS 0x0000000081f00000, 0x0000000081e00000| Complete 
|  31|0x0000000081f00000, 0x0000000082000000, 0x0000000082000000|100%| O|  |TAMS 0x0000000082000000, 0x0000000081f00000| Updating 
|  32|0x0000000082000000, 0x0000000082100000, 0x0000000082100000|100%| O|  |TAMS 0x0000000082100000, 0x0000000082000000| Updating 
|  33|0x0000000082100000, 0x0000000082200000, 0x0000000082200000|100%| O|  |TAMS 0x0000000082200000, 0x0000000082100000| Updating 
|  34|0x0000000082200000, 0x0000000082300000, 0x0000000082300000|100%| O|  |TAMS 0x0000000082300000, 0x0000000082200000| Updating 
|  35|0x0000000082300000, 0x0000000082400000, 0x0000000082400000|100%| O|  |TAMS 0x0000000082400000, 0x0000000082300000| Updating 
|  36|0x0000000082400000, 0x0000000082500000, 0x0000000082500000|100%| O|  |TAMS 0x0000000082500000, 0x0000000082400000| Updating 
|  37|0x0000000082500000, 0x0000000082600000, 0x0000000082600000|100%| O|  |TAMS 0x0000000082600000, 0x0000000082500000| Updating 
|  38|0x0000000082600000, 0x0000000082700000, 0x0000000082700000|100%| O|  |TAMS 0x0000000082700000, 0x0000000082600000| Updating 
|  39|0x0000000082700000, 0x0000000082800000, 0x0000000082800000|100%| O|  |TAMS 0x0000000082800000, 0x0000000082700000| Updating 
|  40|0x0000000082800000, 0x0000000082900000, 0x0000000082900000|100%| O|  |TAMS 0x0000000082900000, 0x0000000082800000| Updating 
|  41|0x0000000082900000, 0x0000000082a00000, 0x0000000082a00000|100%| O|  |TAMS 0x0000000082a00000, 0x0000000082900000| Updating 
|  42|0x0000000082a00000, 0x0000000082b00000, 0x0000000082b00000|100%| O|  |TAMS 0x0000000082b00000, 0x0000000082a00000| Updating 
|  43|0x0000000082b00000, 0x0000000082c00000, 0x0000000082c00000|100%| O|  |TAMS 0x0000000082c00000, 0x0000000082b00000| Updating 
|  44|0x0000000082c00000, 0x0000000082d00000, 0x0000000082d00000|100%| O|  |TAMS 0x0000000082d00000, 0x0000000082c00000| Updating 
|  45|0x0000000082d00000, 0x0000000082e00000, 0x0000000082e00000|100%| O|  |TAMS 0x0000000082e00000, 0x0000000082d00000| Updating 
|  46|0x0000000082e00000, 0x0000000082f00000, 0x0000000082f00000|100%| O|  |TAMS 0x0000000082f00000, 0x0000000082e00000| Updating 
|  47|0x0000000082f00000, 0x0000000083000000, 0x0000000083000000|100%| O|  |TAMS 0x0000000083000000, 0x0000000082f00000| Complete 
|  48|0x0000000083000000, 0x0000000083100000, 0x0000000083100000|100%| O|  |TAMS 0x0000000083100000, 0x0000000083000000| Untracked 
|  49|0x0000000083100000, 0x0000000083200000, 0x0000000083200000|100%| O|  |TAMS 0x0000000083200000, 0x0000000083100000| Untracked 
|  50|0x0000000083200000, 0x0000000083300000, 0x0000000083300000|100%| O|  |TAMS 0x0000000083300000, 0x0000000083200000| Untracked 
|  51|0x0000000083300000, 0x0000000083400000, 0x0000000083400000|100%| O|  |TAMS 0x0000000083400000, 0x0000000083300000| Untracked 
|  52|0x0000000083400000, 0x0000000083500000, 0x0000000083500000|100%| O|  |TAMS 0x0000000083500000, 0x0000000083400000| Untracked 
|  53|0x0000000083500000, 0x0000000083600000, 0x0000000083600000|100%| O|  |TAMS 0x0000000083600000, 0x0000000083500000| Untracked 
|  54|0x0000000083600000, 0x0000000083700000, 0x0000000083700000|100%| O|  |TAMS 0x0000000083700000, 0x0000000083600000| Untracked 
|  55|0x0000000083700000, 0x0000000083800000, 0x0000000083800000|100%| O|  |TAMS 0x0000000083800000, 0x0000000083700000| Untracked 
|  56|0x0000000083800000, 0x0000000083900000, 0x0000000083900000|100%| O|  |TAMS 0x0000000083900000, 0x0000000083800000| Untracked 
|  57|0x0000000083900000, 0x0000000083a00000, 0x0000000083a00000|100%| O|  |TAMS 0x0000000083a00000, 0x0000000083900000| Untracked 
|  58|0x0000000083a00000, 0x0000000083b00000, 0x0000000083b00000|100%| O|  |TAMS 0x0000000083b00000, 0x0000000083a00000| Untracked 
|  59|0x0000000083b00000, 0x0000000083c00000, 0x0000000083c00000|100%| O|  |TAMS 0x0000000083c00000, 0x0000000083b00000| Untracked 
|  60|0x0000000083c00000, 0x0000000083d00000, 0x0000000083d00000|100%| O|  |TAMS 0x0000000083d00000, 0x0000000083c00000| Untracked 
|  61|0x0000000083d00000, 0x0000000083e00000, 0x0000000083e00000|100%| O|  |TAMS 0x0000000083e00000, 0x0000000083d00000| Untracked 
|  62|0x0000000083e00000, 0x0000000083f00000, 0x0000000083f00000|100%| O|  |TAMS 0x0000000083f00000, 0x0000000083e00000| Untracked 
|  63|0x0000000083f00000, 0x0000000084000000, 0x0000000084000000|100%| O|  |TAMS 0x0000000084000000, 0x0000000083f00000| Untracked 
|  64|0x0000000084000000, 0x0000000084100000, 0x0000000084100000|100%| O|  |TAMS 0x0000000084100000, 0x0000000084000000| Untracked 
|  65|0x0000000084100000, 0x0000000084200000, 0x0000000084200000|100%| O|  |TAMS 0x0000000084200000, 0x0000000084100000| Untracked 
|  66|0x0000000084200000, 0x0000000084300000, 0x0000000084300000|100%| O|  |TAMS 0x0000000084300000, 0x0000000084200000| Untracked 
|  67|0x0000000084300000, 0x0000000084400000, 0x0000000084400000|100%| O|  |TAMS 0x0000000084400000, 0x0000000084300000| Untracked 
|  68|0x0000000084400000, 0x0000000084500000, 0x0000000084500000|100%| O|  |TAMS 0x0000000084500000, 0x0000000084400000| Untracked 
|  69|0x0000000084500000, 0x0000000084600000, 0x0000000084600000|100%| O|  |TAMS 0x0000000084600000, 0x0000000084500000| Untracked 
|  70|0x0000000084600000, 0x0000000084700000, 0x0000000084700000|100%| O|  |TAMS 0x0000000084700000, 0x0000000084600000| Untracked 
|  71|0x0000000084700000, 0x0000000084800000, 0x0000000084800000|100%|HS|  |TAMS 0x0000000084800000, 0x0000000084700000| Complete 
|  72|0x0000000084800000, 0x0000000084900000, 0x0000000084900000|100%|HC|  |TAMS 0x0000000084900000, 0x0000000084800000| Complete 
|  73|0x0000000084900000, 0x0000000084a00000, 0x0000000084a00000|100%|HS|  |TAMS 0x0000000084a00000, 0x0000000084900000| Complete 
|  74|0x0000000084a00000, 0x0000000084b00000, 0x0000000084b00000|100%|HS|  |TAMS 0x0000000084b00000, 0x0000000084a00000| Complete 
|  75|0x0000000084b00000, 0x0000000084c00000, 0x0000000084c00000|100%|HS|  |TAMS 0x0000000084c00000, 0x0000000084b00000| Complete 
|  76|0x0000000084c00000, 0x0000000084d00000, 0x0000000084d00000|100%| O|  |TAMS 0x0000000084d00000, 0x0000000084c00000| Untracked 
|  77|0x0000000084d00000, 0x0000000084e00000, 0x0000000084e00000|100%| O|  |TAMS 0x0000000084e00000, 0x0000000084d00000| Untracked 
|  78|0x0000000084e00000, 0x0000000084f00000, 0x0000000084f00000|100%|HS|  |TAMS 0x0000000084f00000, 0x0000000084e00000| Complete 
|  79|0x0000000084f00000, 0x0000000085000000, 0x0000000085000000|100%|HC|  |TAMS 0x0000000085000000, 0x0000000084f00000| Complete 
|  80|0x0000000085000000, 0x0000000085100000, 0x0000000085100000|100%| O|  |TAMS 0x0000000085100000, 0x0000000085000000| Untracked 
|  81|0x0000000085100000, 0x0000000085200000, 0x0000000085200000|100%|HS|  |TAMS 0x0000000085200000, 0x0000000085100000| Complete 
|  82|0x0000000085200000, 0x0000000085300000, 0x0000000085300000|100%| O|  |TAMS 0x0000000085300000, 0x0000000085200000| Untracked 
|  83|0x0000000085300000, 0x0000000085400000, 0x0000000085400000|100%|HS|  |TAMS 0x0000000085400000, 0x0000000085300000| Complete 
|  84|0x0000000085400000, 0x0000000085500000, 0x0000000085500000|100%| O|  |TAMS 0x0000000085500000, 0x0000000085400000| Untracked 
|  85|0x0000000085500000, 0x0000000085600000, 0x0000000085600000|100%|HS|  |TAMS 0x0000000085600000, 0x0000000085500000| Complete 
|  86|0x0000000085600000, 0x0000000085700000, 0x0000000085700000|100%| O|  |TAMS 0x0000000085700000, 0x0000000085600000| Untracked 
|  87|0x0000000085700000, 0x0000000085800000, 0x0000000085800000|100%| O|  |TAMS 0x0000000085800000, 0x0000000085700000| Untracked 
|  88|0x0000000085800000, 0x0000000085900000, 0x0000000085900000|100%| O|  |TAMS 0x0000000085900000, 0x0000000085800000| Untracked 
|  89|0x0000000085900000, 0x0000000085a00000, 0x0000000085a00000|100%| O|  |TAMS 0x0000000085a00000, 0x0000000085900000| Untracked 
|  90|0x0000000085a00000, 0x0000000085b00000, 0x0000000085b00000|100%| O|  |TAMS 0x0000000085b00000, 0x0000000085a00000| Untracked 
|  91|0x0000000085b00000, 0x0000000085c00000, 0x0000000085c00000|100%| O|  |TAMS 0x0000000085c00000, 0x0000000085b00000| Untracked 
|  92|0x0000000085c00000, 0x0000000085d00000, 0x0000000085d00000|100%| O|  |TAMS 0x0000000085d00000, 0x0000000085c00000| Untracked 
|  93|0x0000000085d00000, 0x0000000085e00000, 0x0000000085e00000|100%| O|  |TAMS 0x0000000085e00000, 0x0000000085d00000| Untracked 
|  94|0x0000000085e00000, 0x0000000085f00000, 0x0000000085f00000|100%| O|  |TAMS 0x0000000085f00000, 0x0000000085e00000| Untracked 
|  95|0x0000000085f00000, 0x0000000086000000, 0x0000000086000000|100%| O|  |TAMS 0x0000000086000000, 0x0000000085f00000| Untracked 
|  96|0x0000000086000000, 0x0000000086100000, 0x0000000086100000|100%| O|  |TAMS 0x0000000086100000, 0x0000000086000000| Untracked 
|  97|0x0000000086100000, 0x0000000086200000, 0x0000000086200000|100%| O|  |TAMS 0x0000000086200000, 0x0000000086100000| Untracked 
|  98|0x0000000086200000, 0x0000000086300000, 0x0000000086300000|100%| O|  |TAMS 0x0000000086300000, 0x0000000086200000| Untracked 
|  99|0x0000000086300000, 0x0000000086400000, 0x0000000086400000|100%| O|  |TAMS 0x0000000086400000, 0x0000000086300000| Untracked 
| 100|0x0000000086400000, 0x0000000086500000, 0x0000000086500000|100%| O|  |TAMS 0x0000000086500000, 0x0000000086400000| Untracked 
| 101|0x0000000086500000, 0x0000000086600000, 0x0000000086600000|100%| O|  |TAMS 0x0000000086600000, 0x0000000086500000| Untracked 
| 102|0x0000000086600000, 0x0000000086700000, 0x0000000086700000|100%| O|  |TAMS 0x0000000086700000, 0x0000000086600000| Untracked 
| 103|0x0000000086700000, 0x0000000086800000, 0x0000000086800000|100%| O|  |TAMS 0x0000000086800000, 0x0000000086700000| Untracked 
| 104|0x0000000086800000, 0x0000000086900000, 0x0000000086900000|100%| O|  |TAMS 0x0000000086900000, 0x0000000086800000| Untracked 
| 105|0x0000000086900000, 0x0000000086a00000, 0x0000000086a00000|100%| O|  |TAMS 0x0000000086a00000, 0x0000000086900000| Untracked 
| 106|0x0000000086a00000, 0x0000000086b00000, 0x0000000086b00000|100%| O|  |TAMS 0x0000000086b00000, 0x0000000086a00000| Untracked 
| 107|0x0000000086b00000, 0x0000000086c00000, 0x0000000086c00000|100%| O|  |TAMS 0x0000000086c00000, 0x0000000086b00000| Untracked 
| 108|0x0000000086c00000, 0x0000000086d00000, 0x0000000086d00000|100%| O|  |TAMS 0x0000000086d00000, 0x0000000086c00000| Untracked 
| 109|0x0000000086d00000, 0x0000000086e00000, 0x0000000086e00000|100%| O|  |TAMS 0x0000000086e00000, 0x0000000086d00000| Untracked 
| 110|0x0000000086e00000, 0x0000000086f00000, 0x0000000086f00000|100%| O|  |TAMS 0x0000000086f00000, 0x0000000086e00000| Untracked 
| 111|0x0000000086f00000, 0x0000000087000000, 0x0000000087000000|100%| O|  |TAMS 0x0000000087000000, 0x0000000086f00000| Untracked 
| 112|0x0000000087000000, 0x0000000087100000, 0x0000000087100000|100%| O|  |TAMS 0x0000000087100000, 0x0000000087000000| Untracked 
| 113|0x0000000087100000, 0x0000000087200000, 0x0000000087200000|100%| O|  |TAMS 0x0000000087200000, 0x0000000087100000| Untracked 
| 114|0x0000000087200000, 0x0000000087300000, 0x0000000087300000|100%| O|  |TAMS 0x0000000087300000, 0x0000000087200000| Untracked 
| 115|0x0000000087300000, 0x0000000087400000, 0x0000000087400000|100%| O|  |TAMS 0x0000000087400000, 0x0000000087300000| Untracked 
| 116|0x0000000087400000, 0x0000000087400000, 0x0000000087500000|  0%| F|  |TAMS 0x0000000087400000, 0x0000000087400000| Untracked 
| 117|0x0000000087500000, 0x0000000087500000, 0x0000000087600000|  0%| F|  |TAMS 0x0000000087500000, 0x0000000087500000| Untracked 
| 118|0x0000000087600000, 0x0000000087600000, 0x0000000087700000|  0%| F|  |TAMS 0x0000000087600000, 0x0000000087600000| Untracked 
| 119|0x0000000087700000, 0x0000000087700000, 0x0000000087800000|  0%| F|  |TAMS 0x0000000087700000, 0x0000000087700000| Untracked 
| 120|0x0000000087800000, 0x0000000087800000, 0x0000000087900000|  0%| F|  |TAMS 0x0000000087800000, 0x0000000087800000| Untracked 
| 121|0x0000000087900000, 0x0000000087900000, 0x0000000087a00000|  0%| F|  |TAMS 0x0000000087900000, 0x0000000087900000| Untracked 
| 122|0x0000000087a00000, 0x0000000087a00000, 0x0000000087b00000|  0%| F|  |TAMS 0x0000000087a00000, 0x0000000087a00000| Untracked 
| 123|0x0000000087b00000, 0x0000000087b00000, 0x0000000087c00000|  0%| F|  |TAMS 0x0000000087b00000, 0x0000000087b00000| Untracked 
| 124|0x0000000087c00000, 0x0000000087c00000, 0x0000000087d00000|  0%| F|  |TAMS 0x0000000087c00000, 0x0000000087c00000| Untracked 
| 125|0x0000000087d00000, 0x0000000087e00000, 0x0000000087e00000|100%| O|  |TAMS 0x0000000087e00000, 0x0000000087d00000| Untracked 
| 126|0x0000000087e00000, 0x0000000087f00000, 0x0000000087f00000|100%| O|  |TAMS 0x0000000087f00000, 0x0000000087e00000| Untracked 
| 127|0x0000000087f00000, 0x0000000087fe9c00, 0x0000000088000000| 91%| O|  |TAMS 0x0000000087fe9c00, 0x0000000087f00000| Untracked 
| 128|0x0000000088000000, 0x0000000088000000, 0x0000000088100000|  0%| F|  |TAMS 0x0000000088000000, 0x0000000088000000| Untracked 
| 129|0x0000000088100000, 0x0000000088100000, 0x0000000088200000|  0%| F|  |TAMS 0x0000000088100000, 0x0000000088100000| Untracked 
| 130|0x0000000088200000, 0x0000000088200000, 0x0000000088300000|  0%| F|  |TAMS 0x0000000088200000, 0x0000000088200000| Untracked 
| 131|0x0000000088300000, 0x0000000088300000, 0x0000000088400000|  0%| F|  |TAMS 0x0000000088300000, 0x0000000088300000| Untracked 
| 132|0x0000000088400000, 0x0000000088400000, 0x0000000088500000|  0%| F|  |TAMS 0x0000000088400000, 0x0000000088400000| Untracked 
| 133|0x0000000088500000, 0x0000000088500000, 0x0000000088600000|  0%| F|  |TAMS 0x0000000088500000, 0x0000000088500000| Untracked 
| 134|0x0000000088600000, 0x0000000088600000, 0x0000000088700000|  0%| F|  |TAMS 0x0000000088600000, 0x0000000088600000| Untracked 
| 135|0x0000000088700000, 0x0000000088700000, 0x0000000088800000|  0%| F|  |TAMS 0x0000000088700000, 0x0000000088700000| Untracked 
| 136|0x0000000088800000, 0x0000000088800000, 0x0000000088900000|  0%| F|  |TAMS 0x0000000088800000, 0x0000000088800000| Untracked 
| 137|0x0000000088900000, 0x0000000088a00000, 0x0000000088a00000|100%| S|CS|TAMS 0x0000000088900000, 0x0000000088900000| Complete 
| 138|0x0000000088a00000, 0x0000000088b00000, 0x0000000088b00000|100%| S|CS|TAMS 0x0000000088a00000, 0x0000000088a00000| Complete 
| 139|0x0000000088b00000, 0x0000000088c00000, 0x0000000088c00000|100%| S|CS|TAMS 0x0000000088b00000, 0x0000000088b00000| Complete 
| 140|0x0000000088c00000, 0x0000000088d00000, 0x0000000088d00000|100%| S|CS|TAMS 0x0000000088c00000, 0x0000000088c00000| Complete 
| 141|0x0000000088d00000, 0x0000000088e00000, 0x0000000088e00000|100%| S|CS|TAMS 0x0000000088d00000, 0x0000000088d00000| Complete 
| 142|0x0000000088e00000, 0x0000000088f00000, 0x0000000088f00000|100%| S|CS|TAMS 0x0000000088e00000, 0x0000000088e00000| Complete 
| 143|0x0000000088f00000, 0x0000000089000000, 0x0000000089000000|100%| S|CS|TAMS 0x0000000088f00000, 0x0000000088f00000| Complete 
| 144|0x0000000089000000, 0x0000000089100000, 0x0000000089100000|100%| S|CS|TAMS 0x0000000089000000, 0x0000000089000000| Complete 
| 145|0x0000000089100000, 0x0000000089100000, 0x0000000089200000|  0%| F|  |TAMS 0x0000000089100000, 0x0000000089100000| Untracked 
| 146|0x0000000089200000, 0x0000000089200000, 0x0000000089300000|  0%| F|  |TAMS 0x0000000089200000, 0x0000000089200000| Untracked 
| 147|0x0000000089300000, 0x0000000089300000, 0x0000000089400000|  0%| F|  |TAMS 0x0000000089300000, 0x0000000089300000| Untracked 
| 148|0x0000000089400000, 0x0000000089400000, 0x0000000089500000|  0%| F|  |TAMS 0x0000000089400000, 0x0000000089400000| Untracked 
| 149|0x0000000089500000, 0x0000000089500000, 0x0000000089600000|  0%| F|  |TAMS 0x0000000089500000, 0x0000000089500000| Untracked 
| 150|0x0000000089600000, 0x0000000089600000, 0x0000000089700000|  0%| F|  |TAMS 0x0000000089600000, 0x0000000089600000| Untracked 
| 151|0x0000000089700000, 0x0000000089700000, 0x0000000089800000|  0%| F|  |TAMS 0x0000000089700000, 0x0000000089700000| Untracked 
| 152|0x0000000089800000, 0x0000000089800000, 0x0000000089900000|  0%| F|  |TAMS 0x0000000089800000, 0x0000000089800000| Untracked 
| 153|0x0000000089900000, 0x0000000089900000, 0x0000000089a00000|  0%| F|  |TAMS 0x0000000089900000, 0x0000000089900000| Untracked 
| 154|0x0000000089a00000, 0x0000000089a00000, 0x0000000089b00000|  0%| F|  |TAMS 0x0000000089a00000, 0x0000000089a00000| Untracked 
| 155|0x0000000089b00000, 0x0000000089b00000, 0x0000000089c00000|  0%| F|  |TAMS 0x0000000089b00000, 0x0000000089b00000| Untracked 
| 156|0x0000000089c00000, 0x0000000089c00000, 0x0000000089d00000|  0%| F|  |TAMS 0x0000000089c00000, 0x0000000089c00000| Untracked 
| 157|0x0000000089d00000, 0x0000000089d00000, 0x0000000089e00000|  0%| F|  |TAMS 0x0000000089d00000, 0x0000000089d00000| Untracked 
| 158|0x0000000089e00000, 0x0000000089e00000, 0x0000000089f00000|  0%| F|  |TAMS 0x0000000089e00000, 0x0000000089e00000| Untracked 
| 159|0x0000000089f00000, 0x0000000089f00000, 0x000000008a000000|  0%| F|  |TAMS 0x0000000089f00000, 0x0000000089f00000| Untracked 
| 160|0x000000008a000000, 0x000000008a000000, 0x000000008a100000|  0%| F|  |TAMS 0x000000008a000000, 0x000000008a000000| Untracked 
| 161|0x000000008a100000, 0x000000008a100000, 0x000000008a200000|  0%| F|  |TAMS 0x000000008a100000, 0x000000008a100000| Untracked 
| 162|0x000000008a200000, 0x000000008a200000, 0x000000008a300000|  0%| F|  |TAMS 0x000000008a200000, 0x000000008a200000| Untracked 
| 163|0x000000008a300000, 0x000000008a300000, 0x000000008a400000|  0%| F|  |TAMS 0x000000008a300000, 0x000000008a300000| Untracked 
| 164|0x000000008a400000, 0x000000008a400000, 0x000000008a500000|  0%| F|  |TAMS 0x000000008a400000, 0x000000008a400000| Untracked 
| 165|0x000000008a500000, 0x000000008a500000, 0x000000008a600000|  0%| F|  |TAMS 0x000000008a500000, 0x000000008a500000| Untracked 
| 166|0x000000008a600000, 0x000000008a600000, 0x000000008a700000|  0%| F|  |TAMS 0x000000008a600000, 0x000000008a600000| Untracked 
| 167|0x000000008a700000, 0x000000008a700000, 0x000000008a800000|  0%| F|  |TAMS 0x000000008a700000, 0x000000008a700000| Untracked 
| 168|0x000000008a800000, 0x000000008a800000, 0x000000008a900000|  0%| F|  |TAMS 0x000000008a800000, 0x000000008a800000| Untracked 
| 169|0x000000008a900000, 0x000000008a900000, 0x000000008aa00000|  0%| F|  |TAMS 0x000000008a900000, 0x000000008a900000| Untracked 
| 170|0x000000008aa00000, 0x000000008aa00000, 0x000000008ab00000|  0%| F|  |TAMS 0x000000008aa00000, 0x000000008aa00000| Untracked 
| 171|0x000000008ab00000, 0x000000008ab00000, 0x000000008ac00000|  0%| F|  |TAMS 0x000000008ab00000, 0x000000008ab00000| Untracked 
| 172|0x000000008ac00000, 0x000000008ac00000, 0x000000008ad00000|  0%| F|  |TAMS 0x000000008ac00000, 0x000000008ac00000| Untracked 
| 173|0x000000008ad00000, 0x000000008ad8d888, 0x000000008ae00000| 55%| E|  |TAMS 0x000000008ad00000, 0x000000008ad00000| Complete 
| 174|0x000000008ae00000, 0x000000008af00000, 0x000000008af00000|100%| E|CS|TAMS 0x000000008ae00000, 0x000000008ae00000| Complete 
| 175|0x000000008af00000, 0x000000008b000000, 0x000000008b000000|100%| E|CS|TAMS 0x000000008af00000, 0x000000008af00000| Complete 
| 176|0x000000008b000000, 0x000000008b100000, 0x000000008b100000|100%| E|CS|TAMS 0x000000008b000000, 0x000000008b000000| Complete 
| 177|0x000000008b100000, 0x000000008b200000, 0x000000008b200000|100%| E|CS|TAMS 0x000000008b100000, 0x000000008b100000| Complete 
| 178|0x000000008b200000, 0x000000008b300000, 0x000000008b300000|100%| E|CS|TAMS 0x000000008b200000, 0x000000008b200000| Complete 
| 179|0x000000008b300000, 0x000000008b400000, 0x000000008b400000|100%| E|CS|TAMS 0x000000008b300000, 0x000000008b300000| Complete 
| 180|0x000000008b400000, 0x000000008b500000, 0x000000008b500000|100%| E|CS|TAMS 0x000000008b400000, 0x000000008b400000| Complete 
| 181|0x000000008b500000, 0x000000008b600000, 0x000000008b600000|100%| E|CS|TAMS 0x000000008b500000, 0x000000008b500000| Complete 
| 182|0x000000008b600000, 0x000000008b700000, 0x000000008b700000|100%| E|CS|TAMS 0x000000008b600000, 0x000000008b600000| Complete 
| 183|0x000000008b700000, 0x000000008b800000, 0x000000008b800000|100%| E|CS|TAMS 0x000000008b700000, 0x000000008b700000| Complete 
| 184|0x000000008b800000, 0x000000008b900000, 0x000000008b900000|100%| E|CS|TAMS 0x000000008b800000, 0x000000008b800000| Complete 
| 185|0x000000008b900000, 0x000000008ba00000, 0x000000008ba00000|100%| E|CS|TAMS 0x000000008b900000, 0x000000008b900000| Complete 
| 186|0x000000008ba00000, 0x000000008bb00000, 0x000000008bb00000|100%| E|CS|TAMS 0x000000008ba00000, 0x000000008ba00000| Complete 
| 187|0x000000008bb00000, 0x000000008bc00000, 0x000000008bc00000|100%| E|CS|TAMS 0x000000008bb00000, 0x000000008bb00000| Complete 
| 188|0x000000008bc00000, 0x000000008bd00000, 0x000000008bd00000|100%| E|CS|TAMS 0x000000008bc00000, 0x000000008bc00000| Complete 
| 189|0x000000008bd00000, 0x000000008be00000, 0x000000008be00000|100%| E|CS|TAMS 0x000000008bd00000, 0x000000008bd00000| Complete 
| 190|0x000000008be00000, 0x000000008bf00000, 0x000000008bf00000|100%| E|CS|TAMS 0x000000008be00000, 0x000000008be00000| Complete 
| 191|0x000000008bf00000, 0x000000008c000000, 0x000000008c000000|100%| E|CS|TAMS 0x000000008bf00000, 0x000000008bf00000| Complete 
| 192|0x000000008c000000, 0x000000008c100000, 0x000000008c100000|100%| E|CS|TAMS 0x000000008c000000, 0x000000008c000000| Complete 
| 193|0x000000008c100000, 0x000000008c200000, 0x000000008c200000|100%| E|CS|TAMS 0x000000008c100000, 0x000000008c100000| Complete 
| 194|0x000000008c200000, 0x000000008c300000, 0x000000008c300000|100%| E|CS|TAMS 0x000000008c200000, 0x000000008c200000| Complete 

Card table byte_map: [0x0000022b74c30000,0x0000022b75030000] _byte_map_base: 0x0000022b74830000

Marking Bits (Prev, Next): (CMBitMap*) 0x0000022b7074d308, (CMBitMap*) 0x0000022b7074d340
 Prev Bits: [0x0000022b75430000, 0x0000022b77430000)
 Next Bits: [0x0000022b77430000, 0x0000022b79430000)

Polling page: 0x0000022b6edb0000

Metaspace:

Usage:
  Non-class:     82.83 MB capacity,    81.41 MB ( 98%) used,     1.15 MB (  1%) free+waste,   274.38 KB ( <1%) overhead. 
      Class:     13.13 MB capacity,    12.26 MB ( 93%) used,   763.66 KB (  6%) free+waste,   123.63 KB ( <1%) overhead. 
       Both:     95.96 MB capacity,    93.67 MB ( 98%) used,     1.90 MB (  2%) free+waste,   398.00 KB ( <1%) overhead. 

Virtual space:
  Non-class space:       84.00 MB reserved,      83.00 MB ( 99%) committed 
      Class space:        1.00 GB reserved,      13.15 MB (  1%) committed 
             Both:        1.08 GB reserved,      96.15 MB (  9%) committed 

Chunk freelists:
   Non-Class:  47.00 KB
       Class:  0 bytes
        Both:  47.00 KB

MaxMetaspaceSize: 17179869184.00 GB
CompressedClassSpaceSize: 1.00 GB

CodeHeap 'non-profiled nmethods': size=120064Kb used=4922Kb max_used=4922Kb free=115141Kb
 bounds [0x0000022b07ac0000, 0x0000022b07f90000, 0x0000022b0f000000]
CodeHeap 'profiled nmethods': size=120000Kb used=22430Kb max_used=22430Kb free=97570Kb
 bounds [0x0000022b00590000, 0x0000022b01b80000, 0x0000022b07ac0000]
CodeHeap 'non-nmethods': size=5696Kb used=2307Kb max_used=2353Kb free=3388Kb
 bounds [0x0000022b00000000, 0x0000022b00270000, 0x0000022b00590000]
 total_blobs=11959 nmethods=11048 adapters=822
 compilation: enabled
              stopped_count=0, restarted_count=0
 full_count=0

Compilation events (20 events):
Event: 28.127 Thread 0x0000022b7ba53800 11234       2       com.android.tools.r8.ir.conversion.n::a (7 bytes)
Event: 28.127 Thread 0x0000022b7ba53800 nmethod 11234 0x0000022b01b55e90 code [0x0000022b01b56040, 0x0000022b01b56168]
Event: 28.127 Thread 0x0000022b7ba53800 11235       2       com.android.tools.r8.ir.conversion.p::b (15 bytes)
Event: 28.127 Thread 0x0000022b7ba53800 nmethod 11235 0x0000022b01b56290 code [0x0000022b01b56440, 0x0000022b01b56568]
Event: 28.127 Thread 0x0000022b7ba53800 11238       2       com.android.tools.r8.graph.H::c (41 bytes)
Event: 28.129 Thread 0x0000022b7ba53800 nmethod 11238 0x0000022b01b56690 code [0x0000022b01b568e0, 0x0000022b01b57478]
Event: 28.129 Thread 0x0000022b7ba53800 11240       2       com.android.tools.r8.internal.UI0::a (34 bytes)
Event: 28.129 Thread 0x0000022b7ba53800 nmethod 11240 0x0000022b01b57810 code [0x0000022b01b579c0, 0x0000022b01b57bd8]
Event: 28.129 Thread 0x0000022b7ba53800 11242       2       com.android.tools.r8.internal.TI0::<init> (20 bytes)
Event: 28.130 Thread 0x0000022b7ba53800 nmethod 11242 0x0000022b01b57c90 code [0x0000022b01b57e40, 0x0000022b01b57ff8]
Event: 28.130 Thread 0x0000022b7ba53800 11241       2       com.android.tools.r8.internal.TI0::<init> (7 bytes)
Event: 28.130 Thread 0x0000022b7ba53800 nmethod 11241 0x0000022b01b58090 code [0x0000022b01b58240, 0x0000022b01b583f8]
Event: 28.130 Thread 0x0000022b7ba53800 11245       2       com.android.tools.r8.graph.A2::d (18 bytes)
Event: 28.131 Thread 0x0000022b7ba53800 nmethod 11245 0x0000022b01b58490 code [0x0000022b01b586a0, 0x0000022b01b58cc8]
Event: 28.131 Thread 0x0000022b7ba53800 11243       2       com.android.tools.r8.graph.H$$Lambda$1149/0x0000000100cfc040::get$Lambda (9 bytes)
Event: 28.131 Thread 0x0000022b7ba53800 nmethod 11243 0x0000022b01b58f10 code [0x0000022b01b590c0, 0x0000022b01b59238]
Event: 28.131 Thread 0x0000022b7ba53800 11246       2       com.android.tools.r8.graph.B2$$Lambda$1141/0x0000000100cfe040::<init> (15 bytes)
Event: 28.131 Thread 0x0000022b7ba53800 nmethod 11246 0x0000022b01b59310 code [0x0000022b01b594c0, 0x0000022b01b59658]
Event: 28.131 Thread 0x0000022b7ba53800 11244       2       com.android.tools.r8.graph.H$$Lambda$1149/0x0000000100cfc040::<init> (10 bytes)
Event: 28.131 Thread 0x0000022b7ba53800 nmethod 11244 0x0000022b01b59710 code [0x0000022b01b598c0, 0x0000022b01b599f8]

GC Heap History (20 events):
Event: 16.862 GC heap before
{Heap before GC invocations=21 (full 0):
 garbage-first heap   total 138240K, used 99167K [0x0000000080000000, 0x0000000100000000)
  region size 1024K, 54 young (55296K), 6 survivors (6144K)
 Metaspace       used 65609K, capacity 67164K, committed 67352K, reserved 1107968K
  class space    used 8298K, capacity 8878K, committed 8984K, reserved 1048576K
}
Event: 16.880 GC heap after
{Heap after GC invocations=22 (full 0):
 garbage-first heap   total 138240K, used 53317K [0x0000000080000000, 0x0000000100000000)
  region size 1024K, 4 young (4096K), 4 survivors (4096K)
 Metaspace       used 65609K, capacity 67164K, committed 67352K, reserved 1107968K
  class space    used 8298K, capacity 8878K, committed 8984K, reserved 1048576K
}
Event: 17.942 GC heap before
{Heap before GC invocations=22 (full 0):
 garbage-first heap   total 138240K, used 102469K [0x0000000080000000, 0x0000000100000000)
  region size 1024K, 52 young (53248K), 4 survivors (4096K)
 Metaspace       used 70920K, capacity 72433K, committed 72600K, reserved 1112064K
  class space    used 9136K, capacity 9734K, committed 9880K, reserved 1048576K
}
Event: 17.956 GC heap after
{Heap after GC invocations=23 (full 0):
 garbage-first heap   total 138240K, used 56641K [0x0000000080000000, 0x0000000100000000)
  region size 1024K, 7 young (7168K), 7 survivors (7168K)
 Metaspace       used 70920K, capacity 72433K, committed 72600K, reserved 1112064K
  class space    used 9136K, capacity 9734K, committed 9880K, reserved 1048576K
}
Event: 18.966 GC heap before
{Heap before GC invocations=23 (full 0):
 garbage-first heap   total 138240K, used 105793K [0x0000000080000000, 0x0000000100000000)
  region size 1024K, 55 young (56320K), 7 survivors (7168K)
 Metaspace       used 75326K, capacity 76924K, committed 77080K, reserved 1116160K
  class space    used 9819K, capacity 10422K, committed 10520K, reserved 1048576K
}
Event: 18.994 GC heap after
{Heap after GC invocations=24 (full 0):
 garbage-first heap   total 138240K, used 59195K [0x0000000080000000, 0x0000000100000000)
  region size 1024K, 6 young (6144K), 6 survivors (6144K)
 Metaspace       used 75326K, capacity 76924K, committed 77080K, reserved 1116160K
  class space    used 9819K, capacity 10422K, committed 10520K, reserved 1048576K
}
Event: 20.100 GC heap before
{Heap before GC invocations=24 (full 0):
 garbage-first heap   total 138240K, used 107323K [0x0000000080000000, 0x0000000100000000)
  region size 1024K, 54 young (55296K), 6 survivors (6144K)
 Metaspace       used 80698K, capacity 82541K, committed 82840K, reserved 1120256K
  class space    used 10381K, capacity 11083K, committed 11160K, reserved 1048576K
}
Event: 20.126 GC heap after
{Heap after GC invocations=25 (full 0):
 garbage-first heap   total 165888K, used 64512K [0x0000000080000000, 0x0000000100000000)
  region size 1024K, 7 young (7168K), 7 survivors (7168K)
 Metaspace       used 80698K, capacity 82541K, committed 82840K, reserved 1120256K
  class space    used 10381K, capacity 11083K, committed 11160K, reserved 1048576K
}
Event: 21.555 GC heap before
{Heap before GC invocations=25 (full 0):
 garbage-first heap   total 165888K, used 120832K [0x0000000080000000, 0x0000000100000000)
  region size 1024K, 63 young (64512K), 7 survivors (7168K)
 Metaspace       used 83108K, capacity 85136K, committed 85272K, reserved 1122304K
  class space    used 10743K, capacity 11496K, committed 11544K, reserved 1048576K
}
Event: 21.592 GC heap after
{Heap after GC invocations=26 (full 0):
 garbage-first heap   total 165888K, used 68786K [0x0000000080000000, 0x0000000100000000)
  region size 1024K, 4 young (4096K), 4 survivors (4096K)
 Metaspace       used 83108K, capacity 85136K, committed 85272K, reserved 1122304K
  class space    used 10743K, capacity 11496K, committed 11544K, reserved 1048576K
}
Event: 23.065 GC heap before
{Heap before GC invocations=26 (full 0):
 garbage-first heap   total 165888K, used 125106K [0x0000000080000000, 0x0000000100000000)
  region size 1024K, 60 young (61440K), 4 survivors (4096K)
 Metaspace       used 84543K, capacity 86666K, committed 86808K, reserved 1124352K
  class space    used 10894K, capacity 11688K, committed 11800K, reserved 1048576K
}
Event: 23.087 GC heap after
{Heap after GC invocations=27 (full 0):
 garbage-first heap   total 165888K, used 72719K [0x0000000080000000, 0x0000000100000000)
  region size 1024K, 8 young (8192K), 8 survivors (8192K)
 Metaspace       used 84543K, capacity 86666K, committed 86808K, reserved 1124352K
  class space    used 10894K, capacity 11688K, committed 11800K, reserved 1048576K
}
Event: 23.893 GC heap before
{Heap before GC invocations=27 (full 0):
 garbage-first heap   total 165888K, used 128015K [0x0000000080000000, 0x0000000100000000)
  region size 1024K, 63 young (64512K), 8 survivors (8192K)
 Metaspace       used 86534K, capacity 88707K, committed 88856K, reserved 1126400K
  class space    used 11146K, capacity 11950K, committed 12056K, reserved 1048576K
}
Event: 23.926 GC heap after
{Heap after GC invocations=28 (full 0):
 garbage-first heap   total 165888K, used 75377K [0x0000000080000000, 0x0000000100000000)
  region size 1024K, 3 young (3072K), 3 survivors (3072K)
 Metaspace       used 86534K, capacity 88707K, committed 88856K, reserved 1126400K
  class space    used 11146K, capacity 11950K, committed 12056K, reserved 1048576K
}
Event: 24.483 GC heap before
{Heap before GC invocations=28 (full 0):
 garbage-first heap   total 165888K, used 103025K [0x0000000080000000, 0x0000000100000000)
  region size 1024K, 30 young (30720K), 3 survivors (3072K)
 Metaspace       used 87851K, capacity 89976K, committed 90264K, reserved 1128448K
  class space    used 11298K, capacity 12089K, committed 12184K, reserved 1048576K
}
Event: 24.499 GC heap after
{Heap after GC invocations=29 (full 0):
 garbage-first heap   total 199680K, used 77931K [0x0000000080000000, 0x0000000100000000)
  region size 1024K, 4 young (4096K), 4 survivors (4096K)
 Metaspace       used 87851K, capacity 89976K, committed 90264K, reserved 1128448K
  class space    used 11298K, capacity 12089K, committed 12184K, reserved 1048576K
}
Event: 26.381 GC heap before
{Heap before GC invocations=30 (full 0):
 garbage-first heap   total 199680K, used 157803K [0x0000000080000000, 0x0000000100000000)
  region size 1024K, 70 young (71680K), 4 survivors (4096K)
 Metaspace       used 93537K, capacity 95769K, committed 95896K, reserved 1132544K
  class space    used 12253K, capacity 13095K, committed 13208K, reserved 1048576K
}
Event: 26.433 GC heap after
{Heap after GC invocations=31 (full 0):
 garbage-first heap   total 199680K, used 105472K [0x0000000080000000, 0x0000000100000000)
  region size 1024K, 9 young (9216K), 9 survivors (9216K)
 Metaspace       used 93537K, capacity 95769K, committed 95896K, reserved 1132544K
  class space    used 12253K, capacity 13095K, committed 13208K, reserved 1048576K
}
Event: 27.233 GC heap before
{Heap before GC invocations=31 (full 0):
 garbage-first heap   total 199680K, used 156672K [0x0000000080000000, 0x0000000100000000)
  region size 1024K, 59 young (60416K), 9 survivors (9216K)
 Metaspace       used 93998K, capacity 96192K, committed 96408K, reserved 1132544K
  class space    used 12277K, capacity 13101K, committed 13208K, reserved 1048576K
}
Event: 27.349 GC heap after
{Heap after GC invocations=32 (full 0):
 garbage-first heap   total 199680K, used 129959K [0x0000000080000000, 0x0000000100000000)
  region size 1024K, 8 young (8192K), 8 survivors (8192K)
 Metaspace       used 93998K, capacity 96192K, committed 96408K, reserved 1132544K
  class space    used 12277K, capacity 13101K, committed 13208K, reserved 1048576K
}

Deoptimization events (20 events):
Event: 26.111 Thread 0x0000022b1175d000 DEOPT PACKING pc=0x0000022b018427f6 sp=0x0000007c62ffd180
Event: 26.111 Thread 0x0000022b1175d000 DEOPT UNPACKING pc=0x0000022b00026d5e sp=0x0000007c62ffc6a0 mode 0
Event: 26.450 Thread 0x0000022b1175f000 DEOPT PACKING pc=0x0000022b019c36c7 sp=0x0000007c635fe7f0
Event: 26.451 Thread 0x0000022b1175f000 DEOPT UNPACKING pc=0x0000022b00026d5e sp=0x0000007c635fdc58 mode 0
Event: 26.652 Thread 0x0000022b11763800 DEOPT PACKING pc=0x0000022b01a05408 sp=0x0000007c634fe670
Event: 26.652 Thread 0x0000022b11763800 DEOPT UNPACKING pc=0x0000022b00026d5e sp=0x0000007c634fdca8 mode 0
Event: 26.661 Thread 0x0000022b1175f000 DEOPT PACKING pc=0x0000022b019e7ccd sp=0x0000007c635fe450
Event: 26.661 Thread 0x0000022b1175f000 DEOPT UNPACKING pc=0x0000022b00026d5e sp=0x0000007c635fe020 mode 0
Event: 26.705 Thread 0x0000022b11765800 DEOPT PACKING pc=0x0000022b019e7ccd sp=0x0000007c637fe160
Event: 26.705 Thread 0x0000022b11765800 DEOPT UNPACKING pc=0x0000022b00026d5e sp=0x0000007c637fdd30 mode 0
Event: 26.732 Thread 0x0000022b1175f000 DEOPT PACKING pc=0x0000022b019e7ccd sp=0x0000007c635fe450
Event: 26.732 Thread 0x0000022b1175f000 DEOPT UNPACKING pc=0x0000022b00026d5e sp=0x0000007c635fe020 mode 0
Event: 26.769 Thread 0x0000022b11765800 DEOPT PACKING pc=0x0000022b01959994 sp=0x0000007c637fe860
Event: 26.769 Thread 0x0000022b11765800 DEOPT UNPACKING pc=0x0000022b00026d5e sp=0x0000007c637fdd10 mode 0
Event: 26.987 Thread 0x0000022b1175f000 DEOPT PACKING pc=0x0000022b01ab22fe sp=0x0000007c635fe5f0
Event: 26.987 Thread 0x0000022b1175f000 DEOPT UNPACKING pc=0x0000022b00026d5e sp=0x0000007c635fdb70 mode 0
Event: 27.131 Thread 0x0000022b1175f000 DEOPT PACKING pc=0x0000022b019d569a sp=0x0000007c635fea90
Event: 27.131 Thread 0x0000022b1175f000 DEOPT UNPACKING pc=0x0000022b00026d5e sp=0x0000007c635fdf58 mode 0
Event: 27.982 Thread 0x0000022b11763800 DEOPT PACKING pc=0x0000022b01b3b5bb sp=0x0000007c634fe8f0
Event: 27.982 Thread 0x0000022b11763800 DEOPT UNPACKING pc=0x0000022b00026d5e sp=0x0000007c634fdda8 mode 0

Classes redefined (0 events):
No events

Internal exceptions (20 events):
Event: 25.235 Thread 0x0000022b1175d000 Exception <a 'sun/nio/fs/WindowsException'{0x000000008b69a828}> (0x000000008b69a828) thrown at [./src/hotspot/share/prims/jni.cpp, line 615]
Event: 25.494 Thread 0x0000022b11759000 Exception <a 'java/lang/NoSuchMethodError'{0x000000008ae99880}: 'void java.lang.invoke.DirectMethodHandle$Holder.invokeStatic(java.lang.Object, long)'> (0x000000008ae99880) thrown at [./src/hotspot/share/interpreter/linkResolver.cpp, line 773]
Event: 25.495 Thread 0x0000022b11759000 Exception <a 'java/lang/NoSuchMethodError'{0x000000008ae9ea98}: 'java.lang.Object java.lang.invoke.DirectMethodHandle$Holder.invokeStatic(java.lang.Object, long)'> (0x000000008ae9ea98) thrown at [./src/hotspot/share/interpreter/linkResolver.cpp, line 773]
Event: 25.498 Thread 0x0000022b11759000 Exception <a 'java/lang/NoSuchMethodError'{0x000000008aeace00}: 'java.lang.Object java.lang.invoke.DirectMethodHandle$Holder.invokeStaticInit(java.lang.Object, java.lang.Object, long, java.lang.Object)'> (0x000000008aeace00) thrown at [./src/hotspot/share/interpreter/linkResolver.cpp, line 773]
Event: 25.499 Thread 0x0000022b11759000 Exception <a 'java/lang/NoSuchMethodError'{0x000000008aeb2f98}: 'java.lang.Object java.lang.invoke.DirectMethodHandle$Holder.invokeStatic(java.lang.Object, java.lang.Object, long)'> (0x000000008aeb2f98) thrown at [./src/hotspot/share/interpreter/linkResolver.cpp, line 773]
Event: 25.500 Thread 0x0000022b11759000 Exception <a 'java/lang/NoSuchMethodError'{0x000000008ad2cb90}: 'java.lang.Object java.lang.invoke.Invokers$Holder.linkToTargetMethod(java.lang.Object, long, java.lang.Object)'> (0x000000008ad2cb90) thrown at [./src/hotspot/share/interpreter/linkResolver.cpp, line 773]
Event: 25.661 Thread 0x0000022b1175d000 Exception <a 'java/lang/NoSuchMethodError'{0x000000008a911558}: 'java.lang.Object java.lang.invoke.DirectMethodHandle$Holder.invokeStaticInit(java.lang.Object, java.lang.Object, java.lang.Object, java.lang.Object, java.lang.Object, java.lang.Object, java.lang.Object, java.lang.Object, java.lang.Object, java.lang.Object, java.lang.Object, java.lang.Object, java.lang.Object, java.lang.Object, java.lang.Object, java.lang.Object, java.lang.Object, java.lang.Object, int, java.lang.Object, java.lang.Object)'> (0
Event: 25.733 Thread 0x0000022b11759000 Exception <a 'java/lang/NoSuchMethodError'{0x000000008a28e4f0}: 'int java.lang.invoke.DirectMethodHandle$Holder.invokeSpecialIFC(java.lang.Object, java.lang.Object, java.lang.Object)'> (0x000000008a28e4f0) thrown at [./src/hotspot/share/interpreter/linkResolver.cpp, line 773]
Event: 26.165 Thread 0x0000022b11765800 Exception <a 'java/lang/IncompatibleClassChangeError'{0x0000000088229108}: Found class java.lang.Object, but interface was expected> (0x0000000088229108) thrown at [./src/hotspot/share/interpreter/linkResolver.cpp, line 839]
Event: 26.234 Thread 0x0000022b11763800 Exception <a 'java/lang/NoSuchMethodError'{0x000000008819e0f0}: 'java.lang.Object java.lang.invoke.DirectMethodHandle$Holder.newInvokeSpecial(java.lang.Object, int)'> (0x000000008819e0f0) thrown at [./src/hotspot/share/interpreter/linkResolver.cpp, line 773]
Event: 26.350 Thread 0x0000022b11765800 Exception <a 'java/lang/IncompatibleClassChangeError'{0x0000000087ebad80}: Found class java.lang.Object, but interface was expected> (0x0000000087ebad80) thrown at [./src/hotspot/share/interpreter/linkResolver.cpp, line 839]
Event: 26.350 Thread 0x0000022b1175f000 Exception <a 'java/lang/IncompatibleClassChangeError'{0x0000000087ebf448}: Found class java.lang.Object, but interface was expected> (0x0000000087ebf448) thrown at [./src/hotspot/share/interpreter/linkResolver.cpp, line 839]
Event: 26.352 Thread 0x0000022b1175f000 Exception <a 'java/lang/IncompatibleClassChangeError'{0x0000000087ec6c58}: Found class java.lang.Object, but interface was expected> (0x0000000087ec6c58) thrown at [./src/hotspot/share/interpreter/linkResolver.cpp, line 839]
Event: 26.352 Thread 0x0000022b11765800 Exception <a 'java/lang/IncompatibleClassChangeError'{0x0000000087ebda08}: Found class java.lang.Object, but interface was expected> (0x0000000087ebda08) thrown at [./src/hotspot/share/interpreter/linkResolver.cpp, line 839]
Event: 26.352 Thread 0x0000022b11763000 Exception <a 'java/lang/IncompatibleClassChangeError'{0x0000000087eaff58}: Found class java.lang.Object, but interface was expected> (0x0000000087eaff58) thrown at [./src/hotspot/share/interpreter/linkResolver.cpp, line 839]
Event: 27.499 Thread 0x0000022b1175d000 Exception <a 'java/lang/NoSuchMethodError'{0x000000008bcaf900}: 'int java.lang.invoke.DirectMethodHandle$Holder.invokeVirtual(java.lang.Object, java.lang.Object, java.lang.Object, java.lang.Object)'> (0x000000008bcaf900) thrown at [./src/hotspot/share/interpreter/linkResolver.cpp, line 773]
Event: 27.599 Thread 0x0000022b1175d000 Exception <a 'java/lang/IncompatibleClassChangeError'{0x000000008ba42fe8}: Found class java.lang.Object, but interface was expected> (0x000000008ba42fe8) thrown at [./src/hotspot/share/interpreter/linkResolver.cpp, line 839]
Event: 27.616 Thread 0x0000022b1175f000 Exception <a 'java/lang/NoSuchMethodError'{0x000000008bd16348}: 'int java.lang.invoke.DirectMethodHandle$Holder.invokeVirtual(java.lang.Object, java.lang.Object, java.lang.Object)'> (0x000000008bd16348) thrown at [./src/hotspot/share/interpreter/linkResolver.cpp, line 773]
Event: 27.616 Thread 0x0000022b11763000 Exception <a 'java/lang/NoSuchMethodError'{0x000000008bac38a8}: 'int java.lang.invoke.DirectMethodHandle$Holder.invokeVirtual(java.lang.Object, java.lang.Object, java.lang.Object)'> (0x000000008bac38a8) thrown at [./src/hotspot/share/interpreter/linkResolver.cpp, line 773]
Event: 27.616 Thread 0x0000022b11763800 Exception <a 'java/lang/NoSuchMethodError'{0x000000008bab7578}: 'int java.lang.invoke.DirectMethodHandle$Holder.invokeVirtual(java.lang.Object, java.lang.Object, java.lang.Object)'> (0x000000008bab7578) thrown at [./src/hotspot/share/interpreter/linkResolver.cpp, line 773]

Events (20 events):
Event: 28.091 Executing coalesced safepoint VM operation: RevokeBias done
Event: 28.091 Executing coalesced safepoint VM operation: RevokeBias
Event: 28.091 Executing coalesced safepoint VM operation: RevokeBias done
Event: 28.091 Executing VM operation: RevokeBias done
Event: 28.092 Executing VM operation: RevokeBias
Event: 28.093 Executing coalesced safepoint VM operation: RevokeBias
Event: 28.093 Executing coalesced safepoint VM operation: RevokeBias done
Event: 28.093 Executing VM operation: RevokeBias done
Event: 28.093 Executing VM operation: RevokeBias
Event: 28.094 Executing VM operation: RevokeBias done
Event: 28.099 Executing VM operation: RevokeBias
Event: 28.100 Executing VM operation: RevokeBias done
Event: 28.104 Executing VM operation: BulkRevokeBias
Event: 28.107 Executing coalesced safepoint VM operation: RevokeBias
Event: 28.107 Executing coalesced safepoint VM operation: RevokeBias done
Event: 28.107 Executing coalesced safepoint VM operation: RevokeBias
Event: 28.107 Executing coalesced safepoint VM operation: RevokeBias done
Event: 28.107 Executing coalesced safepoint VM operation: RevokeBias
Event: 28.107 Executing coalesced safepoint VM operation: RevokeBias done
Event: 28.107 Executing VM operation: BulkRevokeBias done


Dynamic libraries:
0x00007ff705a10000 - 0x00007ff705a1a000 	C:\Program Files\Android\Android Studio\jre\bin\java.exe
0x00007fff379d0000 - 0x00007fff37bc5000 	C:\Windows\SYSTEM32\ntdll.dll
0x00007fff35c30000 - 0x00007fff35cee000 	C:\Windows\System32\KERNEL32.DLL
0x00007fff35470000 - 0x00007fff35738000 	C:\Windows\System32\KERNELBASE.dll
0x00007fff351b0000 - 0x00007fff352b0000 	C:\Windows\System32\ucrtbase.dll
0x00007fff2ade0000 - 0x00007fff2adf7000 	C:\Program Files\Android\Android Studio\jre\bin\VCRUNTIME140.dll
0x00007fff2ae00000 - 0x00007fff2ae19000 	C:\Program Files\Android\Android Studio\jre\bin\jli.dll
0x00007fff37270000 - 0x00007fff37411000 	C:\Windows\System32\USER32.dll
0x00007fff350e0000 - 0x00007fff35102000 	C:\Windows\System32\win32u.dll
0x00007fff26ba0000 - 0x00007fff26e3a000 	C:\Windows\WinSxS\amd64_microsoft.windows.common-controls_6595b64144ccf1df_6.0.19041.1110_none_60b5254171f9507e\COMCTL32.dll
0x00007fff35f30000 - 0x00007fff35f5b000 	C:\Windows\System32\GDI32.dll
0x00007fff37420000 - 0x00007fff374be000 	C:\Windows\System32\msvcrt.dll
0x00007fff35360000 - 0x00007fff3546d000 	C:\Windows\System32\gdi32full.dll
0x00007fff35110000 - 0x00007fff351ad000 	C:\Windows\System32\msvcp_win.dll
0x00007fff374d0000 - 0x00007fff37500000 	C:\Windows\System32\IMM32.DLL
0x00007fff270b0000 - 0x00007fff2714d000 	C:\Program Files\Android\Android Studio\jre\bin\msvcp140.dll
0x00007fff0aee0000 - 0x00007fff0b9b5000 	C:\Program Files\Android\Android Studio\jre\bin\server\jvm.dll
0x00007fff371c0000 - 0x00007fff3726c000 	C:\Windows\System32\ADVAPI32.dll
0x00007fff35f80000 - 0x00007fff3601b000 	C:\Windows\System32\sechost.dll
0x00007fff376b0000 - 0x00007fff377da000 	C:\Windows\System32\RPCRT4.dll
0x00007fff376a0000 - 0x00007fff376a8000 	C:\Windows\System32\PSAPI.DLL
0x00007fff23e10000 - 0x00007fff23e37000 	C:\Windows\SYSTEM32\WINMM.dll
0x00007fff251b0000 - 0x00007fff251ba000 	C:\Windows\SYSTEM32\VERSION.dll
0x00007fff30ec0000 - 0x00007fff30ec9000 	C:\Windows\SYSTEM32\WSOCK32.dll
0x00007fff37630000 - 0x00007fff3769b000 	C:\Windows\System32\ws2_32.DLL
0x00007fff33180000 - 0x00007fff33192000 	C:\Windows\SYSTEM32\kernel.appcore.dll
0x00007fff30230000 - 0x00007fff30241000 	C:\Program Files\Android\Android Studio\jre\bin\verify.dll
0x00007fff23290000 - 0x00007fff23474000 	C:\Windows\SYSTEM32\DBGHELP.DLL
0x00007fff23260000 - 0x00007fff2328c000 	C:\Windows\SYSTEM32\dbgcore.DLL
0x00007fff35740000 - 0x00007fff357c2000 	C:\Windows\System32\bcryptPrimitives.dll
0x00007fff2fd30000 - 0x00007fff2fd59000 	C:\Program Files\Android\Android Studio\jre\bin\java.dll
0x00007fff301f0000 - 0x00007fff301fb000 	C:\Program Files\Android\Android Studio\jre\bin\jimage.dll
0x00007fff2fce0000 - 0x00007fff2fcf8000 	C:\Program Files\Android\Android Studio\jre\bin\zip.dll
0x00007fff36020000 - 0x00007fff36764000 	C:\Windows\System32\SHELL32.dll
0x00007fff33380000 - 0x00007fff33b14000 	C:\Windows\SYSTEM32\windows.storage.dll
0x00007fff36c60000 - 0x00007fff36fb5000 	C:\Windows\System32\combase.dll
0x00007fff34a60000 - 0x00007fff34a8e000 	C:\Windows\SYSTEM32\Wldp.dll
0x00007fff35ad0000 - 0x00007fff35b7d000 	C:\Windows\System32\SHCORE.dll
0x00007fff35a70000 - 0x00007fff35ac5000 	C:\Windows\System32\shlwapi.dll
0x00007fff35020000 - 0x00007fff3503f000 	C:\Windows\SYSTEM32\profapi.dll
0x00007fff2f9d0000 - 0x00007fff2f9ea000 	C:\Program Files\Android\Android Studio\jre\bin\net.dll
0x00007fff2b640000 - 0x00007fff2b74c000 	C:\Windows\SYSTEM32\WINHTTP.dll
0x00007fff347c0000 - 0x00007fff3482a000 	C:\Windows\system32\mswsock.dll
0x00007fff2f320000 - 0x00007fff2f334000 	C:\Program Files\Android\Android Studio\jre\bin\nio.dll
0x00007fff26ea0000 - 0x00007fff26ec7000 	C:\Users\Admin\.gradle\native\e1d6ef7f7dcc3fd88c89a11ec53ec762bb8ba0a96d01ffa2cd45eb1d1d8dd5c5\windows-amd64\native-platform.dll
0x00007fff1f100000 - 0x00007fff1f244000 	C:\Users\Admin\.gradle\native\5664cfc778a61ccfe75a443a1ab52a65af34e5dc3c78e0209fed803814484fcb\windows-amd64\native-platform-file-events.dll
0x00007fff2fd20000 - 0x00007fff2fd2a000 	C:\Program Files\Android\Android Studio\jre\bin\management.dll
0x00007fff2fcd0000 - 0x00007fff2fcdd000 	C:\Program Files\Android\Android Studio\jre\bin\management_ext.dll
0x00007fff349c0000 - 0x00007fff349d8000 	C:\Windows\SYSTEM32\CRYPTSP.dll
0x00007fff342f0000 - 0x00007fff34324000 	C:\Windows\system32\rsaenh.dll
0x00007fff35880000 - 0x00007fff358a7000 	C:\Windows\System32\bcrypt.dll
0x00007fff34fa0000 - 0x00007fff34fce000 	C:\Windows\SYSTEM32\USERENV.dll
0x00007fff349b0000 - 0x00007fff349bc000 	C:\Windows\SYSTEM32\CRYPTBASE.dll
0x00007fff344b0000 - 0x00007fff344eb000 	C:\Windows\SYSTEM32\IPHLPAPI.DLL
0x00007fff36c50000 - 0x00007fff36c58000 	C:\Windows\System32\NSI.dll
0x00007fff2de80000 - 0x00007fff2de97000 	C:\Windows\SYSTEM32\dhcpcsvc6.DLL
0x00007fff2de30000 - 0x00007fff2de4d000 	C:\Windows\SYSTEM32\dhcpcsvc.DLL
0x00007fff344f0000 - 0x00007fff345bb000 	C:\Windows\SYSTEM32\DNSAPI.dll

dbghelp: loaded successfully - version: 4.0.5 - missing functions: none
symbol engine: initialized successfully - sym options: 0x614 - pdb path: .;C:\Program Files\Android\Android Studio\jre\bin;C:\Windows\SYSTEM32;C:\Windows\WinSxS\amd64_microsoft.windows.common-controls_6595b64144ccf1df_6.0.19041.1110_none_60b5254171f9507e;C:\Program Files\Android\Android Studio\jre\bin\server;C:\Users\Admin\.gradle\native\e1d6ef7f7dcc3fd88c89a11ec53ec762bb8ba0a96d01ffa2cd45eb1d1d8dd5c5\windows-amd64;C:\Users\Admin\.gradle\native\5664cfc778a61ccfe75a443a1ab52a65af34e5dc3c78e0209fed803814484fcb\windows-amd64

VM Arguments:
jvm_args: --add-opens=java.base/java.util=ALL-UNNAMED --add-opens=java.base/java.lang=ALL-UNNAMED --add-opens=java.base/java.lang.invoke=ALL-UNNAMED --add-opens=java.base/java.util=ALL-UNNAMED --add-opens=java.prefs/java.util.prefs=ALL-UNNAMED --add-opens=java.prefs/java.util.prefs=ALL-UNNAMED --add-opens=java.base/java.nio.charset=ALL-UNNAMED --add-opens=java.base/java.net=ALL-UNNAMED --add-opens=java.base/java.util.concurrent.atomic=ALL-UNNAMED -Xmx2048m -Dfile.encoding=UTF-8 -Duser.country=US -Duser.language=en -Duser.variant 
java_command: org.gradle.launcher.daemon.bootstrap.GradleDaemon 7.2
java_class_path (initial): C:\Users\Admin\.gradle\wrapper\dists\gradle-7.2-bin\2dnblmf4td7x66yl1d74lt32g\gradle-7.2\lib\gradle-launcher-7.2.jar
Launcher Type: SUN_STANDARD

[Global flags]
     intx CICompilerCount                          = 3                                         {product} {ergonomic}
     uint ConcGCThreads                            = 1                                         {product} {ergonomic}
     uint G1ConcRefinementThreads                  = 4                                         {product} {ergonomic}
   size_t G1HeapRegionSize                         = 1048576                                   {product} {ergonomic}
    uintx GCDrainStackTargetSize                   = 64                                        {product} {ergonomic}
   size_t InitialHeapSize                          = 67108864                                  {product} {ergonomic}
   size_t MarkStackSize                            = 4194304                                   {product} {ergonomic}
   size_t MaxHeapSize                              = 2147483648                                {product} {command line}
   size_t MaxNewSize                               = 1287651328                                {product} {ergonomic}
   size_t MinHeapDeltaBytes                        = 1048576                                   {product} {ergonomic}
    uintx NonNMethodCodeHeapSize                   = 5830732                                {pd product} {ergonomic}
    uintx NonProfiledCodeHeapSize                  = 122913754                              {pd product} {ergonomic}
    uintx ProfiledCodeHeapSize                     = 122913754                              {pd product} {ergonomic}
    uintx ReservedCodeCacheSize                    = 251658240                              {pd product} {ergonomic}
     bool SegmentedCodeCache                       = true                                      {product} {ergonomic}
     bool UseCompressedClassPointers               = true                                 {lp64_product} {ergonomic}
     bool UseCompressedOops                        = true                                 {lp64_product} {ergonomic}
     bool UseG1GC                                  = true                                      {product} {ergonomic}
     bool UseLargePagesIndividualAllocation        = false                                  {pd product} {ergonomic}

Logging:
Log output configuration:
 #0: stdout all=warning uptime,level,tags
 #1: stderr all=off uptime,level,tags

Environment Variables:
PATH=C:\Program Files (x86)\VMware\VMware Player\bin\;C:\Windows\system32;C:\Windows;C:\Windows\System32\Wbem;C:\Windows\System32\WindowsPowerShell\v1.0\;C:\Windows\System32\OpenSSH\;C:\Program Files\dotnet\;C:\Users\Admin\AppData\Local\Microsoft\WindowsApps;C:\Users\Admin\.dotnet\tools
USERNAME=Admin
OS=Windows_NT
PROCESSOR_IDENTIFIER=Intel64 Family 6 Model 42 Stepping 7, GenuineIntel



---------------  S Y S T E M  ---------------

OS: Windows 10 , 64 bit Build 19041 (10.0.19041.1348)
OS uptime: 0 days 3:25 hours

CPU:total 4 (initial active 4) (2 cores per cpu, 2 threads per core) family 6 model 42 stepping 7 microcode 0x2f, cmov, cx8, fxsr, mmx, sse, sse2, sse3, ssse3, sse4.1, sse4.2, popcnt, avx, clmul, ht, tsc, tscinvbit

Memory: 4k page, system-wide physical 4004M (283M free)
TotalPageFile size 4004M (AvailPageFile size 5M)
current process WorkingSet (physical memory assigned to process): 401M, peak: 405M
current process commit charge ("private bytes"): 492M, peak: 493M

vm_info: OpenJDK 64-Bit Server VM (11.0.11+9-b60-7590822) for windows-amd64 JRE (11.0.11+9-b60-7590822), built on Jul 29 2021 21:43:44 by "builder" with MS VC++ 14.0 (VS2015)

END.
