#
# There is insufficient memory for the Java Runtime Environment to continue.
# Native memory allocation (mmap) failed to map 61865984 bytes for Failed to commit area from 0x000000008a200000 to 0x000000008dd00000 of length 61865984.
# Possible reasons:
#   The system is out of physical RAM or swap space
#   The process is running with CompressedOops enabled, and the Java Heap may be blocking the growth of the native heap
# Possible solutions:
#   Reduce memory load on the system
#   Increase physical memory or swap space
#   Check if swap backing store is full
#   Decrease Java heap size (-Xmx/-Xms)
#   Decrease number of Java threads
#   Decrease Java thread stack sizes (-Xss)
#   Set larger code cache with -XX:ReservedCodeCacheSize=
#   JVM is running with Unscaled Compressed Oops mode in which the Java heap is
#     placed in the first 4GB address space. The Java Heap base address is the
#     maximum limit for the native heap growth. Please use -XX:HeapBaseMinAddress
#     to set the Java Heap base and to place the Java Heap above 4GB virtual address.
# This output file may be truncated or incomplete.
#
#  Out of Memory Error (./src/hotspot/os/windows/os_windows.cpp:3301), pid=4324, tid=304
#
# JRE version: OpenJDK Runtime Environment (11.0.11+9) (build 11.0.11+9-b60-7590822)
# Java VM: OpenJDK 64-Bit Server VM (11.0.11+9-b60-7590822, mixed mode, tiered, compressed oops, g1 gc, windows-amd64)
# No core dump will be written. Minidumps are not enabled by default on client versions of Windows
#

---------------  S U M M A R Y ------------

Command Line: --add-opens=java.base/java.util=ALL-UNNAMED --add-opens=java.base/java.lang=ALL-UNNAMED --add-opens=java.base/java.lang.invoke=ALL-UNNAMED --add-opens=java.base/java.util=ALL-UNNAMED --add-opens=java.prefs/java.util.prefs=ALL-UNNAMED --add-opens=java.prefs/java.util.prefs=ALL-UNNAMED --add-opens=java.base/java.nio.charset=ALL-UNNAMED --add-opens=java.base/java.net=ALL-UNNAMED --add-opens=java.base/java.util.concurrent.atomic=ALL-UNNAMED -Xmx2048m -Dfile.encoding=UTF-8 -Duser.country=US -Duser.language=en -Duser.variant org.gradle.launcher.daemon.bootstrap.GradleDaemon 7.2

Host: Intel(R) Core(TM) i3-2330M CPU @ 2.20GHz, 4 cores, 3G,  Windows 10 , 64 bit Build 19041 (10.0.19041.1348)
Time: Tue Apr 26 18:21:20 2022 SE Asia Standard Time elapsed time: 21.745107 seconds (0d 0h 0m 21s)

---------------  T H R E A D  ---------------

Current thread (0x00000243c8581800):  VMThread "VM Thread" [stack: 0x000000ab01600000,0x000000ab01700000] [id=304]

Stack: [0x000000ab01600000,0x000000ab01700000]
[error occurred during error reporting (printing stack bounds), id 0xc0000005, EXCEPTION_ACCESS_VIOLATION (0xc0000005) at pc=0x00000243b1db0f2d]

Native frames: (J=compiled Java code, j=interpreted, Vv=VM code, C=native code)
V  [jvm.dll+0x5f214a]
V  [jvm.dll+0x726fb5]
V  [jvm.dll+0x7285cd]
V  [jvm.dll+0x728be5]
V  [jvm.dll+0x728b9b]
V  [jvm.dll+0x5f14e8]
V  [jvm.dll+0x5f1c78]
C  [ntdll.dll+0xa20cf]
C  [ntdll.dll+0x51454]
C  [ntdll.dll+0xa0bfe]
C  0x00000243b1db0f2d

VM_Operation (0x000000ab06bf2da0): G1CollectForAllocation, mode: safepoint, requested by thread 0x00000243cdbe6000


---------------  P R O C E S S  ---------------

Threads class SMR info:
_java_thread_list=0x00000243d2019970, length=87, elements={
0x00000243ae2ac000, 0x00000243c8588800, 0x00000243c8596000, 0x00000243c85e4800,
0x00000243c85e7000, 0x00000243c85e9000, 0x00000243c85f4000, 0x00000243c85f8800,
0x00000243c85fc000, 0x00000243c908f800, 0x00000243ca336000, 0x00000243c9d6b000,
0x00000243ca64b000, 0x00000243c9beb800, 0x00000243c9e15800, 0x00000243caed4800,
0x00000243ca280800, 0x00000243caaaf800, 0x00000243caac8800, 0x00000243caadf000,
0x00000243caada000, 0x00000243caadd800, 0x00000243caadc800, 0x00000243caade800,
0x00000243caadb000, 0x00000243caadc000, 0x00000243caad9800, 0x00000243caae0000,
0x00000243cb4f5800, 0x00000243cb4fa000, 0x00000243cb4f6000, 0x00000243cb4f7000,
0x00000243cb4fb000, 0x00000243cb4fd800, 0x00000243cb4fe800, 0x00000243cb4f8800,
0x00000243cb4ff000, 0x00000243cb4f9800, 0x00000243cb500000, 0x00000243cb500800,
0x00000243cb501800, 0x00000243cb502800, 0x00000243cb503000, 0x00000243cb504000,
0x00000243cda6c800, 0x00000243cda73000, 0x00000243cda6f800, 0x00000243cda6e800,
0x00000243cda6d000, 0x00000243cda73800, 0x00000243cda6e000, 0x00000243cda71000,
0x00000243cda76000, 0x00000243cda75800, 0x00000243cda70800, 0x00000243cda77000,
0x00000243cda72000, 0x00000243cda7a000, 0x00000243cda79800, 0x00000243cda77800,
0x00000243cda74800, 0x00000243cda7b000, 0x00000243cda78800, 0x00000243cdbe0800,
0x00000243cdbdd000, 0x00000243cdbe3000, 0x00000243cdbe2000, 0x00000243cdbde000,
0x00000243cdbe1000, 0x00000243cdbe3800, 0x00000243cdbdf800, 0x00000243cdbe4800,
0x00000243cdbde800, 0x00000243cdbeb000, 0x00000243cdbe5000, 0x00000243cdbe7800,
0x00000243cdbe9800, 0x00000243cdbea000, 0x00000243cdbe7000, 0x00000243cdbe8800,
0x00000243cdbeb800, 0x00000243cdbe6000, 0x00000243cf04b000, 0x00000243cf04a000,
0x00000243cf04b800, 0x00000243cf04c800, 0x00000243cf04d800
}

Java Threads: ( => current thread )
  0x00000243ae2ac000 JavaThread "main" [_thread_blocked, id=2812, stack(0x000000ab01000000,0x000000ab01100000)]
  0x00000243c8588800 JavaThread "Reference Handler" daemon [_thread_blocked, id=4520, stack(0x000000ab01700000,0x000000ab01800000)]
  0x00000243c8596000 JavaThread "Finalizer" daemon [_thread_blocked, id=3584, stack(0x000000ab01800000,0x000000ab01900000)]
  0x00000243c85e4800 JavaThread "Signal Dispatcher" daemon [_thread_blocked, id=5272, stack(0x000000ab01900000,0x000000ab01a00000)]
  0x00000243c85e7000 JavaThread "Attach Listener" daemon [_thread_blocked, id=3520, stack(0x000000ab01a00000,0x000000ab01b00000)]
  0x00000243c85e9000 JavaThread "Service Thread" daemon [_thread_blocked, id=888, stack(0x000000ab01b00000,0x000000ab01c00000)]
  0x00000243c85f4000 JavaThread "C2 CompilerThread0" daemon [_thread_in_native, id=1732, stack(0x000000ab01c00000,0x000000ab01d00000)]
  0x00000243c85f8800 JavaThread "C1 CompilerThread0" daemon [_thread_blocked, id=4912, stack(0x000000ab01d00000,0x000000ab01e00000)]
  0x00000243c85fc000 JavaThread "Sweeper thread" daemon [_thread_blocked, id=7008, stack(0x000000ab01e00000,0x000000ab01f00000)]
  0x00000243c908f800 JavaThread "Common-Cleaner" daemon [_thread_blocked, id=5720, stack(0x000000ab01f00000,0x000000ab02000000)]
  0x00000243ca336000 JavaThread "Daemon health stats" [_thread_blocked, id=692, stack(0x000000ab02200000,0x000000ab02300000)]
  0x00000243c9d6b000 JavaThread "Incoming local TCP Connector on port 51198" [_thread_in_native, id=4708, stack(0x000000ab02300000,0x000000ab02400000)]
  0x00000243ca64b000 JavaThread "Daemon periodic checks" [_thread_blocked, id=6284, stack(0x000000ab02400000,0x000000ab02500000)]
  0x00000243c9beb800 JavaThread "Daemon" [_thread_blocked, id=2084, stack(0x000000ab02500000,0x000000ab02600000)]
  0x00000243c9e15800 JavaThread "Handler for socket connection from /127.0.0.1:51198 to /127.0.0.1:51199" [_thread_in_native, id=5396, stack(0x000000ab02600000,0x000000ab02700000)]
  0x00000243caed4800 JavaThread "Cancel handler" [_thread_blocked, id=4588, stack(0x000000ab02700000,0x000000ab02800000)]
  0x00000243ca280800 JavaThread "Daemon worker" [_thread_blocked, id=744, stack(0x000000ab02800000,0x000000ab02900000)]
  0x00000243caaaf800 JavaThread "Asynchronous log dispatcher for DefaultDaemonConnection: socket connection from /127.0.0.1:51198 to /127.0.0.1:51199" [_thread_blocked, id=5984, stack(0x000000ab02900000,0x000000ab02a00000)]
  0x00000243caac8800 JavaThread "Stdin handler" [_thread_blocked, id=6476, stack(0x000000ab02a00000,0x000000ab02b00000)]
  0x00000243caadf000 JavaThread "Daemon client event forwarder" [_thread_blocked, id=6456, stack(0x000000ab02b00000,0x000000ab02c00000)]
  0x00000243caada000 JavaThread "Cache worker for journal cache (C:\Users\Admin\.gradle\caches\journal-1)" [_thread_blocked, id=6192, stack(0x000000ab02e00000,0x000000ab02f00000)]
  0x00000243caadd800 JavaThread "File lock request listener" [_thread_in_native, id=1684, stack(0x000000ab02f00000,0x000000ab03000000)]
  0x00000243caadc800 JavaThread "Cache worker for file hash cache (C:\Users\Admin\.gradle\caches\7.2\fileHashes)" [_thread_blocked, id=2820, stack(0x000000ab03000000,0x000000ab03100000)]
  0x00000243caade800 JavaThread "Cache worker for file hash cache (C:\Users\Admin\AndroidStudioProjects\DailySelfie\.gradle\7.2\fileHashes)" [_thread_blocked, id=2420, stack(0x000000ab03100000,0x000000ab03200000)]
  0x00000243caadb000 JavaThread "File watcher server" daemon [_thread_blocked, id=6304, stack(0x000000ab03200000,0x000000ab03300000)]
  0x00000243caadc000 JavaThread "File watcher consumer" daemon [_thread_blocked, id=4980, stack(0x000000ab03300000,0x000000ab03400000)]
  0x00000243caad9800 JavaThread "Cache worker for checksums cache (C:\Users\Admin\AndroidStudioProjects\DailySelfie\.gradle\checksums)" [_thread_blocked, id=3524, stack(0x000000ab03400000,0x000000ab03500000)]
  0x00000243caae0000 JavaThread "Cache worker for cache directory md-supplier (C:\Users\Admin\.gradle\caches\7.2\md-supplier)" [_thread_blocked, id=3364, stack(0x000000ab03500000,0x000000ab03600000)]
  0x00000243cb4f5800 JavaThread "Cache worker for cache directory md-rule (C:\Users\Admin\.gradle\caches\7.2\md-rule)" [_thread_blocked, id=5352, stack(0x000000ab03600000,0x000000ab03700000)]
  0x00000243cb4fa000 JavaThread "Cache worker for execution history cache (C:\Users\Admin\.gradle\caches\7.2\executionHistory)" [_thread_blocked, id=5036, stack(0x000000ab03700000,0x000000ab03800000)]
  0x00000243cb4f6000 JavaThread "jar transforms" [_thread_blocked, id=5276, stack(0x000000ab03800000,0x000000ab03900000)]
  0x00000243cb4f7000 JavaThread "Cache worker for file content cache (C:\Users\Admin\.gradle\caches\7.2\fileContent)" [_thread_blocked, id=2424, stack(0x000000ab03900000,0x000000ab03a00000)]
  0x00000243cb4fb000 JavaThread "jar transforms Thread 2" [_thread_blocked, id=3320, stack(0x000000ab03a00000,0x000000ab03b00000)]
  0x00000243cb4fd800 JavaThread "Cache worker for dependencies-accessors (C:\Users\Admin\AndroidStudioProjects\DailySelfie\.gradle\7.2\dependencies-accessors)" [_thread_blocked, id=6876, stack(0x000000ab03b00000,0x000000ab03c00000)]
  0x00000243cb4fe800 JavaThread "jar transforms Thread 3" [_thread_blocked, id=856, stack(0x000000ab03c00000,0x000000ab03d00000)]
  0x00000243cb4f8800 JavaThread "Cache worker for Build Output Cleanup Cache (C:\Users\Admin\AndroidStudioProjects\DailySelfie\.gradle\buildOutputCleanup)" [_thread_blocked, id=6684, stack(0x000000ab03d00000,0x000000ab03e00000)]
  0x00000243cb4ff000 JavaThread "Unconstrained build operations" [_thread_blocked, id=4628, stack(0x000000ab03e00000,0x000000ab03f00000)]
  0x00000243cb4f9800 JavaThread "Unconstrained build operations Thread 2" [_thread_blocked, id=6344, stack(0x000000ab03f00000,0x000000ab04000000)]
  0x00000243cb500000 JavaThread "Unconstrained build operations Thread 3" [_thread_blocked, id=6804, stack(0x000000ab04000000,0x000000ab04100000)]
  0x00000243cb500800 JavaThread "Unconstrained build operations Thread 4" [_thread_blocked, id=2524, stack(0x000000ab04100000,0x000000ab04200000)]
  0x00000243cb501800 JavaThread "Unconstrained build operations Thread 5" [_thread_blocked, id=6292, stack(0x000000ab04200000,0x000000ab04300000)]
  0x00000243cb502800 JavaThread "Unconstrained build operations Thread 6" [_thread_blocked, id=6448, stack(0x000000ab04300000,0x000000ab04400000)]
  0x00000243cb503000 JavaThread "Unconstrained build operations Thread 7" [_thread_blocked, id=5056, stack(0x000000ab04400000,0x000000ab04500000)]
  0x00000243cb504000 JavaThread "Unconstrained build operations Thread 8" [_thread_blocked, id=6960, stack(0x000000ab04500000,0x000000ab04600000)]
  0x00000243cda6c800 JavaThread "Unconstrained build operations Thread 9" [_thread_blocked, id=6860, stack(0x000000ab04600000,0x000000ab04700000)]
  0x00000243cda73000 JavaThread "Unconstrained build operations Thread 10" [_thread_blocked, id=1904, stack(0x000000ab04700000,0x000000ab04800000)]
  0x00000243cda6f800 JavaThread "Unconstrained build operations Thread 11" [_thread_blocked, id=6396, stack(0x000000ab04800000,0x000000ab04900000)]
  0x00000243cda6e800 JavaThread "Unconstrained build operations Thread 12" [_thread_blocked, id=228, stack(0x000000ab04900000,0x000000ab04a00000)]
  0x00000243cda6d000 JavaThread "Unconstrained build operations Thread 13" [_thread_blocked, id=848, stack(0x000000ab04a00000,0x000000ab04b00000)]
  0x00000243cda73800 JavaThread "Unconstrained build operations Thread 14" [_thread_blocked, id=1092, stack(0x000000ab04b00000,0x000000ab04c00000)]
  0x00000243cda6e000 JavaThread "Unconstrained build operations Thread 15" [_thread_blocked, id=4560, stack(0x000000ab04c00000,0x000000ab04d00000)]
  0x00000243cda71000 JavaThread "Unconstrained build operations Thread 16" [_thread_blocked, id=4368, stack(0x000000ab04d00000,0x000000ab04e00000)]
  0x00000243cda76000 JavaThread "Unconstrained build operations Thread 17" [_thread_blocked, id=6912, stack(0x000000ab04e00000,0x000000ab04f00000)]
  0x00000243cda75800 JavaThread "Unconstrained build operations Thread 18" [_thread_blocked, id=4716, stack(0x000000ab04f00000,0x000000ab05000000)]
  0x00000243cda70800 JavaThread "Unconstrained build operations Thread 19" [_thread_blocked, id=4140, stack(0x000000ab05000000,0x000000ab05100000)]
  0x00000243cda77000 JavaThread "Unconstrained build operations Thread 20" [_thread_blocked, id=1636, stack(0x000000ab05100000,0x000000ab05200000)]
  0x00000243cda72000 JavaThread "Unconstrained build operations Thread 21" [_thread_blocked, id=4876, stack(0x000000ab05200000,0x000000ab05300000)]
  0x00000243cda7a000 JavaThread "Unconstrained build operations Thread 22" [_thread_blocked, id=2468, stack(0x000000ab05300000,0x000000ab05400000)]
  0x00000243cda79800 JavaThread "Unconstrained build operations Thread 23" [_thread_blocked, id=1432, stack(0x000000ab05400000,0x000000ab05500000)]
  0x00000243cda77800 JavaThread "Unconstrained build operations Thread 24" [_thread_blocked, id=3264, stack(0x000000ab05500000,0x000000ab05600000)]
  0x00000243cda74800 JavaThread "Unconstrained build operations Thread 25" [_thread_blocked, id=884, stack(0x000000ab05600000,0x000000ab05700000)]
  0x00000243cda7b000 JavaThread "Unconstrained build operations Thread 26" [_thread_blocked, id=2404, stack(0x000000ab05700000,0x000000ab05800000)]
  0x00000243cda78800 JavaThread "Unconstrained build operations Thread 27" [_thread_blocked, id=4388, stack(0x000000ab05800000,0x000000ab05900000)]
  0x00000243cdbe0800 JavaThread "Unconstrained build operations Thread 28" [_thread_blocked, id=1528, stack(0x000000ab05900000,0x000000ab05a00000)]
  0x00000243cdbdd000 JavaThread "Unconstrained build operations Thread 29" [_thread_blocked, id=3812, stack(0x000000ab05a00000,0x000000ab05b00000)]
  0x00000243cdbe3000 JavaThread "Unconstrained build operations Thread 30" [_thread_blocked, id=288, stack(0x000000ab05b00000,0x000000ab05c00000)]
  0x00000243cdbe2000 JavaThread "Unconstrained build operations Thread 31" [_thread_blocked, id=1300, stack(0x000000ab05c00000,0x000000ab05d00000)]
  0x00000243cdbde000 JavaThread "Unconstrained build operations Thread 32" [_thread_blocked, id=6536, stack(0x000000ab05d00000,0x000000ab05e00000)]
  0x00000243cdbe1000 JavaThread "Unconstrained build operations Thread 33" [_thread_blocked, id=5728, stack(0x000000ab05e00000,0x000000ab05f00000)]
  0x00000243cdbe3800 JavaThread "Unconstrained build operations Thread 34" [_thread_blocked, id=1600, stack(0x000000ab05f00000,0x000000ab06000000)]
  0x00000243cdbdf800 JavaThread "Unconstrained build operations Thread 35" [_thread_blocked, id=3236, stack(0x000000ab06000000,0x000000ab06100000)]
  0x00000243cdbe4800 JavaThread "Unconstrained build operations Thread 36" [_thread_blocked, id=5860, stack(0x000000ab06100000,0x000000ab06200000)]
  0x00000243cdbde800 JavaThread "Unconstrained build operations Thread 37" [_thread_blocked, id=3144, stack(0x000000ab06200000,0x000000ab06300000)]
  0x00000243cdbeb000 JavaThread "Unconstrained build operations Thread 38" [_thread_blocked, id=1976, stack(0x000000ab06300000,0x000000ab06400000)]
  0x00000243cdbe5000 JavaThread "Unconstrained build operations Thread 39" [_thread_blocked, id=2556, stack(0x000000ab06400000,0x000000ab06500000)]
  0x00000243cdbe7800 JavaThread "Unconstrained build operations Thread 40" [_thread_blocked, id=236, stack(0x000000ab06500000,0x000000ab06600000)]
  0x00000243cdbe9800 JavaThread "jar transforms Thread 4" [_thread_blocked, id=5748, stack(0x000000ab06600000,0x000000ab06700000)]
  0x00000243cdbea000 JavaThread "Memory manager" [_thread_blocked, id=5620, stack(0x000000ab06700000,0x000000ab06800000)]
  0x00000243cdbe7000 JavaThread "build event listener" [_thread_blocked, id=2652, stack(0x000000ab06800000,0x000000ab06900000)]
  0x00000243cdbe8800 JavaThread "pool-3-thread-1" [_thread_blocked, id=2780, stack(0x000000ab06900000,0x000000ab06a00000)]
  0x00000243cdbeb800 JavaThread "build event listener" [_thread_blocked, id=120, stack(0x000000ab06a00000,0x000000ab06b00000)]
  0x00000243cdbe6000 JavaThread "Execution worker for ':'" [_thread_blocked, id=3204, stack(0x000000ab06b00000,0x000000ab06c00000)]
  0x00000243cf04b000 JavaThread "Execution worker for ':' Thread 2" [_thread_blocked, id=1204, stack(0x000000ab06c00000,0x000000ab06d00000)]
  0x00000243cf04a000 JavaThread "Execution worker for ':' Thread 3" [_thread_blocked, id=1208, stack(0x000000ab06d00000,0x000000ab06e00000)]
  0x00000243cf04b800 JavaThread "Cache worker for execution history cache (C:\Users\Admin\AndroidStudioProjects\DailySelfie\.gradle\7.2\executionHistory)" [_thread_blocked, id=4788, stack(0x000000ab06e00000,0x000000ab06f00000)]
  0x00000243cf04c800 JavaThread "WorkerExecutor Queue" [_thread_blocked, id=6516, stack(0x000000ab07100000,0x000000ab07200000)]
  0x00000243cf04d800 JavaThread "WorkerExecutor Queue Thread 2" [_thread_blocked, id=4332, stack(0x000000ab07200000,0x000000ab07300000)]

Other Threads:
=>0x00000243c8581800 VMThread "VM Thread" [stack: 0x000000ab01600000,0x000000ab01700000] [id=304]
  0x00000243c90a2800 WatcherThread [stack: 0x000000ab02000000,0x000000ab02100000] [id=6816]
  0x00000243ae2c4000 GCTaskThread "GC Thread#0" [stack: 0x000000ab01100000,0x000000ab01200000] [id=6460]
  0x00000243c987e800 GCTaskThread "GC Thread#1" [stack: 0x000000ab02100000,0x000000ab02200000] [id=108]
  0x00000243caa16800 GCTaskThread "GC Thread#2" [stack: 0x000000ab02c00000,0x000000ab02d00000] [id=5384]
  0x00000243caaeb800 GCTaskThread "GC Thread#3" [stack: 0x000000ab02d00000,0x000000ab02e00000] [id=3136]
  0x00000243ae2f7800 ConcurrentGCThread "G1 Main Marker" [stack: 0x000000ab01200000,0x000000ab01300000] [id=4784]
  0x00000243ae2f8800 ConcurrentGCThread "G1 Conc#0" [stack: 0x000000ab01300000,0x000000ab01400000] [id=2000]
  0x00000243ae353000 ConcurrentGCThread "G1 Refine#0" [stack: 0x000000ab01400000,0x000000ab01500000] [id=2428]
  0x00000243ccf9e000 ConcurrentGCThread "G1 Refine#1" [stack: 0x000000ab06f00000,0x000000ab07000000] [id=928]
  0x00000243ccf9e800 ConcurrentGCThread "G1 Refine#2" [stack: 0x000000ab07000000,0x000000ab07100000] [id=5440]
  0x00000243ae354000 ConcurrentGCThread "G1 Young RemSet Sampling" [stack: 0x000000ab01500000,0x000000ab01600000] [id=6016]

Threads with active compile tasks:
C2 CompilerThread0  21770 10065       4       jdk.internal.loader.URLClassPath$JarLoader$2::getCodeSigners (8 bytes)

VM state:at safepoint (normal execution)

VM Mutex/Monitor currently owned by a thread:  ([mutex/lock_event])
[0x00000243ae2a8520] Threads_lock - owner thread: 0x00000243c8581800
[0x00000243ae2a7e60] Heap_lock - owner thread: 0x00000243cdbe6000

Heap address: 0x0000000080000000, size: 2048 MB, Compressed Oops mode: 32-bit
Narrow klass base: 0x0000000000000000, Narrow klass shift: 3
Compressed class space size: 1073741824 Address: 0x0000000100000000

Heap:
 garbage-first heap   total 226304K, used 92672K [0x0000000080000000, 0x0000000100000000)
  region size 1024K, 2 young (2048K), 2 survivors (2048K)
 Metaspace       used 91042K, capacity 93281K, committed 93516K, reserved 1130496K
  class space    used 11705K, capacity 12525K, committed 12620K, reserved 1048576K
Heap Regions: E=young(eden), S=young(survivor), O=old, HS=humongous(starts), HC=humongous(continues), CS=collection set, F=free, A=archive, TAMS=top-at-mark-start (previous, next)
|   0|0x0000000080000000, 0x0000000080100000, 0x0000000080100000|100%| O|  |TAMS 0x0000000080100000, 0x0000000080100000| Untracked 
|   1|0x0000000080100000, 0x0000000080200000, 0x0000000080200000|100%| O|  |TAMS 0x0000000080200000, 0x0000000080200000| Untracked 
|   2|0x0000000080200000, 0x0000000080300000, 0x0000000080300000|100%| O|  |TAMS 0x0000000080300000, 0x0000000080300000| Untracked 
|   3|0x0000000080300000, 0x0000000080400000, 0x0000000080400000|100%|HS|  |TAMS 0x0000000080400000, 0x0000000080400000| Complete 
|   4|0x0000000080400000, 0x0000000080500000, 0x0000000080500000|100%|HC|  |TAMS 0x0000000080500000, 0x0000000080500000| Complete 
|   5|0x0000000080500000, 0x0000000080600000, 0x0000000080600000|100%|HC|  |TAMS 0x0000000080600000, 0x0000000080600000| Complete 
|   6|0x0000000080600000, 0x0000000080700000, 0x0000000080700000|100%| O|  |TAMS 0x0000000080700000, 0x0000000080700000| Untracked 
|   7|0x0000000080700000, 0x0000000080800000, 0x0000000080800000|100%| O|  |TAMS 0x0000000080800000, 0x0000000080800000| Untracked 
|   8|0x0000000080800000, 0x0000000080900000, 0x0000000080900000|100%| O|  |TAMS 0x0000000080900000, 0x0000000080900000| Untracked 
|   9|0x0000000080900000, 0x0000000080a00000, 0x0000000080a00000|100%| O|  |TAMS 0x0000000080a00000, 0x0000000080a00000| Untracked 
|  10|0x0000000080a00000, 0x0000000080b00000, 0x0000000080b00000|100%| O|  |TAMS 0x0000000080b00000, 0x0000000080b00000| Untracked 
|  11|0x0000000080b00000, 0x0000000080c00000, 0x0000000080c00000|100%| O|  |TAMS 0x0000000080c00000, 0x0000000080c00000| Untracked 
|  12|0x0000000080c00000, 0x0000000080d00000, 0x0000000080d00000|100%| O|  |TAMS 0x0000000080d00000, 0x0000000080d00000| Untracked 
|  13|0x0000000080d00000, 0x0000000080e00000, 0x0000000080e00000|100%| O|  |TAMS 0x0000000080e00000, 0x0000000080e00000| Untracked 
|  14|0x0000000080e00000, 0x0000000080f00000, 0x0000000080f00000|100%| O|  |TAMS 0x0000000080f00000, 0x0000000080f00000| Untracked 
|  15|0x0000000080f00000, 0x0000000081000000, 0x0000000081000000|100%| O|  |TAMS 0x0000000081000000, 0x0000000081000000| Untracked 
|  16|0x0000000081000000, 0x0000000081100000, 0x0000000081100000|100%| O|  |TAMS 0x0000000081100000, 0x0000000081100000| Untracked 
|  17|0x0000000081100000, 0x0000000081200000, 0x0000000081200000|100%| O|  |TAMS 0x0000000081200000, 0x0000000081200000| Untracked 
|  18|0x0000000081200000, 0x0000000081300000, 0x0000000081300000|100%| O|  |TAMS 0x0000000081300000, 0x0000000081300000| Untracked 
|  19|0x0000000081300000, 0x0000000081400000, 0x0000000081400000|100%| O|  |TAMS 0x0000000081400000, 0x0000000081400000| Untracked 
|  20|0x0000000081400000, 0x0000000081500000, 0x0000000081500000|100%| O|  |TAMS 0x0000000081500000, 0x0000000081500000| Untracked 
|  21|0x0000000081500000, 0x0000000081600000, 0x0000000081600000|100%| O|  |TAMS 0x0000000081600000, 0x0000000081600000| Untracked 
|  22|0x0000000081600000, 0x0000000081700000, 0x0000000081700000|100%| O|  |TAMS 0x0000000081700000, 0x0000000081700000| Untracked 
|  23|0x0000000081700000, 0x0000000081800000, 0x0000000081800000|100%| O|  |TAMS 0x0000000081800000, 0x0000000081800000| Untracked 
|  24|0x0000000081800000, 0x0000000081900000, 0x0000000081900000|100%| O|  |TAMS 0x0000000081900000, 0x0000000081900000| Untracked 
|  25|0x0000000081900000, 0x0000000081a00000, 0x0000000081a00000|100%| O|  |TAMS 0x0000000081a00000, 0x0000000081a00000| Untracked 
|  26|0x0000000081a00000, 0x0000000081b00000, 0x0000000081b00000|100%|HS|  |TAMS 0x0000000081b00000, 0x0000000081b00000| Complete 
|  27|0x0000000081b00000, 0x0000000081c00000, 0x0000000081c00000|100%|HS|  |TAMS 0x0000000081c00000, 0x0000000081c00000| Complete 
|  28|0x0000000081c00000, 0x0000000081d00000, 0x0000000081d00000|100%|HS|  |TAMS 0x0000000081d00000, 0x0000000081d00000| Complete 
|  29|0x0000000081d00000, 0x0000000081e00000, 0x0000000081e00000|100%| O|  |TAMS 0x0000000081e00000, 0x0000000081e00000| Untracked 
|  30|0x0000000081e00000, 0x0000000081f00000, 0x0000000081f00000|100%| O|  |TAMS 0x0000000081f00000, 0x0000000081f00000| Untracked 
|  31|0x0000000081f00000, 0x0000000082000000, 0x0000000082000000|100%| O|  |TAMS 0x0000000082000000, 0x0000000082000000| Untracked 
|  32|0x0000000082000000, 0x0000000082100000, 0x0000000082100000|100%|HS|  |TAMS 0x0000000082100000, 0x0000000082100000| Complete 
|  33|0x0000000082100000, 0x0000000082200000, 0x0000000082200000|100%|HC|  |TAMS 0x0000000082200000, 0x0000000082200000| Complete 
|  34|0x0000000082200000, 0x0000000082300000, 0x0000000082300000|100%| O|  |TAMS 0x0000000082300000, 0x0000000082300000| Untracked 
|  35|0x0000000082300000, 0x0000000082400000, 0x0000000082400000|100%| O|  |TAMS 0x0000000082400000, 0x0000000082400000| Untracked 
|  36|0x0000000082400000, 0x0000000082500000, 0x0000000082500000|100%| O|  |TAMS 0x0000000082500000, 0x0000000082500000| Untracked 
|  37|0x0000000082500000, 0x0000000082600000, 0x0000000082600000|100%| O|  |TAMS 0x0000000082600000, 0x0000000082600000| Untracked 
|  38|0x0000000082600000, 0x0000000082700000, 0x0000000082700000|100%| O|  |TAMS 0x0000000082700000, 0x0000000082700000| Untracked 
|  39|0x0000000082700000, 0x0000000082800000, 0x0000000082800000|100%| O|  |TAMS 0x0000000082800000, 0x0000000082800000| Untracked 
|  40|0x0000000082800000, 0x0000000082900000, 0x0000000082900000|100%| O|  |TAMS 0x0000000082900000, 0x0000000082900000| Untracked 
|  41|0x0000000082900000, 0x0000000082a00000, 0x0000000082a00000|100%| O|  |TAMS 0x0000000082a00000, 0x0000000082a00000| Untracked 
|  42|0x0000000082a00000, 0x0000000082b00000, 0x0000000082b00000|100%| O|  |TAMS 0x0000000082b00000, 0x0000000082b00000| Untracked 
|  43|0x0000000082b00000, 0x0000000082c00000, 0x0000000082c00000|100%| O|  |TAMS 0x0000000082c00000, 0x0000000082c00000| Untracked 
|  44|0x0000000082c00000, 0x0000000082d00000, 0x0000000082d00000|100%| O|  |TAMS 0x0000000082d00000, 0x0000000082d00000| Untracked 
|  45|0x0000000082d00000, 0x0000000082e00000, 0x0000000082e00000|100%| O|  |TAMS 0x0000000082e00000, 0x0000000082e00000| Untracked 
|  46|0x0000000082e00000, 0x0000000082f00000, 0x0000000082f00000|100%| O|  |TAMS 0x0000000082f00000, 0x0000000082f00000| Untracked 
|  47|0x0000000082f00000, 0x0000000083000000, 0x0000000083000000|100%| O|  |TAMS 0x0000000083000000, 0x0000000083000000| Untracked 
|  48|0x0000000083000000, 0x0000000083100000, 0x0000000083100000|100%| O|  |TAMS 0x0000000083100000, 0x0000000083100000| Untracked 
|  49|0x0000000083100000, 0x0000000083200000, 0x0000000083200000|100%| O|  |TAMS 0x0000000083200000, 0x0000000083200000| Untracked 
|  50|0x0000000083200000, 0x0000000083300000, 0x0000000083300000|100%| O|  |TAMS 0x0000000083300000, 0x0000000083300000| Untracked 
|  51|0x0000000083300000, 0x0000000083400000, 0x0000000083400000|100%| O|  |TAMS 0x0000000083400000, 0x0000000083400000| Untracked 
|  52|0x0000000083400000, 0x0000000083500000, 0x0000000083500000|100%| O|  |TAMS 0x0000000083500000, 0x0000000083500000| Untracked 
|  53|0x0000000083500000, 0x0000000083600000, 0x0000000083600000|100%| O|  |TAMS 0x0000000083600000, 0x0000000083600000| Untracked 
|  54|0x0000000083600000, 0x0000000083700000, 0x0000000083700000|100%| O|  |TAMS 0x0000000083700000, 0x0000000083700000| Untracked 
|  55|0x0000000083700000, 0x0000000083800000, 0x0000000083800000|100%| O|  |TAMS 0x0000000083800000, 0x0000000083800000| Untracked 
|  56|0x0000000083800000, 0x0000000083900000, 0x0000000083900000|100%| O|  |TAMS 0x0000000083900000, 0x0000000083900000| Untracked 
|  57|0x0000000083900000, 0x0000000083a00000, 0x0000000083a00000|100%| O|  |TAMS 0x0000000083a00000, 0x0000000083a00000| Untracked 
|  58|0x0000000083a00000, 0x0000000083b00000, 0x0000000083b00000|100%| O|  |TAMS 0x0000000083b00000, 0x0000000083b00000| Untracked 
|  59|0x0000000083b00000, 0x0000000083c00000, 0x0000000083c00000|100%| O|  |TAMS 0x0000000083c00000, 0x0000000083c00000| Untracked 
|  60|0x0000000083c00000, 0x0000000083d00000, 0x0000000083d00000|100%| O|  |TAMS 0x0000000083d00000, 0x0000000083d00000| Untracked 
|  61|0x0000000083d00000, 0x0000000083e00000, 0x0000000083e00000|100%| O|  |TAMS 0x0000000083e00000, 0x0000000083e00000| Untracked 
|  62|0x0000000083e00000, 0x0000000083f00000, 0x0000000083f00000|100%| O|  |TAMS 0x0000000083f00000, 0x0000000083f00000| Untracked 
|  63|0x0000000083f00000, 0x0000000084000000, 0x0000000084000000|100%| O|  |TAMS 0x0000000084000000, 0x0000000084000000| Untracked 
|  64|0x0000000084000000, 0x0000000084100000, 0x0000000084100000|100%| O|  |TAMS 0x0000000084100000, 0x0000000084100000| Untracked 
|  65|0x0000000084100000, 0x0000000084100000, 0x0000000084200000|  0%| F|  |TAMS 0x0000000084100000, 0x0000000084100000| Untracked 
|  66|0x0000000084200000, 0x0000000084200000, 0x0000000084300000|  0%| F|  |TAMS 0x0000000084200000, 0x0000000084200000| Untracked 
|  67|0x0000000084300000, 0x0000000084400000, 0x0000000084400000|100%| O|  |TAMS 0x0000000084300000, 0x0000000084400000| Untracked 
|  68|0x0000000084400000, 0x0000000084400000, 0x0000000084500000|  0%| F|  |TAMS 0x0000000084400000, 0x0000000084400000| Untracked 
|  69|0x0000000084500000, 0x0000000084500000, 0x0000000084600000|  0%| F|  |TAMS 0x0000000084500000, 0x0000000084500000| Untracked 
|  70|0x0000000084600000, 0x0000000084700000, 0x0000000084700000|100%| O|  |TAMS 0x0000000084700000, 0x0000000084700000| Untracked 
|  71|0x0000000084700000, 0x0000000084800000, 0x0000000084800000|100%| O|  |TAMS 0x0000000084800000, 0x0000000084800000| Untracked 
|  72|0x0000000084800000, 0x0000000084900000, 0x0000000084900000|100%| O|  |TAMS 0x0000000084900000, 0x0000000084900000| Untracked 
|  73|0x0000000084900000, 0x0000000084a00000, 0x0000000084a00000|100%| O|  |TAMS 0x0000000084a00000, 0x0000000084a00000| Untracked 
|  74|0x0000000084a00000, 0x0000000084b00000, 0x0000000084b00000|100%| O|  |TAMS 0x0000000084b00000, 0x0000000084b00000| Untracked 
|  75|0x0000000084b00000, 0x0000000084c00000, 0x0000000084c00000|100%| O|  |TAMS 0x0000000084c00000, 0x0000000084c00000| Untracked 
|  76|0x0000000084c00000, 0x0000000084d00000, 0x0000000084d00000|100%| O|  |TAMS 0x0000000084d00000, 0x0000000084d00000| Untracked 
|  77|0x0000000084d00000, 0x0000000084e00000, 0x0000000084e00000|100%| O|  |TAMS 0x0000000084e00000, 0x0000000084e00000| Untracked 
|  78|0x0000000084e00000, 0x0000000084f00000, 0x0000000084f00000|100%| O|  |TAMS 0x0000000084f00000, 0x0000000084f00000| Untracked 
|  79|0x0000000084f00000, 0x0000000085000000, 0x0000000085000000|100%| O|  |TAMS 0x0000000085000000, 0x0000000085000000| Untracked 
|  80|0x0000000085000000, 0x0000000085100000, 0x0000000085100000|100%| O|  |TAMS 0x0000000085100000, 0x0000000085100000| Untracked 
|  81|0x0000000085100000, 0x0000000085200000, 0x0000000085200000|100%| O|  |TAMS 0x0000000085200000, 0x0000000085200000| Untracked 
|  82|0x0000000085200000, 0x0000000085300000, 0x0000000085300000|100%| O|  |TAMS 0x0000000085300000, 0x0000000085300000| Untracked 
|  83|0x0000000085300000, 0x0000000085400000, 0x0000000085400000|100%| O|  |TAMS 0x0000000085400000, 0x0000000085400000| Untracked 
|  84|0x0000000085400000, 0x0000000085500000, 0x0000000085500000|100%| O|  |TAMS 0x000000008549d400, 0x0000000085500000| Untracked 
|  85|0x0000000085500000, 0x0000000085500000, 0x0000000085600000|  0%| F|  |TAMS 0x0000000085500000, 0x0000000085500000| Untracked 
|  86|0x0000000085600000, 0x0000000085600000, 0x0000000085700000|  0%| F|  |TAMS 0x0000000085600000, 0x0000000085600000| Untracked 
|  87|0x0000000085700000, 0x0000000085700000, 0x0000000085800000|  0%| F|  |TAMS 0x0000000085700000, 0x0000000085700000| Untracked 
|  88|0x0000000085800000, 0x0000000085800000, 0x0000000085900000|  0%| F|  |TAMS 0x0000000085800000, 0x0000000085800000| Untracked 
|  89|0x0000000085900000, 0x0000000085900000, 0x0000000085a00000|  0%| F|  |TAMS 0x0000000085900000, 0x0000000085900000| Untracked 
|  90|0x0000000085a00000, 0x0000000085a00000, 0x0000000085b00000|  0%| F|  |TAMS 0x0000000085a00000, 0x0000000085a00000| Untracked 
|  91|0x0000000085b00000, 0x0000000085b00000, 0x0000000085c00000|  0%| F|  |TAMS 0x0000000085b00000, 0x0000000085b00000| Untracked 
|  92|0x0000000085c00000, 0x0000000085c00000, 0x0000000085d00000|  0%| F|  |TAMS 0x0000000085c00000, 0x0000000085c00000| Untracked 
|  93|0x0000000085d00000, 0x0000000085d00000, 0x0000000085e00000|  0%| F|  |TAMS 0x0000000085d00000, 0x0000000085d00000| Untracked 
|  94|0x0000000085e00000, 0x0000000085e00000, 0x0000000085f00000|  0%| F|  |TAMS 0x0000000085e00000, 0x0000000085e00000| Untracked 
|  95|0x0000000085f00000, 0x0000000085f00000, 0x0000000086000000|  0%| F|  |TAMS 0x0000000085f00000, 0x0000000085f00000| Untracked 
|  96|0x0000000086000000, 0x0000000086000000, 0x0000000086100000|  0%| F|  |TAMS 0x0000000086000000, 0x0000000086000000| Untracked 
|  97|0x0000000086100000, 0x0000000086100000, 0x0000000086200000|  0%| F|  |TAMS 0x0000000086100000, 0x0000000086100000| Untracked 
|  98|0x0000000086200000, 0x0000000086300000, 0x0000000086300000|100%| O|  |TAMS 0x0000000086200000, 0x0000000086300000| Untracked 
|  99|0x0000000086300000, 0x0000000086400000, 0x0000000086400000|100%| O|  |TAMS 0x0000000086300000, 0x0000000086400000| Untracked 
| 100|0x0000000086400000, 0x0000000086500000, 0x0000000086500000|100%| O|  |TAMS 0x0000000086400000, 0x0000000086500000| Untracked 
| 101|0x0000000086500000, 0x0000000086600000, 0x0000000086600000|100%| O|  |TAMS 0x0000000086500000, 0x0000000086600000| Untracked 
| 102|0x0000000086600000, 0x0000000086700000, 0x0000000086700000|100%| O|  |TAMS 0x0000000086600000, 0x0000000086700000| Untracked 
| 103|0x0000000086700000, 0x0000000086700000, 0x0000000086800000|  0%| F|  |TAMS 0x0000000086700000, 0x0000000086700000| Untracked 
| 104|0x0000000086800000, 0x0000000086800000, 0x0000000086900000|  0%| F|  |TAMS 0x0000000086800000, 0x0000000086800000| Untracked 
| 105|0x0000000086900000, 0x0000000086900000, 0x0000000086a00000|  0%| F|  |TAMS 0x0000000086900000, 0x0000000086900000| Untracked 
| 106|0x0000000086a00000, 0x0000000086a00000, 0x0000000086b00000|  0%| F|  |TAMS 0x0000000086a00000, 0x0000000086a00000| Untracked 
| 107|0x0000000086b00000, 0x0000000086b00000, 0x0000000086c00000|  0%| F|  |TAMS 0x0000000086b00000, 0x0000000086b00000| Untracked 
| 108|0x0000000086c00000, 0x0000000086d00000, 0x0000000086d00000|100%| O|  |TAMS 0x0000000086c00000, 0x0000000086d00000| Untracked 
| 109|0x0000000086d00000, 0x0000000086e00000, 0x0000000086e00000|100%| O|  |TAMS 0x0000000086d00000, 0x0000000086e00000| Untracked 
| 110|0x0000000086e00000, 0x0000000086e80000, 0x0000000086f00000| 50%| O|  |TAMS 0x0000000086e00000, 0x0000000086e80000| Untracked 
| 111|0x0000000086f00000, 0x0000000086f00000, 0x0000000087000000|  0%| F|  |TAMS 0x0000000086f00000, 0x0000000086f00000| Untracked 
| 112|0x0000000087000000, 0x0000000087000000, 0x0000000087100000|  0%| F|  |TAMS 0x0000000087000000, 0x0000000087000000| Untracked 
| 113|0x0000000087100000, 0x0000000087100000, 0x0000000087200000|  0%| F|  |TAMS 0x0000000087100000, 0x0000000087100000| Untracked 
| 114|0x0000000087200000, 0x0000000087200000, 0x0000000087300000|  0%| F|  |TAMS 0x0000000087200000, 0x0000000087200000| Untracked 
| 115|0x0000000087300000, 0x0000000087300000, 0x0000000087400000|  0%| F|  |TAMS 0x0000000087300000, 0x0000000087300000| Untracked 
| 116|0x0000000087400000, 0x0000000087400000, 0x0000000087500000|  0%| F|  |TAMS 0x0000000087400000, 0x0000000087400000| Untracked 
| 117|0x0000000087500000, 0x0000000087500000, 0x0000000087600000|  0%| F|  |TAMS 0x0000000087500000, 0x0000000087500000| Untracked 
| 118|0x0000000087600000, 0x0000000087600000, 0x0000000087700000|  0%| F|  |TAMS 0x0000000087600000, 0x0000000087600000| Untracked 
| 119|0x0000000087700000, 0x0000000087700000, 0x0000000087800000|  0%| F|  |TAMS 0x0000000087700000, 0x0000000087700000| Untracked 
| 120|0x0000000087800000, 0x0000000087800000, 0x0000000087900000|  0%| F|  |TAMS 0x0000000087800000, 0x0000000087800000| Untracked 
| 121|0x0000000087900000, 0x0000000087900000, 0x0000000087a00000|  0%| F|  |TAMS 0x0000000087900000, 0x0000000087900000| Untracked 
| 122|0x0000000087a00000, 0x0000000087a00000, 0x0000000087b00000|  0%| F|  |TAMS 0x0000000087a00000, 0x0000000087a00000| Untracked 
| 123|0x0000000087b00000, 0x0000000087c00000, 0x0000000087c00000|100%| S|CS|TAMS 0x0000000087b00000, 0x0000000087b00000| Complete 
| 124|0x0000000087c00000, 0x0000000087d00000, 0x0000000087d00000|100%| S|CS|TAMS 0x0000000087c00000, 0x0000000087c00000| Complete 
| 125|0x0000000087d00000, 0x0000000087d00000, 0x0000000087e00000|  0%| F|  |TAMS 0x0000000087d00000, 0x0000000087d00000| Untracked 
| 126|0x0000000087e00000, 0x0000000087e00000, 0x0000000087f00000|  0%| F|  |TAMS 0x0000000087e00000, 0x0000000087e00000| Untracked 
| 127|0x0000000087f00000, 0x0000000087f00000, 0x0000000088000000|  0%| F|  |TAMS 0x0000000087f00000, 0x0000000087f00000| Untracked 
| 128|0x0000000088000000, 0x0000000088000000, 0x0000000088100000|  0%| F|  |TAMS 0x0000000088000000, 0x0000000088000000| Untracked 
| 129|0x0000000088100000, 0x0000000088100000, 0x0000000088200000|  0%| F|  |TAMS 0x0000000088100000, 0x0000000088100000| Untracked 
| 130|0x0000000088200000, 0x0000000088200000, 0x0000000088300000|  0%| F|  |TAMS 0x0000000088200000, 0x0000000088200000| Untracked 
| 131|0x0000000088300000, 0x0000000088300000, 0x0000000088400000|  0%| F|  |TAMS 0x0000000088300000, 0x0000000088300000| Untracked 
| 132|0x0000000088400000, 0x0000000088400000, 0x0000000088500000|  0%| F|  |TAMS 0x0000000088400000, 0x0000000088400000| Untracked 
| 133|0x0000000088500000, 0x0000000088500000, 0x0000000088600000|  0%| F|  |TAMS 0x0000000088500000, 0x0000000088500000| Untracked 
| 134|0x0000000088600000, 0x0000000088600000, 0x0000000088700000|  0%| F|  |TAMS 0x0000000088600000, 0x0000000088600000| Untracked 
| 135|0x0000000088700000, 0x0000000088700000, 0x0000000088800000|  0%| F|  |TAMS 0x0000000088700000, 0x0000000088700000| Untracked 
| 136|0x0000000088800000, 0x0000000088800000, 0x0000000088900000|  0%| F|  |TAMS 0x0000000088800000, 0x0000000088800000| Untracked 
| 137|0x0000000088900000, 0x0000000088900000, 0x0000000088a00000|  0%| F|  |TAMS 0x0000000088900000, 0x0000000088900000| Untracked 
| 138|0x0000000088a00000, 0x0000000088a00000, 0x0000000088b00000|  0%| F|  |TAMS 0x0000000088a00000, 0x0000000088a00000| Untracked 
| 139|0x0000000088b00000, 0x0000000088b00000, 0x0000000088c00000|  0%| F|  |TAMS 0x0000000088b00000, 0x0000000088b00000| Untracked 
| 140|0x0000000088c00000, 0x0000000088c00000, 0x0000000088d00000|  0%| F|  |TAMS 0x0000000088c00000, 0x0000000088c00000| Untracked 
| 141|0x0000000088d00000, 0x0000000088d00000, 0x0000000088e00000|  0%| F|  |TAMS 0x0000000088d00000, 0x0000000088d00000| Untracked 
| 142|0x0000000088e00000, 0x0000000088e00000, 0x0000000088f00000|  0%| F|  |TAMS 0x0000000088e00000, 0x0000000088e00000| Untracked 
| 143|0x0000000088f00000, 0x0000000088f00000, 0x0000000089000000|  0%| F|  |TAMS 0x0000000088f00000, 0x0000000088f00000| Untracked 
| 144|0x0000000089000000, 0x0000000089000000, 0x0000000089100000|  0%| F|  |TAMS 0x0000000089000000, 0x0000000089000000| Untracked 
| 145|0x0000000089100000, 0x0000000089100000, 0x0000000089200000|  0%| F|  |TAMS 0x0000000089100000, 0x0000000089100000| Untracked 
| 146|0x0000000089200000, 0x0000000089200000, 0x0000000089300000|  0%| F|  |TAMS 0x0000000089200000, 0x0000000089200000| Untracked 
| 147|0x0000000089300000, 0x0000000089300000, 0x0000000089400000|  0%| F|  |TAMS 0x0000000089300000, 0x0000000089300000| Untracked 
| 148|0x0000000089400000, 0x0000000089400000, 0x0000000089500000|  0%| F|  |TAMS 0x0000000089400000, 0x0000000089400000| Untracked 
| 149|0x0000000089500000, 0x0000000089500000, 0x0000000089600000|  0%| F|  |TAMS 0x0000000089500000, 0x0000000089500000| Untracked 
| 150|0x0000000089600000, 0x0000000089600000, 0x0000000089700000|  0%| F|  |TAMS 0x0000000089600000, 0x0000000089600000| Untracked 
| 151|0x0000000089700000, 0x0000000089700000, 0x0000000089800000|  0%| F|  |TAMS 0x0000000089700000, 0x0000000089700000| Untracked 
| 152|0x0000000089800000, 0x0000000089800000, 0x0000000089900000|  0%| F|  |TAMS 0x0000000089800000, 0x0000000089800000| Untracked 
| 153|0x0000000089900000, 0x0000000089900000, 0x0000000089a00000|  0%| F|  |TAMS 0x0000000089900000, 0x0000000089900000| Untracked 
| 154|0x0000000089a00000, 0x0000000089a00000, 0x0000000089b00000|  0%| F|  |TAMS 0x0000000089a00000, 0x0000000089a00000| Untracked 
| 155|0x0000000089b00000, 0x0000000089b00000, 0x0000000089c00000|  0%| F|  |TAMS 0x0000000089b00000, 0x0000000089b00000| Untracked 
| 156|0x0000000089c00000, 0x0000000089c00000, 0x0000000089d00000|  0%| F|  |TAMS 0x0000000089c00000, 0x0000000089c00000| Untracked 
| 157|0x0000000089d00000, 0x0000000089d00000, 0x0000000089e00000|  0%| F|  |TAMS 0x0000000089d00000, 0x0000000089d00000| Untracked 
| 158|0x0000000089e00000, 0x0000000089e00000, 0x0000000089f00000|  0%| F|  |TAMS 0x0000000089e00000, 0x0000000089e00000| Untracked 
| 159|0x0000000089f00000, 0x0000000089f00000, 0x000000008a000000|  0%| F|  |TAMS 0x0000000089f00000, 0x0000000089f00000| Untracked 
| 160|0x000000008a000000, 0x000000008a000000, 0x000000008a100000|  0%| F|  |TAMS 0x000000008a000000, 0x000000008a000000| Untracked 
| 161|0x000000008a100000, 0x000000008a100000, 0x000000008a200000|  0%| F|  |TAMS 0x000000008a100000, 0x000000008a100000| Untracked 

Card table byte_map: [0x00000243c17d0000,0x00000243c1bd0000] _byte_map_base: 0x00000243c13d0000

Marking Bits (Prev, Next): (CMBitMap*) 0x00000243ae2ee880, (CMBitMap*) 0x00000243ae2ee848
 Prev Bits: [0x00000243c3fd0000, 0x00000243c5fd0000)
 Next Bits: [0x00000243c1fd0000, 0x00000243c3fd0000)

Polling page: 0x00000243aca60000

Metaspace:

Usage:
  Non-class:     78.86 MB capacity,    77.48 MB ( 98%) used,     1.14 MB (  1%) free+waste,   250.63 KB ( <1%) overhead. 
      Class:     12.23 MB capacity,    11.43 MB ( 93%) used,   704.90 KB (  6%) free+waste,   114.50 KB ( <1%) overhead. 
       Both:     91.09 MB capacity,    88.91 MB ( 98%) used,     1.83 MB (  2%) free+waste,   365.13 KB ( <1%) overhead. 

Virtual space:
  Non-class space:       80.00 MB reserved,      79.00 MB ( 99%) committed 
      Class space:        1.00 GB reserved,      12.32 MB (  1%) committed 
             Both:        1.08 GB reserved,      91.32 MB (  8%) committed 

Chunk freelists:
   Non-Class:  12.00 KB
       Class:  19.00 KB
        Both:  31.00 KB

MaxMetaspaceSize: 17179869184.00 GB
CompressedClassSpaceSize: 1.00 GB

CodeHeap 'non-profiled nmethods': size=120064Kb used=3994Kb max_used=3994Kb free=116069Kb
 bounds [0x00000243b9870000, 0x00000243b9c60000, 0x00000243c0db0000]
CodeHeap 'profiled nmethods': size=120000Kb used=19126Kb max_used=19126Kb free=100873Kb
 bounds [0x00000243b2340000, 0x00000243b35f0000, 0x00000243b9870000]
CodeHeap 'non-nmethods': size=5696Kb used=2298Kb max_used=2326Kb free=3397Kb
 bounds [0x00000243b1db0000, 0x00000243b2020000, 0x00000243b2340000]
 total_blobs=10765 nmethods=9862 adapters=814
 compilation: enabled
              stopped_count=0, restarted_count=0
 full_count=0

Compilation events (20 events):
Event: 21.436 Thread 0x00000243c85f8800 10072       3       kotlin.reflect.jvm.internal.impl.name.FqName::<init> (26 bytes)
Event: 21.437 Thread 0x00000243c85f8800 nmethod 10072 0x00000243b35eb310 code [0x00000243b35eb500, 0x00000243b35eb998]
Event: 21.494 Thread 0x00000243c85f4000 nmethod 10021 0x00000243b9c4bc10 code [0x00000243b9c4c000, 0x00000243b9c4f678]
Event: 21.494 Thread 0x00000243c85f4000 10046       4       com.esotericsoftware.kryo.io.Output::writeString (125 bytes)
Event: 21.510 Thread 0x00000243c85f4000 nmethod 10046 0x00000243b9c51410 code [0x00000243b9c515e0, 0x00000243b9c51c70]
Event: 21.510 Thread 0x00000243c85f4000 10060 %     4       org.apache.commons.io.FilenameUtils::doNormalize @ 290 (534 bytes)
Event: 21.519 Thread 0x00000243c85f8800 10073       3       kotlin.reflect.jvm.internal.ReflectProperties$Val::<init> (5 bytes)
Event: 21.520 Thread 0x00000243c85f8800 nmethod 10073 0x00000243b35ebb10 code [0x00000243b35ebcc0, 0x00000243b35ebe18]
Event: 21.520 Thread 0x00000243c85f8800 10074       3       kotlin.jvm.internal.Reflection::getOrCreateKotlinClass (8 bytes)
Event: 21.520 Thread 0x00000243c85f8800 nmethod 10074 0x00000243b35ebf10 code [0x00000243b35ec0e0, 0x00000243b35ec268]
Event: 21.520 Thread 0x00000243c85f8800 10075       3       kotlin.reflect.jvm.internal.ReflectionFactoryImpl::getOrCreateKotlinClass (5 bytes)
Event: 21.520 Thread 0x00000243c85f8800 nmethod 10075 0x00000243b35ec390 code [0x00000243b35ec540, 0x00000243b35ec668]
Event: 21.530 Thread 0x00000243c85f4000 nmethod 10060% 0x00000243b9c51f10 code [0x00000243b9c520e0, 0x00000243b9c52958]
Event: 21.530 Thread 0x00000243c85f4000 10057       4       org.gradle.internal.file.DefaultFileHierarchySet$Node::isChildOfOrThis (110 bytes)
Event: 21.553 Thread 0x00000243c85f4000 nmethod 10057 0x00000243b9c52e10 code [0x00000243b9c52fc0, 0x00000243b9c537d8]
Event: 21.553 Thread 0x00000243c85f4000 10076       4       java.lang.ClassLoader::postDefineClass (39 bytes)
Event: 21.616 Thread 0x00000243c85f8800 10079       3       java.util.concurrent.ConcurrentHashMap::get (162 bytes)
Event: 21.618 Thread 0x00000243c85f8800 nmethod 10079 0x00000243b35ec710 code [0x00000243b35ec980, 0x00000243b35ed638]
Event: 21.626 Thread 0x00000243c85f4000 nmethod 10076 0x00000243b9c53a90 code [0x00000243b9c53d20, 0x00000243b9c55940]
Event: 21.626 Thread 0x00000243c85f4000 10065       4       jdk.internal.loader.URLClassPath$JarLoader$2::getCodeSigners (8 bytes)

GC Heap History (20 events):
Event: 11.283 GC heap after
{Heap after GC invocations=17 (full 0):
 garbage-first heap   total 114688K, used 46023K [0x0000000080000000, 0x0000000100000000)
  region size 1024K, 4 young (4096K), 4 survivors (4096K)
 Metaspace       used 53302K, capacity 54685K, committed 54732K, reserved 1097728K
  class space    used 6815K, capacity 7337K, committed 7372K, reserved 1048576K
}
Event: 12.216 GC heap before
{Heap before GC invocations=17 (full 0):
 garbage-first heap   total 114688K, used 81863K [0x0000000080000000, 0x0000000100000000)
  region size 1024K, 40 young (40960K), 4 survivors (4096K)
 Metaspace       used 58782K, capacity 60194K, committed 60236K, reserved 1101824K
  class space    used 7431K, capacity 7975K, committed 8012K, reserved 1048576K
}
Event: 12.230 GC heap after
{Heap after GC invocations=18 (full 0):
 garbage-first heap   total 114688K, used 47313K [0x0000000080000000, 0x0000000100000000)
  region size 1024K, 2 young (2048K), 2 survivors (2048K)
 Metaspace       used 58782K, capacity 60194K, committed 60236K, reserved 1101824K
  class space    used 7431K, capacity 7975K, committed 8012K, reserved 1048576K
}
Event: 13.156 GC heap before
{Heap before GC invocations=19 (full 0):
 garbage-first heap   total 114688K, used 88273K [0x0000000080000000, 0x0000000100000000)
  region size 1024K, 43 young (44032K), 2 survivors (2048K)
 Metaspace       used 63385K, capacity 64852K, committed 64972K, reserved 1105920K
  class space    used 7996K, capacity 8563K, committed 8652K, reserved 1048576K
}
Event: 13.171 GC heap after
{Heap after GC invocations=20 (full 0):
 garbage-first heap   total 138240K, used 51026K [0x0000000080000000, 0x0000000100000000)
  region size 1024K, 6 young (6144K), 6 survivors (6144K)
 Metaspace       used 63385K, capacity 64852K, committed 64972K, reserved 1105920K
  class space    used 7996K, capacity 8563K, committed 8652K, reserved 1048576K
}
Event: 13.989 GC heap before
{Heap before GC invocations=21 (full 0):
 garbage-first heap   total 138240K, used 102226K [0x0000000080000000, 0x0000000100000000)
  region size 1024K, 56 young (57344K), 6 survivors (6144K)
 Metaspace       used 65603K, capacity 67165K, committed 67276K, reserved 1107968K
  class space    used 8305K, capacity 8878K, committed 8908K, reserved 1048576K
}
Event: 14.010 GC heap after
{Heap after GC invocations=22 (full 0):
 garbage-first heap   total 138240K, used 54781K [0x0000000080000000, 0x0000000100000000)
  region size 1024K, 4 young (4096K), 4 survivors (4096K)
 Metaspace       used 65603K, capacity 67165K, committed 67276K, reserved 1107968K
  class space    used 8305K, capacity 8878K, committed 8908K, reserved 1048576K
}
Event: 15.116 GC heap before
{Heap before GC invocations=22 (full 0):
 garbage-first heap   total 138240K, used 105981K [0x0000000080000000, 0x0000000100000000)
  region size 1024K, 54 young (55296K), 4 survivors (4096K)
 Metaspace       used 71035K, capacity 72519K, committed 72780K, reserved 1112064K
  class space    used 9159K, capacity 9742K, committed 9804K, reserved 1048576K
}
Event: 15.132 GC heap after
{Heap after GC invocations=23 (full 0):
 garbage-first heap   total 138240K, used 57563K [0x0000000080000000, 0x0000000100000000)
  region size 1024K, 7 young (7168K), 7 survivors (7168K)
 Metaspace       used 71035K, capacity 72519K, committed 72780K, reserved 1112064K
  class space    used 9159K, capacity 9742K, committed 9804K, reserved 1048576K
}
Event: 16.144 GC heap before
{Heap before GC invocations=23 (full 0):
 garbage-first heap   total 138240K, used 107739K [0x0000000080000000, 0x0000000100000000)
  region size 1024K, 56 young (57344K), 7 survivors (7168K)
 Metaspace       used 75094K, capacity 76804K, committed 77004K, reserved 1116160K
  class space    used 9739K, capacity 10405K, committed 10444K, reserved 1048576K
}
Event: 16.167 GC heap after
{Heap after GC invocations=24 (full 0):
 garbage-first heap   total 138240K, used 61193K [0x0000000080000000, 0x0000000100000000)
  region size 1024K, 7 young (7168K), 7 survivors (7168K)
 Metaspace       used 75094K, capacity 76804K, committed 77004K, reserved 1116160K
  class space    used 9739K, capacity 10405K, committed 10444K, reserved 1048576K
}
Event: 17.224 GC heap before
{Heap before GC invocations=24 (full 0):
 garbage-first heap   total 138240K, used 109321K [0x0000000080000000, 0x0000000100000000)
  region size 1024K, 55 young (56320K), 7 survivors (7168K)
 Metaspace       used 80848K, capacity 82684K, committed 82892K, reserved 1120256K
  class space    used 10421K, capacity 11128K, committed 11212K, reserved 1048576K
}
Event: 17.249 GC heap after
{Heap after GC invocations=25 (full 0):
 garbage-first heap   total 165888K, used 65536K [0x0000000080000000, 0x0000000100000000)
  region size 1024K, 7 young (7168K), 7 survivors (7168K)
 Metaspace       used 80848K, capacity 82684K, committed 82892K, reserved 1120256K
  class space    used 10421K, capacity 11128K, committed 11212K, reserved 1048576K
}
Event: 18.703 GC heap before
{Heap before GC invocations=25 (full 0):
 garbage-first heap   total 165888K, used 124928K [0x0000000080000000, 0x0000000100000000)
  region size 1024K, 66 young (67584K), 7 survivors (7168K)
 Metaspace       used 83216K, capacity 85318K, committed 85580K, reserved 1124352K
  class space    used 10779K, capacity 11576K, committed 11596K, reserved 1048576K
}
Event: 18.729 GC heap after
{Heap after GC invocations=26 (full 0):
 garbage-first heap   total 165888K, used 70345K [0x0000000080000000, 0x0000000100000000)
  region size 1024K, 5 young (5120K), 5 survivors (5120K)
 Metaspace       used 83216K, capacity 85318K, committed 85580K, reserved 1124352K
  class space    used 10779K, capacity 11576K, committed 11596K, reserved 1048576K
}
Event: 19.932 GC heap before
{Heap before GC invocations=26 (full 0):
 garbage-first heap   total 165888K, used 128713K [0x0000000080000000, 0x0000000100000000)
  region size 1024K, 59 young (60416K), 5 survivors (5120K)
 Metaspace       used 84852K, capacity 87007K, committed 87116K, reserved 1124352K
  class space    used 10970K, capacity 11776K, committed 11852K, reserved 1048576K
}
Event: 20.027 GC heap after
{Heap after GC invocations=27 (full 0):
 garbage-first heap   total 165888K, used 91765K [0x0000000080000000, 0x0000000100000000)
  region size 1024K, 8 young (8192K), 8 survivors (8192K)
 Metaspace       used 84852K, capacity 87007K, committed 87116K, reserved 1124352K
  class space    used 10970K, capacity 11776K, committed 11852K, reserved 1048576K
}
Event: 21.088 GC heap before
{Heap before GC invocations=28 (full 0):
 garbage-first heap   total 165888K, used 138869K [0x0000000080000000, 0x0000000100000000)
  region size 1024K, 43 young (44032K), 8 survivors (8192K)
 Metaspace       used 88602K, capacity 90818K, committed 91084K, reserved 1128448K
  class space    used 11390K, capacity 12196K, committed 12236K, reserved 1048576K
}
Event: 21.120 GC heap after
{Heap after GC invocations=29 (full 0):
 garbage-first heap   total 165888K, used 92378K [0x0000000080000000, 0x0000000100000000)
  region size 1024K, 2 young (2048K), 2 survivors (2048K)
 Metaspace       used 88602K, capacity 90818K, committed 91084K, reserved 1128448K
  class space    used 11390K, capacity 12196K, committed 12236K, reserved 1048576K
}
Event: 21.725 GC heap before
{Heap before GC invocations=29 (full 0):
 garbage-first heap   total 165888K, used 127194K [0x0000000080000000, 0x0000000100000000)
  region size 1024K, 37 young (37888K), 2 survivors (2048K)
 Metaspace       used 91042K, capacity 93281K, committed 93516K, reserved 1130496K
  class space    used 11705K, capacity 12525K, committed 12620K, reserved 1048576K
}

Deoptimization events (20 events):
Event: 21.210 Thread 0x00000243cdbe6000 Uncommon trap: trap_request=0xffffffbe fr.pc=0x00000243b9c425cc relative=0x000000000000030c
Event: 21.210 Thread 0x00000243cdbe6000 Uncommon trap: reason=profile_predicate action=maybe_recompile pc=0x00000243b9c425cc method=java.util.regex.Pattern$Slice.match(Ljava/util/regex/Matcher;ILjava/lang/CharSequence;)Z @ 18 c2
Event: 21.210 Thread 0x00000243cdbe6000 DEOPT PACKING pc=0x00000243b9c425cc sp=0x000000ab06bf9ed0
Event: 21.210 Thread 0x00000243cdbe6000 DEOPT UNPACKING pc=0x00000243b1dd65af sp=0x000000ab06bf9e40 mode 2
Event: 21.210 Thread 0x00000243cdbe6000 Uncommon trap: trap_request=0xffffffbe fr.pc=0x00000243b9c425cc relative=0x000000000000030c
Event: 21.210 Thread 0x00000243cdbe6000 Uncommon trap: reason=profile_predicate action=maybe_recompile pc=0x00000243b9c425cc method=java.util.regex.Pattern$Slice.match(Ljava/util/regex/Matcher;ILjava/lang/CharSequence;)Z @ 18 c2
Event: 21.210 Thread 0x00000243cdbe6000 DEOPT PACKING pc=0x00000243b9c425cc sp=0x000000ab06bf9ed0
Event: 21.210 Thread 0x00000243cdbe6000 DEOPT UNPACKING pc=0x00000243b1dd65af sp=0x000000ab06bf9e40 mode 2
Event: 21.210 Thread 0x00000243cdbe6000 Uncommon trap: trap_request=0xffffffbe fr.pc=0x00000243b9c425cc relative=0x000000000000030c
Event: 21.210 Thread 0x00000243cdbe6000 Uncommon trap: reason=profile_predicate action=maybe_recompile pc=0x00000243b9c425cc method=java.util.regex.Pattern$Slice.match(Ljava/util/regex/Matcher;ILjava/lang/CharSequence;)Z @ 18 c2
Event: 21.210 Thread 0x00000243cdbe6000 DEOPT PACKING pc=0x00000243b9c425cc sp=0x000000ab06bf9ed0
Event: 21.210 Thread 0x00000243cdbe6000 DEOPT UNPACKING pc=0x00000243b1dd65af sp=0x000000ab06bf9e40 mode 2
Event: 21.248 Thread 0x00000243cdbe6000 Uncommon trap: trap_request=0xffffff4d fr.pc=0x00000243b9b23e58 relative=0x0000000000000698
Event: 21.248 Thread 0x00000243cdbe6000 Uncommon trap: reason=unstable_if action=reinterpret pc=0x00000243b9b23e58 method=java.lang.AbstractStringBuilder.append(Ljava/lang/String;)Ljava/lang/AbstractStringBuilder; @ 1 c2
Event: 21.248 Thread 0x00000243cdbe6000 DEOPT PACKING pc=0x00000243b9b23e58 sp=0x000000ab06bf9cb0
Event: 21.248 Thread 0x00000243cdbe6000 DEOPT UNPACKING pc=0x00000243b1dd65af sp=0x000000ab06bf9c88 mode 2
Event: 21.288 Thread 0x00000243cdbe6000 Uncommon trap: trap_request=0xffffff4d fr.pc=0x00000243b9c1c4bc relative=0x00000000000005bc
Event: 21.289 Thread 0x00000243cdbe6000 Uncommon trap: reason=unstable_if action=reinterpret pc=0x00000243b9c1c4bc method=java.util.HashMap.removeNode(ILjava/lang/Object;Ljava/lang/Object;ZZ)Ljava/util/HashMap$Node; @ 71 c2
Event: 21.289 Thread 0x00000243cdbe6000 DEOPT PACKING pc=0x00000243b9c1c4bc sp=0x000000ab06bf9de0
Event: 21.289 Thread 0x00000243cdbe6000 DEOPT UNPACKING pc=0x00000243b1dd65af sp=0x000000ab06bf9d80 mode 2

Classes redefined (0 events):
No events

Internal exceptions (20 events):
Event: 17.413 Thread 0x00000243cdbe7000 Exception <a 'java/lang/NoSuchMethodError'{0x0000000089bca5c0}: <clinit>> (0x0000000089bca5c0) thrown at [./src/hotspot/share/prims/jni.cpp, line 1362]
Event: 17.417 Thread 0x00000243cdbe7000 Exception <a 'java/lang/NoSuchMethodError'{0x0000000089a14a50}: <clinit>> (0x0000000089a14a50) thrown at [./src/hotspot/share/prims/jni.cpp, line 1362]
Event: 17.427 Thread 0x00000243cdbe7000 Implicit null exception at 0x00000243b9b95de8 to 0x00000243b9b99900
Event: 17.449 Thread 0x00000243cf04a000 Exception <a 'java/lang/NoSuchMethodError'{0x000000008994e210}: 'java.lang.Object java.lang.invoke.DirectMethodHandle$Holder.invokeInterface(java.lang.Object, java.lang.Object, int)'> (0x000000008994e210) thrown at [./src/hotspot/share/interpreter/linkResolver.cpp, line 773]
Event: 17.449 Thread 0x00000243caadf000 Exception <a 'java/lang/NoSuchMethodError'{0x0000000089976728}: <clinit>> (0x0000000089976728) thrown at [./src/hotspot/share/prims/jni.cpp, line 1362]
Event: 17.452 Thread 0x00000243cf04a000 Exception <a 'java/lang/NoSuchMethodError'{0x00000000899824e0}: 'void java.lang.invoke.DirectMethodHandle$Holder.invokeStatic(java.lang.Object, java.lang.Object, java.lang.Object, int)'> (0x00000000899824e0) thrown at [./src/hotspot/share/interpreter/linkResolver.cpp, line 773]
Event: 17.531 Thread 0x00000243cf04a000 Exception <a 'java/lang/IncompatibleClassChangeError'{0x00000000898f5db8}: Found class java.lang.Object, but interface was expected> (0x00000000898f5db8) thrown at [./src/hotspot/share/interpreter/linkResolver.cpp, line 839]
Event: 17.539 Thread 0x00000243cf04a000 Exception <a 'java/lang/IncompatibleClassChangeError'{0x00000000897427e8}: Found class java.lang.Object, but interface was expected> (0x00000000897427e8) thrown at [./src/hotspot/share/interpreter/linkResolver.cpp, line 839]
Event: 17.589 Thread 0x00000243cf04a000 Exception <a 'java/lang/NoSuchMethodError'{0x000000008958b948}: 'int java.lang.invoke.DirectMethodHandle$Holder.invokeStaticInit(java.lang.Object, java.lang.Object, java.lang.Object, java.lang.Object, java.lang.Object)'> (0x000000008958b948) thrown at [./src/hotspot/share/interpreter/linkResolver.cpp, line 773]
Event: 18.003 Thread 0x00000243cf04a000 Exception <a 'java/lang/NoSuchMethodError'{0x0000000088fae6c8}: 'void java.lang.invoke.DirectMethodHandle$Holder.invokeStatic(java.lang.Object, java.lang.Object, java.lang.Object, java.lang.Object, int, java.lang.Object, java.lang.Object)'> (0x0000000088fae6c8) thrown at [./src/hotspot/share/interpreter/linkResolver.cpp, line 773]
Event: 18.044 Thread 0x00000243cb500000 Exception <a 'java/lang/NoSuchMethodError'{0x0000000088a96430}: 'java.lang.Object java.lang.invoke.DirectMethodHandle$Holder.invokeSpecialIFC(java.lang.Object, java.lang.Object, java.lang.Object)'> (0x0000000088a96430) thrown at [./src/hotspot/share/interpreter/linkResolver.cpp, line 773]
Event: 18.044 Thread 0x00000243cf04a000 Exception <a 'java/lang/NoSuchMethodError'{0x0000000088ad7048}: 'java.lang.Object java.lang.invoke.DirectMethodHandle$Holder.invokeSpecialIFC(java.lang.Object, java.lang.Object, java.lang.Object)'> (0x0000000088ad7048) thrown at [./src/hotspot/share/interpreter/linkResolver.cpp, line 773]
Event: 18.044 Thread 0x00000243cb501800 Exception <a 'java/lang/NoSuchMethodError'{0x0000000088ae0b70}: 'java.lang.Object java.lang.invoke.DirectMethodHandle$Holder.invokeSpecialIFC(java.lang.Object, java.lang.Object, java.lang.Object)'> (0x0000000088ae0b70) thrown at [./src/hotspot/share/interpreter/linkResolver.cpp, line 773]
Event: 18.045 Thread 0x00000243cda6f800 Exception <a 'java/lang/NoSuchMethodError'{0x0000000088ac5518}: 'java.lang.Object java.lang.invoke.DirectMethodHandle$Holder.invokeSpecialIFC(java.lang.Object, java.lang.Object, java.lang.Object)'> (0x0000000088ac5518) thrown at [./src/hotspot/share/interpreter/linkResolver.cpp, line 773]
Event: 18.963 Thread 0x00000243cf04a000 Exception <a 'java/lang/NoSuchMethodError'{0x000000008979bda0}: 'void java.lang.invoke.DirectMethodHandle$Holder.invokeVirtual(java.lang.Object, java.lang.Object)'> (0x000000008979bda0) thrown at [./src/hotspot/share/interpreter/linkResolver.cpp, line 773]
Event: 20.206 Thread 0x00000243cf04a000 Exception <a 'java/lang/NoSuchMethodError'{0x0000000089f9bb70}: <clinit>> (0x0000000089f9bb70) thrown at [./src/hotspot/share/prims/jni.cpp, line 1362]
Event: 20.213 Thread 0x00000243cf04a000 Exception <a 'java/lang/NoSuchMethodError'{0x0000000089fc49a0}: <clinit>> (0x0000000089fc49a0) thrown at [./src/hotspot/share/prims/jni.cpp, line 1362]
Event: 20.329 Thread 0x00000243ca280800 Exception <a 'sun/nio/fs/WindowsException'{0x0000000089ad9218}> (0x0000000089ad9218) thrown at [./src/hotspot/share/prims/jni.cpp, line 615]
Event: 20.367 Thread 0x00000243ca280800 Exception <a 'java/lang/NoSuchMethodError'{0x0000000089615050}: 'void java.lang.invoke.DirectMethodHandle$Holder.invokeStatic(java.lang.Object, java.lang.Object, java.lang.Object, java.lang.Object, java.lang.Object, java.lang.Object, java.lang.Object)'> (0x0000000089615050) thrown at [./src/hotspot/share/interpreter/linkResolver.cpp, line 773]
Event: 21.248 Thread 0x00000243cdbe6000 Implicit null exception at 0x00000243b9b237f4 to 0x00000243b9b23e44

Events (20 events):
Event: 21.717 loading class kotlin/reflect/jvm/internal/impl/metadata/jvm/JvmProtoBuf$JvmFieldSignatureOrBuilder done
Event: 21.718 loading class kotlin/reflect/jvm/internal/impl/metadata/jvm/JvmProtoBuf$JvmFieldSignature$1
Event: 21.718 loading class kotlin/reflect/jvm/internal/impl/metadata/jvm/JvmProtoBuf$JvmFieldSignature$1 done
Event: 21.720 loading class kotlin/reflect/jvm/internal/impl/metadata/ProtoBuf$Annotation
Event: 21.720 loading class kotlin/reflect/jvm/internal/impl/metadata/ProtoBuf$Annotation done
Event: 21.720 loading class kotlin/reflect/jvm/internal/impl/metadata/ProtoBuf$AnnotationOrBuilder
Event: 21.720 loading class kotlin/reflect/jvm/internal/impl/metadata/ProtoBuf$AnnotationOrBuilder done
Event: 21.721 loading class kotlin/reflect/jvm/internal/impl/metadata/ProtoBuf$Annotation$1
Event: 21.721 loading class kotlin/reflect/jvm/internal/impl/metadata/ProtoBuf$Annotation$1 done
Event: 21.722 loading class kotlin/reflect/jvm/internal/impl/metadata/ProtoBuf$TypeParameter
Event: 21.722 loading class kotlin/reflect/jvm/internal/impl/metadata/ProtoBuf$TypeParameter done
Event: 21.722 loading class kotlin/reflect/jvm/internal/impl/metadata/ProtoBuf$TypeParameterOrBuilder
Event: 21.722 loading class kotlin/reflect/jvm/internal/impl/metadata/ProtoBuf$TypeParameterOrBuilder done
Event: 21.723 loading class kotlin/reflect/jvm/internal/impl/metadata/ProtoBuf$TypeParameter$1
Event: 21.723 loading class kotlin/reflect/jvm/internal/impl/metadata/ProtoBuf$TypeParameter$1 done
Event: 21.724 loading class kotlin/reflect/jvm/internal/impl/metadata/ProtoBuf$TypeParameter$Variance
Event: 21.724 loading class kotlin/reflect/jvm/internal/impl/metadata/ProtoBuf$TypeParameter$Variance done
Event: 21.725 loading class kotlin/reflect/jvm/internal/impl/protobuf/Internal$EnumLiteMap
Event: 21.725 loading class kotlin/reflect/jvm/internal/impl/protobuf/Internal$EnumLiteMap done
Event: 21.725 Executing VM operation: G1CollectForAllocation


Dynamic libraries:
0x00007ff752680000 - 0x00007ff75268a000 	C:\Program Files\Android\Android Studio\jre\bin\java.exe
0x00007ffe98e70000 - 0x00007ffe99065000 	C:\Windows\SYSTEM32\ntdll.dll
0x00007ffe97840000 - 0x00007ffe978fe000 	C:\Windows\System32\KERNEL32.DLL
0x00007ffe96810000 - 0x00007ffe96ad8000 	C:\Windows\System32\KERNELBASE.dll
0x00007ffe96d20000 - 0x00007ffe96e20000 	C:\Windows\System32\ucrtbase.dll
0x00007ffe8c500000 - 0x00007ffe8c517000 	C:\Program Files\Android\Android Studio\jre\bin\VCRUNTIME140.dll
0x00007ffe878c0000 - 0x00007ffe878d9000 	C:\Program Files\Android\Android Studio\jre\bin\jli.dll
0x00007ffe97ad0000 - 0x00007ffe97c71000 	C:\Windows\System32\USER32.dll
0x00007ffe96c40000 - 0x00007ffe96c62000 	C:\Windows\System32\win32u.dll
0x00007ffe8acc0000 - 0x00007ffe8af5a000 	C:\Windows\WinSxS\amd64_microsoft.windows.common-controls_6595b64144ccf1df_6.0.19041.1110_none_60b5254171f9507e\COMCTL32.dll
0x00007ffe97c90000 - 0x00007ffe97cbb000 	C:\Windows\System32\GDI32.dll
0x00007ffe97900000 - 0x00007ffe9799e000 	C:\Windows\System32\msvcrt.dll
0x00007ffe96700000 - 0x00007ffe9680d000 	C:\Windows\System32\gdi32full.dll
0x00007ffe96610000 - 0x00007ffe966ad000 	C:\Windows\System32\msvcp_win.dll
0x00007ffe97aa0000 - 0x00007ffe97ad0000 	C:\Windows\System32\IMM32.DLL
0x00007ffe7f030000 - 0x00007ffe7f0cd000 	C:\Program Files\Android\Android Studio\jre\bin\msvcp140.dll
0x00007ffe68770000 - 0x00007ffe69245000 	C:\Program Files\Android\Android Studio\jre\bin\server\jvm.dll
0x00007ffe97f60000 - 0x00007ffe9800c000 	C:\Windows\System32\ADVAPI32.dll
0x00007ffe98010000 - 0x00007ffe980ab000 	C:\Windows\System32\sechost.dll
0x00007ffe98800000 - 0x00007ffe9892a000 	C:\Windows\System32\RPCRT4.dll
0x00007ffe97c80000 - 0x00007ffe97c88000 	C:\Windows\System32\PSAPI.DLL
0x00007ffe93fe0000 - 0x00007ffe93fe9000 	C:\Windows\SYSTEM32\WSOCK32.dll
0x00007ffe98c90000 - 0x00007ffe98cfb000 	C:\Windows\System32\WS2_32.dll
0x00007ffe8bb30000 - 0x00007ffe8bb3a000 	C:\Windows\SYSTEM32\VERSION.dll
0x00007ffe89050000 - 0x00007ffe89077000 	C:\Windows\SYSTEM32\WINMM.dll
0x00007ffe94510000 - 0x00007ffe94522000 	C:\Windows\SYSTEM32\kernel.appcore.dll
0x00007ffe86b40000 - 0x00007ffe86b51000 	C:\Program Files\Android\Android Studio\jre\bin\verify.dll
0x00007ffe90f60000 - 0x00007ffe91144000 	C:\Windows\SYSTEM32\DBGHELP.DLL
0x00007ffe90e90000 - 0x00007ffe90ebc000 	C:\Windows\SYSTEM32\dbgcore.DLL
0x00007ffe96580000 - 0x00007ffe96602000 	C:\Windows\System32\bcryptPrimitives.dll
0x00007ffe83db0000 - 0x00007ffe83dd9000 	C:\Program Files\Android\Android Studio\jre\bin\java.dll
0x00007ffe908a0000 - 0x00007ffe908ab000 	C:\Program Files\Android\Android Studio\jre\bin\jimage.dll
0x00007ffe838d0000 - 0x00007ffe838e8000 	C:\Program Files\Android\Android Studio\jre\bin\zip.dll
0x00007ffe980b0000 - 0x00007ffe987f4000 	C:\Windows\System32\SHELL32.dll
0x00007ffe94820000 - 0x00007ffe94fb4000 	C:\Windows\SYSTEM32\windows.storage.dll
0x00007ffe98930000 - 0x00007ffe98c85000 	C:\Windows\System32\combase.dll
0x00007ffe95f00000 - 0x00007ffe95f2e000 	C:\Windows\SYSTEM32\Wldp.dll
0x00007ffe96ec0000 - 0x00007ffe96f6d000 	C:\Windows\System32\SHCORE.dll
0x00007ffe979a0000 - 0x00007ffe979f5000 	C:\Windows\System32\shlwapi.dll
0x00007ffe964c0000 - 0x00007ffe964df000 	C:\Windows\SYSTEM32\profapi.dll
0x00007ffe82070000 - 0x00007ffe8208a000 	C:\Program Files\Android\Android Studio\jre\bin\net.dll
0x00007ffe8e4a0000 - 0x00007ffe8e5ac000 	C:\Windows\SYSTEM32\WINHTTP.dll
0x00007ffe95c60000 - 0x00007ffe95cca000 	C:\Windows\system32\mswsock.dll
0x00007ffe82050000 - 0x00007ffe82064000 	C:\Program Files\Android\Android Studio\jre\bin\nio.dll
0x00007ffe85270000 - 0x00007ffe85297000 	C:\Users\Admin\.gradle\native\e1d6ef7f7dcc3fd88c89a11ec53ec762bb8ba0a96d01ffa2cd45eb1d1d8dd5c5\windows-amd64\native-platform.dll
0x00007ffe7eac0000 - 0x00007ffe7ec04000 	C:\Users\Admin\.gradle\native\5664cfc778a61ccfe75a443a1ab52a65af34e5dc3c78e0209fed803814484fcb\windows-amd64\native-platform-file-events.dll
0x00007ffe85260000 - 0x00007ffe8526a000 	C:\Program Files\Android\Android Studio\jre\bin\management.dll
0x00007ffe84ac0000 - 0x00007ffe84acd000 	C:\Program Files\Android\Android Studio\jre\bin\management_ext.dll
0x00007ffe95e60000 - 0x00007ffe95e78000 	C:\Windows\SYSTEM32\CRYPTSP.dll
0x00007ffe95790000 - 0x00007ffe957c4000 	C:\Windows\system32\rsaenh.dll
0x00007ffe96e80000 - 0x00007ffe96ea7000 	C:\Windows\System32\bcrypt.dll
0x00007ffe96440000 - 0x00007ffe9646e000 	C:\Windows\SYSTEM32\USERENV.dll
0x00007ffe95e50000 - 0x00007ffe95e5c000 	C:\Windows\SYSTEM32\CRYPTBASE.dll
0x00007ffe95950000 - 0x00007ffe9598b000 	C:\Windows\SYSTEM32\IPHLPAPI.DLL
0x00007ffe97a90000 - 0x00007ffe97a98000 	C:\Windows\System32\NSI.dll
0x00007ffe90700000 - 0x00007ffe90717000 	C:\Windows\SYSTEM32\dhcpcsvc6.DLL
0x00007ffe8ffb0000 - 0x00007ffe8ffcd000 	C:\Windows\SYSTEM32\dhcpcsvc.DLL
0x00007ffe95990000 - 0x00007ffe95a5b000 	C:\Windows\SYSTEM32\DNSAPI.dll
0x00007ffe95420000 - 0x00007ffe95453000 	C:\Windows\SYSTEM32\ntmarta.dll

dbghelp: loaded successfully - version: 4.0.5 - missing functions: none
symbol engine: initialized successfully - sym options: 0x614 - pdb path: .;C:\Program Files\Android\Android Studio\jre\bin;C:\Windows\SYSTEM32;C:\Windows\WinSxS\amd64_microsoft.windows.common-controls_6595b64144ccf1df_6.0.19041.1110_none_60b5254171f9507e;C:\Program Files\Android\Android Studio\jre\bin\server;C:\Users\Admin\.gradle\native\e1d6ef7f7dcc3fd88c89a11ec53ec762bb8ba0a96d01ffa2cd45eb1d1d8dd5c5\windows-amd64;C:\Users\Admin\.gradle\native\5664cfc778a61ccfe75a443a1ab52a65af34e5dc3c78e0209fed803814484fcb\windows-amd64

VM Arguments:
jvm_args: --add-opens=java.base/java.util=ALL-UNNAMED --add-opens=java.base/java.lang=ALL-UNNAMED --add-opens=java.base/java.lang.invoke=ALL-UNNAMED --add-opens=java.base/java.util=ALL-UNNAMED --add-opens=java.prefs/java.util.prefs=ALL-UNNAMED --add-opens=java.prefs/java.util.prefs=ALL-UNNAMED --add-opens=java.base/java.nio.charset=ALL-UNNAMED --add-opens=java.base/java.net=ALL-UNNAMED --add-opens=java.base/java.util.concurrent.atomic=ALL-UNNAMED -Xmx2048m -Dfile.encoding=UTF-8 -Duser.country=US -Duser.language=en -Duser.variant 
java_command: org.gradle.launcher.daemon.bootstrap.GradleDaemon 7.2
java_class_path (initial): C:\Users\Admin\.gradle\wrapper\dists\gradle-7.2-bin\2dnblmf4td7x66yl1d74lt32g\gradle-7.2\lib\gradle-launcher-7.2.jar
Launcher Type: SUN_STANDARD

[Global flags]
     intx CICompilerCount                          = 3                                         {product} {ergonomic}
     uint ConcGCThreads                            = 1                                         {product} {ergonomic}
     uint G1ConcRefinementThreads                  = 4                                         {product} {ergonomic}
   size_t G1HeapRegionSize                         = 1048576                                   {product} {ergonomic}
    uintx GCDrainStackTargetSize                   = 64                                        {product} {ergonomic}
   size_t InitialHeapSize                          = 67108864                                  {product} {ergonomic}
   size_t MarkStackSize                            = 4194304                                   {product} {ergonomic}
   size_t MaxHeapSize                              = 2147483648                                {product} {command line}
   size_t MaxNewSize                               = 1287651328                                {product} {ergonomic}
   size_t MinHeapDeltaBytes                        = 1048576                                   {product} {ergonomic}
    uintx NonNMethodCodeHeapSize                   = 5830732                                {pd product} {ergonomic}
    uintx NonProfiledCodeHeapSize                  = 122913754                              {pd product} {ergonomic}
    uintx ProfiledCodeHeapSize                     = 122913754                              {pd product} {ergonomic}
    uintx ReservedCodeCacheSize                    = 251658240                              {pd product} {ergonomic}
     bool SegmentedCodeCache                       = true                                      {product} {ergonomic}
     bool UseCompressedClassPointers               = true                                 {lp64_product} {ergonomic}
     bool UseCompressedOops                        = true                                 {lp64_product} {ergonomic}
     bool UseG1GC                                  = true                                      {product} {ergonomic}
     bool UseLargePagesIndividualAllocation        = false                                  {pd product} {ergonomic}

Logging:
Log output configuration:
 #0: stdout all=warning uptime,level,tags
 #1: stderr all=off uptime,level,tags

Environment Variables:
PATH=C:\Program Files (x86)\Common Files\Oracle\Java\javapath;C:\Program Files (x86)\VMware\VMware Player\bin\;C:\Windows\system32;C:\Windows;C:\Windows\System32\Wbem;C:\Windows\System32\WindowsPowerShell\v1.0\;C:\Windows\System32\OpenSSH\;C:\Program Files\dotnet\;C:\Users\Admin\AppData\Local\Microsoft\WindowsApps;C:\Users\Admin\.dotnet\tools
USERNAME=Admin
OS=Windows_NT
PROCESSOR_IDENTIFIER=Intel64 Family 6 Model 42 Stepping 7, GenuineIntel



---------------  S Y S T E M  ---------------

OS: Windows 10 , 64 bit Build 19041 (10.0.19041.1348)
OS uptime: 0 days 2:14 hours

CPU:total 4 (initial active 4) (2 cores per cpu, 2 threads per core) family 6 model 42 stepping 7 microcode 0x2f, cmov, cx8, fxsr, mmx, sse, sse2, sse3, ssse3, sse4.1, sse4.2, popcnt, avx, clmul, ht, tsc, tscinvbit

Memory: 4k page, system-wide physical 4004M (314M free)
TotalPageFile size 4004M (AvailPageFile size 15M)
current process WorkingSet (physical memory assigned to process): 350M, peak: 357M
current process commit charge ("private bytes"): 426M, peak: 485M

vm_info: OpenJDK 64-Bit Server VM (11.0.11+9-b60-7590822) for windows-amd64 JRE (11.0.11+9-b60-7590822), built on Jul 29 2021 21:43:44 by "builder" with MS VC++ 14.0 (VS2015)

END.
