#
# There is insufficient memory for the Java Runtime Environment to continue.
# Native memory allocation (mmap) failed to map 35651584 bytes for Failed to commit area from 0x000000008a800000 to 0x000000008ca00000 of length 35651584.
# Possible reasons:
#   The system is out of physical RAM or swap space
#   The process is running with CompressedOops enabled, and the Java Heap may be blocking the growth of the native heap
# Possible solutions:
#   Reduce memory load on the system
#   Increase physical memory or swap space
#   Check if swap backing store is full
#   Decrease Java heap size (-Xmx/-Xms)
#   Decrease number of Java threads
#   Decrease Java thread stack sizes (-Xss)
#   Set larger code cache with -XX:ReservedCodeCacheSize=
#   JVM is running with Unscaled Compressed Oops mode in which the Java heap is
#     placed in the first 4GB address space. The Java Heap base address is the
#     maximum limit for the native heap growth. Please use -XX:HeapBaseMinAddress
#     to set the Java Heap base and to place the Java Heap above 4GB virtual address.
# This output file may be truncated or incomplete.
#
#  Out of Memory Error (./src/hotspot/os/windows/os_windows.cpp:3301), pid=4180, tid=6672
#
# JRE version: OpenJDK Runtime Environment (11.0.11+9) (build 11.0.11+9-b60-7590822)
# Java VM: OpenJDK 64-Bit Server VM (11.0.11+9-b60-7590822, mixed mode, tiered, compressed oops, g1 gc, windows-amd64)
# No core dump will be written. Minidumps are not enabled by default on client versions of Windows
#

---------------  S U M M A R Y ------------

Command Line: --add-opens=java.base/java.util=ALL-UNNAMED --add-opens=java.base/java.lang=ALL-UNNAMED --add-opens=java.base/java.lang.invoke=ALL-UNNAMED --add-opens=java.base/java.util=ALL-UNNAMED --add-opens=java.prefs/java.util.prefs=ALL-UNNAMED --add-opens=java.prefs/java.util.prefs=ALL-UNNAMED --add-opens=java.base/java.nio.charset=ALL-UNNAMED --add-opens=java.base/java.net=ALL-UNNAMED --add-opens=java.base/java.util.concurrent.atomic=ALL-UNNAMED -Xmx2048m -Dfile.encoding=UTF-8 -Duser.country=US -Duser.language=en -Duser.variant org.gradle.launcher.daemon.bootstrap.GradleDaemon 7.2

Host: Intel(R) Core(TM) i3-2330M CPU @ 2.20GHz, 4 cores, 3G,  Windows 10 , 64 bit Build 19041 (10.0.19041.1348)
Time: Wed Apr 20 22:26:57 2022 SE Asia Standard Time elapsed time: 23.169602 seconds (0d 0h 0m 23s)

---------------  T H R E A D  ---------------

Current thread (0x000001df296d0800):  VMThread "VM Thread" [stack: 0x0000001af9200000,0x0000001af9300000] [id=6672]

Stack: [0x0000001af9200000,0x0000001af9300000]
[error occurred during error reporting (printing stack bounds), id 0xc0000005, EXCEPTION_ACCESS_VIOLATION (0xc0000005) at pc=0x000001df12eb0f2d]

Native frames: (J=compiled Java code, j=interpreted, Vv=VM code, C=native code)
V  [jvm.dll+0x5f214a]
V  [jvm.dll+0x726fb5]
V  [jvm.dll+0x7285cd]
V  [jvm.dll+0x728be5]
V  [jvm.dll+0x728b9b]
V  [jvm.dll+0x5f14e8]
V  [jvm.dll+0x5f1c78]
C  [ntdll.dll+0xa20cf]
C  [ntdll.dll+0x51454]
C  [ntdll.dll+0xa0bfe]
C  0x000001df12eb0f2d

VM_Operation (0x0000001afacfe3b0): G1CollectForAllocation, mode: safepoint, requested by thread 0x000001df2bafa000


---------------  P R O C E S S  ---------------

Threads class SMR info:
_java_thread_list=0x000001df2efed7d0, length=87, elements={
0x000001df0f3ad800, 0x000001df296d7000, 0x000001df296dc800, 0x000001df29733000,
0x000001df29735000, 0x000001df29737800, 0x000001df2973d000, 0x000001df29742800,
0x000001df29746800, 0x000001df2a1bb000, 0x000001df2bd20800, 0x000001df2af8d800,
0x000001df2be0d800, 0x000001df2aaf1800, 0x000001df2be4f800, 0x000001df2bebb000,
0x000001df2bebc000, 0x000001df2bd60000, 0x000001df2beaa000, 0x000001df2bafb800,
0x000001df2bafa800, 0x000001df2baf9000, 0x000001df2bafa000, 0x000001df2ccef800,
0x000001df2cced000, 0x000001df2ccf2000, 0x000001df2ccf0000, 0x000001df2ccec000,
0x000001df2ccf1000, 0x000001df2ccf3800, 0x000001df2cced800, 0x000001df2ccee800,
0x000001df2ccf9000, 0x000001df2ccf6000, 0x000001df2ccfa000, 0x000001df2ccfb000,
0x000001df2ccf5000, 0x000001df2ccf6800, 0x000001df2ccf7800, 0x000001df2ccf8800,
0x000001df2c5f9800, 0x000001df2c5f8000, 0x000001df2c5f8800, 0x000001df2c5fa800,
0x000001df2c5fb000, 0x000001df2c5fc000, 0x000001df2c5f7000, 0x000001df2c5f6000,
0x000001df2c601000, 0x000001df2c5fd800, 0x000001df2c5ff000, 0x000001df2c600000,
0x000001df2c602800, 0x000001df2c601800, 0x000001df2c5fe800, 0x000001df2c5fc800,
0x000001df2c604000, 0x000001df2c603800, 0x000001df2c605000, 0x000001df2ef71000,
0x000001df2ef6c800, 0x000001df2ef72000, 0x000001df2ef70800, 0x000001df2ef6e000,
0x000001df2ef73000, 0x000001df2ef6d000, 0x000001df2ef73800, 0x000001df2ef6e800,
0x000001df2ef74800, 0x000001df2ef75800, 0x000001df2ef6f800, 0x000001df2ef7a000,
0x000001df2ef76000, 0x000001df2ef77000, 0x000001df2ef77800, 0x000001df2ef78800,
0x000001df2ef79800, 0x000001df2ef7b000, 0x000001df30f9b800, 0x000001df30f9b000,
0x000001df30f9d800, 0x000001df30f9c800, 0x000001df30f9a000, 0x000001df30f9f000,
0x000001df30f9e000, 0x000001df30f99800, 0x000001df30fa4000
}

Java Threads: ( => current thread )
  0x000001df0f3ad800 JavaThread "main" [_thread_blocked, id=6860, stack(0x0000001af8c00000,0x0000001af8d00000)]
  0x000001df296d7000 JavaThread "Reference Handler" daemon [_thread_blocked, id=4372, stack(0x0000001af9300000,0x0000001af9400000)]
  0x000001df296dc800 JavaThread "Finalizer" daemon [_thread_blocked, id=6244, stack(0x0000001af9400000,0x0000001af9500000)]
  0x000001df29733000 JavaThread "Signal Dispatcher" daemon [_thread_blocked, id=6324, stack(0x0000001af9500000,0x0000001af9600000)]
  0x000001df29735000 JavaThread "Attach Listener" daemon [_thread_blocked, id=6024, stack(0x0000001af9600000,0x0000001af9700000)]
  0x000001df29737800 JavaThread "Service Thread" daemon [_thread_blocked, id=952, stack(0x0000001af9700000,0x0000001af9800000)]
  0x000001df2973d000 JavaThread "C2 CompilerThread0" daemon [_thread_blocked, id=7024, stack(0x0000001af9800000,0x0000001af9900000)]
  0x000001df29742800 JavaThread "C1 CompilerThread0" daemon [_thread_blocked, id=1556, stack(0x0000001af9900000,0x0000001af9a00000)]
  0x000001df29746800 JavaThread "Sweeper thread" daemon [_thread_blocked, id=1540, stack(0x0000001af9a00000,0x0000001af9b00000)]
  0x000001df2a1bb000 JavaThread "Common-Cleaner" daemon [_thread_blocked, id=3124, stack(0x0000001af9b00000,0x0000001af9c00000)]
  0x000001df2bd20800 JavaThread "Daemon health stats" [_thread_blocked, id=4668, stack(0x0000001af9e00000,0x0000001af9f00000)]
  0x000001df2af8d800 JavaThread "Incoming local TCP Connector on port 49619" [_thread_in_native, id=5432, stack(0x0000001afa100000,0x0000001afa200000)]
  0x000001df2be0d800 JavaThread "Daemon periodic checks" [_thread_blocked, id=6748, stack(0x0000001afa200000,0x0000001afa300000)]
  0x000001df2aaf1800 JavaThread "Daemon" [_thread_blocked, id=5744, stack(0x0000001afa300000,0x0000001afa400000)]
  0x000001df2be4f800 JavaThread "Handler for socket connection from /127.0.0.1:49619 to /127.0.0.1:49620" [_thread_in_native, id=5824, stack(0x0000001afa400000,0x0000001afa500000)]
  0x000001df2bebb000 JavaThread "Cancel handler" [_thread_blocked, id=5604, stack(0x0000001afa500000,0x0000001afa600000)]
  0x000001df2bebc000 JavaThread "Daemon worker" [_thread_blocked, id=6968, stack(0x0000001afa600000,0x0000001afa700000)]
  0x000001df2bd60000 JavaThread "Asynchronous log dispatcher for DefaultDaemonConnection: socket connection from /127.0.0.1:49619 to /127.0.0.1:49620" [_thread_blocked, id=5616, stack(0x0000001afa700000,0x0000001afa800000)]
  0x000001df2beaa000 JavaThread "Stdin handler" [_thread_blocked, id=7056, stack(0x0000001afa800000,0x0000001afa900000)]
  0x000001df2bafb800 JavaThread "Daemon client event forwarder" [_thread_blocked, id=3332, stack(0x0000001afa900000,0x0000001afaa00000)]
  0x000001df2bafa800 JavaThread "Cache worker for journal cache (C:\Users\Admin\.gradle\caches\journal-1)" [_thread_blocked, id=1280, stack(0x0000001afaa00000,0x0000001afab00000)]
  0x000001df2baf9000 JavaThread "File lock request listener" [_thread_in_native, id=7160, stack(0x0000001afab00000,0x0000001afac00000)]
  0x000001df2bafa000 JavaThread "Cache worker for file hash cache (C:\Users\Admin\.gradle\caches\7.2\fileHashes)" [_thread_blocked, id=4800, stack(0x0000001afac00000,0x0000001afad00000)]
  0x000001df2ccef800 JavaThread "Cache worker for file hash cache (C:\Users\Admin\AndroidStudioProjects\DailySelfie\.gradle\7.2\fileHashes)" [_thread_blocked, id=3228, stack(0x0000001afad00000,0x0000001afae00000)]
  0x000001df2cced000 JavaThread "File watcher server" daemon [_thread_blocked, id=6236, stack(0x0000001afae00000,0x0000001afaf00000)]
  0x000001df2ccf2000 JavaThread "File watcher consumer" daemon [_thread_blocked, id=4768, stack(0x0000001afaf00000,0x0000001afb000000)]
  0x000001df2ccf0000 JavaThread "Cache worker for checksums cache (C:\Users\Admin\AndroidStudioProjects\DailySelfie\.gradle\checksums)" [_thread_blocked, id=3784, stack(0x0000001afb000000,0x0000001afb100000)]
  0x000001df2ccec000 JavaThread "Cache worker for cache directory md-supplier (C:\Users\Admin\.gradle\caches\7.2\md-supplier)" [_thread_blocked, id=3940, stack(0x0000001afb100000,0x0000001afb200000)]
  0x000001df2ccf1000 JavaThread "Cache worker for cache directory md-rule (C:\Users\Admin\.gradle\caches\7.2\md-rule)" [_thread_blocked, id=1480, stack(0x0000001afb200000,0x0000001afb300000)]
  0x000001df2ccf3800 JavaThread "Cache worker for execution history cache (C:\Users\Admin\.gradle\caches\7.2\executionHistory)" [_thread_blocked, id=6828, stack(0x0000001afb300000,0x0000001afb400000)]
  0x000001df2cced800 JavaThread "jar transforms" [_thread_blocked, id=3688, stack(0x0000001afb400000,0x0000001afb500000)]
  0x000001df2ccee800 JavaThread "Cache worker for file content cache (C:\Users\Admin\.gradle\caches\7.2\fileContent)" [_thread_blocked, id=3044, stack(0x0000001afb500000,0x0000001afb600000)]
  0x000001df2ccf9000 JavaThread "jar transforms Thread 2" [_thread_blocked, id=2096, stack(0x0000001afb600000,0x0000001afb700000)]
  0x000001df2ccf6000 JavaThread "Cache worker for dependencies-accessors (C:\Users\Admin\AndroidStudioProjects\DailySelfie\.gradle\7.2\dependencies-accessors)" [_thread_blocked, id=4956, stack(0x0000001afb700000,0x0000001afb800000)]
  0x000001df2ccfa000 JavaThread "jar transforms Thread 3" [_thread_blocked, id=2688, stack(0x0000001afb800000,0x0000001afb900000)]
  0x000001df2ccfb000 JavaThread "Cache worker for Build Output Cleanup Cache (C:\Users\Admin\AndroidStudioProjects\DailySelfie\.gradle\buildOutputCleanup)" [_thread_blocked, id=1632, stack(0x0000001afb900000,0x0000001afba00000)]
  0x000001df2ccf5000 JavaThread "Unconstrained build operations" [_thread_blocked, id=440, stack(0x0000001afba00000,0x0000001afbb00000)]
  0x000001df2ccf6800 JavaThread "Unconstrained build operations Thread 2" [_thread_blocked, id=6308, stack(0x0000001afbb00000,0x0000001afbc00000)]
  0x000001df2ccf7800 JavaThread "Unconstrained build operations Thread 3" [_thread_blocked, id=5452, stack(0x0000001afbc00000,0x0000001afbd00000)]
  0x000001df2ccf8800 JavaThread "Unconstrained build operations Thread 4" [_thread_blocked, id=5484, stack(0x0000001afbd00000,0x0000001afbe00000)]
  0x000001df2c5f9800 JavaThread "Unconstrained build operations Thread 5" [_thread_blocked, id=3664, stack(0x0000001afbe00000,0x0000001afbf00000)]
  0x000001df2c5f8000 JavaThread "Unconstrained build operations Thread 6" [_thread_blocked, id=6864, stack(0x0000001afbf00000,0x0000001afc000000)]
  0x000001df2c5f8800 JavaThread "Unconstrained build operations Thread 7" [_thread_blocked, id=5932, stack(0x0000001afc000000,0x0000001afc100000)]
  0x000001df2c5fa800 JavaThread "Unconstrained build operations Thread 8" [_thread_blocked, id=3888, stack(0x0000001afc100000,0x0000001afc200000)]
  0x000001df2c5fb000 JavaThread "Unconstrained build operations Thread 9" [_thread_blocked, id=4780, stack(0x0000001afc200000,0x0000001afc300000)]
  0x000001df2c5fc000 JavaThread "Unconstrained build operations Thread 10" [_thread_blocked, id=6568, stack(0x0000001afc300000,0x0000001afc400000)]
  0x000001df2c5f7000 JavaThread "Unconstrained build operations Thread 11" [_thread_blocked, id=6188, stack(0x0000001afc400000,0x0000001afc500000)]
  0x000001df2c5f6000 JavaThread "Unconstrained build operations Thread 12" [_thread_blocked, id=516, stack(0x0000001afc500000,0x0000001afc600000)]
  0x000001df2c601000 JavaThread "Unconstrained build operations Thread 13" [_thread_blocked, id=416, stack(0x0000001afc600000,0x0000001afc700000)]
  0x000001df2c5fd800 JavaThread "Unconstrained build operations Thread 14" [_thread_blocked, id=4840, stack(0x0000001afc700000,0x0000001afc800000)]
  0x000001df2c5ff000 JavaThread "Unconstrained build operations Thread 15" [_thread_blocked, id=3236, stack(0x0000001afc800000,0x0000001afc900000)]
  0x000001df2c600000 JavaThread "Unconstrained build operations Thread 16" [_thread_blocked, id=3500, stack(0x0000001afc900000,0x0000001afca00000)]
  0x000001df2c602800 JavaThread "Unconstrained build operations Thread 17" [_thread_blocked, id=7156, stack(0x0000001afca00000,0x0000001afcb00000)]
  0x000001df2c601800 JavaThread "Unconstrained build operations Thread 18" [_thread_blocked, id=6248, stack(0x0000001afcb00000,0x0000001afcc00000)]
  0x000001df2c5fe800 JavaThread "Unconstrained build operations Thread 19" [_thread_blocked, id=6296, stack(0x0000001afcc00000,0x0000001afcd00000)]
  0x000001df2c5fc800 JavaThread "Unconstrained build operations Thread 20" [_thread_blocked, id=3772, stack(0x0000001afcd00000,0x0000001afce00000)]
  0x000001df2c604000 JavaThread "Unconstrained build operations Thread 21" [_thread_blocked, id=6436, stack(0x0000001afce00000,0x0000001afcf00000)]
  0x000001df2c603800 JavaThread "Unconstrained build operations Thread 22" [_thread_blocked, id=764, stack(0x0000001afcf00000,0x0000001afd000000)]
  0x000001df2c605000 JavaThread "Unconstrained build operations Thread 23" [_thread_blocked, id=6820, stack(0x0000001afd000000,0x0000001afd100000)]
  0x000001df2ef71000 JavaThread "Unconstrained build operations Thread 24" [_thread_blocked, id=6184, stack(0x0000001afd100000,0x0000001afd200000)]
  0x000001df2ef6c800 JavaThread "Unconstrained build operations Thread 25" [_thread_blocked, id=2516, stack(0x0000001afd200000,0x0000001afd300000)]
  0x000001df2ef72000 JavaThread "Unconstrained build operations Thread 26" [_thread_blocked, id=4524, stack(0x0000001afd300000,0x0000001afd400000)]
  0x000001df2ef70800 JavaThread "Unconstrained build operations Thread 27" [_thread_blocked, id=1888, stack(0x0000001afd400000,0x0000001afd500000)]
  0x000001df2ef6e000 JavaThread "Unconstrained build operations Thread 28" [_thread_blocked, id=6700, stack(0x0000001afd500000,0x0000001afd600000)]
  0x000001df2ef73000 JavaThread "Unconstrained build operations Thread 29" [_thread_blocked, id=7092, stack(0x0000001afd600000,0x0000001afd700000)]
  0x000001df2ef6d000 JavaThread "Unconstrained build operations Thread 30" [_thread_blocked, id=2660, stack(0x0000001afd700000,0x0000001afd800000)]
  0x000001df2ef73800 JavaThread "Unconstrained build operations Thread 31" [_thread_blocked, id=1408, stack(0x0000001afd800000,0x0000001afd900000)]
  0x000001df2ef6e800 JavaThread "Unconstrained build operations Thread 32" [_thread_blocked, id=5204, stack(0x0000001afd900000,0x0000001afda00000)]
  0x000001df2ef74800 JavaThread "Unconstrained build operations Thread 33" [_thread_blocked, id=5724, stack(0x0000001afda00000,0x0000001afdb00000)]
  0x000001df2ef75800 JavaThread "Unconstrained build operations Thread 34" [_thread_blocked, id=1568, stack(0x0000001afdb00000,0x0000001afdc00000)]
  0x000001df2ef6f800 JavaThread "Unconstrained build operations Thread 35" [_thread_blocked, id=1288, stack(0x0000001afdc00000,0x0000001afdd00000)]
  0x000001df2ef7a000 JavaThread "Unconstrained build operations Thread 36" [_thread_blocked, id=3720, stack(0x0000001afdd00000,0x0000001afde00000)]
  0x000001df2ef76000 JavaThread "Unconstrained build operations Thread 37" [_thread_blocked, id=6400, stack(0x0000001afde00000,0x0000001afdf00000)]
  0x000001df2ef77000 JavaThread "Unconstrained build operations Thread 38" [_thread_blocked, id=108, stack(0x0000001afdf00000,0x0000001afe000000)]
  0x000001df2ef77800 JavaThread "Unconstrained build operations Thread 39" [_thread_blocked, id=3232, stack(0x0000001afe000000,0x0000001afe100000)]
  0x000001df2ef78800 JavaThread "Unconstrained build operations Thread 40" [_thread_blocked, id=940, stack(0x0000001afe100000,0x0000001afe200000)]
  0x000001df2ef79800 JavaThread "jar transforms Thread 4" [_thread_blocked, id=1160, stack(0x0000001afe200000,0x0000001afe300000)]
  0x000001df2ef7b000 JavaThread "Memory manager" [_thread_blocked, id=3056, stack(0x0000001afe300000,0x0000001afe400000)]
  0x000001df30f9b800 JavaThread "build event listener" [_thread_blocked, id=5720, stack(0x0000001afe400000,0x0000001afe500000)]
  0x000001df30f9b000 JavaThread "pool-3-thread-1" [_thread_blocked, id=3108, stack(0x0000001afe500000,0x0000001afe600000)]
  0x000001df30f9d800 JavaThread "build event listener" [_thread_blocked, id=1184, stack(0x0000001afe600000,0x0000001afe700000)]
  0x000001df30f9c800 JavaThread "Execution worker for ':'" [_thread_blocked, id=2724, stack(0x0000001afe700000,0x0000001afe800000)]
  0x000001df30f9a000 JavaThread "Execution worker for ':' Thread 2" [_thread_blocked, id=2068, stack(0x0000001afe800000,0x0000001afe900000)]
  0x000001df30f9f000 JavaThread "Execution worker for ':' Thread 3" [_thread_blocked, id=5152, stack(0x0000001afe900000,0x0000001afea00000)]
  0x000001df30f9e000 JavaThread "Cache worker for execution history cache (C:\Users\Admin\AndroidStudioProjects\DailySelfie\.gradle\7.2\executionHistory)" [_thread_blocked, id=124, stack(0x0000001afea00000,0x0000001afeb00000)]
  0x000001df30f99800 JavaThread "WorkerExecutor Queue" [_thread_blocked, id=5540, stack(0x0000001afeb00000,0x0000001afec00000)]
  0x000001df30fa4000 JavaThread "WorkerExecutor Queue Thread 2" [_thread_blocked, id=6992, stack(0x0000001afec00000,0x0000001afed00000)]

Other Threads:
=>0x000001df296d0800 VMThread "VM Thread" [stack: 0x0000001af9200000,0x0000001af9300000] [id=6672]
  0x000001df2a1f4000 WatcherThread [stack: 0x0000001af9c00000,0x0000001af9d00000] [id=6560]
  0x000001df0f3c5000 GCTaskThread "GC Thread#0" [stack: 0x0000001af8d00000,0x0000001af8e00000] [id=7084]
  0x000001df2aab9800 GCTaskThread "GC Thread#1" [stack: 0x0000001af9d00000,0x0000001af9e00000] [id=1952]
  0x000001df2bbb3000 GCTaskThread "GC Thread#2" [stack: 0x0000001af9f00000,0x0000001afa000000] [id=608]
  0x000001df2bba1800 GCTaskThread "GC Thread#3" [stack: 0x0000001afa000000,0x0000001afa100000] [id=3960]
  0x000001df0f3f7000 ConcurrentGCThread "G1 Main Marker" [stack: 0x0000001af8e00000,0x0000001af8f00000] [id=5648]
  0x000001df0f3f8000 ConcurrentGCThread "G1 Conc#0" [stack: 0x0000001af8f00000,0x0000001af9000000] [id=3716]
  0x000001df0f44f800 ConcurrentGCThread "G1 Refine#0" [stack: 0x0000001af9000000,0x0000001af9100000] [id=4548]
  0x000001df0f450800 ConcurrentGCThread "G1 Young RemSet Sampling" [stack: 0x0000001af9100000,0x0000001af9200000] [id=5248]

Threads with active compile tasks:
C2 CompilerThread0  23193 10123       4       org.gradle.internal.snapshot.VfsRelativePath::lengthOfCommonPrefix (173 bytes)

VM state:at safepoint (normal execution)

VM Mutex/Monitor currently owned by a thread:  ([mutex/lock_event])
[0x000001df0f3aa360] Threads_lock - owner thread: 0x000001df296d0800
[0x000001df0f3a8e00] Heap_lock - owner thread: 0x000001df2bafa000

Heap address: 0x0000000080000000, size: 2048 MB, Compressed Oops mode: 32-bit
Narrow klass base: 0x0000000000000000, Narrow klass shift: 3
Compressed class space size: 1073741824 Address: 0x0000000100000000

Heap:
 garbage-first heap   total 206848K, used 96421K [0x0000000080000000, 0x0000000100000000)
  region size 1024K, 5 young (5120K), 5 survivors (5120K)
 Metaspace       used 88287K, capacity 90384K, committed 90752K, reserved 1128448K
  class space    used 11306K, capacity 12095K, committed 12236K, reserved 1048576K
Heap Regions: E=young(eden), S=young(survivor), O=old, HS=humongous(starts), HC=humongous(continues), CS=collection set, F=free, A=archive, TAMS=top-at-mark-start (previous, next)
|   0|0x0000000080000000, 0x0000000080100000, 0x0000000080100000|100%| O|  |TAMS 0x0000000080100000, 0x0000000080100000| Untracked 
|   1|0x0000000080100000, 0x0000000080200000, 0x0000000080200000|100%| O|  |TAMS 0x0000000080200000, 0x0000000080200000| Untracked 
|   2|0x0000000080200000, 0x0000000080300000, 0x0000000080300000|100%| O|  |TAMS 0x0000000080300000, 0x0000000080300000| Untracked 
|   3|0x0000000080300000, 0x0000000080400000, 0x0000000080400000|100%|HS|  |TAMS 0x0000000080400000, 0x0000000080400000| Complete 
|   4|0x0000000080400000, 0x0000000080500000, 0x0000000080500000|100%|HC|  |TAMS 0x0000000080500000, 0x0000000080500000| Complete 
|   5|0x0000000080500000, 0x0000000080600000, 0x0000000080600000|100%|HC|  |TAMS 0x0000000080600000, 0x0000000080600000| Complete 
|   6|0x0000000080600000, 0x0000000080700000, 0x0000000080700000|100%| O|  |TAMS 0x0000000080700000, 0x0000000080700000| Untracked 
|   7|0x0000000080700000, 0x0000000080800000, 0x0000000080800000|100%| O|  |TAMS 0x0000000080800000, 0x0000000080800000| Untracked 
|   8|0x0000000080800000, 0x0000000080900000, 0x0000000080900000|100%| O|  |TAMS 0x0000000080900000, 0x0000000080900000| Untracked 
|   9|0x0000000080900000, 0x0000000080a00000, 0x0000000080a00000|100%| O|  |TAMS 0x0000000080a00000, 0x0000000080a00000| Untracked 
|  10|0x0000000080a00000, 0x0000000080b00000, 0x0000000080b00000|100%| O|  |TAMS 0x0000000080b00000, 0x0000000080b00000| Untracked 
|  11|0x0000000080b00000, 0x0000000080c00000, 0x0000000080c00000|100%| O|  |TAMS 0x0000000080c00000, 0x0000000080c00000| Untracked 
|  12|0x0000000080c00000, 0x0000000080d00000, 0x0000000080d00000|100%| O|  |TAMS 0x0000000080d00000, 0x0000000080d00000| Untracked 
|  13|0x0000000080d00000, 0x0000000080e00000, 0x0000000080e00000|100%| O|  |TAMS 0x0000000080e00000, 0x0000000080e00000| Untracked 
|  14|0x0000000080e00000, 0x0000000080f00000, 0x0000000080f00000|100%| O|  |TAMS 0x0000000080f00000, 0x0000000080f00000| Untracked 
|  15|0x0000000080f00000, 0x0000000081000000, 0x0000000081000000|100%| O|  |TAMS 0x0000000081000000, 0x0000000081000000| Untracked 
|  16|0x0000000081000000, 0x0000000081100000, 0x0000000081100000|100%| O|  |TAMS 0x0000000081100000, 0x0000000081100000| Untracked 
|  17|0x0000000081100000, 0x0000000081200000, 0x0000000081200000|100%| O|  |TAMS 0x0000000081200000, 0x0000000081200000| Untracked 
|  18|0x0000000081200000, 0x0000000081300000, 0x0000000081300000|100%| O|  |TAMS 0x0000000081300000, 0x0000000081300000| Untracked 
|  19|0x0000000081300000, 0x0000000081400000, 0x0000000081400000|100%| O|  |TAMS 0x0000000081400000, 0x0000000081400000| Untracked 
|  20|0x0000000081400000, 0x0000000081500000, 0x0000000081500000|100%| O|  |TAMS 0x0000000081500000, 0x0000000081500000| Untracked 
|  21|0x0000000081500000, 0x0000000081600000, 0x0000000081600000|100%|HS|  |TAMS 0x0000000081600000, 0x0000000081600000| Complete 
|  22|0x0000000081600000, 0x0000000081700000, 0x0000000081700000|100%| O|  |TAMS 0x0000000081700000, 0x0000000081700000| Untracked 
|  23|0x0000000081700000, 0x0000000081800000, 0x0000000081800000|100%| O|  |TAMS 0x0000000081800000, 0x0000000081800000| Untracked 
|  24|0x0000000081800000, 0x0000000081900000, 0x0000000081900000|100%| O|  |TAMS 0x0000000081900000, 0x0000000081900000| Untracked 
|  25|0x0000000081900000, 0x0000000081a00000, 0x0000000081a00000|100%| O|  |TAMS 0x0000000081a00000, 0x0000000081a00000| Untracked 
|  26|0x0000000081a00000, 0x0000000081b00000, 0x0000000081b00000|100%| O|  |TAMS 0x0000000081b00000, 0x0000000081b00000| Untracked 
|  27|0x0000000081b00000, 0x0000000081c00000, 0x0000000081c00000|100%|HS|  |TAMS 0x0000000081c00000, 0x0000000081c00000| Complete 
|  28|0x0000000081c00000, 0x0000000081d00000, 0x0000000081d00000|100%|HS|  |TAMS 0x0000000081d00000, 0x0000000081d00000| Complete 
|  29|0x0000000081d00000, 0x0000000081e00000, 0x0000000081e00000|100%|HS|  |TAMS 0x0000000081e00000, 0x0000000081e00000| Complete 
|  30|0x0000000081e00000, 0x0000000081f00000, 0x0000000081f00000|100%|HC|  |TAMS 0x0000000081f00000, 0x0000000081f00000| Complete 
|  31|0x0000000081f00000, 0x0000000082000000, 0x0000000082000000|100%| O|  |TAMS 0x0000000082000000, 0x0000000082000000| Untracked 
|  32|0x0000000082000000, 0x0000000082100000, 0x0000000082100000|100%| O|  |TAMS 0x0000000082100000, 0x0000000082100000| Untracked 
|  33|0x0000000082100000, 0x0000000082200000, 0x0000000082200000|100%| O|  |TAMS 0x0000000082200000, 0x0000000082200000| Untracked 
|  34|0x0000000082200000, 0x0000000082300000, 0x0000000082300000|100%| O|  |TAMS 0x0000000082300000, 0x0000000082300000| Untracked 
|  35|0x0000000082300000, 0x0000000082400000, 0x0000000082400000|100%| O|  |TAMS 0x0000000082400000, 0x0000000082400000| Untracked 
|  36|0x0000000082400000, 0x0000000082500000, 0x0000000082500000|100%| O|  |TAMS 0x0000000082500000, 0x0000000082500000| Untracked 
|  37|0x0000000082500000, 0x0000000082600000, 0x0000000082600000|100%| O|  |TAMS 0x0000000082600000, 0x0000000082600000| Untracked 
|  38|0x0000000082600000, 0x0000000082700000, 0x0000000082700000|100%| O|  |TAMS 0x0000000082700000, 0x0000000082700000| Untracked 
|  39|0x0000000082700000, 0x0000000082800000, 0x0000000082800000|100%| O|  |TAMS 0x0000000082800000, 0x0000000082800000| Untracked 
|  40|0x0000000082800000, 0x0000000082900000, 0x0000000082900000|100%| O|  |TAMS 0x0000000082900000, 0x0000000082900000| Untracked 
|  41|0x0000000082900000, 0x0000000082a00000, 0x0000000082a00000|100%| O|  |TAMS 0x0000000082a00000, 0x0000000082a00000| Untracked 
|  42|0x0000000082a00000, 0x0000000082b00000, 0x0000000082b00000|100%| O|  |TAMS 0x0000000082b00000, 0x0000000082b00000| Untracked 
|  43|0x0000000082b00000, 0x0000000082c00000, 0x0000000082c00000|100%| O|  |TAMS 0x0000000082c00000, 0x0000000082c00000| Untracked 
|  44|0x0000000082c00000, 0x0000000082d00000, 0x0000000082d00000|100%| O|  |TAMS 0x0000000082d00000, 0x0000000082d00000| Untracked 
|  45|0x0000000082d00000, 0x0000000082e00000, 0x0000000082e00000|100%| O|  |TAMS 0x0000000082e00000, 0x0000000082e00000| Untracked 
|  46|0x0000000082e00000, 0x0000000082f00000, 0x0000000082f00000|100%| O|  |TAMS 0x0000000082f00000, 0x0000000082f00000| Untracked 
|  47|0x0000000082f00000, 0x0000000083000000, 0x0000000083000000|100%| O|  |TAMS 0x0000000083000000, 0x0000000083000000| Untracked 
|  48|0x0000000083000000, 0x0000000083100000, 0x0000000083100000|100%| O|  |TAMS 0x0000000083100000, 0x0000000083100000| Untracked 
|  49|0x0000000083100000, 0x0000000083200000, 0x0000000083200000|100%| O|  |TAMS 0x0000000083200000, 0x0000000083200000| Untracked 
|  50|0x0000000083200000, 0x0000000083300000, 0x0000000083300000|100%| O|  |TAMS 0x0000000083300000, 0x0000000083300000| Untracked 
|  51|0x0000000083300000, 0x0000000083400000, 0x0000000083400000|100%| O|  |TAMS 0x0000000083400000, 0x0000000083400000| Untracked 
|  52|0x0000000083400000, 0x0000000083500000, 0x0000000083500000|100%| O|  |TAMS 0x0000000083500000, 0x0000000083500000| Untracked 
|  53|0x0000000083500000, 0x0000000083600000, 0x0000000083600000|100%| O|  |TAMS 0x0000000083600000, 0x0000000083600000| Untracked 
|  54|0x0000000083600000, 0x0000000083700000, 0x0000000083700000|100%| O|  |TAMS 0x0000000083700000, 0x0000000083700000| Untracked 
|  55|0x0000000083700000, 0x0000000083800000, 0x0000000083800000|100%| O|  |TAMS 0x0000000083800000, 0x0000000083800000| Untracked 
|  56|0x0000000083800000, 0x0000000083900000, 0x0000000083900000|100%| O|  |TAMS 0x0000000083900000, 0x0000000083900000| Untracked 
|  57|0x0000000083900000, 0x0000000083a00000, 0x0000000083a00000|100%| O|  |TAMS 0x0000000083a00000, 0x0000000083a00000| Untracked 
|  58|0x0000000083a00000, 0x0000000083b00000, 0x0000000083b00000|100%| O|  |TAMS 0x0000000083b00000, 0x0000000083b00000| Untracked 
|  59|0x0000000083b00000, 0x0000000083c00000, 0x0000000083c00000|100%| O|  |TAMS 0x0000000083b00000, 0x0000000083c00000| Untracked 
|  60|0x0000000083c00000, 0x0000000083d00000, 0x0000000083d00000|100%| O|  |TAMS 0x0000000083d00000, 0x0000000083d00000| Untracked 
|  61|0x0000000083d00000, 0x0000000083e00000, 0x0000000083e00000|100%| O|  |TAMS 0x0000000083e00000, 0x0000000083e00000| Untracked 
|  62|0x0000000083e00000, 0x0000000083f00000, 0x0000000083f00000|100%| O|  |TAMS 0x0000000083f00000, 0x0000000083f00000| Untracked 
|  63|0x0000000083f00000, 0x0000000084000000, 0x0000000084000000|100%| O|  |TAMS 0x0000000084000000, 0x0000000084000000| Untracked 
|  64|0x0000000084000000, 0x0000000084100000, 0x0000000084100000|100%| O|  |TAMS 0x0000000084100000, 0x0000000084100000| Untracked 
|  65|0x0000000084100000, 0x0000000084200000, 0x0000000084200000|100%| O|  |TAMS 0x0000000084200000, 0x0000000084200000| Untracked 
|  66|0x0000000084200000, 0x0000000084300000, 0x0000000084300000|100%| O|  |TAMS 0x0000000084300000, 0x0000000084300000| Untracked 
|  67|0x0000000084300000, 0x0000000084400000, 0x0000000084400000|100%| O|  |TAMS 0x0000000084400000, 0x0000000084400000| Untracked 
|  68|0x0000000084400000, 0x0000000084500000, 0x0000000084500000|100%| O|  |TAMS 0x0000000084500000, 0x0000000084500000| Untracked 
|  69|0x0000000084500000, 0x0000000084600000, 0x0000000084600000|100%| O|  |TAMS 0x0000000084600000, 0x0000000084600000| Untracked 
|  70|0x0000000084600000, 0x0000000084700000, 0x0000000084700000|100%| O|  |TAMS 0x0000000084700000, 0x0000000084700000| Untracked 
|  71|0x0000000084700000, 0x0000000084800000, 0x0000000084800000|100%| O|  |TAMS 0x0000000084800000, 0x0000000084800000| Untracked 
|  72|0x0000000084800000, 0x0000000084800000, 0x0000000084900000|  0%| F|  |TAMS 0x0000000084800000, 0x0000000084800000| Untracked 
|  73|0x0000000084900000, 0x0000000084900000, 0x0000000084a00000|  0%| F|  |TAMS 0x0000000084900000, 0x0000000084900000| Untracked 
|  74|0x0000000084a00000, 0x0000000084b00000, 0x0000000084b00000|100%| O|  |TAMS 0x0000000084b00000, 0x0000000084b00000| Untracked 
|  75|0x0000000084b00000, 0x0000000084c00000, 0x0000000084c00000|100%| O|  |TAMS 0x0000000084c00000, 0x0000000084c00000| Untracked 
|  76|0x0000000084c00000, 0x0000000084d00000, 0x0000000084d00000|100%| O|  |TAMS 0x0000000084d00000, 0x0000000084d00000| Untracked 
|  77|0x0000000084d00000, 0x0000000084e00000, 0x0000000084e00000|100%| O|  |TAMS 0x0000000084e00000, 0x0000000084e00000| Untracked 
|  78|0x0000000084e00000, 0x0000000084f00000, 0x0000000084f00000|100%| O|  |TAMS 0x0000000084f00000, 0x0000000084f00000| Untracked 
|  79|0x0000000084f00000, 0x0000000085000000, 0x0000000085000000|100%| O|  |TAMS 0x0000000085000000, 0x0000000085000000| Untracked 
|  80|0x0000000085000000, 0x0000000085100000, 0x0000000085100000|100%| O|  |TAMS 0x0000000085100000, 0x0000000085100000| Untracked 
|  81|0x0000000085100000, 0x0000000085200000, 0x0000000085200000|100%| O|  |TAMS 0x0000000085200000, 0x0000000085200000| Untracked 
|  82|0x0000000085200000, 0x0000000085300000, 0x0000000085300000|100%| O|  |TAMS 0x0000000085300000, 0x0000000085300000| Untracked 
|  83|0x0000000085300000, 0x0000000085400000, 0x0000000085400000|100%| O|  |TAMS 0x00000000853e9200, 0x0000000085400000| Untracked 
|  84|0x0000000085400000, 0x0000000085400000, 0x0000000085500000|  0%| F|  |TAMS 0x0000000085400000, 0x0000000085400000| Untracked 
|  85|0x0000000085500000, 0x0000000085500000, 0x0000000085600000|  0%| F|  |TAMS 0x0000000085500000, 0x0000000085500000| Untracked 
|  86|0x0000000085600000, 0x0000000085600000, 0x0000000085700000|  0%| F|  |TAMS 0x0000000085600000, 0x0000000085600000| Untracked 
|  87|0x0000000085700000, 0x0000000085700000, 0x0000000085800000|  0%| F|  |TAMS 0x0000000085700000, 0x0000000085700000| Untracked 
|  88|0x0000000085800000, 0x0000000085800000, 0x0000000085900000|  0%| F|  |TAMS 0x0000000085800000, 0x0000000085800000| Untracked 
|  89|0x0000000085900000, 0x0000000085900000, 0x0000000085a00000|  0%| F|  |TAMS 0x0000000085900000, 0x0000000085900000| Untracked 
|  90|0x0000000085a00000, 0x0000000085a00000, 0x0000000085b00000|  0%| F|  |TAMS 0x0000000085a00000, 0x0000000085a00000| Untracked 
|  91|0x0000000085b00000, 0x0000000085b00000, 0x0000000085c00000|  0%| F|  |TAMS 0x0000000085b00000, 0x0000000085b00000| Untracked 
|  92|0x0000000085c00000, 0x0000000085c00000, 0x0000000085d00000|  0%| F|  |TAMS 0x0000000085c00000, 0x0000000085c00000| Untracked 
|  93|0x0000000085d00000, 0x0000000085d00000, 0x0000000085e00000|  0%| F|  |TAMS 0x0000000085d00000, 0x0000000085d00000| Untracked 
|  94|0x0000000085e00000, 0x0000000085e00000, 0x0000000085f00000|  0%| F|  |TAMS 0x0000000085e00000, 0x0000000085e00000| Untracked 
|  95|0x0000000085f00000, 0x0000000085f00000, 0x0000000086000000|  0%| F|  |TAMS 0x0000000085f00000, 0x0000000085f00000| Untracked 
|  96|0x0000000086000000, 0x0000000086100000, 0x0000000086100000|100%| O|  |TAMS 0x0000000086000000, 0x0000000086100000| Untracked 
|  97|0x0000000086100000, 0x0000000086200000, 0x0000000086200000|100%| O|  |TAMS 0x0000000086100000, 0x0000000086200000| Untracked 
|  98|0x0000000086200000, 0x0000000086300000, 0x0000000086300000|100%| O|  |TAMS 0x0000000086200000, 0x0000000086300000| Untracked 
|  99|0x0000000086300000, 0x0000000086400000, 0x0000000086400000|100%| O|  |TAMS 0x0000000086300000, 0x0000000086400000| Untracked 
| 100|0x0000000086400000, 0x0000000086500000, 0x0000000086500000|100%| O|  |TAMS 0x0000000086400000, 0x0000000086500000| Untracked 
| 101|0x0000000086500000, 0x0000000086600000, 0x0000000086600000|100%| O|  |TAMS 0x0000000086500000, 0x0000000086600000| Untracked 
| 102|0x0000000086600000, 0x0000000086700000, 0x0000000086700000|100%| O|  |TAMS 0x0000000086600000, 0x0000000086700000| Untracked 
| 103|0x0000000086700000, 0x00000000867ff600, 0x0000000086800000| 99%| O|  |TAMS 0x0000000086700000, 0x00000000867ff600| Untracked 
| 104|0x0000000086800000, 0x0000000086800000, 0x0000000086900000|  0%| F|  |TAMS 0x0000000086800000, 0x0000000086800000| Untracked 
| 105|0x0000000086900000, 0x0000000086900000, 0x0000000086a00000|  0%| F|  |TAMS 0x0000000086900000, 0x0000000086900000| Untracked 
| 106|0x0000000086a00000, 0x0000000086a00000, 0x0000000086b00000|  0%| F|  |TAMS 0x0000000086a00000, 0x0000000086a00000| Untracked 
| 107|0x0000000086b00000, 0x0000000086b00000, 0x0000000086c00000|  0%| F|  |TAMS 0x0000000086b00000, 0x0000000086b00000| Untracked 
| 108|0x0000000086c00000, 0x0000000086c00000, 0x0000000086d00000|  0%| F|  |TAMS 0x0000000086c00000, 0x0000000086c00000| Untracked 
| 109|0x0000000086d00000, 0x0000000086d00000, 0x0000000086e00000|  0%| F|  |TAMS 0x0000000086d00000, 0x0000000086d00000| Untracked 
| 110|0x0000000086e00000, 0x0000000086e00000, 0x0000000086f00000|  0%| F|  |TAMS 0x0000000086e00000, 0x0000000086e00000| Untracked 
| 111|0x0000000086f00000, 0x0000000086f00000, 0x0000000087000000|  0%| F|  |TAMS 0x0000000086f00000, 0x0000000086f00000| Untracked 
| 112|0x0000000087000000, 0x0000000087000000, 0x0000000087100000|  0%| F|  |TAMS 0x0000000087000000, 0x0000000087000000| Untracked 
| 113|0x0000000087100000, 0x0000000087100000, 0x0000000087200000|  0%| F|  |TAMS 0x0000000087100000, 0x0000000087100000| Untracked 
| 114|0x0000000087200000, 0x0000000087200000, 0x0000000087300000|  0%| F|  |TAMS 0x0000000087200000, 0x0000000087200000| Untracked 
| 115|0x0000000087300000, 0x0000000087300000, 0x0000000087400000|  0%| F|  |TAMS 0x0000000087300000, 0x0000000087300000| Untracked 
| 116|0x0000000087400000, 0x0000000087400000, 0x0000000087500000|  0%| F|  |TAMS 0x0000000087400000, 0x0000000087400000| Untracked 
| 117|0x0000000087500000, 0x0000000087500000, 0x0000000087600000|  0%| F|  |TAMS 0x0000000087500000, 0x0000000087500000| Untracked 
| 118|0x0000000087600000, 0x0000000087600000, 0x0000000087700000|  0%| F|  |TAMS 0x0000000087600000, 0x0000000087600000| Untracked 
| 119|0x0000000087700000, 0x0000000087700000, 0x0000000087800000|  0%| F|  |TAMS 0x0000000087700000, 0x0000000087700000| Untracked 
| 120|0x0000000087800000, 0x0000000087800000, 0x0000000087900000|  0%| F|  |TAMS 0x0000000087800000, 0x0000000087800000| Untracked 
| 121|0x0000000087900000, 0x0000000087900000, 0x0000000087a00000|  0%| F|  |TAMS 0x0000000087900000, 0x0000000087900000| Untracked 
| 122|0x0000000087a00000, 0x0000000087a00000, 0x0000000087b00000|  0%| F|  |TAMS 0x0000000087a00000, 0x0000000087a00000| Untracked 
| 123|0x0000000087b00000, 0x0000000087b00000, 0x0000000087c00000|  0%| F|  |TAMS 0x0000000087b00000, 0x0000000087b00000| Untracked 
| 124|0x0000000087c00000, 0x0000000087c00000, 0x0000000087d00000|  0%| F|  |TAMS 0x0000000087c00000, 0x0000000087c00000| Untracked 
| 125|0x0000000087d00000, 0x0000000087d00000, 0x0000000087e00000|  0%| F|  |TAMS 0x0000000087d00000, 0x0000000087d00000| Untracked 
| 126|0x0000000087e00000, 0x0000000087e00000, 0x0000000087f00000|  0%| F|  |TAMS 0x0000000087e00000, 0x0000000087e00000| Untracked 
| 127|0x0000000087f00000, 0x0000000087f00000, 0x0000000088000000|  0%| F|  |TAMS 0x0000000087f00000, 0x0000000087f00000| Untracked 
| 128|0x0000000088000000, 0x000000008802a018, 0x0000000088100000| 16%| S|CS|TAMS 0x0000000088000000, 0x0000000088000000| Complete 
| 129|0x0000000088100000, 0x0000000088200000, 0x0000000088200000|100%| S|CS|TAMS 0x0000000088100000, 0x0000000088100000| Complete 
| 130|0x0000000088200000, 0x0000000088300000, 0x0000000088300000|100%| S|CS|TAMS 0x0000000088200000, 0x0000000088200000| Complete 
| 131|0x0000000088300000, 0x0000000088400000, 0x0000000088400000|100%| S|CS|TAMS 0x0000000088300000, 0x0000000088300000| Complete 
| 132|0x0000000088400000, 0x0000000088500000, 0x0000000088500000|100%| S|CS|TAMS 0x0000000088400000, 0x0000000088400000| Complete 
| 133|0x0000000088500000, 0x0000000088500000, 0x0000000088600000|  0%| F|  |TAMS 0x0000000088500000, 0x0000000088500000| Untracked 
| 134|0x0000000088600000, 0x0000000088600000, 0x0000000088700000|  0%| F|  |TAMS 0x0000000088600000, 0x0000000088600000| Untracked 
| 135|0x0000000088700000, 0x0000000088700000, 0x0000000088800000|  0%| F|  |TAMS 0x0000000088700000, 0x0000000088700000| Untracked 
| 136|0x0000000088800000, 0x0000000088800000, 0x0000000088900000|  0%| F|  |TAMS 0x0000000088800000, 0x0000000088800000| Untracked 
| 137|0x0000000088900000, 0x0000000088900000, 0x0000000088a00000|  0%| F|  |TAMS 0x0000000088900000, 0x0000000088900000| Untracked 
| 138|0x0000000088a00000, 0x0000000088a00000, 0x0000000088b00000|  0%| F|  |TAMS 0x0000000088a00000, 0x0000000088a00000| Untracked 
| 139|0x0000000088b00000, 0x0000000088b00000, 0x0000000088c00000|  0%| F|  |TAMS 0x0000000088b00000, 0x0000000088b00000| Untracked 
| 140|0x0000000088c00000, 0x0000000088c00000, 0x0000000088d00000|  0%| F|  |TAMS 0x0000000088c00000, 0x0000000088c00000| Untracked 
| 141|0x0000000088d00000, 0x0000000088d00000, 0x0000000088e00000|  0%| F|  |TAMS 0x0000000088d00000, 0x0000000088d00000| Untracked 
| 142|0x0000000088e00000, 0x0000000088e00000, 0x0000000088f00000|  0%| F|  |TAMS 0x0000000088e00000, 0x0000000088e00000| Untracked 
| 143|0x0000000088f00000, 0x0000000088f00000, 0x0000000089000000|  0%| F|  |TAMS 0x0000000088f00000, 0x0000000088f00000| Untracked 
| 144|0x0000000089000000, 0x0000000089000000, 0x0000000089100000|  0%| F|  |TAMS 0x0000000089000000, 0x0000000089000000| Untracked 
| 145|0x0000000089100000, 0x0000000089100000, 0x0000000089200000|  0%| F|  |TAMS 0x0000000089100000, 0x0000000089100000| Untracked 
| 146|0x0000000089200000, 0x0000000089200000, 0x0000000089300000|  0%| F|  |TAMS 0x0000000089200000, 0x0000000089200000| Untracked 
| 147|0x0000000089300000, 0x0000000089300000, 0x0000000089400000|  0%| F|  |TAMS 0x0000000089300000, 0x0000000089300000| Untracked 
| 148|0x0000000089400000, 0x0000000089400000, 0x0000000089500000|  0%| F|  |TAMS 0x0000000089400000, 0x0000000089400000| Untracked 
| 149|0x0000000089500000, 0x0000000089500000, 0x0000000089600000|  0%| F|  |TAMS 0x0000000089500000, 0x0000000089500000| Untracked 
| 150|0x0000000089600000, 0x0000000089600000, 0x0000000089700000|  0%| F|  |TAMS 0x0000000089600000, 0x0000000089600000| Untracked 
| 151|0x0000000089700000, 0x0000000089700000, 0x0000000089800000|  0%| F|  |TAMS 0x0000000089700000, 0x0000000089700000| Untracked 
| 152|0x0000000089800000, 0x0000000089800000, 0x0000000089900000|  0%| F|  |TAMS 0x0000000089800000, 0x0000000089800000| Untracked 
| 153|0x0000000089900000, 0x0000000089900000, 0x0000000089a00000|  0%| F|  |TAMS 0x0000000089900000, 0x0000000089900000| Untracked 
| 154|0x0000000089a00000, 0x0000000089a00000, 0x0000000089b00000|  0%| F|  |TAMS 0x0000000089a00000, 0x0000000089a00000| Untracked 
| 155|0x0000000089b00000, 0x0000000089b00000, 0x0000000089c00000|  0%| F|  |TAMS 0x0000000089b00000, 0x0000000089b00000| Untracked 
| 156|0x0000000089c00000, 0x0000000089c00000, 0x0000000089d00000|  0%| F|  |TAMS 0x0000000089c00000, 0x0000000089c00000| Untracked 
| 157|0x0000000089d00000, 0x0000000089d00000, 0x0000000089e00000|  0%| F|  |TAMS 0x0000000089d00000, 0x0000000089d00000| Untracked 
| 158|0x0000000089e00000, 0x0000000089e00000, 0x0000000089f00000|  0%| F|  |TAMS 0x0000000089e00000, 0x0000000089e00000| Untracked 
| 159|0x0000000089f00000, 0x0000000089f00000, 0x000000008a000000|  0%| F|  |TAMS 0x0000000089f00000, 0x0000000089f00000| Untracked 
| 160|0x000000008a000000, 0x000000008a000000, 0x000000008a100000|  0%| F|  |TAMS 0x000000008a000000, 0x000000008a000000| Untracked 
| 161|0x000000008a100000, 0x000000008a100000, 0x000000008a200000|  0%| F|  |TAMS 0x000000008a100000, 0x000000008a100000| Untracked 
| 162|0x000000008a200000, 0x000000008a200000, 0x000000008a300000|  0%| F|  |TAMS 0x000000008a200000, 0x000000008a200000| Untracked 
| 163|0x000000008a300000, 0x000000008a300000, 0x000000008a400000|  0%| F|  |TAMS 0x000000008a300000, 0x000000008a300000| Untracked 
| 164|0x000000008a400000, 0x000000008a400000, 0x000000008a500000|  0%| F|  |TAMS 0x000000008a400000, 0x000000008a400000| Untracked 
| 165|0x000000008a500000, 0x000000008a500000, 0x000000008a600000|  0%| F|  |TAMS 0x000000008a500000, 0x000000008a500000| Untracked 
| 166|0x000000008a600000, 0x000000008a600000, 0x000000008a700000|  0%| F|  |TAMS 0x000000008a600000, 0x000000008a600000| Untracked 
| 167|0x000000008a700000, 0x000000008a700000, 0x000000008a800000|  0%| F|  |TAMS 0x000000008a700000, 0x000000008a700000| Untracked 

Card table byte_map: [0x000001df228d0000,0x000001df22cd0000] _byte_map_base: 0x000001df224d0000

Marking Bits (Prev, Next): (CMBitMap*) 0x000001df0f3edf58, (CMBitMap*) 0x000001df0f3edf90
 Prev Bits: [0x000001df230d0000, 0x000001df250d0000)
 Next Bits: [0x000001df250d0000, 0x000001df270d0000)

Polling page: 0x000001df0db70000

Metaspace:

Usage:
  Non-class:     76.45 MB capacity,    75.18 MB ( 98%) used,     1.04 MB (  1%) free+waste,   245.13 KB ( <1%) overhead. 
      Class:     11.81 MB capacity,    11.04 MB ( 93%) used,   677.25 KB (  6%) free+waste,   110.88 KB ( <1%) overhead. 
       Both:     88.27 MB capacity,    86.22 MB ( 98%) used,     1.70 MB (  2%) free+waste,   356.00 KB ( <1%) overhead. 

Virtual space:
  Non-class space:       78.00 MB reserved,      76.68 MB ( 98%) committed 
      Class space:        1.00 GB reserved,      11.95 MB (  1%) committed 
             Both:        1.08 GB reserved,      88.63 MB (  8%) committed 

Chunk freelists:
   Non-Class:  35.00 KB
       Class:  33.00 KB
        Both:  68.00 KB

MaxMetaspaceSize: 17179869184.00 GB
CompressedClassSpaceSize: 1.00 GB

CodeHeap 'non-profiled nmethods': size=120064Kb used=3956Kb max_used=3956Kb free=116107Kb
 bounds [0x000001df1a970000, 0x000001df1ad50000, 0x000001df21eb0000]
CodeHeap 'profiled nmethods': size=120000Kb used=19859Kb max_used=19859Kb free=100140Kb
 bounds [0x000001df13440000, 0x000001df147b0000, 0x000001df1a970000]
CodeHeap 'non-nmethods': size=5696Kb used=2290Kb max_used=2328Kb free=3405Kb
 bounds [0x000001df12eb0000, 0x000001df13120000, 0x000001df13440000]
 total_blobs=10859 nmethods=9964 adapters=806
 compilation: enabled
              stopped_count=0, restarted_count=0
 full_count=0

Compilation events (20 events):
Event: 23.125 Thread 0x000001df29742800 10143       2       org.gradle.internal.snapshot.AbstractIncompleteFileSystemNode::access$000 (6 bytes)
Event: 23.126 Thread 0x000001df29742800 nmethod 10143 0x000001df147a0a90 code [0x000001df147a0c80, 0x000001df147a0df8]
Event: 23.127 Thread 0x000001df29742800 10144       2       java.nio.channels.spi.AbstractInterruptibleChannel::<init> (16 bytes)
Event: 23.127 Thread 0x000001df29742800 nmethod 10144 0x000001df147a0f10 code [0x000001df147a10c0, 0x000001df147a1258]
Event: 23.129 Thread 0x000001df29742800 10145       2       sun.nio.ch.FileChannelImpl::<init> (144 bytes)
Event: 23.130 Thread 0x000001df29742800 nmethod 10145 0x000001df147a1310 code [0x000001df147a1520, 0x000001df147a1df8]
Event: 23.132 Thread 0x000001df29742800 10146       2       org.gradle.internal.resources.AbstractResourceLockRegistry::associateResourceLock (34 bytes)
Event: 23.133 Thread 0x000001df29742800 nmethod 10146 0x000001df147a2090 code [0x000001df147a2260, 0x000001df147a2488]
Event: 23.133 Thread 0x000001df29742800 10148       2       org.gradle.internal.execution.steps.CaptureStateBeforeExecutionStep$ImplementationsBuilder::visitImplementation (25 bytes)
Event: 23.134 Thread 0x000001df29742800 nmethod 10148 0x000001df147a2610 code [0x000001df147a2800, 0x000001df147a2b58]
Event: 23.136 Thread 0x000001df29742800 10150       2       org.gradle.internal.resources.AbstractResourceLockRegistry$3::execute (9 bytes)
Event: 23.136 Thread 0x000001df29742800 nmethod 10150 0x000001df147a2d10 code [0x000001df147a2ec0, 0x000001df147a3028]
Event: 23.136 Thread 0x000001df29742800 10152       2       java.nio.file.FileTreeWalker::<init> (144 bytes)
Event: 23.137 Thread 0x000001df29742800 nmethod 10152 0x000001df147a3110 code [0x000001df147a3340, 0x000001df147a3b68]
Event: 23.137 Thread 0x000001df29742800 10153       2       java.nio.file.FileTreeWalker::walk (45 bytes)
Event: 23.138 Thread 0x000001df29742800 nmethod 10153 0x000001df147a3e90 code [0x000001df147a4060, 0x000001df147a4258]
Event: 23.138 Thread 0x000001df29742800 10154       2       org.gradle.internal.resources.AbstractResourceLockRegistry::unassociateResourceLock (51 bytes)
Event: 23.138 Thread 0x000001df29742800 nmethod 10154 0x000001df147a4390 code [0x000001df147a4580, 0x000001df147a4818]
Event: 23.138 Thread 0x000001df29742800 10151       2       org.gradle.internal.resources.AbstractResourceLockRegistry$3::execute (9 bytes)
Event: 23.139 Thread 0x000001df29742800 nmethod 10151 0x000001df147a4a10 code [0x000001df147a4bc0, 0x000001df147a4ce8]

GC Heap History (20 events):
Event: 11.698 GC heap after
{Heap after GC invocations=18 (full 0):
 garbage-first heap   total 114688K, used 45291K [0x0000000080000000, 0x0000000100000000)
  region size 1024K, 8 young (8192K), 8 survivors (8192K)
 Metaspace       used 53131K, capacity 54479K, committed 54732K, reserved 1097728K
  class space    used 6779K, capacity 7311K, committed 7372K, reserved 1048576K
}
Event: 13.004 GC heap before
{Heap before GC invocations=18 (full 0):
 garbage-first heap   total 114688K, used 90347K [0x0000000080000000, 0x0000000100000000)
  region size 1024K, 52 young (53248K), 8 survivors (8192K)
 Metaspace       used 60014K, capacity 61524K, committed 61772K, reserved 1103872K
  class space    used 7605K, capacity 8184K, committed 8268K, reserved 1048576K
}
Event: 13.022 GC heap after
{Heap after GC invocations=19 (full 0):
 garbage-first heap   total 114688K, used 48359K [0x0000000080000000, 0x0000000100000000)
  region size 1024K, 3 young (3072K), 3 survivors (3072K)
 Metaspace       used 60014K, capacity 61524K, committed 61772K, reserved 1103872K
  class space    used 7605K, capacity 8184K, committed 8268K, reserved 1048576K
}
Event: 14.256 GC heap before
{Heap before GC invocations=19 (full 0):
 garbage-first heap   total 114688K, used 90343K [0x0000000080000000, 0x0000000100000000)
  region size 1024K, 46 young (47104K), 3 survivors (3072K)
 Metaspace       used 64309K, capacity 65823K, committed 66048K, reserved 1105920K
  class space    used 8088K, capacity 8651K, committed 8780K, reserved 1048576K
}
Event: 14.276 GC heap after
{Heap after GC invocations=20 (full 0):
 garbage-first heap   total 143360K, used 51844K [0x0000000080000000, 0x0000000100000000)
  region size 1024K, 6 young (6144K), 6 survivors (6144K)
 Metaspace       used 64309K, capacity 65823K, committed 66048K, reserved 1105920K
  class space    used 8088K, capacity 8651K, committed 8780K, reserved 1048576K
}
Event: 15.695 GC heap before
{Heap before GC invocations=21 (full 0):
 garbage-first heap   total 143360K, used 108164K [0x0000000080000000, 0x0000000100000000)
  region size 1024K, 60 young (61440K), 6 survivors (6144K)
 Metaspace       used 66427K, capacity 67968K, committed 68096K, reserved 1107968K
  class space    used 8390K, capacity 8976K, committed 9036K, reserved 1048576K
}
Event: 15.722 GC heap after
{Heap after GC invocations=22 (full 0):
 garbage-first heap   total 143360K, used 55896K [0x0000000080000000, 0x0000000100000000)
  region size 1024K, 8 young (8192K), 8 survivors (8192K)
 Metaspace       used 66427K, capacity 67968K, committed 68096K, reserved 1107968K
  class space    used 8390K, capacity 8976K, committed 9036K, reserved 1048576K
}
Event: 17.130 GC heap before
{Heap before GC invocations=23 (full 0):
 garbage-first heap   total 143360K, used 110168K [0x0000000080000000, 0x0000000100000000)
  region size 1024K, 61 young (62464K), 8 survivors (8192K)
 Metaspace       used 72350K, capacity 73998K, committed 74240K, reserved 1114112K
  class space    used 9355K, capacity 9971K, committed 10060K, reserved 1048576K
}
Event: 17.153 GC heap after
{Heap after GC invocations=24 (full 0):
 garbage-first heap   total 143360K, used 59313K [0x0000000080000000, 0x0000000100000000)
  region size 1024K, 8 young (8192K), 8 survivors (8192K)
 Metaspace       used 72350K, capacity 73998K, committed 74240K, reserved 1114112K
  class space    used 9355K, capacity 9971K, committed 10060K, reserved 1048576K
}
Event: 18.288 GC heap before
{Heap before GC invocations=24 (full 0):
 garbage-first heap   total 143360K, used 112561K [0x0000000080000000, 0x0000000100000000)
  region size 1024K, 60 young (61440K), 8 survivors (8192K)
 Metaspace       used 78121K, capacity 79857K, committed 79872K, reserved 1118208K
  class space    used 10152K, capacity 10814K, committed 10828K, reserved 1048576K
}
Event: 18.312 GC heap after
{Heap after GC invocations=25 (full 0):
 garbage-first heap   total 143360K, used 63118K [0x0000000080000000, 0x0000000100000000)
  region size 1024K, 7 young (7168K), 7 survivors (7168K)
 Metaspace       used 78121K, capacity 79857K, committed 79872K, reserved 1118208K
  class space    used 10152K, capacity 10814K, committed 10828K, reserved 1048576K
}
Event: 19.631 GC heap before
{Heap before GC invocations=25 (full 0):
 garbage-first heap   total 143360K, used 114318K [0x0000000080000000, 0x0000000100000000)
  region size 1024K, 58 young (59392K), 7 survivors (7168K)
 Metaspace       used 82763K, capacity 84819K, committed 84992K, reserved 1122304K
  class space    used 10743K, capacity 11502K, committed 11596K, reserved 1048576K
}
Event: 19.658 GC heap after
{Heap after GC invocations=26 (full 0):
 garbage-first heap   total 172032K, used 67947K [0x0000000080000000, 0x0000000100000000)
  region size 1024K, 8 young (8192K), 8 survivors (8192K)
 Metaspace       used 82763K, capacity 84819K, committed 84992K, reserved 1122304K
  class space    used 10743K, capacity 11502K, committed 11596K, reserved 1048576K
}
Event: 21.005 GC heap before
{Heap before GC invocations=26 (full 0):
 garbage-first heap   total 172032K, used 130411K [0x0000000080000000, 0x0000000100000000)
  region size 1024K, 68 young (69632K), 8 survivors (8192K)
 Metaspace       used 84274K, capacity 86381K, committed 86656K, reserved 1124352K
  class space    used 10902K, capacity 11695K, committed 11724K, reserved 1048576K
}
Event: 21.044 GC heap after
{Heap after GC invocations=27 (full 0):
 garbage-first heap   total 172032K, used 80566K [0x0000000080000000, 0x0000000100000000)
  region size 1024K, 9 young (9216K), 9 survivors (9216K)
 Metaspace       used 84274K, capacity 86381K, committed 86656K, reserved 1124352K
  class space    used 10902K, capacity 11695K, committed 11724K, reserved 1048576K
}
Event: 21.622 GC heap before
{Heap before GC invocations=27 (full 0):
 garbage-first heap   total 172032K, used 111286K [0x0000000080000000, 0x0000000100000000)
  region size 1024K, 38 young (38912K), 9 survivors (9216K)
 Metaspace       used 84789K, capacity 86863K, committed 87040K, reserved 1124352K
  class space    used 10954K, capacity 11728K, committed 11852K, reserved 1048576K
}
Event: 21.663 GC heap after
{Heap after GC invocations=28 (full 0):
 garbage-first heap   total 172032K, used 93092K [0x0000000080000000, 0x0000000100000000)
  region size 1024K, 8 young (8192K), 8 survivors (8192K)
 Metaspace       used 84789K, capacity 86863K, committed 87040K, reserved 1124352K
  class space    used 10954K, capacity 11728K, committed 11852K, reserved 1048576K
}
Event: 22.538 GC heap before
{Heap before GC invocations=29 (full 0):
 garbage-first heap   total 172032K, used 139172K [0x0000000080000000, 0x0000000100000000)
  region size 1024K, 42 young (43008K), 8 survivors (8192K)
 Metaspace       used 87917K, capacity 90026K, committed 90240K, reserved 1128448K
  class space    used 11286K, capacity 12082K, committed 12236K, reserved 1048576K
}
Event: 22.569 GC heap after
{Heap after GC invocations=30 (full 0):
 garbage-first heap   total 172032K, used 95040K [0x0000000080000000, 0x0000000100000000)
  region size 1024K, 3 young (3072K), 3 survivors (3072K)
 Metaspace       used 87917K, capacity 90026K, committed 90240K, reserved 1128448K
  class space    used 11286K, capacity 12082K, committed 12236K, reserved 1048576K
}
Event: 23.145 GC heap before
{Heap before GC invocations=30 (full 0):
 garbage-first heap   total 172032K, used 129856K [0x0000000080000000, 0x0000000100000000)
  region size 1024K, 38 young (38912K), 3 survivors (3072K)
 Metaspace       used 88287K, capacity 90384K, committed 90752K, reserved 1128448K
  class space    used 11306K, capacity 12095K, committed 12236K, reserved 1048576K
}

Deoptimization events (20 events):
Event: 22.733 Thread 0x000001df2ccf3800 DEOPT PACKING pc=0x000001df1ad3ae38 sp=0x0000001afb3fe230
Event: 22.733 Thread 0x000001df2ccf3800 DEOPT UNPACKING pc=0x000001df12ed65af sp=0x0000001afb3fe1b0 mode 2
Event: 22.733 Thread 0x000001df2bafa000 Uncommon trap: trap_request=0xffffffbe fr.pc=0x000001df1ad3ae38 relative=0x0000000000000558
Event: 22.733 Thread 0x000001df2bafa000 Uncommon trap: reason=profile_predicate action=maybe_recompile pc=0x000001df1ad3ae38 method=com.esotericsoftware.kryo.io.Output.writeString(Ljava/lang/CharSequence;)V @ 67 c2
Event: 22.733 Thread 0x000001df2bafa000 DEOPT PACKING pc=0x000001df1ad3ae38 sp=0x0000001afacfe7c0
Event: 22.733 Thread 0x000001df2bafa000 DEOPT UNPACKING pc=0x000001df12ed65af sp=0x0000001afacfe740 mode 2
Event: 22.738 Thread 0x000001df2bafa000 Uncommon trap: trap_request=0xffffffbe fr.pc=0x000001df1ad3ae38 relative=0x0000000000000558
Event: 22.738 Thread 0x000001df2bafa000 Uncommon trap: reason=profile_predicate action=maybe_recompile pc=0x000001df1ad3ae38 method=com.esotericsoftware.kryo.io.Output.writeString(Ljava/lang/CharSequence;)V @ 67 c2
Event: 22.738 Thread 0x000001df2bafa000 DEOPT PACKING pc=0x000001df1ad3ae38 sp=0x0000001afacfe7c0
Event: 22.739 Thread 0x000001df2bafa000 DEOPT UNPACKING pc=0x000001df12ed65af sp=0x0000001afacfe740 mode 2
Event: 22.786 Thread 0x000001df30f9c800 DEOPT PACKING pc=0x000001df142ab844 sp=0x0000001afe7f98c0
Event: 22.786 Thread 0x000001df30f9c800 DEOPT UNPACKING pc=0x000001df12ed6d5e sp=0x0000001afe7f8e60 mode 0
Event: 22.849 Thread 0x000001df30f9c800 DEOPT PACKING pc=0x000001df143437ba sp=0x0000001afe7fdbe0
Event: 22.849 Thread 0x000001df30f9c800 DEOPT UNPACKING pc=0x000001df12ed6d5e sp=0x0000001afe7fd128 mode 0
Event: 22.892 Thread 0x000001df30f9c800 DEOPT PACKING pc=0x000001df134d4f21 sp=0x0000001afe7f7fe0
Event: 22.892 Thread 0x000001df30f9c800 DEOPT UNPACKING pc=0x000001df12ed6d5e sp=0x0000001afe7f74d8 mode 0
Event: 23.026 Thread 0x000001df2ef77800 DEOPT PACKING pc=0x000001df142ab844 sp=0x0000001afe0fd3d0
Event: 23.026 Thread 0x000001df2ef77800 DEOPT UNPACKING pc=0x000001df12ed6d5e sp=0x0000001afe0fc970 mode 0
Event: 23.111 Thread 0x000001df2c602800 DEOPT PACKING pc=0x000001df142ab844 sp=0x0000001afcafdc40
Event: 23.111 Thread 0x000001df2c602800 DEOPT UNPACKING pc=0x000001df12ed6d5e sp=0x0000001afcafd1e0 mode 0

Classes redefined (0 events):
No events

Internal exceptions (20 events):
Event: 19.101 Thread 0x000001df2bafb800 Exception <a 'java/lang/NoSuchMethodError'{0x00000000868aff50}: <clinit>> (0x00000000868aff50) thrown at [./src/hotspot/share/prims/jni.cpp, line 1362]
Event: 19.101 Thread 0x000001df2bebc000 Exception <a 'java/lang/NoSuchMethodError'{0x000000008680ef48}: 'java.lang.Object java.lang.invoke.DirectMethodHandle$Holder.invokeInterface(java.lang.Object, java.lang.Object, int)'> (0x000000008680ef48) thrown at [./src/hotspot/share/interpreter/linkResolver.cpp, line 773]
Event: 19.104 Thread 0x000001df2bebc000 Exception <a 'java/lang/NoSuchMethodError'{0x00000000868243a0}: 'void java.lang.invoke.DirectMethodHandle$Holder.invokeStatic(java.lang.Object, java.lang.Object, java.lang.Object, int)'> (0x00000000868243a0) thrown at [./src/hotspot/share/interpreter/linkResolver.cpp, line 773]
Event: 19.196 Thread 0x000001df30f9c800 Exception <a 'java/lang/IncompatibleClassChangeError'{0x00000000867ebb00}: Found class java.lang.Object, but interface was expected> (0x00000000867ebb00) thrown at [./src/hotspot/share/interpreter/linkResolver.cpp, line 839]
Event: 19.208 Thread 0x000001df30f9c800 Exception <a 'java/lang/IncompatibleClassChangeError'{0x000000008662a800}: Found class java.lang.Object, but interface was expected> (0x000000008662a800) thrown at [./src/hotspot/share/interpreter/linkResolver.cpp, line 839]
Event: 19.268 Thread 0x000001df30f9c800 Exception <a 'java/lang/NoSuchMethodError'{0x0000000086466460}: 'int java.lang.invoke.DirectMethodHandle$Holder.invokeStaticInit(java.lang.Object, java.lang.Object, java.lang.Object, java.lang.Object, java.lang.Object)'> (0x0000000086466460) thrown at [./src/hotspot/share/interpreter/linkResolver.cpp, line 773]
Event: 19.559 Thread 0x000001df30f9c800 Exception <a 'java/lang/NoSuchMethodError'{0x0000000085e7ab80}: 'void java.lang.invoke.DirectMethodHandle$Holder.invokeStatic(java.lang.Object, java.lang.Object, java.lang.Object, java.lang.Object, int, java.lang.Object, java.lang.Object)'> (0x0000000085e7ab80) thrown at [./src/hotspot/share/interpreter/linkResolver.cpp, line 773]
Event: 19.605 Thread 0x000001df2ccf5000 Exception <a 'java/lang/NoSuchMethodError'{0x0000000085af0068}: 'java.lang.Object java.lang.invoke.DirectMethodHandle$Holder.invokeSpecialIFC(java.lang.Object, java.lang.Object, java.lang.Object)'> (0x0000000085af0068) thrown at [./src/hotspot/share/interpreter/linkResolver.cpp, line 773]
Event: 19.605 Thread 0x000001df2ccf8800 Exception <a 'java/lang/NoSuchMethodError'{0x0000000085939ab8}: 'java.lang.Object java.lang.invoke.DirectMethodHandle$Holder.invokeSpecialIFC(java.lang.Object, java.lang.Object, java.lang.Object)'> (0x0000000085939ab8) thrown at [./src/hotspot/share/interpreter/linkResolver.cpp, line 773]
Event: 19.605 Thread 0x000001df30f9c800 Exception <a 'java/lang/NoSuchMethodError'{0x0000000085916628}: 'java.lang.Object java.lang.invoke.DirectMethodHandle$Holder.invokeSpecialIFC(java.lang.Object, java.lang.Object, java.lang.Object)'> (0x0000000085916628) thrown at [./src/hotspot/share/interpreter/linkResolver.cpp, line 773]
Event: 20.487 Thread 0x000001df30f9c800 Exception <a 'java/lang/NoSuchMethodError'{0x0000000087a4acf8}: 'void java.lang.invoke.DirectMethodHandle$Holder.invokeVirtual(java.lang.Object, java.lang.Object)'> (0x0000000087a4acf8) thrown at [./src/hotspot/share/interpreter/linkResolver.cpp, line 773]
Event: 21.806 Thread 0x000001df30f9c800 Exception <a 'java/lang/NoSuchMethodError'{0x000000008a59a5b8}: <clinit>> (0x000000008a59a5b8) thrown at [./src/hotspot/share/prims/jni.cpp, line 1362]
Event: 21.814 Thread 0x000001df30f9c800 Exception <a 'java/lang/NoSuchMethodError'{0x000000008a5c35c8}: <clinit>> (0x000000008a5c35c8) thrown at [./src/hotspot/share/prims/jni.cpp, line 1362]
Event: 21.986 Thread 0x000001df30f9f000 Exception <a 'java/lang/NoSuchMethodError'{0x0000000089d98650}: 'void java.lang.invoke.DirectMethodHandle$Holder.invokeStatic(java.lang.Object, java.lang.Object, java.lang.Object, java.lang.Object, java.lang.Object, java.lang.Object, java.lang.Object)'> (0x0000000089d98650) thrown at [./src/hotspot/share/interpreter/linkResolver.cpp, line 773]
Event: 22.832 Thread 0x000001df30f9c800 Exception <a 'java/lang/NoSuchMethodError'{0x0000000089a28630}: 'int java.lang.invoke.DirectMethodHandle$Holder.invokeSpecial(java.lang.Object, java.lang.Object, java.lang.Object, java.lang.Object, java.lang.Object)'> (0x0000000089a28630) thrown at [./src/hotspot/share/interpreter/linkResolver.cpp, line 773]
Event: 22.878 Thread 0x000001df30f9c800 Exception <a 'java/lang/NoSuchMethodError'{0x00000000899cf878}: <clinit>> (0x00000000899cf878) thrown at [./src/hotspot/share/prims/jni.cpp, line 1362]
Event: 22.878 Thread 0x000001df30f9c800 Exception <a 'java/lang/NoSuchMethodError'{0x00000000899d0e68}: <clinit>> (0x00000000899d0e68) thrown at [./src/hotspot/share/prims/jni.cpp, line 1362]
Event: 22.878 Thread 0x000001df30f9c800 Exception <a 'java/lang/NoSuchMethodError'{0x00000000899d3008}: <clinit>> (0x00000000899d3008) thrown at [./src/hotspot/share/prims/jni.cpp, line 1362]
Event: 22.879 Thread 0x000001df30f9c800 Exception <a 'java/lang/NoSuchMethodError'{0x00000000899ead70}: <clinit>> (0x00000000899ead70) thrown at [./src/hotspot/share/prims/jni.cpp, line 1362]
Event: 22.880 Thread 0x000001df30f9c800 Exception <a 'java/lang/NoSuchMethodError'{0x00000000899ec250}: <clinit>> (0x00000000899ec250) thrown at [./src/hotspot/share/prims/jni.cpp, line 1362]

Events (20 events):
Event: 22.896 loading class org/gradle/api/internal/artifacts/ivyservice/clientmodule/ClientModuleResolver$ClientModuleComponentResolveMetadata
Event: 22.896 loading class org/gradle/api/internal/artifacts/ivyservice/clientmodule/ClientModuleResolver$ClientModuleComponentResolveMetadata done
Event: 22.898 loading class org/gradle/api/internal/artifacts/ivyservice/clientmodule/ClientModuleResolver$ClientModuleConfigurationMetadata
Event: 22.898 loading class org/gradle/api/internal/artifacts/ivyservice/clientmodule/ClientModuleResolver$ClientModuleConfigurationMetadata done
Event: 22.899 Executing VM operation: Deoptimize
Event: 22.901 Executing VM operation: Deoptimize done
Event: 23.018 Executing VM operation: RevokeBias
Event: 23.019 Executing VM operation: RevokeBias done
Event: 23.025 Executing VM operation: RevokeBias
Event: 23.026 Executing VM operation: RevokeBias done
Event: 23.059 Executing VM operation: RevokeBias
Event: 23.060 Executing VM operation: RevokeBias done
Event: 23.068 Executing VM operation: RevokeBias
Event: 23.069 Executing VM operation: RevokeBias done
Event: 23.118 Executing VM operation: RevokeBias
Event: 23.119 Executing VM operation: RevokeBias done
Event: 23.132 Loaded shared library C:\Program Files\Android\Android Studio\jre\bin\nio.dll
Event: 23.142 Executing VM operation: RevokeBias
Event: 23.142 Executing VM operation: RevokeBias done
Event: 23.145 Executing VM operation: G1CollectForAllocation


Dynamic libraries:
0x00007ff7abf50000 - 0x00007ff7abf5a000 	C:\Program Files\Android\Android Studio\jre\bin\java.exe
0x00007fffa0e90000 - 0x00007fffa1085000 	C:\Windows\SYSTEM32\ntdll.dll
0x00007fffa0050000 - 0x00007fffa010e000 	C:\Windows\System32\KERNEL32.DLL
0x00007fff9ec00000 - 0x00007fff9eec8000 	C:\Windows\System32\KERNELBASE.dll
0x00007fff9eb00000 - 0x00007fff9ec00000 	C:\Windows\System32\ucrtbase.dll
0x00007fff93ec0000 - 0x00007fff93ed9000 	C:\Program Files\Android\Android Studio\jre\bin\jli.dll
0x00007fff90c50000 - 0x00007fff90c67000 	C:\Program Files\Android\Android Studio\jre\bin\VCRUNTIME140.dll
0x00007fffa0c90000 - 0x00007fffa0e31000 	C:\Windows\System32\USER32.dll
0x00007fff9eaa0000 - 0x00007fff9eac2000 	C:\Windows\System32\win32u.dll
0x00007fffa0020000 - 0x00007fffa004b000 	C:\Windows\System32\GDI32.dll
0x00007fff9e690000 - 0x00007fff9e79d000 	C:\Windows\System32\gdi32full.dll
0x00007fff92d40000 - 0x00007fff92fda000 	C:\Windows\WinSxS\amd64_microsoft.windows.common-controls_6595b64144ccf1df_6.0.19041.1110_none_60b5254171f9507e\COMCTL32.dll
0x00007fff9e5a0000 - 0x00007fff9e63d000 	C:\Windows\System32\msvcp_win.dll
0x00007fff9fdb0000 - 0x00007fff9fe4e000 	C:\Windows\System32\msvcrt.dll
0x00007fffa0c60000 - 0x00007fffa0c90000 	C:\Windows\System32\IMM32.DLL
0x00007fff75d00000 - 0x00007fff75d9d000 	C:\Program Files\Android\Android Studio\jre\bin\msvcp140.dll
0x00007fff710a0000 - 0x00007fff71b75000 	C:\Program Files\Android\Android Studio\jre\bin\server\jvm.dll
0x00007fffa0ae0000 - 0x00007fffa0b8c000 	C:\Windows\System32\ADVAPI32.dll
0x00007fffa0110000 - 0x00007fffa01ab000 	C:\Windows\System32\sechost.dll
0x00007fff9f7e0000 - 0x00007fff9f90a000 	C:\Windows\System32\RPCRT4.dll
0x00007fffa0c50000 - 0x00007fffa0c58000 	C:\Windows\System32\PSAPI.DLL
0x00007fff91820000 - 0x00007fff91847000 	C:\Windows\SYSTEM32\WINMM.dll
0x00007fff95150000 - 0x00007fff9515a000 	C:\Windows\SYSTEM32\VERSION.dll
0x00007fff99c20000 - 0x00007fff99c29000 	C:\Windows\SYSTEM32\WSOCK32.dll
0x00007fffa0270000 - 0x00007fffa02db000 	C:\Windows\System32\WS2_32.dll
0x00007fff9c640000 - 0x00007fff9c652000 	C:\Windows\SYSTEM32\kernel.appcore.dll
0x00007fff93ee0000 - 0x00007fff93ef1000 	C:\Program Files\Android\Android Studio\jre\bin\verify.dll
0x00007fff8a970000 - 0x00007fff8ab54000 	C:\Windows\SYSTEM32\DBGHELP.DLL
0x00007fff8a8d0000 - 0x00007fff8a8fc000 	C:\Windows\SYSTEM32\dbgcore.DLL
0x00007fff9ea10000 - 0x00007fff9ea92000 	C:\Windows\System32\bcryptPrimitives.dll
0x00007fff8f520000 - 0x00007fff8f549000 	C:\Program Files\Android\Android Studio\jre\bin\java.dll
0x00007fff99b30000 - 0x00007fff99b3b000 	C:\Program Files\Android\Android Studio\jre\bin\jimage.dll
0x00007fff90a80000 - 0x00007fff90a98000 	C:\Program Files\Android\Android Studio\jre\bin\zip.dll
0x00007fff9ef30000 - 0x00007fff9f674000 	C:\Windows\System32\SHELL32.dll
0x00007fff9c840000 - 0x00007fff9cfd4000 	C:\Windows\SYSTEM32\windows.storage.dll
0x00007fffa0470000 - 0x00007fffa07c5000 	C:\Windows\System32\combase.dll
0x00007fff9df20000 - 0x00007fff9df4e000 	C:\Windows\SYSTEM32\Wldp.dll
0x00007fff9fe50000 - 0x00007fff9fefd000 	C:\Windows\System32\SHCORE.dll
0x00007fffa01b0000 - 0x00007fffa0205000 	C:\Windows\System32\shlwapi.dll
0x00007fff9e4e0000 - 0x00007fff9e4ff000 	C:\Windows\SYSTEM32\profapi.dll
0x00007fff8f500000 - 0x00007fff8f51a000 	C:\Program Files\Android\Android Studio\jre\bin\net.dll
0x00007fff96f80000 - 0x00007fff9708c000 	C:\Windows\SYSTEM32\WINHTTP.dll
0x00007fff9dc80000 - 0x00007fff9dcea000 	C:\Windows\system32\mswsock.dll
0x00007fff8da00000 - 0x00007fff8da14000 	C:\Program Files\Android\Android Studio\jre\bin\nio.dll
0x00007fff90c70000 - 0x00007fff90c97000 	C:\Users\Admin\.gradle\native\e1d6ef7f7dcc3fd88c89a11ec53ec762bb8ba0a96d01ffa2cd45eb1d1d8dd5c5\windows-amd64\native-platform.dll
0x00007fff75980000 - 0x00007fff75ac4000 	C:\Users\Admin\.gradle\native\5664cfc778a61ccfe75a443a1ab52a65af34e5dc3c78e0209fed803814484fcb\windows-amd64\native-platform-file-events.dll
0x00007fff99400000 - 0x00007fff9940a000 	C:\Program Files\Android\Android Studio\jre\bin\management.dll
0x00007fff99340000 - 0x00007fff9934d000 	C:\Program Files\Android\Android Studio\jre\bin\management_ext.dll
0x00007fff9de80000 - 0x00007fff9de98000 	C:\Windows\SYSTEM32\CRYPTSP.dll
0x00007fff9d7b0000 - 0x00007fff9d7e4000 	C:\Windows\system32\rsaenh.dll
0x00007fff9ead0000 - 0x00007fff9eaf7000 	C:\Windows\System32\bcrypt.dll
0x00007fff9e4a0000 - 0x00007fff9e4ce000 	C:\Windows\SYSTEM32\USERENV.dll
0x00007fff9de70000 - 0x00007fff9de7c000 	C:\Windows\SYSTEM32\CRYPTBASE.dll
0x00007fff9d970000 - 0x00007fff9d9ab000 	C:\Windows\SYSTEM32\IPHLPAPI.DLL
0x00007fffa0e40000 - 0x00007fffa0e48000 	C:\Windows\System32\NSI.dll
0x00007fff97e00000 - 0x00007fff97e17000 	C:\Windows\SYSTEM32\dhcpcsvc6.DLL
0x00007fff97d10000 - 0x00007fff97d2d000 	C:\Windows\SYSTEM32\dhcpcsvc.DLL
0x00007fff9d9b0000 - 0x00007fff9da7b000 	C:\Windows\SYSTEM32\DNSAPI.dll
0x00007fff9d440000 - 0x00007fff9d473000 	C:\Windows\SYSTEM32\ntmarta.dll

dbghelp: loaded successfully - version: 4.0.5 - missing functions: none
symbol engine: initialized successfully - sym options: 0x614 - pdb path: .;C:\Program Files\Android\Android Studio\jre\bin;C:\Windows\SYSTEM32;C:\Windows\WinSxS\amd64_microsoft.windows.common-controls_6595b64144ccf1df_6.0.19041.1110_none_60b5254171f9507e;C:\Program Files\Android\Android Studio\jre\bin\server;C:\Users\Admin\.gradle\native\e1d6ef7f7dcc3fd88c89a11ec53ec762bb8ba0a96d01ffa2cd45eb1d1d8dd5c5\windows-amd64;C:\Users\Admin\.gradle\native\5664cfc778a61ccfe75a443a1ab52a65af34e5dc3c78e0209fed803814484fcb\windows-amd64

VM Arguments:
jvm_args: --add-opens=java.base/java.util=ALL-UNNAMED --add-opens=java.base/java.lang=ALL-UNNAMED --add-opens=java.base/java.lang.invoke=ALL-UNNAMED --add-opens=java.base/java.util=ALL-UNNAMED --add-opens=java.prefs/java.util.prefs=ALL-UNNAMED --add-opens=java.prefs/java.util.prefs=ALL-UNNAMED --add-opens=java.base/java.nio.charset=ALL-UNNAMED --add-opens=java.base/java.net=ALL-UNNAMED --add-opens=java.base/java.util.concurrent.atomic=ALL-UNNAMED -Xmx2048m -Dfile.encoding=UTF-8 -Duser.country=US -Duser.language=en -Duser.variant 
java_command: org.gradle.launcher.daemon.bootstrap.GradleDaemon 7.2
java_class_path (initial): C:\Users\Admin\.gradle\wrapper\dists\gradle-7.2-bin\2dnblmf4td7x66yl1d74lt32g\gradle-7.2\lib\gradle-launcher-7.2.jar
Launcher Type: SUN_STANDARD

[Global flags]
     intx CICompilerCount                          = 3                                         {product} {ergonomic}
     uint ConcGCThreads                            = 1                                         {product} {ergonomic}
     uint G1ConcRefinementThreads                  = 4                                         {product} {ergonomic}
   size_t G1HeapRegionSize                         = 1048576                                   {product} {ergonomic}
    uintx GCDrainStackTargetSize                   = 64                                        {product} {ergonomic}
   size_t InitialHeapSize                          = 67108864                                  {product} {ergonomic}
   size_t MarkStackSize                            = 4194304                                   {product} {ergonomic}
   size_t MaxHeapSize                              = 2147483648                                {product} {command line}
   size_t MaxNewSize                               = 1287651328                                {product} {ergonomic}
   size_t MinHeapDeltaBytes                        = 1048576                                   {product} {ergonomic}
    uintx NonNMethodCodeHeapSize                   = 5830732                                {pd product} {ergonomic}
    uintx NonProfiledCodeHeapSize                  = 122913754                              {pd product} {ergonomic}
    uintx ProfiledCodeHeapSize                     = 122913754                              {pd product} {ergonomic}
    uintx ReservedCodeCacheSize                    = 251658240                              {pd product} {ergonomic}
     bool SegmentedCodeCache                       = true                                      {product} {ergonomic}
     bool UseCompressedClassPointers               = true                                 {lp64_product} {ergonomic}
     bool UseCompressedOops                        = true                                 {lp64_product} {ergonomic}
     bool UseG1GC                                  = true                                      {product} {ergonomic}
     bool UseLargePagesIndividualAllocation        = false                                  {pd product} {ergonomic}

Logging:
Log output configuration:
 #0: stdout all=warning uptime,level,tags
 #1: stderr all=off uptime,level,tags

Environment Variables:
PATH=C:\Program Files (x86)\Common Files\Oracle\Java\javapath;C:\Program Files (x86)\VMware\VMware Player\bin\;C:\Windows\system32;C:\Windows;C:\Windows\System32\Wbem;C:\Windows\System32\WindowsPowerShell\v1.0\;C:\Windows\System32\OpenSSH\;C:\Program Files\dotnet\;C:\Users\Admin\AppData\Local\Microsoft\WindowsApps;C:\Users\Admin\.dotnet\tools
USERNAME=Admin
OS=Windows_NT
PROCESSOR_IDENTIFIER=Intel64 Family 6 Model 42 Stepping 7, GenuineIntel



---------------  S Y S T E M  ---------------

OS: Windows 10 , 64 bit Build 19041 (10.0.19041.1348)
OS uptime: 0 days 2:59 hours

CPU:total 4 (initial active 4) (2 cores per cpu, 2 threads per core) family 6 model 42 stepping 7 microcode 0x2f, cmov, cx8, fxsr, mmx, sse, sse2, sse3, ssse3, sse4.1, sse4.2, popcnt, avx, clmul, ht, tsc, tscinvbit

Memory: 4k page, system-wide physical 4004M (279M free)
TotalPageFile size 4004M (AvailPageFile size 37M)
current process WorkingSet (physical memory assigned to process): 358M, peak: 361M
current process commit charge ("private bytes"): 426M, peak: 459M

vm_info: OpenJDK 64-Bit Server VM (11.0.11+9-b60-7590822) for windows-amd64 JRE (11.0.11+9-b60-7590822), built on Jul 29 2021 21:43:44 by "builder" with MS VC++ 14.0 (VS2015)

END.
