#
# There is insufficient memory for the Java Runtime Environment to continue.
# Native memory allocation (mmap) failed to map 34603008 bytes for Failed to commit area from 0x000000008a200000 to 0x000000008c300000 of length 34603008.
# Possible reasons:
#   The system is out of physical RAM or swap space
#   The process is running with CompressedOops enabled, and the Java Heap may be blocking the growth of the native heap
# Possible solutions:
#   Reduce memory load on the system
#   Increase physical memory or swap space
#   Check if swap backing store is full
#   Decrease Java heap size (-Xmx/-Xms)
#   Decrease number of Java threads
#   Decrease Java thread stack sizes (-Xss)
#   Set larger code cache with -XX:ReservedCodeCacheSize=
#   JVM is running with Unscaled Compressed Oops mode in which the Java heap is
#     placed in the first 4GB address space. The Java Heap base address is the
#     maximum limit for the native heap growth. Please use -XX:HeapBaseMinAddress
#     to set the Java Heap base and to place the Java Heap above 4GB virtual address.
# This output file may be truncated or incomplete.
#
#  Out of Memory Error (./src/hotspot/os/windows/os_windows.cpp:3301), pid=2060, tid=4400
#
# JRE version: OpenJDK Runtime Environment (11.0.11+9) (build 11.0.11+9-b60-7590822)
# Java VM: OpenJDK 64-Bit Server VM (11.0.11+9-b60-7590822, mixed mode, tiered, compressed oops, g1 gc, windows-amd64)
# No core dump will be written. Minidumps are not enabled by default on client versions of Windows
#

---------------  S U M M A R Y ------------

Command Line: --add-opens=java.base/java.util=ALL-UNNAMED --add-opens=java.base/java.lang=ALL-UNNAMED --add-opens=java.base/java.lang.invoke=ALL-UNNAMED --add-opens=java.base/java.util=ALL-UNNAMED --add-opens=java.prefs/java.util.prefs=ALL-UNNAMED --add-opens=java.prefs/java.util.prefs=ALL-UNNAMED --add-opens=java.base/java.nio.charset=ALL-UNNAMED --add-opens=java.base/java.net=ALL-UNNAMED --add-opens=java.base/java.util.concurrent.atomic=ALL-UNNAMED -Xmx2048m -Dfile.encoding=UTF-8 -Duser.country=US -Duser.language=en -Duser.variant org.gradle.launcher.daemon.bootstrap.GradleDaemon 7.2

Host: Intel(R) Core(TM) i3-2330M CPU @ 2.20GHz, 4 cores, 3G,  Windows 10 , 64 bit Build 19041 (10.0.19041.1348)
Time: Wed Apr 20 22:31:53 2022 SE Asia Standard Time elapsed time: 34.628288 seconds (0d 0h 0m 34s)

---------------  T H R E A D  ---------------

Current thread (0x000001febade3800):  VMThread "VM Thread" [stack: 0x000000e456400000,0x000000e456500000] [id=4400]

Stack: [0x000000e456400000,0x000000e456500000]
[error occurred during error reporting (printing stack bounds), id 0xc0000005, EXCEPTION_ACCESS_VIOLATION (0xc0000005) at pc=0x000001fea45a0f2d]

Native frames: (J=compiled Java code, j=interpreted, Vv=VM code, C=native code)
V  [jvm.dll+0x5f214a]
V  [jvm.dll+0x726fb5]
V  [jvm.dll+0x7285cd]
V  [jvm.dll+0x728be5]
V  [jvm.dll+0x728b9b]
V  [jvm.dll+0x5f14e8]
V  [jvm.dll+0x5f1c78]
C  [ntdll.dll+0xa20cf]
C  [ntdll.dll+0x51454]
C  [ntdll.dll+0xa0bfe]
C  0x000001fea45a0f2d

VM_Operation (0x000000e45bdfa1b0): G1CollectForAllocation, mode: safepoint, requested by thread 0x000001febf457000


---------------  P R O C E S S  ---------------

Threads class SMR info:
_java_thread_list=0x000001febe2e6710, length=86, elements={
0x000001fe9f2cb000, 0x000001febade8000, 0x000001febadf4000, 0x000001febae44800,
0x000001febae48800, 0x000001febae4a800, 0x000001febae4e800, 0x000001febae54000,
0x000001febae57000, 0x000001febb8e0800, 0x000001febd349000, 0x000001febce43000,
0x000001febc7fe000, 0x000001febcd4f000, 0x000001febd59c800, 0x000001febd947800,
0x000001febd949000, 0x000001febd94a000, 0x000001febd944000, 0x000001febd945800,
0x000001febec62000, 0x000001febec64800, 0x000001febec66000, 0x000001febec68800,
0x000001febec63000, 0x000001febf0fe800, 0x000001febf0fd000, 0x000001febf0fe000,
0x000001febf0f8000, 0x000001febf0f7800, 0x000001febf0f9000, 0x000001febf0f5000,
0x000001febf0f3800, 0x000001febf0fa000, 0x000001febf0f4000, 0x000001febf0fa800,
0x000001febf0fb800, 0x000001febf0f5800, 0x000001febf0fc800, 0x000001febf0f6800,
0x000001febf100800, 0x000001febf102000, 0x000001febf0ff800, 0x000001febf101000,
0x000001febec68000, 0x000001febec69800, 0x000001febec63800, 0x000001febec6a800,
0x000001febec71000, 0x000001febec6e800, 0x000001febec70000, 0x000001febec6d800,
0x000001febec6b000, 0x000001febec6c000, 0x000001febec6c800, 0x000001febec6f000,
0x000001febd948000, 0x000001febd94a800, 0x000001febd946800, 0x000001febd945000,
0x000001febeeb1800, 0x000001febeeb3000, 0x000001febeeb2000, 0x000001febeeaf800,
0x000001febeead800, 0x000001febeeb0800, 0x000001febeeb4000, 0x000001febeeae000,
0x000001febeeb4800, 0x000001febeeaf000, 0x000001febeeb8800, 0x000001febeebb000,
0x000001febeeba800, 0x000001febeeb9800, 0x000001febeeb5800, 0x000001febeeb8000,
0x000001febeebc000, 0x000001febeeb6000, 0x000001febeeb7000, 0x000001febf457800,
0x000001febf456000, 0x000001febf454800, 0x000001febf453800, 0x000001febf457000,
0x000001febf455000, 0x000001febf458800
}

Java Threads: ( => current thread )
  0x000001fe9f2cb000 JavaThread "main" [_thread_blocked, id=7080, stack(0x000000e455e00000,0x000000e455f00000)]
  0x000001febade8000 JavaThread "Reference Handler" daemon [_thread_blocked, id=2272, stack(0x000000e456500000,0x000000e456600000)]
  0x000001febadf4000 JavaThread "Finalizer" daemon [_thread_blocked, id=4648, stack(0x000000e456600000,0x000000e456700000)]
  0x000001febae44800 JavaThread "Signal Dispatcher" daemon [_thread_blocked, id=2148, stack(0x000000e456700000,0x000000e456800000)]
  0x000001febae48800 JavaThread "Attach Listener" daemon [_thread_blocked, id=6656, stack(0x000000e456800000,0x000000e456900000)]
  0x000001febae4a800 JavaThread "Service Thread" daemon [_thread_blocked, id=6412, stack(0x000000e456900000,0x000000e456a00000)]
  0x000001febae4e800 JavaThread "C2 CompilerThread0" daemon [_thread_blocked, id=2484, stack(0x000000e456a00000,0x000000e456b00000)]
  0x000001febae54000 JavaThread "C1 CompilerThread0" daemon [_thread_blocked, id=6816, stack(0x000000e456b00000,0x000000e456c00000)]
  0x000001febae57000 JavaThread "Sweeper thread" daemon [_thread_blocked, id=2384, stack(0x000000e456c00000,0x000000e456d00000)]
  0x000001febb8e0800 JavaThread "Common-Cleaner" daemon [_thread_blocked, id=4452, stack(0x000000e456d00000,0x000000e456e00000)]
  0x000001febd349000 JavaThread "Daemon health stats" [_thread_blocked, id=1820, stack(0x000000e457100000,0x000000e457200000)]
  0x000001febce43000 JavaThread "Incoming local TCP Connector on port 49657" [_thread_in_native, id=2428, stack(0x000000e457200000,0x000000e457300000)]
  0x000001febc7fe000 JavaThread "Daemon periodic checks" [_thread_blocked, id=1932, stack(0x000000e457300000,0x000000e457400000)]
  0x000001febcd4f000 JavaThread "Daemon" [_thread_blocked, id=856, stack(0x000000e457400000,0x000000e457500000)]
  0x000001febd59c800 JavaThread "Daemon worker" [_thread_blocked, id=2224, stack(0x000000e457700000,0x000000e457800000)]
  0x000001febd947800 JavaThread "Cache worker for journal cache (C:\Users\Admin\.gradle\caches\journal-1)" [_thread_blocked, id=6348, stack(0x000000e456f00000,0x000000e457000000)]
  0x000001febd949000 JavaThread "File lock request listener" [_thread_in_native, id=4552, stack(0x000000e457d00000,0x000000e457e00000)]
  0x000001febd94a000 JavaThread "Cache worker for file hash cache (C:\Users\Admin\.gradle\caches\7.2\fileHashes)" [_thread_blocked, id=7052, stack(0x000000e457e00000,0x000000e457f00000)]
  0x000001febd944000 JavaThread "File watcher server" daemon [_thread_blocked, id=4160, stack(0x000000e458100000,0x000000e458200000)]
  0x000001febd945800 JavaThread "File watcher consumer" daemon [_thread_blocked, id=1720, stack(0x000000e458200000,0x000000e458300000)]
  0x000001febec62000 JavaThread "Cache worker for execution history cache (C:\Users\Admin\.gradle\caches\7.2\executionHistory)" [_thread_blocked, id=5944, stack(0x000000e458600000,0x000000e458700000)]
  0x000001febec64800 JavaThread "jar transforms" [_thread_blocked, id=5984, stack(0x000000e458700000,0x000000e458800000)]
  0x000001febec66000 JavaThread "Cache worker for file content cache (C:\Users\Admin\.gradle\caches\7.2\fileContent)" [_thread_blocked, id=744, stack(0x000000e458800000,0x000000e458900000)]
  0x000001febec68800 JavaThread "jar transforms Thread 2" [_thread_blocked, id=1400, stack(0x000000e458900000,0x000000e458a00000)]
  0x000001febec63000 JavaThread "jar transforms Thread 3" [_thread_blocked, id=2796, stack(0x000000e458b00000,0x000000e458c00000)]
  0x000001febf0fe800 JavaThread "jar transforms Thread 4" [_thread_blocked, id=3060, stack(0x000000e45b500000,0x000000e45b600000)]
  0x000001febf0fd000 JavaThread "Memory manager" [_thread_blocked, id=3552, stack(0x000000e458000000,0x000000e458100000)]
  0x000001febf0fe000 JavaThread "pool-3-thread-1" [_thread_blocked, id=7000, stack(0x000000e45b700000,0x000000e45b800000)]
  0x000001febf0f8000 JavaThread "Handler for socket connection from /127.0.0.1:49657 to /127.0.0.1:49663" [_thread_in_native, id=3960, stack(0x000000e457800000,0x000000e457900000)]
  0x000001febf0f7800 JavaThread "Cancel handler" [_thread_blocked, id=6860, stack(0x000000e457900000,0x000000e457a00000)]
  0x000001febf0f9000 JavaThread "Asynchronous log dispatcher for DefaultDaemonConnection: socket connection from /127.0.0.1:49657 to /127.0.0.1:49663" [_thread_blocked, id=5744, stack(0x000000e457a00000,0x000000e457b00000)]
  0x000001febf0f5000 JavaThread "Stdin handler" [_thread_blocked, id=5824, stack(0x000000e457f00000,0x000000e458000000)]
  0x000001febf0f3800 JavaThread "Daemon client event forwarder" [_thread_blocked, id=5604, stack(0x000000e458300000,0x000000e458400000)]
  0x000001febf0fa000 JavaThread "Cache worker for file hash cache (C:\Users\Admin\AndroidStudioProjects\DailySelfie\.gradle\7.2\fileHashes)" [_thread_blocked, id=6968, stack(0x000000e458400000,0x000000e458500000)]
  0x000001febf0f4000 JavaThread "Cache worker for checksums cache (C:\Users\Admin\AndroidStudioProjects\DailySelfie\.gradle\checksums)" [_thread_blocked, id=7056, stack(0x000000e458500000,0x000000e458600000)]
  0x000001febf0fa800 JavaThread "Cache worker for cache directory md-supplier (C:\Users\Admin\.gradle\caches\7.2\md-supplier)" [_thread_blocked, id=5616, stack(0x000000e458a00000,0x000000e458b00000)]
  0x000001febf0fb800 JavaThread "Cache worker for cache directory md-rule (C:\Users\Admin\.gradle\caches\7.2\md-rule)" [_thread_blocked, id=1280, stack(0x000000e458c00000,0x000000e458d00000)]
  0x000001febf0f5800 JavaThread "Cache worker for dependencies-accessors (C:\Users\Admin\AndroidStudioProjects\DailySelfie\.gradle\7.2\dependencies-accessors)" [_thread_blocked, id=7160, stack(0x000000e458d00000,0x000000e458e00000)]
  0x000001febf0fc800 JavaThread "Cache worker for Build Output Cleanup Cache (C:\Users\Admin\AndroidStudioProjects\DailySelfie\.gradle\buildOutputCleanup)" [_thread_blocked, id=4800, stack(0x000000e458e00000,0x000000e458f00000)]
  0x000001febf0f6800 JavaThread "Unconstrained build operations" [_thread_blocked, id=3228, stack(0x000000e458f00000,0x000000e459000000)]
  0x000001febf100800 JavaThread "Unconstrained build operations Thread 2" [_thread_blocked, id=6236, stack(0x000000e459000000,0x000000e459100000)]
  0x000001febf102000 JavaThread "Unconstrained build operations Thread 3" [_thread_blocked, id=4768, stack(0x000000e459100000,0x000000e459200000)]
  0x000001febf0ff800 JavaThread "Unconstrained build operations Thread 4" [_thread_blocked, id=3784, stack(0x000000e459200000,0x000000e459300000)]
  0x000001febf101000 JavaThread "Unconstrained build operations Thread 5" [_thread_blocked, id=3940, stack(0x000000e459300000,0x000000e459400000)]
  0x000001febec68000 JavaThread "Unconstrained build operations Thread 6" [_thread_blocked, id=1480, stack(0x000000e459400000,0x000000e459500000)]
  0x000001febec69800 JavaThread "Unconstrained build operations Thread 7" [_thread_blocked, id=6828, stack(0x000000e459500000,0x000000e459600000)]
  0x000001febec63800 JavaThread "Unconstrained build operations Thread 8" [_thread_blocked, id=3688, stack(0x000000e459600000,0x000000e459700000)]
  0x000001febec6a800 JavaThread "Unconstrained build operations Thread 9" [_thread_blocked, id=3044, stack(0x000000e459700000,0x000000e459800000)]
  0x000001febec71000 JavaThread "Unconstrained build operations Thread 10" [_thread_blocked, id=2096, stack(0x000000e459800000,0x000000e459900000)]
  0x000001febec6e800 JavaThread "Unconstrained build operations Thread 11" [_thread_blocked, id=4956, stack(0x000000e459900000,0x000000e459a00000)]
  0x000001febec70000 JavaThread "Unconstrained build operations Thread 12" [_thread_blocked, id=3332, stack(0x000000e459a00000,0x000000e459b00000)]
  0x000001febec6d800 JavaThread "Unconstrained build operations Thread 13" [_thread_blocked, id=2688, stack(0x000000e459b00000,0x000000e459c00000)]
  0x000001febec6b000 JavaThread "Unconstrained build operations Thread 14" [_thread_blocked, id=1632, stack(0x000000e459c00000,0x000000e459d00000)]
  0x000001febec6c000 JavaThread "Unconstrained build operations Thread 15" [_thread_blocked, id=440, stack(0x000000e459d00000,0x000000e459e00000)]
  0x000001febec6c800 JavaThread "Unconstrained build operations Thread 16" [_thread_blocked, id=6308, stack(0x000000e459e00000,0x000000e459f00000)]
  0x000001febec6f000 JavaThread "Unconstrained build operations Thread 17" [_thread_blocked, id=5452, stack(0x000000e459f00000,0x000000e45a000000)]
  0x000001febd948000 JavaThread "Unconstrained build operations Thread 18" [_thread_blocked, id=5484, stack(0x000000e45a000000,0x000000e45a100000)]
  0x000001febd94a800 JavaThread "Unconstrained build operations Thread 19" [_thread_blocked, id=3664, stack(0x000000e45a100000,0x000000e45a200000)]
  0x000001febd946800 JavaThread "Unconstrained build operations Thread 20" [_thread_blocked, id=6864, stack(0x000000e45a200000,0x000000e45a300000)]
  0x000001febd945000 JavaThread "Unconstrained build operations Thread 21" [_thread_blocked, id=5932, stack(0x000000e45a300000,0x000000e45a400000)]
  0x000001febeeb1800 JavaThread "Unconstrained build operations Thread 22" [_thread_blocked, id=3888, stack(0x000000e45a400000,0x000000e45a500000)]
  0x000001febeeb3000 JavaThread "Unconstrained build operations Thread 23" [_thread_blocked, id=4780, stack(0x000000e45a500000,0x000000e45a600000)]
  0x000001febeeb2000 JavaThread "Unconstrained build operations Thread 24" [_thread_blocked, id=6568, stack(0x000000e45a600000,0x000000e45a700000)]
  0x000001febeeaf800 JavaThread "Unconstrained build operations Thread 25" [_thread_blocked, id=6188, stack(0x000000e45a700000,0x000000e45a800000)]
  0x000001febeead800 JavaThread "Unconstrained build operations Thread 26" [_thread_blocked, id=516, stack(0x000000e45a800000,0x000000e45a900000)]
  0x000001febeeb0800 JavaThread "Unconstrained build operations Thread 27" [_thread_blocked, id=416, stack(0x000000e45a900000,0x000000e45aa00000)]
  0x000001febeeb4000 JavaThread "Unconstrained build operations Thread 28" [_thread_blocked, id=4840, stack(0x000000e45aa00000,0x000000e45ab00000)]
  0x000001febeeae000 JavaThread "Unconstrained build operations Thread 29" [_thread_blocked, id=3236, stack(0x000000e45ab00000,0x000000e45ac00000)]
  0x000001febeeb4800 JavaThread "Unconstrained build operations Thread 30" [_thread_blocked, id=3500, stack(0x000000e45ac00000,0x000000e45ad00000)]
  0x000001febeeaf000 JavaThread "Unconstrained build operations Thread 31" [_thread_blocked, id=7156, stack(0x000000e45ad00000,0x000000e45ae00000)]
  0x000001febeeb8800 JavaThread "Unconstrained build operations Thread 32" [_thread_blocked, id=6248, stack(0x000000e45ae00000,0x000000e45af00000)]
  0x000001febeebb000 JavaThread "Unconstrained build operations Thread 33" [_thread_blocked, id=6296, stack(0x000000e45af00000,0x000000e45b000000)]
  0x000001febeeba800 JavaThread "Unconstrained build operations Thread 34" [_thread_blocked, id=3772, stack(0x000000e45b000000,0x000000e45b100000)]
  0x000001febeeb9800 JavaThread "Unconstrained build operations Thread 35" [_thread_blocked, id=6436, stack(0x000000e45b100000,0x000000e45b200000)]
  0x000001febeeb5800 JavaThread "Unconstrained build operations Thread 36" [_thread_blocked, id=764, stack(0x000000e45b200000,0x000000e45b300000)]
  0x000001febeeb8000 JavaThread "Unconstrained build operations Thread 37" [_thread_blocked, id=6820, stack(0x000000e45b300000,0x000000e45b400000)]
  0x000001febeebc000 JavaThread "Unconstrained build operations Thread 38" [_thread_blocked, id=6184, stack(0x000000e45b400000,0x000000e45b500000)]
  0x000001febeeb6000 JavaThread "Unconstrained build operations Thread 39" [_thread_blocked, id=2516, stack(0x000000e45b600000,0x000000e45b700000)]
  0x000001febeeb7000 JavaThread "Unconstrained build operations Thread 40" [_thread_blocked, id=4524, stack(0x000000e45b800000,0x000000e45b900000)]
  0x000001febf457800 JavaThread "build event listener" [_thread_blocked, id=1888, stack(0x000000e45b900000,0x000000e45ba00000)]
  0x000001febf456000 JavaThread "pool-7-thread-1" [_thread_blocked, id=6700, stack(0x000000e45ba00000,0x000000e45bb00000)]
  0x000001febf454800 JavaThread "build event listener" [_thread_blocked, id=7092, stack(0x000000e45bb00000,0x000000e45bc00000)]
  0x000001febf453800 JavaThread "Execution worker for ':'" [_thread_blocked, id=2660, stack(0x000000e45bc00000,0x000000e45bd00000)]
  0x000001febf457000 JavaThread "Execution worker for ':' Thread 2" [_thread_blocked, id=1408, stack(0x000000e45bd00000,0x000000e45be00000)]
  0x000001febf455000 JavaThread "Execution worker for ':' Thread 3" [_thread_blocked, id=5204, stack(0x000000e45be00000,0x000000e45bf00000)]
  0x000001febf458800 JavaThread "Cache worker for execution history cache (C:\Users\Admin\AndroidStudioProjects\DailySelfie\.gradle\7.2\executionHistory)" [_thread_blocked, id=5724, stack(0x000000e45bf00000,0x000000e45c000000)]

Other Threads:
=>0x000001febade3800 VMThread "VM Thread" [stack: 0x000000e456400000,0x000000e456500000] [id=4400]
  0x000001febb8e4000 WatcherThread [stack: 0x000000e456e00000,0x000000e456f00000] [id=2804]
  0x000001fe9f2e2800 GCTaskThread "GC Thread#0" [stack: 0x000000e455f00000,0x000000e456000000] [id=7012]
  0x000001febc0a2000 GCTaskThread "GC Thread#1" [stack: 0x000000e457000000,0x000000e457100000] [id=2552]
  0x000001febcd82800 GCTaskThread "GC Thread#2" [stack: 0x000000e457b00000,0x000000e457c00000] [id=3016]
  0x000001febd6d8000 GCTaskThread "GC Thread#3" [stack: 0x000000e457c00000,0x000000e457d00000] [id=3972]
  0x000001fe9f317000 ConcurrentGCThread "G1 Main Marker" [stack: 0x000000e456000000,0x000000e456100000] [id=5260]
  0x000001fe9f318000 ConcurrentGCThread "G1 Conc#0" [stack: 0x000000e456100000,0x000000e456200000] [id=6004]
  0x000001fe9f36f000 ConcurrentGCThread "G1 Refine#0" [stack: 0x000000e456200000,0x000000e456300000] [id=4860]
  0x000001fe9f370000 ConcurrentGCThread "G1 Young RemSet Sampling" [stack: 0x000000e456300000,0x000000e456400000] [id=5156]

Threads with active compile tasks:
C2 CompilerThread0  34654 11330       4       java.io.Bits::putLong (86 bytes)
C1 CompilerThread0  34654 11402       3       com.google.common.primitives.Longs::tryParse (235 bytes)

VM state:at safepoint (normal execution)

VM Mutex/Monitor currently owned by a thread:  ([mutex/lock_event])
[0x000001fe9f2c89b0] Threads_lock - owner thread: 0x000001febade3800
[0x000001fe9f2c80b0] Heap_lock - owner thread: 0x000001febf457000

Heap address: 0x0000000080000000, size: 2048 MB, Compressed Oops mode: 32-bit
Narrow klass base: 0x0000000000000000, Narrow klass shift: 3
Compressed class space size: 1073741824 Address: 0x0000000100000000

Heap:
 garbage-first heap   total 199680K, used 83889K [0x0000000080000000, 0x0000000100000000)
  region size 1024K, 8 young (8192K), 8 survivors (8192K)
 Metaspace       used 93128K, capacity 95393K, committed 95564K, reserved 1132544K
  class space    used 11751K, capacity 12585K, committed 12620K, reserved 1048576K
Heap Regions: E=young(eden), S=young(survivor), O=old, HS=humongous(starts), HC=humongous(continues), CS=collection set, F=free, A=archive, TAMS=top-at-mark-start (previous, next)
|   0|0x0000000080000000, 0x0000000080100000, 0x0000000080100000|100%| O|  |TAMS 0x0000000080100000, 0x0000000080000000| Untracked 
|   1|0x0000000080100000, 0x0000000080200000, 0x0000000080200000|100%| O|  |TAMS 0x0000000080200000, 0x0000000080100000| Untracked 
|   2|0x0000000080200000, 0x0000000080300000, 0x0000000080300000|100%| O|  |TAMS 0x0000000080300000, 0x0000000080200000| Untracked 
|   3|0x0000000080300000, 0x0000000080400000, 0x0000000080400000|100%|HS|  |TAMS 0x0000000080400000, 0x0000000080300000| Complete 
|   4|0x0000000080400000, 0x0000000080500000, 0x0000000080500000|100%|HC|  |TAMS 0x0000000080500000, 0x0000000080400000| Complete 
|   5|0x0000000080500000, 0x0000000080600000, 0x0000000080600000|100%|HC|  |TAMS 0x0000000080600000, 0x0000000080500000| Complete 
|   6|0x0000000080600000, 0x0000000080700000, 0x0000000080700000|100%| O|  |TAMS 0x0000000080700000, 0x0000000080600000| Untracked 
|   7|0x0000000080700000, 0x0000000080800000, 0x0000000080800000|100%| O|  |TAMS 0x0000000080800000, 0x0000000080700000| Untracked 
|   8|0x0000000080800000, 0x0000000080900000, 0x0000000080900000|100%| O|  |TAMS 0x0000000080900000, 0x0000000080800000| Untracked 
|   9|0x0000000080900000, 0x0000000080a00000, 0x0000000080a00000|100%| O|  |TAMS 0x0000000080a00000, 0x0000000080900000| Untracked 
|  10|0x0000000080a00000, 0x0000000080b00000, 0x0000000080b00000|100%| O|  |TAMS 0x0000000080b00000, 0x0000000080a00000| Untracked 
|  11|0x0000000080b00000, 0x0000000080c00000, 0x0000000080c00000|100%| O|  |TAMS 0x0000000080c00000, 0x0000000080b00000| Untracked 
|  12|0x0000000080c00000, 0x0000000080d00000, 0x0000000080d00000|100%| O|  |TAMS 0x0000000080d00000, 0x0000000080c00000| Untracked 
|  13|0x0000000080d00000, 0x0000000080e00000, 0x0000000080e00000|100%| O|  |TAMS 0x0000000080e00000, 0x0000000080d00000| Untracked 
|  14|0x0000000080e00000, 0x0000000080f00000, 0x0000000080f00000|100%| O|  |TAMS 0x0000000080f00000, 0x0000000080e00000| Untracked 
|  15|0x0000000080f00000, 0x0000000081000000, 0x0000000081000000|100%| O|  |TAMS 0x0000000081000000, 0x0000000080f00000| Untracked 
|  16|0x0000000081000000, 0x0000000081100000, 0x0000000081100000|100%| O|  |TAMS 0x0000000081100000, 0x0000000081000000| Untracked 
|  17|0x0000000081100000, 0x0000000081200000, 0x0000000081200000|100%| O|  |TAMS 0x0000000081200000, 0x0000000081100000| Untracked 
|  18|0x0000000081200000, 0x0000000081300000, 0x0000000081300000|100%| O|  |TAMS 0x0000000081300000, 0x0000000081200000| Untracked 
|  19|0x0000000081300000, 0x0000000081400000, 0x0000000081400000|100%| O|  |TAMS 0x0000000081400000, 0x0000000081300000| Untracked 
|  20|0x0000000081400000, 0x0000000081500000, 0x0000000081500000|100%| O|  |TAMS 0x0000000081500000, 0x0000000081400000| Untracked 
|  21|0x0000000081500000, 0x0000000081600000, 0x0000000081600000|100%| O|  |TAMS 0x0000000081600000, 0x0000000081500000| Untracked 
|  22|0x0000000081600000, 0x0000000081700000, 0x0000000081700000|100%| O|  |TAMS 0x0000000081700000, 0x0000000081600000| Untracked 
|  23|0x0000000081700000, 0x0000000081800000, 0x0000000081800000|100%| O|  |TAMS 0x0000000081800000, 0x0000000081700000| Untracked 
|  24|0x0000000081800000, 0x0000000081900000, 0x0000000081900000|100%| O|  |TAMS 0x0000000081900000, 0x0000000081800000| Untracked 
|  25|0x0000000081900000, 0x0000000081a00000, 0x0000000081a00000|100%| O|  |TAMS 0x0000000081a00000, 0x0000000081900000| Untracked 
|  26|0x0000000081a00000, 0x0000000081b00000, 0x0000000081b00000|100%| O|  |TAMS 0x0000000081b00000, 0x0000000081a00000| Untracked 
|  27|0x0000000081b00000, 0x0000000081c00000, 0x0000000081c00000|100%| O|  |TAMS 0x0000000081c00000, 0x0000000081b00000| Untracked 
|  28|0x0000000081c00000, 0x0000000081d00000, 0x0000000081d00000|100%|HS|  |TAMS 0x0000000081d00000, 0x0000000081c00000| Complete 
|  29|0x0000000081d00000, 0x0000000081e00000, 0x0000000081e00000|100%|HS|  |TAMS 0x0000000081e00000, 0x0000000081d00000| Complete 
|  30|0x0000000081e00000, 0x0000000081f00000, 0x0000000081f00000|100%|HS|  |TAMS 0x0000000081f00000, 0x0000000081e00000| Complete 
|  31|0x0000000081f00000, 0x0000000082000000, 0x0000000082000000|100%|HS|  |TAMS 0x0000000082000000, 0x0000000081f00000| Complete 
|  32|0x0000000082000000, 0x0000000082100000, 0x0000000082100000|100%|HC|  |TAMS 0x0000000082100000, 0x0000000082000000| Complete 
|  33|0x0000000082100000, 0x0000000082200000, 0x0000000082200000|100%| O|  |TAMS 0x0000000082200000, 0x0000000082100000| Untracked 
|  34|0x0000000082200000, 0x0000000082300000, 0x0000000082300000|100%| O|  |TAMS 0x0000000082300000, 0x0000000082200000| Untracked 
|  35|0x0000000082300000, 0x0000000082400000, 0x0000000082400000|100%| O|  |TAMS 0x0000000082400000, 0x0000000082300000| Untracked 
|  36|0x0000000082400000, 0x0000000082500000, 0x0000000082500000|100%| O|  |TAMS 0x0000000082500000, 0x0000000082400000| Untracked 
|  37|0x0000000082500000, 0x0000000082600000, 0x0000000082600000|100%| O|  |TAMS 0x0000000082600000, 0x0000000082500000| Untracked 
|  38|0x0000000082600000, 0x0000000082700000, 0x0000000082700000|100%| O|  |TAMS 0x0000000082700000, 0x0000000082600000| Untracked 
|  39|0x0000000082700000, 0x0000000082800000, 0x0000000082800000|100%| O|  |TAMS 0x0000000082800000, 0x0000000082700000| Untracked 
|  40|0x0000000082800000, 0x0000000082900000, 0x0000000082900000|100%| O|  |TAMS 0x0000000082900000, 0x0000000082800000| Untracked 
|  41|0x0000000082900000, 0x0000000082a00000, 0x0000000082a00000|100%| O|  |TAMS 0x0000000082a00000, 0x0000000082900000| Untracked 
|  42|0x0000000082a00000, 0x0000000082b00000, 0x0000000082b00000|100%| O|  |TAMS 0x0000000082b00000, 0x0000000082a00000| Untracked 
|  43|0x0000000082b00000, 0x0000000082c00000, 0x0000000082c00000|100%| O|  |TAMS 0x0000000082b50600, 0x0000000082b00000| Untracked 
|  44|0x0000000082c00000, 0x0000000082d00000, 0x0000000082d00000|100%| O|  |TAMS 0x0000000082c00000, 0x0000000082c00000| Untracked 
|  45|0x0000000082d00000, 0x0000000082e00000, 0x0000000082e00000|100%| O|  |TAMS 0x0000000082d00000, 0x0000000082d00000| Untracked 
|  46|0x0000000082e00000, 0x0000000082f00000, 0x0000000082f00000|100%| O|  |TAMS 0x0000000082e00000, 0x0000000082e00000| Untracked 
|  47|0x0000000082f00000, 0x0000000083000000, 0x0000000083000000|100%| O|  |TAMS 0x0000000082f00000, 0x0000000082f00000| Untracked 
|  48|0x0000000083000000, 0x0000000083100000, 0x0000000083100000|100%| O|  |TAMS 0x0000000083000000, 0x0000000083000000| Untracked 
|  49|0x0000000083100000, 0x0000000083200000, 0x0000000083200000|100%| O|  |TAMS 0x0000000083100000, 0x0000000083100000| Untracked 
|  50|0x0000000083200000, 0x0000000083300000, 0x0000000083300000|100%| O|  |TAMS 0x0000000083200000, 0x0000000083200000| Untracked 
|  51|0x0000000083300000, 0x0000000083400000, 0x0000000083400000|100%| O|  |TAMS 0x0000000083300000, 0x0000000083300000| Untracked 
|  52|0x0000000083400000, 0x0000000083500000, 0x0000000083500000|100%| O|  |TAMS 0x0000000083400000, 0x0000000083400000| Untracked 
|  53|0x0000000083500000, 0x0000000083600000, 0x0000000083600000|100%| O|  |TAMS 0x0000000083500000, 0x0000000083500000| Untracked 
|  54|0x0000000083600000, 0x0000000083700000, 0x0000000083700000|100%| O|  |TAMS 0x0000000083600000, 0x0000000083600000| Untracked 
|  55|0x0000000083700000, 0x0000000083800000, 0x0000000083800000|100%| O|  |TAMS 0x0000000083700000, 0x0000000083700000| Untracked 
|  56|0x0000000083800000, 0x0000000083900000, 0x0000000083900000|100%| O|  |TAMS 0x0000000083800000, 0x0000000083800000| Untracked 
|  57|0x0000000083900000, 0x0000000083a00000, 0x0000000083a00000|100%| O|  |TAMS 0x0000000083900000, 0x0000000083900000| Untracked 
|  58|0x0000000083a00000, 0x0000000083b00000, 0x0000000083b00000|100%| O|  |TAMS 0x0000000083a00000, 0x0000000083a00000| Untracked 
|  59|0x0000000083b00000, 0x0000000083c00000, 0x0000000083c00000|100%| O|  |TAMS 0x0000000083b00000, 0x0000000083b00000| Untracked 
|  60|0x0000000083c00000, 0x0000000083d00000, 0x0000000083d00000|100%| O|  |TAMS 0x0000000083c00000, 0x0000000083c00000| Untracked 
|  61|0x0000000083d00000, 0x0000000083e00000, 0x0000000083e00000|100%| O|  |TAMS 0x0000000083d00000, 0x0000000083d00000| Untracked 
|  62|0x0000000083e00000, 0x0000000083f00000, 0x0000000083f00000|100%| O|  |TAMS 0x0000000083e00000, 0x0000000083e00000| Untracked 
|  63|0x0000000083f00000, 0x0000000084000000, 0x0000000084000000|100%| O|  |TAMS 0x0000000083f00000, 0x0000000083f00000| Untracked 
|  64|0x0000000084000000, 0x0000000084100000, 0x0000000084100000|100%| O|  |TAMS 0x0000000084000000, 0x0000000084000000| Untracked 
|  65|0x0000000084100000, 0x0000000084200000, 0x0000000084200000|100%| O|  |TAMS 0x0000000084100000, 0x0000000084100000| Untracked 
|  66|0x0000000084200000, 0x0000000084300000, 0x0000000084300000|100%| O|  |TAMS 0x0000000084200000, 0x0000000084200000| Untracked 
|  67|0x0000000084300000, 0x0000000084400000, 0x0000000084400000|100%| O|  |TAMS 0x0000000084300000, 0x0000000084300000| Untracked 
|  68|0x0000000084400000, 0x0000000084500000, 0x0000000084500000|100%| O|  |TAMS 0x0000000084400000, 0x0000000084400000| Untracked 
|  69|0x0000000084500000, 0x0000000084600000, 0x0000000084600000|100%| O|  |TAMS 0x0000000084500000, 0x0000000084500000| Untracked 
|  70|0x0000000084600000, 0x0000000084700000, 0x0000000084700000|100%| O|  |TAMS 0x0000000084600000, 0x0000000084600000| Untracked 
|  71|0x0000000084700000, 0x0000000084800000, 0x0000000084800000|100%| O|  |TAMS 0x0000000084700000, 0x0000000084700000| Untracked 
|  72|0x0000000084800000, 0x0000000084900000, 0x0000000084900000|100%| O|  |TAMS 0x0000000084800000, 0x0000000084800000| Untracked 
|  73|0x0000000084900000, 0x00000000849ec600, 0x0000000084a00000| 92%| O|  |TAMS 0x0000000084900000, 0x0000000084900000| Untracked 
|  74|0x0000000084a00000, 0x0000000084a00000, 0x0000000084b00000|  0%| F|  |TAMS 0x0000000084a00000, 0x0000000084a00000| Untracked 
|  75|0x0000000084b00000, 0x0000000084b00000, 0x0000000084c00000|  0%| F|  |TAMS 0x0000000084b00000, 0x0000000084b00000| Untracked 
|  76|0x0000000084c00000, 0x0000000084c00000, 0x0000000084d00000|  0%| F|  |TAMS 0x0000000084c00000, 0x0000000084c00000| Untracked 
|  77|0x0000000084d00000, 0x0000000084d00000, 0x0000000084e00000|  0%| F|  |TAMS 0x0000000084d00000, 0x0000000084d00000| Untracked 
|  78|0x0000000084e00000, 0x0000000084e00000, 0x0000000084f00000|  0%| F|  |TAMS 0x0000000084e00000, 0x0000000084e00000| Untracked 
|  79|0x0000000084f00000, 0x0000000084f00000, 0x0000000085000000|  0%| F|  |TAMS 0x0000000084f00000, 0x0000000084f00000| Untracked 
|  80|0x0000000085000000, 0x0000000085000000, 0x0000000085100000|  0%| F|  |TAMS 0x0000000085000000, 0x0000000085000000| Untracked 
|  81|0x0000000085100000, 0x0000000085100000, 0x0000000085200000|  0%| F|  |TAMS 0x0000000085100000, 0x0000000085100000| Untracked 
|  82|0x0000000085200000, 0x0000000085200000, 0x0000000085300000|  0%| F|  |TAMS 0x0000000085200000, 0x0000000085200000| Untracked 
|  83|0x0000000085300000, 0x0000000085300000, 0x0000000085400000|  0%| F|  |TAMS 0x0000000085300000, 0x0000000085300000| Untracked 
|  84|0x0000000085400000, 0x0000000085400000, 0x0000000085500000|  0%| F|  |TAMS 0x0000000085400000, 0x0000000085400000| Untracked 
|  85|0x0000000085500000, 0x0000000085500000, 0x0000000085600000|  0%| F|  |TAMS 0x0000000085500000, 0x0000000085500000| Untracked 
|  86|0x0000000085600000, 0x0000000085600000, 0x0000000085700000|  0%| F|  |TAMS 0x0000000085600000, 0x0000000085600000| Untracked 
|  87|0x0000000085700000, 0x0000000085700000, 0x0000000085800000|  0%| F|  |TAMS 0x0000000085700000, 0x0000000085700000| Untracked 
|  88|0x0000000085800000, 0x0000000085800000, 0x0000000085900000|  0%| F|  |TAMS 0x0000000085800000, 0x0000000085800000| Untracked 
|  89|0x0000000085900000, 0x0000000085900000, 0x0000000085a00000|  0%| F|  |TAMS 0x0000000085900000, 0x0000000085900000| Untracked 
|  90|0x0000000085a00000, 0x0000000085a00000, 0x0000000085b00000|  0%| F|  |TAMS 0x0000000085a00000, 0x0000000085a00000| Untracked 
|  91|0x0000000085b00000, 0x0000000085b00000, 0x0000000085c00000|  0%| F|  |TAMS 0x0000000085b00000, 0x0000000085b00000| Untracked 
|  92|0x0000000085c00000, 0x0000000085c00000, 0x0000000085d00000|  0%| F|  |TAMS 0x0000000085c00000, 0x0000000085c00000| Untracked 
|  93|0x0000000085d00000, 0x0000000085e00000, 0x0000000085e00000|100%| S|CS|TAMS 0x0000000085d00000, 0x0000000085d00000| Complete 
|  94|0x0000000085e00000, 0x0000000085f00000, 0x0000000085f00000|100%| S|CS|TAMS 0x0000000085e00000, 0x0000000085e00000| Complete 
|  95|0x0000000085f00000, 0x0000000086000000, 0x0000000086000000|100%| S|CS|TAMS 0x0000000085f00000, 0x0000000085f00000| Complete 
|  96|0x0000000086000000, 0x0000000086000000, 0x0000000086100000|  0%| F|  |TAMS 0x0000000086000000, 0x0000000086000000| Untracked 
|  97|0x0000000086100000, 0x0000000086200000, 0x0000000086200000|100%| S|CS|TAMS 0x0000000086100000, 0x0000000086100000| Complete 
|  98|0x0000000086200000, 0x0000000086300000, 0x0000000086300000|100%| S|CS|TAMS 0x0000000086200000, 0x0000000086200000| Complete 
|  99|0x0000000086300000, 0x0000000086300000, 0x0000000086400000|  0%| F|  |TAMS 0x0000000086300000, 0x0000000086300000| Untracked 
| 100|0x0000000086400000, 0x0000000086400000, 0x0000000086500000|  0%| F|  |TAMS 0x0000000086400000, 0x0000000086400000| Untracked 
| 101|0x0000000086500000, 0x0000000086500000, 0x0000000086600000|  0%| F|  |TAMS 0x0000000086500000, 0x0000000086500000| Untracked 
| 102|0x0000000086600000, 0x0000000086600000, 0x0000000086700000|  0%| F|  |TAMS 0x0000000086600000, 0x0000000086600000| Untracked 
| 103|0x0000000086700000, 0x0000000086700000, 0x0000000086800000|  0%| F|  |TAMS 0x0000000086700000, 0x0000000086700000| Untracked 
| 104|0x0000000086800000, 0x0000000086800000, 0x0000000086900000|  0%| F|  |TAMS 0x0000000086800000, 0x0000000086800000| Untracked 
| 105|0x0000000086900000, 0x0000000086a00000, 0x0000000086a00000|100%| S|CS|TAMS 0x0000000086900000, 0x0000000086900000| Complete 
| 106|0x0000000086a00000, 0x0000000086b00000, 0x0000000086b00000|100%| S|CS|TAMS 0x0000000086a00000, 0x0000000086a00000| Complete 
| 107|0x0000000086b00000, 0x0000000086c00000, 0x0000000086c00000|100%| S|CS|TAMS 0x0000000086b00000, 0x0000000086b00000| Complete 
| 108|0x0000000086c00000, 0x0000000086c00000, 0x0000000086d00000|  0%| F|  |TAMS 0x0000000086c00000, 0x0000000086c00000| Untracked 
| 109|0x0000000086d00000, 0x0000000086d00000, 0x0000000086e00000|  0%| F|  |TAMS 0x0000000086d00000, 0x0000000086d00000| Untracked 
| 110|0x0000000086e00000, 0x0000000086e00000, 0x0000000086f00000|  0%| F|  |TAMS 0x0000000086e00000, 0x0000000086e00000| Untracked 
| 111|0x0000000086f00000, 0x0000000086f00000, 0x0000000087000000|  0%| F|  |TAMS 0x0000000086f00000, 0x0000000086f00000| Untracked 
| 112|0x0000000087000000, 0x0000000087000000, 0x0000000087100000|  0%| F|  |TAMS 0x0000000087000000, 0x0000000087000000| Untracked 
| 113|0x0000000087100000, 0x0000000087100000, 0x0000000087200000|  0%| F|  |TAMS 0x0000000087100000, 0x0000000087100000| Untracked 
| 114|0x0000000087200000, 0x0000000087200000, 0x0000000087300000|  0%| F|  |TAMS 0x0000000087200000, 0x0000000087200000| Untracked 
| 115|0x0000000087300000, 0x0000000087300000, 0x0000000087400000|  0%| F|  |TAMS 0x0000000087300000, 0x0000000087300000| Untracked 
| 116|0x0000000087400000, 0x0000000087400000, 0x0000000087500000|  0%| F|  |TAMS 0x0000000087400000, 0x0000000087400000| Untracked 
| 117|0x0000000087500000, 0x0000000087500000, 0x0000000087600000|  0%| F|  |TAMS 0x0000000087500000, 0x0000000087500000| Untracked 
| 118|0x0000000087600000, 0x0000000087600000, 0x0000000087700000|  0%| F|  |TAMS 0x0000000087600000, 0x0000000087600000| Untracked 
| 119|0x0000000087700000, 0x0000000087700000, 0x0000000087800000|  0%| F|  |TAMS 0x0000000087700000, 0x0000000087700000| Untracked 
| 120|0x0000000087800000, 0x0000000087800000, 0x0000000087900000|  0%| F|  |TAMS 0x0000000087800000, 0x0000000087800000| Untracked 
| 121|0x0000000087900000, 0x0000000087900000, 0x0000000087a00000|  0%| F|  |TAMS 0x0000000087900000, 0x0000000087900000| Untracked 
| 122|0x0000000087a00000, 0x0000000087a00000, 0x0000000087b00000|  0%| F|  |TAMS 0x0000000087a00000, 0x0000000087a00000| Untracked 
| 123|0x0000000087b00000, 0x0000000087b00000, 0x0000000087c00000|  0%| F|  |TAMS 0x0000000087b00000, 0x0000000087b00000| Untracked 
| 124|0x0000000087c00000, 0x0000000087c00000, 0x0000000087d00000|  0%| F|  |TAMS 0x0000000087c00000, 0x0000000087c00000| Untracked 
| 125|0x0000000087d00000, 0x0000000087d00000, 0x0000000087e00000|  0%| F|  |TAMS 0x0000000087d00000, 0x0000000087d00000| Untracked 
| 126|0x0000000087e00000, 0x0000000087e00000, 0x0000000087f00000|  0%| F|  |TAMS 0x0000000087e00000, 0x0000000087e00000| Untracked 
| 127|0x0000000087f00000, 0x0000000087f00000, 0x0000000088000000|  0%| F|  |TAMS 0x0000000087f00000, 0x0000000087f00000| Untracked 
| 128|0x0000000088000000, 0x0000000088000000, 0x0000000088100000|  0%| F|  |TAMS 0x0000000088000000, 0x0000000088000000| Untracked 
| 129|0x0000000088100000, 0x0000000088100000, 0x0000000088200000|  0%| F|  |TAMS 0x0000000088100000, 0x0000000088100000| Untracked 
| 130|0x0000000088200000, 0x0000000088200000, 0x0000000088300000|  0%| F|  |TAMS 0x0000000088200000, 0x0000000088200000| Untracked 
| 131|0x0000000088300000, 0x0000000088300000, 0x0000000088400000|  0%| F|  |TAMS 0x0000000088300000, 0x0000000088300000| Untracked 
| 132|0x0000000088400000, 0x0000000088400000, 0x0000000088500000|  0%| F|  |TAMS 0x0000000088400000, 0x0000000088400000| Untracked 
| 133|0x0000000088500000, 0x0000000088500000, 0x0000000088600000|  0%| F|  |TAMS 0x0000000088500000, 0x0000000088500000| Untracked 
| 134|0x0000000088600000, 0x0000000088600000, 0x0000000088700000|  0%| F|  |TAMS 0x0000000088600000, 0x0000000088600000| Untracked 
| 135|0x0000000088700000, 0x0000000088700000, 0x0000000088800000|  0%| F|  |TAMS 0x0000000088700000, 0x0000000088700000| Untracked 
| 136|0x0000000088800000, 0x0000000088800000, 0x0000000088900000|  0%| F|  |TAMS 0x0000000088800000, 0x0000000088800000| Untracked 
| 137|0x0000000088900000, 0x0000000088900000, 0x0000000088a00000|  0%| F|  |TAMS 0x0000000088900000, 0x0000000088900000| Untracked 
| 138|0x0000000088a00000, 0x0000000088a00000, 0x0000000088b00000|  0%| F|  |TAMS 0x0000000088a00000, 0x0000000088a00000| Untracked 
| 139|0x0000000088b00000, 0x0000000088b00000, 0x0000000088c00000|  0%| F|  |TAMS 0x0000000088b00000, 0x0000000088b00000| Untracked 
| 140|0x0000000088c00000, 0x0000000088c00000, 0x0000000088d00000|  0%| F|  |TAMS 0x0000000088c00000, 0x0000000088c00000| Untracked 
| 141|0x0000000088d00000, 0x0000000088d00000, 0x0000000088e00000|  0%| F|  |TAMS 0x0000000088d00000, 0x0000000088d00000| Untracked 
| 142|0x0000000088e00000, 0x0000000088e00000, 0x0000000088f00000|  0%| F|  |TAMS 0x0000000088e00000, 0x0000000088e00000| Untracked 
| 143|0x0000000088f00000, 0x0000000088f00000, 0x0000000089000000|  0%| F|  |TAMS 0x0000000088f00000, 0x0000000088f00000| Untracked 
| 144|0x0000000089000000, 0x0000000089000000, 0x0000000089100000|  0%| F|  |TAMS 0x0000000089000000, 0x0000000089000000| Untracked 
| 145|0x0000000089100000, 0x0000000089100000, 0x0000000089200000|  0%| F|  |TAMS 0x0000000089100000, 0x0000000089100000| Untracked 
| 146|0x0000000089200000, 0x0000000089200000, 0x0000000089300000|  0%| F|  |TAMS 0x0000000089200000, 0x0000000089200000| Untracked 
| 147|0x0000000089300000, 0x0000000089300000, 0x0000000089400000|  0%| F|  |TAMS 0x0000000089300000, 0x0000000089300000| Untracked 
| 148|0x0000000089400000, 0x0000000089400000, 0x0000000089500000|  0%| F|  |TAMS 0x0000000089400000, 0x0000000089400000| Untracked 
| 149|0x0000000089500000, 0x0000000089500000, 0x0000000089600000|  0%| F|  |TAMS 0x0000000089500000, 0x0000000089500000| Untracked 
| 150|0x0000000089600000, 0x0000000089600000, 0x0000000089700000|  0%| F|  |TAMS 0x0000000089600000, 0x0000000089600000| Untracked 
| 151|0x0000000089700000, 0x0000000089700000, 0x0000000089800000|  0%| F|  |TAMS 0x0000000089700000, 0x0000000089700000| Untracked 
| 152|0x0000000089800000, 0x0000000089800000, 0x0000000089900000|  0%| F|  |TAMS 0x0000000089800000, 0x0000000089800000| Untracked 
| 153|0x0000000089900000, 0x0000000089900000, 0x0000000089a00000|  0%| F|  |TAMS 0x0000000089900000, 0x0000000089900000| Untracked 
| 154|0x0000000089a00000, 0x0000000089a00000, 0x0000000089b00000|  0%| F|  |TAMS 0x0000000089a00000, 0x0000000089a00000| Untracked 
| 155|0x0000000089b00000, 0x0000000089b00000, 0x0000000089c00000|  0%| F|  |TAMS 0x0000000089b00000, 0x0000000089b00000| Untracked 
| 156|0x0000000089c00000, 0x0000000089c00000, 0x0000000089d00000|  0%| F|  |TAMS 0x0000000089c00000, 0x0000000089c00000| Untracked 
| 157|0x0000000089d00000, 0x0000000089d00000, 0x0000000089e00000|  0%| F|  |TAMS 0x0000000089d00000, 0x0000000089d00000| Untracked 
| 158|0x0000000089e00000, 0x0000000089e00000, 0x0000000089f00000|  0%| F|  |TAMS 0x0000000089e00000, 0x0000000089e00000| Untracked 
| 159|0x0000000089f00000, 0x0000000089f00000, 0x000000008a000000|  0%| F|  |TAMS 0x0000000089f00000, 0x0000000089f00000| Untracked 
| 160|0x000000008a000000, 0x000000008a000000, 0x000000008a100000|  0%| F|  |TAMS 0x000000008a000000, 0x000000008a000000| Untracked 
| 161|0x000000008a100000, 0x000000008a100000, 0x000000008a200000|  0%| F|  |TAMS 0x000000008a100000, 0x000000008a100000| Untracked 

Card table byte_map: [0x000001feb3fd0000,0x000001feb43d0000] _byte_map_base: 0x000001feb3bd0000

Marking Bits (Prev, Next): (CMBitMap*) 0x000001fe9f30e028, (CMBitMap*) 0x000001fe9f30e060
 Prev Bits: [0x000001feb47d0000, 0x000001feb67d0000)
 Next Bits: [0x000001feb67d0000, 0x000001feb87d0000)

Polling page: 0x000001fe9f3b0000

Metaspace:

Usage:
  Non-class:     80.87 MB capacity,    79.47 MB ( 98%) used,     1.14 MB (  1%) free+waste,   266.19 KB ( <1%) overhead. 
      Class:     12.29 MB capacity,    11.48 MB ( 93%) used,   715.75 KB (  6%) free+waste,   118.25 KB ( <1%) overhead. 
       Both:     93.16 MB capacity,    90.95 MB ( 98%) used,     1.84 MB (  2%) free+waste,   384.44 KB ( <1%) overhead. 

Virtual space:
  Non-class space:       82.00 MB reserved,      81.00 MB ( 99%) committed 
      Class space:        1.00 GB reserved,      12.32 MB (  1%) committed 
             Both:        1.08 GB reserved,      93.32 MB (  8%) committed 

Chunk freelists:
   Non-Class:  8.00 KB
       Class:  0 bytes
        Both:  8.00 KB

MaxMetaspaceSize: 17179869184.00 GB
CompressedClassSpaceSize: 1.00 GB

CodeHeap 'non-profiled nmethods': size=120064Kb used=5023Kb max_used=5023Kb free=115040Kb
 bounds [0x000001feac060000, 0x000001feac550000, 0x000001feb35a0000]
CodeHeap 'profiled nmethods': size=120000Kb used=22274Kb max_used=22274Kb free=97725Kb
 bounds [0x000001fea4b30000, 0x000001fea6100000, 0x000001feac060000]
CodeHeap 'non-nmethods': size=5696Kb used=2289Kb max_used=2325Kb free=3406Kb
 bounds [0x000001fea45a0000, 0x000001fea4810000, 0x000001fea4b30000]
 total_blobs=12114 nmethods=11222 adapters=803
 compilation: enabled
              stopped_count=0, restarted_count=0
 full_count=0

Compilation events (20 events):
Event: 34.558 Thread 0x000001febae54000 11388       2       org.gradle.api.internal.artifacts.ivyservice.ivyresolve.RepositoryChainComponentMetaDataResolver::resolve (28 bytes)
Event: 34.559 Thread 0x000001febae54000 nmethod 11388 0x000001fea60e9190 code [0x000001fea60e9360, 0x000001fea60e95d8]
Event: 34.559 Thread 0x000001febae54000 11391       3       org.gradle.internal.component.model.DefaultSelectedByVariantMatchingConfigurationMetadata::isTransitive (10 bytes)
Event: 34.559 Thread 0x000001febae54000 nmethod 11391 0x000001fea60e9710 code [0x000001fea60e98c0, 0x000001fea60e9a88]
Event: 34.567 Thread 0x000001febae54000 11393       3       java.io.File::<init> (113 bytes)
Event: 34.569 Thread 0x000001febae54000 nmethod 11393 0x000001fea60e9b90 code [0x000001fea60e9e60, 0x000001fea60ea868]
Event: 34.569 Thread 0x000001febae54000 11394       3       org.gradle.api.internal.artifacts.ivyservice.ivyresolve.RepositoryChainComponentMetaDataResolver::isFetchingMetadataCheap (82 bytes)
Event: 34.570 Thread 0x000001febae54000 nmethod 11394 0x000001fea60eac10 code [0x000001fea60eae60, 0x000001fea60eb948]
Event: 34.572 Thread 0x000001febae54000 11395       3       org.gradle.internal.component.model.MultipleCandidateMatcher::getCandidateValue (71 bytes)
Event: 34.573 Thread 0x000001febae54000 nmethod 11395 0x000001fea60ebc10 code [0x000001fea60ebe40, 0x000001fea60ec518]
Event: 34.573 Thread 0x000001febae54000 11397       3       java.util.BitSet::cardinality (32 bytes)
Event: 34.574 Thread 0x000001febae54000 nmethod 11397 0x000001fea60ec810 code [0x000001fea60ec9e0, 0x000001fea60ecc08]
Event: 34.574 Thread 0x000001febae54000 11398       3       org.gradle.api.internal.artifacts.ivyservice.resolveengine.graph.builder.ModuleSelectors::getFirstDependencyArtifact (47 bytes)
Event: 34.574 Thread 0x000001febae54000 nmethod 11398 0x000001fea60ecd10 code [0x000001fea60ecf20, 0x000001fea60ed518]
Event: 34.574 Thread 0x000001febae54000 11402       3       com.google.common.primitives.Longs::tryParse (235 bytes)
Event: 34.577 Thread 0x000001febae4e800 nmethod 11362 0x000001feac546a90 code [0x000001feac546c40, 0x000001feac547568]
Event: 34.577 Thread 0x000001febae4e800 11336       4       java.io.InputStream::<init> (5 bytes)
Event: 34.578 Thread 0x000001febae4e800 nmethod 11336 0x000001feac547a10 code [0x000001feac547ba0, 0x000001feac547bf8]
Event: 34.578 Thread 0x000001febae4e800 11330       4       java.io.Bits::putLong (86 bytes)
Event: 34.579 Thread 0x000001febae54000 nmethod 11402 0x000001fea60ed690 code [0x000001fea60edb00, 0x000001fea60efd68]

GC Heap History (20 events):
Event: 14.210 GC heap after
{Heap after GC invocations=19 (full 0):
 garbage-first heap   total 114688K, used 46310K [0x0000000080000000, 0x0000000100000000)
  region size 1024K, 2 young (2048K), 2 survivors (2048K)
 Metaspace       used 58860K, capacity 60162K, committed 60236K, reserved 1101824K
  class space    used 7432K, capacity 7941K, committed 8012K, reserved 1048576K
}
Event: 15.192 GC heap before
{Heap before GC invocations=20 (full 0):
 garbage-first heap   total 114688K, used 89318K [0x0000000080000000, 0x0000000100000000)
  region size 1024K, 45 young (46080K), 2 survivors (2048K)
 Metaspace       used 63569K, capacity 64996K, committed 65228K, reserved 1105920K
  class space    used 8009K, capacity 8566K, committed 8652K, reserved 1048576K
}
Event: 15.209 GC heap after
{Heap after GC invocations=21 (full 0):
 garbage-first heap   total 114688K, used 50253K [0x0000000080000000, 0x0000000100000000)
  region size 1024K, 6 young (6144K), 6 survivors (6144K)
 Metaspace       used 63569K, capacity 64996K, committed 65228K, reserved 1105920K
  class space    used 8009K, capacity 8566K, committed 8652K, reserved 1048576K
}
Event: 15.861 GC heap before
{Heap before GC invocations=22 (full 0):
 garbage-first heap   total 114688K, used 91213K [0x0000000080000000, 0x0000000100000000)
  region size 1024K, 46 young (47104K), 6 survivors (6144K)
 Metaspace       used 65585K, capacity 67166K, committed 67276K, reserved 1107968K
  class space    used 8299K, capacity 8878K, committed 8908K, reserved 1048576K
}
Event: 15.881 GC heap after
{Heap after GC invocations=23 (full 0):
 garbage-first heap   total 138240K, used 53438K [0x0000000080000000, 0x0000000100000000)
  region size 1024K, 4 young (4096K), 4 survivors (4096K)
 Metaspace       used 65585K, capacity 67166K, committed 67276K, reserved 1107968K
  class space    used 8299K, capacity 8878K, committed 8908K, reserved 1048576K
}
Event: 16.853 GC heap before
{Heap before GC invocations=23 (full 0):
 garbage-first heap   total 138240K, used 102590K [0x0000000080000000, 0x0000000100000000)
  region size 1024K, 52 young (53248K), 4 survivors (4096K)
 Metaspace       used 70100K, capacity 71663K, committed 71884K, reserved 1112064K
  class space    used 9034K, capacity 9628K, committed 9676K, reserved 1048576K
}
Event: 16.868 GC heap after
{Heap after GC invocations=24 (full 0):
 garbage-first heap   total 138240K, used 56439K [0x0000000080000000, 0x0000000100000000)
  region size 1024K, 7 young (7168K), 7 survivors (7168K)
 Metaspace       used 70100K, capacity 71663K, committed 71884K, reserved 1112064K
  class space    used 9034K, capacity 9628K, committed 9676K, reserved 1048576K
}
Event: 17.943 GC heap before
{Heap before GC invocations=24 (full 0):
 garbage-first heap   total 138240K, used 104567K [0x0000000080000000, 0x0000000100000000)
  region size 1024K, 54 young (55296K), 7 survivors (7168K)
 Metaspace       used 74070K, capacity 75761K, committed 76108K, reserved 1116160K
  class space    used 9581K, capacity 10207K, committed 10316K, reserved 1048576K
}
Event: 17.970 GC heap after
{Heap after GC invocations=25 (full 0):
 garbage-first heap   total 138240K, used 59683K [0x0000000080000000, 0x0000000100000000)
  region size 1024K, 7 young (7168K), 7 survivors (7168K)
 Metaspace       used 74070K, capacity 75761K, committed 76108K, reserved 1116160K
  class space    used 9581K, capacity 10207K, committed 10316K, reserved 1048576K
}
Event: 19.140 GC heap before
{Heap before GC invocations=25 (full 0):
 garbage-first heap   total 138240K, used 106787K [0x0000000080000000, 0x0000000100000000)
  region size 1024K, 54 young (55296K), 7 survivors (7168K)
 Metaspace       used 79488K, capacity 81288K, committed 81484K, reserved 1120256K
  class space    used 10309K, capacity 11008K, committed 11084K, reserved 1048576K
}
Event: 19.168 GC heap after
{Heap after GC invocations=26 (full 0):
 garbage-first heap   total 138240K, used 63344K [0x0000000080000000, 0x0000000100000000)
  region size 1024K, 7 young (7168K), 7 survivors (7168K)
 Metaspace       used 79488K, capacity 81288K, committed 81484K, reserved 1120256K
  class space    used 10309K, capacity 11008K, committed 11084K, reserved 1048576K
}
Event: 20.296 GC heap before
{Heap before GC invocations=26 (full 0):
 garbage-first heap   total 138240K, used 109424K [0x0000000080000000, 0x0000000100000000)
  region size 1024K, 53 young (54272K), 7 survivors (7168K)
 Metaspace       used 82919K, capacity 84945K, committed 85068K, reserved 1122304K
  class space    used 10745K, capacity 11500K, committed 11596K, reserved 1048576K
}
Event: 20.323 GC heap after
{Heap after GC invocations=27 (full 0):
 garbage-first heap   total 165888K, used 67255K [0x0000000080000000, 0x0000000100000000)
  region size 1024K, 7 young (7168K), 7 survivors (7168K)
 Metaspace       used 82919K, capacity 84945K, committed 85068K, reserved 1122304K
  class space    used 10745K, capacity 11500K, committed 11596K, reserved 1048576K
}
Event: 21.701 GC heap before
{Heap before GC invocations=27 (full 0):
 garbage-first heap   total 165888K, used 124599K [0x0000000080000000, 0x0000000100000000)
  region size 1024K, 64 young (65536K), 7 survivors (7168K)
 Metaspace       used 83713K, capacity 85734K, committed 85836K, reserved 1124352K
  class space    used 10794K, capacity 11564K, committed 11596K, reserved 1048576K
}
Event: 21.736 GC heap after
{Heap after GC invocations=28 (full 0):
 garbage-first heap   total 165888K, used 73044K [0x0000000080000000, 0x0000000100000000)
  region size 1024K, 6 young (6144K), 6 survivors (6144K)
 Metaspace       used 83713K, capacity 85734K, committed 85836K, reserved 1124352K
  class space    used 10794K, capacity 11564K, committed 11596K, reserved 1048576K
}
Event: 22.744 GC heap before
{Heap before GC invocations=28 (full 0):
 garbage-first heap   total 165888K, used 129364K [0x0000000080000000, 0x0000000100000000)
  region size 1024K, 62 young (63488K), 6 survivors (6144K)
 Metaspace       used 85688K, capacity 87754K, committed 87884K, reserved 1126400K
  class space    used 11048K, capacity 11827K, committed 11852K, reserved 1048576K
}
Event: 22.765 GC heap after
{Heap after GC invocations=29 (full 0):
 garbage-first heap   total 165888K, used 75674K [0x0000000080000000, 0x0000000100000000)
  region size 1024K, 3 young (3072K), 3 survivors (3072K)
 Metaspace       used 85688K, capacity 87754K, committed 87884K, reserved 1126400K
  class space    used 11048K, capacity 11827K, committed 11852K, reserved 1048576K
}
Event: 23.840 GC heap before
{Heap before GC invocations=29 (full 0):
 garbage-first heap   total 165888K, used 131994K [0x0000000080000000, 0x0000000100000000)
  region size 1024K, 59 young (60416K), 3 survivors (3072K)
 Metaspace       used 88513K, capacity 90580K, committed 90828K, reserved 1128448K
  class space    used 11385K, capacity 12171K, committed 12236K, reserved 1048576K
}
Event: 23.859 GC heap after
{Heap after GC invocations=30 (full 0):
 garbage-first heap   total 165888K, used 79246K [0x0000000080000000, 0x0000000100000000)
  region size 1024K, 7 young (7168K), 7 survivors (7168K)
 Metaspace       used 88513K, capacity 90580K, committed 90828K, reserved 1128448K
  class space    used 11385K, capacity 12171K, committed 12236K, reserved 1048576K
}
Event: 34.579 GC heap before
{Heap before GC invocations=30 (full 0):
 garbage-first heap   total 165888K, used 133518K [0x0000000080000000, 0x0000000100000000)
  region size 1024K, 61 young (62464K), 7 survivors (7168K)
 Metaspace       used 93128K, capacity 95393K, committed 95564K, reserved 1132544K
  class space    used 11751K, capacity 12585K, committed 12620K, reserved 1048576K
}

Deoptimization events (20 events):
Event: 33.767 Thread 0x000001febd59c800 Uncommon trap: trap_request=0xffffffdc fr.pc=0x000001feac513c50 relative=0x0000000000000290
Event: 33.767 Thread 0x000001febd59c800 Uncommon trap: reason=class_check action=make_not_entrant pc=0x000001feac513c50 method=java.util.ArrayList.toArray([Ljava/lang/Object;)[Ljava/lang/Object; @ 21 c2
Event: 33.767 Thread 0x000001febd59c800 DEOPT PACKING pc=0x000001feac513c50 sp=0x000000e4577f85c0
Event: 33.767 Thread 0x000001febd59c800 DEOPT UNPACKING pc=0x000001fea45c65af sp=0x000000e4577f8580 mode 2
Event: 33.914 Thread 0x000001febec64800 Uncommon trap: trap_request=0xffffff4d fr.pc=0x000001feac2ef070 relative=0x00000000000004b0
Event: 33.914 Thread 0x000001febec64800 Uncommon trap: reason=unstable_if action=reinterpret pc=0x000001feac2ef070 method=java.util.concurrent.ConcurrentLinkedQueue.poll()Ljava/lang/Object; @ 24 c2
Event: 33.914 Thread 0x000001febec64800 DEOPT PACKING pc=0x000001feac2ef070 sp=0x000000e4587fe160
Event: 33.914 Thread 0x000001febec64800 DEOPT UNPACKING pc=0x000001fea45c65af sp=0x000000e4587fe118 mode 2
Event: 34.101 Thread 0x000001febd59c800 DEOPT PACKING pc=0x000001fea5966df2 sp=0x000000e4577f79b0
Event: 34.101 Thread 0x000001febd59c800 DEOPT UNPACKING pc=0x000001fea45c6d5e sp=0x000000e4577f6ee0 mode 0
Event: 34.239 Thread 0x000001febd59c800 Uncommon trap: trap_request=0xffffff4d fr.pc=0x000001feac481320 relative=0x0000000000001540
Event: 34.239 Thread 0x000001febd59c800 Uncommon trap: reason=unstable_if action=reinterpret pc=0x000001feac481320 method=com.esotericsoftware.kryo.io.Input.readAscii()Ljava/lang/String; @ 23 c2
Event: 34.239 Thread 0x000001febd59c800 DEOPT PACKING pc=0x000001feac481320 sp=0x000000e4577f8d30
Event: 34.239 Thread 0x000001febd59c800 DEOPT UNPACKING pc=0x000001fea45c65af sp=0x000000e4577f8c88 mode 2
Event: 34.253 Thread 0x000001febd59c800 Uncommon trap: trap_request=0xffffff7e fr.pc=0x000001feac52c7f8 relative=0x00000000000003b8
Event: 34.253 Thread 0x000001febd59c800 Uncommon trap: reason=predicate action=maybe_recompile pc=0x000001feac52c7f8 method=java.util.AbstractCollection.toArray([Ljava/lang/Object;)[Ljava/lang/Object; @ 43 c2
Event: 34.253 Thread 0x000001febd59c800 DEOPT PACKING pc=0x000001feac52c7f8 sp=0x000000e4577f8b90
Event: 34.253 Thread 0x000001febd59c800 DEOPT UNPACKING pc=0x000001fea45c65af sp=0x000000e4577f8b38 mode 2
Event: 34.470 Thread 0x000001febd59c800 DEOPT PACKING pc=0x000001fea4bc4034 sp=0x000000e4577f7d00
Event: 34.470 Thread 0x000001febd59c800 DEOPT UNPACKING pc=0x000001fea45c6d5e sp=0x000000e4577f7250 mode 0

Classes redefined (0 events):
No events

Internal exceptions (20 events):
Event: 23.948 Thread 0x000001febd59c800 Exception <a 'sun/nio/fs/WindowsException'{0x0000000089e6cd60}> (0x0000000089e6cd60) thrown at [./src/hotspot/share/prims/jni.cpp, line 615]
Event: 23.948 Thread 0x000001febd59c800 Exception <a 'sun/nio/fs/WindowsException'{0x0000000089e6cde0}> (0x0000000089e6cde0) thrown at [./src/hotspot/share/prims/jni.cpp, line 615]
Event: 23.951 Thread 0x000001febd59c800 Exception <a 'sun/nio/fs/WindowsException'{0x0000000089e7de70}> (0x0000000089e7de70) thrown at [./src/hotspot/share/prims/jni.cpp, line 615]
Event: 24.125 Thread 0x000001febd59c800 Exception <a 'java/lang/NoSuchMethodError'{0x00000000899ac068}: 'int java.lang.invoke.DirectMethodHandle$Holder.invokeVirtual(java.lang.Object, java.lang.Object, java.lang.Object)'> (0x00000000899ac068) thrown at [./src/hotspot/share/interpreter/linkResolver.cpp, line 773]
Event: 24.617 Thread 0x000001febcd4f000 Exception <a 'java/lang/NoSuchMethodError'{0x0000000088cd5730}: <clinit>> (0x0000000088cd5730) thrown at [./src/hotspot/share/prims/jni.cpp, line 1362]
Event: 24.618 Thread 0x000001febcd4f000 Exception <a 'java/lang/NoSuchMethodError'{0x0000000088ce64f0}: <clinit>> (0x0000000088ce64f0) thrown at [./src/hotspot/share/prims/jni.cpp, line 1362]
Event: 24.618 Thread 0x000001febcd4f000 Exception <a 'java/lang/NoSuchMethodError'{0x0000000088ce7bd8}: <clinit>> (0x0000000088ce7bd8) thrown at [./src/hotspot/share/prims/jni.cpp, line 1362]
Event: 24.621 Thread 0x000001febcd4f000 Exception <a 'java/lang/NoSuchMethodError'{0x0000000088b31960}: <clinit>> (0x0000000088b31960) thrown at [./src/hotspot/share/prims/jni.cpp, line 1362]
Event: 24.622 Thread 0x000001febcd4f000 Exception <a 'java/lang/NoSuchMethodError'{0x0000000088b3dab0}: <clinit>> (0x0000000088b3dab0) thrown at [./src/hotspot/share/prims/jni.cpp, line 1362]
Event: 24.634 Thread 0x000001febcd4f000 Exception <a 'java/lang/NoSuchMethodError'{0x0000000088b53128}: <clinit>> (0x0000000088b53128) thrown at [./src/hotspot/share/prims/jni.cpp, line 1362]
Event: 24.652 Thread 0x000001febcd4f000 Exception <a 'java/lang/NoSuchMethodError'{0x0000000088ba0ad0}: <clinit>> (0x0000000088ba0ad0) thrown at [./src/hotspot/share/prims/jni.cpp, line 1362]
Event: 24.653 Thread 0x000001febcd4f000 Exception <a 'java/lang/NoSuchMethodError'{0x0000000088baf420}: <clinit>> (0x0000000088baf420) thrown at [./src/hotspot/share/prims/jni.cpp, line 1362]
Event: 34.076 Thread 0x000001febd59c800 Exception <a 'sun/nio/fs/WindowsException'{0x00000000876025b8}> (0x00000000876025b8) thrown at [./src/hotspot/share/prims/jni.cpp, line 615]
Event: 34.220 Thread 0x000001febd59c800 Exception <a 'java/lang/NoClassDefFoundError'{0x0000000087341918}: org/jetbrains/kotlin/gradle/plugin/KotlinBasePluginWrapper> (0x0000000087341918) thrown at [./src/hotspot/share/oops/constantPool.cpp, line 775]
Event: 34.321 Thread 0x000001febd59c800 Exception <a 'sun/nio/fs/WindowsException'{0x00000000871ece70}> (0x00000000871ece70) thrown at [./src/hotspot/share/prims/jni.cpp, line 615]
Event: 34.344 Thread 0x000001febd59c800 Exception <a 'sun/nio/fs/WindowsException'{0x0000000087089c60}> (0x0000000087089c60) thrown at [./src/hotspot/share/prims/jni.cpp, line 615]
Event: 34.344 Thread 0x000001febd59c800 Exception <a 'sun/nio/fs/WindowsException'{0x000000008708afd8}> (0x000000008708afd8) thrown at [./src/hotspot/share/prims/jni.cpp, line 615]
Event: 34.344 Thread 0x000001febd59c800 Exception <a 'sun/nio/fs/WindowsException'{0x000000008708c3a0}> (0x000000008708c3a0) thrown at [./src/hotspot/share/prims/jni.cpp, line 615]
Event: 34.344 Thread 0x000001febd59c800 Exception <a 'sun/nio/fs/WindowsException'{0x000000008708d768}> (0x000000008708d768) thrown at [./src/hotspot/share/prims/jni.cpp, line 615]
Event: 34.426 Thread 0x000001febd59c800 Exception <a 'sun/nio/fs/WindowsException'{0x0000000086d45948}> (0x0000000086d45948) thrown at [./src/hotspot/share/prims/jni.cpp, line 615]

Events (20 events):
Event: 34.522 Executing VM operation: RevokeBias done
Event: 34.522 Executing VM operation: RevokeBias
Event: 34.523 Executing VM operation: RevokeBias done
Event: 34.523 Executing VM operation: RevokeBias
Event: 34.523 Executing VM operation: RevokeBias done
Event: 34.523 Executing VM operation: RevokeBias
Event: 34.523 Executing VM operation: RevokeBias done
Event: 34.528 Executing VM operation: RevokeBias
Event: 34.528 Executing VM operation: RevokeBias done
Event: 34.531 Executing VM operation: RevokeBias
Event: 34.532 Executing VM operation: RevokeBias done
Event: 34.532 Executing VM operation: RevokeBias
Event: 34.532 Executing VM operation: RevokeBias done
Event: 34.533 Executing VM operation: RevokeBias
Event: 34.533 Executing VM operation: RevokeBias done
Event: 34.538 Executing VM operation: RevokeBias
Event: 34.538 Executing VM operation: RevokeBias done
Event: 34.544 Executing VM operation: RevokeBias
Event: 34.544 Executing VM operation: RevokeBias done
Event: 34.579 Executing VM operation: G1CollectForAllocation


Dynamic libraries:
0x00007ff7abf50000 - 0x00007ff7abf5a000 	C:\Program Files\Android\Android Studio\jre\bin\java.exe
0x00007fffa0e90000 - 0x00007fffa1085000 	C:\Windows\SYSTEM32\ntdll.dll
0x00007fffa0050000 - 0x00007fffa010e000 	C:\Windows\System32\KERNEL32.DLL
0x00007fff9ec00000 - 0x00007fff9eec8000 	C:\Windows\System32\KERNELBASE.dll
0x00007fff9eb00000 - 0x00007fff9ec00000 	C:\Windows\System32\ucrtbase.dll
0x00007fff93ec0000 - 0x00007fff93ed9000 	C:\Program Files\Android\Android Studio\jre\bin\jli.dll
0x00007fff93ea0000 - 0x00007fff93eb7000 	C:\Program Files\Android\Android Studio\jre\bin\VCRUNTIME140.dll
0x00007fffa0c90000 - 0x00007fffa0e31000 	C:\Windows\System32\USER32.dll
0x00007fff92d40000 - 0x00007fff92fda000 	C:\Windows\WinSxS\amd64_microsoft.windows.common-controls_6595b64144ccf1df_6.0.19041.1110_none_60b5254171f9507e\COMCTL32.dll
0x00007fff9eaa0000 - 0x00007fff9eac2000 	C:\Windows\System32\win32u.dll
0x00007fffa0020000 - 0x00007fffa004b000 	C:\Windows\System32\GDI32.dll
0x00007fff9fdb0000 - 0x00007fff9fe4e000 	C:\Windows\System32\msvcrt.dll
0x00007fff9e690000 - 0x00007fff9e79d000 	C:\Windows\System32\gdi32full.dll
0x00007fff9e5a0000 - 0x00007fff9e63d000 	C:\Windows\System32\msvcp_win.dll
0x00007fffa0c60000 - 0x00007fffa0c90000 	C:\Windows\System32\IMM32.DLL
0x00007fff75a30000 - 0x00007fff75acd000 	C:\Program Files\Android\Android Studio\jre\bin\msvcp140.dll
0x00007fff710a0000 - 0x00007fff71b75000 	C:\Program Files\Android\Android Studio\jre\bin\server\jvm.dll
0x00007fffa0ae0000 - 0x00007fffa0b8c000 	C:\Windows\System32\ADVAPI32.dll
0x00007fffa0110000 - 0x00007fffa01ab000 	C:\Windows\System32\sechost.dll
0x00007fff9f7e0000 - 0x00007fff9f90a000 	C:\Windows\System32\RPCRT4.dll
0x00007fffa0c50000 - 0x00007fffa0c58000 	C:\Windows\System32\PSAPI.DLL
0x00007fff99c20000 - 0x00007fff99c29000 	C:\Windows\SYSTEM32\WSOCK32.dll
0x00007fff91820000 - 0x00007fff91847000 	C:\Windows\SYSTEM32\WINMM.dll
0x00007fffa0270000 - 0x00007fffa02db000 	C:\Windows\System32\WS2_32.dll
0x00007fff95150000 - 0x00007fff9515a000 	C:\Windows\SYSTEM32\VERSION.dll
0x00007fff9c640000 - 0x00007fff9c652000 	C:\Windows\SYSTEM32\kernel.appcore.dll
0x00007fff93ee0000 - 0x00007fff93ef1000 	C:\Program Files\Android\Android Studio\jre\bin\verify.dll
0x00007fff8a970000 - 0x00007fff8ab54000 	C:\Windows\SYSTEM32\DBGHELP.DLL
0x00007fff8a8d0000 - 0x00007fff8a8fc000 	C:\Windows\SYSTEM32\dbgcore.DLL
0x00007fff9ea10000 - 0x00007fff9ea92000 	C:\Windows\System32\bcryptPrimitives.dll
0x00007fff8f520000 - 0x00007fff8f549000 	C:\Program Files\Android\Android Studio\jre\bin\java.dll
0x00007fff99b30000 - 0x00007fff99b3b000 	C:\Program Files\Android\Android Studio\jre\bin\jimage.dll
0x00007fff90a80000 - 0x00007fff90a98000 	C:\Program Files\Android\Android Studio\jre\bin\zip.dll
0x00007fff9ef30000 - 0x00007fff9f674000 	C:\Windows\System32\SHELL32.dll
0x00007fff9c840000 - 0x00007fff9cfd4000 	C:\Windows\SYSTEM32\windows.storage.dll
0x00007fffa0470000 - 0x00007fffa07c5000 	C:\Windows\System32\combase.dll
0x00007fff9df20000 - 0x00007fff9df4e000 	C:\Windows\SYSTEM32\Wldp.dll
0x00007fff9fe50000 - 0x00007fff9fefd000 	C:\Windows\System32\SHCORE.dll
0x00007fffa01b0000 - 0x00007fffa0205000 	C:\Windows\System32\shlwapi.dll
0x00007fff9e4e0000 - 0x00007fff9e4ff000 	C:\Windows\SYSTEM32\profapi.dll
0x00007fff8f500000 - 0x00007fff8f51a000 	C:\Program Files\Android\Android Studio\jre\bin\net.dll
0x00007fff96f80000 - 0x00007fff9708c000 	C:\Windows\SYSTEM32\WINHTTP.dll
0x00007fff9dc80000 - 0x00007fff9dcea000 	C:\Windows\system32\mswsock.dll
0x00007fff8da00000 - 0x00007fff8da14000 	C:\Program Files\Android\Android Studio\jre\bin\nio.dll
0x00007fff90c70000 - 0x00007fff90c97000 	C:\Users\Admin\.gradle\native\e1d6ef7f7dcc3fd88c89a11ec53ec762bb8ba0a96d01ffa2cd45eb1d1d8dd5c5\windows-amd64\native-platform.dll
0x00007fff6c700000 - 0x00007fff6c844000 	C:\Users\Admin\.gradle\native\5664cfc778a61ccfe75a443a1ab52a65af34e5dc3c78e0209fed803814484fcb\windows-amd64\native-platform-file-events.dll
0x00007fff99400000 - 0x00007fff9940a000 	C:\Program Files\Android\Android Studio\jre\bin\management.dll
0x00007fff99340000 - 0x00007fff9934d000 	C:\Program Files\Android\Android Studio\jre\bin\management_ext.dll
0x00007fff9de80000 - 0x00007fff9de98000 	C:\Windows\SYSTEM32\CRYPTSP.dll
0x00007fff9d7b0000 - 0x00007fff9d7e4000 	C:\Windows\system32\rsaenh.dll
0x00007fff9ead0000 - 0x00007fff9eaf7000 	C:\Windows\System32\bcrypt.dll
0x00007fff9e4a0000 - 0x00007fff9e4ce000 	C:\Windows\SYSTEM32\USERENV.dll
0x00007fff9de70000 - 0x00007fff9de7c000 	C:\Windows\SYSTEM32\CRYPTBASE.dll
0x00007fff9d970000 - 0x00007fff9d9ab000 	C:\Windows\SYSTEM32\IPHLPAPI.DLL
0x00007fffa0e40000 - 0x00007fffa0e48000 	C:\Windows\System32\NSI.dll
0x00007fff97e00000 - 0x00007fff97e17000 	C:\Windows\SYSTEM32\dhcpcsvc6.DLL
0x00007fff97d10000 - 0x00007fff97d2d000 	C:\Windows\SYSTEM32\dhcpcsvc.DLL
0x00007fff9d9b0000 - 0x00007fff9da7b000 	C:\Windows\SYSTEM32\DNSAPI.dll

dbghelp: loaded successfully - version: 4.0.5 - missing functions: none
symbol engine: initialized successfully - sym options: 0x614 - pdb path: .;C:\Program Files\Android\Android Studio\jre\bin;C:\Windows\SYSTEM32;C:\Windows\WinSxS\amd64_microsoft.windows.common-controls_6595b64144ccf1df_6.0.19041.1110_none_60b5254171f9507e;C:\Program Files\Android\Android Studio\jre\bin\server;C:\Users\Admin\.gradle\native\e1d6ef7f7dcc3fd88c89a11ec53ec762bb8ba0a96d01ffa2cd45eb1d1d8dd5c5\windows-amd64;C:\Users\Admin\.gradle\native\5664cfc778a61ccfe75a443a1ab52a65af34e5dc3c78e0209fed803814484fcb\windows-amd64

VM Arguments:
jvm_args: --add-opens=java.base/java.util=ALL-UNNAMED --add-opens=java.base/java.lang=ALL-UNNAMED --add-opens=java.base/java.lang.invoke=ALL-UNNAMED --add-opens=java.base/java.util=ALL-UNNAMED --add-opens=java.prefs/java.util.prefs=ALL-UNNAMED --add-opens=java.prefs/java.util.prefs=ALL-UNNAMED --add-opens=java.base/java.nio.charset=ALL-UNNAMED --add-opens=java.base/java.net=ALL-UNNAMED --add-opens=java.base/java.util.concurrent.atomic=ALL-UNNAMED -Xmx2048m -Dfile.encoding=UTF-8 -Duser.country=US -Duser.language=en -Duser.variant 
java_command: org.gradle.launcher.daemon.bootstrap.GradleDaemon 7.2
java_class_path (initial): C:\Users\Admin\.gradle\wrapper\dists\gradle-7.2-bin\2dnblmf4td7x66yl1d74lt32g\gradle-7.2\lib\gradle-launcher-7.2.jar
Launcher Type: SUN_STANDARD

[Global flags]
     intx CICompilerCount                          = 3                                         {product} {ergonomic}
     uint ConcGCThreads                            = 1                                         {product} {ergonomic}
     uint G1ConcRefinementThreads                  = 4                                         {product} {ergonomic}
   size_t G1HeapRegionSize                         = 1048576                                   {product} {ergonomic}
    uintx GCDrainStackTargetSize                   = 64                                        {product} {ergonomic}
   size_t InitialHeapSize                          = 67108864                                  {product} {ergonomic}
   size_t MarkStackSize                            = 4194304                                   {product} {ergonomic}
   size_t MaxHeapSize                              = 2147483648                                {product} {command line}
   size_t MaxNewSize                               = 1287651328                                {product} {ergonomic}
   size_t MinHeapDeltaBytes                        = 1048576                                   {product} {ergonomic}
    uintx NonNMethodCodeHeapSize                   = 5830732                                {pd product} {ergonomic}
    uintx NonProfiledCodeHeapSize                  = 122913754                              {pd product} {ergonomic}
    uintx ProfiledCodeHeapSize                     = 122913754                              {pd product} {ergonomic}
    uintx ReservedCodeCacheSize                    = 251658240                              {pd product} {ergonomic}
     bool SegmentedCodeCache                       = true                                      {product} {ergonomic}
     bool UseCompressedClassPointers               = true                                 {lp64_product} {ergonomic}
     bool UseCompressedOops                        = true                                 {lp64_product} {ergonomic}
     bool UseG1GC                                  = true                                      {product} {ergonomic}
     bool UseLargePagesIndividualAllocation        = false                                  {pd product} {ergonomic}

Logging:
Log output configuration:
 #0: stdout all=warning uptime,level,tags
 #1: stderr all=off uptime,level,tags

Environment Variables:
PATH=C:\Program Files (x86)\Common Files\Oracle\Java\javapath;C:\Program Files (x86)\VMware\VMware Player\bin\;C:\Windows\system32;C:\Windows;C:\Windows\System32\Wbem;C:\Windows\System32\WindowsPowerShell\v1.0\;C:\Windows\System32\OpenSSH\;C:\Program Files\dotnet\;C:\Users\Admin\AppData\Local\Microsoft\WindowsApps;C:\Users\Admin\.dotnet\tools
USERNAME=Admin
OS=Windows_NT
PROCESSOR_IDENTIFIER=Intel64 Family 6 Model 42 Stepping 7, GenuineIntel



---------------  S Y S T E M  ---------------

OS: Windows 10 , 64 bit Build 19041 (10.0.19041.1348)
OS uptime: 0 days 3:04 hours

CPU:total 4 (initial active 4) (2 cores per cpu, 2 threads per core) family 6 model 42 stepping 7 microcode 0x2f, cmov, cx8, fxsr, mmx, sse, sse2, sse3, ssse3, sse4.1, sse4.2, popcnt, avx, clmul, ht, tsc, tscinvbit

Memory: 4k page, system-wide physical 4004M (326M free)
TotalPageFile size 4004M (AvailPageFile size 5M)
current process WorkingSet (physical memory assigned to process): 284M, peak: 333M
current process commit charge ("private bytes"): 431M, peak: 464M

vm_info: OpenJDK 64-Bit Server VM (11.0.11+9-b60-7590822) for windows-amd64 JRE (11.0.11+9-b60-7590822), built on Jul 29 2021 21:43:44 by "builder" with MS VC++ 14.0 (VS2015)

END.
