#
# A fatal error has been detected by the Java Runtime Environment:
#
#  EXCEPTION_STACK_OVERFLOW (0xc00000fd) at pc=0x00007fff0b62fdf8, pid=1624, tid=1316
#
# JRE version: OpenJDK Runtime Environment (11.0.11+9) (build 11.0.11+9-b60-7590822)
# Java VM: OpenJDK 64-Bit Server VM (11.0.11+9-b60-7590822, mixed mode, tiered, compressed oops, g1 gc, windows-amd64)
# Problematic frame:
# V  [jvm.dll+0x74fdf8]
#
# No core dump will be written. Minidumps are not enabled by default on client versions of Windows
#
# If you would like to submit a bug report, please visit:
#   https://bugreport.java.com/bugreport/crash.jsp
#

---------------  S U M M A R Y ------------

Command Line: --add-opens=java.base/java.util=ALL-UNNAMED --add-opens=java.base/java.lang=ALL-UNNAMED --add-opens=java.base/java.lang.invoke=ALL-UNNAMED --add-opens=java.base/java.util=ALL-UNNAMED --add-opens=java.prefs/java.util.prefs=ALL-UNNAMED --add-opens=java.prefs/java.util.prefs=ALL-UNNAMED --add-opens=java.base/java.nio.charset=ALL-UNNAMED --add-opens=java.base/java.net=ALL-UNNAMED --add-opens=java.base/java.util.concurrent.atomic=ALL-UNNAMED -Xmx2048m -Dfile.encoding=UTF-8 -Duser.country=US -Duser.language=en -Duser.variant org.gradle.launcher.daemon.bootstrap.GradleDaemon 7.2

Host: Intel(R) Core(TM) i3-2330M CPU @ 2.20GHz, 4 cores, 3G,  Windows 10 , 64 bit Build 19041 (10.0.19041.1348)
Time: Sat Mar 26 17:12:33 2022 SE Asia Standard Time elapsed time: 3.377867 seconds (0d 0h 0m 3s)

---------------  T H R E A D  ---------------

Current thread (0x0000028d9e0cf000):  GCTaskThread "GC Thread#2" [stack: 0x000000aad4200000,0x000000aad4300000] [id=1316]

Stack: [0x000000aad4200000,0x000000aad4300000],  sp=0x000000aad42ff180,  free space=1020k
Native frames: (J=compiled Java code, j=interpreted, Vv=VM code, C=native code)
V  [jvm.dll+0x74fdf8]
V  [jvm.dll+0x6ecc0e]
V  [jvm.dll+0x6ed248]
V  [jvm.dll+0x6ed1e4]
V  [jvm.dll+0x311b65]
V  [jvm.dll+0x3116c8]
V  [jvm.dll+0x2de252]
V  [jvm.dll+0x74d230]
V  [jvm.dll+0x6e80b5]
