#
# There is insufficient memory for the Java Runtime Environment to continue.
# Native memory allocation (malloc) failed to allocate 1833456 bytes for Chunk::new
# Possible reasons:
#   The system is out of physical RAM or swap space
#   The process is running with CompressedOops enabled, and the Java Heap may be blocking the growth of the native heap
# Possible solutions:
#   Reduce memory load on the system
#   Increase physical memory or swap space
#   Check if swap backing store is full
#   Decrease Java heap size (-Xmx/-Xms)
#   Decrease number of Java threads
#   Decrease Java thread stack sizes (-Xss)
#   Set larger code cache with -XX:ReservedCodeCacheSize=
#   JVM is running with Unscaled Compressed Oops mode in which the Java heap is
#     placed in the first 4GB address space. The Java Heap base address is the
#     maximum limit for the native heap growth. Please use -XX:HeapBaseMinAddress
#     to set the Java Heap base and to place the Java Heap above 4GB virtual address.
# This output file may be truncated or incomplete.
#
#  Out of Memory Error (./src/hotspot/share/memory/arena.cpp:197), pid=1796, tid=2360
#
# JRE version: OpenJDK Runtime Environment (11.0.11+9) (build 11.0.11+9-b60-7590822)
# Java VM: OpenJDK 64-Bit Server VM (11.0.11+9-b60-7590822, mixed mode, tiered, compressed oops, g1 gc, windows-amd64)
# No core dump will be written. Minidumps are not enabled by default on client versions of Windows
#

---------------  S U M M A R Y ------------

Command Line: --add-opens=java.base/java.util=ALL-UNNAMED --add-opens=java.base/java.lang=ALL-UNNAMED --add-opens=java.base/java.lang.invoke=ALL-UNNAMED --add-opens=java.base/java.util=ALL-UNNAMED --add-opens=java.prefs/java.util.prefs=ALL-UNNAMED --add-opens=java.prefs/java.util.prefs=ALL-UNNAMED --add-opens=java.base/java.nio.charset=ALL-UNNAMED --add-opens=java.base/java.net=ALL-UNNAMED --add-opens=java.base/java.util.concurrent.atomic=ALL-UNNAMED -Xmx2048m -Dfile.encoding=UTF-8 -Duser.country=US -Duser.language=en -Duser.variant org.gradle.launcher.daemon.bootstrap.GradleDaemon 7.2

Host: Intel(R) Core(TM) i3-2330M CPU @ 2.20GHz, 4 cores, 3G,  Windows 10 , 64 bit Build 19041 (10.0.19041.1348)
Time: Mon Apr 25 16:51:13 2022 SE Asia Standard Time elapsed time: 4383.064284 seconds (0d 1h 13m 3s)

---------------  T H R E A D  ---------------

Current thread (0x000001512f9ed800):  JavaThread "C2 CompilerThread0" daemon [_thread_in_native, id=2360, stack(0x00000012fcc00000,0x00000012fcd00000)]


Current CompileTask:
C2:4383064 13848   !   4       java.net.URLClassLoader$1::run (63 bytes)

Stack: [0x00000012fcc00000,0x00000012fcd00000]
Native frames: (J=compiled Java code, j=interpreted, Vv=VM code, C=native code)
V  [jvm.dll+0x5f214a]
V  [jvm.dll+0x726fb5]
V  [jvm.dll+0x7285cd]
V  [jvm.dll+0x728c83]
V  [jvm.dll+0x243278]
V  [jvm.dll+0xbc53c]
V  [jvm.dll+0xbca3c]
V  [jvm.dll+0x353e7d]
V  [jvm.dll+0x321893]
V  [jvm.dll+0x320d8a]
V  [jvm.dll+0x1fc1e2]
V  [jvm.dll+0x1fb3d4]
V  [jvm.dll+0x183d6c]
V  [jvm.dll+0x209a57]
V  [jvm.dll+0x2082a1]
V  [jvm.dll+0x6ef58f]
V  [jvm.dll+0x6e80b5]
V  [jvm.dll+0x5f1036]
C  [ucrtbase.dll+0x21bb2]
C  [KERNEL32.DLL+0x17034]
C  [ntdll.dll+0x52651]


---------------  P R O C E S S  ---------------

Threads class SMR info:
_java_thread_list=0x0000015134220e90, length=86, elements={
0x000001511562d000, 0x000001512f988000, 0x000001512f996800, 0x000001512f9e6800,
0x000001512f9e8800, 0x000001512f9ea800, 0x000001512f9ed800, 0x000001512f9f3000,
0x000001512f9f6800, 0x000001513048b800, 0x0000015131f0e800, 0x0000015132866000,
0x0000015133041800, 0x00000151316b4000, 0x00000151316b5000, 0x00000151316b6000,
0x0000015132e2d800, 0x0000015132e2e800, 0x0000015132e2c000, 0x0000015132e2f800,
0x0000015132e2a800, 0x0000015132e2b000, 0x0000015132e34000, 0x0000015132e33800,
0x00000151314ce800, 0x0000015136174000, 0x00000151314c1000, 0x00000151314c1800,
0x00000151314c2800, 0x00000151314c4000, 0x00000151314c3800, 0x00000151314c5000,
0x00000151314c0000, 0x00000151314ca000, 0x00000151314c5800, 0x00000151314c6800,
0x00000151314ca800, 0x00000151314cb800, 0x00000151314cc800, 0x00000151314c9000,
0x00000151314c7800, 0x00000151314ce000, 0x00000151314c8000, 0x0000015136170000,
0x0000015136175000, 0x0000015136173800, 0x0000015136176000, 0x0000015136176800,
0x0000015136171000, 0x0000015136177800, 0x0000015136172000, 0x0000015136178800,
0x0000015136172800, 0x0000015136179000, 0x000001513617e000, 0x000001513617d000,
0x000001513617f000, 0x000001513617b000, 0x000001513617b800, 0x000001513617a000,
0x000001513617c800, 0x0000015132e2d000, 0x0000015132e35000, 0x0000015132e36000,
0x0000015132e30000, 0x0000015132e36800, 0x0000015132e31000, 0x0000015132e37800,
0x0000015132e32000, 0x0000015132e39000, 0x00000151316b3800, 0x0000015132c89000,
0x0000015132c8b000, 0x0000015132c8a800, 0x0000015132c8c000, 0x0000015132c8d000,
0x0000015132c89800, 0x0000015132c87000, 0x0000015132c8d800, 0x0000015132c88000,
0x0000015132c90000, 0x0000015132c8f800, 0x0000015132c92800, 0x0000015132c91000,
0x0000015132c93800, 0x0000015132c92000
}

Java Threads: ( => current thread )
  0x000001511562d000 JavaThread "main" [_thread_blocked, id=2388, stack(0x00000012fc000000,0x00000012fc100000)]
  0x000001512f988000 JavaThread "Reference Handler" daemon [_thread_blocked, id=2304, stack(0x00000012fc700000,0x00000012fc800000)]
  0x000001512f996800 JavaThread "Finalizer" daemon [_thread_blocked, id=2296, stack(0x00000012fc800000,0x00000012fc900000)]
  0x000001512f9e6800 JavaThread "Signal Dispatcher" daemon [_thread_blocked, id=2364, stack(0x00000012fc900000,0x00000012fca00000)]
  0x000001512f9e8800 JavaThread "Attach Listener" daemon [_thread_blocked, id=2356, stack(0x00000012fca00000,0x00000012fcb00000)]
  0x000001512f9ea800 JavaThread "Service Thread" daemon [_thread_blocked, id=2348, stack(0x00000012fcb00000,0x00000012fcc00000)]
=>0x000001512f9ed800 JavaThread "C2 CompilerThread0" daemon [_thread_in_native, id=2360, stack(0x00000012fcc00000,0x00000012fcd00000)]
  0x000001512f9f3000 JavaThread "C1 CompilerThread0" daemon [_thread_in_native, id=2384, stack(0x00000012fcd00000,0x00000012fce00000)]
  0x000001512f9f6800 JavaThread "Sweeper thread" daemon [_thread_blocked, id=2396, stack(0x00000012fce00000,0x00000012fcf00000)]
  0x000001513048b800 JavaThread "Common-Cleaner" daemon [_thread_blocked, id=2392, stack(0x00000012fcf00000,0x00000012fd000000)]
  0x0000015131f0e800 JavaThread "Daemon health stats" [_thread_blocked, id=3504, stack(0x00000012fd300000,0x00000012fd400000)]
  0x0000015132866000 JavaThread "Incoming local TCP Connector on port 59901" [_thread_in_native, id=3356, stack(0x00000012fd100000,0x00000012fd200000)]
  0x0000015133041800 JavaThread "Daemon periodic checks" [_thread_blocked, id=3464, stack(0x00000012fd400000,0x00000012fd500000)]
  0x00000151316b4000 JavaThread "Cache worker for journal cache (C:\Users\Admin\.gradle\caches\journal-1)" [_thread_blocked, id=3784, stack(0x00000012fde00000,0x00000012fdf00000)]
  0x00000151316b5000 JavaThread "File lock request listener" [_thread_in_native, id=5196, stack(0x00000012fdf00000,0x00000012fe000000)]
  0x00000151316b6000 JavaThread "Cache worker for file hash cache (C:\Users\Admin\.gradle\caches\7.2\fileHashes)" [_thread_blocked, id=5404, stack(0x00000012fe000000,0x00000012fe100000)]
  0x0000015132e2d800 JavaThread "File watcher server" daemon [_thread_in_native, id=904, stack(0x00000012fe300000,0x00000012fe400000)]
  0x0000015132e2e800 JavaThread "File watcher consumer" daemon [_thread_blocked, id=616, stack(0x00000012fe400000,0x00000012fe500000)]
  0x0000015132e2c000 JavaThread "jar transforms" [_thread_blocked, id=5508, stack(0x00000012fe500000,0x00000012fe600000)]
  0x0000015132e2f800 JavaThread "jar transforms Thread 2" [_thread_blocked, id=5244, stack(0x00000012fe600000,0x00000012fe700000)]
  0x0000015132e2a800 JavaThread "jar transforms Thread 3" [_thread_blocked, id=5232, stack(0x00000012fe700000,0x00000012fe800000)]
  0x0000015132e2b000 JavaThread "jar transforms Thread 4" [_thread_blocked, id=3100, stack(0x00000012fe800000,0x00000012fe900000)]
  0x0000015132e34000 JavaThread "Cache worker for execution history cache (C:\Users\Admin\.gradle\caches\7.2\executionHistory)" [_thread_in_Java, id=1924, stack(0x00000012feb00000,0x00000012fec00000)]
  0x0000015132e33800 JavaThread "Cache worker for file content cache (C:\Users\Admin\.gradle\caches\7.2\fileContent)" [_thread_blocked, id=3732, stack(0x00000012fed00000,0x00000012fee00000)]
  0x00000151314ce800 JavaThread "Memory manager" [_thread_blocked, id=5532, stack(0x0000001281900000,0x0000001281a00000)]
  0x0000015136174000 JavaThread "pool-3-thread-1" [_thread_blocked, id=1424, stack(0x0000001281a00000,0x0000001281b00000)]
  0x00000151314c1000 JavaThread "Daemon Thread 2" [_thread_blocked, id=640, stack(0x0000001280000000,0x0000001280100000)]
  0x00000151314c1800 JavaThread "Handler for socket connection from /127.0.0.1:59901 to /127.0.0.1:59986" [_thread_in_native, id=4140, stack(0x0000001280100000,0x0000001280200000)]
  0x00000151314c2800 JavaThread "Cancel handler" [_thread_blocked, id=3652, stack(0x0000001280200000,0x0000001280300000)]
  0x00000151314c4000 JavaThread "Daemon worker Thread 2" [_thread_blocked, id=4044, stack(0x0000001280300000,0x0000001280400000)]
  0x00000151314c3800 JavaThread "Asynchronous log dispatcher for DefaultDaemonConnection: socket connection from /127.0.0.1:59901 to /127.0.0.1:59986" [_thread_blocked, id=5288, stack(0x0000001280400000,0x0000001280500000)]
  0x00000151314c5000 JavaThread "Stdin handler" [_thread_blocked, id=500, stack(0x0000001280500000,0x0000001280600000)]
  0x00000151314c0000 JavaThread "Daemon client event forwarder" [_thread_blocked, id=72, stack(0x0000001280600000,0x0000001280700000)]
  0x00000151314ca000 JavaThread "Cache worker for file hash cache (C:\Users\Admin\AndroidStudioProjects\DailySelfie\.gradle\7.2\fileHashes)" [_thread_blocked, id=4264, stack(0x0000001280700000,0x0000001280800000)]
  0x00000151314c5800 JavaThread "Cache worker for checksums cache (C:\Users\Admin\AndroidStudioProjects\DailySelfie\.gradle\checksums)" [_thread_blocked, id=2412, stack(0x0000001280800000,0x0000001280900000)]
  0x00000151314c6800 JavaThread "Cache worker for cache directory md-supplier (C:\Users\Admin\.gradle\caches\7.2\md-supplier)" [_thread_blocked, id=940, stack(0x0000001280900000,0x0000001280a00000)]
  0x00000151314ca800 JavaThread "Cache worker for cache directory md-rule (C:\Users\Admin\.gradle\caches\7.2\md-rule)" [_thread_blocked, id=5316, stack(0x0000001280a00000,0x0000001280b00000)]
  0x00000151314cb800 JavaThread "Cache worker for dependencies-accessors (C:\Users\Admin\AndroidStudioProjects\DailySelfie\.gradle\7.2\dependencies-accessors)" [_thread_blocked, id=2716, stack(0x0000001280b00000,0x0000001280c00000)]
  0x00000151314cc800 JavaThread "Cache worker for Build Output Cleanup Cache (C:\Users\Admin\AndroidStudioProjects\DailySelfie\.gradle\buildOutputCleanup)" [_thread_blocked, id=4708, stack(0x0000001280c00000,0x0000001280d00000)]
  0x00000151314c9000 JavaThread "Unconstrained build operations" [_thread_blocked, id=2204, stack(0x0000001280d00000,0x0000001280e00000)]
  0x00000151314c7800 JavaThread "Unconstrained build operations Thread 2" [_thread_blocked, id=3668, stack(0x0000001280e00000,0x0000001280f00000)]
  0x00000151314ce000 JavaThread "Unconstrained build operations Thread 3" [_thread_blocked, id=1864, stack(0x0000001280f00000,0x0000001281000000)]
  0x00000151314c8000 JavaThread "Unconstrained build operations Thread 4" [_thread_blocked, id=5028, stack(0x0000001281000000,0x0000001281100000)]
  0x0000015136170000 JavaThread "Unconstrained build operations Thread 5" [_thread_blocked, id=4684, stack(0x0000001281100000,0x0000001281200000)]
  0x0000015136175000 JavaThread "Unconstrained build operations Thread 6" [_thread_in_Java, id=3576, stack(0x0000001281200000,0x0000001281300000)]
  0x0000015136173800 JavaThread "Unconstrained build operations Thread 7" [_thread_blocked, id=2672, stack(0x0000001281300000,0x0000001281400000)]
  0x0000015136176000 JavaThread "Unconstrained build operations Thread 8" [_thread_blocked, id=5800, stack(0x0000001281400000,0x0000001281500000)]
  0x0000015136176800 JavaThread "Unconstrained build operations Thread 9" [_thread_blocked, id=3240, stack(0x0000001281500000,0x0000001281600000)]
  0x0000015136171000 JavaThread "Unconstrained build operations Thread 10" [_thread_blocked, id=5352, stack(0x0000001281600000,0x0000001281700000)]
  0x0000015136177800 JavaThread "Unconstrained build operations Thread 11" [_thread_blocked, id=3036, stack(0x0000001281700000,0x0000001281800000)]
  0x0000015136172000 JavaThread "Unconstrained build operations Thread 12" [_thread_blocked, id=1776, stack(0x0000001281800000,0x0000001281900000)]
  0x0000015136178800 JavaThread "Unconstrained build operations Thread 13" [_thread_blocked, id=4208, stack(0x0000001281b00000,0x0000001281c00000)]
  0x0000015136172800 JavaThread "Unconstrained build operations Thread 14" [_thread_blocked, id=1164, stack(0x0000001281c00000,0x0000001281d00000)]
  0x0000015136179000 JavaThread "Unconstrained build operations Thread 15" [_thread_blocked, id=4160, stack(0x0000001281d00000,0x0000001281e00000)]
  0x000001513617e000 JavaThread "Unconstrained build operations Thread 16" [_thread_blocked, id=4864, stack(0x0000001281e00000,0x0000001281f00000)]
  0x000001513617d000 JavaThread "Unconstrained build operations Thread 17" [_thread_blocked, id=6076, stack(0x0000001281f00000,0x0000001282000000)]
  0x000001513617f000 JavaThread "Unconstrained build operations Thread 18" [_thread_blocked, id=5664, stack(0x0000001282000000,0x0000001282100000)]
  0x000001513617b000 JavaThread "Unconstrained build operations Thread 19" [_thread_blocked, id=4144, stack(0x0000001282100000,0x0000001282200000)]
  0x000001513617b800 JavaThread "Unconstrained build operations Thread 20" [_thread_blocked, id=1416, stack(0x0000001282200000,0x0000001282300000)]
  0x000001513617a000 JavaThread "Unconstrained build operations Thread 21" [_thread_blocked, id=4156, stack(0x0000001282300000,0x0000001282400000)]
  0x000001513617c800 JavaThread "Unconstrained build operations Thread 22" [_thread_blocked, id=4124, stack(0x0000001282400000,0x0000001282500000)]
  0x0000015132e2d000 JavaThread "Unconstrained build operations Thread 23" [_thread_blocked, id=3808, stack(0x0000001282500000,0x0000001282600000)]
  0x0000015132e35000 JavaThread "Unconstrained build operations Thread 24" [_thread_blocked, id=2560, stack(0x0000001282600000,0x0000001282700000)]
  0x0000015132e36000 JavaThread "Unconstrained build operations Thread 25" [_thread_blocked, id=5344, stack(0x0000001282700000,0x0000001282800000)]
  0x0000015132e30000 JavaThread "Unconstrained build operations Thread 26" [_thread_blocked, id=3016, stack(0x0000001282800000,0x0000001282900000)]
  0x0000015132e36800 JavaThread "Unconstrained build operations Thread 27" [_thread_blocked, id=2724, stack(0x0000001282900000,0x0000001282a00000)]
  0x0000015132e31000 JavaThread "Unconstrained build operations Thread 28" [_thread_blocked, id=5968, stack(0x0000001282a00000,0x0000001282b00000)]
  0x0000015132e37800 JavaThread "Unconstrained build operations Thread 29" [_thread_blocked, id=1548, stack(0x0000001282b00000,0x0000001282c00000)]
  0x0000015132e32000 JavaThread "Unconstrained build operations Thread 30" [_thread_blocked, id=4400, stack(0x0000001282c00000,0x0000001282d00000)]
  0x0000015132e39000 JavaThread "Unconstrained build operations Thread 31" [_thread_blocked, id=5564, stack(0x0000001282d00000,0x0000001282e00000)]
  0x00000151316b3800 JavaThread "Unconstrained build operations Thread 32" [_thread_in_native, id=1036, stack(0x0000001282e00000,0x0000001282f00000)]
  0x0000015132c89000 JavaThread "Unconstrained build operations Thread 33" [_thread_blocked, id=5888, stack(0x0000001282f00000,0x0000001283000000)]
  0x0000015132c8b000 JavaThread "Unconstrained build operations Thread 34" [_thread_blocked, id=3772, stack(0x0000001283000000,0x0000001283100000)]
  0x0000015132c8a800 JavaThread "Unconstrained build operations Thread 35" [_thread_in_Java, id=4932, stack(0x0000001283100000,0x0000001283200000)]
  0x0000015132c8c000 JavaThread "Unconstrained build operations Thread 36" [_thread_blocked, id=3384, stack(0x0000001283200000,0x0000001283300000)]
  0x0000015132c8d000 JavaThread "Unconstrained build operations Thread 37" [_thread_blocked, id=4500, stack(0x0000001283300000,0x0000001283400000)]
  0x0000015132c89800 JavaThread "Unconstrained build operations Thread 38" [_thread_blocked, id=5644, stack(0x0000001283400000,0x0000001283500000)]
  0x0000015132c87000 JavaThread "Unconstrained build operations Thread 39" [_thread_blocked, id=4892, stack(0x0000001283500000,0x0000001283600000)]
  0x0000015132c8d800 JavaThread "Unconstrained build operations Thread 40" [_thread_blocked, id=4548, stack(0x0000001283600000,0x0000001283700000)]
  0x0000015132c88000 JavaThread "build event listener" [_thread_blocked, id=1760, stack(0x0000001283700000,0x0000001283800000)]
  0x0000015132c90000 JavaThread "pool-6-thread-1" [_thread_blocked, id=5548, stack(0x0000001283800000,0x0000001283900000)]
  0x0000015132c8f800 JavaThread "build event listener" [_thread_blocked, id=3592, stack(0x0000001283900000,0x0000001283a00000)]
  0x0000015132c92800 JavaThread "Execution worker for ':'" [_thread_blocked, id=4688, stack(0x0000001283a00000,0x0000001283b00000)]
  0x0000015132c91000 JavaThread "Execution worker for ':' Thread 2" [_thread_blocked, id=1160, stack(0x0000001283b00000,0x0000001283c00000)]
  0x0000015132c93800 JavaThread "Execution worker for ':' Thread 3" [_thread_blocked, id=3812, stack(0x0000001283c00000,0x0000001283d00000)]
  0x0000015132c92000 JavaThread "Cache worker for execution history cache (C:\Users\Admin\AndroidStudioProjects\DailySelfie\.gradle\7.2\executionHistory)" [_thread_blocked, id=4204, stack(0x0000001283d00000,0x0000001283e00000)]

Other Threads:
  0x000001512f981800 VMThread "VM Thread" [stack: 0x00000012fc600000,0x00000012fc700000] [id=2380]
  0x00000151304a7000 WatcherThread [stack: 0x00000012fd000000,0x00000012fd100000] [id=3000]
  0x0000015115646000 GCTaskThread "GC Thread#0" [stack: 0x00000012fc100000,0x00000012fc200000] [id=2284]
  0x00000151306f5000 GCTaskThread "GC Thread#1" [stack: 0x00000012fd200000,0x00000012fd300000] [id=6100]
  0x0000015131e1b800 GCTaskThread "GC Thread#2" [stack: 0x00000012fdc00000,0x00000012fdd00000] [id=5016]
  0x000001513190b800 GCTaskThread "GC Thread#3" [stack: 0x00000012fdd00000,0x00000012fde00000] [id=3780]
  0x0000015115677000 ConcurrentGCThread "G1 Main Marker" [stack: 0x00000012fc200000,0x00000012fc300000] [id=2280]
  0x0000015115678000 ConcurrentGCThread "G1 Conc#0" [stack: 0x00000012fc300000,0x00000012fc400000] [id=2292]
  0x00000151156ce800 ConcurrentGCThread "G1 Refine#0" [stack: 0x00000012fc400000,0x00000012fc500000] [id=2288]
  0x00000151156cf800 ConcurrentGCThread "G1 Young RemSet Sampling" [stack: 0x00000012fc500000,0x00000012fc600000] [id=2300]

Threads with active compile tasks:
C2 CompilerThread04383118 13848   !   4       java.net.URLClassLoader$1::run (63 bytes)
C1 CompilerThread04383118 14245       2       org.gradle.internal.execution.steps.IdentityCacheStep$$Lambda$977/0x0000000100c3dc40::apply (10 bytes)

VM state:not at safepoint (normal execution)

VM Mutex/Monitor currently owned by a thread: None

Heap address: 0x0000000080000000, size: 2048 MB, Compressed Oops mode: 32-bit
Narrow klass base: 0x0000000000000000, Narrow klass shift: 3
Compressed class space size: 1073741824 Address: 0x0000000100000000

Heap:
 garbage-first heap   total 287744K, used 233418K [0x0000000080000000, 0x0000000100000000)
  region size 1024K, 114 young (116736K), 7 survivors (7168K)
 Metaspace       used 106261K, capacity 109306K, committed 109440K, reserved 1144832K
  class space    used 13295K, capacity 14420K, committed 14464K, reserved 1048576K
Heap Regions: E=young(eden), S=young(survivor), O=old, HS=humongous(starts), HC=humongous(continues), CS=collection set, F=free, A=archive, TAMS=top-at-mark-start (previous, next)
|   0|0x0000000080000000, 0x0000000080100000, 0x0000000080100000|100%| O|  |TAMS 0x0000000080100000, 0x0000000080000000| Untracked 
|   1|0x0000000080100000, 0x0000000080200000, 0x0000000080200000|100%| O|  |TAMS 0x0000000080200000, 0x0000000080100000| Untracked 
|   2|0x0000000080200000, 0x0000000080300000, 0x0000000080300000|100%| O|  |TAMS 0x0000000080300000, 0x0000000080200000| Untracked 
|   3|0x0000000080300000, 0x0000000080400000, 0x0000000080400000|100%|HS|  |TAMS 0x0000000080400000, 0x0000000080300000| Complete 
|   4|0x0000000080400000, 0x0000000080500000, 0x0000000080500000|100%|HC|  |TAMS 0x0000000080500000, 0x0000000080400000| Complete 
|   5|0x0000000080500000, 0x0000000080600000, 0x0000000080600000|100%|HC|  |TAMS 0x0000000080600000, 0x0000000080500000| Complete 
|   6|0x0000000080600000, 0x0000000080700000, 0x0000000080700000|100%| O|  |TAMS 0x0000000080700000, 0x0000000080600000| Untracked 
|   7|0x0000000080700000, 0x0000000080800000, 0x0000000080800000|100%| O|  |TAMS 0x0000000080800000, 0x0000000080700000| Untracked 
|   8|0x0000000080800000, 0x0000000080900000, 0x0000000080900000|100%| O|  |TAMS 0x0000000080900000, 0x0000000080800000| Untracked 
|   9|0x0000000080900000, 0x0000000080a00000, 0x0000000080a00000|100%| O|  |TAMS 0x0000000080a00000, 0x0000000080900000| Untracked 
|  10|0x0000000080a00000, 0x0000000080b00000, 0x0000000080b00000|100%| O|  |TAMS 0x0000000080b00000, 0x0000000080a00000| Untracked 
|  11|0x0000000080b00000, 0x0000000080c00000, 0x0000000080c00000|100%| O|  |TAMS 0x0000000080c00000, 0x0000000080b00000| Untracked 
|  12|0x0000000080c00000, 0x0000000080d00000, 0x0000000080d00000|100%| O|  |TAMS 0x0000000080d00000, 0x0000000080c00000| Untracked 
|  13|0x0000000080d00000, 0x0000000080e00000, 0x0000000080e00000|100%| O|  |TAMS 0x0000000080e00000, 0x0000000080d00000| Untracked 
|  14|0x0000000080e00000, 0x0000000080f00000, 0x0000000080f00000|100%| O|  |TAMS 0x0000000080f00000, 0x0000000080e00000| Untracked 
|  15|0x0000000080f00000, 0x0000000081000000, 0x0000000081000000|100%| O|  |TAMS 0x0000000081000000, 0x0000000080f00000| Untracked 
|  16|0x0000000081000000, 0x0000000081100000, 0x0000000081100000|100%| O|  |TAMS 0x0000000081100000, 0x0000000081000000| Untracked 
|  17|0x0000000081100000, 0x0000000081200000, 0x0000000081200000|100%|HS|  |TAMS 0x0000000081200000, 0x0000000081100000| Complete 
|  18|0x0000000081200000, 0x0000000081300000, 0x0000000081300000|100%|HC|  |TAMS 0x0000000081300000, 0x0000000081200000| Complete 
|  19|0x0000000081300000, 0x0000000081400000, 0x0000000081400000|100%|HS|  |TAMS 0x0000000081400000, 0x0000000081300000| Complete 
|  20|0x0000000081400000, 0x0000000081500000, 0x0000000081500000|100%|HC|  |TAMS 0x0000000081500000, 0x0000000081400000| Complete 
|  21|0x0000000081500000, 0x0000000081600000, 0x0000000081600000|100%|HC|  |TAMS 0x0000000081600000, 0x0000000081500000| Complete 
|  22|0x0000000081600000, 0x0000000081700000, 0x0000000081700000|100%|HS|  |TAMS 0x0000000081700000, 0x0000000081600000| Complete 
|  23|0x0000000081700000, 0x0000000081800000, 0x0000000081800000|100%|HC|  |TAMS 0x0000000081800000, 0x0000000081700000| Complete 
|  24|0x0000000081800000, 0x0000000081900000, 0x0000000081900000|100%|HC|  |TAMS 0x0000000081900000, 0x0000000081800000| Complete 
|  25|0x0000000081900000, 0x0000000081a00000, 0x0000000081a00000|100%|HC|  |TAMS 0x0000000081a00000, 0x0000000081900000| Complete 
|  26|0x0000000081a00000, 0x0000000081b00000, 0x0000000081b00000|100%| O|  |TAMS 0x0000000081b00000, 0x0000000081a00000| Untracked 
|  27|0x0000000081b00000, 0x0000000081c00000, 0x0000000081c00000|100%| O|  |TAMS 0x0000000081c00000, 0x0000000081b00000| Untracked 
|  28|0x0000000081c00000, 0x0000000081d00000, 0x0000000081d00000|100%| O|  |TAMS 0x0000000081d00000, 0x0000000081c00000| Untracked 
|  29|0x0000000081d00000, 0x0000000081e00000, 0x0000000081e00000|100%| O|  |TAMS 0x0000000081e00000, 0x0000000081d00000| Untracked 
|  30|0x0000000081e00000, 0x0000000081f00000, 0x0000000081f00000|100%| O|  |TAMS 0x0000000081f00000, 0x0000000081e00000| Untracked 
|  31|0x0000000081f00000, 0x0000000082000000, 0x0000000082000000|100%| O|  |TAMS 0x0000000082000000, 0x0000000081f00000| Untracked 
|  32|0x0000000082000000, 0x0000000082100000, 0x0000000082100000|100%| O|  |TAMS 0x0000000082100000, 0x0000000082000000| Untracked 
|  33|0x0000000082100000, 0x0000000082200000, 0x0000000082200000|100%| O|  |TAMS 0x0000000082200000, 0x0000000082100000| Untracked 
|  34|0x0000000082200000, 0x0000000082300000, 0x0000000082300000|100%| O|  |TAMS 0x0000000082300000, 0x0000000082200000| Untracked 
|  35|0x0000000082300000, 0x0000000082400000, 0x0000000082400000|100%| O|  |TAMS 0x0000000082400000, 0x0000000082300000| Untracked 
|  36|0x0000000082400000, 0x0000000082500000, 0x0000000082500000|100%| O|  |TAMS 0x0000000082500000, 0x0000000082400000| Untracked 
|  37|0x0000000082500000, 0x0000000082600000, 0x0000000082600000|100%| O|  |TAMS 0x0000000082600000, 0x0000000082500000| Untracked 
|  38|0x0000000082600000, 0x0000000082700000, 0x0000000082700000|100%| O|  |TAMS 0x0000000082700000, 0x0000000082600000| Untracked 
|  39|0x0000000082700000, 0x0000000082800000, 0x0000000082800000|100%| O|  |TAMS 0x0000000082800000, 0x0000000082700000| Untracked 
|  40|0x0000000082800000, 0x0000000082900000, 0x0000000082900000|100%| O|  |TAMS 0x0000000082900000, 0x0000000082800000| Untracked 
|  41|0x0000000082900000, 0x0000000082a00000, 0x0000000082a00000|100%| O|  |TAMS 0x0000000082a00000, 0x0000000082900000| Untracked 
|  42|0x0000000082a00000, 0x0000000082b00000, 0x0000000082b00000|100%|HS|  |TAMS 0x0000000082b00000, 0x0000000082a00000| Complete 
|  43|0x0000000082b00000, 0x0000000082c00000, 0x0000000082c00000|100%|HS|  |TAMS 0x0000000082c00000, 0x0000000082b00000| Complete 
|  44|0x0000000082c00000, 0x0000000082d00000, 0x0000000082d00000|100%|HS|  |TAMS 0x0000000082d00000, 0x0000000082c00000| Complete 
|  45|0x0000000082d00000, 0x0000000082e00000, 0x0000000082e00000|100%| O|  |TAMS 0x0000000082e00000, 0x0000000082d00000| Untracked 
|  46|0x0000000082e00000, 0x0000000082f00000, 0x0000000082f00000|100%| O|  |TAMS 0x0000000082e00000, 0x0000000082e00000| Untracked 
|  47|0x0000000082f00000, 0x0000000083000000, 0x0000000083000000|100%| O|  |TAMS 0x0000000083000000, 0x0000000082f00000| Untracked 
|  48|0x0000000083000000, 0x0000000083100000, 0x0000000083100000|100%| O|  |TAMS 0x0000000083100000, 0x0000000083000000| Untracked 
|  49|0x0000000083100000, 0x0000000083200000, 0x0000000083200000|100%| O|  |TAMS 0x0000000083200000, 0x0000000083100000| Untracked 
|  50|0x0000000083200000, 0x0000000083300000, 0x0000000083300000|100%| O|  |TAMS 0x0000000083300000, 0x0000000083200000| Untracked 
|  51|0x0000000083300000, 0x0000000083400000, 0x0000000083400000|100%|HS|  |TAMS 0x0000000083400000, 0x0000000083300000| Complete 
|  52|0x0000000083400000, 0x0000000083500000, 0x0000000083500000|100%|HC|  |TAMS 0x0000000083500000, 0x0000000083400000| Complete 
|  53|0x0000000083500000, 0x0000000083600000, 0x0000000083600000|100%| O|  |TAMS 0x0000000083600000, 0x0000000083500000| Untracked 
|  54|0x0000000083600000, 0x0000000083700000, 0x0000000083700000|100%| O|  |TAMS 0x0000000083700000, 0x0000000083600000| Untracked 
|  55|0x0000000083700000, 0x0000000083800000, 0x0000000083800000|100%|HS|  |TAMS 0x0000000083800000, 0x0000000083700000| Complete 
|  56|0x0000000083800000, 0x0000000083900000, 0x0000000083900000|100%|HC|  |TAMS 0x0000000083900000, 0x0000000083800000| Complete 
|  57|0x0000000083900000, 0x0000000083a00000, 0x0000000083a00000|100%|HC|  |TAMS 0x0000000083a00000, 0x0000000083900000| Complete 
|  58|0x0000000083a00000, 0x0000000083b00000, 0x0000000083b00000|100%|HS|  |TAMS 0x0000000083b00000, 0x0000000083a00000| Complete 
|  59|0x0000000083b00000, 0x0000000083c00000, 0x0000000083c00000|100%|HC|  |TAMS 0x0000000083c00000, 0x0000000083b00000| Complete 
|  60|0x0000000083c00000, 0x0000000083d00000, 0x0000000083d00000|100%|HC|  |TAMS 0x0000000083d00000, 0x0000000083c00000| Complete 
|  61|0x0000000083d00000, 0x0000000083e00000, 0x0000000083e00000|100%|HC|  |TAMS 0x0000000083e00000, 0x0000000083d00000| Complete 
|  62|0x0000000083e00000, 0x0000000083f00000, 0x0000000083f00000|100%|HS|  |TAMS 0x0000000083f00000, 0x0000000083e00000| Complete 
|  63|0x0000000083f00000, 0x0000000084000000, 0x0000000084000000|100%|HC|  |TAMS 0x0000000084000000, 0x0000000083f00000| Complete 
|  64|0x0000000084000000, 0x0000000084100000, 0x0000000084100000|100%| O|  |TAMS 0x0000000084100000, 0x0000000084000000| Untracked 
|  65|0x0000000084100000, 0x0000000084200000, 0x0000000084200000|100%| O|  |TAMS 0x0000000084200000, 0x0000000084100000| Untracked 
|  66|0x0000000084200000, 0x0000000084300000, 0x0000000084300000|100%| O|  |TAMS 0x0000000084300000, 0x0000000084200000| Untracked 
|  67|0x0000000084300000, 0x0000000084400000, 0x0000000084400000|100%| O|  |TAMS 0x0000000084400000, 0x0000000084300000| Untracked 
|  68|0x0000000084400000, 0x0000000084500000, 0x0000000084500000|100%| O|  |TAMS 0x0000000084500000, 0x0000000084400000| Untracked 
|  69|0x0000000084500000, 0x0000000084600000, 0x0000000084600000|100%| O|  |TAMS 0x0000000084600000, 0x0000000084500000| Untracked 
|  70|0x0000000084600000, 0x0000000084700000, 0x0000000084700000|100%| O|  |TAMS 0x0000000084700000, 0x0000000084600000| Untracked 
|  71|0x0000000084700000, 0x0000000084800000, 0x0000000084800000|100%| O|  |TAMS 0x0000000084800000, 0x0000000084700000| Untracked 
|  72|0x0000000084800000, 0x0000000084900000, 0x0000000084900000|100%| O|  |TAMS 0x0000000084900000, 0x0000000084800000| Untracked 
|  73|0x0000000084900000, 0x0000000084a00000, 0x0000000084a00000|100%| O|  |TAMS 0x0000000084a00000, 0x0000000084900000| Untracked 
|  74|0x0000000084a00000, 0x0000000084b00000, 0x0000000084b00000|100%| O|  |TAMS 0x0000000084b00000, 0x0000000084a00000| Untracked 
|  75|0x0000000084b00000, 0x0000000084c00000, 0x0000000084c00000|100%| O|  |TAMS 0x0000000084c00000, 0x0000000084b00000| Untracked 
|  76|0x0000000084c00000, 0x0000000084d00000, 0x0000000084d00000|100%| O|  |TAMS 0x0000000084d00000, 0x0000000084c00000| Untracked 
|  77|0x0000000084d00000, 0x0000000084e00000, 0x0000000084e00000|100%| O|  |TAMS 0x0000000084e00000, 0x0000000084d00000| Untracked 
|  78|0x0000000084e00000, 0x0000000084f00000, 0x0000000084f00000|100%| O|  |TAMS 0x0000000084f00000, 0x0000000084e00000| Untracked 
|  79|0x0000000084f00000, 0x0000000085000000, 0x0000000085000000|100%| O|  |TAMS 0x0000000085000000, 0x0000000084f00000| Untracked 
|  80|0x0000000085000000, 0x0000000085100000, 0x0000000085100000|100%| O|  |TAMS 0x0000000085100000, 0x0000000085000000| Untracked 
|  81|0x0000000085100000, 0x0000000085200000, 0x0000000085200000|100%| O|  |TAMS 0x0000000085200000, 0x0000000085100000| Untracked 
|  82|0x0000000085200000, 0x0000000085300000, 0x0000000085300000|100%| O|  |TAMS 0x0000000085300000, 0x0000000085200000| Untracked 
|  83|0x0000000085300000, 0x0000000085400000, 0x0000000085400000|100%|HS|  |TAMS 0x0000000085400000, 0x0000000085300000| Complete 
|  84|0x0000000085400000, 0x0000000085500000, 0x0000000085500000|100%|HC|  |TAMS 0x0000000085500000, 0x0000000085400000| Complete 
|  85|0x0000000085500000, 0x0000000085600000, 0x0000000085600000|100%|HC|  |TAMS 0x0000000085600000, 0x0000000085500000| Complete 
|  86|0x0000000085600000, 0x0000000085700000, 0x0000000085700000|100%| O|  |TAMS 0x0000000085600000, 0x0000000085600000| Untracked 
|  87|0x0000000085700000, 0x0000000085800000, 0x0000000085800000|100%| O|  |TAMS 0x0000000085800000, 0x0000000085700000| Untracked 
|  88|0x0000000085800000, 0x0000000085900000, 0x0000000085900000|100%| O|  |TAMS 0x0000000085900000, 0x0000000085800000| Untracked 
|  89|0x0000000085900000, 0x0000000085a00000, 0x0000000085a00000|100%| O|  |TAMS 0x0000000085a00000, 0x0000000085900000| Untracked 
|  90|0x0000000085a00000, 0x0000000085b00000, 0x0000000085b00000|100%| O|  |TAMS 0x0000000085b00000, 0x0000000085a00000| Untracked 
|  91|0x0000000085b00000, 0x0000000085c00000, 0x0000000085c00000|100%| O|  |TAMS 0x0000000085c00000, 0x0000000085b00000| Untracked 
|  92|0x0000000085c00000, 0x0000000085d00000, 0x0000000085d00000|100%|HS|  |TAMS 0x0000000085d00000, 0x0000000085c00000| Complete 
|  93|0x0000000085d00000, 0x0000000085e00000, 0x0000000085e00000|100%|HC|  |TAMS 0x0000000085e00000, 0x0000000085d00000| Complete 
|  94|0x0000000085e00000, 0x0000000085f00000, 0x0000000085f00000|100%|HC|  |TAMS 0x0000000085f00000, 0x0000000085e00000| Complete 
|  95|0x0000000085f00000, 0x0000000086000000, 0x0000000086000000|100%|HC|  |TAMS 0x0000000086000000, 0x0000000085f00000| Complete 
|  96|0x0000000086000000, 0x0000000086100000, 0x0000000086100000|100%| O|  |TAMS 0x0000000086000000, 0x0000000086000000| Untracked 
|  97|0x0000000086100000, 0x0000000086200000, 0x0000000086200000|100%| O|  |TAMS 0x0000000086100000, 0x0000000086100000| Untracked 
|  98|0x0000000086200000, 0x0000000086300000, 0x0000000086300000|100%| O|  |TAMS 0x0000000086200000, 0x0000000086200000| Untracked 
|  99|0x0000000086300000, 0x0000000086400000, 0x0000000086400000|100%| O|  |TAMS 0x0000000086300000, 0x0000000086300000| Untracked 
| 100|0x0000000086400000, 0x0000000086500000, 0x0000000086500000|100%| O|  |TAMS 0x0000000086400000, 0x0000000086400000| Untracked 
| 101|0x0000000086500000, 0x0000000086600000, 0x0000000086600000|100%| O|  |TAMS 0x0000000086500000, 0x0000000086500000| Untracked 
| 102|0x0000000086600000, 0x0000000086700000, 0x0000000086700000|100%| O|  |TAMS 0x0000000086600000, 0x0000000086600000| Untracked 
| 103|0x0000000086700000, 0x0000000086800000, 0x0000000086800000|100%| O|  |TAMS 0x0000000086700000, 0x0000000086700000| Untracked 
| 104|0x0000000086800000, 0x0000000086900000, 0x0000000086900000|100%| O|  |TAMS 0x0000000086800000, 0x0000000086800000| Untracked 
| 105|0x0000000086900000, 0x0000000086a00000, 0x0000000086a00000|100%| O|  |TAMS 0x0000000086900000, 0x0000000086900000| Untracked 
| 106|0x0000000086a00000, 0x0000000086b00000, 0x0000000086b00000|100%| O|  |TAMS 0x0000000086a00000, 0x0000000086a00000| Untracked 
| 107|0x0000000086b00000, 0x0000000086c00000, 0x0000000086c00000|100%| O|  |TAMS 0x0000000086b00000, 0x0000000086b00000| Untracked 
| 108|0x0000000086c00000, 0x0000000086d00000, 0x0000000086d00000|100%| O|  |TAMS 0x0000000086c00000, 0x0000000086c00000| Untracked 
| 109|0x0000000086d00000, 0x0000000086e00000, 0x0000000086e00000|100%| O|  |TAMS 0x0000000086d00000, 0x0000000086d00000| Untracked 
| 110|0x0000000086e00000, 0x0000000086f00000, 0x0000000086f00000|100%| O|  |TAMS 0x0000000086e00000, 0x0000000086e00000| Untracked 
| 111|0x0000000086f00000, 0x0000000087000000, 0x0000000087000000|100%| O|  |TAMS 0x0000000086f00000, 0x0000000086f00000| Untracked 
| 112|0x0000000087000000, 0x0000000087000000, 0x0000000087100000|  0%| F|  |TAMS 0x0000000087000000, 0x0000000087000000| Untracked 
| 113|0x0000000087100000, 0x0000000087100000, 0x0000000087200000|  0%| F|  |TAMS 0x0000000087100000, 0x0000000087100000| Untracked 
| 114|0x0000000087200000, 0x0000000087300000, 0x0000000087300000|100%| O|  |TAMS 0x0000000087200000, 0x0000000087200000| Untracked 
| 115|0x0000000087300000, 0x0000000087400000, 0x0000000087400000|100%| O|  |TAMS 0x0000000087300000, 0x0000000087300000| Untracked 
| 116|0x0000000087400000, 0x0000000087500000, 0x0000000087500000|100%| O|  |TAMS 0x0000000087400000, 0x0000000087400000| Untracked 
| 117|0x0000000087500000, 0x0000000087600000, 0x0000000087600000|100%| O|  |TAMS 0x0000000087500000, 0x0000000087500000| Untracked 
| 118|0x0000000087600000, 0x00000000876b0800, 0x0000000087700000| 68%| O|  |TAMS 0x0000000087600000, 0x0000000087600000| Untracked 
| 119|0x0000000087700000, 0x0000000087700000, 0x0000000087800000|  0%| F|  |TAMS 0x0000000087700000, 0x0000000087700000| Untracked 
| 120|0x0000000087800000, 0x0000000087800000, 0x0000000087900000|  0%| F|  |TAMS 0x0000000087800000, 0x0000000087800000| Untracked 
| 121|0x0000000087900000, 0x0000000087900000, 0x0000000087a00000|  0%| F|  |TAMS 0x0000000087900000, 0x0000000087900000| Untracked 
| 122|0x0000000087a00000, 0x0000000087a00000, 0x0000000087b00000|  0%| F|  |TAMS 0x0000000087a00000, 0x0000000087a00000| Untracked 
| 123|0x0000000087b00000, 0x0000000087b00000, 0x0000000087c00000|  0%| F|  |TAMS 0x0000000087b00000, 0x0000000087b00000| Untracked 
| 124|0x0000000087c00000, 0x0000000087c00000, 0x0000000087d00000|  0%| F|  |TAMS 0x0000000087c00000, 0x0000000087c00000| Untracked 
| 125|0x0000000087d00000, 0x0000000087d00000, 0x0000000087e00000|  0%| F|  |TAMS 0x0000000087d00000, 0x0000000087d00000| Untracked 
| 126|0x0000000087e00000, 0x0000000087e00000, 0x0000000087f00000|  0%| F|  |TAMS 0x0000000087e00000, 0x0000000087e00000| Untracked 
| 127|0x0000000087f00000, 0x0000000087f00000, 0x0000000088000000|  0%| F|  |TAMS 0x0000000087f00000, 0x0000000087f00000| Untracked 
| 128|0x0000000088000000, 0x0000000088000000, 0x0000000088100000|  0%| F|  |TAMS 0x0000000088000000, 0x0000000088000000| Untracked 
| 129|0x0000000088100000, 0x0000000088100000, 0x0000000088200000|  0%| F|  |TAMS 0x0000000088100000, 0x0000000088100000| Untracked 
| 130|0x0000000088200000, 0x0000000088200000, 0x0000000088300000|  0%| F|  |TAMS 0x0000000088200000, 0x0000000088200000| Untracked 
| 131|0x0000000088300000, 0x0000000088300000, 0x0000000088400000|  0%| F|  |TAMS 0x0000000088300000, 0x0000000088300000| Untracked 
| 132|0x0000000088400000, 0x0000000088400000, 0x0000000088500000|  0%| F|  |TAMS 0x0000000088400000, 0x0000000088400000| Untracked 
| 133|0x0000000088500000, 0x0000000088500000, 0x0000000088600000|  0%| F|  |TAMS 0x0000000088500000, 0x0000000088500000| Untracked 
| 134|0x0000000088600000, 0x0000000088600000, 0x0000000088700000|  0%| F|  |TAMS 0x0000000088600000, 0x0000000088600000| Untracked 
| 135|0x0000000088700000, 0x0000000088700000, 0x0000000088800000|  0%| F|  |TAMS 0x0000000088700000, 0x0000000088700000| Untracked 
| 136|0x0000000088800000, 0x0000000088800000, 0x0000000088900000|  0%| F|  |TAMS 0x0000000088800000, 0x0000000088800000| Untracked 
| 137|0x0000000088900000, 0x0000000088900000, 0x0000000088a00000|  0%| F|  |TAMS 0x0000000088900000, 0x0000000088900000| Untracked 
| 138|0x0000000088a00000, 0x0000000088a00000, 0x0000000088b00000|  0%| F|  |TAMS 0x0000000088a00000, 0x0000000088a00000| Untracked 
| 139|0x0000000088b00000, 0x0000000088b00000, 0x0000000088c00000|  0%| F|  |TAMS 0x0000000088b00000, 0x0000000088b00000| Untracked 
| 140|0x0000000088c00000, 0x0000000088c00000, 0x0000000088d00000|  0%| F|  |TAMS 0x0000000088c00000, 0x0000000088c00000| Untracked 
| 141|0x0000000088d00000, 0x0000000088d00000, 0x0000000088e00000|  0%| F|  |TAMS 0x0000000088d00000, 0x0000000088d00000| Untracked 
| 142|0x0000000088e00000, 0x0000000088e00000, 0x0000000088f00000|  0%| F|  |TAMS 0x0000000088e00000, 0x0000000088e00000| Untracked 
| 143|0x0000000088f00000, 0x0000000088f00000, 0x0000000089000000|  0%| F|  |TAMS 0x0000000088f00000, 0x0000000088f00000| Untracked 
| 144|0x0000000089000000, 0x0000000089000000, 0x0000000089100000|  0%| F|  |TAMS 0x0000000089000000, 0x0000000089000000| Untracked 
| 145|0x0000000089100000, 0x0000000089100000, 0x0000000089200000|  0%| F|  |TAMS 0x0000000089100000, 0x0000000089100000| Untracked 
| 146|0x0000000089200000, 0x0000000089200000, 0x0000000089300000|  0%| F|  |TAMS 0x0000000089200000, 0x0000000089200000| Untracked 
| 147|0x0000000089300000, 0x0000000089300000, 0x0000000089400000|  0%| F|  |TAMS 0x0000000089300000, 0x0000000089300000| Untracked 
| 148|0x0000000089400000, 0x0000000089400000, 0x0000000089500000|  0%| F|  |TAMS 0x0000000089400000, 0x0000000089400000| Untracked 
| 149|0x0000000089500000, 0x0000000089500000, 0x0000000089600000|  0%| F|  |TAMS 0x0000000089500000, 0x0000000089500000| Untracked 
| 150|0x0000000089600000, 0x0000000089600000, 0x0000000089700000|  0%| F|  |TAMS 0x0000000089600000, 0x0000000089600000| Untracked 
| 151|0x0000000089700000, 0x0000000089700000, 0x0000000089800000|  0%| F|  |TAMS 0x0000000089700000, 0x0000000089700000| Untracked 
| 152|0x0000000089800000, 0x0000000089800000, 0x0000000089900000|  0%| F|  |TAMS 0x0000000089800000, 0x0000000089800000| Untracked 
| 153|0x0000000089900000, 0x0000000089900000, 0x0000000089a00000|  0%| F|  |TAMS 0x0000000089900000, 0x0000000089900000| Untracked 
| 154|0x0000000089a00000, 0x0000000089a00000, 0x0000000089b00000|  0%| F|  |TAMS 0x0000000089a00000, 0x0000000089a00000| Untracked 
| 155|0x0000000089b00000, 0x0000000089b420a0, 0x0000000089c00000| 25%| S|CS|TAMS 0x0000000089b00000, 0x0000000089b00000| Complete 
| 156|0x0000000089c00000, 0x0000000089d00000, 0x0000000089d00000|100%| S|CS|TAMS 0x0000000089c00000, 0x0000000089c00000| Complete 
| 157|0x0000000089d00000, 0x0000000089e00000, 0x0000000089e00000|100%| S|CS|TAMS 0x0000000089d00000, 0x0000000089d00000| Complete 
| 158|0x0000000089e00000, 0x0000000089e00000, 0x0000000089f00000|  0%| F|  |TAMS 0x0000000089e00000, 0x0000000089e00000| Untracked 
| 159|0x0000000089f00000, 0x0000000089f00000, 0x000000008a000000|  0%| F|  |TAMS 0x0000000089f00000, 0x0000000089f00000| Untracked 
| 160|0x000000008a000000, 0x000000008a000000, 0x000000008a100000|  0%| F|  |TAMS 0x000000008a000000, 0x000000008a000000| Untracked 
| 161|0x000000008a100000, 0x000000008a100000, 0x000000008a200000|  0%| F|  |TAMS 0x000000008a100000, 0x000000008a100000| Untracked 
| 162|0x000000008a200000, 0x000000008a200000, 0x000000008a300000|  0%| F|  |TAMS 0x000000008a200000, 0x000000008a200000| Untracked 
| 163|0x000000008a300000, 0x000000008a400000, 0x000000008a400000|100%| S|CS|TAMS 0x000000008a300000, 0x000000008a300000| Complete 
| 164|0x000000008a400000, 0x000000008a500000, 0x000000008a500000|100%| S|CS|TAMS 0x000000008a400000, 0x000000008a400000| Complete 
| 165|0x000000008a500000, 0x000000008a600000, 0x000000008a600000|100%| S|CS|TAMS 0x000000008a500000, 0x000000008a500000| Complete 
| 166|0x000000008a600000, 0x000000008a600000, 0x000000008a700000|  0%| F|  |TAMS 0x000000008a600000, 0x000000008a600000| Untracked 
| 167|0x000000008a700000, 0x000000008a800000, 0x000000008a800000|100%| S|CS|TAMS 0x000000008a700000, 0x000000008a700000| Complete 
| 168|0x000000008a800000, 0x000000008a800000, 0x000000008a900000|  0%| F|  |TAMS 0x000000008a800000, 0x000000008a800000| Untracked 
| 169|0x000000008a900000, 0x000000008a900000, 0x000000008aa00000|  0%| F|  |TAMS 0x000000008a900000, 0x000000008a900000| Untracked 
| 170|0x000000008aa00000, 0x000000008aa00000, 0x000000008ab00000|  0%| F|  |TAMS 0x000000008aa00000, 0x000000008aa00000| Untracked 
| 171|0x000000008ab00000, 0x000000008ab00000, 0x000000008ac00000|  0%| F|  |TAMS 0x000000008ab00000, 0x000000008ab00000| Untracked 
| 172|0x000000008ac00000, 0x000000008ac00000, 0x000000008ad00000|  0%| F|  |TAMS 0x000000008ac00000, 0x000000008ac00000| Untracked 
| 173|0x000000008ad00000, 0x000000008ad00000, 0x000000008ae00000|  0%| F|  |TAMS 0x000000008ad00000, 0x000000008ad00000| Untracked 
| 174|0x000000008ae00000, 0x000000008aee7bb0, 0x000000008af00000| 90%| E|  |TAMS 0x000000008ae00000, 0x000000008ae00000| Complete 
| 175|0x000000008af00000, 0x000000008b000000, 0x000000008b000000|100%| E|CS|TAMS 0x000000008af00000, 0x000000008af00000| Complete 
| 176|0x000000008b000000, 0x000000008b100000, 0x000000008b100000|100%| E|CS|TAMS 0x000000008b000000, 0x000000008b000000| Complete 
| 177|0x000000008b100000, 0x000000008b200000, 0x000000008b200000|100%| E|CS|TAMS 0x000000008b100000, 0x000000008b100000| Complete 
| 178|0x000000008b200000, 0x000000008b300000, 0x000000008b300000|100%| E|CS|TAMS 0x000000008b200000, 0x000000008b200000| Complete 
| 179|0x000000008b300000, 0x000000008b400000, 0x000000008b400000|100%| E|CS|TAMS 0x000000008b300000, 0x000000008b300000| Complete 
| 180|0x000000008b400000, 0x000000008b500000, 0x000000008b500000|100%| E|CS|TAMS 0x000000008b400000, 0x000000008b400000| Complete 
| 181|0x000000008b500000, 0x000000008b600000, 0x000000008b600000|100%| E|CS|TAMS 0x000000008b500000, 0x000000008b500000| Complete 
| 182|0x000000008b600000, 0x000000008b700000, 0x000000008b700000|100%| E|CS|TAMS 0x000000008b600000, 0x000000008b600000| Complete 
| 183|0x000000008b700000, 0x000000008b800000, 0x000000008b800000|100%| E|CS|TAMS 0x000000008b700000, 0x000000008b700000| Complete 
| 184|0x000000008b800000, 0x000000008b900000, 0x000000008b900000|100%| E|CS|TAMS 0x000000008b800000, 0x000000008b800000| Complete 
| 185|0x000000008b900000, 0x000000008ba00000, 0x000000008ba00000|100%| E|CS|TAMS 0x000000008b900000, 0x000000008b900000| Complete 
| 186|0x000000008ba00000, 0x000000008bb00000, 0x000000008bb00000|100%| E|CS|TAMS 0x000000008ba00000, 0x000000008ba00000| Complete 
| 187|0x000000008bb00000, 0x000000008bc00000, 0x000000008bc00000|100%| E|CS|TAMS 0x000000008bb00000, 0x000000008bb00000| Complete 
| 188|0x000000008bc00000, 0x000000008bd00000, 0x000000008bd00000|100%| E|CS|TAMS 0x000000008bc00000, 0x000000008bc00000| Complete 
| 189|0x000000008bd00000, 0x000000008be00000, 0x000000008be00000|100%| E|CS|TAMS 0x000000008bd00000, 0x000000008bd00000| Complete 
| 190|0x000000008be00000, 0x000000008bf00000, 0x000000008bf00000|100%| E|CS|TAMS 0x000000008be00000, 0x000000008be00000| Complete 
| 191|0x000000008bf00000, 0x000000008c000000, 0x000000008c000000|100%| E|CS|TAMS 0x000000008bf00000, 0x000000008bf00000| Complete 
| 192|0x000000008c000000, 0x000000008c100000, 0x000000008c100000|100%| E|CS|TAMS 0x000000008c000000, 0x000000008c000000| Complete 
| 193|0x000000008c100000, 0x000000008c200000, 0x000000008c200000|100%| E|CS|TAMS 0x000000008c100000, 0x000000008c100000| Complete 
| 194|0x000000008c200000, 0x000000008c300000, 0x000000008c300000|100%| E|CS|TAMS 0x000000008c200000, 0x000000008c200000| Complete 
| 195|0x000000008c300000, 0x000000008c400000, 0x000000008c400000|100%| E|CS|TAMS 0x000000008c300000, 0x000000008c300000| Complete 
| 196|0x000000008c400000, 0x000000008c500000, 0x000000008c500000|100%| E|CS|TAMS 0x000000008c400000, 0x000000008c400000| Complete 
| 197|0x000000008c500000, 0x000000008c600000, 0x000000008c600000|100%| E|CS|TAMS 0x000000008c500000, 0x000000008c500000| Complete 
| 198|0x000000008c600000, 0x000000008c700000, 0x000000008c700000|100%| E|CS|TAMS 0x000000008c600000, 0x000000008c600000| Complete 
| 199|0x000000008c700000, 0x000000008c800000, 0x000000008c800000|100%| E|CS|TAMS 0x000000008c700000, 0x000000008c700000| Complete 
| 200|0x000000008c800000, 0x000000008c900000, 0x000000008c900000|100%| E|CS|TAMS 0x000000008c800000, 0x000000008c800000| Complete 
| 201|0x000000008c900000, 0x000000008ca00000, 0x000000008ca00000|100%| E|CS|TAMS 0x000000008c900000, 0x000000008c900000| Complete 
| 202|0x000000008ca00000, 0x000000008cb00000, 0x000000008cb00000|100%| E|CS|TAMS 0x000000008ca00000, 0x000000008ca00000| Complete 
| 203|0x000000008cb00000, 0x000000008cc00000, 0x000000008cc00000|100%| E|CS|TAMS 0x000000008cb00000, 0x000000008cb00000| Complete 
| 204|0x000000008cc00000, 0x000000008cd00000, 0x000000008cd00000|100%| E|CS|TAMS 0x000000008cc00000, 0x000000008cc00000| Complete 
| 205|0x000000008cd00000, 0x000000008ce00000, 0x000000008ce00000|100%| E|CS|TAMS 0x000000008cd00000, 0x000000008cd00000| Complete 
| 206|0x000000008ce00000, 0x000000008cf00000, 0x000000008cf00000|100%| E|CS|TAMS 0x000000008ce00000, 0x000000008ce00000| Complete 
| 207|0x000000008cf00000, 0x000000008d000000, 0x000000008d000000|100%| E|CS|TAMS 0x000000008cf00000, 0x000000008cf00000| Complete 
| 208|0x000000008d000000, 0x000000008d100000, 0x000000008d100000|100%| E|  |TAMS 0x000000008d000000, 0x000000008d000000| Complete 
| 209|0x000000008d100000, 0x000000008d200000, 0x000000008d200000|100%| E|CS|TAMS 0x000000008d100000, 0x000000008d100000| Complete 
| 210|0x000000008d200000, 0x000000008d300000, 0x000000008d300000|100%| E|CS|TAMS 0x000000008d200000, 0x000000008d200000| Complete 
| 211|0x000000008d300000, 0x000000008d400000, 0x000000008d400000|100%| E|CS|TAMS 0x000000008d300000, 0x000000008d300000| Complete 
| 212|0x000000008d400000, 0x000000008d500000, 0x000000008d500000|100%| E|CS|TAMS 0x000000008d400000, 0x000000008d400000| Complete 
| 213|0x000000008d500000, 0x000000008d600000, 0x000000008d600000|100%| E|CS|TAMS 0x000000008d500000, 0x000000008d500000| Complete 
| 214|0x000000008d600000, 0x000000008d700000, 0x000000008d700000|100%| E|CS|TAMS 0x000000008d600000, 0x000000008d600000| Complete 
| 215|0x000000008d700000, 0x000000008d800000, 0x000000008d800000|100%| E|CS|TAMS 0x000000008d700000, 0x000000008d700000| Complete 
| 216|0x000000008d800000, 0x000000008d900000, 0x000000008d900000|100%| E|CS|TAMS 0x000000008d800000, 0x000000008d800000| Complete 
| 217|0x000000008d900000, 0x000000008da00000, 0x000000008da00000|100%| E|CS|TAMS 0x000000008d900000, 0x000000008d900000| Complete 
| 218|0x000000008da00000, 0x000000008db00000, 0x000000008db00000|100%| E|CS|TAMS 0x000000008da00000, 0x000000008da00000| Complete 
| 219|0x000000008db00000, 0x000000008dc00000, 0x000000008dc00000|100%| E|CS|TAMS 0x000000008db00000, 0x000000008db00000| Complete 
| 220|0x000000008dc00000, 0x000000008dd00000, 0x000000008dd00000|100%| E|CS|TAMS 0x000000008dc00000, 0x000000008dc00000| Complete 
| 221|0x000000008dd00000, 0x000000008de00000, 0x000000008de00000|100%| E|CS|TAMS 0x000000008dd00000, 0x000000008dd00000| Complete 
| 222|0x000000008de00000, 0x000000008df00000, 0x000000008df00000|100%| E|CS|TAMS 0x000000008de00000, 0x000000008de00000| Complete 
| 223|0x000000008df00000, 0x000000008e000000, 0x000000008e000000|100%| E|CS|TAMS 0x000000008df00000, 0x000000008df00000| Complete 
| 224|0x000000008e000000, 0x000000008e100000, 0x000000008e100000|100%| E|CS|TAMS 0x000000008e000000, 0x000000008e000000| Complete 
| 225|0x000000008e100000, 0x000000008e200000, 0x000000008e200000|100%| E|CS|TAMS 0x000000008e100000, 0x000000008e100000| Complete 
| 226|0x000000008e200000, 0x000000008e300000, 0x000000008e300000|100%| E|CS|TAMS 0x000000008e200000, 0x000000008e200000| Complete 
| 227|0x000000008e300000, 0x000000008e400000, 0x000000008e400000|100%| E|CS|TAMS 0x000000008e300000, 0x000000008e300000| Complete 
| 228|0x000000008e400000, 0x000000008e500000, 0x000000008e500000|100%| E|CS|TAMS 0x000000008e400000, 0x000000008e400000| Complete 
| 229|0x000000008e500000, 0x000000008e600000, 0x000000008e600000|100%| E|CS|TAMS 0x000000008e500000, 0x000000008e500000| Complete 
| 230|0x000000008e600000, 0x000000008e700000, 0x000000008e700000|100%| E|CS|TAMS 0x000000008e600000, 0x000000008e600000| Complete 
| 231|0x000000008e700000, 0x000000008e800000, 0x000000008e800000|100%| E|CS|TAMS 0x000000008e700000, 0x000000008e700000| Complete 
| 232|0x000000008e800000, 0x000000008e900000, 0x000000008e900000|100%| E|CS|TAMS 0x000000008e800000, 0x000000008e800000| Complete 
| 233|0x000000008e900000, 0x000000008ea00000, 0x000000008ea00000|100%| E|CS|TAMS 0x000000008e900000, 0x000000008e900000| Complete 
| 234|0x000000008ea00000, 0x000000008eb00000, 0x000000008eb00000|100%| E|CS|TAMS 0x000000008ea00000, 0x000000008ea00000| Complete 
| 235|0x000000008eb00000, 0x000000008ec00000, 0x000000008ec00000|100%| E|CS|TAMS 0x000000008eb00000, 0x000000008eb00000| Complete 
| 236|0x000000008ec00000, 0x000000008ed00000, 0x000000008ed00000|100%| E|CS|TAMS 0x000000008ec00000, 0x000000008ec00000| Complete 
| 237|0x000000008ed00000, 0x000000008ee00000, 0x000000008ee00000|100%| E|CS|TAMS 0x000000008ed00000, 0x000000008ed00000| Complete 
| 238|0x000000008ee00000, 0x000000008ef00000, 0x000000008ef00000|100%| E|CS|TAMS 0x000000008ee00000, 0x000000008ee00000| Complete 
| 239|0x000000008ef00000, 0x000000008f000000, 0x000000008f000000|100%| E|CS|TAMS 0x000000008ef00000, 0x000000008ef00000| Complete 
| 240|0x000000008f000000, 0x000000008f100000, 0x000000008f100000|100%| E|CS|TAMS 0x000000008f000000, 0x000000008f000000| Complete 
| 241|0x000000008f100000, 0x000000008f200000, 0x000000008f200000|100%| E|CS|TAMS 0x000000008f100000, 0x000000008f100000| Complete 
| 242|0x000000008f200000, 0x000000008f300000, 0x000000008f300000|100%| E|CS|TAMS 0x000000008f200000, 0x000000008f200000| Complete 
| 243|0x000000008f300000, 0x000000008f400000, 0x000000008f400000|100%| E|CS|TAMS 0x000000008f300000, 0x000000008f300000| Complete 
| 244|0x000000008f400000, 0x000000008f500000, 0x000000008f500000|100%| E|CS|TAMS 0x000000008f400000, 0x000000008f400000| Complete 
| 245|0x000000008f500000, 0x000000008f600000, 0x000000008f600000|100%| E|CS|TAMS 0x000000008f500000, 0x000000008f500000| Complete 
| 246|0x000000008f600000, 0x000000008f700000, 0x000000008f700000|100%| E|CS|TAMS 0x000000008f600000, 0x000000008f600000| Complete 
| 247|0x000000008f700000, 0x000000008f800000, 0x000000008f800000|100%| E|CS|TAMS 0x000000008f700000, 0x000000008f700000| Complete 
| 248|0x000000008f800000, 0x000000008f900000, 0x000000008f900000|100%| E|CS|TAMS 0x000000008f800000, 0x000000008f800000| Complete 
| 249|0x000000008f900000, 0x000000008fa00000, 0x000000008fa00000|100%| E|CS|TAMS 0x000000008f900000, 0x000000008f900000| Complete 
| 250|0x000000008fa00000, 0x000000008fb00000, 0x000000008fb00000|100%| E|CS|TAMS 0x000000008fa00000, 0x000000008fa00000| Complete 
| 251|0x000000008fb00000, 0x000000008fc00000, 0x000000008fc00000|100%| E|CS|TAMS 0x000000008fb00000, 0x000000008fb00000| Complete 
| 252|0x000000008fc00000, 0x000000008fd00000, 0x000000008fd00000|100%| E|CS|TAMS 0x000000008fc00000, 0x000000008fc00000| Complete 
| 253|0x000000008fd00000, 0x000000008fe00000, 0x000000008fe00000|100%| E|CS|TAMS 0x000000008fd00000, 0x000000008fd00000| Complete 
| 254|0x000000008fe00000, 0x000000008ff00000, 0x000000008ff00000|100%| E|CS|TAMS 0x000000008fe00000, 0x000000008fe00000| Complete 
| 255|0x000000008ff00000, 0x0000000090000000, 0x0000000090000000|100%| E|CS|TAMS 0x000000008ff00000, 0x000000008ff00000| Complete 
| 256|0x0000000090000000, 0x0000000090100000, 0x0000000090100000|100%| E|CS|TAMS 0x0000000090000000, 0x0000000090000000| Complete 
| 257|0x0000000090100000, 0x0000000090200000, 0x0000000090200000|100%| E|CS|TAMS 0x0000000090100000, 0x0000000090100000| Complete 
| 258|0x0000000090200000, 0x0000000090300000, 0x0000000090300000|100%| E|CS|TAMS 0x0000000090200000, 0x0000000090200000| Complete 
| 259|0x0000000090300000, 0x0000000090400000, 0x0000000090400000|100%| E|CS|TAMS 0x0000000090300000, 0x0000000090300000| Complete 
| 260|0x0000000090400000, 0x0000000090500000, 0x0000000090500000|100%| E|CS|TAMS 0x0000000090400000, 0x0000000090400000| Complete 
| 261|0x0000000090500000, 0x0000000090600000, 0x0000000090600000|100%| E|CS|TAMS 0x0000000090500000, 0x0000000090500000| Complete 
| 262|0x0000000090600000, 0x0000000090700000, 0x0000000090700000|100%| E|CS|TAMS 0x0000000090600000, 0x0000000090600000| Complete 
| 263|0x0000000090700000, 0x0000000090800000, 0x0000000090800000|100%| E|CS|TAMS 0x0000000090700000, 0x0000000090700000| Complete 
| 264|0x0000000090800000, 0x0000000090900000, 0x0000000090900000|100%| E|CS|TAMS 0x0000000090800000, 0x0000000090800000| Complete 
| 265|0x0000000090900000, 0x0000000090a00000, 0x0000000090a00000|100%| E|CS|TAMS 0x0000000090900000, 0x0000000090900000| Complete 
| 266|0x0000000090a00000, 0x0000000090b00000, 0x0000000090b00000|100%| E|CS|TAMS 0x0000000090a00000, 0x0000000090a00000| Complete 
| 267|0x0000000090b00000, 0x0000000090c00000, 0x0000000090c00000|100%| E|CS|TAMS 0x0000000090b00000, 0x0000000090b00000| Complete 
| 268|0x0000000090c00000, 0x0000000090d00000, 0x0000000090d00000|100%| E|CS|TAMS 0x0000000090c00000, 0x0000000090c00000| Complete 
| 269|0x0000000090d00000, 0x0000000090e00000, 0x0000000090e00000|100%| E|CS|TAMS 0x0000000090d00000, 0x0000000090d00000| Complete 
| 270|0x0000000090e00000, 0x0000000090f00000, 0x0000000090f00000|100%| E|CS|TAMS 0x0000000090e00000, 0x0000000090e00000| Complete 
| 271|0x0000000090f00000, 0x0000000091000000, 0x0000000091000000|100%| E|CS|TAMS 0x0000000090f00000, 0x0000000090f00000| Complete 
| 272|0x0000000091000000, 0x0000000091100000, 0x0000000091100000|100%| E|CS|TAMS 0x0000000091000000, 0x0000000091000000| Complete 
| 273|0x0000000091100000, 0x0000000091200000, 0x0000000091200000|100%| E|CS|TAMS 0x0000000091100000, 0x0000000091100000| Complete 
| 274|0x0000000091200000, 0x0000000091300000, 0x0000000091300000|100%| E|CS|TAMS 0x0000000091200000, 0x0000000091200000| Complete 
| 275|0x0000000091300000, 0x0000000091400000, 0x0000000091400000|100%| E|CS|TAMS 0x0000000091300000, 0x0000000091300000| Complete 
| 276|0x0000000091400000, 0x0000000091500000, 0x0000000091500000|100%| E|CS|TAMS 0x0000000091400000, 0x0000000091400000| Complete 
| 277|0x0000000091500000, 0x0000000091600000, 0x0000000091600000|100%| E|CS|TAMS 0x0000000091500000, 0x0000000091500000| Complete 
| 278|0x0000000091600000, 0x0000000091700000, 0x0000000091700000|100%| E|CS|TAMS 0x0000000091600000, 0x0000000091600000| Complete 
| 279|0x0000000091700000, 0x0000000091800000, 0x0000000091800000|100%| E|CS|TAMS 0x0000000091700000, 0x0000000091700000| Complete 
| 280|0x0000000091800000, 0x0000000091900000, 0x0000000091900000|100%| E|CS|TAMS 0x0000000091800000, 0x0000000091800000| Complete 

Card table byte_map: [0x0000015128b80000,0x0000015128f80000] _byte_map_base: 0x0000015128780000

Marking Bits (Prev, Next): (CMBitMap*) 0x000001511566dfd8, (CMBitMap*) 0x000001511566e010
 Prev Bits: [0x0000015129380000, 0x000001512b380000)
 Next Bits: [0x000001512b380000, 0x000001512d380000)

Polling page: 0x0000015115710000

Metaspace:

Usage:
  Non-class:     92.66 MB capacity,    90.79 MB ( 98%) used,     1.55 MB (  2%) free+waste,   329.19 KB ( <1%) overhead. 
      Class:     14.08 MB capacity,    12.98 MB ( 92%) used,   973.77 KB (  7%) free+waste,   150.75 KB (  1%) overhead. 
       Both:    106.74 MB capacity,   103.77 MB ( 97%) used,     2.50 MB (  2%) free+waste,   479.94 KB ( <1%) overhead. 

Virtual space:
  Non-class space:       94.00 MB reserved,      92.75 MB ( 99%) committed 
      Class space:        1.00 GB reserved,      14.13 MB (  1%) committed 
             Both:        1.09 GB reserved,     106.88 MB ( 10%) committed 

Chunk freelists:
   Non-Class:  26.00 KB
       Class:  0 bytes
        Both:  26.00 KB

MaxMetaspaceSize: 17179869184.00 GB
CompressedClassSpaceSize: 1.00 GB

CodeHeap 'non-profiled nmethods': size=120064Kb used=10382Kb max_used=10382Kb free=109681Kb
 bounds [0x0000015120c10000, 0x0000015121640000, 0x0000015128150000]
CodeHeap 'profiled nmethods': size=120000Kb used=29992Kb max_used=29992Kb free=90007Kb
 bounds [0x00000151196e0000, 0x000001511b440000, 0x0000015120c10000]
CodeHeap 'non-nmethods': size=5696Kb used=2318Kb max_used=2365Kb free=3377Kb
 bounds [0x0000015119150000, 0x00000151193c0000, 0x00000151196e0000]
 total_blobs=14157 nmethods=13232 adapters=835
 compilation: enabled
              stopped_count=0, restarted_count=0
 full_count=0

Compilation events (20 events):
Event: 4383.041 Thread 0x000001512f9f3000 14193       2       org.gradle.internal.operations.DefaultBuildOperationQueue$WorkerRunnable$$Lambda$545/0x00000001006c8040::get$Lambda (10 bytes)
Event: 4383.041 Thread 0x000001512f9f3000 nmethod 14193 0x000001511b422910 code [0x000001511b422ac0, 0x000001511b422cb8]
Event: 4383.041 Thread 0x000001512f9f3000 14194       2       org.gradle.internal.operations.DefaultBuildOperationQueue$WorkerRunnable$$Lambda$545/0x00000001006c8040::<init> (15 bytes)
Event: 4383.041 Thread 0x000001512f9f3000 nmethod 14194 0x000001511b422d90 code [0x000001511b422f40, 0x000001511b4230d8]
Event: 4383.041 Thread 0x000001512f9f3000 14195       2       org.gradle.internal.work.DefaultWorkerLeaseService::whileDisallowingProjectLockChanges (9 bytes)
Event: 4383.042 Thread 0x000001512f9f3000 nmethod 14195 0x000001511b423190 code [0x000001511b423340, 0x000001511b423468]
Event: 4383.042 Thread 0x000001512f9f3000 14196   !   2       org.gradle.internal.resources.AbstractResourceLockRegistry::whileDisallowingLockChanges (44 bytes)
Event: 4383.042 Thread 0x000001512f9f3000 nmethod 14196 0x000001511b423510 code [0x000001511b4236e0, 0x000001511b423878]
Event: 4383.044 Thread 0x000001512f9f3000 14197       2       org.gradle.internal.execution.steps.LoadExecutionStateStep$$Lambda$912/0x0000000100c1b040::apply (12 bytes)
Event: 4383.045 Thread 0x000001512f9f3000 nmethod 14197 0x000001511b423a10 code [0x000001511b423c00, 0x000001511b423fc8]
Event: 4383.050 Thread 0x000001512f9f3000 14198       2       org.gradle.internal.execution.history.impl.DefaultPreviousExecutionStateSerializer::readSnapshots (63 bytes)
Event: 4383.051 Thread 0x000001512f9f3000 nmethod 14198 0x000001511b424190 code [0x000001511b4243a0, 0x000001511b424828]
Event: 4383.051 Thread 0x000001512f9f3000 14199       2       org.gradle.internal.execution.history.impl.DefaultPreviousExecutionStateSerializer::readFingerprints (63 bytes)
Event: 4383.052 Thread 0x000001512f9f3000 nmethod 14199 0x000001511b424a90 code [0x000001511b424ca0, 0x000001511b425128]
Event: 4383.052 Thread 0x000001512f9f3000 14200       2       org.gradle.internal.execution.steps.SkipEmptyWorkStep$$Lambda$917/0x0000000100c28440::<init> (26 bytes)
Event: 4383.052 Thread 0x000001512f9f3000 nmethod 14200 0x000001511b425390 code [0x000001511b425540, 0x000001511b4257b8]
Event: 4383.052 Thread 0x000001512f9f3000 14201       2       org.gradle.internal.execution.steps.CaptureStateBeforeExecutionStep$ImplementationsBuilder::<init> (17 bytes)
Event: 4383.053 Thread 0x000001512f9f3000 nmethod 14201 0x000001511b425890 code [0x000001511b425a40, 0x000001511b425d58]
Event: 4383.053 Thread 0x000001512f9f3000 14202       2       org.gradle.internal.execution.steps.CaptureStateBeforeExecutionStep$ImplementationsBuilder::visitImplementation (13 bytes)
Event: 4383.053 Thread 0x000001512f9f3000 nmethod 14202 0x000001511b425e90 code [0x000001511b426060, 0x000001511b426218]

GC Heap History (20 events):
Event: 38.615 GC heap before
{Heap before GC invocations=64 (full 0):
 garbage-first heap   total 239616K, used 207536K [0x0000000080000000, 0x0000000100000000)
  region size 1024K, 140 young (143360K), 7 survivors (7168K)
 Metaspace       used 54954K, capacity 56599K, committed 56704K, reserved 1097728K
  class space    used 6966K, capacity 7509K, committed 7552K, reserved 1048576K
}
Event: 38.639 GC heap after
{Heap after GC invocations=65 (full 0):
 garbage-first heap   total 239616K, used 82842K [0x0000000080000000, 0x0000000100000000)
  region size 1024K, 17 young (17408K), 17 survivors (17408K)
 Metaspace       used 54954K, capacity 56599K, committed 56704K, reserved 1097728K
  class space    used 6966K, capacity 7509K, committed 7552K, reserved 1048576K
}
Event: 41.530 GC heap before
{Heap before GC invocations=65 (full 0):
 garbage-first heap   total 239616K, used 197530K [0x0000000080000000, 0x0000000100000000)
  region size 1024K, 129 young (132096K), 17 survivors (17408K)
 Metaspace       used 67954K, capacity 69690K, committed 69888K, reserved 1110016K
  class space    used 8565K, capacity 9149K, committed 9216K, reserved 1048576K
}
Event: 41.571 GC heap after
{Heap after GC invocations=66 (full 0):
 garbage-first heap   total 239616K, used 90843K [0x0000000080000000, 0x0000000100000000)
  region size 1024K, 9 young (9216K), 9 survivors (9216K)
 Metaspace       used 67954K, capacity 69690K, committed 69888K, reserved 1110016K
  class space    used 8565K, capacity 9149K, committed 9216K, reserved 1048576K
}
Event: 42.954 GC heap before
{Heap before GC invocations=66 (full 0):
 garbage-first heap   total 239616K, used 146139K [0x0000000080000000, 0x0000000100000000)
  region size 1024K, 64 young (65536K), 9 survivors (9216K)
 Metaspace       used 71966K, capacity 73821K, committed 73984K, reserved 1114112K
  class space    used 9221K, capacity 9865K, committed 9984K, reserved 1048576K
}
Event: 42.989 GC heap after
{Heap after GC invocations=67 (full 0):
 garbage-first heap   total 287744K, used 94208K [0x0000000080000000, 0x0000000100000000)
  region size 1024K, 4 young (4096K), 4 survivors (4096K)
 Metaspace       used 71966K, capacity 73821K, committed 73984K, reserved 1114112K
  class space    used 9221K, capacity 9865K, committed 9984K, reserved 1048576K
}
Event: 46.020 GC heap before
{Heap before GC invocations=68 (full 0):
 garbage-first heap   total 287744K, used 229376K [0x0000000080000000, 0x0000000100000000)
  region size 1024K, 131 young (134144K), 4 survivors (4096K)
 Metaspace       used 81508K, capacity 83531K, committed 83712K, reserved 1122304K
  class space    used 10423K, capacity 11138K, committed 11264K, reserved 1048576K
}
Event: 46.050 GC heap after
{Heap after GC invocations=69 (full 0):
 garbage-first heap   total 287744K, used 112640K [0x0000000080000000, 0x0000000100000000)
  region size 1024K, 16 young (16384K), 16 survivors (16384K)
 Metaspace       used 81508K, capacity 83531K, committed 83712K, reserved 1122304K
  class space    used 10423K, capacity 11138K, committed 11264K, reserved 1048576K
}
Event: 49.068 GC heap before
{Heap before GC invocations=70 (full 0):
 garbage-first heap   total 287744K, used 227328K [0x0000000080000000, 0x0000000100000000)
  region size 1024K, 128 young (131072K), 16 survivors (16384K)
 Metaspace       used 92529K, capacity 94839K, committed 95104K, reserved 1132544K
  class space    used 11778K, capacity 12597K, committed 12672K, reserved 1048576K
}
Event: 49.114 GC heap after
{Heap after GC invocations=71 (full 0):
 garbage-first heap   total 287744K, used 120776K [0x0000000080000000, 0x0000000100000000)
  region size 1024K, 8 young (8192K), 8 survivors (8192K)
 Metaspace       used 92529K, capacity 94839K, committed 95104K, reserved 1132544K
  class space    used 11778K, capacity 12597K, committed 12672K, reserved 1048576K
}
Event: 51.861 GC heap before
{Heap before GC invocations=71 (full 0):
 garbage-first heap   total 287744K, used 231368K [0x0000000080000000, 0x0000000100000000)
  region size 1024K, 115 young (117760K), 8 survivors (8192K)
 Metaspace       used 94863K, capacity 97283K, committed 97408K, reserved 1134592K
  class space    used 11996K, capacity 12816K, committed 12928K, reserved 1048576K
}
Event: 51.887 GC heap after
{Heap after GC invocations=72 (full 0):
 garbage-first heap   total 287744K, used 128183K [0x0000000080000000, 0x0000000100000000)
  region size 1024K, 13 young (13312K), 13 survivors (13312K)
 Metaspace       used 94863K, capacity 97283K, committed 97408K, reserved 1134592K
  class space    used 11996K, capacity 12816K, committed 12928K, reserved 1048576K
}
Event: 52.869 GC heap before
{Heap before GC invocations=72 (full 0):
 garbage-first heap   total 287744K, used 232631K [0x0000000080000000, 0x0000000100000000)
  region size 1024K, 115 young (117760K), 13 survivors (13312K)
 Metaspace       used 94868K, capacity 97283K, committed 97408K, reserved 1134592K
  class space    used 11996K, capacity 12816K, committed 12928K, reserved 1048576K
}
Event: 52.893 GC heap after
{Heap after GC invocations=73 (full 0):
 garbage-first heap   total 287744K, used 129218K [0x0000000080000000, 0x0000000100000000)
  region size 1024K, 8 young (8192K), 8 survivors (8192K)
 Metaspace       used 94868K, capacity 97283K, committed 97408K, reserved 1134592K
  class space    used 11996K, capacity 12816K, committed 12928K, reserved 1048576K
}
Event: 53.891 GC heap before
{Heap before GC invocations=73 (full 0):
 garbage-first heap   total 287744K, used 236738K [0x0000000080000000, 0x0000000100000000)
  region size 1024K, 113 young (115712K), 8 survivors (8192K)
 Metaspace       used 96216K, capacity 98638K, committed 98816K, reserved 1134592K
  class space    used 12165K, capacity 13012K, committed 13056K, reserved 1048576K
}
Event: 53.903 GC heap after
{Heap after GC invocations=74 (full 0):
 garbage-first heap   total 287744K, used 123972K [0x0000000080000000, 0x0000000100000000)
  region size 1024K, 5 young (5120K), 5 survivors (5120K)
 Metaspace       used 96216K, capacity 98638K, committed 98816K, reserved 1134592K
  class space    used 12165K, capacity 13012K, committed 13056K, reserved 1048576K
}
Event: 1465.060 GC heap before
{Heap before GC invocations=74 (full 0):
 garbage-first heap   total 287744K, used 237636K [0x0000000080000000, 0x0000000100000000)
  region size 1024K, 117 young (119808K), 5 survivors (5120K)
 Metaspace       used 103051K, capacity 105857K, committed 105984K, reserved 1140736K
  class space    used 12898K, capacity 13992K, committed 14080K, reserved 1048576K
}
Event: 1465.080 GC heap after
{Heap after GC invocations=75 (full 0):
 garbage-first heap   total 287744K, used 125530K [0x0000000080000000, 0x0000000100000000)
  region size 1024K, 6 young (6144K), 6 survivors (6144K)
 Metaspace       used 103051K, capacity 105857K, committed 105984K, reserved 1140736K
  class space    used 12898K, capacity 13992K, committed 14080K, reserved 1048576K
}
Event: 4380.448 GC heap before
{Heap before GC invocations=75 (full 0):
 garbage-first heap   total 287744K, used 240218K [0x0000000080000000, 0x0000000100000000)
  region size 1024K, 119 young (121856K), 6 survivors (6144K)
 Metaspace       used 103111K, capacity 105923K, committed 106240K, reserved 1140736K
  class space    used 12899K, capacity 13993K, committed 14080K, reserved 1048576K
}
Event: 4380.468 GC heap after
{Heap after GC invocations=76 (full 0):
 garbage-first heap   total 287744K, used 125898K [0x0000000080000000, 0x0000000100000000)
  region size 1024K, 7 young (7168K), 7 survivors (7168K)
 Metaspace       used 103111K, capacity 105923K, committed 106240K, reserved 1140736K
  class space    used 12899K, capacity 13993K, committed 14080K, reserved 1048576K
}

Deoptimization events (20 events):
Event: 4382.651 Thread 0x0000015132c92800 Uncommon trap: trap_request=0xffffff4d fr.pc=0x0000015120e0d3e0 relative=0x00000000000000a0
Event: 4382.651 Thread 0x0000015132c92800 Uncommon trap: reason=unstable_if action=reinterpret pc=0x0000015120e0d3e0 method=com.google.common.collect.AbstractIterator.hasNext()Z @ 29 c2
Event: 4382.651 Thread 0x0000015132c92800 DEOPT PACKING pc=0x0000015120e0d3e0 sp=0x0000001283afca40
Event: 4382.651 Thread 0x0000015132c92800 DEOPT UNPACKING pc=0x00000151191765af sp=0x0000001283afc9d8 mode 2
Event: 4382.662 Thread 0x0000015132c92800 Uncommon trap: trap_request=0xffffff4d fr.pc=0x0000015121244808 relative=0x00000000000006a8
Event: 4382.662 Thread 0x0000015132c92800 Uncommon trap: reason=unstable_if action=reinterpret pc=0x0000015121244808 method=org.gradle.internal.snapshot.PathUtil.equalChars(CCLorg/gradle/internal/snapshot/CaseSensitivity;)Z @ 11 c2
Event: 4382.662 Thread 0x0000015132c92800 DEOPT PACKING pc=0x0000015121244808 sp=0x0000001283afb860
Event: 4382.662 Thread 0x0000015132c92800 DEOPT UNPACKING pc=0x00000151191765af sp=0x0000001283afb780 mode 2
Event: 4382.678 Thread 0x0000015132c92800 Uncommon trap: trap_request=0xffffff4d fr.pc=0x00000151214c73c0 relative=0x00000000000007c0
Event: 4382.678 Thread 0x0000015132c92800 Uncommon trap: reason=unstable_if action=reinterpret pc=0x00000151214c73c0 method=org.gradle.internal.snapshot.VfsRelativePath.lengthOfCommonPrefix(Ljava/lang/String;Lorg/gradle/internal/snapshot/CaseSensitivity;)I @ 107 c2
Event: 4382.678 Thread 0x0000015132c92800 DEOPT PACKING pc=0x00000151214c73c0 sp=0x0000001283afc9f0
Event: 4382.678 Thread 0x0000015132c92800 DEOPT UNPACKING pc=0x00000151191765af sp=0x0000001283afc978 mode 2
Event: 4382.693 Thread 0x0000015132c92800 Uncommon trap: trap_request=0xffffff4d fr.pc=0x000001512144a3ac relative=0x00000000000006ac
Event: 4382.693 Thread 0x0000015132c92800 Uncommon trap: reason=unstable_if action=reinterpret pc=0x000001512144a3ac method=sun.security.provider.DigestBase.engineUpdate([BII)V @ 1 c2
Event: 4382.693 Thread 0x0000015132c92800 DEOPT PACKING pc=0x000001512144a3ac sp=0x0000001283afa3a0
Event: 4382.693 Thread 0x0000015132c92800 DEOPT UNPACKING pc=0x00000151191765af sp=0x0000001283afa368 mode 2
Event: 4382.944 Thread 0x00000151316b6000 Uncommon trap: trap_request=0xffffff4d fr.pc=0x000001512157a604 relative=0x0000000000000844
Event: 4382.944 Thread 0x00000151316b6000 Uncommon trap: reason=unstable_if action=reinterpret pc=0x000001512157a604 method=java.util.concurrent.locks.AbstractQueuedSynchronizer.findNodeFromTail(Ljava/util/concurrent/locks/AbstractQueuedSynchronizer$Node;)Z @ 7 c2
Event: 4382.944 Thread 0x00000151316b6000 DEOPT PACKING pc=0x000001512157a604 sp=0x00000012fe0fef00
Event: 4382.944 Thread 0x00000151316b6000 DEOPT UNPACKING pc=0x00000151191765af sp=0x00000012fe0fedd0 mode 2

Classes redefined (0 events):
No events

Internal exceptions (20 events):
Event: 4381.522 Thread 0x00000151314c4000 Exception <a 'sun/nio/fs/WindowsException'{0x000000008ee4a300}> (0x000000008ee4a300) thrown at [./src/hotspot/share/prims/jni.cpp, line 615]
Event: 4381.676 Thread 0x00000151314c4000 Exception <a 'java/lang/NoSuchMethodError'{0x000000008e8811d0}: 'java.lang.Object java.lang.invoke.Invokers$Holder.linkToTargetMethod(java.lang.Object, int, int, java.lang.Object)'> (0x000000008e8811d0) thrown at [./src/hotspot/share/interpreter/linkResolver.cpp, line 773]
Event: 4381.862 Thread 0x00000151314c4000 Exception <a 'java/lang/NoSuchMethodError'{0x000000008e0f02d8}: <clinit>> (0x000000008e0f02d8) thrown at [./src/hotspot/share/prims/jni.cpp, line 1362]
Event: 4381.877 Thread 0x00000151314c4000 Exception <a 'sun/nio/fs/WindowsException'{0x000000008df6a518}> (0x000000008df6a518) thrown at [./src/hotspot/share/prims/jni.cpp, line 615]
Event: 4381.932 Thread 0x00000151314c0000 Exception <a 'java/lang/NoSuchMethodError'{0x000000008fdbf600}: <clinit>> (0x000000008fdbf600) thrown at [./src/hotspot/share/prims/jni.cpp, line 1362]
Event: 4381.933 Thread 0x00000151314c0000 Exception <a 'java/lang/NoSuchMethodError'{0x000000008dc015a0}: <clinit>> (0x000000008dc015a0) thrown at [./src/hotspot/share/prims/jni.cpp, line 1362]
Event: 4381.939 Thread 0x00000151314c0000 Exception <a 'java/lang/NoSuchMethodError'{0x000000008dc0b910}: <clinit>> (0x000000008dc0b910) thrown at [./src/hotspot/share/prims/jni.cpp, line 1362]
Event: 4381.941 Thread 0x00000151314c0000 Exception <a 'java/lang/NoSuchMethodError'{0x000000008dc1b7c8}: <clinit>> (0x000000008dc1b7c8) thrown at [./src/hotspot/share/prims/jni.cpp, line 1362]
Event: 4381.941 Thread 0x00000151314c0000 Exception <a 'java/lang/NoSuchMethodError'{0x000000008dc1caa0}: <clinit>> (0x000000008dc1caa0) thrown at [./src/hotspot/share/prims/jni.cpp, line 1362]
Event: 4382.003 Thread 0x0000015132c88000 Exception <a 'java/lang/NoSuchMethodError'{0x000000008da66a10}: <clinit>> (0x000000008da66a10) thrown at [./src/hotspot/share/prims/jni.cpp, line 1362]
Event: 4382.005 Thread 0x0000015132c88000 Exception <a 'java/lang/NoSuchMethodError'{0x000000008da74468}: <clinit>> (0x000000008da74468) thrown at [./src/hotspot/share/prims/jni.cpp, line 1362]
Event: 4382.008 Thread 0x0000015132c88000 Exception <a 'java/lang/NoSuchMethodError'{0x000000008da8d628}: <clinit>> (0x000000008da8d628) thrown at [./src/hotspot/share/prims/jni.cpp, line 1362]
Event: 4382.019 Thread 0x0000015132c92800 Exception <a 'java/lang/NoSuchMethodError'{0x000000008d923898}: 'java.lang.Object java.lang.invoke.DirectMethodHandle$Holder.invokeInterface(java.lang.Object, java.lang.Object, int)'> (0x000000008d923898) thrown at [./src/hotspot/share/interpreter/linkResolver.cpp, line 773]
Event: 4382.019 Thread 0x00000151314c0000 Exception <a 'java/lang/NoSuchMethodError'{0x000000008d992c28}: <clinit>> (0x000000008d992c28) thrown at [./src/hotspot/share/prims/jni.cpp, line 1362]
Event: 4382.039 Thread 0x0000015132c92800 Exception <a 'java/lang/NoSuchMethodError'{0x000000008d9c7d00}: 'void java.lang.invoke.DirectMethodHandle$Holder.invokeStatic(java.lang.Object, java.lang.Object, java.lang.Object, int)'> (0x000000008d9c7d00) thrown at [./src/hotspot/share/interpreter/linkResolver.cpp, line 773]
Event: 4382.853 Thread 0x00000151314c4000 Exception <a 'java/lang/NoSuchMethodError'{0x000000008c0bce38}: <clinit>> (0x000000008c0bce38) thrown at [./src/hotspot/share/prims/jni.cpp, line 1362]
Event: 4382.853 Thread 0x00000151314c4000 Exception <a 'java/lang/NoSuchMethodError'{0x000000008c0beee0}: <clinit>> (0x000000008c0beee0) thrown at [./src/hotspot/share/prims/jni.cpp, line 1362]
Event: 4382.853 Thread 0x00000151314c4000 Exception <a 'java/lang/NoSuchMethodError'{0x000000008c0c1b20}: <clinit>> (0x000000008c0c1b20) thrown at [./src/hotspot/share/prims/jni.cpp, line 1362]
Event: 4382.857 Thread 0x00000151314c4000 Exception <a 'java/lang/NoSuchMethodError'{0x000000008c0e7f30}: <clinit>> (0x000000008c0e7f30) thrown at [./src/hotspot/share/prims/jni.cpp, line 1362]
Event: 4382.857 Thread 0x00000151314c4000 Exception <a 'java/lang/NoSuchMethodError'{0x000000008c0e9c08}: <clinit>> (0x000000008c0e9c08) thrown at [./src/hotspot/share/prims/jni.cpp, line 1362]

Events (20 events):
Event: 4382.854 loading class kotlin/reflect/KClass
Event: 4382.854 loading class kotlin/reflect/KClass done
Event: 4382.858 loading class org/gradle/internal/snapshot/FileSystemLocationSnapshot
Event: 4382.858 loading class org/gradle/internal/snapshot/FileSystemLocationSnapshot done
Event: 4382.858 loading class org/gradle/internal/fingerprint/impl/IgnoredPathFingerprintingStrategy
Event: 4382.858 loading class org/gradle/internal/fingerprint/impl/IgnoredPathFingerprintingStrategy done
Event: 4382.859 loading class org/gradle/internal/fingerprint/impl/IgnoredPathFingerprintingStrategy$1
Event: 4382.859 loading class org/gradle/internal/fingerprint/impl/IgnoredPathFingerprintingStrategy$1 done
Event: 4382.871 loading class org/gradle/api/internal/artifacts/ivyservice/clientmodule/ClientModuleResolver$ClientModuleComponentResolveMetadata
Event: 4382.871 loading class org/gradle/api/internal/artifacts/ivyservice/clientmodule/ClientModuleResolver$ClientModuleComponentResolveMetadata done
Event: 4382.874 loading class org/gradle/api/internal/artifacts/ivyservice/clientmodule/ClientModuleResolver$ClientModuleConfigurationMetadata
Event: 4382.874 loading class org/gradle/api/internal/artifacts/ivyservice/clientmodule/ClientModuleResolver$ClientModuleConfigurationMetadata done
Event: 4382.875 Executing VM operation: Deoptimize
Event: 4382.878 Executing VM operation: Deoptimize done
Event: 4382.988 Executing VM operation: RevokeBias
Event: 4382.989 Executing VM operation: RevokeBias done
Event: 4382.994 Executing VM operation: RevokeBias
Event: 4382.994 Executing VM operation: RevokeBias done
Event: 4383.024 Executing VM operation: RevokeBias
Event: 4383.024 Executing VM operation: RevokeBias done


Dynamic libraries:
0x00007ff73e340000 - 0x00007ff73e34a000 	C:\Program Files\Android\Android Studio\jre\bin\java.exe
0x00007ffede7b0000 - 0x00007ffede9a5000 	C:\Windows\SYSTEM32\ntdll.dll
0x00007ffede6b0000 - 0x00007ffede76e000 	C:\Windows\System32\KERNEL32.DLL
0x00007ffedc3f0000 - 0x00007ffedc6b8000 	C:\Windows\System32\KERNELBASE.dll
0x00007ffedc0a0000 - 0x00007ffedc1a0000 	C:\Windows\System32\ucrtbase.dll
0x00007ffecbc30000 - 0x00007ffecbc49000 	C:\Program Files\Android\Android Studio\jre\bin\jli.dll
0x00007ffedd640000 - 0x00007ffedd7e1000 	C:\Windows\System32\USER32.dll
0x00007ffedc7c0000 - 0x00007ffedc7e2000 	C:\Windows\System32\win32u.dll
0x00007ffecbc10000 - 0x00007ffecbc27000 	C:\Program Files\Android\Android Studio\jre\bin\VCRUNTIME140.dll
0x00007ffedd420000 - 0x00007ffedd44b000 	C:\Windows\System32\GDI32.dll
0x00007ffedc2e0000 - 0x00007ffedc3ed000 	C:\Windows\System32\gdi32full.dll
0x00007ffed0670000 - 0x00007ffed090a000 	C:\Windows\WinSxS\amd64_microsoft.windows.common-controls_6595b64144ccf1df_6.0.19041.1110_none_60b5254171f9507e\COMCTL32.dll
0x00007ffedc6c0000 - 0x00007ffedc75d000 	C:\Windows\System32\msvcp_win.dll
0x00007ffedc920000 - 0x00007ffedc9be000 	C:\Windows\System32\msvcrt.dll
0x00007ffedc890000 - 0x00007ffedc8c0000 	C:\Windows\System32\IMM32.DLL
0x00007ffecba80000 - 0x00007ffecbb1d000 	C:\Program Files\Android\Android Studio\jre\bin\msvcp140.dll
0x00007ffeb0530000 - 0x00007ffeb1005000 	C:\Program Files\Android\Android Studio\jre\bin\server\jvm.dll
0x00007ffedca30000 - 0x00007ffedcadc000 	C:\Windows\System32\ADVAPI32.dll
0x00007ffedc7f0000 - 0x00007ffedc88b000 	C:\Windows\System32\sechost.dll
0x00007ffede450000 - 0x00007ffede57a000 	C:\Windows\System32\RPCRT4.dll
0x00007ffeddc70000 - 0x00007ffeddc78000 	C:\Windows\System32\PSAPI.DLL
0x00007ffed6f60000 - 0x00007ffed6f69000 	C:\Windows\SYSTEM32\WSOCK32.dll
0x00007ffedd1b0000 - 0x00007ffedd21b000 	C:\Windows\System32\WS2_32.dll
0x00007ffecf070000 - 0x00007ffecf097000 	C:\Windows\SYSTEM32\WINMM.dll
0x00007ffed27a0000 - 0x00007ffed27aa000 	C:\Windows\SYSTEM32\VERSION.dll
0x00007ffed9f60000 - 0x00007ffed9f72000 	C:\Windows\SYSTEM32\kernel.appcore.dll
0x00007ffeca580000 - 0x00007ffeca591000 	C:\Program Files\Android\Android Studio\jre\bin\verify.dll
0x00007ffec8290000 - 0x00007ffec8474000 	C:\Windows\SYSTEM32\DBGHELP.DLL
0x00007ffec8260000 - 0x00007ffec828c000 	C:\Windows\SYSTEM32\dbgcore.DLL
0x00007ffedc250000 - 0x00007ffedc2d2000 	C:\Windows\System32\bcryptPrimitives.dll
0x00007ffeca310000 - 0x00007ffeca339000 	C:\Program Files\Android\Android Studio\jre\bin\java.dll
0x00007ffed6d30000 - 0x00007ffed6d3b000 	C:\Program Files\Android\Android Studio\jre\bin\jimage.dll
0x00007ffec9ba0000 - 0x00007ffec9bb8000 	C:\Program Files\Android\Android Studio\jre\bin\zip.dll
0x00007ffeddd00000 - 0x00007ffede444000 	C:\Windows\System32\SHELL32.dll
0x00007ffeda160000 - 0x00007ffeda8f4000 	C:\Windows\SYSTEM32\windows.storage.dll
0x00007ffedce50000 - 0x00007ffedd1a5000 	C:\Windows\System32\combase.dll
0x00007ffedb840000 - 0x00007ffedb86e000 	C:\Windows\SYSTEM32\Wldp.dll
0x00007ffedcda0000 - 0x00007ffedce4d000 	C:\Windows\System32\SHCORE.dll
0x00007ffedc9c0000 - 0x00007ffedca15000 	C:\Windows\System32\shlwapi.dll
0x00007ffedbe00000 - 0x00007ffedbe1f000 	C:\Windows\SYSTEM32\profapi.dll
0x00007ffec9a80000 - 0x00007ffec9a9a000 	C:\Program Files\Android\Android Studio\jre\bin\net.dll
0x00007ffed4920000 - 0x00007ffed4a2c000 	C:\Windows\SYSTEM32\WINHTTP.dll
0x00007ffedb5a0000 - 0x00007ffedb60a000 	C:\Windows\system32\mswsock.dll
0x00007ffec96c0000 - 0x00007ffec96d4000 	C:\Program Files\Android\Android Studio\jre\bin\nio.dll
0x00007ffeaf590000 - 0x00007ffeaf5b7000 	C:\Users\Admin\.gradle\native\e1d6ef7f7dcc3fd88c89a11ec53ec762bb8ba0a96d01ffa2cd45eb1d1d8dd5c5\windows-amd64\native-platform.dll
0x00007ffeaf440000 - 0x00007ffeaf584000 	C:\Users\Admin\.gradle\native\5664cfc778a61ccfe75a443a1ab52a65af34e5dc3c78e0209fed803814484fcb\windows-amd64\native-platform-file-events.dll
0x00007ffed6160000 - 0x00007ffed616a000 	C:\Program Files\Android\Android Studio\jre\bin\management.dll
0x00007ffecb280000 - 0x00007ffecb28d000 	C:\Program Files\Android\Android Studio\jre\bin\management_ext.dll
0x00007ffedb7a0000 - 0x00007ffedb7b8000 	C:\Windows\SYSTEM32\CRYPTSP.dll
0x00007ffedb0d0000 - 0x00007ffedb104000 	C:\Windows\system32\rsaenh.dll
0x00007ffedc070000 - 0x00007ffedc097000 	C:\Windows\System32\bcrypt.dll
0x00007ffedbd80000 - 0x00007ffedbdae000 	C:\Windows\SYSTEM32\USERENV.dll
0x00007ffedb790000 - 0x00007ffedb79c000 	C:\Windows\SYSTEM32\CRYPTBASE.dll
0x00007ffedb290000 - 0x00007ffedb2cb000 	C:\Windows\SYSTEM32\IPHLPAPI.DLL
0x00007ffedca20000 - 0x00007ffedca28000 	C:\Windows\System32\NSI.dll
0x00007ffed57e0000 - 0x00007ffed57f7000 	C:\Windows\SYSTEM32\dhcpcsvc6.DLL
0x00007ffed5700000 - 0x00007ffed571d000 	C:\Windows\SYSTEM32\dhcpcsvc.DLL
0x00007ffedb2d0000 - 0x00007ffedb39b000 	C:\Windows\SYSTEM32\DNSAPI.dll

dbghelp: loaded successfully - version: 4.0.5 - missing functions: none
symbol engine: initialized successfully - sym options: 0x614 - pdb path: .;C:\Program Files\Android\Android Studio\jre\bin;C:\Windows\SYSTEM32;C:\Windows\WinSxS\amd64_microsoft.windows.common-controls_6595b64144ccf1df_6.0.19041.1110_none_60b5254171f9507e;C:\Program Files\Android\Android Studio\jre\bin\server;C:\Users\Admin\.gradle\native\e1d6ef7f7dcc3fd88c89a11ec53ec762bb8ba0a96d01ffa2cd45eb1d1d8dd5c5\windows-amd64;C:\Users\Admin\.gradle\native\5664cfc778a61ccfe75a443a1ab52a65af34e5dc3c78e0209fed803814484fcb\windows-amd64

VM Arguments:
jvm_args: --add-opens=java.base/java.util=ALL-UNNAMED --add-opens=java.base/java.lang=ALL-UNNAMED --add-opens=java.base/java.lang.invoke=ALL-UNNAMED --add-opens=java.base/java.util=ALL-UNNAMED --add-opens=java.prefs/java.util.prefs=ALL-UNNAMED --add-opens=java.prefs/java.util.prefs=ALL-UNNAMED --add-opens=java.base/java.nio.charset=ALL-UNNAMED --add-opens=java.base/java.net=ALL-UNNAMED --add-opens=java.base/java.util.concurrent.atomic=ALL-UNNAMED -Xmx2048m -Dfile.encoding=UTF-8 -Duser.country=US -Duser.language=en -Duser.variant 
java_command: org.gradle.launcher.daemon.bootstrap.GradleDaemon 7.2
java_class_path (initial): C:\Users\Admin\.gradle\wrapper\dists\gradle-7.2-bin\2dnblmf4td7x66yl1d74lt32g\gradle-7.2\lib\gradle-launcher-7.2.jar
Launcher Type: SUN_STANDARD

[Global flags]
     intx CICompilerCount                          = 3                                         {product} {ergonomic}
     uint ConcGCThreads                            = 1                                         {product} {ergonomic}
     uint G1ConcRefinementThreads                  = 4                                         {product} {ergonomic}
   size_t G1HeapRegionSize                         = 1048576                                   {product} {ergonomic}
    uintx GCDrainStackTargetSize                   = 64                                        {product} {ergonomic}
   size_t InitialHeapSize                          = 67108864                                  {product} {ergonomic}
   size_t MarkStackSize                            = 4194304                                   {product} {ergonomic}
   size_t MaxHeapSize                              = 2147483648                                {product} {command line}
   size_t MaxNewSize                               = 1287651328                                {product} {ergonomic}
   size_t MinHeapDeltaBytes                        = 1048576                                   {product} {ergonomic}
    uintx NonNMethodCodeHeapSize                   = 5830732                                {pd product} {ergonomic}
    uintx NonProfiledCodeHeapSize                  = 122913754                              {pd product} {ergonomic}
    uintx ProfiledCodeHeapSize                     = 122913754                              {pd product} {ergonomic}
    uintx ReservedCodeCacheSize                    = 251658240                              {pd product} {ergonomic}
     bool SegmentedCodeCache                       = true                                      {product} {ergonomic}
     bool UseCompressedClassPointers               = true                                 {lp64_product} {ergonomic}
     bool UseCompressedOops                        = true                                 {lp64_product} {ergonomic}
     bool UseG1GC                                  = true                                      {product} {ergonomic}
     bool UseLargePagesIndividualAllocation        = false                                  {pd product} {ergonomic}

Logging:
Log output configuration:
 #0: stdout all=warning uptime,level,tags
 #1: stderr all=off uptime,level,tags

Environment Variables:
PATH=C:\Program Files (x86)\Common Files\Oracle\Java\javapath;C:\Program Files (x86)\VMware\VMware Player\bin\;C:\Windows\system32;C:\Windows;C:\Windows\System32\Wbem;C:\Windows\System32\WindowsPowerShell\v1.0\;C:\Windows\System32\OpenSSH\;C:\Program Files\dotnet\;C:\Users\Admin\AppData\Local\Microsoft\WindowsApps;C:\Users\Admin\.dotnet\tools
USERNAME=Admin
OS=Windows_NT
PROCESSOR_IDENTIFIER=Intel64 Family 6 Model 42 Stepping 7, GenuineIntel



---------------  S Y S T E M  ---------------

OS: Windows 10 , 64 bit Build 19041 (10.0.19041.1348)
OS uptime: 0 days 1:15 hours

CPU:total 4 (initial active 4) (2 cores per cpu, 2 threads per core) family 6 model 42 stepping 7 microcode 0x2f, cmov, cx8, fxsr, mmx, sse, sse2, sse3, ssse3, sse4.1, sse4.2, popcnt, avx, clmul, ht, tsc, tscinvbit

Memory: 4k page, system-wide physical 4004M (275M free)
TotalPageFile size 4004M (AvailPageFile size 8M)
current process WorkingSet (physical memory assigned to process): 336M, peak: 589M
current process commit charge ("private bytes"): 618M, peak: 620M

vm_info: OpenJDK 64-Bit Server VM (11.0.11+9-b60-7590822) for windows-amd64 JRE (11.0.11+9-b60-7590822), built on Jul 29 2021 21:43:44 by "builder" with MS VC++ 14.0 (VS2015)

END.
