#
# There is insufficient memory for the Java Runtime Environment to continue.
# Native memory allocation (mmap) failed to map 40894464 bytes for Failed to commit area from 0x000000008c300000 to 0x000000008ea00000 of length 40894464.
# Possible reasons:
#   The system is out of physical RAM or swap space
#   The process is running with CompressedOops enabled, and the Java Heap may be blocking the growth of the native heap
# Possible solutions:
#   Reduce memory load on the system
#   Increase physical memory or swap space
#   Check if swap backing store is full
#   Decrease Java heap size (-Xmx/-Xms)
#   Decrease number of Java threads
#   Decrease Java thread stack sizes (-Xss)
#   Set larger code cache with -XX:ReservedCodeCacheSize=
#   JVM is running with Unscaled Compressed Oops mode in which the Java heap is
#     placed in the first 4GB address space. The Java Heap base address is the
#     maximum limit for the native heap growth. Please use -XX:HeapBaseMinAddress
#     to set the Java Heap base and to place the Java Heap above 4GB virtual address.
# This output file may be truncated or incomplete.
#
#  Out of Memory Error (./src/hotspot/os/windows/os_windows.cpp:3301), pid=5476, tid=5436
#
# JRE version: OpenJDK Runtime Environment (11.0.11+9) (build 11.0.11+9-b60-7590822)
# Java VM: OpenJDK 64-Bit Server VM (11.0.11+9-b60-7590822, mixed mode, tiered, compressed oops, g1 gc, windows-amd64)
# No core dump will be written. Minidumps are not enabled by default on client versions of Windows
#

---------------  S U M M A R Y ------------

Command Line: --add-opens=java.base/java.util=ALL-UNNAMED --add-opens=java.base/java.lang=ALL-UNNAMED --add-opens=java.base/java.lang.invoke=ALL-UNNAMED --add-opens=java.base/java.util=ALL-UNNAMED --add-opens=java.prefs/java.util.prefs=ALL-UNNAMED --add-opens=java.prefs/java.util.prefs=ALL-UNNAMED --add-opens=java.base/java.nio.charset=ALL-UNNAMED --add-opens=java.base/java.net=ALL-UNNAMED --add-opens=java.base/java.util.concurrent.atomic=ALL-UNNAMED -Xmx2048m -Dfile.encoding=UTF-8 -Duser.country=US -Duser.language=en -Duser.variant org.gradle.launcher.daemon.bootstrap.GradleDaemon 7.2

Host: Intel(R) Core(TM) i3-2330M CPU @ 2.20GHz, 4 cores, 3G,  Windows 10 , 64 bit Build 19041 (10.0.19041.1348)
Time: Sun Mar 27 22:30:02 2022 SE Asia Standard Time elapsed time: 36.907913 seconds (0d 0h 0m 36s)

---------------  T H R E A D  ---------------

Current thread (0x0000025128730000):  VMThread "VM Thread" [stack: 0x000000e868800000,0x000000e868900000] [id=5436]

Stack: [0x000000e868800000,0x000000e868900000]
[error occurred during error reporting (printing stack bounds), id 0xc0000005, EXCEPTION_ACCESS_VIOLATION (0xc0000005) at pc=0x0000025111f60f2d]

Native frames: (J=compiled Java code, j=interpreted, Vv=VM code, C=native code)
V  [jvm.dll+0x5f214a]
V  [jvm.dll+0x726fb5]
V  [jvm.dll+0x7285cd]
V  [jvm.dll+0x728be5]
V  [jvm.dll+0x728b9b]
V  [jvm.dll+0x5f14e8]
V  [jvm.dll+0x5f1c78]
C  [ntdll.dll+0xa20cf]
C  [ntdll.dll+0x51454]
C  [ntdll.dll+0xa0bfe]
C  0x0000025111f60f2d

VM_Operation (0x000000e86e4fd3f0): G1CollectForAllocation, mode: safepoint, requested by thread 0x000002512e598800


---------------  P R O C E S S  ---------------

Threads class SMR info:
_java_thread_list=0x000002513273e790, length=98, elements={
0x000002510e45c800, 0x0000025128736000, 0x0000025128741800, 0x0000025128793800,
0x0000025128795800, 0x0000025128798800, 0x000002512879d800, 0x000002512879f800,
0x00000251287a3800, 0x0000025129225800, 0x000002512aa65000, 0x00000251293b7000,
0x000002512c215800, 0x000002512ab81800, 0x000002512aeaa800, 0x000002512b4bc800,
0x000002512c226800, 0x000002512c227800, 0x000002512b458800, 0x000002512b3c1800,
0x000002512b3c2800, 0x000002512b3c3800, 0x000002512b3c1000, 0x000002512bae0800,
0x000002512bae2800, 0x000002512bae1800, 0x000002512bae3000, 0x000002512bae4800,
0x000002512bae4000, 0x000002512badf000, 0x000002512950b000, 0x000002512950c800,
0x0000025129507800, 0x000002512bade000, 0x000002512950e000, 0x000002512fe18800,
0x000002512fe1f000, 0x000002512fe1e000, 0x000002512fe1c800, 0x000002512fe1a800,
0x000002512fe1b800, 0x000002512fe1d000, 0x000002512fe1a000, 0x000002512fe19000,
0x000002512fe23000, 0x000002512fe23800, 0x000002512fe24800, 0x000002512fe25800,
0x000002512fe1f800, 0x000002512fe26000, 0x000002512fe20800, 0x000002512fe27000,
0x000002512fe21800, 0x000002512fe22000, 0x000002512ecba000, 0x000002512ecb7800,
0x000002512ecb5000, 0x000002512ecb9000, 0x000002512ecb8000, 0x000002512ecb5800,
0x000002512ecb4000, 0x000002512ecba800, 0x000002512ecbb800, 0x000002512ecbc800,
0x000002512ecb6800, 0x000002512ecc2000, 0x000002512ecbf800, 0x000002512ecc3000,
0x000002512ecbd000, 0x000002512ecc0800, 0x000002512ecbe000, 0x000002512ecbe800,
0x000002512ecc1000, 0x000002512e593800, 0x000002512e591000, 0x000002512e592000,
0x000002512e58e800, 0x000002512e593000, 0x000002512e595800, 0x000002512e58f800,
0x000002512e596000, 0x000002512e590800, 0x000002512e59c000, 0x000002512e59c800,
0x000002512e59b000, 0x000002512e597000, 0x000002512e59a000, 0x000002512e598800,
0x000002512e599800, 0x000002512e59d800, 0x0000025129509800, 0x000002512e597800,
0x000002512fb5c800, 0x000002512fb5a800, 0x000002512fb5b000, 0x000002512fb5c000,
0x000002512fb58000, 0x000002512fb59800
}

Java Threads: ( => current thread )
  0x000002510e45c800 JavaThread "main" [_thread_blocked, id=2984, stack(0x000000e868200000,0x000000e868300000)]
  0x0000025128736000 JavaThread "Reference Handler" daemon [_thread_blocked, id=6088, stack(0x000000e868900000,0x000000e868a00000)]
  0x0000025128741800 JavaThread "Finalizer" daemon [_thread_blocked, id=668, stack(0x000000e868a00000,0x000000e868b00000)]
  0x0000025128793800 JavaThread "Signal Dispatcher" daemon [_thread_blocked, id=604, stack(0x000000e868b00000,0x000000e868c00000)]
  0x0000025128795800 JavaThread "Attach Listener" daemon [_thread_blocked, id=6084, stack(0x000000e868c00000,0x000000e868d00000)]
  0x0000025128798800 JavaThread "Service Thread" daemon [_thread_blocked, id=3840, stack(0x000000e868d00000,0x000000e868e00000)]
  0x000002512879d800 JavaThread "C2 CompilerThread0" daemon [_thread_blocked, id=1332, stack(0x000000e868e00000,0x000000e868f00000)]
  0x000002512879f800 JavaThread "C1 CompilerThread0" daemon [_thread_blocked, id=1504, stack(0x000000e868f00000,0x000000e869000000)]
  0x00000251287a3800 JavaThread "Sweeper thread" daemon [_thread_blocked, id=3668, stack(0x000000e869000000,0x000000e869100000)]
  0x0000025129225800 JavaThread "Common-Cleaner" daemon [_thread_blocked, id=4124, stack(0x000000e869100000,0x000000e869200000)]
  0x000002512aa65000 JavaThread "Daemon health stats" [_thread_blocked, id=896, stack(0x000000e869500000,0x000000e869600000)]
  0x00000251293b7000 JavaThread "Incoming local TCP Connector on port 53952" [_thread_in_native, id=4668, stack(0x000000e869300000,0x000000e869400000)]
  0x000002512c215800 JavaThread "Daemon" [_thread_blocked, id=2592, stack(0x000000e869800000,0x000000e869900000)]
  0x000002512ab81800 JavaThread "Daemon periodic checks" [_thread_blocked, id=5348, stack(0x000000e869900000,0x000000e869a00000)]
  0x000002512aeaa800 JavaThread "Handler for socket connection from /127.0.0.1:53952 to /127.0.0.1:53953" [_thread_in_native, id=1744, stack(0x000000e869a00000,0x000000e869b00000)]
  0x000002512b4bc800 JavaThread "Cancel handler" [_thread_blocked, id=6000, stack(0x000000e869b00000,0x000000e869c00000)]
  0x000002512c226800 JavaThread "Daemon worker" [_thread_blocked, id=5576, stack(0x000000e869c00000,0x000000e869d00000)]
  0x000002512c227800 JavaThread "Asynchronous log dispatcher for DefaultDaemonConnection: socket connection from /127.0.0.1:53952 to /127.0.0.1:53953" [_thread_blocked, id=3512, stack(0x000000e869d00000,0x000000e869e00000)]
  0x000002512b458800 JavaThread "Stdin handler" [_thread_blocked, id=1236, stack(0x000000e869e00000,0x000000e869f00000)]
  0x000002512b3c1800 JavaThread "Daemon client event forwarder" [_thread_blocked, id=2100, stack(0x000000e869f00000,0x000000e86a000000)]
  0x000002512b3c2800 JavaThread "Cache worker for journal cache (C:\Users\Admin\.gradle\caches\journal-1)" [_thread_blocked, id=1880, stack(0x000000e86a000000,0x000000e86a100000)]
  0x000002512b3c3800 JavaThread "File lock request listener" [_thread_in_native, id=4020, stack(0x000000e86a100000,0x000000e86a200000)]
  0x000002512b3c1000 JavaThread "Cache worker for file hash cache (C:\Users\Admin\.gradle\caches\7.2\fileHashes)" [_thread_blocked, id=6064, stack(0x000000e86a200000,0x000000e86a300000)]
  0x000002512bae0800 JavaThread "Cache worker for file hash cache (C:\Users\Admin\AndroidStudioProjects\DailySelfie\.gradle\7.2\fileHashes)" [_thread_blocked, id=5908, stack(0x000000e86a400000,0x000000e86a500000)]
  0x000002512bae2800 JavaThread "File watcher server" daemon [_thread_blocked, id=5868, stack(0x000000e86a500000,0x000000e86a600000)]
  0x000002512bae1800 JavaThread "File watcher consumer" daemon [_thread_blocked, id=3416, stack(0x000000e86a600000,0x000000e86a700000)]
  0x000002512bae3000 JavaThread "Cache worker for checksums cache (C:\Users\Admin\AndroidStudioProjects\DailySelfie\.gradle\checksums)" [_thread_blocked, id=1308, stack(0x000000e86a700000,0x000000e86a800000)]
  0x000002512bae4800 JavaThread "Cache worker for cache directory md-supplier (C:\Users\Admin\.gradle\caches\7.2\md-supplier)" [_thread_blocked, id=4636, stack(0x000000e86a800000,0x000000e86a900000)]
  0x000002512bae4000 JavaThread "Cache worker for cache directory md-rule (C:\Users\Admin\.gradle\caches\7.2\md-rule)" [_thread_blocked, id=5712, stack(0x000000e86a900000,0x000000e86aa00000)]
  0x000002512badf000 JavaThread "Cache worker for execution history cache (C:\Users\Admin\.gradle\caches\7.2\executionHistory)" [_thread_blocked, id=4508, stack(0x000000e86aa00000,0x000000e86ab00000)]
  0x000002512950b000 JavaThread "jar transforms" [_thread_blocked, id=5964, stack(0x000000e86ab00000,0x000000e86ac00000)]
  0x000002512950c800 JavaThread "Cache worker for file content cache (C:\Users\Admin\.gradle\caches\7.2\fileContent)" [_thread_blocked, id=1684, stack(0x000000e86ac00000,0x000000e86ad00000)]
  0x0000025129507800 JavaThread "jar transforms Thread 2" [_thread_blocked, id=632, stack(0x000000e86ad00000,0x000000e86ae00000)]
  0x000002512bade000 JavaThread "Cache worker for dependencies-accessors (C:\Users\Admin\AndroidStudioProjects\DailySelfie\.gradle\7.2\dependencies-accessors)" [_thread_blocked, id=1444, stack(0x000000e86ae00000,0x000000e86af00000)]
  0x000002512950e000 JavaThread "jar transforms Thread 3" [_thread_blocked, id=1856, stack(0x000000e86af00000,0x000000e86b000000)]
  0x000002512fe18800 JavaThread "Cache worker for Build Output Cleanup Cache (C:\Users\Admin\AndroidStudioProjects\DailySelfie\.gradle\buildOutputCleanup)" [_thread_blocked, id=3500, stack(0x000000e86b000000,0x000000e86b100000)]
  0x000002512fe1f000 JavaThread "Unconstrained build operations" [_thread_blocked, id=1980, stack(0x000000e86b100000,0x000000e86b200000)]
  0x000002512fe1e000 JavaThread "Unconstrained build operations Thread 2" [_thread_blocked, id=760, stack(0x000000e86b200000,0x000000e86b300000)]
  0x000002512fe1c800 JavaThread "Unconstrained build operations Thread 3" [_thread_blocked, id=2428, stack(0x000000e86b300000,0x000000e86b400000)]
  0x000002512fe1a800 JavaThread "Unconstrained build operations Thread 4" [_thread_blocked, id=5888, stack(0x000000e86b400000,0x000000e86b500000)]
  0x000002512fe1b800 JavaThread "Unconstrained build operations Thread 5" [_thread_blocked, id=996, stack(0x000000e86b500000,0x000000e86b600000)]
  0x000002512fe1d000 JavaThread "Unconstrained build operations Thread 6" [_thread_blocked, id=4908, stack(0x000000e86b600000,0x000000e86b700000)]
  0x000002512fe1a000 JavaThread "Unconstrained build operations Thread 7" [_thread_blocked, id=5200, stack(0x000000e86b700000,0x000000e86b800000)]
  0x000002512fe19000 JavaThread "Unconstrained build operations Thread 8" [_thread_blocked, id=4060, stack(0x000000e86b800000,0x000000e86b900000)]
  0x000002512fe23000 JavaThread "Unconstrained build operations Thread 9" [_thread_blocked, id=4120, stack(0x000000e86b900000,0x000000e86ba00000)]
  0x000002512fe23800 JavaThread "Unconstrained build operations Thread 10" [_thread_blocked, id=4812, stack(0x000000e86ba00000,0x000000e86bb00000)]
  0x000002512fe24800 JavaThread "Unconstrained build operations Thread 11" [_thread_blocked, id=4232, stack(0x000000e86bb00000,0x000000e86bc00000)]
  0x000002512fe25800 JavaThread "Unconstrained build operations Thread 12" [_thread_blocked, id=1280, stack(0x000000e86bc00000,0x000000e86bd00000)]
  0x000002512fe1f800 JavaThread "Unconstrained build operations Thread 13" [_thread_blocked, id=3288, stack(0x000000e86bd00000,0x000000e86be00000)]
  0x000002512fe26000 JavaThread "Unconstrained build operations Thread 14" [_thread_blocked, id=4876, stack(0x000000e86be00000,0x000000e86bf00000)]
  0x000002512fe20800 JavaThread "Unconstrained build operations Thread 15" [_thread_blocked, id=5732, stack(0x000000e86bf00000,0x000000e86c000000)]
  0x000002512fe27000 JavaThread "Unconstrained build operations Thread 16" [_thread_blocked, id=3488, stack(0x000000e86c000000,0x000000e86c100000)]
  0x000002512fe21800 JavaThread "Unconstrained build operations Thread 17" [_thread_blocked, id=3248, stack(0x000000e86c100000,0x000000e86c200000)]
  0x000002512fe22000 JavaThread "Unconstrained build operations Thread 18" [_thread_blocked, id=5628, stack(0x000000e86c200000,0x000000e86c300000)]
  0x000002512ecba000 JavaThread "Unconstrained build operations Thread 19" [_thread_blocked, id=3528, stack(0x000000e86c300000,0x000000e86c400000)]
  0x000002512ecb7800 JavaThread "Unconstrained build operations Thread 20" [_thread_blocked, id=792, stack(0x000000e86c400000,0x000000e86c500000)]
  0x000002512ecb5000 JavaThread "Unconstrained build operations Thread 21" [_thread_blocked, id=1232, stack(0x000000e86c500000,0x000000e86c600000)]
  0x000002512ecb9000 JavaThread "Unconstrained build operations Thread 22" [_thread_blocked, id=5220, stack(0x000000e86c600000,0x000000e86c700000)]
  0x000002512ecb8000 JavaThread "Unconstrained build operations Thread 23" [_thread_blocked, id=1288, stack(0x000000e86c700000,0x000000e86c800000)]
  0x000002512ecb5800 JavaThread "Unconstrained build operations Thread 24" [_thread_blocked, id=2596, stack(0x000000e86c800000,0x000000e86c900000)]
  0x000002512ecb4000 JavaThread "Unconstrained build operations Thread 25" [_thread_blocked, id=2332, stack(0x000000e86c900000,0x000000e86ca00000)]
  0x000002512ecba800 JavaThread "Unconstrained build operations Thread 26" [_thread_blocked, id=2536, stack(0x000000e86ca00000,0x000000e86cb00000)]
  0x000002512ecbb800 JavaThread "Unconstrained build operations Thread 27" [_thread_blocked, id=1120, stack(0x000000e86cb00000,0x000000e86cc00000)]
  0x000002512ecbc800 JavaThread "Unconstrained build operations Thread 28" [_thread_blocked, id=1592, stack(0x000000e86cc00000,0x000000e86cd00000)]
  0x000002512ecb6800 JavaThread "Unconstrained build operations Thread 29" [_thread_blocked, id=464, stack(0x000000e86cd00000,0x000000e86ce00000)]
  0x000002512ecc2000 JavaThread "Unconstrained build operations Thread 30" [_thread_blocked, id=3952, stack(0x000000e86ce00000,0x000000e86cf00000)]
  0x000002512ecbf800 JavaThread "Unconstrained build operations Thread 31" [_thread_blocked, id=492, stack(0x000000e86cf00000,0x000000e86d000000)]
  0x000002512ecc3000 JavaThread "Unconstrained build operations Thread 32" [_thread_blocked, id=5092, stack(0x000000e86d000000,0x000000e86d100000)]
  0x000002512ecbd000 JavaThread "Unconstrained build operations Thread 33" [_thread_blocked, id=2248, stack(0x000000e86d100000,0x000000e86d200000)]
  0x000002512ecc0800 JavaThread "Unconstrained build operations Thread 34" [_thread_blocked, id=6040, stack(0x000000e86d200000,0x000000e86d300000)]
  0x000002512ecbe000 JavaThread "Unconstrained build operations Thread 35" [_thread_blocked, id=4028, stack(0x000000e86d300000,0x000000e86d400000)]
  0x000002512ecbe800 JavaThread "Unconstrained build operations Thread 36" [_thread_blocked, id=4128, stack(0x000000e86d400000,0x000000e86d500000)]
  0x000002512ecc1000 JavaThread "Unconstrained build operations Thread 37" [_thread_blocked, id=2196, stack(0x000000e86d500000,0x000000e86d600000)]
  0x000002512e593800 JavaThread "Unconstrained build operations Thread 38" [_thread_blocked, id=2628, stack(0x000000e86d600000,0x000000e86d700000)]
  0x000002512e591000 JavaThread "Unconstrained build operations Thread 39" [_thread_blocked, id=4788, stack(0x000000e86d700000,0x000000e86d800000)]
  0x000002512e592000 JavaThread "Unconstrained build operations Thread 40" [_thread_blocked, id=5416, stack(0x000000e86d800000,0x000000e86d900000)]
  0x000002512e58e800 JavaThread "jar transforms Thread 4" [_thread_blocked, id=4708, stack(0x000000e86d900000,0x000000e86da00000)]
  0x000002512e593000 JavaThread "Memory manager" [_thread_blocked, id=2864, stack(0x000000e86da00000,0x000000e86db00000)]
  0x000002512e595800 JavaThread "build event listener" [_thread_blocked, id=2884, stack(0x000000e86db00000,0x000000e86dc00000)]
  0x000002512e58f800 JavaThread "pool-3-thread-1" [_thread_blocked, id=1828, stack(0x000000e86dc00000,0x000000e86dd00000)]
  0x000002512e596000 JavaThread "build event listener" [_thread_blocked, id=4372, stack(0x000000e86dd00000,0x000000e86de00000)]
  0x000002512e590800 JavaThread "Execution worker for ':'" [_thread_blocked, id=1972, stack(0x000000e86de00000,0x000000e86df00000)]
  0x000002512e59c000 JavaThread "Execution worker for ':' Thread 2" [_thread_blocked, id=3024, stack(0x000000e86df00000,0x000000e86e000000)]
  0x000002512e59c800 JavaThread "Execution worker for ':' Thread 3" [_thread_blocked, id=4216, stack(0x000000e86e000000,0x000000e86e100000)]
  0x000002512e59b000 JavaThread "Cache worker for execution history cache (C:\Users\Admin\AndroidStudioProjects\DailySelfie\.gradle\7.2\executionHistory)" [_thread_blocked, id=5384, stack(0x000000e86e100000,0x000000e86e200000)]
  0x000002512e597000 JavaThread "WorkerExecutor Queue" [_thread_blocked, id=2944, stack(0x000000e86e200000,0x000000e86e300000)]
  0x000002512e59a000 JavaThread "WorkerExecutor Queue Thread 2" [_thread_blocked, id=4476, stack(0x000000e86e300000,0x000000e86e400000)]
  0x000002512e598800 JavaThread "WorkerExecutor Queue Thread 3" [_thread_blocked, id=468, stack(0x000000e86e400000,0x000000e86e500000)]
  0x000002512e599800 JavaThread "pool-4-thread-1" [_thread_blocked, id=1380, stack(0x000000e86e500000,0x000000e86e600000)]
  0x000002512e59d800 JavaThread "stderr" [_thread_in_native, id=4492, stack(0x000000e86e600000,0x000000e86e700000)]
  0x0000025129509800 JavaThread "stdout" [_thread_in_native, id=3484, stack(0x000000e86e700000,0x000000e86e800000)]
  0x000002512e597800 JavaThread "C2 CompilerThread1" daemon [_thread_blocked, id=1556, stack(0x000000e86a300000,0x000000e86a400000)]
  0x000002512fb5c800 JavaThread "Cache worker for Java compile cache (C:\Users\Admin\.gradle\caches\7.2\javaCompile)" [_thread_blocked, id=2728, stack(0x000000e86e800000,0x000000e86e900000)]
  0x000002512fb5a800 JavaThread "Build operations" [_thread_blocked, id=5484, stack(0x000000e86e900000,0x000000e86ea00000)]
  0x000002512fb5b000 JavaThread "Build operations Thread 2" [_thread_blocked, id=6044, stack(0x000000e86ea00000,0x000000e86eb00000)]
  0x000002512fb5c000 JavaThread "Build operations Thread 3" [_thread_blocked, id=3360, stack(0x000000e86eb00000,0x000000e86ec00000)]
  0x000002512fb58000 JavaThread "Build operations Thread 4" [_thread_blocked, id=2432, stack(0x000000e86ec00000,0x000000e86ed00000)]
  0x000002512fb59800 JavaThread "WorkerExecutor Queue Thread 4" [_thread_blocked, id=1764, stack(0x000000e86ef00000,0x000000e86f000000)]

Other Threads:
=>0x0000025128730000 VMThread "VM Thread" [stack: 0x000000e868800000,0x000000e868900000] [id=5436]
  0x000002512923a000 WatcherThread [stack: 0x000000e869200000,0x000000e869300000] [id=1924]
  0x000002510e474000 GCTaskThread "GC Thread#0" [stack: 0x000000e868300000,0x000000e868400000] [id=2616]
  0x0000025129a65000 GCTaskThread "GC Thread#1" [stack: 0x000000e869400000,0x000000e869500000] [id=2936]
  0x000002512bb7a800 GCTaskThread "GC Thread#2" [stack: 0x000000e869600000,0x000000e869700000] [id=1000]
  0x000002512aa8f800 GCTaskThread "GC Thread#3" [stack: 0x000000e869700000,0x000000e869800000] [id=1360]
  0x000002510e4a6800 ConcurrentGCThread "G1 Main Marker" [stack: 0x000000e868400000,0x000000e868500000] [id=5088]
  0x000002510e4a7800 ConcurrentGCThread "G1 Conc#0" [stack: 0x000000e868500000,0x000000e868600000] [id=3852]
  0x000002510e4ff800 ConcurrentGCThread "G1 Refine#0" [stack: 0x000000e868600000,0x000000e868700000] [id=420]
  0x000002510e500800 ConcurrentGCThread "G1 Young RemSet Sampling" [stack: 0x000000e868700000,0x000000e868800000] [id=4228]

Threads with active compile tasks:
C2 CompilerThread0  36929 14290 %     4       org.gradle.internal.instantiation.generator.AbstractClassGenerator::inspectType @ 32 (560 bytes)
C1 CompilerThread0  36929 14534       2       com.android.tools.r8.graph.K1::<init> (70 bytes)
C2 CompilerThread1  36929 14406       4       com.android.tools.r8.internal.fd1$$Lambda$1671/0x0000000100ede440::compare (16 bytes)

VM state:at safepoint (normal execution)

VM Mutex/Monitor currently owned by a thread:  ([mutex/lock_event])
[0x000002510e457100] Threads_lock - owner thread: 0x0000025128730000
[0x000002510e457f10] Heap_lock - owner thread: 0x000002512e598800

Heap address: 0x0000000080000000, size: 2048 MB, Compressed Oops mode: 32-bit
Narrow klass base: 0x0000000000000000, Narrow klass shift: 3
Compressed class space size: 1073741824 Address: 0x0000000100000000

Heap:
 garbage-first heap   total 239616K, used 93199K [0x0000000080000000, 0x0000000100000000)
  region size 1024K, 6 young (6144K), 6 survivors (6144K)
 Metaspace       used 112291K, capacity 115206K, committed 115300K, reserved 1148928K
  class space    used 14564K, capacity 15660K, committed 15716K, reserved 1048576K
Heap Regions: E=young(eden), S=young(survivor), O=old, HS=humongous(starts), HC=humongous(continues), CS=collection set, F=free, A=archive, TAMS=top-at-mark-start (previous, next)
|   0|0x0000000080000000, 0x0000000080100000, 0x0000000080100000|100%| O|  |TAMS 0x0000000080100000, 0x0000000080100000| Untracked 
|   1|0x0000000080100000, 0x0000000080200000, 0x0000000080200000|100%| O|  |TAMS 0x0000000080200000, 0x0000000080200000| Untracked 
|   2|0x0000000080200000, 0x0000000080300000, 0x0000000080300000|100%| O|  |TAMS 0x0000000080300000, 0x0000000080300000| Untracked 
|   3|0x0000000080300000, 0x0000000080400000, 0x0000000080400000|100%|HS|  |TAMS 0x0000000080400000, 0x0000000080400000| Complete 
|   4|0x0000000080400000, 0x0000000080500000, 0x0000000080500000|100%|HC|  |TAMS 0x0000000080500000, 0x0000000080500000| Complete 
|   5|0x0000000080500000, 0x0000000080600000, 0x0000000080600000|100%|HC|  |TAMS 0x0000000080600000, 0x0000000080600000| Complete 
|   6|0x0000000080600000, 0x0000000080700000, 0x0000000080700000|100%| O|  |TAMS 0x0000000080700000, 0x0000000080700000| Untracked 
|   7|0x0000000080700000, 0x0000000080800000, 0x0000000080800000|100%| O|  |TAMS 0x0000000080800000, 0x0000000080800000| Untracked 
|   8|0x0000000080800000, 0x0000000080900000, 0x0000000080900000|100%| O|  |TAMS 0x0000000080900000, 0x0000000080900000| Untracked 
|   9|0x0000000080900000, 0x0000000080a00000, 0x0000000080a00000|100%| O|  |TAMS 0x0000000080a00000, 0x0000000080a00000| Untracked 
|  10|0x0000000080a00000, 0x0000000080b00000, 0x0000000080b00000|100%| O|  |TAMS 0x0000000080b00000, 0x0000000080b00000| Untracked 
|  11|0x0000000080b00000, 0x0000000080c00000, 0x0000000080c00000|100%| O|  |TAMS 0x0000000080c00000, 0x0000000080c00000| Untracked 
|  12|0x0000000080c00000, 0x0000000080d00000, 0x0000000080d00000|100%| O|  |TAMS 0x0000000080d00000, 0x0000000080d00000| Untracked 
|  13|0x0000000080d00000, 0x0000000080e00000, 0x0000000080e00000|100%| O|  |TAMS 0x0000000080e00000, 0x0000000080e00000| Untracked 
|  14|0x0000000080e00000, 0x0000000080f00000, 0x0000000080f00000|100%| O|  |TAMS 0x0000000080f00000, 0x0000000080f00000| Untracked 
|  15|0x0000000080f00000, 0x0000000081000000, 0x0000000081000000|100%| O|  |TAMS 0x0000000081000000, 0x0000000081000000| Untracked 
|  16|0x0000000081000000, 0x0000000081100000, 0x0000000081100000|100%| O|  |TAMS 0x0000000081100000, 0x0000000081100000| Untracked 
|  17|0x0000000081100000, 0x0000000081200000, 0x0000000081200000|100%| O|  |TAMS 0x0000000081200000, 0x0000000081200000| Untracked 
|  18|0x0000000081200000, 0x0000000081300000, 0x0000000081300000|100%| O|  |TAMS 0x0000000081300000, 0x0000000081300000| Untracked 
|  19|0x0000000081300000, 0x0000000081400000, 0x0000000081400000|100%| O|  |TAMS 0x0000000081400000, 0x0000000081400000| Untracked 
|  20|0x0000000081400000, 0x0000000081500000, 0x0000000081500000|100%| O|  |TAMS 0x0000000081500000, 0x0000000081500000| Untracked 
|  21|0x0000000081500000, 0x0000000081600000, 0x0000000081600000|100%| O|  |TAMS 0x0000000081600000, 0x0000000081600000| Untracked 
|  22|0x0000000081600000, 0x0000000081700000, 0x0000000081700000|100%| O|  |TAMS 0x0000000081700000, 0x0000000081700000| Untracked 
|  23|0x0000000081700000, 0x0000000081800000, 0x0000000081800000|100%| O|  |TAMS 0x0000000081800000, 0x0000000081800000| Untracked 
|  24|0x0000000081800000, 0x0000000081900000, 0x0000000081900000|100%| O|  |TAMS 0x0000000081900000, 0x0000000081900000| Untracked 
|  25|0x0000000081900000, 0x0000000081a00000, 0x0000000081a00000|100%| O|  |TAMS 0x0000000081a00000, 0x0000000081a00000| Untracked 
|  26|0x0000000081a00000, 0x0000000081b00000, 0x0000000081b00000|100%| O|  |TAMS 0x0000000081b00000, 0x0000000081b00000| Untracked 
|  27|0x0000000081b00000, 0x0000000081c00000, 0x0000000081c00000|100%| O|  |TAMS 0x0000000081c00000, 0x0000000081c00000| Untracked 
|  28|0x0000000081c00000, 0x0000000081d00000, 0x0000000081d00000|100%|HS|  |TAMS 0x0000000081d00000, 0x0000000081d00000| Complete 
|  29|0x0000000081d00000, 0x0000000081e00000, 0x0000000081e00000|100%|HS|  |TAMS 0x0000000081e00000, 0x0000000081e00000| Complete 
|  30|0x0000000081e00000, 0x0000000081f00000, 0x0000000081f00000|100%|HS|  |TAMS 0x0000000081f00000, 0x0000000081f00000| Complete 
|  31|0x0000000081f00000, 0x0000000082000000, 0x0000000082000000|100%|HS|  |TAMS 0x0000000082000000, 0x0000000082000000| Complete 
|  32|0x0000000082000000, 0x0000000082100000, 0x0000000082100000|100%|HC|  |TAMS 0x0000000082100000, 0x0000000082100000| Complete 
|  33|0x0000000082100000, 0x0000000082200000, 0x0000000082200000|100%| O|  |TAMS 0x0000000082200000, 0x0000000082200000| Untracked 
|  34|0x0000000082200000, 0x0000000082300000, 0x0000000082300000|100%| O|  |TAMS 0x0000000082300000, 0x0000000082300000| Untracked 
|  35|0x0000000082300000, 0x0000000082400000, 0x0000000082400000|100%| O|  |TAMS 0x0000000082400000, 0x0000000082400000| Untracked 
|  36|0x0000000082400000, 0x0000000082500000, 0x0000000082500000|100%| O|  |TAMS 0x0000000082500000, 0x0000000082500000| Untracked 
|  37|0x0000000082500000, 0x0000000082600000, 0x0000000082600000|100%| O|  |TAMS 0x0000000082600000, 0x0000000082600000| Untracked 
|  38|0x0000000082600000, 0x0000000082700000, 0x0000000082700000|100%| O|  |TAMS 0x0000000082700000, 0x0000000082700000| Untracked 
|  39|0x0000000082700000, 0x0000000082800000, 0x0000000082800000|100%| O|  |TAMS 0x0000000082800000, 0x0000000082800000| Untracked 
|  40|0x0000000082800000, 0x0000000082900000, 0x0000000082900000|100%| O|  |TAMS 0x0000000082900000, 0x0000000082900000| Untracked 
|  41|0x0000000082900000, 0x0000000082a00000, 0x0000000082a00000|100%| O|  |TAMS 0x0000000082a00000, 0x0000000082a00000| Untracked 
|  42|0x0000000082a00000, 0x0000000082b00000, 0x0000000082b00000|100%| O|  |TAMS 0x0000000082b00000, 0x0000000082b00000| Untracked 
|  43|0x0000000082b00000, 0x0000000082c00000, 0x0000000082c00000|100%| O|  |TAMS 0x0000000082c00000, 0x0000000082c00000| Untracked 
|  44|0x0000000082c00000, 0x0000000082d00000, 0x0000000082d00000|100%| O|  |TAMS 0x0000000082d00000, 0x0000000082d00000| Untracked 
|  45|0x0000000082d00000, 0x0000000082e00000, 0x0000000082e00000|100%| O|  |TAMS 0x0000000082e00000, 0x0000000082e00000| Untracked 
|  46|0x0000000082e00000, 0x0000000082f00000, 0x0000000082f00000|100%| O|  |TAMS 0x0000000082f00000, 0x0000000082f00000| Untracked 
|  47|0x0000000082f00000, 0x0000000083000000, 0x0000000083000000|100%| O|  |TAMS 0x0000000083000000, 0x0000000083000000| Untracked 
|  48|0x0000000083000000, 0x0000000083100000, 0x0000000083100000|100%| O|  |TAMS 0x0000000083100000, 0x0000000083100000| Untracked 
|  49|0x0000000083100000, 0x0000000083200000, 0x0000000083200000|100%| O|  |TAMS 0x0000000083200000, 0x0000000083200000| Untracked 
|  50|0x0000000083200000, 0x0000000083300000, 0x0000000083300000|100%| O|  |TAMS 0x0000000083300000, 0x0000000083300000| Untracked 
|  51|0x0000000083300000, 0x0000000083400000, 0x0000000083400000|100%| O|  |TAMS 0x0000000083400000, 0x0000000083400000| Untracked 
|  52|0x0000000083400000, 0x0000000083500000, 0x0000000083500000|100%| O|  |TAMS 0x0000000083500000, 0x0000000083500000| Untracked 
|  53|0x0000000083500000, 0x0000000083600000, 0x0000000083600000|100%| O|  |TAMS 0x0000000083600000, 0x0000000083600000| Untracked 
|  54|0x0000000083600000, 0x0000000083700000, 0x0000000083700000|100%| O|  |TAMS 0x0000000083700000, 0x0000000083700000| Untracked 
|  55|0x0000000083700000, 0x0000000083800000, 0x0000000083800000|100%| O|  |TAMS 0x0000000083800000, 0x0000000083800000| Untracked 
|  56|0x0000000083800000, 0x0000000083900000, 0x0000000083900000|100%| O|  |TAMS 0x0000000083900000, 0x0000000083900000| Untracked 
|  57|0x0000000083900000, 0x0000000083a00000, 0x0000000083a00000|100%| O|  |TAMS 0x0000000083a00000, 0x0000000083a00000| Untracked 
|  58|0x0000000083a00000, 0x0000000083b00000, 0x0000000083b00000|100%| O|  |TAMS 0x0000000083b00000, 0x0000000083b00000| Untracked 
|  59|0x0000000083b00000, 0x0000000083c00000, 0x0000000083c00000|100%| O|  |TAMS 0x0000000083c00000, 0x0000000083c00000| Untracked 
|  60|0x0000000083c00000, 0x0000000083d00000, 0x0000000083d00000|100%| O|  |TAMS 0x0000000083d00000, 0x0000000083d00000| Untracked 
|  61|0x0000000083d00000, 0x0000000083e00000, 0x0000000083e00000|100%| O|  |TAMS 0x0000000083e00000, 0x0000000083e00000| Untracked 
|  62|0x0000000083e00000, 0x0000000083f00000, 0x0000000083f00000|100%| O|  |TAMS 0x0000000083f00000, 0x0000000083f00000| Untracked 
|  63|0x0000000083f00000, 0x0000000084000000, 0x0000000084000000|100%| O|  |TAMS 0x0000000084000000, 0x0000000084000000| Untracked 
|  64|0x0000000084000000, 0x0000000084100000, 0x0000000084100000|100%| O|  |TAMS 0x0000000084100000, 0x0000000084100000| Untracked 
|  65|0x0000000084100000, 0x0000000084200000, 0x0000000084200000|100%| O|  |TAMS 0x0000000084200000, 0x0000000084200000| Untracked 
|  66|0x0000000084200000, 0x0000000084300000, 0x0000000084300000|100%| O|  |TAMS 0x0000000084300000, 0x0000000084300000| Untracked 
|  67|0x0000000084300000, 0x0000000084400000, 0x0000000084400000|100%| O|  |TAMS 0x0000000084400000, 0x0000000084400000| Untracked 
|  68|0x0000000084400000, 0x0000000084500000, 0x0000000084500000|100%| O|  |TAMS 0x0000000084500000, 0x0000000084500000| Untracked 
|  69|0x0000000084500000, 0x0000000084600000, 0x0000000084600000|100%| O|  |TAMS 0x0000000084600000, 0x0000000084600000| Untracked 
|  70|0x0000000084600000, 0x0000000084700000, 0x0000000084700000|100%| O|  |TAMS 0x0000000084700000, 0x0000000084700000| Untracked 
|  71|0x0000000084700000, 0x0000000084800000, 0x0000000084800000|100%| O|  |TAMS 0x0000000084800000, 0x0000000084800000| Untracked 
|  72|0x0000000084800000, 0x0000000084900000, 0x0000000084900000|100%| O|  |TAMS 0x0000000084900000, 0x0000000084900000| Untracked 
|  73|0x0000000084900000, 0x0000000084a00000, 0x0000000084a00000|100%| O|  |TAMS 0x0000000084a00000, 0x0000000084a00000| Untracked 
|  74|0x0000000084a00000, 0x0000000084b00000, 0x0000000084b00000|100%| O|  |TAMS 0x0000000084b00000, 0x0000000084b00000| Untracked 
|  75|0x0000000084b00000, 0x0000000084b00000, 0x0000000084c00000|  0%| F|  |TAMS 0x0000000084b00000, 0x0000000084b00000| Untracked 
|  76|0x0000000084c00000, 0x0000000084d00000, 0x0000000084d00000|100%| O|  |TAMS 0x0000000084c00000, 0x0000000084d00000| Untracked 
|  77|0x0000000084d00000, 0x0000000084e00000, 0x0000000084e00000|100%| O|  |TAMS 0x0000000084e00000, 0x0000000084e00000| Untracked 
|  78|0x0000000084e00000, 0x0000000084f00000, 0x0000000084f00000|100%| O|  |TAMS 0x0000000084f00000, 0x0000000084f00000| Untracked 
|  79|0x0000000084f00000, 0x0000000085000000, 0x0000000085000000|100%| O|  |TAMS 0x0000000085000000, 0x0000000085000000| Untracked 
|  80|0x0000000085000000, 0x0000000085100000, 0x0000000085100000|100%| O|  |TAMS 0x0000000085100000, 0x0000000085100000| Untracked 
|  81|0x0000000085100000, 0x0000000085200000, 0x0000000085200000|100%| O|  |TAMS 0x0000000085100000, 0x0000000085200000| Untracked 
|  82|0x0000000085200000, 0x0000000085300000, 0x0000000085300000|100%| O|  |TAMS 0x0000000085200000, 0x0000000085300000| Untracked 
|  83|0x0000000085300000, 0x0000000085400000, 0x0000000085400000|100%| O|  |TAMS 0x0000000085400000, 0x0000000085400000| Untracked 
|  84|0x0000000085400000, 0x0000000085500000, 0x0000000085500000|100%| O|  |TAMS 0x0000000085500000, 0x0000000085500000| Untracked 
|  85|0x0000000085500000, 0x0000000085600000, 0x0000000085600000|100%| O|  |TAMS 0x0000000085600000, 0x0000000085600000| Untracked 
|  86|0x0000000085600000, 0x000000008562d200, 0x0000000085700000| 17%| O|  |TAMS 0x0000000085600000, 0x000000008562d200| Untracked 
|  87|0x0000000085700000, 0x0000000085700000, 0x0000000085800000|  0%| F|  |TAMS 0x0000000085700000, 0x0000000085700000| Untracked 
|  88|0x0000000085800000, 0x0000000085800000, 0x0000000085900000|  0%| F|  |TAMS 0x0000000085800000, 0x0000000085800000| Untracked 
|  89|0x0000000085900000, 0x0000000085900000, 0x0000000085a00000|  0%| F|  |TAMS 0x0000000085900000, 0x0000000085900000| Untracked 
|  90|0x0000000085a00000, 0x0000000085a00000, 0x0000000085b00000|  0%| F|  |TAMS 0x0000000085a00000, 0x0000000085a00000| Untracked 
|  91|0x0000000085b00000, 0x0000000085b00000, 0x0000000085c00000|  0%| F|  |TAMS 0x0000000085b00000, 0x0000000085b00000| Untracked 
|  92|0x0000000085c00000, 0x0000000085c00000, 0x0000000085d00000|  0%| F|  |TAMS 0x0000000085c00000, 0x0000000085c00000| Untracked 
|  93|0x0000000085d00000, 0x0000000085d00000, 0x0000000085e00000|  0%| F|  |TAMS 0x0000000085d00000, 0x0000000085d00000| Untracked 
|  94|0x0000000085e00000, 0x0000000085e00000, 0x0000000085f00000|  0%| F|  |TAMS 0x0000000085e00000, 0x0000000085e00000| Untracked 
|  95|0x0000000085f00000, 0x0000000085f00000, 0x0000000086000000|  0%| F|  |TAMS 0x0000000085f00000, 0x0000000085f00000| Untracked 
|  96|0x0000000086000000, 0x0000000086000000, 0x0000000086100000|  0%| F|  |TAMS 0x0000000086000000, 0x0000000086000000| Untracked 
|  97|0x0000000086100000, 0x0000000086100000, 0x0000000086200000|  0%| F|  |TAMS 0x0000000086100000, 0x0000000086100000| Untracked 
|  98|0x0000000086200000, 0x0000000086200000, 0x0000000086300000|  0%| F|  |TAMS 0x0000000086200000, 0x0000000086200000| Untracked 
|  99|0x0000000086300000, 0x0000000086300000, 0x0000000086400000|  0%| F|  |TAMS 0x0000000086300000, 0x0000000086300000| Untracked 
| 100|0x0000000086400000, 0x0000000086400000, 0x0000000086500000|  0%| F|  |TAMS 0x0000000086400000, 0x0000000086400000| Untracked 
| 101|0x0000000086500000, 0x0000000086500000, 0x0000000086600000|  0%| F|  |TAMS 0x0000000086500000, 0x0000000086500000| Untracked 
| 102|0x0000000086600000, 0x0000000086600000, 0x0000000086700000|  0%| F|  |TAMS 0x0000000086600000, 0x0000000086600000| Untracked 
| 103|0x0000000086700000, 0x0000000086700000, 0x0000000086800000|  0%| F|  |TAMS 0x0000000086700000, 0x0000000086700000| Untracked 
| 104|0x0000000086800000, 0x0000000086800000, 0x0000000086900000|  0%| F|  |TAMS 0x0000000086800000, 0x0000000086800000| Untracked 
| 105|0x0000000086900000, 0x0000000086900000, 0x0000000086a00000|  0%| F|  |TAMS 0x0000000086900000, 0x0000000086900000| Untracked 
| 106|0x0000000086a00000, 0x0000000086a00000, 0x0000000086b00000|  0%| F|  |TAMS 0x0000000086a00000, 0x0000000086a00000| Untracked 
| 107|0x0000000086b00000, 0x0000000086b00000, 0x0000000086c00000|  0%| F|  |TAMS 0x0000000086b00000, 0x0000000086b00000| Untracked 
| 108|0x0000000086c00000, 0x0000000086c00000, 0x0000000086d00000|  0%| F|  |TAMS 0x0000000086c00000, 0x0000000086c00000| Untracked 
| 109|0x0000000086d00000, 0x0000000086d00000, 0x0000000086e00000|  0%| F|  |TAMS 0x0000000086d00000, 0x0000000086d00000| Untracked 
| 110|0x0000000086e00000, 0x0000000086e00000, 0x0000000086f00000|  0%| F|  |TAMS 0x0000000086e00000, 0x0000000086e00000| Untracked 
| 111|0x0000000086f00000, 0x0000000086f00000, 0x0000000087000000|  0%| F|  |TAMS 0x0000000086f00000, 0x0000000086f00000| Untracked 
| 112|0x0000000087000000, 0x0000000087000000, 0x0000000087100000|  0%| F|  |TAMS 0x0000000087000000, 0x0000000087000000| Untracked 
| 113|0x0000000087100000, 0x0000000087100000, 0x0000000087200000|  0%| F|  |TAMS 0x0000000087100000, 0x0000000087100000| Untracked 
| 114|0x0000000087200000, 0x00000000872d6aa0, 0x0000000087300000| 83%| S|CS|TAMS 0x0000000087200000, 0x0000000087200000| Complete 
| 115|0x0000000087300000, 0x0000000087400000, 0x0000000087400000|100%| S|CS|TAMS 0x0000000087300000, 0x0000000087300000| Complete 
| 116|0x0000000087400000, 0x0000000087500000, 0x0000000087500000|100%| S|CS|TAMS 0x0000000087400000, 0x0000000087400000| Complete 
| 117|0x0000000087500000, 0x0000000087600000, 0x0000000087600000|100%| S|CS|TAMS 0x0000000087500000, 0x0000000087500000| Complete 
| 118|0x0000000087600000, 0x0000000087700000, 0x0000000087700000|100%| S|CS|TAMS 0x0000000087600000, 0x0000000087600000| Complete 
| 119|0x0000000087700000, 0x0000000087800000, 0x0000000087800000|100%| S|CS|TAMS 0x0000000087700000, 0x0000000087700000| Complete 
| 120|0x0000000087800000, 0x0000000087800000, 0x0000000087900000|  0%| F|  |TAMS 0x0000000087800000, 0x0000000087800000| Untracked 
| 121|0x0000000087900000, 0x0000000087900000, 0x0000000087a00000|  0%| F|  |TAMS 0x0000000087900000, 0x0000000087900000| Untracked 
| 122|0x0000000087a00000, 0x0000000087a00000, 0x0000000087b00000|  0%| F|  |TAMS 0x0000000087a00000, 0x0000000087a00000| Untracked 
| 123|0x0000000087b00000, 0x0000000087b00000, 0x0000000087c00000|  0%| F|  |TAMS 0x0000000087b00000, 0x0000000087b00000| Untracked 
| 124|0x0000000087c00000, 0x0000000087c00000, 0x0000000087d00000|  0%| F|  |TAMS 0x0000000087c00000, 0x0000000087c00000| Untracked 
| 125|0x0000000087d00000, 0x0000000087d00000, 0x0000000087e00000|  0%| F|  |TAMS 0x0000000087d00000, 0x0000000087d00000| Untracked 
| 126|0x0000000087e00000, 0x0000000087e00000, 0x0000000087f00000|  0%| F|  |TAMS 0x0000000087e00000, 0x0000000087e00000| Untracked 
| 127|0x0000000087f00000, 0x0000000087f00000, 0x0000000088000000|  0%| F|  |TAMS 0x0000000087f00000, 0x0000000087f00000| Untracked 
| 128|0x0000000088000000, 0x0000000088000000, 0x0000000088100000|  0%| F|  |TAMS 0x0000000088000000, 0x0000000088000000| Untracked 
| 129|0x0000000088100000, 0x0000000088100000, 0x0000000088200000|  0%| F|  |TAMS 0x0000000088100000, 0x0000000088100000| Untracked 
| 130|0x0000000088200000, 0x0000000088200000, 0x0000000088300000|  0%| F|  |TAMS 0x0000000088200000, 0x0000000088200000| Untracked 
| 131|0x0000000088300000, 0x0000000088300000, 0x0000000088400000|  0%| F|  |TAMS 0x0000000088300000, 0x0000000088300000| Untracked 
| 132|0x0000000088400000, 0x0000000088400000, 0x0000000088500000|  0%| F|  |TAMS 0x0000000088400000, 0x0000000088400000| Untracked 
| 133|0x0000000088500000, 0x0000000088500000, 0x0000000088600000|  0%| F|  |TAMS 0x0000000088500000, 0x0000000088500000| Untracked 
| 134|0x0000000088600000, 0x0000000088600000, 0x0000000088700000|  0%| F|  |TAMS 0x0000000088600000, 0x0000000088600000| Untracked 
| 135|0x0000000088700000, 0x0000000088700000, 0x0000000088800000|  0%| F|  |TAMS 0x0000000088700000, 0x0000000088700000| Untracked 
| 136|0x0000000088800000, 0x0000000088800000, 0x0000000088900000|  0%| F|  |TAMS 0x0000000088800000, 0x0000000088800000| Untracked 
| 137|0x0000000088900000, 0x0000000088900000, 0x0000000088a00000|  0%| F|  |TAMS 0x0000000088900000, 0x0000000088900000| Untracked 
| 138|0x0000000088a00000, 0x0000000088a00000, 0x0000000088b00000|  0%| F|  |TAMS 0x0000000088a00000, 0x0000000088a00000| Untracked 
| 139|0x0000000088b00000, 0x0000000088b00000, 0x0000000088c00000|  0%| F|  |TAMS 0x0000000088b00000, 0x0000000088b00000| Untracked 
| 140|0x0000000088c00000, 0x0000000088c00000, 0x0000000088d00000|  0%| F|  |TAMS 0x0000000088c00000, 0x0000000088c00000| Untracked 
| 141|0x0000000088d00000, 0x0000000088d00000, 0x0000000088e00000|  0%| F|  |TAMS 0x0000000088d00000, 0x0000000088d00000| Untracked 
| 142|0x0000000088e00000, 0x0000000088e00000, 0x0000000088f00000|  0%| F|  |TAMS 0x0000000088e00000, 0x0000000088e00000| Untracked 
| 143|0x0000000088f00000, 0x0000000088f00000, 0x0000000089000000|  0%| F|  |TAMS 0x0000000088f00000, 0x0000000088f00000| Untracked 
| 144|0x0000000089000000, 0x0000000089000000, 0x0000000089100000|  0%| F|  |TAMS 0x0000000089000000, 0x0000000089000000| Untracked 
| 145|0x0000000089100000, 0x0000000089100000, 0x0000000089200000|  0%| F|  |TAMS 0x0000000089100000, 0x0000000089100000| Untracked 
| 146|0x0000000089200000, 0x0000000089200000, 0x0000000089300000|  0%| F|  |TAMS 0x0000000089200000, 0x0000000089200000| Untracked 
| 147|0x0000000089300000, 0x0000000089300000, 0x0000000089400000|  0%| F|  |TAMS 0x0000000089300000, 0x0000000089300000| Untracked 
| 148|0x0000000089400000, 0x0000000089400000, 0x0000000089500000|  0%| F|  |TAMS 0x0000000089400000, 0x0000000089400000| Untracked 
| 149|0x0000000089500000, 0x0000000089500000, 0x0000000089600000|  0%| F|  |TAMS 0x0000000089500000, 0x0000000089500000| Untracked 
| 150|0x0000000089600000, 0x0000000089600000, 0x0000000089700000|  0%| F|  |TAMS 0x0000000089600000, 0x0000000089600000| Untracked 
| 151|0x0000000089700000, 0x0000000089700000, 0x0000000089800000|  0%| F|  |TAMS 0x0000000089700000, 0x0000000089700000| Untracked 
| 152|0x0000000089800000, 0x0000000089800000, 0x0000000089900000|  0%| F|  |TAMS 0x0000000089800000, 0x0000000089800000| Untracked 
| 153|0x0000000089900000, 0x0000000089900000, 0x0000000089a00000|  0%| F|  |TAMS 0x0000000089900000, 0x0000000089900000| Untracked 
| 154|0x0000000089a00000, 0x0000000089a00000, 0x0000000089b00000|  0%| F|  |TAMS 0x0000000089a00000, 0x0000000089a00000| Untracked 
| 155|0x0000000089b00000, 0x0000000089b00000, 0x0000000089c00000|  0%| F|  |TAMS 0x0000000089b00000, 0x0000000089b00000| Untracked 
| 156|0x0000000089c00000, 0x0000000089c00000, 0x0000000089d00000|  0%| F|  |TAMS 0x0000000089c00000, 0x0000000089c00000| Untracked 
| 157|0x0000000089d00000, 0x0000000089d00000, 0x0000000089e00000|  0%| F|  |TAMS 0x0000000089d00000, 0x0000000089d00000| Untracked 
| 158|0x0000000089e00000, 0x0000000089e00000, 0x0000000089f00000|  0%| F|  |TAMS 0x0000000089e00000, 0x0000000089e00000| Untracked 
| 159|0x0000000089f00000, 0x0000000089f00000, 0x000000008a000000|  0%| F|  |TAMS 0x0000000089f00000, 0x0000000089f00000| Untracked 
| 160|0x000000008a000000, 0x000000008a000000, 0x000000008a100000|  0%| F|  |TAMS 0x000000008a000000, 0x000000008a000000| Untracked 
| 161|0x000000008a100000, 0x000000008a100000, 0x000000008a200000|  0%| F|  |TAMS 0x000000008a100000, 0x000000008a100000| Untracked 
| 162|0x000000008a200000, 0x000000008a200000, 0x000000008a300000|  0%| F|  |TAMS 0x000000008a200000, 0x000000008a200000| Untracked 
| 163|0x000000008a300000, 0x000000008a300000, 0x000000008a400000|  0%| F|  |TAMS 0x000000008a300000, 0x000000008a300000| Untracked 
| 164|0x000000008a400000, 0x000000008a400000, 0x000000008a500000|  0%| F|  |TAMS 0x000000008a400000, 0x000000008a400000| Untracked 
| 165|0x000000008a500000, 0x000000008a500000, 0x000000008a600000|  0%| F|  |TAMS 0x000000008a500000, 0x000000008a500000| Untracked 
| 166|0x000000008a600000, 0x000000008a600000, 0x000000008a700000|  0%| F|  |TAMS 0x000000008a600000, 0x000000008a600000| Untracked 
| 167|0x000000008a700000, 0x000000008a700000, 0x000000008a800000|  0%| F|  |TAMS 0x000000008a700000, 0x000000008a700000| Untracked 
| 168|0x000000008a800000, 0x000000008a800000, 0x000000008a900000|  0%| F|  |TAMS 0x000000008a800000, 0x000000008a800000| Untracked 
| 169|0x000000008a900000, 0x000000008a900000, 0x000000008aa00000|  0%| F|  |TAMS 0x000000008a900000, 0x000000008a900000| Untracked 
| 170|0x000000008aa00000, 0x000000008aa00000, 0x000000008ab00000|  0%| F|  |TAMS 0x000000008aa00000, 0x000000008aa00000| Untracked 
| 171|0x000000008ab00000, 0x000000008ab00000, 0x000000008ac00000|  0%| F|  |TAMS 0x000000008ab00000, 0x000000008ab00000| Untracked 
| 172|0x000000008ac00000, 0x000000008ac00000, 0x000000008ad00000|  0%| F|  |TAMS 0x000000008ac00000, 0x000000008ac00000| Untracked 
| 173|0x000000008ad00000, 0x000000008ad00000, 0x000000008ae00000|  0%| F|  |TAMS 0x000000008ad00000, 0x000000008ad00000| Untracked 
| 174|0x000000008ae00000, 0x000000008ae00000, 0x000000008af00000|  0%| F|  |TAMS 0x000000008ae00000, 0x000000008ae00000| Untracked 
| 175|0x000000008af00000, 0x000000008af00000, 0x000000008b000000|  0%| F|  |TAMS 0x000000008af00000, 0x000000008af00000| Untracked 
| 176|0x000000008b000000, 0x000000008b000000, 0x000000008b100000|  0%| F|  |TAMS 0x000000008b000000, 0x000000008b000000| Untracked 
| 177|0x000000008b100000, 0x000000008b100000, 0x000000008b200000|  0%| F|  |TAMS 0x000000008b100000, 0x000000008b100000| Untracked 
| 178|0x000000008b200000, 0x000000008b200000, 0x000000008b300000|  0%| F|  |TAMS 0x000000008b200000, 0x000000008b200000| Untracked 
| 179|0x000000008b300000, 0x000000008b300000, 0x000000008b400000|  0%| F|  |TAMS 0x000000008b300000, 0x000000008b300000| Untracked 
| 180|0x000000008b400000, 0x000000008b400000, 0x000000008b500000|  0%| F|  |TAMS 0x000000008b400000, 0x000000008b400000| Untracked 
| 181|0x000000008b500000, 0x000000008b500000, 0x000000008b600000|  0%| F|  |TAMS 0x000000008b500000, 0x000000008b500000| Untracked 
| 182|0x000000008b600000, 0x000000008b600000, 0x000000008b700000|  0%| F|  |TAMS 0x000000008b600000, 0x000000008b600000| Untracked 
| 183|0x000000008b700000, 0x000000008b700000, 0x000000008b800000|  0%| F|  |TAMS 0x000000008b700000, 0x000000008b700000| Untracked 
| 184|0x000000008b800000, 0x000000008b800000, 0x000000008b900000|  0%| F|  |TAMS 0x000000008b800000, 0x000000008b800000| Untracked 
| 185|0x000000008b900000, 0x000000008b900000, 0x000000008ba00000|  0%| F|  |TAMS 0x000000008b900000, 0x000000008b900000| Untracked 
| 186|0x000000008ba00000, 0x000000008ba00000, 0x000000008bb00000|  0%| F|  |TAMS 0x000000008ba00000, 0x000000008ba00000| Untracked 
| 187|0x000000008bb00000, 0x000000008bb00000, 0x000000008bc00000|  0%| F|  |TAMS 0x000000008bb00000, 0x000000008bb00000| Untracked 
| 188|0x000000008bc00000, 0x000000008bc00000, 0x000000008bd00000|  0%| F|  |TAMS 0x000000008bc00000, 0x000000008bc00000| Untracked 
| 189|0x000000008bd00000, 0x000000008bd00000, 0x000000008be00000|  0%| F|  |TAMS 0x000000008bd00000, 0x000000008bd00000| Untracked 
| 190|0x000000008be00000, 0x000000008be00000, 0x000000008bf00000|  0%| F|  |TAMS 0x000000008be00000, 0x000000008be00000| Untracked 
| 191|0x000000008bf00000, 0x000000008bf00000, 0x000000008c000000|  0%| F|  |TAMS 0x000000008bf00000, 0x000000008bf00000| Untracked 
| 192|0x000000008c000000, 0x000000008c000000, 0x000000008c100000|  0%| F|  |TAMS 0x000000008c000000, 0x000000008c000000| Untracked 
| 193|0x000000008c100000, 0x000000008c100000, 0x000000008c200000|  0%| F|  |TAMS 0x000000008c100000, 0x000000008c100000| Untracked 
| 194|0x000000008c200000, 0x000000008c200000, 0x000000008c300000|  0%| F|  |TAMS 0x000000008c200000, 0x000000008c200000| Untracked 

Card table byte_map: [0x0000025121980000,0x0000025121d80000] _byte_map_base: 0x0000025121580000

Marking Bits (Prev, Next): (CMBitMap*) 0x000002510e49db30, (CMBitMap*) 0x000002510e49daf8
 Prev Bits: [0x0000025124180000, 0x0000025126180000)
 Next Bits: [0x0000025122180000, 0x0000025124180000)

Polling page: 0x000002510cba0000

Metaspace:

Usage:
  Non-class:     97.21 MB capacity,    95.44 MB ( 98%) used,     1.42 MB (  1%) free+waste,   366.94 KB ( <1%) overhead. 
      Class:     15.29 MB capacity,    14.22 MB ( 93%) used,   929.17 KB (  6%) free+waste,   166.81 KB (  1%) overhead. 
       Both:    112.51 MB capacity,   109.66 MB ( 97%) used,     2.32 MB (  2%) free+waste,   533.75 KB ( <1%) overhead. 

Virtual space:
  Non-class space:       98.00 MB reserved,      97.25 MB (>99%) committed 
      Class space:        1.00 GB reserved,      15.35 MB (  1%) committed 
             Both:        1.10 GB reserved,     112.60 MB ( 10%) committed 

Chunk freelists:
   Non-Class:  38.00 KB
       Class:  0 bytes
        Both:  38.00 KB

MaxMetaspaceSize: 17179869184.00 GB
CompressedClassSpaceSize: 1.00 GB

CodeHeap 'non-profiled nmethods': size=120064Kb used=8090Kb max_used=8090Kb free=111973Kb
 bounds [0x0000025119a20000, 0x000002511a210000, 0x0000025120f60000]
CodeHeap 'profiled nmethods': size=120000Kb used=31941Kb max_used=31941Kb free=88058Kb
 bounds [0x00000251124f0000, 0x0000025114430000, 0x0000025119a20000]
CodeHeap 'non-nmethods': size=5696Kb used=2335Kb max_used=2371Kb free=3361Kb
 bounds [0x0000025111f60000, 0x00000251121d0000, 0x00000251124f0000]
 total_blobs=15298 nmethods=14347 adapters=862
 compilation: enabled
              stopped_count=0, restarted_count=0
 full_count=0

Compilation events (20 events):
Event: 36.859 Thread 0x000002512879f800 nmethod 14524 0x000002511441e110 code [0x000002511441e2c0, 0x000002511441e3d8]
Event: 36.859 Thread 0x000002512879f800 14525       2       com.android.tools.r8.internal.SQ0$$Lambda$1617/0x0000000100e9a440::test (12 bytes)
Event: 36.859 Thread 0x000002512879f800 nmethod 14525 0x000002511441e490 code [0x000002511441e640, 0x000002511441e7a8]
Event: 36.860 Thread 0x000002512879f800 14526       2       com.android.tools.r8.graph.u1$c::<init> (13 bytes)
Event: 36.860 Thread 0x000002512879f800 nmethod 14526 0x000002511441e890 code [0x000002511441ea40, 0x000002511441eb68]
Event: 36.860 Thread 0x000002512879f800 14527       2       com.android.tools.r8.graph.u1$c::<init> (168 bytes)
Event: 36.860 Thread 0x000002512879f800 nmethod 14527 0x000002511441ec10 code [0x000002511441edc0, 0x000002511441f038]
Event: 36.860 Thread 0x000002512879f800 14528       2       com.android.tools.r8.graph.u1$e::<init> (6 bytes)
Event: 36.861 Thread 0x000002512879f800 nmethod 14528 0x000002511441f110 code [0x000002511441f2c0, 0x000002511441f3f8]
Event: 36.861 Thread 0x000002512879f800 14529       2       com.android.tools.r8.graph.u1$e::<init> (10 bytes)
Event: 36.861 Thread 0x000002512879f800 nmethod 14529 0x000002511441f490 code [0x000002511441f640, 0x000002511441f778]
Event: 36.861 Thread 0x000002512879f800 14530       2       com.android.tools.r8.graph.u1$i::<init> (5 bytes)
Event: 36.861 Thread 0x000002512879f800 nmethod 14530 0x000002511441f810 code [0x000002511441f9c0, 0x000002511441fab8]
Event: 36.861 Thread 0x000002512879f800 14531       2       com.android.tools.r8.internal.wY0::next (27 bytes)
Event: 36.861 Thread 0x000002512879f800 nmethod 14531 0x000002511441fb90 code [0x000002511441fd60, 0x000002511441ffb8]
Event: 36.861 Thread 0x000002512879f800 14532       2       com.android.tools.r8.internal.SQ0$$Lambda$1619/0x0000000100e99c40::accept (24 bytes)
Event: 36.862 Thread 0x000002512879f800 nmethod 14532 0x0000025114420110 code [0x00000251144202c0, 0x0000025114420428]
Event: 36.862 Thread 0x000002512879f800 14533       2       com.android.tools.r8.internal.SQ0::a (120 bytes)
Event: 36.864 Thread 0x000002512879f800 nmethod 14533 0x0000025114420510 code [0x0000025114420780, 0x0000025114421078]
Event: 36.864 Thread 0x000002512879f800 14534       2       com.android.tools.r8.graph.K1::<init> (70 bytes)

GC Heap History (20 events):
Event: 17.000 GC heap after
{Heap after GC invocations=24 (full 0):
 garbage-first heap   total 138240K, used 57683K [0x0000000080000000, 0x0000000100000000)
  region size 1024K, 7 young (7168K), 7 survivors (7168K)
 Metaspace       used 70391K, capacity 71955K, committed 72140K, reserved 1112064K
  class space    used 9078K, capacity 9661K, committed 9676K, reserved 1048576K
}
Event: 18.193 GC heap before
{Heap before GC invocations=24 (full 0):
 garbage-first heap   total 138240K, used 105811K [0x0000000080000000, 0x0000000100000000)
  region size 1024K, 54 young (55296K), 7 survivors (7168K)
 Metaspace       used 74258K, capacity 75939K, committed 76108K, reserved 1116160K
  class space    used 9604K, capacity 10242K, committed 10316K, reserved 1048576K
}
Event: 18.214 GC heap after
{Heap after GC invocations=25 (full 0):
 garbage-first heap   total 138240K, used 61225K [0x0000000080000000, 0x0000000100000000)
  region size 1024K, 7 young (7168K), 7 survivors (7168K)
 Metaspace       used 74258K, capacity 75939K, committed 76108K, reserved 1116160K
  class space    used 9604K, capacity 10242K, committed 10316K, reserved 1048576K
}
Event: 19.540 GC heap before
{Heap before GC invocations=25 (full 0):
 garbage-first heap   total 138240K, used 107305K [0x0000000080000000, 0x0000000100000000)
  region size 1024K, 53 young (54272K), 7 survivors (7168K)
 Metaspace       used 79665K, capacity 81547K, committed 81740K, reserved 1120256K
  class space    used 10326K, capacity 11008K, committed 11084K, reserved 1048576K
}
Event: 19.562 GC heap after
{Heap after GC invocations=26 (full 0):
 garbage-first heap   total 165888K, used 64541K [0x0000000080000000, 0x0000000100000000)
  region size 1024K, 7 young (7168K), 7 survivors (7168K)
 Metaspace       used 79665K, capacity 81547K, committed 81740K, reserved 1120256K
  class space    used 10326K, capacity 11008K, committed 11084K, reserved 1048576K
}
Event: 21.355 GC heap before
{Heap before GC invocations=26 (full 0):
 garbage-first heap   total 165888K, used 120861K [0x0000000080000000, 0x0000000100000000)
  region size 1024K, 63 young (64512K), 7 survivors (7168K)
 Metaspace       used 83033K, capacity 85107K, committed 85324K, reserved 1122304K
  class space    used 10747K, capacity 11506K, committed 11596K, reserved 1048576K
}
Event: 21.385 GC heap after
{Heap after GC invocations=27 (full 0):
 garbage-first heap   total 165888K, used 69348K [0x0000000080000000, 0x0000000100000000)
  region size 1024K, 8 young (8192K), 8 survivors (8192K)
 Metaspace       used 83033K, capacity 85107K, committed 85324K, reserved 1122304K
  class space    used 10747K, capacity 11506K, committed 11596K, reserved 1048576K
}
Event: 22.934 GC heap before
{Heap before GC invocations=27 (full 0):
 garbage-first heap   total 165888K, used 124644K [0x0000000080000000, 0x0000000100000000)
  region size 1024K, 63 young (64512K), 8 survivors (8192K)
 Metaspace       used 85433K, capacity 87523K, committed 87756K, reserved 1124352K
  class space    used 11068K, capacity 11870K, committed 11980K, reserved 1048576K
}
Event: 22.982 GC heap after
{Heap after GC invocations=28 (full 0):
 garbage-first heap   total 165888K, used 72688K [0x0000000080000000, 0x0000000100000000)
  region size 1024K, 4 young (4096K), 4 survivors (4096K)
 Metaspace       used 85433K, capacity 87523K, committed 87756K, reserved 1124352K
  class space    used 11068K, capacity 11870K, committed 11980K, reserved 1048576K
}
Event: 24.376 GC heap before
{Heap before GC invocations=28 (full 0):
 garbage-first heap   total 165888K, used 127984K [0x0000000080000000, 0x0000000100000000)
  region size 1024K, 59 young (60416K), 4 survivors (4096K)
 Metaspace       used 87862K, capacity 89962K, committed 90316K, reserved 1128448K
  class space    used 11323K, capacity 12136K, committed 12236K, reserved 1048576K
}
Event: 24.401 GC heap after
{Heap after GC invocations=29 (full 0):
 garbage-first heap   total 165888K, used 76349K [0x0000000080000000, 0x0000000100000000)
  region size 1024K, 7 young (7168K), 7 survivors (7168K)
 Metaspace       used 87862K, capacity 89962K, committed 90316K, reserved 1128448K
  class space    used 11323K, capacity 12136K, committed 12236K, reserved 1048576K
}
Event: 28.394 GC heap before
{Heap before GC invocations=29 (full 0):
 garbage-first heap   total 165888K, used 130621K [0x0000000080000000, 0x0000000100000000)
  region size 1024K, 61 young (62464K), 7 survivors (7168K)
 Metaspace       used 89082K, capacity 91233K, committed 91468K, reserved 1128448K
  class space    used 11450K, capacity 12257K, committed 12364K, reserved 1048576K
}
Event: 28.420 GC heap after
{Heap after GC invocations=30 (full 0):
 garbage-first heap   total 199680K, used 80120K [0x0000000080000000, 0x0000000100000000)
  region size 1024K, 8 young (8192K), 8 survivors (8192K)
 Metaspace       used 89082K, capacity 91233K, committed 91468K, reserved 1128448K
  class space    used 11450K, capacity 12257K, committed 12364K, reserved 1048576K
}
Event: 29.795 GC heap before
{Heap before GC invocations=30 (full 0):
 garbage-first heap   total 199680K, used 150776K [0x0000000080000000, 0x0000000100000000)
  region size 1024K, 78 young (79872K), 8 survivors (8192K)
 Metaspace       used 91073K, capacity 93212K, committed 93388K, reserved 1130496K
  class space    used 11680K, capacity 12468K, committed 12492K, reserved 1048576K
}
Event: 29.822 GC heap after
{Heap after GC invocations=31 (full 0):
 garbage-first heap   total 199680K, used 84434K [0x0000000080000000, 0x0000000100000000)
  region size 1024K, 9 young (9216K), 9 survivors (9216K)
 Metaspace       used 91073K, capacity 93212K, committed 93388K, reserved 1130496K
  class space    used 11680K, capacity 12468K, committed 12492K, reserved 1048576K
}
Event: 32.622 GC heap before
{Heap before GC invocations=31 (full 0):
 garbage-first heap   total 199680K, used 157138K [0x0000000080000000, 0x0000000100000000)
  region size 1024K, 79 young (80896K), 9 survivors (9216K)
 Metaspace       used 99358K, capacity 101733K, committed 101964K, reserved 1138688K
  class space    used 12699K, capacity 13581K, committed 13644K, reserved 1048576K
}
Event: 32.649 GC heap after
{Heap after GC invocations=32 (full 0):
 garbage-first heap   total 199680K, used 90136K [0x0000000080000000, 0x0000000100000000)
  region size 1024K, 8 young (8192K), 8 survivors (8192K)
 Metaspace       used 99358K, capacity 101733K, committed 101964K, reserved 1138688K
  class space    used 12699K, capacity 13581K, committed 13644K, reserved 1048576K
}
Event: 34.347 GC heap before
{Heap before GC invocations=32 (full 0):
 garbage-first heap   total 199680K, used 143384K [0x0000000080000000, 0x0000000100000000)
  region size 1024K, 60 young (61440K), 8 survivors (8192K)
 Metaspace       used 105950K, capacity 108565K, committed 108620K, reserved 1142784K
  class space    used 13625K, capacity 14636K, committed 14668K, reserved 1048576K
}
Event: 34.399 GC heap after
{Heap after GC invocations=33 (full 0):
 garbage-first heap   total 199680K, used 93884K [0x0000000080000000, 0x0000000100000000)
  region size 1024K, 10 young (10240K), 10 survivors (10240K)
 Metaspace       used 105950K, capacity 108565K, committed 108620K, reserved 1142784K
  class space    used 13625K, capacity 14636K, committed 14668K, reserved 1048576K
}
Event: 36.865 GC heap before
{Heap before GC invocations=34 (full 0):
 garbage-first heap   total 199680K, used 160444K [0x0000000080000000, 0x0000000100000000)
  region size 1024K, 75 young (76800K), 10 survivors (10240K)
 Metaspace       used 112291K, capacity 115206K, committed 115300K, reserved 1148928K
  class space    used 14564K, capacity 15660K, committed 15716K, reserved 1048576K
}

Deoptimization events (20 events):
Event: 36.796 Thread 0x000002512e59a000 Uncommon trap: trap_request=0xffffffde fr.pc=0x000002511a1e884c relative=0x000000000000092c
Event: 36.796 Thread 0x000002512e59a000 Uncommon trap: reason=class_check action=maybe_recompile pc=0x000002511a1e884c method=com.android.tools.r8.internal.MI0.a(Lcom/android/tools/r8/graph/k0;Lcom/android/tools/r8/graph/k0;)I @ 16 c2
Event: 36.796 Thread 0x000002512e59a000 DEOPT PACKING pc=0x000002511a1e884c sp=0x000000e86e3fc7b0
Event: 36.796 Thread 0x000002512e59a000 DEOPT UNPACKING pc=0x0000025111f865af sp=0x000000e86e3fc768 mode 2
Event: 36.796 Thread 0x000002512e59a000 Uncommon trap: trap_request=0xffffffde fr.pc=0x000002511a1e66d8 relative=0x0000000000000938
Event: 36.796 Thread 0x000002512e59a000 Uncommon trap: reason=class_check action=maybe_recompile pc=0x000002511a1e66d8 method=com.android.tools.r8.graph.k0.a(Lcom/android/tools/r8/internal/Ap1;Lcom/android/tools/r8/internal/II0;)I @ 6 c2
Event: 36.796 Thread 0x000002512e59a000 DEOPT PACKING pc=0x000002511a1e66d8 sp=0x000000e86e3fc840
Event: 36.796 Thread 0x000002512e59a000 DEOPT UNPACKING pc=0x0000025111f865af sp=0x000000e86e3fc7e8 mode 2
Event: 36.796 Thread 0x000002512e59a000 Uncommon trap: trap_request=0xffffffde fr.pc=0x000002511a1e884c relative=0x000000000000092c
Event: 36.796 Thread 0x000002512e59a000 Uncommon trap: reason=class_check action=maybe_recompile pc=0x000002511a1e884c method=com.android.tools.r8.internal.MI0.a(Lcom/android/tools/r8/graph/k0;Lcom/android/tools/r8/graph/k0;)I @ 16 c2
Event: 36.796 Thread 0x000002512e59a000 DEOPT PACKING pc=0x000002511a1e884c sp=0x000000e86e3fc7b0
Event: 36.796 Thread 0x000002512e59a000 DEOPT UNPACKING pc=0x0000025111f865af sp=0x000000e86e3fc768 mode 2
Event: 36.796 Thread 0x000002512e59a000 Uncommon trap: trap_request=0xffffffde fr.pc=0x000002511a1e66d8 relative=0x0000000000000938
Event: 36.796 Thread 0x000002512e59a000 Uncommon trap: reason=class_check action=maybe_recompile pc=0x000002511a1e66d8 method=com.android.tools.r8.graph.k0.a(Lcom/android/tools/r8/internal/Ap1;Lcom/android/tools/r8/internal/II0;)I @ 6 c2
Event: 36.796 Thread 0x000002512e59a000 DEOPT PACKING pc=0x000002511a1e66d8 sp=0x000000e86e3fc840
Event: 36.796 Thread 0x000002512e59a000 DEOPT UNPACKING pc=0x0000025111f865af sp=0x000000e86e3fc7e8 mode 2
Event: 36.796 Thread 0x000002512e59a000 Uncommon trap: trap_request=0xffffffde fr.pc=0x000002511a1e884c relative=0x000000000000092c
Event: 36.796 Thread 0x000002512e59a000 Uncommon trap: reason=class_check action=maybe_recompile pc=0x000002511a1e884c method=com.android.tools.r8.internal.MI0.a(Lcom/android/tools/r8/graph/k0;Lcom/android/tools/r8/graph/k0;)I @ 16 c2
Event: 36.796 Thread 0x000002512e59a000 DEOPT PACKING pc=0x000002511a1e884c sp=0x000000e86e3fc7b0
Event: 36.796 Thread 0x000002512e59a000 DEOPT UNPACKING pc=0x0000025111f865af sp=0x000000e86e3fc768 mode 2

Classes redefined (0 events):
No events

Internal exceptions (20 events):
Event: 33.715 Thread 0x000002512e59a000 Exception <a 'java/lang/NoSuchMethodError'{0x000000008aa4b598}: 'long java.lang.invoke.DirectMethodHandle$Holder.invokeStatic(java.lang.Object, long, java.lang.Object)'> (0x000000008aa4b598) thrown at [./src/hotspot/share/interpreter/linkResolver.cpp, line 773]
Event: 33.956 Thread 0x000002512e598800 Exception <a 'java/lang/IncompatibleClassChangeError'{0x0000000089eb8b80}: Found class java.lang.Object, but interface was expected> (0x0000000089eb8b80) thrown at [./src/hotspot/share/interpreter/linkResolver.cpp, line 839]
Event: 34.208 Thread 0x000002512e59a000 Exception <a 'java/lang/NoSuchMethodError'{0x00000000895fa0d0}: 'java.lang.Object java.lang.invoke.DirectMethodHandle$Holder.invokeStatic(java.lang.Object, int, java.lang.Object, java.lang.Object)'> (0x00000000895fa0d0) thrown at [./src/hotspot/share/interpreter/linkResolver.cpp, line 773]
Event: 34.510 Thread 0x000002512e59a000 Exception <a 'java/lang/NoSuchMethodError'{0x000000008c2b6338}: 'java.lang.Object java.lang.invoke.DirectMethodHandle$Holder.invokeVirtual(java.lang.Object, java.lang.Object, int, java.lang.Object)'> (0x000000008c2b6338) thrown at [./src/hotspot/share/interpreter/linkResolver.cpp, line 773]
Event: 34.549 Thread 0x000002512e598800 Exception <a 'java/lang/IncompatibleClassChangeError'{0x000000008c0d8118}: Found class java.lang.Object, but interface was expected> (0x000000008c0d8118) thrown at [./src/hotspot/share/interpreter/linkResolver.cpp, line 839]
Event: 34.550 Thread 0x000002512e598800 Exception <a 'java/lang/IncompatibleClassChangeError'{0x000000008c0e1768}: Found class java.lang.Object, but interface was expected> (0x000000008c0e1768) thrown at [./src/hotspot/share/interpreter/linkResolver.cpp, line 839]
Event: 34.559 Thread 0x000002512e59a000 Exception <a 'java/lang/NoSuchMethodError'{0x000000008c0b4ea0}: 'void java.lang.invoke.DirectMethodHandle$Holder.invokeVirtual(java.lang.Object, java.lang.Object, int, java.lang.Object)'> (0x000000008c0b4ea0) thrown at [./src/hotspot/share/interpreter/linkResolver.cpp, line 773]
Event: 34.654 Thread 0x000002512e598800 Exception <a 'java/lang/NoSuchMethodError'{0x000000008bd3f508}: 'java.lang.Object java.lang.invoke.DirectMethodHandle$Holder.newInvokeSpecial(java.lang.Object, int)'> (0x000000008bd3f508) thrown at [./src/hotspot/share/interpreter/linkResolver.cpp, line 773]
Event: 35.281 Thread 0x000002512e598800 Exception <a 'java/lang/NoSuchMethodError'{0x000000008b116090}: 'java.lang.Object java.lang.invoke.Invokers$Holder.linkToTargetMethod(java.lang.Object, int, java.lang.Object, java.lang.Object, java.lang.Object, java.lang.Object)'> (0x000000008b116090) thrown at [./src/hotspot/share/interpreter/linkResolver.cpp, line 773]
Event: 35.285 Thread 0x000002512e598800 Exception <a 'java/lang/NoSuchMethodError'{0x000000008b154388}: 'java.lang.Object java.lang.invoke.Invokers$Holder.linkToTargetMethod(java.lang.Object, java.lang.Object, java.lang.Object, int, java.lang.Object, java.lang.Object, java.lang.Object)'> (0x000000008b154388) thrown at [./src/hotspot/share/interpreter/linkResolver.cpp, line 773]
Event: 35.289 Thread 0x000002512e598800 Exception <a 'java/lang/NoSuchMethodError'{0x000000008b1944b8}: 'void java.lang.invoke.DirectMethodHandle$Holder.invokeStatic(java.lang.Object, java.lang.Object, java.lang.Object, java.lang.Object, java.lang.Object, java.lang.Object, java.lang.Object, java.lang.Object)'> (0x000000008b1944b8) thrown at [./src/hotspot/share/interpreter/linkResolver.cpp, line 773]
Event: 35.653 Thread 0x000002512e598800 Exception <a 'java/lang/NoSuchMethodError'{0x000000008a645678}: 'void java.lang.invoke.DirectMethodHandle$Holder.invokeVirtual(java.lang.Object, java.lang.Object, int)'> (0x000000008a645678) thrown at [./src/hotspot/share/interpreter/linkResolver.cpp, line 773]
Event: 35.685 Thread 0x000002512e598800 Exception <a 'sun/nio/fs/WindowsException'{0x000000008a6e4068}> (0x000000008a6e4068) thrown at [./src/hotspot/share/prims/jni.cpp, line 615]
Event: 35.744 Thread 0x000002512e598800 Exception <a 'sun/nio/fs/WindowsException'{0x000000008a4c0380}> (0x000000008a4c0380) thrown at [./src/hotspot/share/prims/jni.cpp, line 615]
Event: 36.016 Thread 0x000002512fb59800 Exception <a 'java/lang/IncompatibleClassChangeError'{0x0000000089ccbe28}: Found class java.lang.Object, but interface was expected> (0x0000000089ccbe28) thrown at [./src/hotspot/share/interpreter/linkResolver.cpp, line 839]
Event: 36.464 Thread 0x000002512e59c800 Implicit null exception at 0x000002511a11b68c to 0x000002511a11fa88
Event: 36.479 Thread 0x000002512e59c800 Exception <a 'java/lang/NoSuchMethodError'{0x0000000089247640}: <clinit>> (0x0000000089247640) thrown at [./src/hotspot/share/prims/jni.cpp, line 1362]
Event: 36.568 Thread 0x000002512e59a000 Exception <a 'sun/nio/fs/WindowsException'{0x00000000890e1748}> (0x00000000890e1748) thrown at [./src/hotspot/share/prims/jni.cpp, line 615]
Event: 36.568 Thread 0x000002512e598800 Exception <a 'sun/nio/fs/WindowsException'{0x00000000890d2928}> (0x00000000890d2928) thrown at [./src/hotspot/share/prims/jni.cpp, line 615]
Event: 36.817 Thread 0x000002512e59a000 Exception <a 'sun/nio/fs/WindowsException'{0x0000000087bf68f8}> (0x0000000087bf68f8) thrown at [./src/hotspot/share/prims/jni.cpp, line 615]

Events (20 events):
Event: 36.791 loading class com/android/tools/r8/graph/a0 done
Event: 36.791 loading class com/android/tools/r8/graph/a0
Event: 36.791 loading class com/android/tools/r8/graph/a0 done
Event: 36.791 loading class com/android/tools/r8/graph/a0
Event: 36.791 loading class com/android/tools/r8/graph/a0 done
Event: 36.792 loading class com/android/tools/r8/internal/Ap1
Event: 36.792 loading class com/android/tools/r8/internal/Ap1 done
Event: 36.792 loading class com/android/tools/r8/internal/Ap1
Event: 36.792 loading class com/android/tools/r8/internal/Ap1 done
Event: 36.795 loading class com/android/tools/r8/internal/yp1
Event: 36.795 loading class com/android/tools/r8/internal/yp1 done
Event: 36.795 loading class com/android/tools/r8/internal/Ap1
Event: 36.795 loading class com/android/tools/r8/internal/Ap1 done
Event: 36.795 loading class com/android/tools/r8/internal/zp1
Event: 36.795 loading class com/android/tools/r8/internal/zp1 done
Event: 36.795 loading class com/android/tools/r8/graph/a0
Event: 36.795 loading class com/android/tools/r8/graph/a0 done
Event: 36.795 loading class com/android/tools/r8/graph/a0
Event: 36.795 loading class com/android/tools/r8/graph/a0 done
Event: 36.864 Executing VM operation: G1CollectForAllocation


Dynamic libraries:
0x00007ff74eb30000 - 0x00007ff74eb3a000 	C:\Program Files\Android\Android Studio\jre\bin\java.exe
0x00007ffce3930000 - 0x00007ffce3b25000 	C:\Windows\SYSTEM32\ntdll.dll
0x00007ffce1aa0000 - 0x00007ffce1b5e000 	C:\Windows\System32\KERNEL32.DLL
0x00007ffce12e0000 - 0x00007ffce15a8000 	C:\Windows\System32\KERNELBASE.dll
0x00007ffce17c0000 - 0x00007ffce18c0000 	C:\Windows\System32\ucrtbase.dll
0x00007ffcd5a20000 - 0x00007ffcd5a39000 	C:\Program Files\Android\Android Studio\jre\bin\jli.dll
0x00007ffcd9ec0000 - 0x00007ffcd9ed7000 	C:\Program Files\Android\Android Studio\jre\bin\VCRUNTIME140.dll
0x00007ffce3280000 - 0x00007ffce3421000 	C:\Windows\System32\USER32.dll
0x00007ffcd2d20000 - 0x00007ffcd2fba000 	C:\Windows\WinSxS\amd64_microsoft.windows.common-controls_6595b64144ccf1df_6.0.19041.1110_none_60b5254171f9507e\COMCTL32.dll
0x00007ffce11a0000 - 0x00007ffce11c2000 	C:\Windows\System32\win32u.dll
0x00007ffce1a00000 - 0x00007ffce1a9e000 	C:\Windows\System32\msvcrt.dll
0x00007ffce1dc0000 - 0x00007ffce1deb000 	C:\Windows\System32\GDI32.dll
0x00007ffce11d0000 - 0x00007ffce12dd000 	C:\Windows\System32\gdi32full.dll
0x00007ffce16d0000 - 0x00007ffce176d000 	C:\Windows\System32\msvcp_win.dll
0x00007ffce3560000 - 0x00007ffce3590000 	C:\Windows\System32\IMM32.DLL
0x00007ffcb9220000 - 0x00007ffcb92bd000 	C:\Program Files\Android\Android Studio\jre\bin\msvcp140.dll
0x00007ffcb4af0000 - 0x00007ffcb55c5000 	C:\Program Files\Android\Android Studio\jre\bin\server\jvm.dll
0x00007ffce1b60000 - 0x00007ffce1c0c000 	C:\Windows\System32\ADVAPI32.dll
0x00007ffce1e50000 - 0x00007ffce1eeb000 	C:\Windows\System32\sechost.dll
0x00007ffce2f90000 - 0x00007ffce30ba000 	C:\Windows\System32\RPCRT4.dll
0x00007ffce1ef0000 - 0x00007ffce1ef8000 	C:\Windows\System32\PSAPI.DLL
0x00007ffcdc730000 - 0x00007ffcdc739000 	C:\Windows\SYSTEM32\WSOCK32.dll
0x00007ffccfde0000 - 0x00007ffccfe07000 	C:\Windows\SYSTEM32\WINMM.dll
0x00007ffcd14a0000 - 0x00007ffcd14aa000 	C:\Windows\SYSTEM32\VERSION.dll
0x00007ffce30c0000 - 0x00007ffce312b000 	C:\Windows\System32\WS2_32.dll
0x00007ffcdf0e0000 - 0x00007ffcdf0f2000 	C:\Windows\SYSTEM32\kernel.appcore.dll
0x00007ffcd9fc0000 - 0x00007ffcd9fd1000 	C:\Program Files\Android\Android Studio\jre\bin\verify.dll
0x00007ffccf060000 - 0x00007ffccf244000 	C:\Windows\SYSTEM32\DBGHELP.DLL
0x00007ffccef60000 - 0x00007ffccef8c000 	C:\Windows\SYSTEM32\dbgcore.DLL
0x00007ffce15b0000 - 0x00007ffce1632000 	C:\Windows\System32\bcryptPrimitives.dll
0x00007ffcd9f90000 - 0x00007ffcd9fb9000 	C:\Program Files\Android\Android Studio\jre\bin\java.dll
0x00007ffcdc720000 - 0x00007ffcdc72b000 	C:\Program Files\Android\Android Studio\jre\bin\jimage.dll
0x00007ffcd9e70000 - 0x00007ffcd9e88000 	C:\Program Files\Android\Android Studio\jre\bin\zip.dll
0x00007ffce2840000 - 0x00007ffce2f84000 	C:\Windows\System32\SHELL32.dll
0x00007ffcdf2e0000 - 0x00007ffcdfa74000 	C:\Windows\SYSTEM32\windows.storage.dll
0x00007ffce3590000 - 0x00007ffce38e5000 	C:\Windows\System32\combase.dll
0x00007ffce09c0000 - 0x00007ffce09ee000 	C:\Windows\SYSTEM32\Wldp.dll
0x00007ffce34b0000 - 0x00007ffce355d000 	C:\Windows\System32\SHCORE.dll
0x00007ffce1df0000 - 0x00007ffce1e45000 	C:\Windows\System32\shlwapi.dll
0x00007ffce0f80000 - 0x00007ffce0f9f000 	C:\Windows\SYSTEM32\profapi.dll
0x00007ffcd4b10000 - 0x00007ffcd4b2a000 	C:\Program Files\Android\Android Studio\jre\bin\net.dll
0x00007ffcd7530000 - 0x00007ffcd763c000 	C:\Windows\SYSTEM32\WINHTTP.dll
0x00007ffce0720000 - 0x00007ffce078a000 	C:\Windows\system32\mswsock.dll
0x00007ffcd4a50000 - 0x00007ffcd4a64000 	C:\Program Files\Android\Android Studio\jre\bin\nio.dll
0x00007ffcc7240000 - 0x00007ffcc7267000 	C:\Users\Admin\.gradle\native\e1d6ef7f7dcc3fd88c89a11ec53ec762bb8ba0a96d01ffa2cd45eb1d1d8dd5c5\windows-amd64\native-platform.dll
0x00007ffcb6c90000 - 0x00007ffcb6dd4000 	C:\Users\Admin\.gradle\native\5664cfc778a61ccfe75a443a1ab52a65af34e5dc3c78e0209fed803814484fcb\windows-amd64\native-platform-file-events.dll
0x00007ffcdc4f0000 - 0x00007ffcdc4fa000 	C:\Program Files\Android\Android Studio\jre\bin\management.dll
0x00007ffcd9f80000 - 0x00007ffcd9f8d000 	C:\Program Files\Android\Android Studio\jre\bin\management_ext.dll
0x00007ffce0920000 - 0x00007ffce0938000 	C:\Windows\SYSTEM32\CRYPTSP.dll
0x00007ffce0250000 - 0x00007ffce0284000 	C:\Windows\system32\rsaenh.dll
0x00007ffce1640000 - 0x00007ffce1667000 	C:\Windows\System32\bcrypt.dll
0x00007ffce0f00000 - 0x00007ffce0f2e000 	C:\Windows\SYSTEM32\USERENV.dll
0x00007ffce0910000 - 0x00007ffce091c000 	C:\Windows\SYSTEM32\CRYPTBASE.dll
0x00007ffce0410000 - 0x00007ffce044b000 	C:\Windows\SYSTEM32\IPHLPAPI.DLL
0x00007ffce1f00000 - 0x00007ffce1f08000 	C:\Windows\System32\NSI.dll
0x00007ffcd9380000 - 0x00007ffcd9397000 	C:\Windows\SYSTEM32\dhcpcsvc6.DLL
0x00007ffcd9360000 - 0x00007ffcd937d000 	C:\Windows\SYSTEM32\dhcpcsvc.DLL
0x00007ffce0450000 - 0x00007ffce051b000 	C:\Windows\SYSTEM32\DNSAPI.dll

dbghelp: loaded successfully - version: 4.0.5 - missing functions: none
symbol engine: initialized successfully - sym options: 0x614 - pdb path: .;C:\Program Files\Android\Android Studio\jre\bin;C:\Windows\SYSTEM32;C:\Windows\WinSxS\amd64_microsoft.windows.common-controls_6595b64144ccf1df_6.0.19041.1110_none_60b5254171f9507e;C:\Program Files\Android\Android Studio\jre\bin\server;C:\Users\Admin\.gradle\native\e1d6ef7f7dcc3fd88c89a11ec53ec762bb8ba0a96d01ffa2cd45eb1d1d8dd5c5\windows-amd64;C:\Users\Admin\.gradle\native\5664cfc778a61ccfe75a443a1ab52a65af34e5dc3c78e0209fed803814484fcb\windows-amd64

VM Arguments:
jvm_args: --add-opens=java.base/java.util=ALL-UNNAMED --add-opens=java.base/java.lang=ALL-UNNAMED --add-opens=java.base/java.lang.invoke=ALL-UNNAMED --add-opens=java.base/java.util=ALL-UNNAMED --add-opens=java.prefs/java.util.prefs=ALL-UNNAMED --add-opens=java.prefs/java.util.prefs=ALL-UNNAMED --add-opens=java.base/java.nio.charset=ALL-UNNAMED --add-opens=java.base/java.net=ALL-UNNAMED --add-opens=java.base/java.util.concurrent.atomic=ALL-UNNAMED -Xmx2048m -Dfile.encoding=UTF-8 -Duser.country=US -Duser.language=en -Duser.variant 
java_command: org.gradle.launcher.daemon.bootstrap.GradleDaemon 7.2
java_class_path (initial): C:\Users\Admin\.gradle\wrapper\dists\gradle-7.2-bin\2dnblmf4td7x66yl1d74lt32g\gradle-7.2\lib\gradle-launcher-7.2.jar
Launcher Type: SUN_STANDARD

[Global flags]
     intx CICompilerCount                          = 3                                         {product} {ergonomic}
     uint ConcGCThreads                            = 1                                         {product} {ergonomic}
     uint G1ConcRefinementThreads                  = 4                                         {product} {ergonomic}
   size_t G1HeapRegionSize                         = 1048576                                   {product} {ergonomic}
    uintx GCDrainStackTargetSize                   = 64                                        {product} {ergonomic}
   size_t InitialHeapSize                          = 67108864                                  {product} {ergonomic}
   size_t MarkStackSize                            = 4194304                                   {product} {ergonomic}
   size_t MaxHeapSize                              = 2147483648                                {product} {command line}
   size_t MaxNewSize                               = 1287651328                                {product} {ergonomic}
   size_t MinHeapDeltaBytes                        = 1048576                                   {product} {ergonomic}
    uintx NonNMethodCodeHeapSize                   = 5830732                                {pd product} {ergonomic}
    uintx NonProfiledCodeHeapSize                  = 122913754                              {pd product} {ergonomic}
    uintx ProfiledCodeHeapSize                     = 122913754                              {pd product} {ergonomic}
    uintx ReservedCodeCacheSize                    = 251658240                              {pd product} {ergonomic}
     bool SegmentedCodeCache                       = true                                      {product} {ergonomic}
     bool UseCompressedClassPointers               = true                                 {lp64_product} {ergonomic}
     bool UseCompressedOops                        = true                                 {lp64_product} {ergonomic}
     bool UseG1GC                                  = true                                      {product} {ergonomic}
     bool UseLargePagesIndividualAllocation        = false                                  {pd product} {ergonomic}

Logging:
Log output configuration:
 #0: stdout all=warning uptime,level,tags
 #1: stderr all=off uptime,level,tags

Environment Variables:
PATH=C:\Program Files (x86)\VMware\VMware Player\bin\;C:\Windows\system32;C:\Windows;C:\Windows\System32\Wbem;C:\Windows\System32\WindowsPowerShell\v1.0\;C:\Windows\System32\OpenSSH\;C:\Program Files\dotnet\;C:\Users\Admin\AppData\Local\Microsoft\WindowsApps;C:\Users\Admin\.dotnet\tools
USERNAME=Admin
OS=Windows_NT
PROCESSOR_IDENTIFIER=Intel64 Family 6 Model 42 Stepping 7, GenuineIntel



---------------  S Y S T E M  ---------------

OS: Windows 10 , 64 bit Build 19041 (10.0.19041.1348)
OS uptime: 0 days 2:07 hours

CPU:total 4 (initial active 4) (2 cores per cpu, 2 threads per core) family 6 model 42 stepping 7 microcode 0x2f, cmov, cx8, fxsr, mmx, sse, sse2, sse3, ssse3, sse4.1, sse4.2, popcnt, avx, clmul, ht, tsc, tscinvbit

Memory: 4k page, system-wide physical 4004M (402M free)
TotalPageFile size 4004M (AvailPageFile size 22M)
current process WorkingSet (physical memory assigned to process): 424M, peak: 430M
current process commit charge ("private bytes"): 518M, peak: 557M

vm_info: OpenJDK 64-Bit Server VM (11.0.11+9-b60-7590822) for windows-amd64 JRE (11.0.11+9-b60-7590822), built on Jul 29 2021 21:43:44 by "builder" with MS VC++ 14.0 (VS2015)

END.
