#
# There is insufficient memory for the Java Runtime Environment to continue.
# Native memory allocation (mmap) failed to map 96468992 bytes for Failed to commit area from 0x000000008f400000 to 0x0000000095000000 of length 96468992.
# Possible reasons:
#   The system is out of physical RAM or swap space
#   The process is running with CompressedOops enabled, and the Java Heap may be blocking the growth of the native heap
# Possible solutions:
#   Reduce memory load on the system
#   Increase physical memory or swap space
#   Check if swap backing store is full
#   Decrease Java heap size (-Xmx/-Xms)
#   Decrease number of Java threads
#   Decrease Java thread stack sizes (-Xss)
#   Set larger code cache with -XX:ReservedCodeCacheSize=
#   JVM is running with Unscaled Compressed Oops mode in which the Java heap is
#     placed in the first 4GB address space. The Java Heap base address is the
#     maximum limit for the native heap growth. Please use -XX:HeapBaseMinAddress
#     to set the Java Heap base and to place the Java Heap above 4GB virtual address.
# This output file may be truncated or incomplete.
#
#  Out of Memory Error (./src/hotspot/os/windows/os_windows.cpp:3301), pid=3008, tid=2640
#
# JRE version: OpenJDK Runtime Environment (11.0.11+9) (build 11.0.11+9-b60-7590822)
# Java VM: OpenJDK 64-Bit Server VM (11.0.11+9-b60-7590822, mixed mode, tiered, compressed oops, g1 gc, windows-amd64)
# No core dump will be written. Minidumps are not enabled by default on client versions of Windows
#

---------------  S U M M A R Y ------------

Command Line: --add-opens=java.base/java.util=ALL-UNNAMED --add-opens=java.base/java.lang=ALL-UNNAMED --add-opens=java.base/java.lang.invoke=ALL-UNNAMED --add-opens=java.base/java.util=ALL-UNNAMED --add-opens=java.prefs/java.util.prefs=ALL-UNNAMED --add-opens=java.prefs/java.util.prefs=ALL-UNNAMED --add-opens=java.base/java.nio.charset=ALL-UNNAMED --add-opens=java.base/java.net=ALL-UNNAMED --add-opens=java.base/java.util.concurrent.atomic=ALL-UNNAMED -Xmx2048m -Dfile.encoding=UTF-8 -Duser.country=US -Duser.language=en -Duser.variant org.gradle.launcher.daemon.bootstrap.GradleDaemon 7.2

Host: Intel(R) Core(TM) i3-2330M CPU @ 2.20GHz, 4 cores, 3G,  Windows 10 , 64 bit Build 19041 (10.0.19041.1348)
Time: Sat Mar 26 17:18:15 2022 SE Asia Standard Time elapsed time: 42.121690 seconds (0d 0h 0m 42s)

---------------  T H R E A D  ---------------

Current thread (0x000001cc7e68f800):  VMThread "VM Thread" [stack: 0x000000619b400000,0x000000619b500000] [id=2640]

Stack: [0x000000619b400000,0x000000619b500000]
[error occurred during error reporting (printing stack bounds), id 0xc0000005, EXCEPTION_ACCESS_VIOLATION (0xc0000005) at pc=0x000001cc69e60f2d]

Native frames: (J=compiled Java code, j=interpreted, Vv=VM code, C=native code)
V  [jvm.dll+0x5f214a]
V  [jvm.dll+0x726fb5]
V  [jvm.dll+0x7285cd]
V  [jvm.dll+0x728be5]
V  [jvm.dll+0x728b9b]
V  [jvm.dll+0x5f14e8]
V  [jvm.dll+0x5f1c78]
C  [ntdll.dll+0xa20cf]
C  [ntdll.dll+0x51454]
C  [ntdll.dll+0xa0bfe]
C  0x000001cc69e60f2d

VM_Operation (0x00000061a18fd730): G1CollectForAllocation, mode: safepoint, requested by thread 0x000001cc08b54000


---------------  P R O C E S S  ---------------

Threads class SMR info:
_java_thread_list=0x000001cc086d41c0, length=96, elements={
0x000001cc64b5d800, 0x000001cc7e697000, 0x000001cc7e69a800, 0x000001cc7e6f4800,
0x000001cc7e6f6800, 0x000001cc7e6f9000, 0x000001cc7e6fa000, 0x000001cc7e705000,
0x000001cc7e712800, 0x000001cc7f15d800, 0x000001cc03ae4800, 0x000001cc033a1000,
0x000001cc03893000, 0x000001cc03760800, 0x000001cc034a7000, 0x000001cc0345e800,
0x000001cc0342f000, 0x000001cc02094000, 0x000001cc02095000, 0x000001cc03727000,
0x000001cc03729800, 0x000001cc03728800, 0x000001cc03725800, 0x000001cc03727800,
0x000001cc03723800, 0x000001cc03726000, 0x000001cc0372a000, 0x000001cc03724800,
0x000001cc05715000, 0x000001cc05713800, 0x000001cc05714000, 0x000001cc05711800,
0x000001cc0571a800, 0x000001cc05716800, 0x000001cc05717800, 0x000001cc05718000,
0x000001cc0571b800, 0x000001cc05715800, 0x000001cc0571d000, 0x000001cc0571c000,
0x000001cc0571e800, 0x000001cc0571e000, 0x000001cc0571f800, 0x000001cc05720800,
0x000001cc02ba1000, 0x000001cc02b9f800, 0x000001cc02ba2800, 0x000001cc02ba0000,
0x000001cc02ba3800, 0x000001cc02ba1800, 0x000001cc02b9d800, 0x000001cc02ba4000,
0x000001cc02b9e800, 0x000001cc02ba6800, 0x000001cc02ba9000, 0x000001cc02ba5000,
0x000001cc02baa000, 0x000001cc02baa800, 0x000001cc02ba6000, 0x000001cc02bab800,
0x000001cc02bac800, 0x000001cc02ba7800, 0x000001cc02ba8800, 0x000001cc06f3d800,
0x000001cc06f3b000, 0x000001cc06f3f000, 0x000001cc06f3c800, 0x000001cc06f3b800,
0x000001cc06f39000, 0x000001cc06f3e000, 0x000001cc06f40000, 0x000001cc06f3a000,
0x000001cc06f46800, 0x000001cc06f41800, 0x000001cc06f42000, 0x000001cc06f44000,
0x000001cc06f40800, 0x000001cc06f47000, 0x000001cc06f43000, 0x000001cc06f44800,
0x000001cc06f45800, 0x000001cc06f48000, 0x000001cc08b49800, 0x000001cc08b4e800,
0x000001cc08b4c000, 0x000001cc08b48800, 0x000001cc08b4a000, 0x000001cc08b4b000,
0x000001cc08b52800, 0x000001cc08b4d800, 0x000001cc08b4f000, 0x000001cc08b51800,
0x000001cc08b50000, 0x000001cc08b4c800, 0x000001cc08b53000, 0x000001cc08b54000
}

Java Threads: ( => current thread )
  0x000001cc64b5d800 JavaThread "main" [_thread_blocked, id=5800, stack(0x000000619ae00000,0x000000619af00000)]
  0x000001cc7e697000 JavaThread "Reference Handler" daemon [_thread_blocked, id=6084, stack(0x000000619b500000,0x000000619b600000)]
  0x000001cc7e69a800 JavaThread "Finalizer" daemon [_thread_blocked, id=3676, stack(0x000000619b600000,0x000000619b700000)]
  0x000001cc7e6f4800 JavaThread "Signal Dispatcher" daemon [_thread_blocked, id=4956, stack(0x000000619b700000,0x000000619b800000)]
  0x000001cc7e6f6800 JavaThread "Attach Listener" daemon [_thread_blocked, id=4960, stack(0x000000619b800000,0x000000619b900000)]
  0x000001cc7e6f9000 JavaThread "Service Thread" daemon [_thread_blocked, id=5728, stack(0x000000619b900000,0x000000619ba00000)]
  0x000001cc7e6fa000 JavaThread "C2 CompilerThread0" daemon [_thread_blocked, id=1640, stack(0x000000619ba00000,0x000000619bb00000)]
  0x000001cc7e705000 JavaThread "C1 CompilerThread0" daemon [_thread_blocked, id=5184, stack(0x000000619bb00000,0x000000619bc00000)]
  0x000001cc7e712800 JavaThread "Sweeper thread" daemon [_thread_blocked, id=2196, stack(0x000000619bc00000,0x000000619bd00000)]
  0x000001cc7f15d800 JavaThread "Common-Cleaner" daemon [_thread_blocked, id=5260, stack(0x000000619bd00000,0x000000619be00000)]
  0x000001cc03ae4800 JavaThread "Daemon health stats" [_thread_blocked, id=3520, stack(0x000000619c100000,0x000000619c200000)]
  0x000001cc033a1000 JavaThread "Incoming local TCP Connector on port 56955" [_thread_in_native, id=1560, stack(0x000000619c300000,0x000000619c400000)]
  0x000001cc03893000 JavaThread "Daemon periodic checks" [_thread_blocked, id=5900, stack(0x000000619c400000,0x000000619c500000)]
  0x000001cc03760800 JavaThread "Daemon" [_thread_blocked, id=3396, stack(0x000000619c500000,0x000000619c600000)]
  0x000001cc034a7000 JavaThread "Handler for socket connection from /127.0.0.1:56955 to /127.0.0.1:56956" [_thread_in_native, id=5880, stack(0x000000619c600000,0x000000619c700000)]
  0x000001cc0345e800 JavaThread "Cancel handler" [_thread_blocked, id=1992, stack(0x000000619c700000,0x000000619c800000)]
  0x000001cc0342f000 JavaThread "Daemon worker" [_thread_blocked, id=4872, stack(0x000000619c800000,0x000000619c900000)]
  0x000001cc02094000 JavaThread "Asynchronous log dispatcher for DefaultDaemonConnection: socket connection from /127.0.0.1:56955 to /127.0.0.1:56956" [_thread_blocked, id=1096, stack(0x000000619c900000,0x000000619ca00000)]
  0x000001cc02095000 JavaThread "Stdin handler" [_thread_blocked, id=5508, stack(0x000000619ca00000,0x000000619cb00000)]
  0x000001cc03727000 JavaThread "Daemon client event forwarder" [_thread_blocked, id=4040, stack(0x000000619cb00000,0x000000619cc00000)]
  0x000001cc03729800 JavaThread "Cache worker for journal cache (C:\Users\Admin\.gradle\caches\journal-1)" [_thread_blocked, id=3556, stack(0x000000619cc00000,0x000000619cd00000)]
  0x000001cc03728800 JavaThread "File lock request listener" [_thread_in_native, id=2208, stack(0x000000619cd00000,0x000000619ce00000)]
  0x000001cc03725800 JavaThread "Cache worker for file hash cache (C:\Users\Admin\.gradle\caches\7.2\fileHashes)" [_thread_blocked, id=4852, stack(0x000000619ce00000,0x000000619cf00000)]
  0x000001cc03727800 JavaThread "Cache worker for file hash cache (C:\Users\Admin\AndroidStudioProjects\DailySelfie\.gradle\7.2\fileHashes)" [_thread_blocked, id=5636, stack(0x000000619d000000,0x000000619d100000)]
  0x000001cc03723800 JavaThread "File watcher server" daemon [_thread_blocked, id=5884, stack(0x000000619d100000,0x000000619d200000)]
  0x000001cc03726000 JavaThread "File watcher consumer" daemon [_thread_blocked, id=3580, stack(0x000000619d200000,0x000000619d300000)]
  0x000001cc0372a000 JavaThread "Cache worker for checksums cache (C:\Users\Admin\AndroidStudioProjects\DailySelfie\.gradle\checksums)" [_thread_blocked, id=3620, stack(0x000000619d300000,0x000000619d400000)]
  0x000001cc03724800 JavaThread "Cache worker for cache directory md-supplier (C:\Users\Admin\.gradle\caches\7.2\md-supplier)" [_thread_blocked, id=512, stack(0x000000619d400000,0x000000619d500000)]
  0x000001cc05715000 JavaThread "Cache worker for cache directory md-rule (C:\Users\Admin\.gradle\caches\7.2\md-rule)" [_thread_blocked, id=580, stack(0x000000619d500000,0x000000619d600000)]
  0x000001cc05713800 JavaThread "Cache worker for execution history cache (C:\Users\Admin\.gradle\caches\7.2\executionHistory)" [_thread_blocked, id=4656, stack(0x000000619d600000,0x000000619d700000)]
  0x000001cc05714000 JavaThread "jar transforms" [_thread_blocked, id=5116, stack(0x000000619d700000,0x000000619d800000)]
  0x000001cc05711800 JavaThread "Cache worker for file content cache (C:\Users\Admin\.gradle\caches\7.2\fileContent)" [_thread_blocked, id=4436, stack(0x000000619d800000,0x000000619d900000)]
  0x000001cc0571a800 JavaThread "jar transforms Thread 2" [_thread_blocked, id=5956, stack(0x000000619d900000,0x000000619da00000)]
  0x000001cc05716800 JavaThread "Cache worker for dependencies-accessors (C:\Users\Admin\AndroidStudioProjects\DailySelfie\.gradle\7.2\dependencies-accessors)" [_thread_blocked, id=920, stack(0x000000619da00000,0x000000619db00000)]
  0x000001cc05717800 JavaThread "jar transforms Thread 3" [_thread_blocked, id=4540, stack(0x000000619db00000,0x000000619dc00000)]
  0x000001cc05718000 JavaThread "Cache worker for Build Output Cleanup Cache (C:\Users\Admin\AndroidStudioProjects\DailySelfie\.gradle\buildOutputCleanup)" [_thread_blocked, id=3272, stack(0x000000619dc00000,0x000000619dd00000)]
  0x000001cc0571b800 JavaThread "Unconstrained build operations" [_thread_blocked, id=232, stack(0x000000619dd00000,0x000000619de00000)]
  0x000001cc05715800 JavaThread "Unconstrained build operations Thread 2" [_thread_blocked, id=5720, stack(0x000000619de00000,0x000000619df00000)]
  0x000001cc0571d000 JavaThread "Unconstrained build operations Thread 3" [_thread_blocked, id=288, stack(0x000000619df00000,0x000000619e000000)]
  0x000001cc0571c000 JavaThread "Unconstrained build operations Thread 4" [_thread_blocked, id=1864, stack(0x000000619e000000,0x000000619e100000)]
  0x000001cc0571e800 JavaThread "Unconstrained build operations Thread 5" [_thread_blocked, id=2008, stack(0x000000619e100000,0x000000619e200000)]
  0x000001cc0571e000 JavaThread "Unconstrained build operations Thread 6" [_thread_blocked, id=2880, stack(0x000000619e200000,0x000000619e300000)]
  0x000001cc0571f800 JavaThread "Unconstrained build operations Thread 7" [_thread_blocked, id=5644, stack(0x000000619e300000,0x000000619e400000)]
  0x000001cc05720800 JavaThread "Unconstrained build operations Thread 8" [_thread_blocked, id=964, stack(0x000000619e400000,0x000000619e500000)]
  0x000001cc02ba1000 JavaThread "Unconstrained build operations Thread 9" [_thread_blocked, id=1520, stack(0x000000619e500000,0x000000619e600000)]
  0x000001cc02b9f800 JavaThread "Unconstrained build operations Thread 10" [_thread_blocked, id=4840, stack(0x000000619e600000,0x000000619e700000)]
  0x000001cc02ba2800 JavaThread "Unconstrained build operations Thread 11" [_thread_blocked, id=2672, stack(0x000000619e700000,0x000000619e800000)]
  0x000001cc02ba0000 JavaThread "Unconstrained build operations Thread 12" [_thread_blocked, id=616, stack(0x000000619e800000,0x000000619e900000)]
  0x000001cc02ba3800 JavaThread "Unconstrained build operations Thread 13" [_thread_blocked, id=4472, stack(0x000000619e900000,0x000000619ea00000)]
  0x000001cc02ba1800 JavaThread "Unconstrained build operations Thread 14" [_thread_blocked, id=6088, stack(0x000000619ea00000,0x000000619eb00000)]
  0x000001cc02b9d800 JavaThread "Unconstrained build operations Thread 15" [_thread_blocked, id=2724, stack(0x000000619eb00000,0x000000619ec00000)]
  0x000001cc02ba4000 JavaThread "Unconstrained build operations Thread 16" [_thread_blocked, id=1264, stack(0x000000619ec00000,0x000000619ed00000)]
  0x000001cc02b9e800 JavaThread "Unconstrained build operations Thread 17" [_thread_blocked, id=1944, stack(0x000000619ed00000,0x000000619ee00000)]
  0x000001cc02ba6800 JavaThread "Unconstrained build operations Thread 18" [_thread_blocked, id=5344, stack(0x000000619ee00000,0x000000619ef00000)]
  0x000001cc02ba9000 JavaThread "Unconstrained build operations Thread 19" [_thread_blocked, id=4068, stack(0x000000619ef00000,0x000000619f000000)]
  0x000001cc02ba5000 JavaThread "Unconstrained build operations Thread 20" [_thread_blocked, id=3400, stack(0x000000619f000000,0x000000619f100000)]
  0x000001cc02baa000 JavaThread "Unconstrained build operations Thread 21" [_thread_blocked, id=5200, stack(0x000000619f100000,0x000000619f200000)]
  0x000001cc02baa800 JavaThread "Unconstrained build operations Thread 22" [_thread_blocked, id=4404, stack(0x000000619f200000,0x000000619f300000)]
  0x000001cc02ba6000 JavaThread "Unconstrained build operations Thread 23" [_thread_blocked, id=2344, stack(0x000000619f300000,0x000000619f400000)]
  0x000001cc02bab800 JavaThread "Unconstrained build operations Thread 24" [_thread_blocked, id=2012, stack(0x000000619f400000,0x000000619f500000)]
  0x000001cc02bac800 JavaThread "Unconstrained build operations Thread 25" [_thread_blocked, id=4396, stack(0x000000619f500000,0x000000619f600000)]
  0x000001cc02ba7800 JavaThread "Unconstrained build operations Thread 26" [_thread_blocked, id=1976, stack(0x000000619f600000,0x000000619f700000)]
  0x000001cc02ba8800 JavaThread "Unconstrained build operations Thread 27" [_thread_blocked, id=5340, stack(0x000000619f700000,0x000000619f800000)]
  0x000001cc06f3d800 JavaThread "Unconstrained build operations Thread 28" [_thread_blocked, id=1436, stack(0x000000619f800000,0x000000619f900000)]
  0x000001cc06f3b000 JavaThread "Unconstrained build operations Thread 29" [_thread_blocked, id=5888, stack(0x000000619f900000,0x000000619fa00000)]
  0x000001cc06f3f000 JavaThread "Unconstrained build operations Thread 30" [_thread_blocked, id=4560, stack(0x000000619fa00000,0x000000619fb00000)]
  0x000001cc06f3c800 JavaThread "Unconstrained build operations Thread 31" [_thread_blocked, id=676, stack(0x000000619fb00000,0x000000619fc00000)]
  0x000001cc06f3b800 JavaThread "Unconstrained build operations Thread 32" [_thread_blocked, id=3264, stack(0x000000619fc00000,0x000000619fd00000)]
  0x000001cc06f39000 JavaThread "Unconstrained build operations Thread 33" [_thread_blocked, id=3724, stack(0x000000619fd00000,0x000000619fe00000)]
  0x000001cc06f3e000 JavaThread "Unconstrained build operations Thread 34" [_thread_blocked, id=1904, stack(0x000000619fe00000,0x000000619ff00000)]
  0x000001cc06f40000 JavaThread "Unconstrained build operations Thread 35" [_thread_blocked, id=3984, stack(0x000000619ff00000,0x00000061a0000000)]
  0x000001cc06f3a000 JavaThread "Unconstrained build operations Thread 36" [_thread_blocked, id=4604, stack(0x00000061a0000000,0x00000061a0100000)]
  0x000001cc06f46800 JavaThread "Unconstrained build operations Thread 37" [_thread_blocked, id=6116, stack(0x00000061a0100000,0x00000061a0200000)]
  0x000001cc06f41800 JavaThread "Unconstrained build operations Thread 38" [_thread_blocked, id=5652, stack(0x00000061a0200000,0x00000061a0300000)]
  0x000001cc06f42000 JavaThread "Unconstrained build operations Thread 39" [_thread_blocked, id=5028, stack(0x00000061a0300000,0x00000061a0400000)]
  0x000001cc06f44000 JavaThread "Unconstrained build operations Thread 40" [_thread_blocked, id=3992, stack(0x00000061a0400000,0x00000061a0500000)]
  0x000001cc06f40800 JavaThread "jar transforms Thread 4" [_thread_blocked, id=4940, stack(0x00000061a0500000,0x00000061a0600000)]
  0x000001cc06f47000 JavaThread "Memory manager" [_thread_blocked, id=4284, stack(0x00000061a0600000,0x00000061a0700000)]
  0x000001cc06f43000 JavaThread "build event listener" [_thread_blocked, id=220, stack(0x000000619cf00000,0x000000619d000000)]
  0x000001cc06f44800 JavaThread "pool-3-thread-1" [_thread_blocked, id=2688, stack(0x00000061a0700000,0x00000061a0800000)]
  0x000001cc06f45800 JavaThread "build event listener" [_thread_blocked, id=924, stack(0x00000061a0800000,0x00000061a0900000)]
  0x000001cc06f48000 JavaThread "Execution worker for ':'" [_thread_blocked, id=1220, stack(0x00000061a0900000,0x00000061a0a00000)]
  0x000001cc08b49800 JavaThread "Execution worker for ':' Thread 2" [_thread_blocked, id=5988, stack(0x00000061a0a00000,0x00000061a0b00000)]
  0x000001cc08b4e800 JavaThread "Execution worker for ':' Thread 3" [_thread_blocked, id=2172, stack(0x00000061a0b00000,0x00000061a0c00000)]
  0x000001cc08b4c000 JavaThread "Cache worker for execution history cache (C:\Users\Admin\AndroidStudioProjects\DailySelfie\.gradle\7.2\executionHistory)" [_thread_blocked, id=3928, stack(0x00000061a0c00000,0x00000061a0d00000)]
  0x000001cc08b48800 JavaThread "WorkerExecutor Queue" [_thread_blocked, id=5400, stack(0x00000061a0d00000,0x00000061a0e00000)]
  0x000001cc08b4a000 JavaThread "WorkerExecutor Queue Thread 3" [_thread_blocked, id=780, stack(0x00000061a0f00000,0x00000061a1000000)]
  0x000001cc08b4b000 JavaThread "WorkerExecutor Queue Thread 4" [_thread_blocked, id=5416, stack(0x000000619ad00000,0x000000619ae00000)]
  0x000001cc08b52800 JavaThread "pool-4-thread-1" [_thread_blocked, id=4672, stack(0x00000061a1200000,0x00000061a1300000)]
  0x000001cc08b4d800 JavaThread "stderr" [_thread_in_native, id=5928, stack(0x00000061a1300000,0x00000061a1400000)]
  0x000001cc08b4f000 JavaThread "stdout" [_thread_in_native, id=5368, stack(0x00000061a1400000,0x00000061a1500000)]
  0x000001cc08b51800 JavaThread "WorkerExecutor Queue Thread 5" [_thread_blocked, id=5848, stack(0x00000061a1500000,0x00000061a1600000)]
  0x000001cc08b50000 JavaThread "ForkJoinPool-1-worker-3" daemon [_thread_blocked, id=6100, stack(0x00000061a0e00000,0x00000061a0f00000)]
  0x000001cc08b4c800 JavaThread "ForkJoinPool-1-worker-5" daemon [_thread_blocked, id=1600, stack(0x00000061a1600000,0x00000061a1700000)]
  0x000001cc08b53000 JavaThread "ForkJoinPool-1-worker-7" daemon [_thread_blocked, id=5592, stack(0x00000061a1700000,0x00000061a1800000)]
  0x000001cc08b54000 JavaThread "ForkJoinPool-1-worker-1" daemon [_thread_blocked, id=4464, stack(0x00000061a1800000,0x00000061a1900000)]

Other Threads:
=>0x000001cc7e68f800 VMThread "VM Thread" [stack: 0x000000619b400000,0x000000619b500000] [id=2640]
  0x000001cc7f188800 WatcherThread [stack: 0x000000619be00000,0x000000619bf00000] [id=1336]
  0x000001cc64b75000 GCTaskThread "GC Thread#0" [stack: 0x000000619af00000,0x000000619b000000] [id=4740]
  0x000001cc7f573000 GCTaskThread "GC Thread#1" [stack: 0x000000619c000000,0x000000619c100000] [id=1528]
  0x000001cc038aa800 GCTaskThread "GC Thread#2" [stack: 0x000000619bf00000,0x000000619c000000] [id=5128]
  0x000001cc037a4000 GCTaskThread "GC Thread#3" [stack: 0x000000619c200000,0x000000619c300000] [id=5520]
  0x000001cc64ba7800 ConcurrentGCThread "G1 Main Marker" [stack: 0x000000619b000000,0x000000619b100000] [id=976]
  0x000001cc64ba8800 ConcurrentGCThread "G1 Conc#0" [stack: 0x000000619b100000,0x000000619b200000] [id=1020]
  0x000001cc64c00800 ConcurrentGCThread "G1 Refine#0" [stack: 0x000000619b200000,0x000000619b300000] [id=6076]
  0x000001cc0bf9b800 ConcurrentGCThread "G1 Refine#1" [stack: 0x00000061a1900000,0x00000061a1a00000] [id=5496]
  0x000001cc0bcfe000 ConcurrentGCThread "G1 Refine#2" [stack: 0x00000061a1a00000,0x00000061a1b00000] [id=120]
  0x000001cc64c01800 ConcurrentGCThread "G1 Young RemSet Sampling" [stack: 0x000000619b300000,0x000000619b400000] [id=5852]

Threads with active compile tasks:
C2 CompilerThread0  42148 13950 %     4       com.android.tools.r8.dex.r::a @ 315 (1038 bytes)

VM state:at safepoint (normal execution)

VM Mutex/Monitor currently owned by a thread:  ([mutex/lock_event])
[0x000001cc64b582f0] Threads_lock - owner thread: 0x000001cc7e68f800
[0x000001cc64b59850] Heap_lock - owner thread: 0x000001cc08b54000

Heap address: 0x0000000080000000, size: 2048 MB, Compressed Oops mode: 32-bit
Narrow klass base: 0x0000000000000000, Narrow klass shift: 3
Compressed class space size: 1073741824 Address: 0x0000000100000000

Heap:
 garbage-first heap   total 344064K, used 136704K [0x0000000080000000, 0x0000000100000000)
  region size 1024K, 2 young (2048K), 2 survivors (2048K)
 Metaspace       used 105090K, capacity 107589K, committed 107724K, reserved 1142784K
  class space    used 13324K, capacity 14246K, committed 14336K, reserved 1048576K
Heap Regions: E=young(eden), S=young(survivor), O=old, HS=humongous(starts), HC=humongous(continues), CS=collection set, F=free, A=archive, TAMS=top-at-mark-start (previous, next)
|   0|0x0000000080000000, 0x0000000080100000, 0x0000000080100000|100%| O|  |TAMS 0x0000000080100000, 0x0000000080000000| Complete 
|   1|0x0000000080100000, 0x0000000080200000, 0x0000000080200000|100%| O|  |TAMS 0x0000000080200000, 0x0000000080100000| Untracked 
|   2|0x0000000080200000, 0x0000000080300000, 0x0000000080300000|100%| O|  |TAMS 0x0000000080300000, 0x0000000080200000| Untracked 
|   3|0x0000000080300000, 0x0000000080400000, 0x0000000080400000|100%|HS|  |TAMS 0x0000000080400000, 0x0000000080300000| Complete 
|   4|0x0000000080400000, 0x0000000080500000, 0x0000000080500000|100%|HC|  |TAMS 0x0000000080500000, 0x0000000080400000| Complete 
|   5|0x0000000080500000, 0x0000000080600000, 0x0000000080600000|100%|HC|  |TAMS 0x0000000080600000, 0x0000000080500000| Complete 
|   6|0x0000000080600000, 0x0000000080700000, 0x0000000080700000|100%| O|  |TAMS 0x0000000080700000, 0x0000000080600000| Untracked 
|   7|0x0000000080700000, 0x0000000080800000, 0x0000000080800000|100%| O|  |TAMS 0x0000000080800000, 0x0000000080700000| Untracked 
|   8|0x0000000080800000, 0x0000000080900000, 0x0000000080900000|100%| O|  |TAMS 0x0000000080900000, 0x0000000080800000| Complete 
|   9|0x0000000080900000, 0x0000000080a00000, 0x0000000080a00000|100%| O|  |TAMS 0x0000000080a00000, 0x0000000080900000| Complete 
|  10|0x0000000080a00000, 0x0000000080b00000, 0x0000000080b00000|100%| O|  |TAMS 0x0000000080b00000, 0x0000000080a00000| Complete 
|  11|0x0000000080b00000, 0x0000000080c00000, 0x0000000080c00000|100%| O|  |TAMS 0x0000000080c00000, 0x0000000080b00000| Untracked 
|  12|0x0000000080c00000, 0x0000000080d00000, 0x0000000080d00000|100%| O|  |TAMS 0x0000000080d00000, 0x0000000080c00000| Untracked 
|  13|0x0000000080d00000, 0x0000000080e00000, 0x0000000080e00000|100%| O|  |TAMS 0x0000000080e00000, 0x0000000080d00000| Untracked 
|  14|0x0000000080e00000, 0x0000000080f00000, 0x0000000080f00000|100%| O|  |TAMS 0x0000000080f00000, 0x0000000080e00000| Untracked 
|  15|0x0000000080f00000, 0x0000000081000000, 0x0000000081000000|100%| O|  |TAMS 0x0000000081000000, 0x0000000080f00000| Untracked 
|  16|0x0000000081000000, 0x0000000081100000, 0x0000000081100000|100%| O|  |TAMS 0x0000000081100000, 0x0000000081000000| Untracked 
|  17|0x0000000081100000, 0x0000000081200000, 0x0000000081200000|100%| O|  |TAMS 0x0000000081200000, 0x0000000081100000| Untracked 
|  18|0x0000000081200000, 0x0000000081300000, 0x0000000081300000|100%| O|  |TAMS 0x0000000081300000, 0x0000000081200000| Untracked 
|  19|0x0000000081300000, 0x0000000081400000, 0x0000000081400000|100%| O|  |TAMS 0x0000000081400000, 0x0000000081300000| Untracked 
|  20|0x0000000081400000, 0x0000000081500000, 0x0000000081500000|100%| O|  |TAMS 0x0000000081500000, 0x0000000081400000| Untracked 
|  21|0x0000000081500000, 0x0000000081600000, 0x0000000081600000|100%| O|  |TAMS 0x0000000081600000, 0x0000000081500000| Untracked 
|  22|0x0000000081600000, 0x0000000081700000, 0x0000000081700000|100%| O|  |TAMS 0x0000000081700000, 0x0000000081600000| Untracked 
|  23|0x0000000081700000, 0x0000000081800000, 0x0000000081800000|100%| O|  |TAMS 0x0000000081800000, 0x0000000081700000| Complete 
|  24|0x0000000081800000, 0x0000000081900000, 0x0000000081900000|100%| O|  |TAMS 0x0000000081900000, 0x0000000081800000| Untracked 
|  25|0x0000000081900000, 0x0000000081a00000, 0x0000000081a00000|100%| O|  |TAMS 0x0000000081a00000, 0x0000000081900000| Untracked 
|  26|0x0000000081a00000, 0x0000000081b00000, 0x0000000081b00000|100%| O|  |TAMS 0x0000000081b00000, 0x0000000081a00000| Complete 
|  27|0x0000000081b00000, 0x0000000081c00000, 0x0000000081c00000|100%| O|  |TAMS 0x0000000081c00000, 0x0000000081b00000| Untracked 
|  28|0x0000000081c00000, 0x0000000081d00000, 0x0000000081d00000|100%| O|  |TAMS 0x0000000081d00000, 0x0000000081c00000| Complete 
|  29|0x0000000081d00000, 0x0000000081e00000, 0x0000000081e00000|100%|HS|  |TAMS 0x0000000081e00000, 0x0000000081d00000| Complete 
|  30|0x0000000081e00000, 0x0000000081f00000, 0x0000000081f00000|100%|HS|  |TAMS 0x0000000081f00000, 0x0000000081e00000| Complete 
|  31|0x0000000081f00000, 0x0000000082000000, 0x0000000082000000|100%|HS|  |TAMS 0x0000000082000000, 0x0000000081f00000| Complete 
|  32|0x0000000082000000, 0x0000000082100000, 0x0000000082100000|100%|HS|  |TAMS 0x0000000082100000, 0x0000000082000000| Complete 
|  33|0x0000000082100000, 0x0000000082200000, 0x0000000082200000|100%|HC|  |TAMS 0x0000000082200000, 0x0000000082100000| Complete 
|  34|0x0000000082200000, 0x0000000082300000, 0x0000000082300000|100%| O|  |TAMS 0x0000000082300000, 0x0000000082200000| Untracked 
|  35|0x0000000082300000, 0x0000000082400000, 0x0000000082400000|100%| O|  |TAMS 0x0000000082400000, 0x0000000082300000| Untracked 
|  36|0x0000000082400000, 0x0000000082500000, 0x0000000082500000|100%| O|  |TAMS 0x0000000082500000, 0x0000000082400000| Untracked 
|  37|0x0000000082500000, 0x0000000082600000, 0x0000000082600000|100%| O|  |TAMS 0x0000000082600000, 0x0000000082500000| Complete 
|  38|0x0000000082600000, 0x0000000082700000, 0x0000000082700000|100%| O|  |TAMS 0x0000000082700000, 0x0000000082600000| Untracked 
|  39|0x0000000082700000, 0x0000000082800000, 0x0000000082800000|100%| O|  |TAMS 0x0000000082800000, 0x0000000082700000| Untracked 
|  40|0x0000000082800000, 0x0000000082900000, 0x0000000082900000|100%| O|  |TAMS 0x0000000082900000, 0x0000000082800000| Untracked 
|  41|0x0000000082900000, 0x0000000082a00000, 0x0000000082a00000|100%| O|  |TAMS 0x0000000082a00000, 0x0000000082900000| Untracked 
|  42|0x0000000082a00000, 0x0000000082b00000, 0x0000000082b00000|100%| O|  |TAMS 0x0000000082b00000, 0x0000000082a00000| Untracked 
|  43|0x0000000082b00000, 0x0000000082c00000, 0x0000000082c00000|100%| O|  |TAMS 0x0000000082c00000, 0x0000000082b00000| Untracked 
|  44|0x0000000082c00000, 0x0000000082d00000, 0x0000000082d00000|100%| O|  |TAMS 0x0000000082d00000, 0x0000000082c00000| Complete 
|  45|0x0000000082d00000, 0x0000000082e00000, 0x0000000082e00000|100%| O|  |TAMS 0x0000000082e00000, 0x0000000082d00000| Untracked 
|  46|0x0000000082e00000, 0x0000000082f00000, 0x0000000082f00000|100%| O|  |TAMS 0x0000000082f00000, 0x0000000082e00000| Untracked 
|  47|0x0000000082f00000, 0x0000000083000000, 0x0000000083000000|100%| O|  |TAMS 0x0000000083000000, 0x0000000082f00000| Untracked 
|  48|0x0000000083000000, 0x0000000083100000, 0x0000000083100000|100%| O|  |TAMS 0x0000000083100000, 0x0000000083000000| Untracked 
|  49|0x0000000083100000, 0x0000000083200000, 0x0000000083200000|100%| O|  |TAMS 0x0000000083200000, 0x0000000083100000| Untracked 
|  50|0x0000000083200000, 0x0000000083300000, 0x0000000083300000|100%| O|  |TAMS 0x0000000083300000, 0x0000000083200000| Untracked 
|  51|0x0000000083300000, 0x0000000083400000, 0x0000000083400000|100%| O|  |TAMS 0x0000000083400000, 0x0000000083300000| Untracked 
|  52|0x0000000083400000, 0x0000000083500000, 0x0000000083500000|100%| O|  |TAMS 0x0000000083500000, 0x0000000083400000| Untracked 
|  53|0x0000000083500000, 0x0000000083600000, 0x0000000083600000|100%| O|  |TAMS 0x0000000083600000, 0x0000000083500000| Complete 
|  54|0x0000000083600000, 0x0000000083700000, 0x0000000083700000|100%| O|  |TAMS 0x0000000083700000, 0x0000000083600000| Untracked 
|  55|0x0000000083700000, 0x0000000083800000, 0x0000000083800000|100%| O|  |TAMS 0x0000000083800000, 0x0000000083700000| Untracked 
|  56|0x0000000083800000, 0x0000000083900000, 0x0000000083900000|100%| O|  |TAMS 0x0000000083900000, 0x0000000083800000| Untracked 
|  57|0x0000000083900000, 0x0000000083a00000, 0x0000000083a00000|100%| O|  |TAMS 0x0000000083a00000, 0x0000000083900000| Untracked 
|  58|0x0000000083a00000, 0x0000000083b00000, 0x0000000083b00000|100%| O|  |TAMS 0x0000000083b00000, 0x0000000083a00000| Untracked 
|  59|0x0000000083b00000, 0x0000000083c00000, 0x0000000083c00000|100%| O|  |TAMS 0x0000000083c00000, 0x0000000083b00000| Untracked 
|  60|0x0000000083c00000, 0x0000000083d00000, 0x0000000083d00000|100%| O|  |TAMS 0x0000000083d00000, 0x0000000083c00000| Untracked 
|  61|0x0000000083d00000, 0x0000000083e00000, 0x0000000083e00000|100%| O|  |TAMS 0x0000000083e00000, 0x0000000083d00000| Untracked 
|  62|0x0000000083e00000, 0x0000000083f00000, 0x0000000083f00000|100%| O|  |TAMS 0x0000000083f00000, 0x0000000083e00000| Untracked 
|  63|0x0000000083f00000, 0x0000000084000000, 0x0000000084000000|100%| O|  |TAMS 0x0000000084000000, 0x0000000083f00000| Untracked 
|  64|0x0000000084000000, 0x0000000084100000, 0x0000000084100000|100%| O|  |TAMS 0x0000000084100000, 0x0000000084000000| Complete 
|  65|0x0000000084100000, 0x0000000084200000, 0x0000000084200000|100%| O|  |TAMS 0x0000000084200000, 0x0000000084100000| Complete 
|  66|0x0000000084200000, 0x0000000084300000, 0x0000000084300000|100%| O|  |TAMS 0x0000000084300000, 0x0000000084200000| Complete 
|  67|0x0000000084300000, 0x0000000084400000, 0x0000000084400000|100%| O|  |TAMS 0x0000000084300000, 0x0000000084300000| Untracked 
|  68|0x0000000084400000, 0x0000000084500000, 0x0000000084500000|100%| O|  |TAMS 0x0000000084400000, 0x0000000084400000| Untracked 
|  69|0x0000000084500000, 0x0000000084600000, 0x0000000084600000|100%|HS|  |TAMS 0x0000000084600000, 0x0000000084500000| Complete 
|  70|0x0000000084600000, 0x0000000084700000, 0x0000000084700000|100%| O|  |TAMS 0x0000000084600000, 0x0000000084600000| Untracked 
|  71|0x0000000084700000, 0x0000000084800000, 0x0000000084800000|100%|HS|  |TAMS 0x0000000084800000, 0x0000000084700000| Complete 
|  72|0x0000000084800000, 0x0000000084900000, 0x0000000084900000|100%|HC|  |TAMS 0x0000000084900000, 0x0000000084800000| Complete 
|  73|0x0000000084900000, 0x0000000084a00000, 0x0000000084a00000|100%| O|  |TAMS 0x0000000084a00000, 0x0000000084900000| Complete 
|  74|0x0000000084a00000, 0x0000000084b00000, 0x0000000084b00000|100%| O|  |TAMS 0x0000000084b00000, 0x0000000084a00000| Untracked 
|  75|0x0000000084b00000, 0x0000000084c00000, 0x0000000084c00000|100%| O|  |TAMS 0x0000000084c00000, 0x0000000084b00000| Untracked 
|  76|0x0000000084c00000, 0x0000000084d00000, 0x0000000084d00000|100%| O|  |TAMS 0x0000000084d00000, 0x0000000084c00000| Complete 
|  77|0x0000000084d00000, 0x0000000084e00000, 0x0000000084e00000|100%| O|  |TAMS 0x0000000084e00000, 0x0000000084d00000| Complete 
|  78|0x0000000084e00000, 0x0000000084e00000, 0x0000000084f00000|  0%| F|  |TAMS 0x0000000084e00000, 0x0000000084e00000| Untracked 
|  79|0x0000000084f00000, 0x0000000085000000, 0x0000000085000000|100%| O|  |TAMS 0x0000000084f00000, 0x0000000084f00000| Untracked 
|  80|0x0000000085000000, 0x0000000085100000, 0x0000000085100000|100%| O|  |TAMS 0x0000000085000000, 0x0000000085000000| Untracked 
|  81|0x0000000085100000, 0x0000000085200000, 0x0000000085200000|100%| O|  |TAMS 0x0000000085100000, 0x0000000085100000| Untracked 
|  82|0x0000000085200000, 0x0000000085200000, 0x0000000085300000|  0%| F|  |TAMS 0x0000000085200000, 0x0000000085200000| Untracked 
|  83|0x0000000085300000, 0x0000000085400000, 0x0000000085400000|100%| O|  |TAMS 0x0000000085400000, 0x0000000085300000| Complete 
|  84|0x0000000085400000, 0x0000000085500000, 0x0000000085500000|100%| O|  |TAMS 0x0000000085500000, 0x0000000085400000| Complete 
|  85|0x0000000085500000, 0x0000000085600000, 0x0000000085600000|100%| O|  |TAMS 0x0000000085600000, 0x0000000085500000| Complete 
|  86|0x0000000085600000, 0x0000000085600000, 0x0000000085700000|  0%| F|  |TAMS 0x0000000085600000, 0x0000000085600000| Untracked 
|  87|0x0000000085700000, 0x0000000085800000, 0x0000000085800000|100%| O|  |TAMS 0x0000000085700000, 0x0000000085700000| Untracked 
|  88|0x0000000085800000, 0x0000000085900000, 0x0000000085900000|100%|HS|  |TAMS 0x0000000085900000, 0x0000000085800000| Complete 
|  89|0x0000000085900000, 0x0000000085a00000, 0x0000000085a00000|100%|HS|  |TAMS 0x0000000085a00000, 0x0000000085900000| Complete 
|  90|0x0000000085a00000, 0x0000000085b00000, 0x0000000085b00000|100%| O|  |TAMS 0x0000000085b00000, 0x0000000085a00000| Untracked 
|  91|0x0000000085b00000, 0x0000000085b00000, 0x0000000085c00000|  0%| F|  |TAMS 0x0000000085b00000, 0x0000000085b00000| Untracked 
|  92|0x0000000085c00000, 0x0000000085c00000, 0x0000000085d00000|  0%| F|  |TAMS 0x0000000085c00000, 0x0000000085c00000| Untracked 
|  93|0x0000000085d00000, 0x0000000085e00000, 0x0000000085e00000|100%| O|  |TAMS 0x0000000085d00000, 0x0000000085d00000| Untracked 
|  94|0x0000000085e00000, 0x0000000085f00000, 0x0000000085f00000|100%| O|  |TAMS 0x0000000085f00000, 0x0000000085e00000| Complete 
|  95|0x0000000085f00000, 0x0000000085f00000, 0x0000000086000000|  0%| F|  |TAMS 0x0000000085f00000, 0x0000000085f00000| Untracked 
|  96|0x0000000086000000, 0x0000000086100000, 0x0000000086100000|100%| O|  |TAMS 0x0000000086100000, 0x0000000086000000| Complete 
|  97|0x0000000086100000, 0x0000000086200000, 0x0000000086200000|100%| O|  |TAMS 0x0000000086200000, 0x0000000086100000| Complete 
|  98|0x0000000086200000, 0x0000000086200000, 0x0000000086300000|  0%| F|  |TAMS 0x0000000086200000, 0x0000000086200000| Untracked 
|  99|0x0000000086300000, 0x0000000086400000, 0x0000000086400000|100%| O|  |TAMS 0x0000000086300000, 0x0000000086300000| Untracked 
| 100|0x0000000086400000, 0x0000000086500000, 0x0000000086500000|100%| O|  |TAMS 0x0000000086400000, 0x0000000086400000| Untracked 
| 101|0x0000000086500000, 0x0000000086600000, 0x0000000086600000|100%| O|  |TAMS 0x0000000086600000, 0x0000000086500000| Complete 
| 102|0x0000000086600000, 0x0000000086700000, 0x0000000086700000|100%| O|  |TAMS 0x0000000086600000, 0x0000000086600000| Untracked 
| 103|0x0000000086700000, 0x0000000086800000, 0x0000000086800000|100%|HS|  |TAMS 0x0000000086700000, 0x0000000086700000| Complete 
| 104|0x0000000086800000, 0x0000000086900000, 0x0000000086900000|100%| O|  |TAMS 0x0000000086800000, 0x0000000086800000| Untracked 
| 105|0x0000000086900000, 0x0000000086a00000, 0x0000000086a00000|100%|HS|  |TAMS 0x0000000086900000, 0x0000000086900000| Complete 
| 106|0x0000000086a00000, 0x0000000086b00000, 0x0000000086b00000|100%|HS|  |TAMS 0x0000000086b00000, 0x0000000086a00000| Complete 
| 107|0x0000000086b00000, 0x0000000086c00000, 0x0000000086c00000|100%|HC|  |TAMS 0x0000000086c00000, 0x0000000086b00000| Complete 
| 108|0x0000000086c00000, 0x0000000086d00000, 0x0000000086d00000|100%| O|  |TAMS 0x0000000086d00000, 0x0000000086c00000| Untracked 
| 109|0x0000000086d00000, 0x0000000086e00000, 0x0000000086e00000|100%| O|  |TAMS 0x0000000086e00000, 0x0000000086d00000| Untracked 
| 110|0x0000000086e00000, 0x0000000086f00000, 0x0000000086f00000|100%| O|  |TAMS 0x0000000086f00000, 0x0000000086e00000| Untracked 
| 111|0x0000000086f00000, 0x0000000087000000, 0x0000000087000000|100%| O|  |TAMS 0x0000000087000000, 0x0000000086f00000| Untracked 
| 112|0x0000000087000000, 0x0000000087100000, 0x0000000087100000|100%| O|  |TAMS 0x0000000087100000, 0x0000000087000000| Untracked 
| 113|0x0000000087100000, 0x0000000087200000, 0x0000000087200000|100%| O|  |TAMS 0x000000008713ac00, 0x0000000087100000| Untracked 
| 114|0x0000000087200000, 0x0000000087300000, 0x0000000087300000|100%| O|  |TAMS 0x0000000087200000, 0x0000000087200000| Untracked 
| 115|0x0000000087300000, 0x0000000087400000, 0x0000000087400000|100%|HS|  |TAMS 0x0000000087300000, 0x0000000087300000| Complete 
| 116|0x0000000087400000, 0x0000000087500000, 0x0000000087500000|100%| O|  |TAMS 0x0000000087400000, 0x0000000087400000| Untracked 
| 117|0x0000000087500000, 0x0000000087600000, 0x0000000087600000|100%| O|  |TAMS 0x0000000087500000, 0x0000000087500000| Untracked 
| 118|0x0000000087600000, 0x0000000087700000, 0x0000000087700000|100%| O|  |TAMS 0x0000000087600000, 0x0000000087600000| Untracked 
| 119|0x0000000087700000, 0x0000000087800000, 0x0000000087800000|100%| O|  |TAMS 0x0000000087700000, 0x0000000087700000| Untracked 
| 120|0x0000000087800000, 0x0000000087900000, 0x0000000087900000|100%| O|  |TAMS 0x0000000087800000, 0x0000000087800000| Untracked 
| 121|0x0000000087900000, 0x0000000087a00000, 0x0000000087a00000|100%| O|  |TAMS 0x0000000087900000, 0x0000000087900000| Untracked 
| 122|0x0000000087a00000, 0x0000000087b00000, 0x0000000087b00000|100%| O|  |TAMS 0x0000000087a00000, 0x0000000087a00000| Untracked 
| 123|0x0000000087b00000, 0x0000000087c00000, 0x0000000087c00000|100%| O|  |TAMS 0x0000000087b00000, 0x0000000087b00000| Untracked 
| 124|0x0000000087c00000, 0x0000000087d00000, 0x0000000087d00000|100%| O|  |TAMS 0x0000000087c00000, 0x0000000087c00000| Untracked 
| 125|0x0000000087d00000, 0x0000000087e00000, 0x0000000087e00000|100%| O|  |TAMS 0x0000000087d00000, 0x0000000087d00000| Untracked 
| 126|0x0000000087e00000, 0x0000000087f00000, 0x0000000087f00000|100%| O|  |TAMS 0x0000000087e00000, 0x0000000087e00000| Untracked 
| 127|0x0000000087f00000, 0x0000000088000000, 0x0000000088000000|100%| O|  |TAMS 0x0000000087f00000, 0x0000000087f00000| Untracked 
| 128|0x0000000088000000, 0x0000000088100000, 0x0000000088100000|100%| O|  |TAMS 0x0000000088000000, 0x0000000088000000| Untracked 
| 129|0x0000000088100000, 0x0000000088200000, 0x0000000088200000|100%| O|  |TAMS 0x0000000088100000, 0x0000000088100000| Untracked 
| 130|0x0000000088200000, 0x0000000088300000, 0x0000000088300000|100%| O|  |TAMS 0x0000000088200000, 0x0000000088200000| Untracked 
| 131|0x0000000088300000, 0x0000000088400000, 0x0000000088400000|100%| O|  |TAMS 0x0000000088300000, 0x0000000088300000| Untracked 
| 132|0x0000000088400000, 0x0000000088500000, 0x0000000088500000|100%| O|  |TAMS 0x0000000088400000, 0x0000000088400000| Untracked 
| 133|0x0000000088500000, 0x0000000088600000, 0x0000000088600000|100%| O|  |TAMS 0x0000000088500000, 0x0000000088500000| Untracked 
| 134|0x0000000088600000, 0x0000000088700000, 0x0000000088700000|100%| O|  |TAMS 0x0000000088600000, 0x0000000088600000| Untracked 
| 135|0x0000000088700000, 0x0000000088800000, 0x0000000088800000|100%| O|  |TAMS 0x0000000088700000, 0x0000000088700000| Untracked 
| 136|0x0000000088800000, 0x0000000088900000, 0x0000000088900000|100%| O|  |TAMS 0x0000000088800000, 0x0000000088800000| Untracked 
| 137|0x0000000088900000, 0x0000000088a00000, 0x0000000088a00000|100%| O|  |TAMS 0x0000000088900000, 0x0000000088900000| Untracked 
| 138|0x0000000088a00000, 0x0000000088a80000, 0x0000000088b00000| 50%| O|  |TAMS 0x0000000088a00000, 0x0000000088a00000| Untracked 
| 139|0x0000000088b00000, 0x0000000088b00000, 0x0000000088c00000|  0%| F|  |TAMS 0x0000000088b00000, 0x0000000088b00000| Untracked 
| 140|0x0000000088c00000, 0x0000000088c00000, 0x0000000088d00000|  0%| F|  |TAMS 0x0000000088c00000, 0x0000000088c00000| Untracked 
| 141|0x0000000088d00000, 0x0000000088d00000, 0x0000000088e00000|  0%| F|  |TAMS 0x0000000088d00000, 0x0000000088d00000| Untracked 
| 142|0x0000000088e00000, 0x0000000088e00000, 0x0000000088f00000|  0%| F|  |TAMS 0x0000000088e00000, 0x0000000088e00000| Untracked 
| 143|0x0000000088f00000, 0x0000000088f00000, 0x0000000089000000|  0%| F|  |TAMS 0x0000000088f00000, 0x0000000088f00000| Untracked 
| 144|0x0000000089000000, 0x0000000089000000, 0x0000000089100000|  0%| F|  |TAMS 0x0000000089000000, 0x0000000089000000| Untracked 
| 145|0x0000000089100000, 0x0000000089100000, 0x0000000089200000|  0%| F|  |TAMS 0x0000000089100000, 0x0000000089100000| Untracked 
| 146|0x0000000089200000, 0x0000000089200000, 0x0000000089300000|  0%| F|  |TAMS 0x0000000089200000, 0x0000000089200000| Untracked 
| 147|0x0000000089300000, 0x0000000089300000, 0x0000000089400000|  0%| F|  |TAMS 0x0000000089300000, 0x0000000089300000| Untracked 
| 148|0x0000000089400000, 0x0000000089400000, 0x0000000089500000|  0%| F|  |TAMS 0x0000000089400000, 0x0000000089400000| Untracked 
| 149|0x0000000089500000, 0x0000000089500000, 0x0000000089600000|  0%| F|  |TAMS 0x0000000089500000, 0x0000000089500000| Untracked 
| 150|0x0000000089600000, 0x0000000089600000, 0x0000000089700000|  0%| F|  |TAMS 0x0000000089600000, 0x0000000089600000| Untracked 
| 151|0x0000000089700000, 0x0000000089700000, 0x0000000089800000|  0%| F|  |TAMS 0x0000000089700000, 0x0000000089700000| Untracked 
| 152|0x0000000089800000, 0x0000000089800000, 0x0000000089900000|  0%| F|  |TAMS 0x0000000089800000, 0x0000000089800000| Untracked 
| 153|0x0000000089900000, 0x0000000089900000, 0x0000000089a00000|  0%| F|  |TAMS 0x0000000089900000, 0x0000000089900000| Untracked 
| 154|0x0000000089a00000, 0x0000000089a00000, 0x0000000089b00000|  0%| F|  |TAMS 0x0000000089a00000, 0x0000000089a00000| Untracked 
| 155|0x0000000089b00000, 0x0000000089b00000, 0x0000000089c00000|  0%| F|  |TAMS 0x0000000089b00000, 0x0000000089b00000| Untracked 
| 156|0x0000000089c00000, 0x0000000089c00000, 0x0000000089d00000|  0%| F|  |TAMS 0x0000000089c00000, 0x0000000089c00000| Untracked 
| 157|0x0000000089d00000, 0x0000000089d00000, 0x0000000089e00000|  0%| F|  |TAMS 0x0000000089d00000, 0x0000000089d00000| Untracked 
| 158|0x0000000089e00000, 0x0000000089e00000, 0x0000000089f00000|  0%| F|  |TAMS 0x0000000089e00000, 0x0000000089e00000| Untracked 
| 159|0x0000000089f00000, 0x0000000089f00000, 0x000000008a000000|  0%| F|  |TAMS 0x0000000089f00000, 0x0000000089f00000| Untracked 
| 160|0x000000008a000000, 0x000000008a000000, 0x000000008a100000|  0%| F|  |TAMS 0x000000008a000000, 0x000000008a000000| Untracked 
| 161|0x000000008a100000, 0x000000008a100000, 0x000000008a200000|  0%| F|  |TAMS 0x000000008a100000, 0x000000008a100000| Untracked 
| 162|0x000000008a200000, 0x000000008a200000, 0x000000008a300000|  0%| F|  |TAMS 0x000000008a200000, 0x000000008a200000| Untracked 
| 163|0x000000008a300000, 0x000000008a300000, 0x000000008a400000|  0%| F|  |TAMS 0x000000008a300000, 0x000000008a300000| Untracked 
| 164|0x000000008a400000, 0x000000008a400000, 0x000000008a500000|  0%| F|  |TAMS 0x000000008a400000, 0x000000008a400000| Untracked 
| 165|0x000000008a500000, 0x000000008a500000, 0x000000008a600000|  0%| F|  |TAMS 0x000000008a500000, 0x000000008a500000| Untracked 
| 166|0x000000008a600000, 0x000000008a600000, 0x000000008a700000|  0%| F|  |TAMS 0x000000008a600000, 0x000000008a600000| Untracked 
| 167|0x000000008a700000, 0x000000008a700000, 0x000000008a800000|  0%| F|  |TAMS 0x000000008a700000, 0x000000008a700000| Untracked 
| 168|0x000000008a800000, 0x000000008a800000, 0x000000008a900000|  0%| F|  |TAMS 0x000000008a800000, 0x000000008a800000| Untracked 
| 169|0x000000008a900000, 0x000000008a900000, 0x000000008aa00000|  0%| F|  |TAMS 0x000000008a900000, 0x000000008a900000| Untracked 
| 170|0x000000008aa00000, 0x000000008aa00000, 0x000000008ab00000|  0%| F|  |TAMS 0x000000008aa00000, 0x000000008aa00000| Untracked 
| 171|0x000000008ab00000, 0x000000008ab00000, 0x000000008ac00000|  0%| F|  |TAMS 0x000000008ab00000, 0x000000008ab00000| Untracked 
| 172|0x000000008ac00000, 0x000000008ac00000, 0x000000008ad00000|  0%| F|  |TAMS 0x000000008ac00000, 0x000000008ac00000| Untracked 
| 173|0x000000008ad00000, 0x000000008ad00000, 0x000000008ae00000|  0%| F|  |TAMS 0x000000008ad00000, 0x000000008ad00000| Untracked 
| 174|0x000000008ae00000, 0x000000008ae00000, 0x000000008af00000|  0%| F|  |TAMS 0x000000008ae00000, 0x000000008ae00000| Untracked 
| 175|0x000000008af00000, 0x000000008af00000, 0x000000008b000000|  0%| F|  |TAMS 0x000000008af00000, 0x000000008af00000| Untracked 
| 176|0x000000008b000000, 0x000000008b000000, 0x000000008b100000|  0%| F|  |TAMS 0x000000008b000000, 0x000000008b000000| Untracked 
| 177|0x000000008b100000, 0x000000008b100000, 0x000000008b200000|  0%| F|  |TAMS 0x000000008b100000, 0x000000008b100000| Untracked 
| 178|0x000000008b200000, 0x000000008b200000, 0x000000008b300000|  0%| F|  |TAMS 0x000000008b200000, 0x000000008b200000| Untracked 
| 179|0x000000008b300000, 0x000000008b300000, 0x000000008b400000|  0%| F|  |TAMS 0x000000008b300000, 0x000000008b300000| Untracked 
| 180|0x000000008b400000, 0x000000008b400000, 0x000000008b500000|  0%| F|  |TAMS 0x000000008b400000, 0x000000008b400000| Untracked 
| 181|0x000000008b500000, 0x000000008b500000, 0x000000008b600000|  0%| F|  |TAMS 0x000000008b500000, 0x000000008b500000| Untracked 
| 182|0x000000008b600000, 0x000000008b600000, 0x000000008b700000|  0%| F|  |TAMS 0x000000008b600000, 0x000000008b600000| Untracked 
| 183|0x000000008b700000, 0x000000008b700000, 0x000000008b800000|  0%| F|  |TAMS 0x000000008b700000, 0x000000008b700000| Untracked 
| 184|0x000000008b800000, 0x000000008b800000, 0x000000008b900000|  0%| F|  |TAMS 0x000000008b800000, 0x000000008b800000| Untracked 
| 185|0x000000008b900000, 0x000000008b900000, 0x000000008ba00000|  0%| F|  |TAMS 0x000000008b900000, 0x000000008b900000| Untracked 
| 186|0x000000008ba00000, 0x000000008ba00000, 0x000000008bb00000|  0%| F|  |TAMS 0x000000008ba00000, 0x000000008ba00000| Untracked 
| 187|0x000000008bb00000, 0x000000008bb00000, 0x000000008bc00000|  0%| F|  |TAMS 0x000000008bb00000, 0x000000008bb00000| Untracked 
| 188|0x000000008bc00000, 0x000000008bc00000, 0x000000008bd00000|  0%| F|  |TAMS 0x000000008bc00000, 0x000000008bc00000| Untracked 
| 189|0x000000008bd00000, 0x000000008bd00000, 0x000000008be00000|  0%| F|  |TAMS 0x000000008bd00000, 0x000000008bd00000| Untracked 
| 190|0x000000008be00000, 0x000000008be00000, 0x000000008bf00000|  0%| F|  |TAMS 0x000000008be00000, 0x000000008be00000| Untracked 
| 191|0x000000008bf00000, 0x000000008bf00000, 0x000000008c000000|  0%| F|  |TAMS 0x000000008bf00000, 0x000000008bf00000| Untracked 
| 192|0x000000008c000000, 0x000000008c000000, 0x000000008c100000|  0%| F|  |TAMS 0x000000008c000000, 0x000000008c000000| Untracked 
| 193|0x000000008c100000, 0x000000008c100000, 0x000000008c200000|  0%| F|  |TAMS 0x000000008c100000, 0x000000008c100000| Untracked 
| 194|0x000000008c200000, 0x000000008c200000, 0x000000008c300000|  0%| F|  |TAMS 0x000000008c200000, 0x000000008c200000| Untracked 
| 195|0x000000008c300000, 0x000000008c300000, 0x000000008c400000|  0%| F|  |TAMS 0x000000008c300000, 0x000000008c300000| Untracked 
| 196|0x000000008c400000, 0x000000008c400000, 0x000000008c500000|  0%| F|  |TAMS 0x000000008c400000, 0x000000008c400000| Untracked 
| 197|0x000000008c500000, 0x000000008c500000, 0x000000008c600000|  0%| F|  |TAMS 0x000000008c500000, 0x000000008c500000| Untracked 
| 198|0x000000008c600000, 0x000000008c600000, 0x000000008c700000|  0%| F|  |TAMS 0x000000008c600000, 0x000000008c600000| Untracked 
| 199|0x000000008c700000, 0x000000008c700000, 0x000000008c800000|  0%| F|  |TAMS 0x000000008c700000, 0x000000008c700000| Untracked 
| 200|0x000000008c800000, 0x000000008c800000, 0x000000008c900000|  0%| F|  |TAMS 0x000000008c800000, 0x000000008c800000| Untracked 
| 201|0x000000008c900000, 0x000000008c900000, 0x000000008ca00000|  0%| F|  |TAMS 0x000000008c900000, 0x000000008c900000| Untracked 
| 202|0x000000008ca00000, 0x000000008ca00000, 0x000000008cb00000|  0%| F|  |TAMS 0x000000008ca00000, 0x000000008ca00000| Untracked 
| 203|0x000000008cb00000, 0x000000008cb00000, 0x000000008cc00000|  0%| F|  |TAMS 0x000000008cb00000, 0x000000008cb00000| Untracked 
| 204|0x000000008cc00000, 0x000000008cc00000, 0x000000008cd00000|  0%| F|  |TAMS 0x000000008cc00000, 0x000000008cc00000| Untracked 
| 205|0x000000008cd00000, 0x000000008cd00000, 0x000000008ce00000|  0%| F|  |TAMS 0x000000008cd00000, 0x000000008cd00000| Untracked 
| 206|0x000000008ce00000, 0x000000008ce00000, 0x000000008cf00000|  0%| F|  |TAMS 0x000000008ce00000, 0x000000008ce00000| Untracked 
| 207|0x000000008cf00000, 0x000000008cf00000, 0x000000008d000000|  0%| F|  |TAMS 0x000000008cf00000, 0x000000008cf00000| Untracked 
| 208|0x000000008d000000, 0x000000008d000000, 0x000000008d100000|  0%| F|  |TAMS 0x000000008d000000, 0x000000008d000000| Untracked 
| 209|0x000000008d100000, 0x000000008d100000, 0x000000008d200000|  0%| F|  |TAMS 0x000000008d100000, 0x000000008d100000| Untracked 
| 210|0x000000008d200000, 0x000000008d200000, 0x000000008d300000|  0%| F|  |TAMS 0x000000008d200000, 0x000000008d200000| Untracked 
| 211|0x000000008d300000, 0x000000008d300000, 0x000000008d400000|  0%| F|  |TAMS 0x000000008d300000, 0x000000008d300000| Untracked 
| 212|0x000000008d400000, 0x000000008d400000, 0x000000008d500000|  0%| F|  |TAMS 0x000000008d400000, 0x000000008d400000| Untracked 
| 213|0x000000008d500000, 0x000000008d500000, 0x000000008d600000|  0%| F|  |TAMS 0x000000008d500000, 0x000000008d500000| Untracked 
| 214|0x000000008d600000, 0x000000008d600000, 0x000000008d700000|  0%| F|  |TAMS 0x000000008d600000, 0x000000008d600000| Untracked 
| 215|0x000000008d700000, 0x000000008d700000, 0x000000008d800000|  0%| F|  |TAMS 0x000000008d700000, 0x000000008d700000| Untracked 
| 216|0x000000008d800000, 0x000000008d800000, 0x000000008d900000|  0%| F|  |TAMS 0x000000008d800000, 0x000000008d800000| Untracked 
| 217|0x000000008d900000, 0x000000008d900000, 0x000000008da00000|  0%| F|  |TAMS 0x000000008d900000, 0x000000008d900000| Untracked 
| 218|0x000000008da00000, 0x000000008da00000, 0x000000008db00000|  0%| F|  |TAMS 0x000000008da00000, 0x000000008da00000| Untracked 
| 219|0x000000008db00000, 0x000000008db00000, 0x000000008dc00000|  0%| F|  |TAMS 0x000000008db00000, 0x000000008db00000| Untracked 
| 220|0x000000008dc00000, 0x000000008dc00000, 0x000000008dd00000|  0%| F|  |TAMS 0x000000008dc00000, 0x000000008dc00000| Untracked 
| 221|0x000000008dd00000, 0x000000008dd00000, 0x000000008de00000|  0%| F|  |TAMS 0x000000008dd00000, 0x000000008dd00000| Untracked 
| 222|0x000000008de00000, 0x000000008de00000, 0x000000008df00000|  0%| F|  |TAMS 0x000000008de00000, 0x000000008de00000| Untracked 
| 223|0x000000008df00000, 0x000000008df00000, 0x000000008e000000|  0%| F|  |TAMS 0x000000008df00000, 0x000000008df00000| Untracked 
| 224|0x000000008e000000, 0x000000008e000000, 0x000000008e100000|  0%| F|  |TAMS 0x000000008e000000, 0x000000008e000000| Untracked 
| 225|0x000000008e100000, 0x000000008e100000, 0x000000008e200000|  0%| F|  |TAMS 0x000000008e100000, 0x000000008e100000| Untracked 
| 226|0x000000008e200000, 0x000000008e200000, 0x000000008e300000|  0%| F|  |TAMS 0x000000008e200000, 0x000000008e200000| Untracked 
| 227|0x000000008e300000, 0x000000008e300000, 0x000000008e400000|  0%| F|  |TAMS 0x000000008e300000, 0x000000008e300000| Untracked 
| 228|0x000000008e400000, 0x000000008e400000, 0x000000008e500000|  0%| F|  |TAMS 0x000000008e400000, 0x000000008e400000| Untracked 
| 229|0x000000008e500000, 0x000000008e500000, 0x000000008e600000|  0%| F|  |TAMS 0x000000008e500000, 0x000000008e500000| Untracked 
| 230|0x000000008e600000, 0x000000008e600000, 0x000000008e700000|  0%| F|  |TAMS 0x000000008e600000, 0x000000008e600000| Untracked 
| 231|0x000000008e700000, 0x000000008e700000, 0x000000008e800000|  0%| F|  |TAMS 0x000000008e700000, 0x000000008e700000| Untracked 
| 232|0x000000008e800000, 0x000000008e800000, 0x000000008e900000|  0%| F|  |TAMS 0x000000008e800000, 0x000000008e800000| Untracked 
| 233|0x000000008e900000, 0x000000008e900000, 0x000000008ea00000|  0%| F|  |TAMS 0x000000008e900000, 0x000000008e900000| Untracked 
| 234|0x000000008ea00000, 0x000000008ea00000, 0x000000008eb00000|  0%| F|  |TAMS 0x000000008ea00000, 0x000000008ea00000| Untracked 
| 235|0x000000008eb00000, 0x000000008eb00000, 0x000000008ec00000|  0%| F|  |TAMS 0x000000008eb00000, 0x000000008eb00000| Untracked 
| 236|0x000000008ec00000, 0x000000008ec00000, 0x000000008ed00000|  0%| F|  |TAMS 0x000000008ec00000, 0x000000008ec00000| Untracked 
| 237|0x000000008ed00000, 0x000000008ed00000, 0x000000008ee00000|  0%| F|  |TAMS 0x000000008ed00000, 0x000000008ed00000| Untracked 
| 238|0x000000008ee00000, 0x000000008ee00000, 0x000000008ef00000|  0%| F|  |TAMS 0x000000008ee00000, 0x000000008ee00000| Untracked 
| 239|0x000000008ef00000, 0x000000008ef00000, 0x000000008f000000|  0%| F|  |TAMS 0x000000008ef00000, 0x000000008ef00000| Untracked 
| 240|0x000000008f000000, 0x000000008f100000, 0x000000008f100000|100%| S|CS|TAMS 0x000000008f000000, 0x000000008f000000| Complete 
| 241|0x000000008f100000, 0x000000008f200000, 0x000000008f200000|100%| S|CS|TAMS 0x000000008f100000, 0x000000008f100000| Complete 
| 242|0x000000008f200000, 0x000000008f200000, 0x000000008f300000|  0%| F|  |TAMS 0x000000008f200000, 0x000000008f200000| Untracked 
| 243|0x000000008f300000, 0x000000008f300000, 0x000000008f400000|  0%| F|  |TAMS 0x000000008f300000, 0x000000008f300000| Untracked 

Card table byte_map: [0x000001cc79890000,0x000001cc79c90000] _byte_map_base: 0x000001cc79490000

Marking Bits (Prev, Next): (CMBitMap*) 0x000001cc64b9ed38, (CMBitMap*) 0x000001cc64b9ed70
 Prev Bits: [0x000001cc7a090000, 0x000001cc7c090000)
 Next Bits: [0x000001cc7c090000, 0x000001cc7e090000)

Polling page: 0x000001cc64a30000

Metaspace:

Usage:
  Non-class:     91.16 MB capacity,    89.62 MB ( 98%) used,     1.25 MB (  1%) free+waste,   295.06 KB ( <1%) overhead. 
      Class:     13.91 MB capacity,    13.01 MB ( 94%) used,   790.51 KB (  6%) free+waste,   131.00 KB ( <1%) overhead. 
       Both:    105.07 MB capacity,   102.63 MB ( 98%) used,     2.02 MB (  2%) free+waste,   426.06 KB ( <1%) overhead. 

Virtual space:
  Non-class space:       92.00 MB reserved,      91.20 MB (>99%) committed 
      Class space:        1.00 GB reserved,      14.00 MB (  1%) committed 
             Both:        1.09 GB reserved,     105.20 MB (  9%) committed 

Chunk freelists:
   Non-Class:  45.00 KB
       Class:  0 bytes
        Both:  45.00 KB

MaxMetaspaceSize: 17179869184.00 GB
CompressedClassSpaceSize: 1.00 GB

CodeHeap 'non-profiled nmethods': size=120064Kb used=6553Kb max_used=6553Kb free=113510Kb
 bounds [0x000001cc71920000, 0x000001cc71f90000, 0x000001cc78e60000]
CodeHeap 'profiled nmethods': size=120000Kb used=28643Kb max_used=28643Kb free=91356Kb
 bounds [0x000001cc6a3f0000, 0x000001cc6bff0000, 0x000001cc71920000]
CodeHeap 'non-nmethods': size=5696Kb used=2326Kb max_used=2368Kb free=3369Kb
 bounds [0x000001cc69e60000, 0x000001cc6a0d0000, 0x000001cc6a3f0000]
 total_blobs=14728 nmethods=13789 adapters=850
 compilation: enabled
              stopped_count=0, restarted_count=0
 full_count=0

Compilation events (20 events):
Event: 41.799 Thread 0x000001cc7e705000 14043       2       java.lang.invoke.VarHandleObjects$Array::runtimeTypeCheck (26 bytes)
Event: 41.800 Thread 0x000001cc7e705000 nmethod 14043 0x000001cc6bfdce90 code [0x000001cc6bfdd0c0, 0x000001cc6bfdd538]
Event: 41.809 Thread 0x000001cc7e705000 14044 %     3       com.android.tools.r8.dex.r::d @ 354 (507 bytes)
Event: 41.816 Thread 0x000001cc7e705000 nmethod 14044% 0x000001cc6bfdd890 code [0x000001cc6bfddec0, 0x000001cc6bfe23a8]
Event: 41.823 Thread 0x000001cc7e705000 14045       2       com.android.tools.r8.internal.cc1::<init> (107 bytes)
Event: 41.824 Thread 0x000001cc7e705000 nmethod 14045 0x000001cc6bfe4410 code [0x000001cc6bfe4660, 0x000001cc6bfe4d18]
Event: 41.830 Thread 0x000001cc7e705000 14046       2       com.android.tools.r8.graph.x::d (73 bytes)
Event: 41.832 Thread 0x000001cc7e705000 nmethod 14046 0x000001cc6bfe4f10 code [0x000001cc6bfe5140, 0x000001cc6bfe5658]
Event: 41.841 Thread 0x000001cc7e705000 14047       2       com.android.tools.r8.graph.D2::b (135 bytes)
Event: 41.843 Thread 0x000001cc7e705000 nmethod 14047 0x000001cc6bfe5a10 code [0x000001cc6bfe5c60, 0x000001cc6bfe6368]
Event: 41.846 Thread 0x000001cc7e705000 14048       2       com.android.tools.r8.code.c::<init> (7 bytes)
Event: 41.847 Thread 0x000001cc7e705000 nmethod 14048 0x000001cc6bfe6710 code [0x000001cc6bfe68c0, 0x000001cc6bfe6a18]
Event: 41.853 Thread 0x000001cc7e705000 14049   !   2       com.android.tools.r8.graph.W0::a (26 bytes)
Event: 41.853 Thread 0x000001cc7e705000 nmethod 14049 0x000001cc6bfe6b10 code [0x000001cc6bfe6d00, 0x000001cc6bfe7068]
Event: 42.049 Thread 0x000001cc7e705000 14050       2       com.android.tools.r8.dex.r::a (64 bytes)
Event: 42.051 Thread 0x000001cc7e705000 nmethod 14050 0x000001cc6bfe7310 code [0x000001cc6bfe75c0, 0x000001cc6bfe7ee8]
Event: 42.052 Thread 0x000001cc7e705000 14051       2       com.android.tools.r8.internal.v::put (10 bytes)
Event: 42.052 Thread 0x000001cc7e705000 nmethod 14051 0x000001cc6bfe8510 code [0x000001cc6bfe86e0, 0x000001cc6bfe88b8]
Event: 42.052 Thread 0x000001cc7e705000 14052       2       com.android.tools.r8.internal.v::a (29 bytes)
Event: 42.052 Thread 0x000001cc7e705000 nmethod 14052 0x000001cc6bfe8a10 code [0x000001cc6bfe8be0, 0x000001cc6bfe8d78]

GC Heap History (20 events):
Event: 29.820 GC heap after
{Heap after GC invocations=33 (full 0):
 garbage-first heap   total 199680K, used 99087K [0x0000000080000000, 0x0000000100000000)
  region size 1024K, 4 young (4096K), 4 survivors (4096K)
 Metaspace       used 86573K, capacity 88628K, committed 88908K, reserved 1126400K
  class space    used 11096K, capacity 11854K, committed 11904K, reserved 1048576K
}
Event: 30.646 GC heap before
{Heap before GC invocations=34 (full 0):
 garbage-first heap   total 199680K, used 155407K [0x0000000080000000, 0x0000000100000000)
  region size 1024K, 47 young (48128K), 4 survivors (4096K)
 Metaspace       used 87775K, capacity 89891K, committed 90060K, reserved 1128448K
  class space    used 11190K, capacity 11998K, committed 12032K, reserved 1048576K
}
Event: 30.666 GC heap after
{Heap after GC invocations=35 (full 0):
 garbage-first heap   total 199680K, used 99967K [0x0000000080000000, 0x0000000100000000)
  region size 1024K, 6 young (6144K), 6 survivors (6144K)
 Metaspace       used 87775K, capacity 89891K, committed 90060K, reserved 1128448K
  class space    used 11190K, capacity 11998K, committed 12032K, reserved 1048576K
}
Event: 32.096 GC heap before
{Heap before GC invocations=35 (full 0):
 garbage-first heap   total 199680K, used 146047K [0x0000000080000000, 0x0000000100000000)
  region size 1024K, 52 young (53248K), 6 survivors (6144K)
 Metaspace       used 90441K, capacity 92644K, committed 92876K, reserved 1130496K
  class space    used 11379K, capacity 12190K, committed 12288K, reserved 1048576K
}
Event: 32.191 GC heap after
{Heap after GC invocations=36 (full 0):
 garbage-first heap   total 199680K, used 103719K [0x0000000080000000, 0x0000000100000000)
  region size 1024K, 7 young (7168K), 7 survivors (7168K)
 Metaspace       used 90441K, capacity 92644K, committed 92876K, reserved 1130496K
  class space    used 11379K, capacity 12190K, committed 12288K, reserved 1048576K
}
Event: 34.546 GC heap before
{Heap before GC invocations=37 (full 0):
 garbage-first heap   total 199680K, used 150823K [0x0000000080000000, 0x0000000100000000)
  region size 1024K, 53 young (54272K), 7 survivors (7168K)
 Metaspace       used 92267K, capacity 94455K, committed 94796K, reserved 1132544K
  class space    used 11558K, capacity 12386K, committed 12416K, reserved 1048576K
}
Event: 34.565 GC heap after
{Heap after GC invocations=38 (full 0):
 garbage-first heap   total 249856K, used 104118K [0x0000000080000000, 0x0000000100000000)
  region size 1024K, 6 young (6144K), 6 survivors (6144K)
 Metaspace       used 92267K, capacity 94455K, committed 94796K, reserved 1132544K
  class space    used 11558K, capacity 12386K, committed 12416K, reserved 1048576K
}
Event: 34.746 GC heap before
{Heap before GC invocations=38 (full 0):
 garbage-first heap   total 249856K, used 109238K [0x0000000080000000, 0x0000000100000000)
  region size 1024K, 12 young (12288K), 6 survivors (6144K)
 Metaspace       used 92409K, capacity 94593K, committed 94796K, reserved 1132544K
  class space    used 11564K, capacity 12387K, committed 12416K, reserved 1048576K
}
Event: 34.768 GC heap after
{Heap after GC invocations=39 (full 0):
 garbage-first heap   total 249856K, used 98503K [0x0000000080000000, 0x0000000100000000)
  region size 1024K, 1 young (1024K), 1 survivors (1024K)
 Metaspace       used 92409K, capacity 94593K, committed 94796K, reserved 1132544K
  class space    used 11564K, capacity 12387K, committed 12416K, reserved 1048576K
}
Event: 36.128 GC heap before
{Heap before GC invocations=39 (full 0):
 garbage-first heap   total 249856K, used 168135K [0x0000000080000000, 0x0000000100000000)
  region size 1024K, 70 young (71680K), 1 survivors (1024K)
 Metaspace       used 96256K, capacity 98458K, committed 98636K, reserved 1134592K
  class space    used 12044K, capacity 12882K, committed 12928K, reserved 1048576K
}
Event: 36.140 GC heap after
{Heap after GC invocations=40 (full 0):
 garbage-first heap   total 249856K, used 100011K [0x0000000080000000, 0x0000000100000000)
  region size 1024K, 3 young (3072K), 3 survivors (3072K)
 Metaspace       used 96256K, capacity 98458K, committed 98636K, reserved 1134592K
  class space    used 12044K, capacity 12882K, committed 12928K, reserved 1048576K
}
Event: 38.141 GC heap before
{Heap before GC invocations=40 (full 0):
 garbage-first heap   total 249856K, used 176811K [0x0000000080000000, 0x0000000100000000)
  region size 1024K, 79 young (80896K), 3 survivors (3072K)
 Metaspace       used 98011K, capacity 100256K, committed 100300K, reserved 1136640K
  class space    used 12204K, capacity 13021K, committed 13056K, reserved 1048576K
}
Event: 38.164 GC heap after
{Heap after GC invocations=41 (full 0):
 garbage-first heap   total 249856K, used 107035K [0x0000000080000000, 0x0000000100000000)
  region size 1024K, 10 young (10240K), 10 survivors (10240K)
 Metaspace       used 98011K, capacity 100256K, committed 100300K, reserved 1136640K
  class space    used 12204K, capacity 13021K, committed 13056K, reserved 1048576K
}
Event: 40.128 GC heap before
{Heap before GC invocations=41 (full 0):
 garbage-first heap   total 249856K, used 197147K [0x0000000080000000, 0x0000000100000000)
  region size 1024K, 88 young (90112K), 10 survivors (10240K)
 Metaspace       used 102518K, capacity 104909K, committed 105164K, reserved 1140736K
  class space    used 12811K, capacity 13714K, committed 13824K, reserved 1048576K
}
Event: 40.164 GC heap after
{Heap after GC invocations=42 (full 0):
 garbage-first heap   total 249856K, used 117337K [0x0000000080000000, 0x0000000100000000)
  region size 1024K, 6 young (6144K), 6 survivors (6144K)
 Metaspace       used 102518K, capacity 104909K, committed 105164K, reserved 1140736K
  class space    used 12811K, capacity 13714K, committed 13824K, reserved 1048576K
}
Event: 40.197 GC heap before
{Heap before GC invocations=42 (full 0):
 garbage-first heap   total 249856K, used 118361K [0x0000000080000000, 0x0000000100000000)
  region size 1024K, 8 young (8192K), 6 survivors (6144K)
 Metaspace       used 102602K, capacity 104990K, committed 105164K, reserved 1140736K
  class space    used 12827K, capacity 13722K, committed 13824K, reserved 1048576K
}
Event: 40.213 GC heap after
{Heap after GC invocations=43 (full 0):
 garbage-first heap   total 249856K, used 117428K [0x0000000080000000, 0x0000000100000000)
  region size 1024K, 6 young (6144K), 6 survivors (6144K)
 Metaspace       used 102602K, capacity 104990K, committed 105164K, reserved 1140736K
  class space    used 12827K, capacity 13722K, committed 13824K, reserved 1048576K
}
Event: 41.860 GC heap before
{Heap before GC invocations=44 (full 0):
 garbage-first heap   total 249856K, used 187060K [0x0000000080000000, 0x0000000100000000)
  region size 1024K, 79 young (80896K), 6 survivors (6144K)
 Metaspace       used 105088K, capacity 107589K, committed 107724K, reserved 1142784K
  class space    used 13324K, capacity 14246K, committed 14336K, reserved 1048576K
}
Event: 42.005 GC heap after
{Heap after GC invocations=45 (full 0):
 garbage-first heap   total 249856K, used 141066K [0x0000000080000000, 0x0000000100000000)
  region size 1024K, 10 young (10240K), 10 survivors (10240K)
 Metaspace       used 105088K, capacity 107589K, committed 107724K, reserved 1142784K
  class space    used 13324K, capacity 14246K, committed 14336K, reserved 1048576K
}
Event: 42.057 GC heap before
{Heap before GC invocations=45 (full 0):
 garbage-first heap   total 249856K, used 143114K [0x0000000080000000, 0x0000000100000000)
  region size 1024K, 12 young (12288K), 10 survivors (10240K)
 Metaspace       used 105090K, capacity 107589K, committed 107724K, reserved 1142784K
  class space    used 13324K, capacity 14246K, committed 14336K, reserved 1048576K
}

Deoptimization events (20 events):
Event: 40.832 Thread 0x000001cc08b51800 DEOPT PACKING pc=0x000001cc6be29df6 sp=0x00000061a15fcff0
Event: 40.832 Thread 0x000001cc08b51800 DEOPT UNPACKING pc=0x000001cc69e86d5e sp=0x00000061a15fc510 mode 0
Event: 41.212 Thread 0x000001cc08b53000 DEOPT PACKING pc=0x000001cc6beae347 sp=0x00000061a17fe720
Event: 41.212 Thread 0x000001cc08b53000 DEOPT UNPACKING pc=0x000001cc69e86d5e sp=0x00000061a17fdb88 mode 0
Event: 41.226 Thread 0x000001cc08b50000 DEOPT PACKING pc=0x000001cc6beae347 sp=0x00000061a0efe600
Event: 41.226 Thread 0x000001cc08b50000 DEOPT UNPACKING pc=0x000001cc69e86d5e sp=0x00000061a0efda68 mode 0
Event: 41.252 Thread 0x000001cc08b4c800 DEOPT PACKING pc=0x000001cc6beae347 sp=0x00000061a16fe9c0
Event: 41.252 Thread 0x000001cc08b4c800 DEOPT UNPACKING pc=0x000001cc69e86d5e sp=0x00000061a16fde28 mode 0
Event: 41.351 Thread 0x000001cc08b54000 DEOPT PACKING pc=0x000001cc6bedd788 sp=0x00000061a18fe6a0
Event: 41.352 Thread 0x000001cc08b54000 DEOPT UNPACKING pc=0x000001cc69e86d5e sp=0x00000061a18fdcd8 mode 0
Event: 41.475 Thread 0x000001cc08b4c800 DEOPT PACKING pc=0x000001cc6becd2f5 sp=0x00000061a16fe5f0
Event: 41.475 Thread 0x000001cc08b4c800 DEOPT UNPACKING pc=0x000001cc69e86d5e sp=0x00000061a16fe1e0 mode 0
Event: 41.501 Thread 0x000001cc08b54000 DEOPT PACKING pc=0x000001cc6becd2f5 sp=0x00000061a18fdef0
Event: 41.501 Thread 0x000001cc08b54000 DEOPT UNPACKING pc=0x000001cc69e86d5e sp=0x00000061a18fdae0 mode 0
Event: 41.556 Thread 0x000001cc08b50000 DEOPT PACKING pc=0x000001cc6bef8139 sp=0x00000061a0efe630
Event: 41.556 Thread 0x000001cc08b50000 DEOPT UNPACKING pc=0x000001cc69e86d5e sp=0x00000061a0efdcf0 mode 0
Event: 41.684 Thread 0x000001cc08b4c800 DEOPT PACKING pc=0x000001cc6bf98b7e sp=0x00000061a16fe7b0
Event: 41.685 Thread 0x000001cc08b4c800 DEOPT UNPACKING pc=0x000001cc69e86d5e sp=0x00000061a16fdd30 mode 0
Event: 41.775 Thread 0x000001cc08b4c800 DEOPT PACKING pc=0x000001cc6bfa94db sp=0x00000061a16feb50
Event: 41.775 Thread 0x000001cc08b4c800 DEOPT UNPACKING pc=0x000001cc69e86d5e sp=0x00000061a16fe0a8 mode 0

Classes redefined (0 events):
No events

Internal exceptions (20 events):
Event: 38.283 Thread 0x000001cc0342f000 Exception <a 'java/lang/NoSuchMethodError'{0x000000008ec6ad20}: <clinit>> (0x000000008ec6ad20) thrown at [./src/hotspot/share/prims/jni.cpp, line 1362]
Event: 38.286 Thread 0x000001cc0342f000 Exception <a 'java/lang/NoSuchMethodError'{0x000000008ec84540}: <clinit>> (0x000000008ec84540) thrown at [./src/hotspot/share/prims/jni.cpp, line 1362]
Event: 38.441 Thread 0x000001cc08b48800 Exception <a 'java/lang/NoSuchMethodError'{0x000000008e453f08}: 'void java.lang.invoke.DirectMethodHandle$Holder.invokeStatic(java.lang.Object, long)'> (0x000000008e453f08) thrown at [./src/hotspot/share/interpreter/linkResolver.cpp, line 773]
Event: 38.442 Thread 0x000001cc08b48800 Exception <a 'java/lang/NoSuchMethodError'{0x000000008e459120}: 'java.lang.Object java.lang.invoke.DirectMethodHandle$Holder.invokeStatic(java.lang.Object, long)'> (0x000000008e459120) thrown at [./src/hotspot/share/interpreter/linkResolver.cpp, line 773]
Event: 38.445 Thread 0x000001cc08b48800 Exception <a 'java/lang/NoSuchMethodError'{0x000000008e4673b8}: 'java.lang.Object java.lang.invoke.DirectMethodHandle$Holder.invokeStaticInit(java.lang.Object, java.lang.Object, long, java.lang.Object)'> (0x000000008e4673b8) thrown at [./src/hotspot/share/interpreter/linkResolver.cpp, line 773]
Event: 38.446 Thread 0x000001cc08b48800 Exception <a 'java/lang/NoSuchMethodError'{0x000000008e46d550}: 'java.lang.Object java.lang.invoke.DirectMethodHandle$Holder.invokeStatic(java.lang.Object, java.lang.Object, long)'> (0x000000008e46d550) thrown at [./src/hotspot/share/interpreter/linkResolver.cpp, line 773]
Event: 38.455 Thread 0x000001cc08b48800 Exception <a 'java/lang/NoSuchMethodError'{0x000000008e473ac8}: 'java.lang.Object java.lang.invoke.Invokers$Holder.linkToTargetMethod(java.lang.Object, long, java.lang.Object)'> (0x000000008e473ac8) thrown at [./src/hotspot/share/interpreter/linkResolver.cpp, line 773]
Event: 38.463 Thread 0x000001cc08b4b000 Exception <a 'java/lang/NoSuchMethodError'{0x000000008e00d088}: 'java.lang.Object java.lang.invoke.DirectMethodHandle$Holder.invokeVirtual(java.lang.Object, java.lang.Object, int)'> (0x000000008e00d088) thrown at [./src/hotspot/share/interpreter/linkResolver.cpp, line 773]
Event: 39.049 Thread 0x000001cc08b48800 Exception <a 'java/lang/NoSuchMethodError'{0x000000008ba89c68}: 'int java.lang.invoke.DirectMethodHandle$Holder.invokeSpecialIFC(java.lang.Object, java.lang.Object, java.lang.Object)'> (0x000000008ba89c68) thrown at [./src/hotspot/share/interpreter/linkResolver.cpp, line 773]
Event: 39.112 Thread 0x000001cc08b51800 Exception <a 'sun/nio/fs/WindowsException'{0x000000008b7bb870}> (0x000000008b7bb870) thrown at [./src/hotspot/share/prims/jni.cpp, line 615]
Event: 39.530 Thread 0x000001cc06f48000 Exception <a 'sun/nio/fs/WindowsException'{0x000000008ab22300}> (0x000000008ab22300) thrown at [./src/hotspot/share/prims/jni.cpp, line 615]
Event: 39.531 Thread 0x000001cc06f48000 Exception <a 'sun/nio/fs/WindowsException'{0x000000008ab231a0}> (0x000000008ab231a0) thrown at [./src/hotspot/share/prims/jni.cpp, line 615]
Event: 39.531 Thread 0x000001cc06f48000 Exception <a 'sun/nio/fs/WindowsException'{0x000000008ab23498}> (0x000000008ab23498) thrown at [./src/hotspot/share/prims/jni.cpp, line 615]
Event: 39.604 Thread 0x000001cc06f48000 Exception <a 'sun/nio/fs/WindowsException'{0x000000008aa1c770}> (0x000000008aa1c770) thrown at [./src/hotspot/share/prims/jni.cpp, line 615]
Event: 39.606 Thread 0x000001cc06f48000 Exception <a 'sun/nio/fs/WindowsException'{0x000000008aa1d630}> (0x000000008aa1d630) thrown at [./src/hotspot/share/prims/jni.cpp, line 615]
Event: 40.179 Thread 0x000001cc08b51800 Exception <a 'java/lang/NoSuchMethodError'{0x000000008f320a58}: 'java.lang.Object java.lang.invoke.DirectMethodHandle$Holder.invokeStaticInit(java.lang.Object, java.lang.Object, java.lang.Object, java.lang.Object, java.lang.Object, java.lang.Object, java.lang.Object, java.lang.Object, java.lang.Object, java.lang.Object, java.lang.Object, java.lang.Object, java.lang.Object, java.lang.Object, java.lang.Object, java.lang.Object, java.lang.Object, java.lang.Object, int, java.lang.Object, java.lang.Object)'> (0
Event: 40.922 Thread 0x000001cc08b54000 Exception <a 'java/lang/IncompatibleClassChangeError'{0x000000008cbc5b60}: Found class java.lang.Object, but interface was expected> (0x000000008cbc5b60) thrown at [./src/hotspot/share/interpreter/linkResolver.cpp, line 839]
Event: 40.988 Thread 0x000001cc08b53000 Exception <a 'java/lang/NoSuchMethodError'{0x000000008caf2430}: 'java.lang.Object java.lang.invoke.DirectMethodHandle$Holder.newInvokeSpecial(java.lang.Object, int)'> (0x000000008caf2430) thrown at [./src/hotspot/share/interpreter/linkResolver.cpp, line 773]
Event: 41.143 Thread 0x000001cc08b4c800 Exception <a 'java/lang/IncompatibleClassChangeError'{0x000000008c91c638}: Found class java.lang.Object, but interface was expected> (0x000000008c91c638) thrown at [./src/hotspot/share/interpreter/linkResolver.cpp, line 839]
Event: 41.146 Thread 0x000001cc08b4c800 Exception <a 'java/lang/IncompatibleClassChangeError'{0x000000008c6cb858}: Found class java.lang.Object, but interface was expected> (0x000000008c6cb858) thrown at [./src/hotspot/share/interpreter/linkResolver.cpp, line 839]

Events (20 events):
Event: 41.279 loading class com/android/tools/r8/internal/Sc1 done
Event: 41.280 loading class com/android/tools/r8/internal/ac1
Event: 41.280 loading class com/android/tools/r8/internal/ac1 done
Event: 41.281 loading class com/android/tools/r8/graph/P0
Event: 41.281 loading class com/android/tools/r8/graph/P0 done
Event: 41.282 loading class com/android/tools/r8/graph/D2
Event: 41.282 loading class com/android/tools/r8/graph/D2 done
Event: 41.282 loading class com/android/tools/r8/graph/D2
Event: 41.282 loading class com/android/tools/r8/graph/D2 done
Event: 41.283 loading class com/android/tools/r8/graph/D2
Event: 41.283 loading class com/android/tools/r8/graph/D2 done
Event: 41.283 loading class com/android/tools/r8/internal/Yb1
Event: 41.283 loading class com/android/tools/r8/internal/Yb1 done
Event: 41.284 loading class com/android/tools/r8/internal/dc1
Event: 41.284 loading class com/android/tools/r8/internal/dc1 done
Event: 41.292 loading class com/android/tools/r8/internal/GP0
Event: 41.292 loading class com/android/tools/r8/internal/GP0 done
Event: 41.859 Executing VM operation: G1CollectForAllocation
Event: 42.005 Executing VM operation: G1CollectForAllocation done
Event: 42.057 Executing VM operation: G1CollectForAllocation


Dynamic libraries:
0x00007ff705a10000 - 0x00007ff705a1a000 	C:\Program Files\Android\Android Studio\jre\bin\java.exe
0x00007fff379d0000 - 0x00007fff37bc5000 	C:\Windows\SYSTEM32\ntdll.dll
0x00007fff35c30000 - 0x00007fff35cee000 	C:\Windows\System32\KERNEL32.DLL
0x00007fff35470000 - 0x00007fff35738000 	C:\Windows\System32\KERNELBASE.dll
0x00007fff351b0000 - 0x00007fff352b0000 	C:\Windows\System32\ucrtbase.dll
0x00007fff2ae00000 - 0x00007fff2ae19000 	C:\Program Files\Android\Android Studio\jre\bin\jli.dll
0x00007fff2ade0000 - 0x00007fff2adf7000 	C:\Program Files\Android\Android Studio\jre\bin\VCRUNTIME140.dll
0x00007fff37270000 - 0x00007fff37411000 	C:\Windows\System32\USER32.dll
0x00007fff350e0000 - 0x00007fff35102000 	C:\Windows\System32\win32u.dll
0x00007fff26ba0000 - 0x00007fff26e3a000 	C:\Windows\WinSxS\amd64_microsoft.windows.common-controls_6595b64144ccf1df_6.0.19041.1110_none_60b5254171f9507e\COMCTL32.dll
0x00007fff35f30000 - 0x00007fff35f5b000 	C:\Windows\System32\GDI32.dll
0x00007fff37420000 - 0x00007fff374be000 	C:\Windows\System32\msvcrt.dll
0x00007fff35360000 - 0x00007fff3546d000 	C:\Windows\System32\gdi32full.dll
0x00007fff35110000 - 0x00007fff351ad000 	C:\Windows\System32\msvcp_win.dll
0x00007fff374d0000 - 0x00007fff37500000 	C:\Windows\System32\IMM32.DLL
0x00007fff270b0000 - 0x00007fff2714d000 	C:\Program Files\Android\Android Studio\jre\bin\msvcp140.dll
0x00007fff0aee0000 - 0x00007fff0b9b5000 	C:\Program Files\Android\Android Studio\jre\bin\server\jvm.dll
0x00007fff371c0000 - 0x00007fff3726c000 	C:\Windows\System32\ADVAPI32.dll
0x00007fff35f80000 - 0x00007fff3601b000 	C:\Windows\System32\sechost.dll
0x00007fff376b0000 - 0x00007fff377da000 	C:\Windows\System32\RPCRT4.dll
0x00007fff376a0000 - 0x00007fff376a8000 	C:\Windows\System32\PSAPI.DLL
0x00007fff30ec0000 - 0x00007fff30ec9000 	C:\Windows\SYSTEM32\WSOCK32.dll
0x00007fff23e10000 - 0x00007fff23e37000 	C:\Windows\SYSTEM32\WINMM.dll
0x00007fff251b0000 - 0x00007fff251ba000 	C:\Windows\SYSTEM32\VERSION.dll
0x00007fff37630000 - 0x00007fff3769b000 	C:\Windows\System32\WS2_32.dll
0x00007fff33180000 - 0x00007fff33192000 	C:\Windows\SYSTEM32\kernel.appcore.dll
0x00007fff30230000 - 0x00007fff30241000 	C:\Program Files\Android\Android Studio\jre\bin\verify.dll
0x00007fff23290000 - 0x00007fff23474000 	C:\Windows\SYSTEM32\DBGHELP.DLL
0x00007fff23260000 - 0x00007fff2328c000 	C:\Windows\SYSTEM32\dbgcore.DLL
0x00007fff35740000 - 0x00007fff357c2000 	C:\Windows\System32\bcryptPrimitives.dll
0x00007fff2fd30000 - 0x00007fff2fd59000 	C:\Program Files\Android\Android Studio\jre\bin\java.dll
0x00007fff301f0000 - 0x00007fff301fb000 	C:\Program Files\Android\Android Studio\jre\bin\jimage.dll
0x00007fff2fce0000 - 0x00007fff2fcf8000 	C:\Program Files\Android\Android Studio\jre\bin\zip.dll
0x00007fff36020000 - 0x00007fff36764000 	C:\Windows\System32\SHELL32.dll
0x00007fff33380000 - 0x00007fff33b14000 	C:\Windows\SYSTEM32\windows.storage.dll
0x00007fff36c60000 - 0x00007fff36fb5000 	C:\Windows\System32\combase.dll
0x00007fff34a60000 - 0x00007fff34a8e000 	C:\Windows\SYSTEM32\Wldp.dll
0x00007fff35ad0000 - 0x00007fff35b7d000 	C:\Windows\System32\SHCORE.dll
0x00007fff35a70000 - 0x00007fff35ac5000 	C:\Windows\System32\shlwapi.dll
0x00007fff35020000 - 0x00007fff3503f000 	C:\Windows\SYSTEM32\profapi.dll
0x00007fff2f9d0000 - 0x00007fff2f9ea000 	C:\Program Files\Android\Android Studio\jre\bin\net.dll
0x00007fff2b640000 - 0x00007fff2b74c000 	C:\Windows\SYSTEM32\WINHTTP.dll
0x00007fff347c0000 - 0x00007fff3482a000 	C:\Windows\system32\mswsock.dll
0x00007fff2f320000 - 0x00007fff2f334000 	C:\Program Files\Android\Android Studio\jre\bin\nio.dll
0x00007fff26ea0000 - 0x00007fff26ec7000 	C:\Users\Admin\.gradle\native\e1d6ef7f7dcc3fd88c89a11ec53ec762bb8ba0a96d01ffa2cd45eb1d1d8dd5c5\windows-amd64\native-platform.dll
0x00007fff1f100000 - 0x00007fff1f244000 	C:\Users\Admin\.gradle\native\5664cfc778a61ccfe75a443a1ab52a65af34e5dc3c78e0209fed803814484fcb\windows-amd64\native-platform-file-events.dll
0x00007fff2fd20000 - 0x00007fff2fd2a000 	C:\Program Files\Android\Android Studio\jre\bin\management.dll
0x00007fff2fcd0000 - 0x00007fff2fcdd000 	C:\Program Files\Android\Android Studio\jre\bin\management_ext.dll
0x00007fff349c0000 - 0x00007fff349d8000 	C:\Windows\SYSTEM32\CRYPTSP.dll
0x00007fff342f0000 - 0x00007fff34324000 	C:\Windows\system32\rsaenh.dll
0x00007fff35880000 - 0x00007fff358a7000 	C:\Windows\System32\bcrypt.dll
0x00007fff34fa0000 - 0x00007fff34fce000 	C:\Windows\SYSTEM32\USERENV.dll
0x00007fff349b0000 - 0x00007fff349bc000 	C:\Windows\SYSTEM32\CRYPTBASE.dll
0x00007fff344b0000 - 0x00007fff344eb000 	C:\Windows\SYSTEM32\IPHLPAPI.DLL
0x00007fff36c50000 - 0x00007fff36c58000 	C:\Windows\System32\NSI.dll
0x00007fff2de80000 - 0x00007fff2de97000 	C:\Windows\SYSTEM32\dhcpcsvc6.DLL
0x00007fff2de30000 - 0x00007fff2de4d000 	C:\Windows\SYSTEM32\dhcpcsvc.DLL
0x00007fff344f0000 - 0x00007fff345bb000 	C:\Windows\SYSTEM32\DNSAPI.dll
0x00007fff33f80000 - 0x00007fff33fb3000 	C:\Windows\SYSTEM32\ntmarta.dll

dbghelp: loaded successfully - version: 4.0.5 - missing functions: none
symbol engine: initialized successfully - sym options: 0x614 - pdb path: .;C:\Program Files\Android\Android Studio\jre\bin;C:\Windows\SYSTEM32;C:\Windows\WinSxS\amd64_microsoft.windows.common-controls_6595b64144ccf1df_6.0.19041.1110_none_60b5254171f9507e;C:\Program Files\Android\Android Studio\jre\bin\server;C:\Users\Admin\.gradle\native\e1d6ef7f7dcc3fd88c89a11ec53ec762bb8ba0a96d01ffa2cd45eb1d1d8dd5c5\windows-amd64;C:\Users\Admin\.gradle\native\5664cfc778a61ccfe75a443a1ab52a65af34e5dc3c78e0209fed803814484fcb\windows-amd64

VM Arguments:
jvm_args: --add-opens=java.base/java.util=ALL-UNNAMED --add-opens=java.base/java.lang=ALL-UNNAMED --add-opens=java.base/java.lang.invoke=ALL-UNNAMED --add-opens=java.base/java.util=ALL-UNNAMED --add-opens=java.prefs/java.util.prefs=ALL-UNNAMED --add-opens=java.prefs/java.util.prefs=ALL-UNNAMED --add-opens=java.base/java.nio.charset=ALL-UNNAMED --add-opens=java.base/java.net=ALL-UNNAMED --add-opens=java.base/java.util.concurrent.atomic=ALL-UNNAMED -Xmx2048m -Dfile.encoding=UTF-8 -Duser.country=US -Duser.language=en -Duser.variant 
java_command: org.gradle.launcher.daemon.bootstrap.GradleDaemon 7.2
java_class_path (initial): C:\Users\Admin\.gradle\wrapper\dists\gradle-7.2-bin\2dnblmf4td7x66yl1d74lt32g\gradle-7.2\lib\gradle-launcher-7.2.jar
Launcher Type: SUN_STANDARD

[Global flags]
     intx CICompilerCount                          = 3                                         {product} {ergonomic}
     uint ConcGCThreads                            = 1                                         {product} {ergonomic}
     uint G1ConcRefinementThreads                  = 4                                         {product} {ergonomic}
   size_t G1HeapRegionSize                         = 1048576                                   {product} {ergonomic}
    uintx GCDrainStackTargetSize                   = 64                                        {product} {ergonomic}
   size_t InitialHeapSize                          = 67108864                                  {product} {ergonomic}
   size_t MarkStackSize                            = 4194304                                   {product} {ergonomic}
   size_t MaxHeapSize                              = 2147483648                                {product} {command line}
   size_t MaxNewSize                               = 1287651328                                {product} {ergonomic}
   size_t MinHeapDeltaBytes                        = 1048576                                   {product} {ergonomic}
    uintx NonNMethodCodeHeapSize                   = 5830732                                {pd product} {ergonomic}
    uintx NonProfiledCodeHeapSize                  = 122913754                              {pd product} {ergonomic}
    uintx ProfiledCodeHeapSize                     = 122913754                              {pd product} {ergonomic}
    uintx ReservedCodeCacheSize                    = 251658240                              {pd product} {ergonomic}
     bool SegmentedCodeCache                       = true                                      {product} {ergonomic}
     bool UseCompressedClassPointers               = true                                 {lp64_product} {ergonomic}
     bool UseCompressedOops                        = true                                 {lp64_product} {ergonomic}
     bool UseG1GC                                  = true                                      {product} {ergonomic}
     bool UseLargePagesIndividualAllocation        = false                                  {pd product} {ergonomic}

Logging:
Log output configuration:
 #0: stdout all=warning uptime,level,tags
 #1: stderr all=off uptime,level,tags

Environment Variables:
PATH=C:\Program Files (x86)\VMware\VMware Player\bin\;C:\Windows\system32;C:\Windows;C:\Windows\System32\Wbem;C:\Windows\System32\WindowsPowerShell\v1.0\;C:\Windows\System32\OpenSSH\;C:\Program Files\dotnet\;C:\Users\Admin\AppData\Local\Microsoft\WindowsApps;C:\Users\Admin\.dotnet\tools
USERNAME=Admin
OS=Windows_NT
PROCESSOR_IDENTIFIER=Intel64 Family 6 Model 42 Stepping 7, GenuineIntel



---------------  S Y S T E M  ---------------

OS: Windows 10 , 64 bit Build 19041 (10.0.19041.1348)
OS uptime: 0 days 3:10 hours

CPU:total 4 (initial active 4) (2 cores per cpu, 2 threads per core) family 6 model 42 stepping 7 microcode 0x2f, cmov, cx8, fxsr, mmx, sse, sse2, sse3, ssse3, sse4.1, sse4.2, popcnt, avx, clmul, ht, tsc, tscinvbit

Memory: 4k page, system-wide physical 4004M (219M free)
TotalPageFile size 4004M (AvailPageFile size 62M)
current process WorkingSet (physical memory assigned to process): 418M, peak: 481M
current process commit charge ("private bytes"): 556M, peak: 648M

vm_info: OpenJDK 64-Bit Server VM (11.0.11+9-b60-7590822) for windows-amd64 JRE (11.0.11+9-b60-7590822), built on Jul 29 2021 21:43:44 by "builder" with MS VC++ 14.0 (VS2015)

END.
