#
# There is insufficient memory for the Java Runtime Environment to continue.
# Native memory allocation (mmap) failed to map 13631488 bytes for Failed to commit area from 0x0000000084000000 to 0x0000000084d00000 of length 13631488.
# Possible reasons:
#   The system is out of physical RAM or swap space
#   The process is running with CompressedOops enabled, and the Java Heap may be blocking the growth of the native heap
# Possible solutions:
#   Reduce memory load on the system
#   Increase physical memory or swap space
#   Check if swap backing store is full
#   Decrease Java heap size (-Xmx/-Xms)
#   Decrease number of Java threads
#   Decrease Java thread stack sizes (-Xss)
#   Set larger code cache with -XX:ReservedCodeCacheSize=
#   JVM is running with Unscaled Compressed Oops mode in which the Java heap is
#     placed in the first 4GB address space. The Java Heap base address is the
#     maximum limit for the native heap growth. Please use -XX:HeapBaseMinAddress
#     to set the Java Heap base and to place the Java Heap above 4GB virtual address.
# This output file may be truncated or incomplete.
#
#  Out of Memory Error (./src/hotspot/os/windows/os_windows.cpp:3301), pid=4640, tid=5064
#
# JRE version: OpenJDK Runtime Environment (11.0.11+9) (build 11.0.11+9-b60-7590822)
# Java VM: OpenJDK 64-Bit Server VM (11.0.11+9-b60-7590822, mixed mode, tiered, compressed oops, g1 gc, windows-amd64)
# No core dump will be written. Minidumps are not enabled by default on client versions of Windows
#

---------------  S U M M A R Y ------------

Command Line: --add-opens=java.base/java.util=ALL-UNNAMED --add-opens=java.base/java.lang=ALL-UNNAMED --add-opens=java.base/java.lang.invoke=ALL-UNNAMED --add-opens=java.base/java.util=ALL-UNNAMED --add-opens=java.prefs/java.util.prefs=ALL-UNNAMED --add-opens=java.prefs/java.util.prefs=ALL-UNNAMED --add-opens=java.base/java.nio.charset=ALL-UNNAMED --add-opens=java.base/java.net=ALL-UNNAMED --add-opens=java.base/java.util.concurrent.atomic=ALL-UNNAMED -Xmx2048m -Dfile.encoding=UTF-8 -Duser.country=US -Duser.language=en -Duser.variant org.gradle.launcher.daemon.bootstrap.GradleDaemon 7.2

Host: Intel(R) Core(TM) i3-2330M CPU @ 2.20GHz, 4 cores, 3G,  Windows 10 , 64 bit Build 19041 (10.0.19041.1348)
Time: Sat Mar 26 17:12:03 2022 SE Asia Standard Time elapsed time: 4.168872 seconds (0d 0h 0m 4s)

---------------  T H R E A D  ---------------

Current thread (0x000002a22a780000):  VMThread "VM Thread" [stack: 0x000000f0d6900000,0x000000f0d6a00000] [id=5064]

Stack: [0x000000f0d6900000,0x000000f0d6a00000]
[error occurred during error reporting (printing stack bounds), id 0xc0000005, EXCEPTION_ACCESS_VIOLATION (0xc0000005) at pc=0x000002a2146e0f2d]

Native frames: (J=compiled Java code, j=interpreted, Vv=VM code, C=native code)
V  [jvm.dll+0x5f214a]
V  [jvm.dll+0x726fb5]
V  [jvm.dll+0x7285cd]
V  [jvm.dll+0x728be5]
V  [jvm.dll+0x728b9b]
V  [jvm.dll+0x5f14e8]
V  [jvm.dll+0x5f1c78]
C  [ntdll.dll+0xa20cf]
C  [ntdll.dll+0x51454]
C  [ntdll.dll+0xa0bfe]
C  0x000002a2146e0f2d

VM_Operation (0x000000f0d7bf9c80): G1CollectForAllocation, mode: safepoint, requested by thread 0x000002a22d2e9800


---------------  P R O C E S S  ---------------

Threads class SMR info:
_java_thread_list=0x000002a22bad1f80, length=20, elements={
0x000002a20ec1e000, 0x000002a22a787000, 0x000002a22a793000, 0x000002a22a7e1800,
0x000002a22a7e4000, 0x000002a22a7e6800, 0x000002a22a7eb000, 0x000002a22a7f0800,
0x000002a22a7f2000, 0x000002a22b25d000, 0x000002a22caa0800, 0x000002a22c93e800,
0x000002a22cb80800, 0x000002a22d2ee800, 0x000002a22cac3800, 0x000002a22cc24000,
0x000002a22d2e9800, 0x000002a22c085000, 0x000002a22cbd7000, 0x000002a22cef0800
}

Java Threads: ( => current thread )
  0x000002a20ec1e000 JavaThread "main" [_thread_blocked, id=4344, stack(0x000000f0d6300000,0x000000f0d6400000)]
  0x000002a22a787000 JavaThread "Reference Handler" daemon [_thread_blocked, id=3672, stack(0x000000f0d6a00000,0x000000f0d6b00000)]
  0x000002a22a793000 JavaThread "Finalizer" daemon [_thread_blocked, id=1984, stack(0x000000f0d6b00000,0x000000f0d6c00000)]
  0x000002a22a7e1800 JavaThread "Signal Dispatcher" daemon [_thread_blocked, id=5048, stack(0x000000f0d6c00000,0x000000f0d6d00000)]
  0x000002a22a7e4000 JavaThread "Attach Listener" daemon [_thread_blocked, id=4744, stack(0x000000f0d6d00000,0x000000f0d6e00000)]
  0x000002a22a7e6800 JavaThread "Service Thread" daemon [_thread_blocked, id=3592, stack(0x000000f0d6e00000,0x000000f0d6f00000)]
  0x000002a22a7eb000 JavaThread "C2 CompilerThread0" daemon [_thread_blocked, id=5780, stack(0x000000f0d6f00000,0x000000f0d7000000)]
  0x000002a22a7f0800 JavaThread "C1 CompilerThread0" daemon [_thread_blocked, id=5952, stack(0x000000f0d7000000,0x000000f0d7100000)]
  0x000002a22a7f2000 JavaThread "Sweeper thread" daemon [_thread_blocked, id=5416, stack(0x000000f0d7100000,0x000000f0d7200000)]
  0x000002a22b25d000 JavaThread "Common-Cleaner" daemon [_thread_blocked, id=4176, stack(0x000000f0d7200000,0x000000f0d7300000)]
  0x000002a22caa0800 JavaThread "Daemon health stats" [_thread_blocked, id=2920, stack(0x000000f0d7500000,0x000000f0d7600000)]
  0x000002a22c93e800 JavaThread "Incoming local TCP Connector on port 56854" [_thread_in_native, id=2400, stack(0x000000f0d7600000,0x000000f0d7700000)]
  0x000002a22cb80800 JavaThread "Daemon periodic checks" [_thread_blocked, id=5660, stack(0x000000f0d7700000,0x000000f0d7800000)]
  0x000002a22d2ee800 JavaThread "Daemon" [_thread_blocked, id=1404, stack(0x000000f0d7800000,0x000000f0d7900000)]
  0x000002a22cac3800 JavaThread "Handler for socket connection from /127.0.0.1:56854 to /127.0.0.1:56855" [_thread_in_native, id=4000, stack(0x000000f0d7900000,0x000000f0d7a00000)]
  0x000002a22cc24000 JavaThread "Cancel handler" [_thread_blocked, id=3088, stack(0x000000f0d7a00000,0x000000f0d7b00000)]
  0x000002a22d2e9800 JavaThread "Daemon worker" [_thread_blocked, id=6032, stack(0x000000f0d7b00000,0x000000f0d7c00000)]
  0x000002a22c085000 JavaThread "Asynchronous log dispatcher for DefaultDaemonConnection: socket connection from /127.0.0.1:56854 to /127.0.0.1:56855" [_thread_blocked, id=4732, stack(0x000000f0d7c00000,0x000000f0d7d00000)]
  0x000002a22cbd7000 JavaThread "Stdin handler" [_thread_blocked, id=1732, stack(0x000000f0d7d00000,0x000000f0d7e00000)]
  0x000002a22cef0800 JavaThread "Daemon client event forwarder" [_thread_blocked, id=4924, stack(0x000000f0d7e00000,0x000000f0d7f00000)]

Other Threads:
=>0x000002a22a780000 VMThread "VM Thread" [stack: 0x000000f0d6900000,0x000000f0d6a00000] [id=5064]
  0x000002a22b26e800 WatcherThread [stack: 0x000000f0d7300000,0x000000f0d7400000] [id=2676]
  0x000002a210bf1800 GCTaskThread "GC Thread#0" [stack: 0x000000f0d6400000,0x000000f0d6500000] [id=5364]
  0x000002a22b45f800 GCTaskThread "GC Thread#1" [stack: 0x000000f0d7400000,0x000000f0d7500000] [id=1852]
  0x000002a22cbba000 GCTaskThread "GC Thread#2" [stack: 0x000000f0d7f00000,0x000000f0d8000000] [id=3736]
  0x000002a22c508800 GCTaskThread "GC Thread#3" [stack: 0x000000f0d8000000,0x000000f0d8100000] [id=3540]
  0x000002a210c22800 ConcurrentGCThread "G1 Main Marker" [stack: 0x000000f0d6500000,0x000000f0d6600000] [id=3648]
  0x000002a210c24000 ConcurrentGCThread "G1 Conc#0" [stack: 0x000000f0d6600000,0x000000f0d6700000] [id=5108]
  0x000002a210c7d000 ConcurrentGCThread "G1 Refine#0" [stack: 0x000000f0d6700000,0x000000f0d6800000] [id=3628]
  0x000002a210c7e000 ConcurrentGCThread "G1 Young RemSet Sampling" [stack: 0x000000f0d6800000,0x000000f0d6900000] [id=5388]

Threads with active compile tasks:
C2 CompilerThread0   4188 1827       4       java.lang.AbstractStringBuilder::append (77 bytes)

VM state:at safepoint (normal execution)

VM Mutex/Monitor currently owned by a thread:  ([mutex/lock_event])
[0x000002a20ec1bac0] Threads_lock - owner thread: 0x000002a22a780000
[0x000002a20ec1a200] Heap_lock - owner thread: 0x000002a22d2e9800

Heap address: 0x0000000080000000, size: 2048 MB, Compressed Oops mode: 32-bit
Narrow klass base: 0x0000000000000000, Narrow klass shift: 3
Compressed class space size: 1073741824 Address: 0x0000000100000000

Heap:
 garbage-first heap   total 78848K, used 16934K [0x0000000080000000, 0x0000000100000000)
  region size 1024K, 2 young (2048K), 2 survivors (2048K)
 Metaspace       used 18449K, capacity 18800K, committed 19072K, reserved 1067008K
  class space    used 2202K, capacity 2318K, committed 2432K, reserved 1048576K
Heap Regions: E=young(eden), S=young(survivor), O=old, HS=humongous(starts), HC=humongous(continues), CS=collection set, F=free, A=archive, TAMS=top-at-mark-start (previous, next)
|   0|0x0000000080000000, 0x0000000080100000, 0x0000000080100000|100%| O|  |TAMS 0x0000000080000000, 0x0000000080000000| Untracked 
|   1|0x0000000080100000, 0x0000000080200000, 0x0000000080200000|100%| O|  |TAMS 0x0000000080100000, 0x0000000080100000| Untracked 
|   2|0x0000000080200000, 0x0000000080300000, 0x0000000080300000|100%| O|  |TAMS 0x0000000080200000, 0x0000000080200000| Untracked 
|   3|0x0000000080300000, 0x0000000080400000, 0x0000000080400000|100%|HS|  |TAMS 0x0000000080300000, 0x0000000080300000| Complete 
|   4|0x0000000080400000, 0x0000000080500000, 0x0000000080500000|100%|HC|  |TAMS 0x0000000080400000, 0x0000000080400000| Complete 
|   5|0x0000000080500000, 0x0000000080600000, 0x0000000080600000|100%|HC|  |TAMS 0x0000000080500000, 0x0000000080500000| Complete 
|   6|0x0000000080600000, 0x0000000080700000, 0x0000000080700000|100%| O|  |TAMS 0x0000000080600000, 0x0000000080600000| Untracked 
|   7|0x0000000080700000, 0x0000000080800000, 0x0000000080800000|100%| O|  |TAMS 0x0000000080700000, 0x0000000080700000| Untracked 
|   8|0x0000000080800000, 0x0000000080900000, 0x0000000080900000|100%| O|  |TAMS 0x0000000080800000, 0x0000000080800000| Untracked 
|   9|0x0000000080900000, 0x0000000080a00000, 0x0000000080a00000|100%| O|  |TAMS 0x0000000080900000, 0x0000000080900000| Untracked 
|  10|0x0000000080a00000, 0x0000000080b00000, 0x0000000080b00000|100%| O|  |TAMS 0x0000000080a00000, 0x0000000080a00000| Untracked 
|  11|0x0000000080b00000, 0x0000000080c00000, 0x0000000080c00000|100%| O|  |TAMS 0x0000000080b00000, 0x0000000080b00000| Untracked 
|  12|0x0000000080c00000, 0x0000000080d00000, 0x0000000080d00000|100%| O|  |TAMS 0x0000000080c00000, 0x0000000080c00000| Untracked 
|  13|0x0000000080d00000, 0x0000000080e00000, 0x0000000080e00000|100%| O|  |TAMS 0x0000000080d00000, 0x0000000080d00000| Untracked 
|  14|0x0000000080e00000, 0x0000000080ed5400, 0x0000000080f00000| 83%| O|  |TAMS 0x0000000080e00000, 0x0000000080e00000| Untracked 
|  15|0x0000000080f00000, 0x0000000080f00000, 0x0000000081000000|  0%| F|  |TAMS 0x0000000080f00000, 0x0000000080f00000| Untracked 
|  16|0x0000000081000000, 0x0000000081000000, 0x0000000081100000|  0%| F|  |TAMS 0x0000000081000000, 0x0000000081000000| Untracked 
|  17|0x0000000081100000, 0x0000000081100000, 0x0000000081200000|  0%| F|  |TAMS 0x0000000081100000, 0x0000000081100000| Untracked 
|  18|0x0000000081200000, 0x0000000081200000, 0x0000000081300000|  0%| F|  |TAMS 0x0000000081200000, 0x0000000081200000| Untracked 
|  19|0x0000000081300000, 0x0000000081300000, 0x0000000081400000|  0%| F|  |TAMS 0x0000000081300000, 0x0000000081300000| Untracked 
|  20|0x0000000081400000, 0x0000000081400000, 0x0000000081500000|  0%| F|  |TAMS 0x0000000081400000, 0x0000000081400000| Untracked 
|  21|0x0000000081500000, 0x0000000081500000, 0x0000000081600000|  0%| F|  |TAMS 0x0000000081500000, 0x0000000081500000| Untracked 
|  22|0x0000000081600000, 0x0000000081600000, 0x0000000081700000|  0%| F|  |TAMS 0x0000000081600000, 0x0000000081600000| Untracked 
|  23|0x0000000081700000, 0x0000000081700000, 0x0000000081800000|  0%| F|  |TAMS 0x0000000081700000, 0x0000000081700000| Untracked 
|  24|0x0000000081800000, 0x0000000081800000, 0x0000000081900000|  0%| F|  |TAMS 0x0000000081800000, 0x0000000081800000| Untracked 
|  25|0x0000000081900000, 0x0000000081900000, 0x0000000081a00000|  0%| F|  |TAMS 0x0000000081900000, 0x0000000081900000| Untracked 
|  26|0x0000000081a00000, 0x0000000081a00000, 0x0000000081b00000|  0%| F|  |TAMS 0x0000000081a00000, 0x0000000081a00000| Untracked 
|  27|0x0000000081b00000, 0x0000000081b00000, 0x0000000081c00000|  0%| F|  |TAMS 0x0000000081b00000, 0x0000000081b00000| Untracked 
|  28|0x0000000081c00000, 0x0000000081c00000, 0x0000000081d00000|  0%| F|  |TAMS 0x0000000081c00000, 0x0000000081c00000| Untracked 
|  29|0x0000000081d00000, 0x0000000081d00000, 0x0000000081e00000|  0%| F|  |TAMS 0x0000000081d00000, 0x0000000081d00000| Untracked 
|  30|0x0000000081e00000, 0x0000000081e00000, 0x0000000081f00000|  0%| F|  |TAMS 0x0000000081e00000, 0x0000000081e00000| Untracked 
|  31|0x0000000081f00000, 0x0000000081f00000, 0x0000000082000000|  0%| F|  |TAMS 0x0000000081f00000, 0x0000000081f00000| Untracked 
|  32|0x0000000082000000, 0x0000000082000000, 0x0000000082100000|  0%| F|  |TAMS 0x0000000082000000, 0x0000000082000000| Untracked 
|  33|0x0000000082100000, 0x0000000082100000, 0x0000000082200000|  0%| F|  |TAMS 0x0000000082100000, 0x0000000082100000| Untracked 
|  34|0x0000000082200000, 0x0000000082200000, 0x0000000082300000|  0%| F|  |TAMS 0x0000000082200000, 0x0000000082200000| Untracked 
|  35|0x0000000082300000, 0x0000000082300000, 0x0000000082400000|  0%| F|  |TAMS 0x0000000082300000, 0x0000000082300000| Untracked 
|  36|0x0000000082400000, 0x0000000082400000, 0x0000000082500000|  0%| F|  |TAMS 0x0000000082400000, 0x0000000082400000| Untracked 
|  37|0x0000000082500000, 0x00000000825b47d0, 0x0000000082600000| 70%| S|CS|TAMS 0x0000000082500000, 0x0000000082500000| Complete 
|  38|0x0000000082600000, 0x0000000082700000, 0x0000000082700000|100%| S|CS|TAMS 0x0000000082600000, 0x0000000082600000| Complete 
|  39|0x0000000082700000, 0x0000000082700000, 0x0000000082800000|  0%| F|  |TAMS 0x0000000082700000, 0x0000000082700000| Untracked 
|  40|0x0000000082800000, 0x0000000082800000, 0x0000000082900000|  0%| F|  |TAMS 0x0000000082800000, 0x0000000082800000| Untracked 
|  41|0x0000000082900000, 0x0000000082900000, 0x0000000082a00000|  0%| F|  |TAMS 0x0000000082900000, 0x0000000082900000| Untracked 
|  42|0x0000000082a00000, 0x0000000082a00000, 0x0000000082b00000|  0%| F|  |TAMS 0x0000000082a00000, 0x0000000082a00000| Untracked 
|  43|0x0000000082b00000, 0x0000000082b00000, 0x0000000082c00000|  0%| F|  |TAMS 0x0000000082b00000, 0x0000000082b00000| Untracked 
|  44|0x0000000082c00000, 0x0000000082c00000, 0x0000000082d00000|  0%| F|  |TAMS 0x0000000082c00000, 0x0000000082c00000| Untracked 
|  45|0x0000000082d00000, 0x0000000082d00000, 0x0000000082e00000|  0%| F|  |TAMS 0x0000000082d00000, 0x0000000082d00000| Untracked 
|  46|0x0000000082e00000, 0x0000000082e00000, 0x0000000082f00000|  0%| F|  |TAMS 0x0000000082e00000, 0x0000000082e00000| Untracked 
|  47|0x0000000082f00000, 0x0000000082f00000, 0x0000000083000000|  0%| F|  |TAMS 0x0000000082f00000, 0x0000000082f00000| Untracked 
|  48|0x0000000083000000, 0x0000000083000000, 0x0000000083100000|  0%| F|  |TAMS 0x0000000083000000, 0x0000000083000000| Untracked 
|  49|0x0000000083100000, 0x0000000083100000, 0x0000000083200000|  0%| F|  |TAMS 0x0000000083100000, 0x0000000083100000| Untracked 
|  50|0x0000000083200000, 0x0000000083200000, 0x0000000083300000|  0%| F|  |TAMS 0x0000000083200000, 0x0000000083200000| Untracked 
|  51|0x0000000083300000, 0x0000000083300000, 0x0000000083400000|  0%| F|  |TAMS 0x0000000083300000, 0x0000000083300000| Untracked 
|  52|0x0000000083400000, 0x0000000083400000, 0x0000000083500000|  0%| F|  |TAMS 0x0000000083400000, 0x0000000083400000| Untracked 
|  53|0x0000000083500000, 0x0000000083500000, 0x0000000083600000|  0%| F|  |TAMS 0x0000000083500000, 0x0000000083500000| Untracked 
|  54|0x0000000083600000, 0x0000000083600000, 0x0000000083700000|  0%| F|  |TAMS 0x0000000083600000, 0x0000000083600000| Untracked 
|  55|0x0000000083700000, 0x0000000083700000, 0x0000000083800000|  0%| F|  |TAMS 0x0000000083700000, 0x0000000083700000| Untracked 
|  56|0x0000000083800000, 0x0000000083800000, 0x0000000083900000|  0%| F|  |TAMS 0x0000000083800000, 0x0000000083800000| Untracked 
|  57|0x0000000083900000, 0x0000000083900000, 0x0000000083a00000|  0%| F|  |TAMS 0x0000000083900000, 0x0000000083900000| Untracked 
|  58|0x0000000083a00000, 0x0000000083a00000, 0x0000000083b00000|  0%| F|  |TAMS 0x0000000083a00000, 0x0000000083a00000| Untracked 
|  59|0x0000000083b00000, 0x0000000083b00000, 0x0000000083c00000|  0%| F|  |TAMS 0x0000000083b00000, 0x0000000083b00000| Untracked 
|  60|0x0000000083c00000, 0x0000000083c00000, 0x0000000083d00000|  0%| F|  |TAMS 0x0000000083c00000, 0x0000000083c00000| Untracked 
|  61|0x0000000083d00000, 0x0000000083d00000, 0x0000000083e00000|  0%| F|  |TAMS 0x0000000083d00000, 0x0000000083d00000| Untracked 
|  62|0x0000000083e00000, 0x0000000083e00000, 0x0000000083f00000|  0%| F|  |TAMS 0x0000000083e00000, 0x0000000083e00000| Untracked 
|  63|0x0000000083f00000, 0x0000000083f00000, 0x0000000084000000|  0%| F|  |TAMS 0x0000000083f00000, 0x0000000083f00000| Untracked 

Card table byte_map: [0x000002a223ae0000,0x000002a223ee0000] _byte_map_base: 0x000002a2236e0000

Marking Bits (Prev, Next): (CMBitMap*) 0x000002a210c19bb8, (CMBitMap*) 0x000002a210c19bf0
 Prev Bits: [0x000002a2242e0000, 0x000002a2262e0000)
 Next Bits: [0x000002a2262e0000, 0x000002a2282e0000)

Polling page: 0x000002a20ea80000

Metaspace:

Usage:
  Non-class:     16.10 MB capacity,    15.87 MB ( 99%) used,   203.70 KB (  1%) free+waste,    30.94 KB ( <1%) overhead. 
      Class:      2.26 MB capacity,     2.15 MB ( 95%) used,   100.33 KB (  4%) free+waste,    15.25 KB ( <1%) overhead. 
       Both:     18.36 MB capacity,    18.02 MB ( 98%) used,   304.02 KB (  2%) free+waste,    46.19 KB ( <1%) overhead. 

Virtual space:
  Non-class space:       18.00 MB reserved,      16.25 MB ( 90%) committed 
      Class space:        1.00 GB reserved,       2.38 MB ( <1%) committed 
             Both:        1.02 GB reserved,      18.63 MB (  2%) committed 

Chunk freelists:
   Non-Class:  30.00 KB
       Class:  18.00 KB
        Both:  48.00 KB

MaxMetaspaceSize: 17179869184.00 GB
CompressedClassSpaceSize: 1.00 GB

CodeHeap 'non-profiled nmethods': size=120064Kb used=748Kb max_used=748Kb free=119316Kb
 bounds [0x000002a21c1a0000, 0x000002a21c410000, 0x000002a2236e0000]
CodeHeap 'profiled nmethods': size=120000Kb used=3795Kb max_used=3795Kb free=116204Kb
 bounds [0x000002a214c70000, 0x000002a215030000, 0x000002a21c1a0000]
CodeHeap 'non-nmethods': size=5696Kb used=1131Kb max_used=1147Kb free=4564Kb
 bounds [0x000002a2146e0000, 0x000002a214950000, 0x000002a214c70000]
 total_blobs=2279 nmethods=1814 adapters=377
 compilation: enabled
              stopped_count=0, restarted_count=0
 full_count=0

Compilation events (20 events):
Event: 4.070 Thread 0x000002a22a7f0800 nmethod 1817 0x000002a215022e10 code [0x000002a215022fc0, 0x000002a215023148]
Event: 4.070 Thread 0x000002a22a7f0800 1819       1       org.gradle.internal.service.DefaultServiceRegistry::access$1700 (5 bytes)
Event: 4.070 Thread 0x000002a22a7f0800 nmethod 1819 0x000002a21c259a10 code [0x000002a21c259bc0, 0x000002a21c259c58]
Event: 4.070 Thread 0x000002a22a7f0800 1818       1       org.gradle.internal.service.AbstractServiceMethod::getParameterTypes (5 bytes)
Event: 4.071 Thread 0x000002a22a7f0800 nmethod 1818 0x000002a21c259d10 code [0x000002a21c259ec0, 0x000002a21c259f78]
Event: 4.072 Thread 0x000002a22a7eb000 1820   !   4       java.util.zip.Inflater::inflate (418 bytes)
Event: 4.083 Thread 0x000002a22a7eb000 nmethod 1820 0x000002a21c25a010 code [0x000002a21c25a1e0, 0x000002a21c25a958]
Event: 4.115 Thread 0x000002a22a7f0800 1821       3       jdk.internal.org.objectweb.asm.Label::resolve (214 bytes)
Event: 4.115 Thread 0x000002a22a7f0800 nmethod 1821 0x000002a215023210 code [0x000002a215023400, 0x000002a2150238b8]
Event: 4.117 Thread 0x000002a22a7f0800 1822       3       sun.reflect.generics.parser.SignatureParser::mark (9 bytes)
Event: 4.118 Thread 0x000002a22a7f0800 nmethod 1822 0x000002a215023b90 code [0x000002a215023d40, 0x000002a215023e38]
Event: 4.118 Thread 0x000002a22a7f0800 1823       3       sun.reflect.generics.parser.SignatureParser::markToCurrent (16 bytes)
Event: 4.118 Thread 0x000002a22a7f0800 nmethod 1823 0x000002a215023f10 code [0x000002a2150240c0, 0x000002a215024208]
Event: 4.124 Thread 0x000002a22a7f0800 1824       3       com.google.common.collect.Hashing::smear (19 bytes)
Event: 4.124 Thread 0x000002a22a7f0800 nmethod 1824 0x000002a215024310 code [0x000002a2150244c0, 0x000002a215024638]
Event: 4.124 Thread 0x000002a22a7f0800 1825       3       java.lang.Integer::rotateLeft (9 bytes)
Event: 4.124 Thread 0x000002a22a7f0800 nmethod 1825 0x000002a215024710 code [0x000002a2150248c0, 0x000002a2150249b8]
Event: 4.142 Thread 0x000002a22a7f0800 1826       3       java.lang.invoke.MethodHandles$Lookup::<init> (15 bytes)
Event: 4.143 Thread 0x000002a22a7f0800 nmethod 1826 0x000002a215024a90 code [0x000002a215024c40, 0x000002a215024df8]
Event: 4.152 Thread 0x000002a22a7eb000 1827       4       java.lang.AbstractStringBuilder::append (77 bytes)

GC Heap History (9 events):
Event: 0.828 GC heap before
{Heap before GC invocations=0 (full 0):
 garbage-first heap   total 65536K, used 19456K [0x0000000080000000, 0x0000000100000000)
  region size 1024K, 14 young (14336K), 0 survivors (0K)
 Metaspace       used 6724K, capacity 6921K, committed 7168K, reserved 1056768K
  class space    used 582K, capacity 650K, committed 768K, reserved 1048576K
}
Event: 0.835 GC heap after
{Heap after GC invocations=1 (full 0):
 garbage-first heap   total 65536K, used 7895K [0x0000000080000000, 0x0000000100000000)
  region size 1024K, 2 young (2048K), 2 survivors (2048K)
 Metaspace       used 6724K, capacity 6921K, committed 7168K, reserved 1056768K
  class space    used 582K, capacity 650K, committed 768K, reserved 1048576K
}
Event: 1.316 GC heap before
{Heap before GC invocations=1 (full 0):
 garbage-first heap   total 65536K, used 19159K [0x0000000080000000, 0x0000000100000000)
  region size 1024K, 13 young (13312K), 2 survivors (2048K)
 Metaspace       used 9861K, capacity 10050K, committed 10112K, reserved 1058816K
  class space    used 1028K, capacity 1102K, committed 1152K, reserved 1048576K
}
Event: 1.323 GC heap after
{Heap after GC invocations=2 (full 0):
 garbage-first heap   total 65536K, used 9431K [0x0000000080000000, 0x0000000100000000)
  region size 1024K, 2 young (2048K), 2 survivors (2048K)
 Metaspace       used 9861K, capacity 10050K, committed 10112K, reserved 1058816K
  class space    used 1028K, capacity 1102K, committed 1152K, reserved 1048576K
}
Event: 1.861 GC heap before
{Heap before GC invocations=2 (full 0):
 garbage-first heap   total 65536K, used 31959K [0x0000000080000000, 0x0000000100000000)
  region size 1024K, 25 young (25600K), 2 survivors (2048K)
 Metaspace       used 10816K, capacity 11005K, committed 11264K, reserved 1058816K
  class space    used 1131K, capacity 1207K, committed 1280K, reserved 1048576K
}
Event: 1.868 GC heap after
{Heap after GC invocations=3 (full 0):
 garbage-first heap   total 65536K, used 9966K [0x0000000080000000, 0x0000000100000000)
  region size 1024K, 2 young (2048K), 2 survivors (2048K)
 Metaspace       used 10816K, capacity 11005K, committed 11264K, reserved 1058816K
  class space    used 1131K, capacity 1207K, committed 1280K, reserved 1048576K
}
Event: 2.446 GC heap before
{Heap before GC invocations=3 (full 0):
 garbage-first heap   total 65536K, used 37614K [0x0000000080000000, 0x0000000100000000)
  region size 1024K, 29 young (29696K), 2 survivors (2048K)
 Metaspace       used 12322K, capacity 12615K, committed 12800K, reserved 1060864K
  class space    used 1347K, capacity 1445K, committed 1536K, reserved 1048576K
}
Event: 2.460 GC heap after
{Heap after GC invocations=4 (full 0):
 garbage-first heap   total 65536K, used 15050K [0x0000000080000000, 0x0000000100000000)
  region size 1024K, 4 young (4096K), 4 survivors (4096K)
 Metaspace       used 12322K, capacity 12615K, committed 12800K, reserved 1060864K
  class space    used 1347K, capacity 1445K, committed 1536K, reserved 1048576K
}
Event: 4.153 GC heap before
{Heap before GC invocations=4 (full 0):
 garbage-first heap   total 65536K, used 39626K [0x0000000080000000, 0x0000000100000000)
  region size 1024K, 29 young (29696K), 4 survivors (4096K)
 Metaspace       used 18449K, capacity 18800K, committed 19072K, reserved 1067008K
  class space    used 2202K, capacity 2318K, committed 2432K, reserved 1048576K
}

Deoptimization events (20 events):
Event: 3.109 Thread 0x000002a20ec1e000 Uncommon trap: trap_request=0xffffff4d fr.pc=0x000002a21c1edf98 relative=0x0000000000001a58
Event: 3.109 Thread 0x000002a20ec1e000 Uncommon trap: reason=unstable_if action=reinterpret pc=0x000002a21c1edf98 method=java.io.WinNTFileSystem.normalize(Ljava/lang/String;)Ljava/lang/String; @ 128 c2
Event: 3.109 Thread 0x000002a20ec1e000 DEOPT PACKING pc=0x000002a21c1edf98 sp=0x000000f0d63fc1f0
Event: 3.109 Thread 0x000002a20ec1e000 DEOPT UNPACKING pc=0x000002a2147065af sp=0x000000f0d63fc1c8 mode 2
Event: 3.606 Thread 0x000002a20ec1e000 Uncommon trap: trap_request=0xffffffc6 fr.pc=0x000002a21c207724 relative=0x0000000000000084
Event: 3.606 Thread 0x000002a20ec1e000 Uncommon trap: reason=bimorphic_or_optimized_type_check action=maybe_recompile pc=0x000002a21c207724 method=java.util.AbstractList$Itr.hasNext()Z @ 8 c2
Event: 3.606 Thread 0x000002a20ec1e000 DEOPT PACKING pc=0x000002a21c207724 sp=0x000000f0d63fdd00
Event: 3.606 Thread 0x000002a20ec1e000 DEOPT UNPACKING pc=0x000002a2147065af sp=0x000000f0d63fdc98 mode 2
Event: 3.606 Thread 0x000002a20ec1e000 Uncommon trap: trap_request=0xffffffc6 fr.pc=0x000002a21c207af4 relative=0x0000000000000134
Event: 3.606 Thread 0x000002a20ec1e000 Uncommon trap: reason=bimorphic_or_optimized_type_check action=maybe_recompile pc=0x000002a21c207af4 method=java.util.AbstractList$Itr.next()Ljava/lang/Object; @ 14 c2
Event: 3.606 Thread 0x000002a20ec1e000 DEOPT PACKING pc=0x000002a21c207af4 sp=0x000000f0d63fdcf0
Event: 3.606 Thread 0x000002a20ec1e000 DEOPT UNPACKING pc=0x000002a2147065af sp=0x000000f0d63fdc88 mode 2
Event: 3.740 Thread 0x000002a22c93e800 Uncommon trap: trap_request=0xffffffc6 fr.pc=0x000002a21c207724 relative=0x0000000000000084
Event: 3.740 Thread 0x000002a22c93e800 Uncommon trap: reason=bimorphic_or_optimized_type_check action=maybe_recompile pc=0x000002a21c207724 method=java.util.AbstractList$Itr.hasNext()Z @ 8 c2
Event: 3.740 Thread 0x000002a22c93e800 DEOPT PACKING pc=0x000002a21c207724 sp=0x000000f0d76fe740
Event: 3.740 Thread 0x000002a22c93e800 DEOPT UNPACKING pc=0x000002a2147065af sp=0x000000f0d76fe6d8 mode 2
Event: 3.740 Thread 0x000002a22c93e800 Uncommon trap: trap_request=0xffffffc6 fr.pc=0x000002a21c207af4 relative=0x0000000000000134
Event: 3.740 Thread 0x000002a22c93e800 Uncommon trap: reason=bimorphic_or_optimized_type_check action=maybe_recompile pc=0x000002a21c207af4 method=java.util.AbstractList$Itr.next()Ljava/lang/Object; @ 14 c2
Event: 3.740 Thread 0x000002a22c93e800 DEOPT PACKING pc=0x000002a21c207af4 sp=0x000000f0d76fe730
Event: 3.740 Thread 0x000002a22c93e800 DEOPT UNPACKING pc=0x000002a2147065af sp=0x000000f0d76fe6c8 mode 2

Classes redefined (0 events):
No events

Internal exceptions (17 events):
Event: 0.377 Thread 0x000002a20ec1e000 Exception <a 'java/lang/NoSuchMethodError'{0x0000000083d11e98}: 'int java.lang.invoke.DirectMethodHandle$Holder.invokeStaticInit(java.lang.Object, java.lang.Object)'> (0x0000000083d11e98) thrown at [./src/hotspot/share/interpreter/linkResolver.cpp, line 773]
Event: 0.440 Thread 0x000002a20ec1e000 Exception <a 'java/lang/NoSuchMethodError'{0x0000000083dd5d00}: 'int java.lang.invoke.DirectMethodHandle$Holder.invokeSpecial(java.lang.Object, java.lang.Object, java.lang.Object, java.lang.Object)'> (0x0000000083dd5d00) thrown at [./src/hotspot/share/interpreter/linkResolver.cpp, line 773]
Event: 0.450 Thread 0x000002a20ec1e000 Exception <a 'java/lang/NoSuchMethodError'{0x0000000083c0ce58}: 'int java.lang.invoke.DirectMethodHandle$Holder.invokeSpecialIFC(java.lang.Object, java.lang.Object, int)'> (0x0000000083c0ce58) thrown at [./src/hotspot/share/interpreter/linkResolver.cpp, line 773]
Event: 0.854 Thread 0x000002a20ec1e000 Exception <a 'java/lang/NoClassDefFoundError'{0x0000000083fac248}: org/slf4j/impl/StaticMarkerBinder> (0x0000000083fac248) thrown at [./src/hotspot/share/classfile/systemDictionary.cpp, line 220]
Event: 0.980 Thread 0x000002a20ec1e000 Exception <a 'java/lang/NoSuchMethodError'{0x0000000083b18128}: 'java.lang.Object java.lang.invoke.DirectMethodHandle$Holder.invokeVirtual(java.lang.Object, java.lang.Object, java.lang.Object, java.lang.Object, java.lang.Object, java.lang.Object, java.lang.Object)'> (0x0000000083b18128) thrown at [./src/hotspot/share/interpreter/linkResolver.cpp, line 773]
Event: 0.986 Thread 0x000002a20ec1e000 Exception <a 'java/lang/NoSuchMethodError'{0x0000000083b2cbb0}: 'java.lang.Object java.lang.invoke.Invokers$Holder.invoker(java.lang.Object, java.lang.Object, java.lang.Object)'> (0x0000000083b2cbb0) thrown at [./src/hotspot/share/interpreter/linkResolver.cpp, line 773]
Event: 0.994 Thread 0x000002a20ec1e000 Exception <a 'java/lang/NoSuchMethodError'{0x0000000083b3dc28}: 'void java.lang.invoke.DelegatingMethodHandle$Holder.delegate(java.lang.Object, java.lang.Object, int, java.lang.Object)'> (0x0000000083b3dc28) thrown at [./src/hotspot/share/interpreter/linkResolver.cpp, line 773]
Event: 2.034 Thread 0x000002a20ec1e000 Exception <a 'java/security/PrivilegedActionException'{0x00000000835483c0}> (0x00000000835483c0) thrown at [./src/hotspot/share/prims/jvm.cpp, line 1306]
Event: 2.034 Thread 0x000002a20ec1e000 Exception <a 'java/security/PrivilegedActionException'{0x0000000083548938}> (0x0000000083548938) thrown at [./src/hotspot/share/prims/jvm.cpp, line 1306]
Event: 2.551 Thread 0x000002a20ec1e000 Exception <a 'java/lang/NoSuchMethodError'{0x0000000083f5c618}: 'java.lang.Object java.lang.invoke.DirectMethodHandle$Holder.invokeStaticInit(java.lang.Object, java.lang.Object, java.lang.Object)'> (0x0000000083f5c618) thrown at [./src/hotspot/share/interpreter/linkResolver.cpp, line 773]
Event: 2.856 Thread 0x000002a20ec1e000 Exception <a 'java/lang/NoSuchMethodError'{0x0000000083991758}: 'java.lang.Object java.lang.invoke.DirectMethodHandle$Holder.invokeStaticInit(java.lang.Object, int, int, int, int)'> (0x0000000083991758) thrown at [./src/hotspot/share/interpreter/linkResolver.cpp, line 773]
Event: 3.121 Thread 0x000002a20ec1e000 Exception <a 'java/lang/NoSuchMethodError'{0x00000000839bef48}: 'java.lang.Object java.lang.invoke.DirectMethodHandle$Holder.invokeStaticInit(java.lang.Object, java.lang.Object, int, int, int, int)'> (0x00000000839bef48) thrown at [./src/hotspot/share/interpreter/linkResolver.cpp, line 773]
Event: 3.732 Thread 0x000002a20ec1e000 Exception <a 'java/io/IOException'{0x00000000837c83d0}> (0x00000000837c83d0) thrown at [./src/hotspot/share/prims/jni.cpp, line 615]
Event: 3.901 Thread 0x000002a22d2e9800 Exception <a 'java/lang/NoSuchMethodError'{0x00000000832e1780}: 'void java.lang.invoke.DirectMethodHandle$Holder.invokeVirtual(java.lang.Object, java.lang.Object, java.lang.Object, java.lang.Object)'> (0x00000000832e1780) thrown at [./src/hotspot/share/interpreter/linkResolver.cpp, line 773]
Event: 3.904 Thread 0x000002a22d2e9800 Exception <a 'java/lang/NoSuchMethodError'{0x00000000832f08a8}: 'void java.lang.invoke.DelegatingMethodHandle$Holder.reinvoke_L(java.lang.Object, java.lang.Object, java.lang.Object, java.lang.Object)'> (0x00000000832f08a8) thrown at [./src/hotspot/share/interpreter/linkResolver.cpp, line 773]
Event: 3.922 Thread 0x000002a22d2e9800 Exception <a 'java/lang/NoSuchMethodError'{0x0000000083121dc8}: 'long java.lang.invoke.DirectMethodHandle$Holder.invokeInterface(java.lang.Object, java.lang.Object)'> (0x0000000083121dc8) thrown at [./src/hotspot/share/interpreter/linkResolver.cpp, line 773]
Event: 3.932 Thread 0x000002a22d2e9800 Exception <a 'java/lang/NoSuchMethodError'{0x0000000083145a28}: 'void java.lang.invoke.DelegatingMethodHandle$Holder.reinvoke_L(java.lang.Object, java.lang.Object, java.lang.Object, java.lang.Object, java.lang.Object, java.lang.Object, java.lang.Object)'> (0x0000000083145a28) thrown at [./src/hotspot/share/interpreter/linkResolver.cpp, line 773]

Events (20 events):
Event: 4.146 loading class com/google/common/collect/EmptyImmutableListMultimap done
Event: 4.147 loading class com/google/common/collect/ImmutableListMultimap$Builder
Event: 4.147 loading class com/google/common/collect/ImmutableListMultimap$Builder done
Event: 4.148 loading class com/google/common/collect/ImmutableMultimap$Builder
Event: 4.148 loading class com/google/common/collect/ImmutableMultimap$Builder done
Event: 4.149 loading class org/gradle/internal/instantiation/generator/Jsr330ConstructorSelector
Event: 4.149 loading class org/gradle/internal/instantiation/generator/Jsr330ConstructorSelector done
Event: 4.150 loading class org/gradle/cache/internal/DefaultCrossBuildInMemoryCacheFactory$DefaultCrossBuildInMemoryCache
Event: 4.150 loading class org/gradle/cache/internal/DefaultCrossBuildInMemoryCacheFactory$DefaultCrossBuildInMemoryCache done
Event: 4.150 loading class org/gradle/internal/instantiation/generator/ParamsMatchingConstructorSelector
Event: 4.150 loading class org/gradle/internal/instantiation/generator/ParamsMatchingConstructorSelector done
Event: 4.151 loading class org/gradle/internal/instantiation/generator/DefaultInstantiationScheme
Event: 4.151 loading class org/gradle/internal/instantiation/generator/DefaultInstantiationScheme done
Event: 4.152 loading class org/gradle/internal/instantiation/DeserializationInstantiator
Event: 4.152 loading class org/gradle/internal/instantiation/DeserializationInstantiator done
Event: 4.152 loading class javax/inject/Inject
Event: 4.152 loading class javax/inject/Inject done
Event: 4.153 loading class org/gradle/internal/instantiation/generator/DependencyInjectingInstantiator
Event: 4.153 loading class org/gradle/internal/instantiation/generator/DependencyInjectingInstantiator done
Event: 4.153 Executing VM operation: G1CollectForAllocation


Dynamic libraries:
0x00007ff705a10000 - 0x00007ff705a1a000 	C:\Program Files\Android\Android Studio\jre\bin\java.exe
0x00007fff379d0000 - 0x00007fff37bc5000 	C:\Windows\SYSTEM32\ntdll.dll
0x00007fff35c30000 - 0x00007fff35cee000 	C:\Windows\System32\KERNEL32.DLL
0x00007fff35470000 - 0x00007fff35738000 	C:\Windows\System32\KERNELBASE.dll
0x00007fff351b0000 - 0x00007fff352b0000 	C:\Windows\System32\ucrtbase.dll
0x00007fff2ae00000 - 0x00007fff2ae19000 	C:\Program Files\Android\Android Studio\jre\bin\jli.dll
0x00007fff2ade0000 - 0x00007fff2adf7000 	C:\Program Files\Android\Android Studio\jre\bin\VCRUNTIME140.dll
0x00007fff37270000 - 0x00007fff37411000 	C:\Windows\System32\USER32.dll
0x00007fff26ba0000 - 0x00007fff26e3a000 	C:\Windows\WinSxS\amd64_microsoft.windows.common-controls_6595b64144ccf1df_6.0.19041.1110_none_60b5254171f9507e\COMCTL32.dll
0x00007fff350e0000 - 0x00007fff35102000 	C:\Windows\System32\win32u.dll
0x00007fff37420000 - 0x00007fff374be000 	C:\Windows\System32\msvcrt.dll
0x00007fff35f30000 - 0x00007fff35f5b000 	C:\Windows\System32\GDI32.dll
0x00007fff35360000 - 0x00007fff3546d000 	C:\Windows\System32\gdi32full.dll
0x00007fff35110000 - 0x00007fff351ad000 	C:\Windows\System32\msvcp_win.dll
0x00007fff374d0000 - 0x00007fff37500000 	C:\Windows\System32\IMM32.DLL
0x00007fff270b0000 - 0x00007fff2714d000 	C:\Program Files\Android\Android Studio\jre\bin\msvcp140.dll
0x00007fff0aee0000 - 0x00007fff0b9b5000 	C:\Program Files\Android\Android Studio\jre\bin\server\jvm.dll
0x00007fff371c0000 - 0x00007fff3726c000 	C:\Windows\System32\ADVAPI32.dll
0x00007fff35f80000 - 0x00007fff3601b000 	C:\Windows\System32\sechost.dll
0x00007fff376b0000 - 0x00007fff377da000 	C:\Windows\System32\RPCRT4.dll
0x00007fff376a0000 - 0x00007fff376a8000 	C:\Windows\System32\PSAPI.DLL
0x00007fff23e10000 - 0x00007fff23e37000 	C:\Windows\SYSTEM32\WINMM.dll
0x00007fff251b0000 - 0x00007fff251ba000 	C:\Windows\SYSTEM32\VERSION.dll
0x00007fff30ec0000 - 0x00007fff30ec9000 	C:\Windows\SYSTEM32\WSOCK32.dll
0x00007fff37630000 - 0x00007fff3769b000 	C:\Windows\System32\WS2_32.dll
0x00007fff33180000 - 0x00007fff33192000 	C:\Windows\SYSTEM32\kernel.appcore.dll
0x00007fff30230000 - 0x00007fff30241000 	C:\Program Files\Android\Android Studio\jre\bin\verify.dll
0x00007fff23290000 - 0x00007fff23474000 	C:\Windows\SYSTEM32\DBGHELP.DLL
0x00007fff23260000 - 0x00007fff2328c000 	C:\Windows\SYSTEM32\dbgcore.DLL
0x00007fff35740000 - 0x00007fff357c2000 	C:\Windows\System32\bcryptPrimitives.dll
0x00007fff2fd30000 - 0x00007fff2fd59000 	C:\Program Files\Android\Android Studio\jre\bin\java.dll
0x00007fff301f0000 - 0x00007fff301fb000 	C:\Program Files\Android\Android Studio\jre\bin\jimage.dll
0x00007fff2fce0000 - 0x00007fff2fcf8000 	C:\Program Files\Android\Android Studio\jre\bin\zip.dll
0x00007fff36020000 - 0x00007fff36764000 	C:\Windows\System32\SHELL32.dll
0x00007fff33380000 - 0x00007fff33b14000 	C:\Windows\SYSTEM32\windows.storage.dll
0x00007fff36c60000 - 0x00007fff36fb5000 	C:\Windows\System32\combase.dll
0x00007fff34a60000 - 0x00007fff34a8e000 	C:\Windows\SYSTEM32\Wldp.dll
0x00007fff35ad0000 - 0x00007fff35b7d000 	C:\Windows\System32\SHCORE.dll
0x00007fff35a70000 - 0x00007fff35ac5000 	C:\Windows\System32\shlwapi.dll
0x00007fff35020000 - 0x00007fff3503f000 	C:\Windows\SYSTEM32\profapi.dll
0x00007fff2f9d0000 - 0x00007fff2f9ea000 	C:\Program Files\Android\Android Studio\jre\bin\net.dll
0x00007fff2b640000 - 0x00007fff2b74c000 	C:\Windows\SYSTEM32\WINHTTP.dll
0x00007fff347c0000 - 0x00007fff3482a000 	C:\Windows\system32\mswsock.dll
0x00007fff2f320000 - 0x00007fff2f334000 	C:\Program Files\Android\Android Studio\jre\bin\nio.dll
0x00007fff26ea0000 - 0x00007fff26ec7000 	C:\Users\Admin\.gradle\native\e1d6ef7f7dcc3fd88c89a11ec53ec762bb8ba0a96d01ffa2cd45eb1d1d8dd5c5\windows-amd64\native-platform.dll
0x00007fff1f100000 - 0x00007fff1f244000 	C:\Users\Admin\.gradle\native\5664cfc778a61ccfe75a443a1ab52a65af34e5dc3c78e0209fed803814484fcb\windows-amd64\native-platform-file-events.dll
0x00007fff2fd20000 - 0x00007fff2fd2a000 	C:\Program Files\Android\Android Studio\jre\bin\management.dll
0x00007fff2fcd0000 - 0x00007fff2fcdd000 	C:\Program Files\Android\Android Studio\jre\bin\management_ext.dll
0x00007fff349c0000 - 0x00007fff349d8000 	C:\Windows\SYSTEM32\CRYPTSP.dll
0x00007fff342f0000 - 0x00007fff34324000 	C:\Windows\system32\rsaenh.dll
0x00007fff35880000 - 0x00007fff358a7000 	C:\Windows\System32\bcrypt.dll
0x00007fff34fa0000 - 0x00007fff34fce000 	C:\Windows\SYSTEM32\USERENV.dll
0x00007fff349b0000 - 0x00007fff349bc000 	C:\Windows\SYSTEM32\CRYPTBASE.dll
0x00007fff344b0000 - 0x00007fff344eb000 	C:\Windows\SYSTEM32\IPHLPAPI.DLL
0x00007fff36c50000 - 0x00007fff36c58000 	C:\Windows\System32\NSI.dll
0x00007fff2de80000 - 0x00007fff2de97000 	C:\Windows\SYSTEM32\dhcpcsvc6.DLL
0x00007fff2de30000 - 0x00007fff2de4d000 	C:\Windows\SYSTEM32\dhcpcsvc.DLL
0x00007fff344f0000 - 0x00007fff345bb000 	C:\Windows\SYSTEM32\DNSAPI.dll

dbghelp: loaded successfully - version: 4.0.5 - missing functions: none
symbol engine: initialized successfully - sym options: 0x614 - pdb path: .;C:\Program Files\Android\Android Studio\jre\bin;C:\Windows\SYSTEM32;C:\Windows\WinSxS\amd64_microsoft.windows.common-controls_6595b64144ccf1df_6.0.19041.1110_none_60b5254171f9507e;C:\Program Files\Android\Android Studio\jre\bin\server;C:\Users\Admin\.gradle\native\e1d6ef7f7dcc3fd88c89a11ec53ec762bb8ba0a96d01ffa2cd45eb1d1d8dd5c5\windows-amd64;C:\Users\Admin\.gradle\native\5664cfc778a61ccfe75a443a1ab52a65af34e5dc3c78e0209fed803814484fcb\windows-amd64

VM Arguments:
jvm_args: --add-opens=java.base/java.util=ALL-UNNAMED --add-opens=java.base/java.lang=ALL-UNNAMED --add-opens=java.base/java.lang.invoke=ALL-UNNAMED --add-opens=java.base/java.util=ALL-UNNAMED --add-opens=java.prefs/java.util.prefs=ALL-UNNAMED --add-opens=java.prefs/java.util.prefs=ALL-UNNAMED --add-opens=java.base/java.nio.charset=ALL-UNNAMED --add-opens=java.base/java.net=ALL-UNNAMED --add-opens=java.base/java.util.concurrent.atomic=ALL-UNNAMED -Xmx2048m -Dfile.encoding=UTF-8 -Duser.country=US -Duser.language=en -Duser.variant 
java_command: org.gradle.launcher.daemon.bootstrap.GradleDaemon 7.2
java_class_path (initial): C:\Users\Admin\.gradle\wrapper\dists\gradle-7.2-bin\2dnblmf4td7x66yl1d74lt32g\gradle-7.2\lib\gradle-launcher-7.2.jar
Launcher Type: SUN_STANDARD

[Global flags]
     intx CICompilerCount                          = 3                                         {product} {ergonomic}
     uint ConcGCThreads                            = 1                                         {product} {ergonomic}
     uint G1ConcRefinementThreads                  = 4                                         {product} {ergonomic}
   size_t G1HeapRegionSize                         = 1048576                                   {product} {ergonomic}
    uintx GCDrainStackTargetSize                   = 64                                        {product} {ergonomic}
   size_t InitialHeapSize                          = 67108864                                  {product} {ergonomic}
   size_t MarkStackSize                            = 4194304                                   {product} {ergonomic}
   size_t MaxHeapSize                              = 2147483648                                {product} {command line}
   size_t MaxNewSize                               = 1287651328                                {product} {ergonomic}
   size_t MinHeapDeltaBytes                        = 1048576                                   {product} {ergonomic}
    uintx NonNMethodCodeHeapSize                   = 5830732                                {pd product} {ergonomic}
    uintx NonProfiledCodeHeapSize                  = 122913754                              {pd product} {ergonomic}
    uintx ProfiledCodeHeapSize                     = 122913754                              {pd product} {ergonomic}
    uintx ReservedCodeCacheSize                    = 251658240                              {pd product} {ergonomic}
     bool SegmentedCodeCache                       = true                                      {product} {ergonomic}
     bool UseCompressedClassPointers               = true                                 {lp64_product} {ergonomic}
     bool UseCompressedOops                        = true                                 {lp64_product} {ergonomic}
     bool UseG1GC                                  = true                                      {product} {ergonomic}
     bool UseLargePagesIndividualAllocation        = false                                  {pd product} {ergonomic}

Logging:
Log output configuration:
 #0: stdout all=warning uptime,level,tags
 #1: stderr all=off uptime,level,tags

Environment Variables:
PATH=C:\Program Files (x86)\VMware\VMware Player\bin\;C:\Windows\system32;C:\Windows;C:\Windows\System32\Wbem;C:\Windows\System32\WindowsPowerShell\v1.0\;C:\Windows\System32\OpenSSH\;C:\Program Files\dotnet\;C:\Users\Admin\AppData\Local\Microsoft\WindowsApps;C:\Users\Admin\.dotnet\tools
USERNAME=Admin
OS=Windows_NT
PROCESSOR_IDENTIFIER=Intel64 Family 6 Model 42 Stepping 7, GenuineIntel



---------------  S Y S T E M  ---------------

OS: Windows 10 , 64 bit Build 19041 (10.0.19041.1348)
OS uptime: 0 days 3:04 hours

CPU:total 4 (initial active 4) (2 cores per cpu, 2 threads per core) family 6 model 42 stepping 7 microcode 0x2f, cmov, cx8, fxsr, mmx, sse, sse2, sse3, ssse3, sse4.1, sse4.2, popcnt, avx, clmul, ht, tsc, tscinvbit

Memory: 4k page, system-wide physical 4004M (272M free)
TotalPageFile size 4004M (AvailPageFile size 5M)
current process WorkingSet (physical memory assigned to process): 128M, peak: 128M
current process commit charge ("private bytes"): 174M, peak: 187M

vm_info: OpenJDK 64-Bit Server VM (11.0.11+9-b60-7590822) for windows-amd64 JRE (11.0.11+9-b60-7590822), built on Jul 29 2021 21:43:44 by "builder" with MS VC++ 14.0 (VS2015)

END.
