#
# There is insufficient memory for the Java Runtime Environment to continue.
# Native memory allocation (mmap) failed to map 24117248 bytes for Failed to commit area from 0x0000000087000000 to 0x0000000088700000 of length 24117248.
# Possible reasons:
#   The system is out of physical RAM or swap space
#   The process is running with CompressedOops enabled, and the Java Heap may be blocking the growth of the native heap
# Possible solutions:
#   Reduce memory load on the system
#   Increase physical memory or swap space
#   Check if swap backing store is full
#   Decrease Java heap size (-Xmx/-Xms)
#   Decrease number of Java threads
#   Decrease Java thread stack sizes (-Xss)
#   Set larger code cache with -XX:ReservedCodeCacheSize=
#   JVM is running with Unscaled Compressed Oops mode in which the Java heap is
#     placed in the first 4GB address space. The Java Heap base address is the
#     maximum limit for the native heap growth. Please use -XX:HeapBaseMinAddress
#     to set the Java Heap base and to place the Java Heap above 4GB virtual address.
# This output file may be truncated or incomplete.
#
#  Out of Memory Error (./src/hotspot/os/windows/os_windows.cpp:3301), pid=5936, tid=3152
#
# JRE version: OpenJDK Runtime Environment (11.0.11+9) (build 11.0.11+9-b60-7590822)
# Java VM: OpenJDK 64-Bit Server VM (11.0.11+9-b60-7590822, mixed mode, tiered, compressed oops, g1 gc, windows-amd64)
# No core dump will be written. Minidumps are not enabled by default on client versions of Windows
#

---------------  S U M M A R Y ------------

Command Line: --add-opens=java.base/java.util=ALL-UNNAMED --add-opens=java.base/java.lang=ALL-UNNAMED --add-opens=java.base/java.lang.invoke=ALL-UNNAMED --add-opens=java.base/java.util=ALL-UNNAMED --add-opens=java.prefs/java.util.prefs=ALL-UNNAMED --add-opens=java.prefs/java.util.prefs=ALL-UNNAMED --add-opens=java.base/java.nio.charset=ALL-UNNAMED --add-opens=java.base/java.net=ALL-UNNAMED --add-opens=java.base/java.util.concurrent.atomic=ALL-UNNAMED -Xmx2048m -Dfile.encoding=UTF-8 -Duser.country=US -Duser.language=en -Duser.variant org.gradle.launcher.daemon.bootstrap.GradleDaemon 7.2

Host: Intel(R) Core(TM) i3-2330M CPU @ 2.20GHz, 4 cores, 3G,  Windows 10 , 64 bit Build 19041 (10.0.19041.1348)
Time: Fri May 13 14:57:31 2022 SE Asia Standard Time elapsed time: 13.129462 seconds (0d 0h 0m 13s)

---------------  T H R E A D  ---------------

Current thread (0x00000222ff9d3000):  VMThread "VM Thread" [stack: 0x000000d6f7c00000,0x000000d6f7d00000] [id=3152]

Stack: [0x000000d6f7c00000,0x000000d6f7d00000]
[error occurred during error reporting (printing stack bounds), id 0xc0000005, EXCEPTION_ACCESS_VIOLATION (0xc0000005) at pc=0x0000022280000f2d]

Native frames: (J=compiled Java code, j=interpreted, Vv=VM code, C=native code)
V  [jvm.dll+0x5f214a]
V  [jvm.dll+0x726fb5]
V  [jvm.dll+0x7285cd]
V  [jvm.dll+0x728be5]
V  [jvm.dll+0x728b9b]
V  [jvm.dll+0x5f14e8]
V  [jvm.dll+0x5f1c78]
C  [ntdll.dll+0xa20cf]
C  [ntdll.dll+0x51454]
C  [ntdll.dll+0xa0bfe]
C  0x0000022280000f2d

VM_Operation (0x000000d6f8ef3680): G1CollectForAllocation, mode: safepoint, requested by thread 0x000002229174d000


---------------  P R O C E S S  ---------------

Threads class SMR info:
_java_thread_list=0x0000022291e40460, length=78, elements={
0x00000222f46fb000, 0x00000222ff9da800, 0x00000222ff9e6800, 0x00000222ffa36800,
0x00000222ffa3a800, 0x00000222ffa3b800, 0x00000222ffa40000, 0x00000222ffa45800,
0x00000222ffa48800, 0x00000222ffce3000, 0x000002229108e000, 0x0000022291514000,
0x000002228fec8000, 0x000002229096d800, 0x0000022290cf3000, 0x0000022290ffe000,
0x000002229174d000, 0x0000022290f5d000, 0x00000222912dd000, 0x00000222912dd800,
0x00000222912df000, 0x00000222912e1000, 0x00000222912db000, 0x00000222912e1800,
0x00000222912dc000, 0x00000222912de800, 0x00000222912e0000, 0x00000222911d6000,
0x00000222911d2000, 0x00000222911d1000, 0x00000222911d4800, 0x00000222911d2800,
0x00000222911d0800, 0x00000222911db800, 0x00000222911d8800, 0x00000222911da000,
0x00000222911d9800, 0x00000222911db000, 0x00000222911dc800, 0x00000222911d7000,
0x00000222911dd800, 0x00000222911d7800, 0x00000222911de000, 0x00000222911df000,
0x00000222952f0800, 0x00000222952ed000, 0x00000222952ee000, 0x00000222952ea800,
0x00000222952ec800, 0x00000222952f1000, 0x00000222952eb800, 0x00000222952f3000,
0x00000222952f2000, 0x00000222952f3800, 0x00000222952f4800, 0x00000222952ee800,
0x00000222952f5000, 0x00000222952ef800, 0x00000222952f7000, 0x00000222952f7800,
0x00000222952f8800, 0x00000222952f6000, 0x00000222952f9800, 0x0000022295226000,
0x0000022295225000, 0x0000022295222800, 0x0000022295224800, 0x0000022295223800,
0x0000022295220800, 0x0000022295227000, 0x0000022295221000, 0x0000022295227800,
0x0000022295222000, 0x000002229522b000, 0x0000022295228800, 0x000002229522d800,
0x000002229522e000, 0x000002229522b800
}

Java Threads: ( => current thread )
  0x00000222f46fb000 JavaThread "main" [_thread_blocked, id=2384, stack(0x000000d6f7600000,0x000000d6f7700000)]
  0x00000222ff9da800 JavaThread "Reference Handler" daemon [_thread_blocked, id=5636, stack(0x000000d6f7d00000,0x000000d6f7e00000)]
  0x00000222ff9e6800 JavaThread "Finalizer" daemon [_thread_blocked, id=1672, stack(0x000000d6f7e00000,0x000000d6f7f00000)]
  0x00000222ffa36800 JavaThread "Signal Dispatcher" daemon [_thread_blocked, id=4888, stack(0x000000d6f7f00000,0x000000d6f8000000)]
  0x00000222ffa3a800 JavaThread "Attach Listener" daemon [_thread_blocked, id=296, stack(0x000000d6f8000000,0x000000d6f8100000)]
  0x00000222ffa3b800 JavaThread "Service Thread" daemon [_thread_blocked, id=5104, stack(0x000000d6f8100000,0x000000d6f8200000)]
  0x00000222ffa40000 JavaThread "C2 CompilerThread0" daemon [_thread_blocked, id=1780, stack(0x000000d6f8200000,0x000000d6f8300000)]
  0x00000222ffa45800 JavaThread "C1 CompilerThread0" daemon [_thread_blocked, id=5824, stack(0x000000d6f8300000,0x000000d6f8400000)]
  0x00000222ffa48800 JavaThread "Sweeper thread" daemon [_thread_blocked, id=4044, stack(0x000000d6f8400000,0x000000d6f8500000)]
  0x00000222ffce3000 JavaThread "Common-Cleaner" daemon [_thread_blocked, id=3344, stack(0x000000d6f8500000,0x000000d6f8600000)]
  0x000002229108e000 JavaThread "Daemon health stats" [_thread_blocked, id=3168, stack(0x000000d6f8900000,0x000000d6f8a00000)]
  0x0000022291514000 JavaThread "Incoming local TCP Connector on port 58450" [_thread_in_native, id=5264, stack(0x000000d6f8800000,0x000000d6f8900000)]
  0x000002228fec8000 JavaThread "Daemon periodic checks" [_thread_blocked, id=2368, stack(0x000000d6f8a00000,0x000000d6f8b00000)]
  0x000002229096d800 JavaThread "Daemon" [_thread_blocked, id=3176, stack(0x000000d6f8b00000,0x000000d6f8c00000)]
  0x0000022290cf3000 JavaThread "Handler for socket connection from /127.0.0.1:58450 to /127.0.0.1:58451" [_thread_in_native, id=2088, stack(0x000000d6f8c00000,0x000000d6f8d00000)]
  0x0000022290ffe000 JavaThread "Cancel handler" [_thread_blocked, id=5460, stack(0x000000d6f8d00000,0x000000d6f8e00000)]
  0x000002229174d000 JavaThread "Daemon worker" [_thread_blocked, id=3992, stack(0x000000d6f8e00000,0x000000d6f8f00000)]
  0x0000022290f5d000 JavaThread "Asynchronous log dispatcher for DefaultDaemonConnection: socket connection from /127.0.0.1:58450 to /127.0.0.1:58451" [_thread_blocked, id=1756, stack(0x000000d6f8f00000,0x000000d6f9000000)]
  0x00000222912dd000 JavaThread "Stdin handler" [_thread_blocked, id=3000, stack(0x000000d6f9000000,0x000000d6f9100000)]
  0x00000222912dd800 JavaThread "Daemon client event forwarder" [_thread_blocked, id=1960, stack(0x000000d6f9100000,0x000000d6f9200000)]
  0x00000222912df000 JavaThread "Cache worker for journal cache (C:\Users\Admin\.gradle\caches\journal-1)" [_thread_blocked, id=2908, stack(0x000000d6f9400000,0x000000d6f9500000)]
  0x00000222912e1000 JavaThread "File lock request listener" [_thread_in_native, id=5668, stack(0x000000d6f9500000,0x000000d6f9600000)]
  0x00000222912db000 JavaThread "Cache worker for file hash cache (C:\Users\Admin\.gradle\caches\7.2\fileHashes)" [_thread_blocked, id=2020, stack(0x000000d6f9600000,0x000000d6f9700000)]
  0x00000222912e1800 JavaThread "Cache worker for file hash cache (C:\Users\Admin\AndroidStudioProjects\curency\.gradle\7.2\fileHashes)" [_thread_blocked, id=832, stack(0x000000d6f9700000,0x000000d6f9800000)]
  0x00000222912dc000 JavaThread "File watcher server" daemon [_thread_in_native, id=4816, stack(0x000000d6f9800000,0x000000d6f9900000)]
  0x00000222912de800 JavaThread "File watcher consumer" daemon [_thread_blocked, id=3812, stack(0x000000d6f9900000,0x000000d6f9a00000)]
  0x00000222912e0000 JavaThread "Cache worker for checksums cache (C:\Users\Admin\AndroidStudioProjects\curency\.gradle\checksums)" [_thread_blocked, id=3564, stack(0x000000d6f9a00000,0x000000d6f9b00000)]
  0x00000222911d6000 JavaThread "Cache worker for cache directory md-supplier (C:\Users\Admin\.gradle\caches\7.2\md-supplier)" [_thread_blocked, id=484, stack(0x000000d6f9b00000,0x000000d6f9c00000)]
  0x00000222911d2000 JavaThread "Cache worker for cache directory md-rule (C:\Users\Admin\.gradle\caches\7.2\md-rule)" [_thread_blocked, id=3808, stack(0x000000d6f9c00000,0x000000d6f9d00000)]
  0x00000222911d1000 JavaThread "Cache worker for execution history cache (C:\Users\Admin\.gradle\caches\7.2\executionHistory)" [_thread_blocked, id=4796, stack(0x000000d6f9d00000,0x000000d6f9e00000)]
  0x00000222911d4800 JavaThread "jar transforms" [_thread_blocked, id=5124, stack(0x000000d6f9e00000,0x000000d6f9f00000)]
  0x00000222911d2800 JavaThread "Cache worker for file content cache (C:\Users\Admin\.gradle\caches\7.2\fileContent)" [_thread_blocked, id=4756, stack(0x000000d6f9f00000,0x000000d6fa000000)]
  0x00000222911d0800 JavaThread "jar transforms Thread 2" [_thread_blocked, id=5584, stack(0x000000d6fa000000,0x000000d6fa100000)]
  0x00000222911db800 JavaThread "Cache worker for dependencies-accessors (C:\Users\Admin\AndroidStudioProjects\curency\.gradle\7.2\dependencies-accessors)" [_thread_blocked, id=5256, stack(0x000000d6fa100000,0x000000d6fa200000)]
  0x00000222911d8800 JavaThread "jar transforms Thread 3" [_thread_blocked, id=2060, stack(0x000000d6fa200000,0x000000d6fa300000)]
  0x00000222911da000 JavaThread "Cache worker for Build Output Cleanup Cache (C:\Users\Admin\AndroidStudioProjects\curency\.gradle\buildOutputCleanup)" [_thread_blocked, id=4468, stack(0x000000d6fa300000,0x000000d6fa400000)]
  0x00000222911d9800 JavaThread "Unconstrained build operations" [_thread_blocked, id=636, stack(0x000000d6fa400000,0x000000d6fa500000)]
  0x00000222911db000 JavaThread "Unconstrained build operations Thread 2" [_thread_blocked, id=4108, stack(0x000000d6fa500000,0x000000d6fa600000)]
  0x00000222911dc800 JavaThread "Unconstrained build operations Thread 3" [_thread_blocked, id=4748, stack(0x000000d6fa600000,0x000000d6fa700000)]
  0x00000222911d7000 JavaThread "Unconstrained build operations Thread 4" [_thread_blocked, id=3380, stack(0x000000d6fa700000,0x000000d6fa800000)]
  0x00000222911dd800 JavaThread "Unconstrained build operations Thread 5" [_thread_blocked, id=5480, stack(0x000000d6fa800000,0x000000d6fa900000)]
  0x00000222911d7800 JavaThread "Unconstrained build operations Thread 6" [_thread_blocked, id=4116, stack(0x000000d6fa900000,0x000000d6faa00000)]
  0x00000222911de000 JavaThread "Unconstrained build operations Thread 7" [_thread_blocked, id=6136, stack(0x000000d6faa00000,0x000000d6fab00000)]
  0x00000222911df000 JavaThread "Unconstrained build operations Thread 8" [_thread_blocked, id=2692, stack(0x000000d6fab00000,0x000000d6fac00000)]
  0x00000222952f0800 JavaThread "Unconstrained build operations Thread 9" [_thread_blocked, id=5656, stack(0x000000d6fac00000,0x000000d6fad00000)]
  0x00000222952ed000 JavaThread "Unconstrained build operations Thread 10" [_thread_blocked, id=712, stack(0x000000d6fad00000,0x000000d6fae00000)]
  0x00000222952ee000 JavaThread "Unconstrained build operations Thread 11" [_thread_blocked, id=5228, stack(0x000000d6fae00000,0x000000d6faf00000)]
  0x00000222952ea800 JavaThread "Unconstrained build operations Thread 12" [_thread_blocked, id=2940, stack(0x000000d6faf00000,0x000000d6fb000000)]
  0x00000222952ec800 JavaThread "Unconstrained build operations Thread 13" [_thread_blocked, id=5416, stack(0x000000d6fb000000,0x000000d6fb100000)]
  0x00000222952f1000 JavaThread "Unconstrained build operations Thread 14" [_thread_blocked, id=3296, stack(0x000000d6fb100000,0x000000d6fb200000)]
  0x00000222952eb800 JavaThread "Unconstrained build operations Thread 15" [_thread_blocked, id=3572, stack(0x000000d6fb200000,0x000000d6fb300000)]
  0x00000222952f3000 JavaThread "Unconstrained build operations Thread 16" [_thread_blocked, id=5832, stack(0x000000d6fb300000,0x000000d6fb400000)]
  0x00000222952f2000 JavaThread "Unconstrained build operations Thread 17" [_thread_blocked, id=1244, stack(0x000000d6fb400000,0x000000d6fb500000)]
  0x00000222952f3800 JavaThread "Unconstrained build operations Thread 18" [_thread_blocked, id=5280, stack(0x000000d6fb500000,0x000000d6fb600000)]
  0x00000222952f4800 JavaThread "Unconstrained build operations Thread 19" [_thread_blocked, id=2044, stack(0x000000d6fb600000,0x000000d6fb700000)]
  0x00000222952ee800 JavaThread "Unconstrained build operations Thread 20" [_thread_blocked, id=5648, stack(0x000000d6fb700000,0x000000d6fb800000)]
  0x00000222952f5000 JavaThread "Unconstrained build operations Thread 21" [_thread_blocked, id=3468, stack(0x000000d6fb800000,0x000000d6fb900000)]
  0x00000222952ef800 JavaThread "Unconstrained build operations Thread 22" [_thread_blocked, id=2644, stack(0x000000d6fb900000,0x000000d6fba00000)]
  0x00000222952f7000 JavaThread "Unconstrained build operations Thread 23" [_thread_blocked, id=1248, stack(0x000000d6fba00000,0x000000d6fbb00000)]
  0x00000222952f7800 JavaThread "Unconstrained build operations Thread 24" [_thread_blocked, id=5752, stack(0x000000d6fbb00000,0x000000d6fbc00000)]
  0x00000222952f8800 JavaThread "Unconstrained build operations Thread 25" [_thread_blocked, id=1784, stack(0x000000d6fbc00000,0x000000d6fbd00000)]
  0x00000222952f6000 JavaThread "Unconstrained build operations Thread 26" [_thread_blocked, id=5224, stack(0x000000d6fbd00000,0x000000d6fbe00000)]
  0x00000222952f9800 JavaThread "Unconstrained build operations Thread 27" [_thread_blocked, id=5856, stack(0x000000d6fbe00000,0x000000d6fbf00000)]
  0x0000022295226000 JavaThread "Unconstrained build operations Thread 28" [_thread_blocked, id=1104, stack(0x000000d6fbf00000,0x000000d6fc000000)]
  0x0000022295225000 JavaThread "Unconstrained build operations Thread 29" [_thread_blocked, id=3356, stack(0x000000d6fc000000,0x000000d6fc100000)]
  0x0000022295222800 JavaThread "Unconstrained build operations Thread 30" [_thread_blocked, id=2072, stack(0x000000d6fc100000,0x000000d6fc200000)]
  0x0000022295224800 JavaThread "Unconstrained build operations Thread 31" [_thread_blocked, id=3456, stack(0x000000d6fc200000,0x000000d6fc300000)]
  0x0000022295223800 JavaThread "Unconstrained build operations Thread 32" [_thread_blocked, id=2684, stack(0x000000d6fc300000,0x000000d6fc400000)]
  0x0000022295220800 JavaThread "Unconstrained build operations Thread 33" [_thread_blocked, id=3352, stack(0x000000d6fc400000,0x000000d6fc500000)]
  0x0000022295227000 JavaThread "Unconstrained build operations Thread 34" [_thread_blocked, id=3796, stack(0x000000d6fc500000,0x000000d6fc600000)]
  0x0000022295221000 JavaThread "Unconstrained build operations Thread 35" [_thread_blocked, id=4244, stack(0x000000d6fc600000,0x000000d6fc700000)]
  0x0000022295227800 JavaThread "Unconstrained build operations Thread 36" [_thread_blocked, id=1360, stack(0x000000d6fc700000,0x000000d6fc800000)]
  0x0000022295222000 JavaThread "Unconstrained build operations Thread 37" [_thread_blocked, id=2764, stack(0x000000d6fc800000,0x000000d6fc900000)]
  0x000002229522b000 JavaThread "Unconstrained build operations Thread 38" [_thread_blocked, id=3672, stack(0x000000d6fc900000,0x000000d6fca00000)]
  0x0000022295228800 JavaThread "Unconstrained build operations Thread 39" [_thread_blocked, id=1036, stack(0x000000d6fca00000,0x000000d6fcb00000)]
  0x000002229522d800 JavaThread "Unconstrained build operations Thread 40" [_thread_blocked, id=780, stack(0x000000d6fcb00000,0x000000d6fcc00000)]
  0x000002229522e000 JavaThread "jar transforms Thread 4" [_thread_blocked, id=5208, stack(0x000000d6fcc00000,0x000000d6fcd00000)]
  0x000002229522b800 JavaThread "Memory manager" [_thread_blocked, id=224, stack(0x000000d6fcd00000,0x000000d6fce00000)]

Other Threads:
=>0x00000222ff9d3000 VMThread "VM Thread" [stack: 0x000000d6f7c00000,0x000000d6f7d00000] [id=3152]
  0x00000222ffcee800 WatcherThread [stack: 0x000000d6f8600000,0x000000d6f8700000] [id=2712]
  0x00000222f4713000 GCTaskThread "GC Thread#0" [stack: 0x000000d6f7700000,0x000000d6f7800000] [id=2976]
  0x00000222ffd10800 GCTaskThread "GC Thread#1" [stack: 0x000000d6f8700000,0x000000d6f8800000] [id=5540]
  0x0000022292472800 GCTaskThread "GC Thread#2" [stack: 0x000000d6f9200000,0x000000d6f9300000] [id=4788]
  0x0000022292473000 GCTaskThread "GC Thread#3" [stack: 0x000000d6f9300000,0x000000d6f9400000] [id=5912]
  0x00000222f4745800 ConcurrentGCThread "G1 Main Marker" [stack: 0x000000d6f7800000,0x000000d6f7900000] [id=4112]
  0x00000222f4746800 ConcurrentGCThread "G1 Conc#0" [stack: 0x000000d6f7900000,0x000000d6f7a00000] [id=4352]
  0x00000222f47a0800 ConcurrentGCThread "G1 Refine#0" [stack: 0x000000d6f7a00000,0x000000d6f7b00000] [id=956]
  0x00000222f47a1800 ConcurrentGCThread "G1 Young RemSet Sampling" [stack: 0x000000d6f7b00000,0x000000d6f7c00000] [id=3716]

Threads with active compile tasks:
C2 CompilerThread0  13151 6032 %     4       sun.security.provider.SHA::implCompress0 @ 3 (482 bytes)
C1 CompilerThread0  13151 6064       3       java.io.InputStream::readNBytes (274 bytes)

VM state:at safepoint (normal execution)

VM Mutex/Monitor currently owned by a thread:  ([mutex/lock_event])
[0x00000222f46f5ef0] Threads_lock - owner thread: 0x00000222ff9d3000
[0x00000222f46f6b50] Heap_lock - owner thread: 0x000002229174d000

Heap address: 0x0000000080000000, size: 2048 MB, Compressed Oops mode: 32-bit
Narrow klass base: 0x0000000000000000, Narrow klass shift: 3
Compressed class space size: 1073741824 Address: 0x0000000100000000

Heap:
 garbage-first heap   total 138240K, used 49837K [0x0000000080000000, 0x0000000100000000)
  region size 1024K, 4 young (4096K), 4 survivors (4096K)
 Metaspace       used 61266K, capacity 62711K, committed 62848K, reserved 1103872K
  class space    used 7719K, capacity 8301K, committed 8320K, reserved 1048576K
Heap Regions: E=young(eden), S=young(survivor), O=old, HS=humongous(starts), HC=humongous(continues), CS=collection set, F=free, A=archive, TAMS=top-at-mark-start (previous, next)
|   0|0x0000000080000000, 0x0000000080100000, 0x0000000080100000|100%| O|  |TAMS 0x0000000080100000, 0x0000000080000000| Untracked 
|   1|0x0000000080100000, 0x0000000080200000, 0x0000000080200000|100%| O|  |TAMS 0x0000000080200000, 0x0000000080100000| Untracked 
|   2|0x0000000080200000, 0x0000000080300000, 0x0000000080300000|100%| O|  |TAMS 0x0000000080300000, 0x0000000080200000| Untracked 
|   3|0x0000000080300000, 0x0000000080400000, 0x0000000080400000|100%|HS|  |TAMS 0x0000000080400000, 0x0000000080300000| Complete 
|   4|0x0000000080400000, 0x0000000080500000, 0x0000000080500000|100%|HC|  |TAMS 0x0000000080500000, 0x0000000080400000| Complete 
|   5|0x0000000080500000, 0x0000000080600000, 0x0000000080600000|100%|HC|  |TAMS 0x0000000080600000, 0x0000000080500000| Complete 
|   6|0x0000000080600000, 0x0000000080700000, 0x0000000080700000|100%| O|  |TAMS 0x0000000080700000, 0x0000000080600000| Untracked 
|   7|0x0000000080700000, 0x0000000080800000, 0x0000000080800000|100%| O|  |TAMS 0x0000000080800000, 0x0000000080700000| Untracked 
|   8|0x0000000080800000, 0x0000000080900000, 0x0000000080900000|100%| O|  |TAMS 0x0000000080900000, 0x0000000080800000| Untracked 
|   9|0x0000000080900000, 0x0000000080a00000, 0x0000000080a00000|100%| O|  |TAMS 0x0000000080a00000, 0x0000000080900000| Untracked 
|  10|0x0000000080a00000, 0x0000000080b00000, 0x0000000080b00000|100%| O|  |TAMS 0x0000000080b00000, 0x0000000080a00000| Untracked 
|  11|0x0000000080b00000, 0x0000000080c00000, 0x0000000080c00000|100%| O|  |TAMS 0x0000000080c00000, 0x0000000080b00000| Untracked 
|  12|0x0000000080c00000, 0x0000000080d00000, 0x0000000080d00000|100%| O|  |TAMS 0x0000000080d00000, 0x0000000080c00000| Untracked 
|  13|0x0000000080d00000, 0x0000000080e00000, 0x0000000080e00000|100%| O|  |TAMS 0x0000000080e00000, 0x0000000080d00000| Untracked 
|  14|0x0000000080e00000, 0x0000000080f00000, 0x0000000080f00000|100%| O|  |TAMS 0x0000000080f00000, 0x0000000080e00000| Untracked 
|  15|0x0000000080f00000, 0x0000000081000000, 0x0000000081000000|100%| O|  |TAMS 0x0000000081000000, 0x0000000080f00000| Untracked 
|  16|0x0000000081000000, 0x0000000081100000, 0x0000000081100000|100%| O|  |TAMS 0x0000000081100000, 0x0000000081000000| Untracked 
|  17|0x0000000081100000, 0x0000000081200000, 0x0000000081200000|100%| O|  |TAMS 0x0000000081200000, 0x0000000081100000| Untracked 
|  18|0x0000000081200000, 0x0000000081300000, 0x0000000081300000|100%| O|  |TAMS 0x0000000081300000, 0x0000000081200000| Untracked 
|  19|0x0000000081300000, 0x0000000081400000, 0x0000000081400000|100%| O|  |TAMS 0x0000000081400000, 0x0000000081300000| Untracked 
|  20|0x0000000081400000, 0x0000000081500000, 0x0000000081500000|100%| O|  |TAMS 0x0000000081500000, 0x0000000081400000| Untracked 
|  21|0x0000000081500000, 0x0000000081600000, 0x0000000081600000|100%| O|  |TAMS 0x0000000081600000, 0x0000000081500000| Untracked 
|  22|0x0000000081600000, 0x0000000081700000, 0x0000000081700000|100%| O|  |TAMS 0x0000000081700000, 0x0000000081600000| Untracked 
|  23|0x0000000081700000, 0x0000000081800000, 0x0000000081800000|100%| O|  |TAMS 0x0000000081800000, 0x0000000081700000| Untracked 
|  24|0x0000000081800000, 0x0000000081900000, 0x0000000081900000|100%| O|  |TAMS 0x0000000081900000, 0x0000000081800000| Untracked 
|  25|0x0000000081900000, 0x0000000081a00000, 0x0000000081a00000|100%| O|  |TAMS 0x0000000081a00000, 0x0000000081900000| Untracked 
|  26|0x0000000081a00000, 0x0000000081b00000, 0x0000000081b00000|100%| O|  |TAMS 0x0000000081b00000, 0x0000000081a00000| Untracked 
|  27|0x0000000081b00000, 0x0000000081c00000, 0x0000000081c00000|100%| O|  |TAMS 0x0000000081b6a600, 0x0000000081b00000| Untracked 
|  28|0x0000000081c00000, 0x0000000081d00000, 0x0000000081d00000|100%|HS|  |TAMS 0x0000000081c00000, 0x0000000081c00000| Complete 
|  29|0x0000000081d00000, 0x0000000081e00000, 0x0000000081e00000|100%|HS|  |TAMS 0x0000000081d00000, 0x0000000081d00000| Complete 
|  30|0x0000000081e00000, 0x0000000081f00000, 0x0000000081f00000|100%|HS|  |TAMS 0x0000000081e00000, 0x0000000081e00000| Complete 
|  31|0x0000000081f00000, 0x0000000082000000, 0x0000000082000000|100%|HS|  |TAMS 0x0000000081f00000, 0x0000000081f00000| Complete 
|  32|0x0000000082000000, 0x0000000082100000, 0x0000000082100000|100%|HC|  |TAMS 0x0000000082000000, 0x0000000082000000| Complete 
|  33|0x0000000082100000, 0x0000000082200000, 0x0000000082200000|100%| O|  |TAMS 0x0000000082100000, 0x0000000082100000| Untracked 
|  34|0x0000000082200000, 0x0000000082300000, 0x0000000082300000|100%| O|  |TAMS 0x0000000082200000, 0x0000000082200000| Untracked 
|  35|0x0000000082300000, 0x0000000082400000, 0x0000000082400000|100%| O|  |TAMS 0x0000000082300000, 0x0000000082300000| Untracked 
|  36|0x0000000082400000, 0x0000000082500000, 0x0000000082500000|100%| O|  |TAMS 0x0000000082400000, 0x0000000082400000| Untracked 
|  37|0x0000000082500000, 0x0000000082600000, 0x0000000082600000|100%| O|  |TAMS 0x0000000082500000, 0x0000000082500000| Untracked 
|  38|0x0000000082600000, 0x0000000082700000, 0x0000000082700000|100%| O|  |TAMS 0x0000000082600000, 0x0000000082600000| Untracked 
|  39|0x0000000082700000, 0x0000000082800000, 0x0000000082800000|100%| O|  |TAMS 0x0000000082700000, 0x0000000082700000| Untracked 
|  40|0x0000000082800000, 0x0000000082900000, 0x0000000082900000|100%| O|  |TAMS 0x0000000082800000, 0x0000000082800000| Untracked 
|  41|0x0000000082900000, 0x0000000082a00000, 0x0000000082a00000|100%| O|  |TAMS 0x0000000082900000, 0x0000000082900000| Untracked 
|  42|0x0000000082a00000, 0x0000000082b00000, 0x0000000082b00000|100%| O|  |TAMS 0x0000000082a00000, 0x0000000082a00000| Untracked 
|  43|0x0000000082b00000, 0x0000000082c00000, 0x0000000082c00000|100%| O|  |TAMS 0x0000000082b00000, 0x0000000082b00000| Untracked 
|  44|0x0000000082c00000, 0x0000000082cb9200, 0x0000000082d00000| 72%| O|  |TAMS 0x0000000082c00000, 0x0000000082c00000| Untracked 
|  45|0x0000000082d00000, 0x0000000082d00000, 0x0000000082e00000|  0%| F|  |TAMS 0x0000000082d00000, 0x0000000082d00000| Untracked 
|  46|0x0000000082e00000, 0x0000000082e00000, 0x0000000082f00000|  0%| F|  |TAMS 0x0000000082e00000, 0x0000000082e00000| Untracked 
|  47|0x0000000082f00000, 0x0000000082f00000, 0x0000000083000000|  0%| F|  |TAMS 0x0000000082f00000, 0x0000000082f00000| Untracked 
|  48|0x0000000083000000, 0x0000000083000000, 0x0000000083100000|  0%| F|  |TAMS 0x0000000083000000, 0x0000000083000000| Untracked 
|  49|0x0000000083100000, 0x0000000083100000, 0x0000000083200000|  0%| F|  |TAMS 0x0000000083100000, 0x0000000083100000| Untracked 
|  50|0x0000000083200000, 0x0000000083200000, 0x0000000083300000|  0%| F|  |TAMS 0x0000000083200000, 0x0000000083200000| Untracked 
|  51|0x0000000083300000, 0x0000000083300000, 0x0000000083400000|  0%| F|  |TAMS 0x0000000083300000, 0x0000000083300000| Untracked 
|  52|0x0000000083400000, 0x0000000083400000, 0x0000000083500000|  0%| F|  |TAMS 0x0000000083400000, 0x0000000083400000| Untracked 
|  53|0x0000000083500000, 0x0000000083500000, 0x0000000083600000|  0%| F|  |TAMS 0x0000000083500000, 0x0000000083500000| Untracked 
|  54|0x0000000083600000, 0x0000000083600000, 0x0000000083700000|  0%| F|  |TAMS 0x0000000083600000, 0x0000000083600000| Untracked 
|  55|0x0000000083700000, 0x0000000083700000, 0x0000000083800000|  0%| F|  |TAMS 0x0000000083700000, 0x0000000083700000| Untracked 
|  56|0x0000000083800000, 0x0000000083800000, 0x0000000083900000|  0%| F|  |TAMS 0x0000000083800000, 0x0000000083800000| Untracked 
|  57|0x0000000083900000, 0x0000000083900000, 0x0000000083a00000|  0%| F|  |TAMS 0x0000000083900000, 0x0000000083900000| Untracked 
|  58|0x0000000083a00000, 0x0000000083a00000, 0x0000000083b00000|  0%| F|  |TAMS 0x0000000083a00000, 0x0000000083a00000| Untracked 
|  59|0x0000000083b00000, 0x0000000083b00000, 0x0000000083c00000|  0%| F|  |TAMS 0x0000000083b00000, 0x0000000083b00000| Untracked 
|  60|0x0000000083c00000, 0x0000000083c00000, 0x0000000083d00000|  0%| F|  |TAMS 0x0000000083c00000, 0x0000000083c00000| Untracked 
|  61|0x0000000083d00000, 0x0000000083d00000, 0x0000000083e00000|  0%| F|  |TAMS 0x0000000083d00000, 0x0000000083d00000| Untracked 
|  62|0x0000000083e00000, 0x0000000083e00000, 0x0000000083f00000|  0%| F|  |TAMS 0x0000000083e00000, 0x0000000083e00000| Untracked 
|  63|0x0000000083f00000, 0x0000000083f00000, 0x0000000084000000|  0%| F|  |TAMS 0x0000000083f00000, 0x0000000083f00000| Untracked 
|  64|0x0000000084000000, 0x0000000084000000, 0x0000000084100000|  0%| F|  |TAMS 0x0000000084000000, 0x0000000084000000| Untracked 
|  65|0x0000000084100000, 0x0000000084100000, 0x0000000084200000|  0%| F|  |TAMS 0x0000000084100000, 0x0000000084100000| Untracked 
|  66|0x0000000084200000, 0x0000000084200000, 0x0000000084300000|  0%| F|  |TAMS 0x0000000084200000, 0x0000000084200000| Untracked 
|  67|0x0000000084300000, 0x00000000843f23d0, 0x0000000084400000| 94%| S|CS|TAMS 0x0000000084300000, 0x0000000084300000| Complete 
|  68|0x0000000084400000, 0x0000000084500000, 0x0000000084500000|100%| S|CS|TAMS 0x0000000084400000, 0x0000000084400000| Complete 
|  69|0x0000000084500000, 0x0000000084600000, 0x0000000084600000|100%| S|CS|TAMS 0x0000000084500000, 0x0000000084500000| Complete 
|  70|0x0000000084600000, 0x0000000084700000, 0x0000000084700000|100%| S|CS|TAMS 0x0000000084600000, 0x0000000084600000| Complete 
|  71|0x0000000084700000, 0x0000000084700000, 0x0000000084800000|  0%| F|  |TAMS 0x0000000084700000, 0x0000000084700000| Untracked 
|  72|0x0000000084800000, 0x0000000084800000, 0x0000000084900000|  0%| F|  |TAMS 0x0000000084800000, 0x0000000084800000| Untracked 
|  73|0x0000000084900000, 0x0000000084900000, 0x0000000084a00000|  0%| F|  |TAMS 0x0000000084900000, 0x0000000084900000| Untracked 
|  74|0x0000000084a00000, 0x0000000084a00000, 0x0000000084b00000|  0%| F|  |TAMS 0x0000000084a00000, 0x0000000084a00000| Untracked 
|  75|0x0000000084b00000, 0x0000000084b00000, 0x0000000084c00000|  0%| F|  |TAMS 0x0000000084b00000, 0x0000000084b00000| Untracked 
|  76|0x0000000084c00000, 0x0000000084c00000, 0x0000000084d00000|  0%| F|  |TAMS 0x0000000084c00000, 0x0000000084c00000| Untracked 
|  77|0x0000000084d00000, 0x0000000084d00000, 0x0000000084e00000|  0%| F|  |TAMS 0x0000000084d00000, 0x0000000084d00000| Untracked 
|  78|0x0000000084e00000, 0x0000000084e00000, 0x0000000084f00000|  0%| F|  |TAMS 0x0000000084e00000, 0x0000000084e00000| Untracked 
|  79|0x0000000084f00000, 0x0000000084f00000, 0x0000000085000000|  0%| F|  |TAMS 0x0000000084f00000, 0x0000000084f00000| Untracked 
|  80|0x0000000085000000, 0x0000000085000000, 0x0000000085100000|  0%| F|  |TAMS 0x0000000085000000, 0x0000000085000000| Untracked 
|  81|0x0000000085100000, 0x0000000085100000, 0x0000000085200000|  0%| F|  |TAMS 0x0000000085100000, 0x0000000085100000| Untracked 
|  82|0x0000000085200000, 0x0000000085200000, 0x0000000085300000|  0%| F|  |TAMS 0x0000000085200000, 0x0000000085200000| Untracked 
|  83|0x0000000085300000, 0x0000000085300000, 0x0000000085400000|  0%| F|  |TAMS 0x0000000085300000, 0x0000000085300000| Untracked 
|  84|0x0000000085400000, 0x0000000085400000, 0x0000000085500000|  0%| F|  |TAMS 0x0000000085400000, 0x0000000085400000| Untracked 
|  85|0x0000000085500000, 0x0000000085500000, 0x0000000085600000|  0%| F|  |TAMS 0x0000000085500000, 0x0000000085500000| Untracked 
|  86|0x0000000085600000, 0x0000000085600000, 0x0000000085700000|  0%| F|  |TAMS 0x0000000085600000, 0x0000000085600000| Untracked 
|  87|0x0000000085700000, 0x0000000085700000, 0x0000000085800000|  0%| F|  |TAMS 0x0000000085700000, 0x0000000085700000| Untracked 
|  88|0x0000000085800000, 0x0000000085800000, 0x0000000085900000|  0%| F|  |TAMS 0x0000000085800000, 0x0000000085800000| Untracked 
|  89|0x0000000085900000, 0x0000000085900000, 0x0000000085a00000|  0%| F|  |TAMS 0x0000000085900000, 0x0000000085900000| Untracked 
|  90|0x0000000085a00000, 0x0000000085a00000, 0x0000000085b00000|  0%| F|  |TAMS 0x0000000085a00000, 0x0000000085a00000| Untracked 
|  91|0x0000000085b00000, 0x0000000085b00000, 0x0000000085c00000|  0%| F|  |TAMS 0x0000000085b00000, 0x0000000085b00000| Untracked 
|  92|0x0000000085c00000, 0x0000000085c00000, 0x0000000085d00000|  0%| F|  |TAMS 0x0000000085c00000, 0x0000000085c00000| Untracked 
|  93|0x0000000085d00000, 0x0000000085d00000, 0x0000000085e00000|  0%| F|  |TAMS 0x0000000085d00000, 0x0000000085d00000| Untracked 
|  94|0x0000000085e00000, 0x0000000085e00000, 0x0000000085f00000|  0%| F|  |TAMS 0x0000000085e00000, 0x0000000085e00000| Untracked 
|  95|0x0000000085f00000, 0x0000000085f00000, 0x0000000086000000|  0%| F|  |TAMS 0x0000000085f00000, 0x0000000085f00000| Untracked 
|  96|0x0000000086000000, 0x0000000086000000, 0x0000000086100000|  0%| F|  |TAMS 0x0000000086000000, 0x0000000086000000| Untracked 
|  97|0x0000000086100000, 0x0000000086100000, 0x0000000086200000|  0%| F|  |TAMS 0x0000000086100000, 0x0000000086100000| Untracked 
|  98|0x0000000086200000, 0x0000000086200000, 0x0000000086300000|  0%| F|  |TAMS 0x0000000086200000, 0x0000000086200000| Untracked 
|  99|0x0000000086300000, 0x0000000086300000, 0x0000000086400000|  0%| F|  |TAMS 0x0000000086300000, 0x0000000086300000| Untracked 
| 100|0x0000000086400000, 0x0000000086400000, 0x0000000086500000|  0%| F|  |TAMS 0x0000000086400000, 0x0000000086400000| Untracked 
| 101|0x0000000086500000, 0x0000000086500000, 0x0000000086600000|  0%| F|  |TAMS 0x0000000086500000, 0x0000000086500000| Untracked 
| 102|0x0000000086600000, 0x0000000086600000, 0x0000000086700000|  0%| F|  |TAMS 0x0000000086600000, 0x0000000086600000| Untracked 
| 103|0x0000000086700000, 0x0000000086700000, 0x0000000086800000|  0%| F|  |TAMS 0x0000000086700000, 0x0000000086700000| Untracked 
| 104|0x0000000086800000, 0x0000000086800000, 0x0000000086900000|  0%| F|  |TAMS 0x0000000086800000, 0x0000000086800000| Untracked 
| 105|0x0000000086900000, 0x0000000086900000, 0x0000000086a00000|  0%| F|  |TAMS 0x0000000086900000, 0x0000000086900000| Untracked 
| 106|0x0000000086a00000, 0x0000000086a00000, 0x0000000086b00000|  0%| F|  |TAMS 0x0000000086a00000, 0x0000000086a00000| Untracked 
| 107|0x0000000086b00000, 0x0000000086b00000, 0x0000000086c00000|  0%| F|  |TAMS 0x0000000086b00000, 0x0000000086b00000| Untracked 
| 108|0x0000000086c00000, 0x0000000086c00000, 0x0000000086d00000|  0%| F|  |TAMS 0x0000000086c00000, 0x0000000086c00000| Untracked 
| 109|0x0000000086d00000, 0x0000000086d00000, 0x0000000086e00000|  0%| F|  |TAMS 0x0000000086d00000, 0x0000000086d00000| Untracked 
| 110|0x0000000086e00000, 0x0000000086e00000, 0x0000000086f00000|  0%| F|  |TAMS 0x0000000086e00000, 0x0000000086e00000| Untracked 
| 111|0x0000000086f00000, 0x0000000086f00000, 0x0000000087000000|  0%| F|  |TAMS 0x0000000086f00000, 0x0000000086f00000| Untracked 

Card table byte_map: [0x00000222f8c20000,0x00000222f9020000] _byte_map_base: 0x00000222f8820000

Marking Bits (Prev, Next): (CMBitMap*) 0x00000222f473cb50, (CMBitMap*) 0x00000222f473cb18
 Prev Bits: [0x00000222fb420000, 0x00000222fd420000)
 Next Bits: [0x00000222f9420000, 0x00000222fb420000)

Polling page: 0x00000222f2db0000

Metaspace:

Usage:
  Non-class:     53.13 MB capacity,    52.29 MB ( 98%) used,   707.11 KB (  1%) free+waste,   155.94 KB ( <1%) overhead. 
      Class:      8.11 MB capacity,     7.54 MB ( 93%) used,   507.85 KB (  6%) free+waste,    73.56 KB ( <1%) overhead. 
       Both:     61.24 MB capacity,    59.83 MB ( 98%) used,     1.19 MB (  2%) free+waste,   229.50 KB ( <1%) overhead. 

Virtual space:
  Non-class space:       54.00 MB reserved,      53.25 MB ( 99%) committed 
      Class space:        1.00 GB reserved,       8.13 MB ( <1%) committed 
             Both:        1.05 GB reserved,      61.38 MB (  6%) committed 

Chunk freelists:
   Non-Class:  54.00 KB
       Class:  19.00 KB
        Both:  73.00 KB

MaxMetaspaceSize: 17179869184.00 GB
CompressedClassSpaceSize: 1.00 GB

CodeHeap 'non-profiled nmethods': size=120064Kb used=2567Kb max_used=2567Kb free=117496Kb
 bounds [0x0000022287ac0000, 0x0000022287d50000, 0x000002228f000000]
CodeHeap 'profiled nmethods': size=120000Kb used=11422Kb max_used=11422Kb free=108577Kb
 bounds [0x0000022280590000, 0x00000222810c0000, 0x0000022287ac0000]
CodeHeap 'non-nmethods': size=5696Kb used=2250Kb max_used=2277Kb free=3445Kb
 bounds [0x0000022280000000, 0x0000022280270000, 0x0000022280590000]
 total_blobs=6829 nmethods=5991 adapters=749
 compilation: enabled
              stopped_count=0, restarted_count=0
 full_count=0

Compilation events (20 events):
Event: 13.094 Thread 0x00000222ffa45800 nmethod 6053 0x00000222810b1210 code [0x00000222810b14a0, 0x00000222810b2278]
Event: 13.094 Thread 0x00000222ffa45800 6054       3       sun.security.provider.SHA2::implCompress (13 bytes)
Event: 13.095 Thread 0x00000222ffa45800 nmethod 6054 0x00000222810b2a10 code [0x00000222810b2c00, 0x00000222810b2f28]
Event: 13.095 Thread 0x00000222ffa45800 6055       3       sun.security.provider.SHA2::implCompressCheck (15 bytes)
Event: 13.095 Thread 0x00000222ffa45800 nmethod 6055 0x00000222810b3090 code [0x00000222810b3260, 0x00000222810b34f8]
Event: 13.101 Thread 0x00000222ffa45800 6057       3       sun.security.util.SignatureFileVerifier::updateSigners (132 bytes)
Event: 13.102 Thread 0x00000222ffa45800 nmethod 6057 0x00000222810b3610 code [0x00000222810b3900, 0x00000222810b4a28]
Event: 13.102 Thread 0x00000222ffa45800 6058       3       sun.security.util.SignatureFileVerifier::matches (93 bytes)
Event: 13.104 Thread 0x00000222ffa45800 nmethod 6058 0x00000222810b5110 code [0x00000222810b53c0, 0x00000222810b62b8]
Event: 13.104 Thread 0x00000222ffa45800 6059       1       java.security.Provider$Service::getType (5 bytes)
Event: 13.105 Thread 0x00000222ffa45800 nmethod 6059 0x0000022287d41190 code [0x0000022287d41340, 0x0000022287d413f8]
Event: 13.105 Thread 0x00000222ffa45800 6063       3       java.lang.String::regionMatches (150 bytes)
Event: 13.106 Thread 0x00000222ffa45800 nmethod 6063 0x00000222810b6910 code [0x00000222810b6b80, 0x00000222810b7548]
Event: 13.106 Thread 0x00000222ffa45800 6060       1       java.security.Provider$Service::getAlgorithm (5 bytes)
Event: 13.106 Thread 0x00000222ffa45800 nmethod 6060 0x0000022287d41490 code [0x0000022287d41640, 0x0000022287d416f8]
Event: 13.106 Thread 0x00000222ffa45800 6061       1       java.security.Provider$Service::getAliases (5 bytes)
Event: 13.106 Thread 0x00000222ffa45800 nmethod 6061 0x0000022287d41790 code [0x0000022287d41940, 0x0000022287d419f8]
Event: 13.106 Thread 0x00000222ffa45800 6062       1       java.security.Provider$Service::getProvider (5 bytes)
Event: 13.107 Thread 0x00000222ffa45800 nmethod 6062 0x0000022287d41a90 code [0x0000022287d41c40, 0x0000022287d41cf8]
Event: 13.109 Thread 0x00000222ffa45800 6064       3       java.io.InputStream::readNBytes (274 bytes)

GC Heap History (20 events):
Event: 4.941 GC heap after
{Heap after GC invocations=8 (full 0):
 garbage-first heap   total 78848K, used 18307K [0x0000000080000000, 0x0000000100000000)
  region size 1024K, 2 young (2048K), 2 survivors (2048K)
 Metaspace       used 23798K, capacity 24332K, committed 24576K, reserved 1071104K
  class space    used 3023K, capacity 3228K, committed 3328K, reserved 1048576K
}
Event: 5.527 GC heap before
{Heap before GC invocations=9 (full 0):
 garbage-first heap   total 78848K, used 50051K [0x0000000080000000, 0x0000000100000000)
  region size 1024K, 33 young (33792K), 2 survivors (2048K)
 Metaspace       used 26618K, capacity 27151K, committed 27392K, reserved 1073152K
  class space    used 3497K, capacity 3725K, committed 3840K, reserved 1048576K
}
Event: 5.535 GC heap after
{Heap after GC invocations=10 (full 0):
 garbage-first heap   total 78848K, used 19550K [0x0000000080000000, 0x0000000100000000)
  region size 1024K, 3 young (3072K), 3 survivors (3072K)
 Metaspace       used 26618K, capacity 27151K, committed 27392K, reserved 1073152K
  class space    used 3497K, capacity 3725K, committed 3840K, reserved 1048576K
}
Event: 6.172 GC heap before
{Heap before GC invocations=10 (full 0):
 garbage-first heap   total 78848K, used 52318K [0x0000000080000000, 0x0000000100000000)
  region size 1024K, 35 young (35840K), 3 survivors (3072K)
 Metaspace       used 29824K, capacity 30500K, committed 30720K, reserved 1075200K
  class space    used 3998K, capacity 4269K, committed 4352K, reserved 1048576K
}
Event: 6.183 GC heap after
{Heap after GC invocations=11 (full 0):
 garbage-first heap   total 95232K, used 20546K [0x0000000080000000, 0x0000000100000000)
  region size 1024K, 4 young (4096K), 4 survivors (4096K)
 Metaspace       used 29824K, capacity 30500K, committed 30720K, reserved 1075200K
  class space    used 3998K, capacity 4269K, committed 4352K, reserved 1048576K
}
Event: 7.257 GC heap before
{Heap before GC invocations=11 (full 0):
 garbage-first heap   total 95232K, used 57410K [0x0000000080000000, 0x0000000100000000)
  region size 1024K, 41 young (41984K), 4 survivors (4096K)
 Metaspace       used 36455K, capacity 37325K, committed 37632K, reserved 1081344K
  class space    used 4687K, capacity 5011K, committed 5120K, reserved 1048576K
}
Event: 7.273 GC heap after
{Heap after GC invocations=12 (full 0):
 garbage-first heap   total 95232K, used 25098K [0x0000000080000000, 0x0000000100000000)
  region size 1024K, 6 young (6144K), 6 survivors (6144K)
 Metaspace       used 36455K, capacity 37325K, committed 37632K, reserved 1081344K
  class space    used 4687K, capacity 5011K, committed 5120K, reserved 1048576K
}
Event: 8.054 GC heap before
{Heap before GC invocations=12 (full 0):
 garbage-first heap   total 95232K, used 71178K [0x0000000080000000, 0x0000000100000000)
  region size 1024K, 48 young (49152K), 6 survivors (6144K)
 Metaspace       used 39713K, capacity 40619K, committed 40832K, reserved 1085440K
  class space    used 5064K, capacity 5401K, committed 5504K, reserved 1048576K
}
Event: 8.073 GC heap after
{Heap after GC invocations=13 (full 0):
 garbage-first heap   total 95232K, used 28287K [0x0000000080000000, 0x0000000100000000)
  region size 1024K, 4 young (4096K), 4 survivors (4096K)
 Metaspace       used 39713K, capacity 40619K, committed 40832K, reserved 1085440K
  class space    used 5064K, capacity 5401K, committed 5504K, reserved 1048576K
}
Event: 8.111 GC heap before
{Heap before GC invocations=13 (full 0):
 garbage-first heap   total 95232K, used 30335K [0x0000000080000000, 0x0000000100000000)
  region size 1024K, 7 young (7168K), 4 survivors (4096K)
 Metaspace       used 39939K, capacity 40820K, committed 40960K, reserved 1085440K
  class space    used 5091K, capacity 5404K, committed 5504K, reserved 1048576K
}
Event: 8.119 GC heap after
{Heap after GC invocations=14 (full 0):
 garbage-first heap   total 95232K, used 28821K [0x0000000080000000, 0x0000000100000000)
  region size 1024K, 1 young (1024K), 1 survivors (1024K)
 Metaspace       used 39939K, capacity 40820K, committed 40960K, reserved 1085440K
  class space    used 5091K, capacity 5404K, committed 5504K, reserved 1048576K
}
Event: 8.794 GC heap before
{Heap before GC invocations=15 (full 0):
 garbage-first heap   total 95232K, used 66709K [0x0000000080000000, 0x0000000100000000)
  region size 1024K, 38 young (38912K), 1 survivors (1024K)
 Metaspace       used 43732K, capacity 44826K, committed 44928K, reserved 1087488K
  class space    used 5582K, capacity 5983K, committed 6016K, reserved 1048576K
}
Event: 8.803 GC heap after
{Heap after GC invocations=16 (full 0):
 garbage-first heap   total 114688K, used 29617K [0x0000000080000000, 0x0000000100000000)
  region size 1024K, 2 young (2048K), 2 survivors (2048K)
 Metaspace       used 43732K, capacity 44826K, committed 44928K, reserved 1087488K
  class space    used 5582K, capacity 5983K, committed 6016K, reserved 1048576K
}
Event: 9.754 GC heap before
{Heap before GC invocations=16 (full 0):
 garbage-first heap   total 114688K, used 76721K [0x0000000080000000, 0x0000000100000000)
  region size 1024K, 48 young (49152K), 2 survivors (2048K)
 Metaspace       used 46960K, capacity 48149K, committed 48256K, reserved 1091584K
  class space    used 6021K, capacity 6474K, committed 6528K, reserved 1048576K
}
Event: 9.765 GC heap after
{Heap after GC invocations=17 (full 0):
 garbage-first heap   total 114688K, used 32011K [0x0000000080000000, 0x0000000100000000)
  region size 1024K, 4 young (4096K), 4 survivors (4096K)
 Metaspace       used 46960K, capacity 48149K, committed 48256K, reserved 1091584K
  class space    used 6021K, capacity 6474K, committed 6528K, reserved 1048576K
}
Event: 11.034 GC heap before
{Heap before GC invocations=17 (full 0):
 garbage-first heap   total 114688K, used 85259K [0x0000000080000000, 0x0000000100000000)
  region size 1024K, 52 young (53248K), 4 survivors (4096K)
 Metaspace       used 48976K, capacity 50184K, committed 50304K, reserved 1093632K
  class space    used 6257K, capacity 6732K, committed 6784K, reserved 1048576K
}
Event: 11.053 GC heap after
{Heap after GC invocations=18 (full 0):
 garbage-first heap   total 114688K, used 45391K [0x0000000080000000, 0x0000000100000000)
  region size 1024K, 7 young (7168K), 7 survivors (7168K)
 Metaspace       used 48976K, capacity 50184K, committed 50304K, reserved 1093632K
  class space    used 6257K, capacity 6732K, committed 6784K, reserved 1048576K
}
Event: 12.007 GC heap before
{Heap before GC invocations=18 (full 0):
 garbage-first heap   total 114688K, used 85327K [0x0000000080000000, 0x0000000100000000)
  region size 1024K, 46 young (47104K), 7 survivors (7168K)
 Metaspace       used 54581K, capacity 55967K, committed 56192K, reserved 1097728K
  class space    used 6937K, capacity 7443K, committed 7552K, reserved 1048576K
}
Event: 12.023 GC heap after
{Heap after GC invocations=19 (full 0):
 garbage-first heap   total 114688K, used 47589K [0x0000000080000000, 0x0000000100000000)
  region size 1024K, 2 young (2048K), 2 survivors (2048K)
 Metaspace       used 54581K, capacity 55967K, committed 56192K, reserved 1097728K
  class space    used 6937K, capacity 7443K, committed 7552K, reserved 1048576K
}
Event: 13.110 GC heap before
{Heap before GC invocations=19 (full 0):
 garbage-first heap   total 114688K, used 87525K [0x0000000080000000, 0x0000000100000000)
  region size 1024K, 41 young (41984K), 2 survivors (2048K)
 Metaspace       used 61266K, capacity 62711K, committed 62848K, reserved 1103872K
  class space    used 7719K, capacity 8301K, committed 8320K, reserved 1048576K
}

Deoptimization events (20 events):
Event: 13.032 Thread 0x000002229174d000 Uncommon trap: trap_request=0xffffff4d fr.pc=0x0000022287bfc9e8 relative=0x0000000000000148
Event: 13.032 Thread 0x000002229174d000 Uncommon trap: reason=unstable_if action=reinterpret pc=0x0000022287bfc9e8 method=java.util.Arrays.hashCode([B)I @ 1 c2
Event: 13.032 Thread 0x000002229174d000 DEOPT PACKING pc=0x0000022287bfc9e8 sp=0x000000d6f8ef40d0
Event: 13.032 Thread 0x000002229174d000 DEOPT UNPACKING pc=0x00000222800265af sp=0x000000d6f8ef4048 mode 2
Event: 13.033 Thread 0x000002229174d000 Uncommon trap: trap_request=0xffffff4d fr.pc=0x0000022287cf2944 relative=0x0000000000000484
Event: 13.033 Thread 0x000002229174d000 Uncommon trap: reason=unstable_if action=reinterpret pc=0x0000022287cf2944 method=java.lang.StringLatin1.regionMatchesCI([BI[BII)Z @ 66 c2
Event: 13.033 Thread 0x000002229174d000 DEOPT PACKING pc=0x0000022287cf2944 sp=0x000000d6f8ef40f0
Event: 13.033 Thread 0x000002229174d000 DEOPT UNPACKING pc=0x00000222800265af sp=0x000000d6f8ef3f68 mode 2
Event: 13.034 Thread 0x000002229174d000 Uncommon trap: trap_request=0xffffff4d fr.pc=0x0000022287b93520 relative=0x0000000000000080
Event: 13.034 Thread 0x000002229174d000 Uncommon trap: reason=unstable_if action=reinterpret pc=0x0000022287b93520 method=java.lang.CharacterDataLatin1.isWhitespace(I)Z @ 14 c2
Event: 13.034 Thread 0x000002229174d000 DEOPT PACKING pc=0x0000022287b93520 sp=0x000000d6f8ef3df0
Event: 13.034 Thread 0x000002229174d000 DEOPT UNPACKING pc=0x00000222800265af sp=0x000000d6f8ef3d60 mode 2
Event: 13.046 Thread 0x000002229174d000 Uncommon trap: trap_request=0xffffff4d fr.pc=0x0000022287b767f4 relative=0x0000000000000334
Event: 13.046 Thread 0x000002229174d000 Uncommon trap: reason=unstable_if action=reinterpret pc=0x0000022287b767f4 method=java.lang.StringUTF16.compress([CII)[B @ 13 c2
Event: 13.046 Thread 0x000002229174d000 DEOPT PACKING pc=0x0000022287b767f4 sp=0x000000d6f8ef24b0
Event: 13.046 Thread 0x000002229174d000 DEOPT UNPACKING pc=0x00000222800265af sp=0x000000d6f8ef2378 mode 2
Event: 13.105 Thread 0x000002229174d000 Uncommon trap: trap_request=0xffffff4d fr.pc=0x0000022287c1d110 relative=0x0000000000000070
Event: 13.105 Thread 0x000002229174d000 Uncommon trap: reason=unstable_if action=reinterpret pc=0x0000022287c1d110 method=java.security.CodeSource.getCertificates()[Ljava/security/cert/Certificate; @ 22 c2
Event: 13.105 Thread 0x000002229174d000 DEOPT PACKING pc=0x0000022287c1d110 sp=0x000000d6f8ef47f0
Event: 13.105 Thread 0x000002229174d000 DEOPT UNPACKING pc=0x00000222800265af sp=0x000000d6f8ef4780 mode 2

Classes redefined (0 events):
No events

Internal exceptions (20 events):
Event: 10.859 Thread 0x00000222912dd800 Exception <a 'java/lang/NoSuchMethodError'{0x0000000084526ea0}: <clinit>> (0x0000000084526ea0) thrown at [./src/hotspot/share/prims/jni.cpp, line 1362]
Event: 10.859 Thread 0x00000222912dd800 Exception <a 'java/lang/NoSuchMethodError'{0x00000000845283e8}: <clinit>> (0x00000000845283e8) thrown at [./src/hotspot/share/prims/jni.cpp, line 1362]
Event: 10.859 Thread 0x00000222912dd800 Exception <a 'java/lang/NoSuchMethodError'{0x0000000084529408}: <clinit>> (0x0000000084529408) thrown at [./src/hotspot/share/prims/jni.cpp, line 1362]
Event: 10.864 Thread 0x00000222912dd800 Exception <a 'java/lang/NoSuchMethodError'{0x000000008453c7f8}: <clinit>> (0x000000008453c7f8) thrown at [./src/hotspot/share/prims/jni.cpp, line 1362]
Event: 10.866 Thread 0x00000222912dd800 Exception <a 'java/lang/NoSuchMethodError'{0x00000000845476d8}: <clinit>> (0x00000000845476d8) thrown at [./src/hotspot/share/prims/jni.cpp, line 1362]
Event: 10.873 Thread 0x00000222912dd800 Exception <a 'java/lang/NoSuchMethodError'{0x000000008455c3c8}: <clinit>> (0x000000008455c3c8) thrown at [./src/hotspot/share/prims/jni.cpp, line 1362]
Event: 10.895 Thread 0x000002229174d000 Exception <a 'java/lang/ClassNotFoundException'{0x00000000845b3c50}: build_4m5lvcro2kvny6ltso3gv7iwiBeanInfo> (0x00000000845b3c50) thrown at [./src/hotspot/share/classfile/systemDictionary.cpp, line 231]
Event: 10.896 Thread 0x000002229174d000 Exception <a 'java/lang/ClassNotFoundException'{0x00000000845bec08}: build_4m5lvcro2kvny6ltso3gv7iwiCustomizer> (0x00000000845bec08) thrown at [./src/hotspot/share/classfile/systemDictionary.cpp, line 231]
Event: 10.931 Thread 0x000002229174d000 Exception <a 'java/lang/ClassNotFoundException'{0x0000000084342cf8}: org/gradle/api/internal/plugins/DefaultObjectConfigurationActionBeanInfo> (0x0000000084342cf8) thrown at [./src/hotspot/share/classfile/systemDictionary.cpp, line 231]
Event: 10.933 Thread 0x000002229174d000 Exception <a 'java/lang/ClassNotFoundException'{0x0000000084377de8}: org/gradle/api/internal/plugins/DefaultObjectConfigurationActionCustomizer> (0x0000000084377de8) thrown at [./src/hotspot/share/classfile/systemDictionary.cpp, line 231]
Event: 11.206 Thread 0x000002229174d000 Exception <a 'java/lang/NoSuchMethodError'{0x00000000869d5810}: 'java.lang.Object java.lang.invoke.DirectMethodHandle$Holder.invokeStatic(java.lang.Object, java.lang.Object, java.lang.Object, java.lang.Object, int)'> (0x00000000869d5810) thrown at [./src/hotspot/share/interpreter/linkResolver.cpp, line 773]
Event: 11.207 Thread 0x000002229174d000 Exception <a 'java/lang/NoSuchMethodError'{0x00000000869da208}: 'java.lang.Object java.lang.invoke.DirectMethodHandle$Holder.invokeSpecial(java.lang.Object, java.lang.Object, java.lang.Object, java.lang.Object, java.lang.Object, int)'> (0x00000000869da208) thrown at [./src/hotspot/share/interpreter/linkResolver.cpp, line 773]
Event: 11.207 Thread 0x000002229174d000 Exception <a 'java/lang/NoSuchMethodError'{0x00000000869de848}: 'java.lang.Object java.lang.invoke.Invokers$Holder.linkToTargetMethod(java.lang.Object, java.lang.Object, java.lang.Object, int, java.lang.Object)'> (0x00000000869de848) thrown at [./src/hotspot/share/interpreter/linkResolver.cpp, line 773]
Event: 11.530 Thread 0x000002229174d000 Exception <a 'java/lang/NoSuchMethodError'{0x0000000085ab3640}: 'java.lang.Object java.lang.invoke.DirectMethodHandle$Holder.invokeSpecial(java.lang.Object, java.lang.Object, int, int, java.lang.Object, java.lang.Object, java.lang.Object)'> (0x0000000085ab3640) thrown at [./src/hotspot/share/interpreter/linkResolver.cpp, line 773]
Event: 11.531 Thread 0x000002229174d000 Exception <a 'java/lang/NoSuchMethodError'{0x0000000085ab7bc0}: 'java.lang.Object java.lang.invoke.DelegatingMethodHandle$Holder.reinvoke_L(java.lang.Object, int, int, java.lang.Object, java.lang.Object, java.lang.Object)'> (0x0000000085ab7bc0) thrown at [./src/hotspot/share/interpreter/linkResolver.cpp, line 773]
Event: 11.885 Thread 0x000002229174d000 Exception <a 'java/lang/NoSuchMethodError'{0x0000000084d1c420}: 'int java.lang.invoke.DirectMethodHandle$Holder.invokeInterface(java.lang.Object, java.lang.Object, java.lang.Object, java.lang.Object)'> (0x0000000084d1c420) thrown at [./src/hotspot/share/interpreter/linkResolver.cpp, line 773]
Event: 12.496 Thread 0x000002229174d000 Exception <a 'java/lang/NoSuchMethodError'{0x0000000085ec4d78}: 'void java.lang.invoke.DirectMethodHandle$Holder.invokeInterface(java.lang.Object, java.lang.Object, java.lang.Object, java.lang.Object)'> (0x0000000085ec4d78) thrown at [./src/hotspot/share/interpreter/linkResolver.cpp, line 773]
Event: 12.689 Thread 0x000002229174d000 Exception <a 'java/lang/IncompatibleClassChangeError'{0x0000000085547840}: Found class java.lang.Object, but interface was expected> (0x0000000085547840) thrown at [./src/hotspot/share/interpreter/linkResolver.cpp, line 839]
Event: 12.936 Thread 0x000002229174d000 Implicit null exception at 0x0000022287d2822d to 0x0000022287d284c8
Event: 13.032 Thread 0x000002229174d000 Implicit null exception at 0x0000022287bfc8ac to 0x0000022287bfc9da

Events (20 events):
Event: 13.091 loading class sun/security/util/KeyUtil done
Event: 13.091 loading class sun/security/util/Length
Event: 13.091 loading class sun/security/util/Length done
Event: 13.091 loading class javax/crypto/SecretKey
Event: 13.091 loading class javax/crypto/SecretKey done
Event: 13.099 loading class java/util/Base64
Event: 13.099 loading class java/util/Base64 done
Event: 13.099 loading class java/util/Base64$Decoder
Event: 13.100 loading class java/util/Base64$Decoder done
Event: 13.100 loading class java/util/Base64$Encoder
Event: 13.100 loading class java/util/Base64$Encoder done
Event: 13.101 loading class java/util/jar/JarVerifier$VerifierStream
Event: 13.102 loading class java/util/jar/JarVerifier$VerifierStream done
Event: 13.102 loading class sun/security/util/ManifestEntryVerifier$SunProviderHolder
Event: 13.103 loading class sun/security/util/ManifestEntryVerifier$SunProviderHolder done
Event: 13.105 loading class org/bouncycastle/operator/OperatorException
Event: 13.105 loading class org/bouncycastle/operator/OperatorException done
Event: 13.107 loading class org/bouncycastle/jce/provider/BouncyCastleProvider
Event: 13.107 loading class org/bouncycastle/jce/provider/BouncyCastleProvider done
Event: 13.110 Executing VM operation: G1CollectForAllocation


Dynamic libraries:
0x00007ff637e80000 - 0x00007ff637e8a000 	C:\Program Files\Android\Android Studio\jre\bin\java.exe
0x00007ffd5e470000 - 0x00007ffd5e665000 	C:\Windows\SYSTEM32\ntdll.dll
0x00007ffd5d530000 - 0x00007ffd5d5ee000 	C:\Windows\System32\KERNEL32.DLL
0x00007ffd5bd50000 - 0x00007ffd5c018000 	C:\Windows\System32\KERNELBASE.dll
0x00007ffd5c1c0000 - 0x00007ffd5c2c0000 	C:\Windows\System32\ucrtbase.dll
0x00007ffd558c0000 - 0x00007ffd558d9000 	C:\Program Files\Android\Android Studio\jre\bin\jli.dll
0x00007ffd56880000 - 0x00007ffd56897000 	C:\Program Files\Android\Android Studio\jre\bin\VCRUNTIME140.dll
0x00007ffd5d380000 - 0x00007ffd5d521000 	C:\Windows\System32\USER32.dll
0x00007ffd5c420000 - 0x00007ffd5c442000 	C:\Windows\System32\win32u.dll
0x00007ffd4f490000 - 0x00007ffd4f72a000 	C:\Windows\WinSxS\amd64_microsoft.windows.common-controls_6595b64144ccf1df_6.0.19041.1110_none_60b5254171f9507e\COMCTL32.dll
0x00007ffd5cba0000 - 0x00007ffd5cbcb000 	C:\Windows\System32\GDI32.dll
0x00007ffd5c5d0000 - 0x00007ffd5c66e000 	C:\Windows\System32\msvcrt.dll
0x00007ffd5c020000 - 0x00007ffd5c12d000 	C:\Windows\System32\gdi32full.dll
0x00007ffd5bbd0000 - 0x00007ffd5bc6d000 	C:\Windows\System32\msvcp_win.dll
0x00007ffd5c910000 - 0x00007ffd5c940000 	C:\Windows\System32\IMM32.DLL
0x00007ffd28690000 - 0x00007ffd2872d000 	C:\Program Files\Android\Android Studio\jre\bin\msvcp140.dll
0x00007ffd2d310000 - 0x00007ffd2dde5000 	C:\Program Files\Android\Android Studio\jre\bin\server\jvm.dll
0x00007ffd5c670000 - 0x00007ffd5c71c000 	C:\Windows\System32\ADVAPI32.dll
0x00007ffd5c530000 - 0x00007ffd5c5cb000 	C:\Windows\System32\sechost.dll
0x00007ffd5ca70000 - 0x00007ffd5cb9a000 	C:\Windows\System32\RPCRT4.dll
0x00007ffd5d7a0000 - 0x00007ffd5d7a8000 	C:\Windows\System32\PSAPI.DLL
0x00007ffd4df70000 - 0x00007ffd4df97000 	C:\Windows\SYSTEM32\WINMM.dll
0x00007ffd57240000 - 0x00007ffd57249000 	C:\Windows\SYSTEM32\WSOCK32.dll
0x00007ffd50db0000 - 0x00007ffd50dba000 	C:\Windows\SYSTEM32\VERSION.dll
0x00007ffd5c780000 - 0x00007ffd5c7eb000 	C:\Windows\System32\ws2_32.DLL
0x00007ffd59b10000 - 0x00007ffd59b22000 	C:\Windows\SYSTEM32\kernel.appcore.dll
0x00007ffd56d70000 - 0x00007ffd56d81000 	C:\Program Files\Android\Android Studio\jre\bin\verify.dll
0x00007ffd47220000 - 0x00007ffd47404000 	C:\Windows\SYSTEM32\DBGHELP.DLL
0x00007ffd47180000 - 0x00007ffd471ac000 	C:\Windows\SYSTEM32\dbgcore.DLL
0x00007ffd5c130000 - 0x00007ffd5c1b2000 	C:\Windows\System32\bcryptPrimitives.dll
0x00007ffd56990000 - 0x00007ffd569b9000 	C:\Program Files\Android\Android Studio\jre\bin\java.dll
0x00007ffd57230000 - 0x00007ffd5723b000 	C:\Program Files\Android\Android Studio\jre\bin\jimage.dll
0x00007ffd56970000 - 0x00007ffd56988000 	C:\Program Files\Android\Android Studio\jre\bin\zip.dll
0x00007ffd5d7b0000 - 0x00007ffd5def4000 	C:\Windows\System32\SHELL32.dll
0x00007ffd59e20000 - 0x00007ffd5a5b4000 	C:\Windows\SYSTEM32\windows.storage.dll
0x00007ffd5cdf0000 - 0x00007ffd5d145000 	C:\Windows\System32\combase.dll
0x00007ffd5b500000 - 0x00007ffd5b52e000 	C:\Windows\SYSTEM32\Wldp.dll
0x00007ffd5c7f0000 - 0x00007ffd5c89d000 	C:\Windows\System32\SHCORE.dll
0x00007ffd5cca0000 - 0x00007ffd5ccf5000 	C:\Windows\System32\shlwapi.dll
0x00007ffd5bac0000 - 0x00007ffd5badf000 	C:\Windows\SYSTEM32\profapi.dll
0x00007ffd558e0000 - 0x00007ffd558fa000 	C:\Program Files\Android\Android Studio\jre\bin\net.dll
0x00007ffd536d0000 - 0x00007ffd537dc000 	C:\Windows\SYSTEM32\WINHTTP.dll
0x00007ffd5b260000 - 0x00007ffd5b2ca000 	C:\Windows\system32\mswsock.dll
0x00007ffd54c30000 - 0x00007ffd54c44000 	C:\Program Files\Android\Android Studio\jre\bin\nio.dll
0x00007ffd51e90000 - 0x00007ffd51eb7000 	C:\Users\Admin\.gradle\native\e1d6ef7f7dcc3fd88c89a11ec53ec762bb8ba0a96d01ffa2cd45eb1d1d8dd5c5\windows-amd64\native-platform.dll
0x00007ffd28540000 - 0x00007ffd28684000 	C:\Users\Admin\.gradle\native\5664cfc778a61ccfe75a443a1ab52a65af34e5dc3c78e0209fed803814484fcb\windows-amd64\native-platform-file-events.dll
0x00007ffd56870000 - 0x00007ffd5687a000 	C:\Program Files\Android\Android Studio\jre\bin\management.dll
0x00007ffd56760000 - 0x00007ffd5676d000 	C:\Program Files\Android\Android Studio\jre\bin\management_ext.dll
0x00007ffd5b460000 - 0x00007ffd5b478000 	C:\Windows\SYSTEM32\CRYPTSP.dll
0x00007ffd5ad90000 - 0x00007ffd5adc4000 	C:\Windows\system32\rsaenh.dll
0x00007ffd5bd20000 - 0x00007ffd5bd47000 	C:\Windows\System32\bcrypt.dll
0x00007ffd5ba40000 - 0x00007ffd5ba6e000 	C:\Windows\SYSTEM32\USERENV.dll
0x00007ffd5b450000 - 0x00007ffd5b45c000 	C:\Windows\SYSTEM32\CRYPTBASE.dll
0x00007ffd5af50000 - 0x00007ffd5af8b000 	C:\Windows\SYSTEM32\IPHLPAPI.DLL
0x00007ffd5cd00000 - 0x00007ffd5cd08000 	C:\Windows\System32\NSI.dll
0x00007ffd54230000 - 0x00007ffd54247000 	C:\Windows\SYSTEM32\dhcpcsvc6.DLL
0x00007ffd54210000 - 0x00007ffd5422d000 	C:\Windows\SYSTEM32\dhcpcsvc.DLL
0x00007ffd5af90000 - 0x00007ffd5b05b000 	C:\Windows\SYSTEM32\DNSAPI.dll

dbghelp: loaded successfully - version: 4.0.5 - missing functions: none
symbol engine: initialized successfully - sym options: 0x614 - pdb path: .;C:\Program Files\Android\Android Studio\jre\bin;C:\Windows\SYSTEM32;C:\Windows\WinSxS\amd64_microsoft.windows.common-controls_6595b64144ccf1df_6.0.19041.1110_none_60b5254171f9507e;C:\Program Files\Android\Android Studio\jre\bin\server;C:\Users\Admin\.gradle\native\e1d6ef7f7dcc3fd88c89a11ec53ec762bb8ba0a96d01ffa2cd45eb1d1d8dd5c5\windows-amd64;C:\Users\Admin\.gradle\native\5664cfc778a61ccfe75a443a1ab52a65af34e5dc3c78e0209fed803814484fcb\windows-amd64

VM Arguments:
jvm_args: --add-opens=java.base/java.util=ALL-UNNAMED --add-opens=java.base/java.lang=ALL-UNNAMED --add-opens=java.base/java.lang.invoke=ALL-UNNAMED --add-opens=java.base/java.util=ALL-UNNAMED --add-opens=java.prefs/java.util.prefs=ALL-UNNAMED --add-opens=java.prefs/java.util.prefs=ALL-UNNAMED --add-opens=java.base/java.nio.charset=ALL-UNNAMED --add-opens=java.base/java.net=ALL-UNNAMED --add-opens=java.base/java.util.concurrent.atomic=ALL-UNNAMED -Xmx2048m -Dfile.encoding=UTF-8 -Duser.country=US -Duser.language=en -Duser.variant 
java_command: org.gradle.launcher.daemon.bootstrap.GradleDaemon 7.2
java_class_path (initial): C:\Users\Admin\.gradle\wrapper\dists\gradle-7.2-bin\2dnblmf4td7x66yl1d74lt32g\gradle-7.2\lib\gradle-launcher-7.2.jar
Launcher Type: SUN_STANDARD

[Global flags]
     intx CICompilerCount                          = 3                                         {product} {ergonomic}
     uint ConcGCThreads                            = 1                                         {product} {ergonomic}
     uint G1ConcRefinementThreads                  = 4                                         {product} {ergonomic}
   size_t G1HeapRegionSize                         = 1048576                                   {product} {ergonomic}
    uintx GCDrainStackTargetSize                   = 64                                        {product} {ergonomic}
   size_t InitialHeapSize                          = 67108864                                  {product} {ergonomic}
   size_t MarkStackSize                            = 4194304                                   {product} {ergonomic}
   size_t MaxHeapSize                              = 2147483648                                {product} {command line}
   size_t MaxNewSize                               = 1287651328                                {product} {ergonomic}
   size_t MinHeapDeltaBytes                        = 1048576                                   {product} {ergonomic}
    uintx NonNMethodCodeHeapSize                   = 5830732                                {pd product} {ergonomic}
    uintx NonProfiledCodeHeapSize                  = 122913754                              {pd product} {ergonomic}
    uintx ProfiledCodeHeapSize                     = 122913754                              {pd product} {ergonomic}
    uintx ReservedCodeCacheSize                    = 251658240                              {pd product} {ergonomic}
     bool SegmentedCodeCache                       = true                                      {product} {ergonomic}
     bool UseCompressedClassPointers               = true                                 {lp64_product} {ergonomic}
     bool UseCompressedOops                        = true                                 {lp64_product} {ergonomic}
     bool UseG1GC                                  = true                                      {product} {ergonomic}
     bool UseLargePagesIndividualAllocation        = false                                  {pd product} {ergonomic}

Logging:
Log output configuration:
 #0: stdout all=warning uptime,level,tags
 #1: stderr all=off uptime,level,tags

Environment Variables:
PATH=C:\Program Files (x86)\Common Files\Oracle\Java\javapath;C:\Program Files (x86)\VMware\VMware Player\bin\;C:\Windows\system32;C:\Windows;C:\Windows\System32\Wbem;C:\Windows\System32\WindowsPowerShell\v1.0\;C:\Windows\System32\OpenSSH\;C:\Program Files\dotnet\;C:\Users\Admin\AppData\Local\Microsoft\WindowsApps;C:\Users\Admin\.dotnet\tools
USERNAME=Admin
OS=Windows_NT
PROCESSOR_IDENTIFIER=Intel64 Family 6 Model 42 Stepping 7, GenuineIntel



---------------  S Y S T E M  ---------------

OS: Windows 10 , 64 bit Build 19041 (10.0.19041.1348)
OS uptime: 0 days 1:16 hours

CPU:total 4 (initial active 4) (2 cores per cpu, 2 threads per core) family 6 model 42 stepping 7 microcode 0x2f, cmov, cx8, fxsr, mmx, sse, sse2, sse3, ssse3, sse4.1, sse4.2, popcnt, avx, clmul, ht, tsc, tscinvbit

Memory: 4k page, system-wide physical 4004M (259M free)
TotalPageFile size 4004M (AvailPageFile size 8M)
current process WorkingSet (physical memory assigned to process): 251M, peak: 254M
current process commit charge ("private bytes"): 317M, peak: 340M

vm_info: OpenJDK 64-Bit Server VM (11.0.11+9-b60-7590822) for windows-amd64 JRE (11.0.11+9-b60-7590822), built on Jul 29 2021 21:43:44 by "builder" with MS VC++ 14.0 (VS2015)

END.
