#
# There is insufficient memory for the Java Runtime Environment to continue.
# Native memory allocation (mmap) failed to map 19922944 bytes for Failed to commit area from 0x0000000085d00000 to 0x0000000087000000 of length 19922944.
# Possible reasons:
#   The system is out of physical RAM or swap space
#   The process is running with CompressedOops enabled, and the Java Heap may be blocking the growth of the native heap
# Possible solutions:
#   Reduce memory load on the system
#   Increase physical memory or swap space
#   Check if swap backing store is full
#   Decrease Java heap size (-Xmx/-Xms)
#   Decrease number of Java threads
#   Decrease Java thread stack sizes (-Xss)
#   Set larger code cache with -XX:ReservedCodeCacheSize=
#   JVM is running with Unscaled Compressed Oops mode in which the Java heap is
#     placed in the first 4GB address space. The Java Heap base address is the
#     maximum limit for the native heap growth. Please use -XX:HeapBaseMinAddress
#     to set the Java Heap base and to place the Java Heap above 4GB virtual address.
# This output file may be truncated or incomplete.
#
#  Out of Memory Error (./src/hotspot/os/windows/os_windows.cpp:3301), pid=6132, tid=6096
#
# JRE version: OpenJDK Runtime Environment (11.0.11+9) (build 11.0.11+9-b60-7590822)
# Java VM: OpenJDK 64-Bit Server VM (11.0.11+9-b60-7590822, mixed mode, tiered, compressed oops, g1 gc, windows-amd64)
# No core dump will be written. Minidumps are not enabled by default on client versions of Windows
#

---------------  S U M M A R Y ------------

Command Line: --add-opens=java.base/java.util=ALL-UNNAMED --add-opens=java.base/java.lang=ALL-UNNAMED --add-opens=java.base/java.lang.invoke=ALL-UNNAMED --add-opens=java.base/java.util=ALL-UNNAMED --add-opens=java.prefs/java.util.prefs=ALL-UNNAMED --add-opens=java.prefs/java.util.prefs=ALL-UNNAMED --add-opens=java.base/java.nio.charset=ALL-UNNAMED --add-opens=java.base/java.net=ALL-UNNAMED --add-opens=java.base/java.util.concurrent.atomic=ALL-UNNAMED -Xmx2048m -Dfile.encoding=UTF-8 -Duser.country=US -Duser.language=en -Duser.variant org.gradle.launcher.daemon.bootstrap.GradleDaemon 7.2

Host: Intel(R) Core(TM) i3-2330M CPU @ 2.20GHz, 4 cores, 3G,  Windows 10 , 64 bit Build 19041 (10.0.19041.1348)
Time: Fri May 13 15:27:09 2022 SE Asia Standard Time elapsed time: 10.810698 seconds (0d 0h 0m 10s)

---------------  T H R E A D  ---------------

Current thread (0x000001d576933800):  VMThread "VM Thread" [stack: 0x000000b2d3b00000,0x000000b2d3c00000] [id=6096]

Stack: [0x000000b2d3b00000,0x000000b2d3c00000]
[error occurred during error reporting (printing stack bounds), id 0xc0000005, EXCEPTION_ACCESS_VIOLATION (0xc0000005) at pc=0x000001d560150f2d]

Native frames: (J=compiled Java code, j=interpreted, Vv=VM code, C=native code)
V  [jvm.dll+0x5f214a]
V  [jvm.dll+0x726fb5]
V  [jvm.dll+0x7285cd]
V  [jvm.dll+0x728be5]
V  [jvm.dll+0x728b9b]
V  [jvm.dll+0x5f14e8]
V  [jvm.dll+0x5f1c78]
C  [ntdll.dll+0xa20cf]
C  [ntdll.dll+0x51454]
C  [ntdll.dll+0xa0bfe]
C  0x000001d560150f2d

VM_Operation (0x000000b2d4df79c0): G1CollectForAllocation, mode: safepoint, requested by thread 0x000001d578dad000


---------------  P R O C E S S  ---------------

Threads class SMR info:
_java_thread_list=0x000001d57ac094d0, length=77, elements={
0x000001d55c64c000, 0x000001d57693a800, 0x000001d576948000, 0x000001d576998800,
0x000001d576999800, 0x000001d57699c000, 0x000001d5769a1800, 0x000001d5769ad000,
0x000001d5769b7000, 0x000001d577444000, 0x000001d57914c800, 0x000001d5796f4000,
0x000001d57a37c800, 0x000001d578677800, 0x000001d57865b000, 0x000001d5799d7000,
0x000001d578dad000, 0x000001d5786eb800, 0x000001d57988b800, 0x000001d5769b0000,
0x000001d5769b1800, 0x000001d5769b2800, 0x000001d5769ae800, 0x000001d5769af800,
0x000001d5769b1000, 0x000001d5769b3800, 0x000001d577f16000, 0x000001d577f13000,
0x000001d577f14800, 0x000001d577f14000, 0x000001d577f11800, 0x000001d577f1c800,
0x000001d577f1c000, 0x000001d577f1d800, 0x000001d577f18800, 0x000001d577f1b000,
0x000001d577f18000, 0x000001d577f1e800, 0x000001d577f1f000, 0x000001d57aadb800,
0x000001d57aadc800, 0x000001d57aada000, 0x000001d57aadd800, 0x000001d57aad9800,
0x000001d57aae0800, 0x000001d57aade000, 0x000001d57aadf000, 0x000001d57aae0000,
0x000001d57aadb000, 0x000001d57aae4800, 0x000001d57aae5800, 0x000001d57aae3000,
0x000001d57aae6800, 0x000001d57aae2800, 0x000001d57aae7000, 0x000001d57aae1800,
0x000001d57aae4000, 0x000001d57aae8000, 0x000001d57ae08800, 0x000001d57ae0b800,
0x000001d57ae09000, 0x000001d57ae0c800, 0x000001d57ae0b000, 0x000001d57ae0f800,
0x000001d57ae0a000, 0x000001d57ae0e000, 0x000001d57ae0f000, 0x000001d57ae10800,
0x000001d57ae11800, 0x000001d57ae12000, 0x000001d57ae13000, 0x000001d57ae0d800,
0x000001d57ae17000, 0x000001d57ae14800, 0x000001d57ae14000, 0x000001d57ae16800,
0x000001d57ae15800
}

Java Threads: ( => current thread )
  0x000001d55c64c000 JavaThread "main" [_thread_blocked, id=4336, stack(0x000000b2d3500000,0x000000b2d3600000)]
  0x000001d57693a800 JavaThread "Reference Handler" daemon [_thread_blocked, id=1700, stack(0x000000b2d3c00000,0x000000b2d3d00000)]
  0x000001d576948000 JavaThread "Finalizer" daemon [_thread_blocked, id=3496, stack(0x000000b2d3d00000,0x000000b2d3e00000)]
  0x000001d576998800 JavaThread "Signal Dispatcher" daemon [_thread_blocked, id=6092, stack(0x000000b2d3e00000,0x000000b2d3f00000)]
  0x000001d576999800 JavaThread "Attach Listener" daemon [_thread_blocked, id=4984, stack(0x000000b2d3f00000,0x000000b2d4000000)]
  0x000001d57699c000 JavaThread "Service Thread" daemon [_thread_blocked, id=4928, stack(0x000000b2d4000000,0x000000b2d4100000)]
  0x000001d5769a1800 JavaThread "C2 CompilerThread0" daemon [_thread_blocked, id=4748, stack(0x000000b2d4100000,0x000000b2d4200000)]
  0x000001d5769ad000 JavaThread "C1 CompilerThread0" daemon [_thread_blocked, id=4072, stack(0x000000b2d4200000,0x000000b2d4300000)]
  0x000001d5769b7000 JavaThread "Sweeper thread" daemon [_thread_blocked, id=5384, stack(0x000000b2d4300000,0x000000b2d4400000)]
  0x000001d577444000 JavaThread "Common-Cleaner" daemon [_thread_blocked, id=5500, stack(0x000000b2d4400000,0x000000b2d4500000)]
  0x000001d57914c800 JavaThread "Daemon health stats" [_thread_blocked, id=2196, stack(0x000000b2d4800000,0x000000b2d4900000)]
  0x000001d5796f4000 JavaThread "Incoming local TCP Connector on port 58575" [_thread_in_native, id=2980, stack(0x000000b2d4600000,0x000000b2d4700000)]
  0x000001d57a37c800 JavaThread "Daemon periodic checks" [_thread_blocked, id=440, stack(0x000000b2d4900000,0x000000b2d4a00000)]
  0x000001d578677800 JavaThread "Daemon" [_thread_blocked, id=32, stack(0x000000b2d4a00000,0x000000b2d4b00000)]
  0x000001d57865b000 JavaThread "Handler for socket connection from /127.0.0.1:58575 to /127.0.0.1:58576" [_thread_in_native, id=1952, stack(0x000000b2d4b00000,0x000000b2d4c00000)]
  0x000001d5799d7000 JavaThread "Cancel handler" [_thread_blocked, id=3076, stack(0x000000b2d4c00000,0x000000b2d4d00000)]
  0x000001d578dad000 JavaThread "Daemon worker" [_thread_blocked, id=2004, stack(0x000000b2d4d00000,0x000000b2d4e00000)]
  0x000001d5786eb800 JavaThread "Asynchronous log dispatcher for DefaultDaemonConnection: socket connection from /127.0.0.1:58575 to /127.0.0.1:58576" [_thread_blocked, id=1340, stack(0x000000b2d4e00000,0x000000b2d4f00000)]
  0x000001d57988b800 JavaThread "Stdin handler" [_thread_blocked, id=792, stack(0x000000b2d4f00000,0x000000b2d5000000)]
  0x000001d5769b0000 JavaThread "Daemon client event forwarder" [_thread_blocked, id=672, stack(0x000000b2d5000000,0x000000b2d5100000)]
  0x000001d5769b1800 JavaThread "Cache worker for journal cache (C:\Users\Admin\.gradle\caches\journal-1)" [_thread_blocked, id=5044, stack(0x000000b2d5300000,0x000000b2d5400000)]
  0x000001d5769b2800 JavaThread "File lock request listener" [_thread_in_native, id=5872, stack(0x000000b2d5400000,0x000000b2d5500000)]
  0x000001d5769ae800 JavaThread "Cache worker for file hash cache (C:\Users\Admin\.gradle\caches\7.2\fileHashes)" [_thread_blocked, id=868, stack(0x000000b2d5500000,0x000000b2d5600000)]
  0x000001d5769af800 JavaThread "Cache worker for file hash cache (C:\Users\Admin\AndroidStudioProjects\curency\.gradle\7.2\fileHashes)" [_thread_blocked, id=3544, stack(0x000000b2d5600000,0x000000b2d5700000)]
  0x000001d5769b1000 JavaThread "File watcher server" daemon [_thread_in_native, id=4316, stack(0x000000b2d5700000,0x000000b2d5800000)]
  0x000001d5769b3800 JavaThread "File watcher consumer" daemon [_thread_blocked, id=1456, stack(0x000000b2d5800000,0x000000b2d5900000)]
  0x000001d577f16000 JavaThread "Cache worker for checksums cache (C:\Users\Admin\AndroidStudioProjects\curency\.gradle\checksums)" [_thread_blocked, id=4136, stack(0x000000b2d5900000,0x000000b2d5a00000)]
  0x000001d577f13000 JavaThread "Cache worker for cache directory md-supplier (C:\Users\Admin\.gradle\caches\7.2\md-supplier)" [_thread_blocked, id=5212, stack(0x000000b2d5a00000,0x000000b2d5b00000)]
  0x000001d577f14800 JavaThread "Cache worker for cache directory md-rule (C:\Users\Admin\.gradle\caches\7.2\md-rule)" [_thread_blocked, id=4848, stack(0x000000b2d5b00000,0x000000b2d5c00000)]
  0x000001d577f14000 JavaThread "Cache worker for execution history cache (C:\Users\Admin\.gradle\caches\7.2\executionHistory)" [_thread_blocked, id=1940, stack(0x000000b2d5c00000,0x000000b2d5d00000)]
  0x000001d577f11800 JavaThread "jar transforms" [_thread_blocked, id=1668, stack(0x000000b2d5d00000,0x000000b2d5e00000)]
  0x000001d577f1c800 JavaThread "Cache worker for file content cache (C:\Users\Admin\.gradle\caches\7.2\fileContent)" [_thread_blocked, id=3100, stack(0x000000b2d5e00000,0x000000b2d5f00000)]
  0x000001d577f1c000 JavaThread "jar transforms Thread 2" [_thread_blocked, id=4584, stack(0x000000b2d5f00000,0x000000b2d6000000)]
  0x000001d577f1d800 JavaThread "Cache worker for dependencies-accessors (C:\Users\Admin\AndroidStudioProjects\curency\.gradle\7.2\dependencies-accessors)" [_thread_blocked, id=1584, stack(0x000000b2d6000000,0x000000b2d6100000)]
  0x000001d577f18800 JavaThread "jar transforms Thread 3" [_thread_blocked, id=2408, stack(0x000000b2d6100000,0x000000b2d6200000)]
  0x000001d577f1b000 JavaThread "Cache worker for Build Output Cleanup Cache (C:\Users\Admin\AndroidStudioProjects\curency\.gradle\buildOutputCleanup)" [_thread_blocked, id=4320, stack(0x000000b2d6200000,0x000000b2d6300000)]
  0x000001d577f18000 JavaThread "Unconstrained build operations" [_thread_blocked, id=6012, stack(0x000000b2d6300000,0x000000b2d6400000)]
  0x000001d577f1e800 JavaThread "Unconstrained build operations Thread 2" [_thread_blocked, id=6072, stack(0x000000b2d6400000,0x000000b2d6500000)]
  0x000001d577f1f000 JavaThread "Unconstrained build operations Thread 3" [_thread_blocked, id=5356, stack(0x000000b2d6500000,0x000000b2d6600000)]
  0x000001d57aadb800 JavaThread "Unconstrained build operations Thread 4" [_thread_blocked, id=704, stack(0x000000b2d6600000,0x000000b2d6700000)]
  0x000001d57aadc800 JavaThread "Unconstrained build operations Thread 5" [_thread_blocked, id=5152, stack(0x000000b2d6700000,0x000000b2d6800000)]
  0x000001d57aada000 JavaThread "Unconstrained build operations Thread 6" [_thread_blocked, id=2100, stack(0x000000b2d6800000,0x000000b2d6900000)]
  0x000001d57aadd800 JavaThread "Unconstrained build operations Thread 7" [_thread_blocked, id=5424, stack(0x000000b2d6900000,0x000000b2d6a00000)]
  0x000001d57aad9800 JavaThread "Unconstrained build operations Thread 8" [_thread_blocked, id=3952, stack(0x000000b2d6a00000,0x000000b2d6b00000)]
  0x000001d57aae0800 JavaThread "Unconstrained build operations Thread 9" [_thread_blocked, id=1752, stack(0x000000b2d6b00000,0x000000b2d6c00000)]
  0x000001d57aade000 JavaThread "Unconstrained build operations Thread 10" [_thread_blocked, id=6140, stack(0x000000b2d6c00000,0x000000b2d6d00000)]
  0x000001d57aadf000 JavaThread "Unconstrained build operations Thread 11" [_thread_blocked, id=5860, stack(0x000000b2d6d00000,0x000000b2d6e00000)]
  0x000001d57aae0000 JavaThread "Unconstrained build operations Thread 12" [_thread_blocked, id=1276, stack(0x000000b2d6e00000,0x000000b2d6f00000)]
  0x000001d57aadb000 JavaThread "Unconstrained build operations Thread 13" [_thread_blocked, id=5492, stack(0x000000b2d6f00000,0x000000b2d7000000)]
  0x000001d57aae4800 JavaThread "Unconstrained build operations Thread 14" [_thread_blocked, id=5276, stack(0x000000b2d7000000,0x000000b2d7100000)]
  0x000001d57aae5800 JavaThread "Unconstrained build operations Thread 15" [_thread_blocked, id=3736, stack(0x000000b2d7100000,0x000000b2d7200000)]
  0x000001d57aae3000 JavaThread "Unconstrained build operations Thread 16" [_thread_blocked, id=4956, stack(0x000000b2d7200000,0x000000b2d7300000)]
  0x000001d57aae6800 JavaThread "Unconstrained build operations Thread 17" [_thread_blocked, id=5296, stack(0x000000b2d7300000,0x000000b2d7400000)]
  0x000001d57aae2800 JavaThread "Unconstrained build operations Thread 18" [_thread_blocked, id=2368, stack(0x000000b2d7400000,0x000000b2d7500000)]
  0x000001d57aae7000 JavaThread "Unconstrained build operations Thread 19" [_thread_blocked, id=788, stack(0x000000b2d7500000,0x000000b2d7600000)]
  0x000001d57aae1800 JavaThread "Unconstrained build operations Thread 20" [_thread_blocked, id=3708, stack(0x000000b2d7600000,0x000000b2d7700000)]
  0x000001d57aae4000 JavaThread "Unconstrained build operations Thread 21" [_thread_blocked, id=2984, stack(0x000000b2d7700000,0x000000b2d7800000)]
  0x000001d57aae8000 JavaThread "Unconstrained build operations Thread 22" [_thread_blocked, id=2744, stack(0x000000b2d7800000,0x000000b2d7900000)]
  0x000001d57ae08800 JavaThread "Unconstrained build operations Thread 23" [_thread_blocked, id=2624, stack(0x000000b2d7900000,0x000000b2d7a00000)]
  0x000001d57ae0b800 JavaThread "Unconstrained build operations Thread 24" [_thread_blocked, id=3656, stack(0x000000b2d7a00000,0x000000b2d7b00000)]
  0x000001d57ae09000 JavaThread "Unconstrained build operations Thread 25" [_thread_blocked, id=3312, stack(0x000000b2d7b00000,0x000000b2d7c00000)]
  0x000001d57ae0c800 JavaThread "Unconstrained build operations Thread 26" [_thread_blocked, id=1128, stack(0x000000b2d7c00000,0x000000b2d7d00000)]
  0x000001d57ae0b000 JavaThread "Unconstrained build operations Thread 27" [_thread_blocked, id=4600, stack(0x000000b2d7d00000,0x000000b2d7e00000)]
  0x000001d57ae0f800 JavaThread "Unconstrained build operations Thread 28" [_thread_blocked, id=5460, stack(0x000000b2d7e00000,0x000000b2d7f00000)]
  0x000001d57ae0a000 JavaThread "Unconstrained build operations Thread 29" [_thread_blocked, id=2700, stack(0x000000b2d7f00000,0x000000b2d8000000)]
  0x000001d57ae0e000 JavaThread "Unconstrained build operations Thread 30" [_thread_blocked, id=5948, stack(0x000000b2d8000000,0x000000b2d8100000)]
  0x000001d57ae0f000 JavaThread "Unconstrained build operations Thread 31" [_thread_blocked, id=5016, stack(0x000000b2d8100000,0x000000b2d8200000)]
  0x000001d57ae10800 JavaThread "Unconstrained build operations Thread 32" [_thread_blocked, id=2236, stack(0x000000b2d8200000,0x000000b2d8300000)]
  0x000001d57ae11800 JavaThread "Unconstrained build operations Thread 33" [_thread_blocked, id=3168, stack(0x000000b2d8300000,0x000000b2d8400000)]
  0x000001d57ae12000 JavaThread "Unconstrained build operations Thread 34" [_thread_blocked, id=4808, stack(0x000000b2d8400000,0x000000b2d8500000)]
  0x000001d57ae13000 JavaThread "Unconstrained build operations Thread 35" [_thread_blocked, id=2404, stack(0x000000b2d8500000,0x000000b2d8600000)]
  0x000001d57ae0d800 JavaThread "Unconstrained build operations Thread 36" [_thread_blocked, id=3124, stack(0x000000b2d8600000,0x000000b2d8700000)]
  0x000001d57ae17000 JavaThread "Unconstrained build operations Thread 37" [_thread_blocked, id=2088, stack(0x000000b2d8700000,0x000000b2d8800000)]
  0x000001d57ae14800 JavaThread "Unconstrained build operations Thread 38" [_thread_blocked, id=4152, stack(0x000000b2d8800000,0x000000b2d8900000)]
  0x000001d57ae14000 JavaThread "Unconstrained build operations Thread 39" [_thread_blocked, id=2580, stack(0x000000b2d8900000,0x000000b2d8a00000)]
  0x000001d57ae16800 JavaThread "Unconstrained build operations Thread 40" [_thread_blocked, id=4960, stack(0x000000b2d8a00000,0x000000b2d8b00000)]
  0x000001d57ae15800 JavaThread "jar transforms Thread 4" [_thread_blocked, id=3560, stack(0x000000b2d8b00000,0x000000b2d8c00000)]

Other Threads:
=>0x000001d576933800 VMThread "VM Thread" [stack: 0x000000b2d3b00000,0x000000b2d3c00000] [id=6096]
  0x000001d577486800 WatcherThread [stack: 0x000000b2d4500000,0x000000b2d4600000] [id=4424]
  0x000001d55c665000 GCTaskThread "GC Thread#0" [stack: 0x000000b2d3600000,0x000000b2d3700000] [id=760]
  0x000001d577a7c000 GCTaskThread "GC Thread#1" [stack: 0x000000b2d4700000,0x000000b2d4800000] [id=5388]
  0x000001d578cb4000 GCTaskThread "GC Thread#2" [stack: 0x000000b2d5100000,0x000000b2d5200000] [id=5976]
  0x000001d5792af000 GCTaskThread "GC Thread#3" [stack: 0x000000b2d5200000,0x000000b2d5300000] [id=4428]
  0x000001d55c696800 ConcurrentGCThread "G1 Main Marker" [stack: 0x000000b2d3700000,0x000000b2d3800000] [id=6120]
  0x000001d55c697800 ConcurrentGCThread "G1 Conc#0" [stack: 0x000000b2d3800000,0x000000b2d3900000] [id=1672]
  0x000001d55c6ef800 ConcurrentGCThread "G1 Refine#0" [stack: 0x000000b2d3900000,0x000000b2d3a00000] [id=2220]
  0x000001d55c6f1000 ConcurrentGCThread "G1 Young RemSet Sampling" [stack: 0x000000b2d3a00000,0x000000b2d3b00000] [id=5540]

Threads with active compile tasks:
C2 CompilerThread0  10832 5210       4       sun.nio.cs.UTF_8$Decoder::decodeArrayLoop (691 bytes)

VM state:at safepoint (normal execution)

VM Mutex/Monitor currently owned by a thread:  ([mutex/lock_event])
[0x000001d55c6482c0] Threads_lock - owner thread: 0x000001d576933800
[0x000001d55c649040] Heap_lock - owner thread: 0x000001d578dad000

Heap address: 0x0000000080000000, size: 2048 MB, Compressed Oops mode: 32-bit
Narrow klass base: 0x0000000000000000, Narrow klass shift: 3
Compressed class space size: 1073741824 Address: 0x0000000100000000

Heap:
 garbage-first heap   total 114688K, used 43712K [0x0000000080000000, 0x0000000100000000)
  region size 1024K, 6 young (6144K), 6 survivors (6144K)
 Metaspace       used 47845K, capacity 49042K, committed 49152K, reserved 1091584K
  class space    used 6099K, capacity 6575K, committed 6656K, reserved 1048576K
Heap Regions: E=young(eden), S=young(survivor), O=old, HS=humongous(starts), HC=humongous(continues), CS=collection set, F=free, A=archive, TAMS=top-at-mark-start (previous, next)
|   0|0x0000000080000000, 0x0000000080100000, 0x0000000080100000|100%| O|  |TAMS 0x0000000080100000, 0x0000000080000000| Untracked 
|   1|0x0000000080100000, 0x0000000080200000, 0x0000000080200000|100%| O|  |TAMS 0x0000000080200000, 0x0000000080100000| Untracked 
|   2|0x0000000080200000, 0x0000000080300000, 0x0000000080300000|100%| O|  |TAMS 0x0000000080300000, 0x0000000080200000| Untracked 
|   3|0x0000000080300000, 0x0000000080400000, 0x0000000080400000|100%|HS|  |TAMS 0x0000000080400000, 0x0000000080300000| Complete 
|   4|0x0000000080400000, 0x0000000080500000, 0x0000000080500000|100%|HC|  |TAMS 0x0000000080500000, 0x0000000080400000| Complete 
|   5|0x0000000080500000, 0x0000000080600000, 0x0000000080600000|100%|HC|  |TAMS 0x0000000080600000, 0x0000000080500000| Complete 
|   6|0x0000000080600000, 0x0000000080700000, 0x0000000080700000|100%| O|  |TAMS 0x0000000080700000, 0x0000000080600000| Untracked 
|   7|0x0000000080700000, 0x0000000080800000, 0x0000000080800000|100%| O|  |TAMS 0x0000000080800000, 0x0000000080700000| Untracked 
|   8|0x0000000080800000, 0x0000000080900000, 0x0000000080900000|100%| O|  |TAMS 0x0000000080900000, 0x0000000080800000| Untracked 
|   9|0x0000000080900000, 0x0000000080a00000, 0x0000000080a00000|100%| O|  |TAMS 0x0000000080a00000, 0x0000000080900000| Untracked 
|  10|0x0000000080a00000, 0x0000000080b00000, 0x0000000080b00000|100%| O|  |TAMS 0x0000000080b00000, 0x0000000080a00000| Untracked 
|  11|0x0000000080b00000, 0x0000000080c00000, 0x0000000080c00000|100%| O|  |TAMS 0x0000000080c00000, 0x0000000080b00000| Untracked 
|  12|0x0000000080c00000, 0x0000000080d00000, 0x0000000080d00000|100%| O|  |TAMS 0x0000000080d00000, 0x0000000080c00000| Untracked 
|  13|0x0000000080d00000, 0x0000000080e00000, 0x0000000080e00000|100%| O|  |TAMS 0x0000000080e00000, 0x0000000080d00000| Untracked 
|  14|0x0000000080e00000, 0x0000000080f00000, 0x0000000080f00000|100%| O|  |TAMS 0x0000000080f00000, 0x0000000080e00000| Untracked 
|  15|0x0000000080f00000, 0x0000000081000000, 0x0000000081000000|100%| O|  |TAMS 0x0000000081000000, 0x0000000080f00000| Untracked 
|  16|0x0000000081000000, 0x0000000081100000, 0x0000000081100000|100%| O|  |TAMS 0x0000000081100000, 0x0000000081000000| Untracked 
|  17|0x0000000081100000, 0x0000000081200000, 0x0000000081200000|100%| O|  |TAMS 0x0000000081200000, 0x0000000081100000| Untracked 
|  18|0x0000000081200000, 0x0000000081300000, 0x0000000081300000|100%| O|  |TAMS 0x0000000081300000, 0x0000000081200000| Untracked 
|  19|0x0000000081300000, 0x0000000081400000, 0x0000000081400000|100%| O|  |TAMS 0x0000000081300000, 0x0000000081300000| Untracked 
|  20|0x0000000081400000, 0x0000000081500000, 0x0000000081500000|100%| O|  |TAMS 0x0000000081400000, 0x0000000081400000| Untracked 
|  21|0x0000000081500000, 0x0000000081600000, 0x0000000081600000|100%| O|  |TAMS 0x0000000081500000, 0x0000000081500000| Untracked 
|  22|0x0000000081600000, 0x0000000081700000, 0x0000000081700000|100%| O|  |TAMS 0x0000000081700000, 0x0000000081600000| Untracked 
|  23|0x0000000081700000, 0x0000000081800000, 0x0000000081800000|100%| O|  |TAMS 0x0000000081800000, 0x0000000081700000| Untracked 
|  24|0x0000000081800000, 0x0000000081900000, 0x0000000081900000|100%| O|  |TAMS 0x0000000081900000, 0x0000000081800000| Untracked 
|  25|0x0000000081900000, 0x0000000081a00000, 0x0000000081a00000|100%| O|  |TAMS 0x0000000081a00000, 0x0000000081900000| Untracked 
|  26|0x0000000081a00000, 0x0000000081b00000, 0x0000000081b00000|100%| O|  |TAMS 0x0000000081b00000, 0x0000000081a00000| Untracked 
|  27|0x0000000081b00000, 0x0000000081c00000, 0x0000000081c00000|100%| O|  |TAMS 0x0000000081b58400, 0x0000000081b00000| Untracked 
|  28|0x0000000081c00000, 0x0000000081d00000, 0x0000000081d00000|100%|HS|  |TAMS 0x0000000081c00000, 0x0000000081c00000| Complete 
|  29|0x0000000081d00000, 0x0000000081e00000, 0x0000000081e00000|100%|HS|  |TAMS 0x0000000081d00000, 0x0000000081d00000| Complete 
|  30|0x0000000081e00000, 0x0000000081f00000, 0x0000000081f00000|100%|HS|  |TAMS 0x0000000081e00000, 0x0000000081e00000| Complete 
|  31|0x0000000081f00000, 0x0000000082000000, 0x0000000082000000|100%|HS|  |TAMS 0x0000000081f00000, 0x0000000081f00000| Complete 
|  32|0x0000000082000000, 0x0000000082100000, 0x0000000082100000|100%|HC|  |TAMS 0x0000000082000000, 0x0000000082000000| Complete 
|  33|0x0000000082100000, 0x0000000082200000, 0x0000000082200000|100%| O|  |TAMS 0x0000000082100000, 0x0000000082100000| Untracked 
|  34|0x0000000082200000, 0x0000000082300000, 0x0000000082300000|100%| O|  |TAMS 0x0000000082200000, 0x0000000082200000| Untracked 
|  35|0x0000000082300000, 0x0000000082400000, 0x0000000082400000|100%| O|  |TAMS 0x0000000082300000, 0x0000000082300000| Untracked 
|  36|0x0000000082400000, 0x00000000824b0200, 0x0000000082500000| 68%| O|  |TAMS 0x0000000082400000, 0x0000000082400000| Untracked 
|  37|0x0000000082500000, 0x0000000082500000, 0x0000000082600000|  0%| F|  |TAMS 0x0000000082500000, 0x0000000082500000| Untracked 
|  38|0x0000000082600000, 0x0000000082600000, 0x0000000082700000|  0%| F|  |TAMS 0x0000000082600000, 0x0000000082600000| Untracked 
|  39|0x0000000082700000, 0x0000000082700000, 0x0000000082800000|  0%| F|  |TAMS 0x0000000082700000, 0x0000000082700000| Untracked 
|  40|0x0000000082800000, 0x0000000082800000, 0x0000000082900000|  0%| F|  |TAMS 0x0000000082800000, 0x0000000082800000| Untracked 
|  41|0x0000000082900000, 0x0000000082900000, 0x0000000082a00000|  0%| F|  |TAMS 0x0000000082900000, 0x0000000082900000| Untracked 
|  42|0x0000000082a00000, 0x0000000082a00000, 0x0000000082b00000|  0%| F|  |TAMS 0x0000000082a00000, 0x0000000082a00000| Untracked 
|  43|0x0000000082b00000, 0x0000000082c00000, 0x0000000082c00000|100%| S|CS|TAMS 0x0000000082b00000, 0x0000000082b00000| Complete 
|  44|0x0000000082c00000, 0x0000000082d00000, 0x0000000082d00000|100%| S|CS|TAMS 0x0000000082c00000, 0x0000000082c00000| Complete 
|  45|0x0000000082d00000, 0x0000000082e00000, 0x0000000082e00000|100%| S|CS|TAMS 0x0000000082d00000, 0x0000000082d00000| Complete 
|  46|0x0000000082e00000, 0x0000000082f00000, 0x0000000082f00000|100%| S|CS|TAMS 0x0000000082e00000, 0x0000000082e00000| Complete 
|  47|0x0000000082f00000, 0x0000000083000000, 0x0000000083000000|100%| S|CS|TAMS 0x0000000082f00000, 0x0000000082f00000| Complete 
|  48|0x0000000083000000, 0x0000000083100000, 0x0000000083100000|100%| S|CS|TAMS 0x0000000083000000, 0x0000000083000000| Complete 
|  49|0x0000000083100000, 0x0000000083100000, 0x0000000083200000|  0%| F|  |TAMS 0x0000000083100000, 0x0000000083100000| Untracked 
|  50|0x0000000083200000, 0x0000000083200000, 0x0000000083300000|  0%| F|  |TAMS 0x0000000083200000, 0x0000000083200000| Untracked 
|  51|0x0000000083300000, 0x0000000083300000, 0x0000000083400000|  0%| F|  |TAMS 0x0000000083300000, 0x0000000083300000| Untracked 
|  52|0x0000000083400000, 0x0000000083400000, 0x0000000083500000|  0%| F|  |TAMS 0x0000000083400000, 0x0000000083400000| Untracked 
|  53|0x0000000083500000, 0x0000000083500000, 0x0000000083600000|  0%| F|  |TAMS 0x0000000083500000, 0x0000000083500000| Untracked 
|  54|0x0000000083600000, 0x0000000083600000, 0x0000000083700000|  0%| F|  |TAMS 0x0000000083600000, 0x0000000083600000| Untracked 
|  55|0x0000000083700000, 0x0000000083700000, 0x0000000083800000|  0%| F|  |TAMS 0x0000000083700000, 0x0000000083700000| Untracked 
|  56|0x0000000083800000, 0x0000000083800000, 0x0000000083900000|  0%| F|  |TAMS 0x0000000083800000, 0x0000000083800000| Untracked 
|  57|0x0000000083900000, 0x0000000083900000, 0x0000000083a00000|  0%| F|  |TAMS 0x0000000083900000, 0x0000000083900000| Untracked 
|  58|0x0000000083a00000, 0x0000000083a00000, 0x0000000083b00000|  0%| F|  |TAMS 0x0000000083a00000, 0x0000000083a00000| Untracked 
|  59|0x0000000083b00000, 0x0000000083b00000, 0x0000000083c00000|  0%| F|  |TAMS 0x0000000083b00000, 0x0000000083b00000| Untracked 
|  60|0x0000000083c00000, 0x0000000083c00000, 0x0000000083d00000|  0%| F|  |TAMS 0x0000000083c00000, 0x0000000083c00000| Untracked 
|  61|0x0000000083d00000, 0x0000000083d00000, 0x0000000083e00000|  0%| F|  |TAMS 0x0000000083d00000, 0x0000000083d00000| Untracked 
|  62|0x0000000083e00000, 0x0000000083e00000, 0x0000000083f00000|  0%| F|  |TAMS 0x0000000083e00000, 0x0000000083e00000| Untracked 
|  63|0x0000000083f00000, 0x0000000083f00000, 0x0000000084000000|  0%| F|  |TAMS 0x0000000083f00000, 0x0000000083f00000| Untracked 
|  64|0x0000000084000000, 0x0000000084000000, 0x0000000084100000|  0%| F|  |TAMS 0x0000000084000000, 0x0000000084000000| Untracked 
|  65|0x0000000084100000, 0x0000000084100000, 0x0000000084200000|  0%| F|  |TAMS 0x0000000084100000, 0x0000000084100000| Untracked 
|  66|0x0000000084200000, 0x0000000084200000, 0x0000000084300000|  0%| F|  |TAMS 0x0000000084200000, 0x0000000084200000| Untracked 
|  67|0x0000000084300000, 0x0000000084300000, 0x0000000084400000|  0%| F|  |TAMS 0x0000000084300000, 0x0000000084300000| Untracked 
|  68|0x0000000084400000, 0x0000000084400000, 0x0000000084500000|  0%| F|  |TAMS 0x0000000084400000, 0x0000000084400000| Untracked 
|  69|0x0000000084500000, 0x0000000084500000, 0x0000000084600000|  0%| F|  |TAMS 0x0000000084500000, 0x0000000084500000| Untracked 
|  70|0x0000000084600000, 0x0000000084600000, 0x0000000084700000|  0%| F|  |TAMS 0x0000000084600000, 0x0000000084600000| Untracked 
|  71|0x0000000084700000, 0x0000000084700000, 0x0000000084800000|  0%| F|  |TAMS 0x0000000084700000, 0x0000000084700000| Untracked 
|  72|0x0000000084800000, 0x0000000084800000, 0x0000000084900000|  0%| F|  |TAMS 0x0000000084800000, 0x0000000084800000| Untracked 
|  73|0x0000000084900000, 0x0000000084900000, 0x0000000084a00000|  0%| F|  |TAMS 0x0000000084900000, 0x0000000084900000| Untracked 
|  74|0x0000000084a00000, 0x0000000084a00000, 0x0000000084b00000|  0%| F|  |TAMS 0x0000000084a00000, 0x0000000084a00000| Untracked 
|  75|0x0000000084b00000, 0x0000000084b00000, 0x0000000084c00000|  0%| F|  |TAMS 0x0000000084b00000, 0x0000000084b00000| Untracked 
|  76|0x0000000084c00000, 0x0000000084c00000, 0x0000000084d00000|  0%| F|  |TAMS 0x0000000084c00000, 0x0000000084c00000| Untracked 
|  77|0x0000000084d00000, 0x0000000084d00000, 0x0000000084e00000|  0%| F|  |TAMS 0x0000000084d00000, 0x0000000084d00000| Untracked 
|  78|0x0000000084e00000, 0x0000000084e00000, 0x0000000084f00000|  0%| F|  |TAMS 0x0000000084e00000, 0x0000000084e00000| Untracked 
|  79|0x0000000084f00000, 0x0000000084f00000, 0x0000000085000000|  0%| F|  |TAMS 0x0000000084f00000, 0x0000000084f00000| Untracked 
|  80|0x0000000085000000, 0x0000000085000000, 0x0000000085100000|  0%| F|  |TAMS 0x0000000085000000, 0x0000000085000000| Untracked 
|  81|0x0000000085100000, 0x0000000085100000, 0x0000000085200000|  0%| F|  |TAMS 0x0000000085100000, 0x0000000085100000| Untracked 
|  82|0x0000000085200000, 0x0000000085200000, 0x0000000085300000|  0%| F|  |TAMS 0x0000000085200000, 0x0000000085200000| Untracked 
|  83|0x0000000085300000, 0x0000000085300000, 0x0000000085400000|  0%| F|  |TAMS 0x0000000085300000, 0x0000000085300000| Untracked 
|  84|0x0000000085400000, 0x0000000085400000, 0x0000000085500000|  0%| F|  |TAMS 0x0000000085400000, 0x0000000085400000| Untracked 
|  85|0x0000000085500000, 0x0000000085500000, 0x0000000085600000|  0%| F|  |TAMS 0x0000000085500000, 0x0000000085500000| Untracked 
|  86|0x0000000085600000, 0x0000000085600000, 0x0000000085700000|  0%| F|  |TAMS 0x0000000085600000, 0x0000000085600000| Untracked 
|  87|0x0000000085700000, 0x0000000085700000, 0x0000000085800000|  0%| F|  |TAMS 0x0000000085700000, 0x0000000085700000| Untracked 
|  88|0x0000000085800000, 0x0000000085800000, 0x0000000085900000|  0%| F|  |TAMS 0x0000000085800000, 0x0000000085800000| Untracked 
|  89|0x0000000085900000, 0x0000000085900000, 0x0000000085a00000|  0%| F|  |TAMS 0x0000000085900000, 0x0000000085900000| Untracked 
|  90|0x0000000085a00000, 0x0000000085a00000, 0x0000000085b00000|  0%| F|  |TAMS 0x0000000085a00000, 0x0000000085a00000| Untracked 
|  91|0x0000000085b00000, 0x0000000085b00000, 0x0000000085c00000|  0%| F|  |TAMS 0x0000000085b00000, 0x0000000085b00000| Untracked 
|  92|0x0000000085c00000, 0x0000000085c00000, 0x0000000085d00000|  0%| F|  |TAMS 0x0000000085c00000, 0x0000000085c00000| Untracked 

Card table byte_map: [0x000001d56fb70000,0x000001d56ff70000] _byte_map_base: 0x000001d56f770000

Marking Bits (Prev, Next): (CMBitMap*) 0x000001d55c68dd80, (CMBitMap*) 0x000001d55c68dd48
 Prev Bits: [0x000001d572370000, 0x000001d574370000)
 Next Bits: [0x000001d570370000, 0x000001d572370000)

Polling page: 0x000001d55adf0000

Metaspace:

Usage:
  Non-class:     41.47 MB capacity,    40.77 MB ( 98%) used,   597.62 KB (  1%) free+waste,   124.06 KB ( <1%) overhead. 
      Class:      6.42 MB capacity,     5.96 MB ( 93%) used,   416.19 KB (  6%) free+waste,    59.13 KB ( <1%) overhead. 
       Both:     47.89 MB capacity,    46.72 MB ( 98%) used,  1013.80 KB (  2%) free+waste,   183.19 KB ( <1%) overhead. 

Virtual space:
  Non-class space:       42.00 MB reserved,      41.50 MB ( 99%) committed 
      Class space:        1.00 GB reserved,       6.50 MB ( <1%) committed 
             Both:        1.04 GB reserved,      48.00 MB (  5%) committed 

Chunk freelists:
   Non-Class:  29.00 KB
       Class:  17.00 KB
        Both:  46.00 KB

MaxMetaspaceSize: 17179869184.00 GB
CompressedClassSpaceSize: 1.00 GB

CodeHeap 'non-profiled nmethods': size=120064Kb used=2190Kb max_used=2190Kb free=117874Kb
 bounds [0x000001d567c10000, 0x000001d567e80000, 0x000001d56f150000]
CodeHeap 'profiled nmethods': size=120000Kb used=9404Kb max_used=9404Kb free=110595Kb
 bounds [0x000001d5606e0000, 0x000001d561010000, 0x000001d567c10000]
CodeHeap 'non-nmethods': size=5696Kb used=2216Kb max_used=2251Kb free=3480Kb
 bounds [0x000001d560150000, 0x000001d5603c0000, 0x000001d5606e0000]
 total_blobs=5932 nmethods=5146 adapters=697
 compilation: enabled
              stopped_count=0, restarted_count=0
 full_count=0

Compilation events (20 events):
Event: 10.696 Thread 0x000001d5769ad000 5207       2       java.util.jar.JarFile::hasClassPathAttribute (9 bytes)
Event: 10.696 Thread 0x000001d5769ad000 nmethod 5207 0x000001d56100ee90 code [0x000001d56100f040, 0x000001d56100f168]
Event: 10.720 Thread 0x000001d5769a1800 nmethod 5172 0x000001d567e2b990 code [0x000001d567e2bd00, 0x000001d567e2edd8]
Event: 10.720 Thread 0x000001d5769a1800 4709       4       com.google.common.io.CountingInputStream::read (33 bytes)
Event: 10.722 Thread 0x000001d5769a1800 nmethod 4709 0x000001d567e30490 code [0x000001d567e30640, 0x000001d567e30728]
Event: 10.722 Thread 0x000001d5769a1800 5208       4       java.nio.ByteBuffer::position (8 bytes)
Event: 10.723 Thread 0x000001d5769a1800 nmethod 5208 0x000001d567e30890 code [0x000001d567e30a20, 0x000001d567e30ad8]
Event: 10.723 Thread 0x000001d5769a1800 5066       4       java.nio.ByteBuffer::limit (8 bytes)
Event: 10.724 Thread 0x000001d5769a1800 nmethod 5066 0x000001d567e30c10 code [0x000001d567e30da0, 0x000001d567e30e78]
Event: 10.724 Thread 0x000001d5769a1800 4743       4       java.lang.AbstractStringBuilder::append (43 bytes)
Event: 10.737 Thread 0x000001d5769a1800 nmethod 4743 0x000001d567e30f90 code [0x000001d567e31160, 0x000001d567e31978]
Event: 10.737 Thread 0x000001d5769a1800 4766       4       org.gradle.cache.internal.btree.BlockPointer::pos (56 bytes)
Event: 10.739 Thread 0x000001d5769a1800 nmethod 4766 0x000001d567e31e10 code [0x000001d567e31fc0, 0x000001d567e320b8]
Event: 10.739 Thread 0x000001d5769a1800 4759       4       java.lang.ThreadLocal::get (38 bytes)
Event: 10.746 Thread 0x000001d5769a1800 nmethod 4759 0x000001d567e32190 code [0x000001d567e32360, 0x000001d567e326d8]
Event: 10.746 Thread 0x000001d5769a1800 5209       4       java.util.jar.JarFile::match (132 bytes)
Event: 10.753 Thread 0x000001d5769a1800 nmethod 5209 0x000001d567e32a90 code [0x000001d567e32c40, 0x000001d567e32f58]
Event: 10.753 Thread 0x000001d5769a1800 4760       4       java.lang.ThreadLocal$ThreadLocalMap::getEntry (42 bytes)
Event: 10.759 Thread 0x000001d5769a1800 nmethod 4760 0x000001d567e33210 code [0x000001d567e333c0, 0x000001d567e33638]
Event: 10.759 Thread 0x000001d5769a1800 5210       4       sun.nio.cs.UTF_8$Decoder::decodeArrayLoop (691 bytes)

GC Heap History (20 events):
Event: 2.355 GC heap after
{Heap after GC invocations=4 (full 0):
 garbage-first heap   total 65536K, used 14050K [0x0000000080000000, 0x0000000100000000)
  region size 1024K, 4 young (4096K), 4 survivors (4096K)
 Metaspace       used 11293K, capacity 11577K, committed 11904K, reserved 1060864K
  class space    used 1228K, capacity 1311K, committed 1408K, reserved 1048576K
}
Event: 3.934 GC heap before
{Heap before GC invocations=4 (full 0):
 garbage-first heap   total 65536K, used 38626K [0x0000000080000000, 0x0000000100000000)
  region size 1024K, 29 young (29696K), 4 survivors (4096K)
 Metaspace       used 17734K, capacity 18123K, committed 18432K, reserved 1064960K
  class space    used 2098K, capacity 2219K, committed 2304K, reserved 1048576K
}
Event: 3.943 GC heap after
{Heap after GC invocations=5 (full 0):
 garbage-first heap   total 65536K, used 16228K [0x0000000080000000, 0x0000000100000000)
  region size 1024K, 3 young (3072K), 3 survivors (3072K)
 Metaspace       used 17734K, capacity 18123K, committed 18432K, reserved 1064960K
  class space    used 2098K, capacity 2219K, committed 2304K, reserved 1048576K
}
Event: 4.441 GC heap before
{Heap before GC invocations=5 (full 0):
 garbage-first heap   total 65536K, used 39780K [0x0000000080000000, 0x0000000100000000)
  region size 1024K, 27 young (27648K), 3 survivors (3072K)
 Metaspace       used 20715K, capacity 21079K, committed 21248K, reserved 1067008K
  class space    used 2540K, capacity 2693K, committed 2816K, reserved 1048576K
}
Event: 4.452 GC heap after
{Heap after GC invocations=6 (full 0):
 garbage-first heap   total 78848K, used 17153K [0x0000000080000000, 0x0000000100000000)
  region size 1024K, 1 young (1024K), 1 survivors (1024K)
 Metaspace       used 20715K, capacity 21079K, committed 21248K, reserved 1067008K
  class space    used 2540K, capacity 2693K, committed 2816K, reserved 1048576K
}
Event: 5.029 GC heap before
{Heap before GC invocations=7 (full 0):
 garbage-first heap   total 78848K, used 48897K [0x0000000080000000, 0x0000000100000000)
  region size 1024K, 32 young (32768K), 1 survivors (1024K)
 Metaspace       used 23850K, capacity 24430K, committed 24576K, reserved 1071104K
  class space    used 3040K, capacity 3261K, committed 3328K, reserved 1048576K
}
Event: 5.037 GC heap after
{Heap after GC invocations=8 (full 0):
 garbage-first heap   total 78848K, used 18105K [0x0000000080000000, 0x0000000100000000)
  region size 1024K, 2 young (2048K), 2 survivors (2048K)
 Metaspace       used 23850K, capacity 24430K, committed 24576K, reserved 1071104K
  class space    used 3040K, capacity 3261K, committed 3328K, reserved 1048576K
}
Event: 5.611 GC heap before
{Heap before GC invocations=9 (full 0):
 garbage-first heap   total 78848K, used 51897K [0x0000000080000000, 0x0000000100000000)
  region size 1024K, 35 young (35840K), 2 survivors (2048K)
 Metaspace       used 26842K, capacity 27375K, committed 27648K, reserved 1073152K
  class space    used 3536K, capacity 3737K, committed 3840K, reserved 1048576K
}
Event: 5.618 GC heap after
{Heap after GC invocations=10 (full 0):
 garbage-first heap   total 78848K, used 19438K [0x0000000080000000, 0x0000000100000000)
  region size 1024K, 4 young (4096K), 4 survivors (4096K)
 Metaspace       used 26842K, capacity 27375K, committed 27648K, reserved 1073152K
  class space    used 3536K, capacity 3737K, committed 3840K, reserved 1048576K
}
Event: 6.342 GC heap before
{Heap before GC invocations=10 (full 0):
 garbage-first heap   total 78848K, used 54254K [0x0000000080000000, 0x0000000100000000)
  region size 1024K, 38 young (38912K), 4 survivors (4096K)
 Metaspace       used 30910K, capacity 31531K, committed 31616K, reserved 1077248K
  class space    used 4147K, capacity 4400K, committed 4480K, reserved 1048576K
}
Event: 6.351 GC heap after
{Heap after GC invocations=11 (full 0):
 garbage-first heap   total 78848K, used 20585K [0x0000000080000000, 0x0000000100000000)
  region size 1024K, 4 young (4096K), 4 survivors (4096K)
 Metaspace       used 30910K, capacity 31531K, committed 31616K, reserved 1077248K
  class space    used 4147K, capacity 4400K, committed 4480K, reserved 1048576K
}
Event: 7.290 GC heap before
{Heap before GC invocations=11 (full 0):
 garbage-first heap   total 78848K, used 57449K [0x0000000080000000, 0x0000000100000000)
  region size 1024K, 41 young (41984K), 4 survivors (4096K)
 Metaspace       used 36588K, capacity 37437K, committed 37632K, reserved 1081344K
  class space    used 4708K, capacity 5046K, committed 5120K, reserved 1048576K
}
Event: 7.306 GC heap after
{Heap after GC invocations=12 (full 0):
 garbage-first heap   total 95232K, used 25047K [0x0000000080000000, 0x0000000100000000)
  region size 1024K, 6 young (6144K), 6 survivors (6144K)
 Metaspace       used 36588K, capacity 37437K, committed 37632K, reserved 1081344K
  class space    used 4708K, capacity 5046K, committed 5120K, reserved 1048576K
}
Event: 8.064 GC heap before
{Heap before GC invocations=12 (full 0):
 garbage-first heap   total 95232K, used 64983K [0x0000000080000000, 0x0000000100000000)
  region size 1024K, 44 young (45056K), 6 survivors (6144K)
 Metaspace       used 39875K, capacity 40849K, committed 40960K, reserved 1085440K
  class space    used 5083K, capacity 5435K, committed 5504K, reserved 1048576K
}
Event: 8.097 GC heap after
{Heap after GC invocations=13 (full 0):
 garbage-first heap   total 95232K, used 28266K [0x0000000080000000, 0x0000000100000000)
  region size 1024K, 4 young (4096K), 4 survivors (4096K)
 Metaspace       used 39875K, capacity 40849K, committed 40960K, reserved 1085440K
  class space    used 5083K, capacity 5435K, committed 5504K, reserved 1048576K
}
Event: 8.827 GC heap before
{Heap before GC invocations=14 (full 0):
 garbage-first heap   total 95232K, used 67178K [0x0000000080000000, 0x0000000100000000)
  region size 1024K, 42 young (43008K), 4 survivors (4096K)
 Metaspace       used 43750K, capacity 44826K, committed 44928K, reserved 1087488K
  class space    used 5586K, capacity 5983K, committed 6016K, reserved 1048576K
}
Event: 8.838 GC heap after
{Heap after GC invocations=15 (full 0):
 garbage-first heap   total 95232K, used 29537K [0x0000000080000000, 0x0000000100000000)
  region size 1024K, 5 young (5120K), 5 survivors (5120K)
 Metaspace       used 43750K, capacity 44826K, committed 44928K, reserved 1087488K
  class space    used 5586K, capacity 5983K, committed 6016K, reserved 1048576K
}
Event: 9.490 GC heap before
{Heap before GC invocations=15 (full 0):
 garbage-first heap   total 95232K, used 69473K [0x0000000080000000, 0x0000000100000000)
  region size 1024K, 44 young (45056K), 5 survivors (5120K)
 Metaspace       used 46613K, capacity 47769K, committed 48000K, reserved 1091584K
  class space    used 6005K, capacity 6435K, committed 6528K, reserved 1048576K
}
Event: 9.503 GC heap after
{Heap after GC invocations=16 (full 0):
 garbage-first heap   total 95232K, used 30647K [0x0000000080000000, 0x0000000100000000)
  region size 1024K, 3 young (3072K), 3 survivors (3072K)
 Metaspace       used 46613K, capacity 47769K, committed 48000K, reserved 1091584K
  class space    used 6005K, capacity 6435K, committed 6528K, reserved 1048576K
}
Event: 10.786 GC heap before
{Heap before GC invocations=16 (full 0):
 garbage-first heap   total 95232K, used 77751K [0x0000000080000000, 0x0000000100000000)
  region size 1024K, 44 young (45056K), 3 survivors (3072K)
 Metaspace       used 47845K, capacity 49042K, committed 49152K, reserved 1091584K
  class space    used 6099K, capacity 6575K, committed 6656K, reserved 1048576K
}

Deoptimization events (20 events):
Event: 10.631 Thread 0x000001d578dad000 DEOPT PACKING pc=0x000001d5607a4f2e sp=0x000000b2d4df20c0
Event: 10.631 Thread 0x000001d578dad000 DEOPT UNPACKING pc=0x000001d560176d5e sp=0x000000b2d4df1530 mode 0
Event: 10.646 Thread 0x000001d578dad000 DEOPT PACKING pc=0x000001d560fffd2a sp=0x000000b2d4df1af0
Event: 10.646 Thread 0x000001d578dad000 DEOPT UNPACKING pc=0x000001d560176d5e sp=0x000000b2d4df10c8 mode 0
Event: 10.683 Thread 0x000001d578dad000 DEOPT PACKING pc=0x000001d560fffd2a sp=0x000000b2d4df1a40
Event: 10.683 Thread 0x000001d578dad000 DEOPT UNPACKING pc=0x000001d560176d5e sp=0x000000b2d4df1018 mode 0
Event: 10.701 Thread 0x000001d578dad000 DEOPT PACKING pc=0x000001d560a1ecda sp=0x000000b2d4df1a00
Event: 10.701 Thread 0x000001d578dad000 DEOPT UNPACKING pc=0x000001d560176d5e sp=0x000000b2d4df0e88 mode 0
Event: 10.701 Thread 0x000001d578dad000 DEOPT PACKING pc=0x000001d5607a4f2e sp=0x000000b2d4df20d0
Event: 10.701 Thread 0x000001d578dad000 DEOPT UNPACKING pc=0x000001d560176d5e sp=0x000000b2d4df1540 mode 0
Event: 10.730 Thread 0x000001d578dad000 DEOPT PACKING pc=0x000001d560fffd2a sp=0x000000b2d4df1a40
Event: 10.730 Thread 0x000001d578dad000 DEOPT UNPACKING pc=0x000001d560176d5e sp=0x000000b2d4df1018 mode 0
Event: 10.744 Thread 0x000001d578dad000 DEOPT PACKING pc=0x000001d5607a4f2e sp=0x000000b2d4df20d0
Event: 10.744 Thread 0x000001d578dad000 DEOPT UNPACKING pc=0x000001d560176d5e sp=0x000000b2d4df1540 mode 0
Event: 10.754 Thread 0x000001d578dad000 DEOPT PACKING pc=0x000001d560963997 sp=0x000000b2d4df1b90
Event: 10.754 Thread 0x000001d578dad000 DEOPT UNPACKING pc=0x000001d560176d5e sp=0x000000b2d4df1118 mode 0
Event: 10.770 Thread 0x000001d578dad000 DEOPT PACKING pc=0x000001d560d0e874 sp=0x000000b2d4df18e0
Event: 10.770 Thread 0x000001d578dad000 DEOPT UNPACKING pc=0x000001d560176d5e sp=0x000000b2d4df0e80 mode 0
Event: 10.771 Thread 0x000001d578dad000 DEOPT PACKING pc=0x000001d560a1ecda sp=0x000000b2d4df1a00
Event: 10.771 Thread 0x000001d578dad000 DEOPT UNPACKING pc=0x000001d560176d5e sp=0x000000b2d4df0e88 mode 0

Classes redefined (0 events):
No events

Internal exceptions (20 events):
Event: 10.530 Thread 0x000001d578dad000 Exception <a 'java/security/PrivilegedActionException'{0x0000000083a725f8}> (0x0000000083a725f8) thrown at [./src/hotspot/share/prims/jvm.cpp, line 1306]
Event: 10.530 Thread 0x000001d578dad000 Exception <a 'java/security/PrivilegedActionException'{0x0000000083a75290}> (0x0000000083a75290) thrown at [./src/hotspot/share/prims/jvm.cpp, line 1306]
Event: 10.530 Thread 0x000001d578dad000 Exception <a 'java/security/PrivilegedActionException'{0x0000000083a76550}> (0x0000000083a76550) thrown at [./src/hotspot/share/prims/jvm.cpp, line 1306]
Event: 10.531 Thread 0x000001d578dad000 Exception <a 'java/security/PrivilegedActionException'{0x0000000083a79178}> (0x0000000083a79178) thrown at [./src/hotspot/share/prims/jvm.cpp, line 1306]
Event: 10.531 Thread 0x000001d578dad000 Exception <a 'java/security/PrivilegedActionException'{0x0000000083a7a438}> (0x0000000083a7a438) thrown at [./src/hotspot/share/prims/jvm.cpp, line 1306]
Event: 10.585 Thread 0x000001d578dad000 Exception <a 'java/security/PrivilegedActionException'{0x0000000083955430}> (0x0000000083955430) thrown at [./src/hotspot/share/prims/jvm.cpp, line 1306]
Event: 10.585 Thread 0x000001d578dad000 Exception <a 'java/security/PrivilegedActionException'{0x00000000839566f0}> (0x00000000839566f0) thrown at [./src/hotspot/share/prims/jvm.cpp, line 1306]
Event: 10.585 Thread 0x000001d578dad000 Exception <a 'java/security/PrivilegedActionException'{0x0000000083959318}> (0x0000000083959318) thrown at [./src/hotspot/share/prims/jvm.cpp, line 1306]
Event: 10.585 Thread 0x000001d578dad000 Exception <a 'java/security/PrivilegedActionException'{0x000000008395a5d8}> (0x000000008395a5d8) thrown at [./src/hotspot/share/prims/jvm.cpp, line 1306]
Event: 10.585 Thread 0x000001d578dad000 Exception <a 'java/security/PrivilegedActionException'{0x000000008395d2b8}> (0x000000008395d2b8) thrown at [./src/hotspot/share/prims/jvm.cpp, line 1306]
Event: 10.586 Thread 0x000001d578dad000 Exception <a 'java/security/PrivilegedActionException'{0x000000008395e578}> (0x000000008395e578) thrown at [./src/hotspot/share/prims/jvm.cpp, line 1306]
Event: 10.586 Thread 0x000001d578dad000 Exception <a 'java/security/PrivilegedActionException'{0x00000000839611a8}> (0x00000000839611a8) thrown at [./src/hotspot/share/prims/jvm.cpp, line 1306]
Event: 10.586 Thread 0x000001d578dad000 Exception <a 'java/security/PrivilegedActionException'{0x0000000083962468}> (0x0000000083962468) thrown at [./src/hotspot/share/prims/jvm.cpp, line 1306]
Event: 10.586 Thread 0x000001d578dad000 Exception <a 'java/security/PrivilegedActionException'{0x00000000839650e8}> (0x00000000839650e8) thrown at [./src/hotspot/share/prims/jvm.cpp, line 1306]
Event: 10.586 Thread 0x000001d578dad000 Exception <a 'java/security/PrivilegedActionException'{0x00000000839663a8}> (0x00000000839663a8) thrown at [./src/hotspot/share/prims/jvm.cpp, line 1306]
Event: 10.586 Thread 0x000001d578dad000 Exception <a 'java/security/PrivilegedActionException'{0x0000000083969088}> (0x0000000083969088) thrown at [./src/hotspot/share/prims/jvm.cpp, line 1306]
Event: 10.586 Thread 0x000001d578dad000 Exception <a 'java/security/PrivilegedActionException'{0x000000008396a348}> (0x000000008396a348) thrown at [./src/hotspot/share/prims/jvm.cpp, line 1306]
Event: 10.784 Thread 0x000001d578dad000 Exception <a 'java/lang/ClassNotFoundException'{0x0000000083182c48}: org/gradle/api/internal/project/DefaultProject_DecoratedBeanInfo> (0x0000000083182c48) thrown at [./src/hotspot/share/classfile/systemDictionary.cpp, line 231]
Event: 10.785 Thread 0x000001d578dad000 Exception <a 'java/lang/ClassNotFoundException'{0x00000000831cc950}: org/gradle/api/internal/project/DefaultProjectBeanInfo> (0x00000000831cc950) thrown at [./src/hotspot/share/classfile/systemDictionary.cpp, line 231]
Event: 10.786 Thread 0x000001d578dad000 Exception <a 'java/lang/ClassNotFoundException'{0x00000000831f9fe8}: org/gradle/api/internal/project/DefaultProjectCustomizer> (0x00000000831f9fe8) thrown at [./src/hotspot/share/classfile/systemDictionary.cpp, line 231]

Events (20 events):
Event: 10.556 Loaded shared library C:\Program Files\Android\Android Studio\jre\bin\nio.dll
Event: 10.784 loading class org/gradle/api/internal/project/DefaultProject_DecoratedBeanInfo
Event: 10.784 loading class org/gradle/api/internal/project/DefaultProject_DecoratedBeanInfo done
Event: 10.784 loading class org/gradle/api/internal/project/DefaultProjectBeanInfo
Event: 10.784 loading class org/gradle/api/internal/project/DefaultProjectBeanInfo done
Event: 10.784 loading class org/gradle/api/internal/project/DefaultProjectBeanInfo
Event: 10.784 loading class org/gradle/api/internal/project/DefaultProjectBeanInfo done
Event: 10.785 loading class org/gradle/api/internal/project/DefaultProjectBeanInfo
Event: 10.785 loading class org/gradle/api/internal/project/DefaultProjectBeanInfo done
Event: 10.785 loading class org/gradle/api/internal/project/DefaultProjectBeanInfo
Event: 10.785 loading class org/gradle/api/internal/project/DefaultProjectBeanInfo done
Event: 10.785 loading class org/gradle/api/internal/project/DefaultProjectCustomizer
Event: 10.785 loading class org/gradle/api/internal/project/DefaultProjectCustomizer done
Event: 10.785 loading class org/gradle/api/internal/project/DefaultProjectCustomizer
Event: 10.785 loading class org/gradle/api/internal/project/DefaultProjectCustomizer done
Event: 10.786 loading class org/gradle/api/internal/project/DefaultProjectCustomizer
Event: 10.786 loading class org/gradle/api/internal/project/DefaultProjectCustomizer done
Event: 10.786 loading class org/gradle/api/internal/project/DefaultProjectCustomizer
Event: 10.786 loading class org/gradle/api/internal/project/DefaultProjectCustomizer done
Event: 10.786 Executing VM operation: G1CollectForAllocation


Dynamic libraries:
0x00007ff708a80000 - 0x00007ff708a8a000 	C:\Program Files\Android\Android Studio\jre\bin\java.exe
0x00007ffd5e470000 - 0x00007ffd5e665000 	C:\Windows\SYSTEM32\ntdll.dll
0x00007ffd5d530000 - 0x00007ffd5d5ee000 	C:\Windows\System32\KERNEL32.DLL
0x00007ffd5bd50000 - 0x00007ffd5c018000 	C:\Windows\System32\KERNELBASE.dll
0x00007ffd5c1c0000 - 0x00007ffd5c2c0000 	C:\Windows\System32\ucrtbase.dll
0x00007ffd51b10000 - 0x00007ffd51b29000 	C:\Program Files\Android\Android Studio\jre\bin\jli.dll
0x00007ffd4c5f0000 - 0x00007ffd4c607000 	C:\Program Files\Android\Android Studio\jre\bin\VCRUNTIME140.dll
0x00007ffd5d380000 - 0x00007ffd5d521000 	C:\Windows\System32\USER32.dll
0x00007ffd5c420000 - 0x00007ffd5c442000 	C:\Windows\System32\win32u.dll
0x00007ffd4f490000 - 0x00007ffd4f72a000 	C:\Windows\WinSxS\amd64_microsoft.windows.common-controls_6595b64144ccf1df_6.0.19041.1110_none_60b5254171f9507e\COMCTL32.dll
0x00007ffd5cba0000 - 0x00007ffd5cbcb000 	C:\Windows\System32\GDI32.dll
0x00007ffd5c5d0000 - 0x00007ffd5c66e000 	C:\Windows\System32\msvcrt.dll
0x00007ffd5c020000 - 0x00007ffd5c12d000 	C:\Windows\System32\gdi32full.dll
0x00007ffd5bbd0000 - 0x00007ffd5bc6d000 	C:\Windows\System32\msvcp_win.dll
0x00007ffd5c910000 - 0x00007ffd5c940000 	C:\Windows\System32\IMM32.DLL
0x00007ffd28690000 - 0x00007ffd2872d000 	C:\Program Files\Android\Android Studio\jre\bin\msvcp140.dll
0x00007ffd2d310000 - 0x00007ffd2dde5000 	C:\Program Files\Android\Android Studio\jre\bin\server\jvm.dll
0x00007ffd5c670000 - 0x00007ffd5c71c000 	C:\Windows\System32\ADVAPI32.dll
0x00007ffd5c530000 - 0x00007ffd5c5cb000 	C:\Windows\System32\sechost.dll
0x00007ffd5ca70000 - 0x00007ffd5cb9a000 	C:\Windows\System32\RPCRT4.dll
0x00007ffd5d7a0000 - 0x00007ffd5d7a8000 	C:\Windows\System32\PSAPI.DLL
0x00007ffd57240000 - 0x00007ffd57249000 	C:\Windows\SYSTEM32\WSOCK32.dll
0x00007ffd4df70000 - 0x00007ffd4df97000 	C:\Windows\SYSTEM32\WINMM.dll
0x00007ffd50db0000 - 0x00007ffd50dba000 	C:\Windows\SYSTEM32\VERSION.dll
0x00007ffd5c780000 - 0x00007ffd5c7eb000 	C:\Windows\System32\ws2_32.DLL
0x00007ffd59b10000 - 0x00007ffd59b22000 	C:\Windows\SYSTEM32\kernel.appcore.dll
0x00007ffd56d70000 - 0x00007ffd56d81000 	C:\Program Files\Android\Android Studio\jre\bin\verify.dll
0x00007ffd47220000 - 0x00007ffd47404000 	C:\Windows\SYSTEM32\DBGHELP.DLL
0x00007ffd47180000 - 0x00007ffd471ac000 	C:\Windows\SYSTEM32\dbgcore.DLL
0x00007ffd5c130000 - 0x00007ffd5c1b2000 	C:\Windows\System32\bcryptPrimitives.dll
0x00007ffd56990000 - 0x00007ffd569b9000 	C:\Program Files\Android\Android Studio\jre\bin\java.dll
0x00007ffd57230000 - 0x00007ffd5723b000 	C:\Program Files\Android\Android Studio\jre\bin\jimage.dll
0x00007ffd56970000 - 0x00007ffd56988000 	C:\Program Files\Android\Android Studio\jre\bin\zip.dll
0x00007ffd5d7b0000 - 0x00007ffd5def4000 	C:\Windows\System32\SHELL32.dll
0x00007ffd59e20000 - 0x00007ffd5a5b4000 	C:\Windows\SYSTEM32\windows.storage.dll
0x00007ffd5cdf0000 - 0x00007ffd5d145000 	C:\Windows\System32\combase.dll
0x00007ffd5b500000 - 0x00007ffd5b52e000 	C:\Windows\SYSTEM32\Wldp.dll
0x00007ffd5c7f0000 - 0x00007ffd5c89d000 	C:\Windows\System32\SHCORE.dll
0x00007ffd5cca0000 - 0x00007ffd5ccf5000 	C:\Windows\System32\shlwapi.dll
0x00007ffd5bac0000 - 0x00007ffd5badf000 	C:\Windows\SYSTEM32\profapi.dll
0x00007ffd558e0000 - 0x00007ffd558fa000 	C:\Program Files\Android\Android Studio\jre\bin\net.dll
0x00007ffd536d0000 - 0x00007ffd537dc000 	C:\Windows\SYSTEM32\WINHTTP.dll
0x00007ffd5b260000 - 0x00007ffd5b2ca000 	C:\Windows\system32\mswsock.dll
0x00007ffd54c30000 - 0x00007ffd54c44000 	C:\Program Files\Android\Android Studio\jre\bin\nio.dll
0x00007ffd51e90000 - 0x00007ffd51eb7000 	C:\Users\Admin\.gradle\native\e1d6ef7f7dcc3fd88c89a11ec53ec762bb8ba0a96d01ffa2cd45eb1d1d8dd5c5\windows-amd64\native-platform.dll
0x00007ffd28540000 - 0x00007ffd28684000 	C:\Users\Admin\.gradle\native\5664cfc778a61ccfe75a443a1ab52a65af34e5dc3c78e0209fed803814484fcb\windows-amd64\native-platform-file-events.dll
0x00007ffd56870000 - 0x00007ffd5687a000 	C:\Program Files\Android\Android Studio\jre\bin\management.dll
0x00007ffd56760000 - 0x00007ffd5676d000 	C:\Program Files\Android\Android Studio\jre\bin\management_ext.dll
0x00007ffd5b460000 - 0x00007ffd5b478000 	C:\Windows\SYSTEM32\CRYPTSP.dll
0x00007ffd5ad90000 - 0x00007ffd5adc4000 	C:\Windows\system32\rsaenh.dll
0x00007ffd5bd20000 - 0x00007ffd5bd47000 	C:\Windows\System32\bcrypt.dll
0x00007ffd5ba40000 - 0x00007ffd5ba6e000 	C:\Windows\SYSTEM32\USERENV.dll
0x00007ffd5b450000 - 0x00007ffd5b45c000 	C:\Windows\SYSTEM32\CRYPTBASE.dll
0x00007ffd5af50000 - 0x00007ffd5af8b000 	C:\Windows\SYSTEM32\IPHLPAPI.DLL
0x00007ffd5cd00000 - 0x00007ffd5cd08000 	C:\Windows\System32\NSI.dll
0x00007ffd54230000 - 0x00007ffd54247000 	C:\Windows\SYSTEM32\dhcpcsvc6.DLL
0x00007ffd54210000 - 0x00007ffd5422d000 	C:\Windows\SYSTEM32\dhcpcsvc.DLL
0x00007ffd5af90000 - 0x00007ffd5b05b000 	C:\Windows\SYSTEM32\DNSAPI.dll

dbghelp: loaded successfully - version: 4.0.5 - missing functions: none
symbol engine: initialized successfully - sym options: 0x614 - pdb path: .;C:\Program Files\Android\Android Studio\jre\bin;C:\Windows\SYSTEM32;C:\Windows\WinSxS\amd64_microsoft.windows.common-controls_6595b64144ccf1df_6.0.19041.1110_none_60b5254171f9507e;C:\Program Files\Android\Android Studio\jre\bin\server;C:\Users\Admin\.gradle\native\e1d6ef7f7dcc3fd88c89a11ec53ec762bb8ba0a96d01ffa2cd45eb1d1d8dd5c5\windows-amd64;C:\Users\Admin\.gradle\native\5664cfc778a61ccfe75a443a1ab52a65af34e5dc3c78e0209fed803814484fcb\windows-amd64

VM Arguments:
jvm_args: --add-opens=java.base/java.util=ALL-UNNAMED --add-opens=java.base/java.lang=ALL-UNNAMED --add-opens=java.base/java.lang.invoke=ALL-UNNAMED --add-opens=java.base/java.util=ALL-UNNAMED --add-opens=java.prefs/java.util.prefs=ALL-UNNAMED --add-opens=java.prefs/java.util.prefs=ALL-UNNAMED --add-opens=java.base/java.nio.charset=ALL-UNNAMED --add-opens=java.base/java.net=ALL-UNNAMED --add-opens=java.base/java.util.concurrent.atomic=ALL-UNNAMED -Xmx2048m -Dfile.encoding=UTF-8 -Duser.country=US -Duser.language=en -Duser.variant 
java_command: org.gradle.launcher.daemon.bootstrap.GradleDaemon 7.2
java_class_path (initial): C:\Users\Admin\.gradle\wrapper\dists\gradle-7.2-bin\2dnblmf4td7x66yl1d74lt32g\gradle-7.2\lib\gradle-launcher-7.2.jar
Launcher Type: SUN_STANDARD

[Global flags]
     intx CICompilerCount                          = 3                                         {product} {ergonomic}
     uint ConcGCThreads                            = 1                                         {product} {ergonomic}
     uint G1ConcRefinementThreads                  = 4                                         {product} {ergonomic}
   size_t G1HeapRegionSize                         = 1048576                                   {product} {ergonomic}
    uintx GCDrainStackTargetSize                   = 64                                        {product} {ergonomic}
   size_t InitialHeapSize                          = 67108864                                  {product} {ergonomic}
   size_t MarkStackSize                            = 4194304                                   {product} {ergonomic}
   size_t MaxHeapSize                              = 2147483648                                {product} {command line}
   size_t MaxNewSize                               = 1287651328                                {product} {ergonomic}
   size_t MinHeapDeltaBytes                        = 1048576                                   {product} {ergonomic}
    uintx NonNMethodCodeHeapSize                   = 5830732                                {pd product} {ergonomic}
    uintx NonProfiledCodeHeapSize                  = 122913754                              {pd product} {ergonomic}
    uintx ProfiledCodeHeapSize                     = 122913754                              {pd product} {ergonomic}
    uintx ReservedCodeCacheSize                    = 251658240                              {pd product} {ergonomic}
     bool SegmentedCodeCache                       = true                                      {product} {ergonomic}
     bool UseCompressedClassPointers               = true                                 {lp64_product} {ergonomic}
     bool UseCompressedOops                        = true                                 {lp64_product} {ergonomic}
     bool UseG1GC                                  = true                                      {product} {ergonomic}
     bool UseLargePagesIndividualAllocation        = false                                  {pd product} {ergonomic}

Logging:
Log output configuration:
 #0: stdout all=warning uptime,level,tags
 #1: stderr all=off uptime,level,tags

Environment Variables:
PATH=C:\Program Files (x86)\Common Files\Oracle\Java\javapath;C:\Program Files (x86)\VMware\VMware Player\bin\;C:\Windows\system32;C:\Windows;C:\Windows\System32\Wbem;C:\Windows\System32\WindowsPowerShell\v1.0\;C:\Windows\System32\OpenSSH\;C:\Program Files\dotnet\;C:\Users\Admin\AppData\Local\Microsoft\WindowsApps;C:\Users\Admin\.dotnet\tools
USERNAME=Admin
OS=Windows_NT
PROCESSOR_IDENTIFIER=Intel64 Family 6 Model 42 Stepping 7, GenuineIntel



---------------  S Y S T E M  ---------------

OS: Windows 10 , 64 bit Build 19041 (10.0.19041.1348)
OS uptime: 0 days 1:46 hours

CPU:total 4 (initial active 4) (2 cores per cpu, 2 threads per core) family 6 model 42 stepping 7 microcode 0x2f, cmov, cx8, fxsr, mmx, sse, sse2, sse3, ssse3, sse4.1, sse4.2, popcnt, avx, clmul, ht, tsc, tscinvbit

Memory: 4k page, system-wide physical 4004M (300M free)
TotalPageFile size 4004M (AvailPageFile size 23M)
current process WorkingSet (physical memory assigned to process): 222M, peak: 223M
current process commit charge ("private bytes"): 275M, peak: 294M

vm_info: OpenJDK 64-Bit Server VM (11.0.11+9-b60-7590822) for windows-amd64 JRE (11.0.11+9-b60-7590822), built on Jul 29 2021 21:43:44 by "builder" with MS VC++ 14.0 (VS2015)

END.
