#
# There is insufficient memory for the Java Runtime Environment to continue.
# Native memory allocation (mmap) failed to map 16777216 bytes for Failed to commit area from 0x0000000084d00000 to 0x0000000085d00000 of length 16777216.
# Possible reasons:
#   The system is out of physical RAM or swap space
#   The process is running with CompressedOops enabled, and the Java Heap may be blocking the growth of the native heap
# Possible solutions:
#   Reduce memory load on the system
#   Increase physical memory or swap space
#   Check if swap backing store is full
#   Decrease Java heap size (-Xmx/-Xms)
#   Decrease number of Java threads
#   Decrease Java thread stack sizes (-Xss)
#   Set larger code cache with -XX:ReservedCodeCacheSize=
#   JVM is running with Unscaled Compressed Oops mode in which the Java heap is
#     placed in the first 4GB address space. The Java Heap base address is the
#     maximum limit for the native heap growth. Please use -XX:HeapBaseMinAddress
#     to set the Java Heap base and to place the Java Heap above 4GB virtual address.
# This output file may be truncated or incomplete.
#
#  Out of Memory Error (./src/hotspot/os/windows/os_windows.cpp:3301), pid=4896, tid=5880
#
# JRE version: OpenJDK Runtime Environment (11.0.11+9) (build 11.0.11+9-b60-7590822)
# Java VM: OpenJDK 64-Bit Server VM (11.0.11+9-b60-7590822, mixed mode, tiered, compressed oops, g1 gc, windows-amd64)
# No core dump will be written. Minidumps are not enabled by default on client versions of Windows
#

---------------  S U M M A R Y ------------

Command Line: --add-opens=java.base/java.util=ALL-UNNAMED --add-opens=java.base/java.lang=ALL-UNNAMED --add-opens=java.base/java.lang.invoke=ALL-UNNAMED --add-opens=java.base/java.util=ALL-UNNAMED --add-opens=java.prefs/java.util.prefs=ALL-UNNAMED --add-opens=java.prefs/java.util.prefs=ALL-UNNAMED --add-opens=java.base/java.nio.charset=ALL-UNNAMED --add-opens=java.base/java.net=ALL-UNNAMED --add-opens=java.base/java.util.concurrent.atomic=ALL-UNNAMED -Xmx2048m -Dfile.encoding=UTF-8 -Duser.country=US -Duser.language=en -Duser.variant org.gradle.launcher.daemon.bootstrap.GradleDaemon 7.2

Host: Intel(R) Core(TM) i3-2330M CPU @ 2.20GHz, 4 cores, 3G,  Windows 10 , 64 bit Build 19041 (10.0.19041.1348)
Time: Fri May 13 15:23:40 2022 SE Asia Standard Time elapsed time: 7.244418 seconds (0d 0h 0m 7s)

---------------  T H R E A D  ---------------

Current thread (0x0000021c32065000):  VMThread "VM Thread" [stack: 0x000000a660000000,0x000000a660100000] [id=5880]

Stack: [0x000000a660000000,0x000000a660100000]
[error occurred during error reporting (printing stack bounds), id 0xc0000005, EXCEPTION_ACCESS_VIOLATION (0xc0000005) at pc=0x0000021c1b970f2d]

Native frames: (J=compiled Java code, j=interpreted, Vv=VM code, C=native code)
V  [jvm.dll+0x5f214a]
V  [jvm.dll+0x726fb5]
V  [jvm.dll+0x7285cd]
V  [jvm.dll+0x728be5]
V  [jvm.dll+0x728b9b]
V  [jvm.dll+0x5f14e8]
V  [jvm.dll+0x5f1c78]
C  [ntdll.dll+0xa20cf]
C  [ntdll.dll+0x51454]
C  [ntdll.dll+0xa0bfe]
C  0x0000021c1b970f2d

VM_Operation (0x000000a6615f6190): G1CollectForAllocation, mode: safepoint, requested by thread 0x0000021c3569d000


---------------  P R O C E S S  ---------------

Threads class SMR info:
_java_thread_list=0x0000021c32deb5c0, length=30, elements={
0x0000021c17e6c800, 0x0000021c3206c000, 0x0000021c32079800, 0x0000021c320c9000,
0x0000021c320cb000, 0x0000021c320cd000, 0x0000021c320d0000, 0x0000021c320dc800,
0x0000021c320e0000, 0x0000021c32b60000, 0x0000021c3453b000, 0x0000021c338ca000,
0x0000021c33679000, 0x0000021c33ae6000, 0x0000021c33034000, 0x0000021c3494e800,
0x0000021c3569d000, 0x0000021c343a6000, 0x0000021c35103800, 0x0000021c348fc000,
0x0000021c348ff800, 0x0000021c34901000, 0x0000021c34900000, 0x0000021c348fb800,
0x0000021c34902000, 0x0000021c348fe800, 0x0000021c348fd800, 0x0000021c348fd000,
0x0000021c33755800, 0x0000021c37c5c000
}

Java Threads: ( => current thread )
  0x0000021c17e6c800 JavaThread "main" [_thread_blocked, id=6104, stack(0x000000a65fa00000,0x000000a65fb00000)]
  0x0000021c3206c000 JavaThread "Reference Handler" daemon [_thread_blocked, id=3404, stack(0x000000a660100000,0x000000a660200000)]
  0x0000021c32079800 JavaThread "Finalizer" daemon [_thread_blocked, id=5820, stack(0x000000a660200000,0x000000a660300000)]
  0x0000021c320c9000 JavaThread "Signal Dispatcher" daemon [_thread_blocked, id=3204, stack(0x000000a660300000,0x000000a660400000)]
  0x0000021c320cb000 JavaThread "Attach Listener" daemon [_thread_blocked, id=2124, stack(0x000000a660400000,0x000000a660500000)]
  0x0000021c320cd000 JavaThread "Service Thread" daemon [_thread_blocked, id=6000, stack(0x000000a660500000,0x000000a660600000)]
  0x0000021c320d0000 JavaThread "C2 CompilerThread0" daemon [_thread_in_native, id=3360, stack(0x000000a660600000,0x000000a660700000)]
  0x0000021c320dc800 JavaThread "C1 CompilerThread0" daemon [_thread_blocked, id=5220, stack(0x000000a660700000,0x000000a660800000)]
  0x0000021c320e0000 JavaThread "Sweeper thread" daemon [_thread_blocked, id=3936, stack(0x000000a660800000,0x000000a660900000)]
  0x0000021c32b60000 JavaThread "Common-Cleaner" daemon [_thread_blocked, id=1184, stack(0x000000a660900000,0x000000a660a00000)]
  0x0000021c3453b000 JavaThread "Daemon health stats" [_thread_blocked, id=3084, stack(0x000000a660d00000,0x000000a660e00000)]
  0x0000021c338ca000 JavaThread "Incoming local TCP Connector on port 58517" [_thread_in_native, id=4840, stack(0x000000a660f00000,0x000000a661000000)]
  0x0000021c33679000 JavaThread "Daemon periodic checks" [_thread_blocked, id=1788, stack(0x000000a661100000,0x000000a661200000)]
  0x0000021c33ae6000 JavaThread "Daemon" [_thread_blocked, id=420, stack(0x000000a661200000,0x000000a661300000)]
  0x0000021c33034000 JavaThread "Handler for socket connection from /127.0.0.1:58517 to /127.0.0.1:58518" [_thread_in_native, id=1384, stack(0x000000a661300000,0x000000a661400000)]
  0x0000021c3494e800 JavaThread "Cancel handler" [_thread_blocked, id=5476, stack(0x000000a661400000,0x000000a661500000)]
  0x0000021c3569d000 JavaThread "Daemon worker" [_thread_blocked, id=5268, stack(0x000000a661500000,0x000000a661600000)]
  0x0000021c343a6000 JavaThread "Asynchronous log dispatcher for DefaultDaemonConnection: socket connection from /127.0.0.1:58517 to /127.0.0.1:58518" [_thread_blocked, id=1884, stack(0x000000a661600000,0x000000a661700000)]
  0x0000021c35103800 JavaThread "Stdin handler" [_thread_blocked, id=3788, stack(0x000000a661700000,0x000000a661800000)]
  0x0000021c348fc000 JavaThread "Daemon client event forwarder" [_thread_blocked, id=2996, stack(0x000000a661800000,0x000000a661900000)]
  0x0000021c348ff800 JavaThread "Cache worker for journal cache (C:\Users\Admin\.gradle\caches\journal-1)" [_thread_blocked, id=3688, stack(0x000000a661000000,0x000000a661100000)]
  0x0000021c34901000 JavaThread "File lock request listener" [_thread_in_native, id=1556, stack(0x000000a661900000,0x000000a661a00000)]
  0x0000021c34900000 JavaThread "Cache worker for file hash cache (C:\Users\Admin\.gradle\caches\7.2\fileHashes)" [_thread_blocked, id=6088, stack(0x000000a661a00000,0x000000a661b00000)]
  0x0000021c348fb800 JavaThread "Cache worker for file hash cache (C:\Users\Admin\AndroidStudioProjects\curency\.gradle\7.2\fileHashes)" [_thread_blocked, id=5968, stack(0x000000a661c00000,0x000000a661d00000)]
  0x0000021c34902000 JavaThread "File watcher server" daemon [_thread_in_native, id=2740, stack(0x000000a661d00000,0x000000a661e00000)]
  0x0000021c348fe800 JavaThread "File watcher consumer" daemon [_thread_blocked, id=3988, stack(0x000000a661e00000,0x000000a661f00000)]
  0x0000021c348fd800 JavaThread "Cache worker for checksums cache (C:\Users\Admin\AndroidStudioProjects\curency\.gradle\checksums)" [_thread_blocked, id=5164, stack(0x000000a661b00000,0x000000a661c00000)]
  0x0000021c348fd000 JavaThread "Cache worker for cache directory md-supplier (C:\Users\Admin\.gradle\caches\7.2\md-supplier)" [_thread_blocked, id=6064, stack(0x000000a661f00000,0x000000a662000000)]
  0x0000021c33755800 JavaThread "C2 CompilerThread1" daemon [_thread_in_native, id=5148, stack(0x000000a662000000,0x000000a662100000)]
  0x0000021c37c5c000 JavaThread "Cache worker for cache directory md-rule (C:\Users\Admin\.gradle\caches\7.2\md-rule)" [_thread_blocked, id=5244, stack(0x000000a662100000,0x000000a662200000)]

Other Threads:
=>0x0000021c32065000 VMThread "VM Thread" [stack: 0x000000a660000000,0x000000a660100000] [id=5880]
  0x0000021c32b83000 WatcherThread [stack: 0x000000a660a00000,0x000000a660b00000] [id=2640]
  0x0000021c17e84800 GCTaskThread "GC Thread#0" [stack: 0x000000a65fb00000,0x000000a65fc00000] [id=1176]
  0x0000021c3306c000 GCTaskThread "GC Thread#1" [stack: 0x000000a660c00000,0x000000a660d00000] [id=6124]
  0x0000021c34861000 GCTaskThread "GC Thread#2" [stack: 0x000000a660b00000,0x000000a660c00000] [id=4324]
  0x0000021c35305800 GCTaskThread "GC Thread#3" [stack: 0x000000a660e00000,0x000000a660f00000] [id=2716]
  0x0000021c17eb7000 ConcurrentGCThread "G1 Main Marker" [stack: 0x000000a65fc00000,0x000000a65fd00000] [id=1924]
  0x0000021c17eb8000 ConcurrentGCThread "G1 Conc#0" [stack: 0x000000a65fd00000,0x000000a65fe00000] [id=1468]
  0x0000021c17f10000 ConcurrentGCThread "G1 Refine#0" [stack: 0x000000a65fe00000,0x000000a65ff00000] [id=3164]
  0x0000021c17f11000 ConcurrentGCThread "G1 Young RemSet Sampling" [stack: 0x000000a65ff00000,0x000000a660000000] [id=5176]

Threads with active compile tasks:
C2 CompilerThread0   7267 2355       4       java.net.URLClassLoader$1::run (5 bytes)
C2 CompilerThread1   7267 2356   !   4       java.net.URLClassLoader$1::run (63 bytes)

VM state:at safepoint (normal execution)

VM Mutex/Monitor currently owned by a thread:  ([mutex/lock_event])
[0x0000021c17e68950] Threads_lock - owner thread: 0x0000021c32065000
[0x0000021c17e68290] Heap_lock - owner thread: 0x0000021c3569d000

Heap address: 0x0000000080000000, size: 2048 MB, Compressed Oops mode: 32-bit
Narrow klass base: 0x0000000000000000, Narrow klass shift: 3
Compressed class space size: 1073741824 Address: 0x0000000100000000

Heap:
 garbage-first heap   total 95232K, used 20262K [0x0000000080000000, 0x0000000100000000)
  region size 1024K, 3 young (3072K), 3 survivors (3072K)
 Metaspace       used 28632K, capacity 29261K, committed 29440K, reserved 1075200K
  class space    used 3807K, capacity 4027K, committed 4096K, reserved 1048576K
Heap Regions: E=young(eden), S=young(survivor), O=old, HS=humongous(starts), HC=humongous(continues), CS=collection set, F=free, A=archive, TAMS=top-at-mark-start (previous, next)
|   0|0x0000000080000000, 0x0000000080100000, 0x0000000080100000|100%| O|  |TAMS 0x0000000080100000, 0x0000000080000000| Untracked 
|   1|0x0000000080100000, 0x0000000080200000, 0x0000000080200000|100%| O|  |TAMS 0x0000000080200000, 0x0000000080100000| Untracked 
|   2|0x0000000080200000, 0x0000000080300000, 0x0000000080300000|100%| O|  |TAMS 0x0000000080300000, 0x0000000080200000| Untracked 
|   3|0x0000000080300000, 0x0000000080400000, 0x0000000080400000|100%|HS|  |TAMS 0x0000000080400000, 0x0000000080300000| Complete 
|   4|0x0000000080400000, 0x0000000080500000, 0x0000000080500000|100%|HC|  |TAMS 0x0000000080500000, 0x0000000080400000| Complete 
|   5|0x0000000080500000, 0x0000000080600000, 0x0000000080600000|100%|HC|  |TAMS 0x0000000080600000, 0x0000000080500000| Complete 
|   6|0x0000000080600000, 0x0000000080700000, 0x0000000080700000|100%| O|  |TAMS 0x0000000080700000, 0x0000000080600000| Untracked 
|   7|0x0000000080700000, 0x0000000080800000, 0x0000000080800000|100%| O|  |TAMS 0x0000000080800000, 0x0000000080700000| Untracked 
|   8|0x0000000080800000, 0x0000000080900000, 0x0000000080900000|100%| O|  |TAMS 0x0000000080900000, 0x0000000080800000| Untracked 
|   9|0x0000000080900000, 0x0000000080a00000, 0x0000000080a00000|100%| O|  |TAMS 0x0000000080a00000, 0x0000000080900000| Untracked 
|  10|0x0000000080a00000, 0x0000000080b00000, 0x0000000080b00000|100%| O|  |TAMS 0x0000000080b00000, 0x0000000080a00000| Untracked 
|  11|0x0000000080b00000, 0x0000000080c00000, 0x0000000080c00000|100%| O|  |TAMS 0x0000000080c00000, 0x0000000080b00000| Untracked 
|  12|0x0000000080c00000, 0x0000000080d00000, 0x0000000080d00000|100%| O|  |TAMS 0x0000000080d00000, 0x0000000080c00000| Untracked 
|  13|0x0000000080d00000, 0x0000000080e00000, 0x0000000080e00000|100%| O|  |TAMS 0x0000000080e00000, 0x0000000080d00000| Untracked 
|  14|0x0000000080e00000, 0x0000000080f00000, 0x0000000080f00000|100%| O|  |TAMS 0x0000000080f00000, 0x0000000080e00000| Untracked 
|  15|0x0000000080f00000, 0x0000000081000000, 0x0000000081000000|100%| O|  |TAMS 0x0000000080f2b600, 0x0000000080f00000| Untracked 
|  16|0x0000000081000000, 0x0000000081100000, 0x0000000081100000|100%| O|  |TAMS 0x0000000081000000, 0x0000000081000000| Untracked 
|  17|0x0000000081100000, 0x00000000811ab600, 0x0000000081200000| 66%| O|  |TAMS 0x0000000081100000, 0x0000000081100000| Untracked 
|  18|0x0000000081200000, 0x0000000081200000, 0x0000000081300000|  0%| F|  |TAMS 0x0000000081200000, 0x0000000081200000| Untracked 
|  19|0x0000000081300000, 0x0000000081300000, 0x0000000081400000|  0%| F|  |TAMS 0x0000000081300000, 0x0000000081300000| Untracked 
|  20|0x0000000081400000, 0x0000000081400000, 0x0000000081500000|  0%| F|  |TAMS 0x0000000081400000, 0x0000000081400000| Untracked 
|  21|0x0000000081500000, 0x0000000081500000, 0x0000000081600000|  0%| F|  |TAMS 0x0000000081500000, 0x0000000081500000| Untracked 
|  22|0x0000000081600000, 0x0000000081600000, 0x0000000081700000|  0%| F|  |TAMS 0x0000000081600000, 0x0000000081600000| Untracked 
|  23|0x0000000081700000, 0x0000000081700000, 0x0000000081800000|  0%| F|  |TAMS 0x0000000081700000, 0x0000000081700000| Untracked 
|  24|0x0000000081800000, 0x0000000081800000, 0x0000000081900000|  0%| F|  |TAMS 0x0000000081800000, 0x0000000081800000| Untracked 
|  25|0x0000000081900000, 0x0000000081900000, 0x0000000081a00000|  0%| F|  |TAMS 0x0000000081900000, 0x0000000081900000| Untracked 
|  26|0x0000000081a00000, 0x0000000081a00000, 0x0000000081b00000|  0%| F|  |TAMS 0x0000000081a00000, 0x0000000081a00000| Untracked 
|  27|0x0000000081b00000, 0x0000000081b00000, 0x0000000081c00000|  0%| F|  |TAMS 0x0000000081b00000, 0x0000000081b00000| Untracked 
|  28|0x0000000081c00000, 0x0000000081c00000, 0x0000000081d00000|  0%| F|  |TAMS 0x0000000081c00000, 0x0000000081c00000| Untracked 
|  29|0x0000000081d00000, 0x0000000081d00000, 0x0000000081e00000|  0%| F|  |TAMS 0x0000000081d00000, 0x0000000081d00000| Untracked 
|  30|0x0000000081e00000, 0x0000000081e00000, 0x0000000081f00000|  0%| F|  |TAMS 0x0000000081e00000, 0x0000000081e00000| Untracked 
|  31|0x0000000081f00000, 0x0000000081f00000, 0x0000000082000000|  0%| F|  |TAMS 0x0000000081f00000, 0x0000000081f00000| Untracked 
|  32|0x0000000082000000, 0x0000000082000000, 0x0000000082100000|  0%| F|  |TAMS 0x0000000082000000, 0x0000000082000000| Untracked 
|  33|0x0000000082100000, 0x0000000082100000, 0x0000000082200000|  0%| F|  |TAMS 0x0000000082100000, 0x0000000082100000| Untracked 
|  34|0x0000000082200000, 0x0000000082200000, 0x0000000082300000|  0%| F|  |TAMS 0x0000000082200000, 0x0000000082200000| Untracked 
|  35|0x0000000082300000, 0x0000000082300000, 0x0000000082400000|  0%| F|  |TAMS 0x0000000082300000, 0x0000000082300000| Untracked 
|  36|0x0000000082400000, 0x0000000082400000, 0x0000000082500000|  0%| F|  |TAMS 0x0000000082400000, 0x0000000082400000| Untracked 
|  37|0x0000000082500000, 0x0000000082500000, 0x0000000082600000|  0%| F|  |TAMS 0x0000000082500000, 0x0000000082500000| Untracked 
|  38|0x0000000082600000, 0x0000000082600000, 0x0000000082700000|  0%| F|  |TAMS 0x0000000082600000, 0x0000000082600000| Untracked 
|  39|0x0000000082700000, 0x0000000082700000, 0x0000000082800000|  0%| F|  |TAMS 0x0000000082700000, 0x0000000082700000| Untracked 
|  40|0x0000000082800000, 0x0000000082800000, 0x0000000082900000|  0%| F|  |TAMS 0x0000000082800000, 0x0000000082800000| Untracked 
|  41|0x0000000082900000, 0x0000000082900000, 0x0000000082a00000|  0%| F|  |TAMS 0x0000000082900000, 0x0000000082900000| Untracked 
|  42|0x0000000082a00000, 0x0000000082a00000, 0x0000000082b00000|  0%| F|  |TAMS 0x0000000082a00000, 0x0000000082a00000| Untracked 
|  43|0x0000000082b00000, 0x0000000082b1e2c0, 0x0000000082c00000| 11%| S|CS|TAMS 0x0000000082b00000, 0x0000000082b00000| Complete 
|  44|0x0000000082c00000, 0x0000000082c00000, 0x0000000082d00000|  0%| F|  |TAMS 0x0000000082c00000, 0x0000000082c00000| Untracked 
|  45|0x0000000082d00000, 0x0000000082d00000, 0x0000000082e00000|  0%| F|  |TAMS 0x0000000082d00000, 0x0000000082d00000| Untracked 
|  46|0x0000000082e00000, 0x0000000082f00000, 0x0000000082f00000|100%| S|CS|TAMS 0x0000000082e00000, 0x0000000082e00000| Complete 
|  47|0x0000000082f00000, 0x0000000083000000, 0x0000000083000000|100%| S|CS|TAMS 0x0000000082f00000, 0x0000000082f00000| Complete 
|  48|0x0000000083000000, 0x0000000083000000, 0x0000000083100000|  0%| F|  |TAMS 0x0000000083000000, 0x0000000083000000| Untracked 
|  49|0x0000000083100000, 0x0000000083100000, 0x0000000083200000|  0%| F|  |TAMS 0x0000000083100000, 0x0000000083100000| Untracked 
|  50|0x0000000083200000, 0x0000000083200000, 0x0000000083300000|  0%| F|  |TAMS 0x0000000083200000, 0x0000000083200000| Untracked 
|  51|0x0000000083300000, 0x0000000083300000, 0x0000000083400000|  0%| F|  |TAMS 0x0000000083300000, 0x0000000083300000| Untracked 
|  52|0x0000000083400000, 0x0000000083400000, 0x0000000083500000|  0%| F|  |TAMS 0x0000000083400000, 0x0000000083400000| Untracked 
|  53|0x0000000083500000, 0x0000000083500000, 0x0000000083600000|  0%| F|  |TAMS 0x0000000083500000, 0x0000000083500000| Untracked 
|  54|0x0000000083600000, 0x0000000083600000, 0x0000000083700000|  0%| F|  |TAMS 0x0000000083600000, 0x0000000083600000| Untracked 
|  55|0x0000000083700000, 0x0000000083700000, 0x0000000083800000|  0%| F|  |TAMS 0x0000000083700000, 0x0000000083700000| Untracked 
|  56|0x0000000083800000, 0x0000000083800000, 0x0000000083900000|  0%| F|  |TAMS 0x0000000083800000, 0x0000000083800000| Untracked 
|  57|0x0000000083900000, 0x0000000083900000, 0x0000000083a00000|  0%| F|  |TAMS 0x0000000083900000, 0x0000000083900000| Untracked 
|  58|0x0000000083a00000, 0x0000000083a00000, 0x0000000083b00000|  0%| F|  |TAMS 0x0000000083a00000, 0x0000000083a00000| Untracked 
|  59|0x0000000083b00000, 0x0000000083b00000, 0x0000000083c00000|  0%| F|  |TAMS 0x0000000083b00000, 0x0000000083b00000| Untracked 
|  60|0x0000000083c00000, 0x0000000083c00000, 0x0000000083d00000|  0%| F|  |TAMS 0x0000000083c00000, 0x0000000083c00000| Untracked 
|  61|0x0000000083d00000, 0x0000000083d00000, 0x0000000083e00000|  0%| F|  |TAMS 0x0000000083d00000, 0x0000000083d00000| Untracked 
|  62|0x0000000083e00000, 0x0000000083e00000, 0x0000000083f00000|  0%| F|  |TAMS 0x0000000083e00000, 0x0000000083e00000| Untracked 
|  63|0x0000000083f00000, 0x0000000083f00000, 0x0000000084000000|  0%| F|  |TAMS 0x0000000083f00000, 0x0000000083f00000| Untracked 
|  64|0x0000000084000000, 0x0000000084000000, 0x0000000084100000|  0%| F|  |TAMS 0x0000000084000000, 0x0000000084000000| Untracked 
|  65|0x0000000084100000, 0x0000000084100000, 0x0000000084200000|  0%| F|  |TAMS 0x0000000084100000, 0x0000000084100000| Untracked 
|  66|0x0000000084200000, 0x0000000084200000, 0x0000000084300000|  0%| F|  |TAMS 0x0000000084200000, 0x0000000084200000| Untracked 
|  67|0x0000000084300000, 0x0000000084300000, 0x0000000084400000|  0%| F|  |TAMS 0x0000000084300000, 0x0000000084300000| Untracked 
|  68|0x0000000084400000, 0x0000000084400000, 0x0000000084500000|  0%| F|  |TAMS 0x0000000084400000, 0x0000000084400000| Untracked 
|  69|0x0000000084500000, 0x0000000084500000, 0x0000000084600000|  0%| F|  |TAMS 0x0000000084500000, 0x0000000084500000| Untracked 
|  70|0x0000000084600000, 0x0000000084600000, 0x0000000084700000|  0%| F|  |TAMS 0x0000000084600000, 0x0000000084600000| Untracked 
|  71|0x0000000084700000, 0x0000000084700000, 0x0000000084800000|  0%| F|  |TAMS 0x0000000084700000, 0x0000000084700000| Untracked 
|  72|0x0000000084800000, 0x0000000084800000, 0x0000000084900000|  0%| F|  |TAMS 0x0000000084800000, 0x0000000084800000| Untracked 
|  73|0x0000000084900000, 0x0000000084900000, 0x0000000084a00000|  0%| F|  |TAMS 0x0000000084900000, 0x0000000084900000| Untracked 
|  74|0x0000000084a00000, 0x0000000084a00000, 0x0000000084b00000|  0%| F|  |TAMS 0x0000000084a00000, 0x0000000084a00000| Untracked 
|  75|0x0000000084b00000, 0x0000000084b00000, 0x0000000084c00000|  0%| F|  |TAMS 0x0000000084b00000, 0x0000000084b00000| Untracked 
|  76|0x0000000084c00000, 0x0000000084c00000, 0x0000000084d00000|  0%| F|  |TAMS 0x0000000084c00000, 0x0000000084c00000| Untracked 

Card table byte_map: [0x0000021c2b2b0000,0x0000021c2b6b0000] _byte_map_base: 0x0000021c2aeb0000

Marking Bits (Prev, Next): (CMBitMap*) 0x0000021c17eae040, (CMBitMap*) 0x0000021c17eae008
 Prev Bits: [0x0000021c2dab0000, 0x0000021c2fab0000)
 Next Bits: [0x0000021c2bab0000, 0x0000021c2dab0000)

Polling page: 0x0000021c16420000

Metaspace:

Usage:
  Non-class:     24.64 MB capacity,    24.24 MB ( 98%) used,   352.42 KB (  1%) free+waste,    57.06 KB ( <1%) overhead. 
      Class:      3.93 MB capacity,     3.72 MB ( 95%) used,   190.68 KB (  5%) free+waste,    28.81 KB ( <1%) overhead. 
       Both:     28.58 MB capacity,    27.96 MB ( 98%) used,   543.10 KB (  2%) free+waste,    85.88 KB ( <1%) overhead. 

Virtual space:
  Non-class space:       26.00 MB reserved,      24.75 MB ( 95%) committed 
      Class space:        1.00 GB reserved,       4.00 MB ( <1%) committed 
             Both:        1.03 GB reserved,      28.75 MB (  3%) committed 

Chunk freelists:
   Non-Class:  46.00 KB
       Class:  5.00 KB
        Both:  51.00 KB

MaxMetaspaceSize: 17179869184.00 GB
CompressedClassSpaceSize: 1.00 GB

CodeHeap 'non-profiled nmethods': size=120064Kb used=1163Kb max_used=1163Kb free=118900Kb
 bounds [0x0000021c23430000, 0x0000021c236a0000, 0x0000021c2a970000]
CodeHeap 'profiled nmethods': size=120000Kb used=5508Kb max_used=5508Kb free=114491Kb
 bounds [0x0000021c1bf00000, 0x0000021c1c470000, 0x0000021c23430000]
CodeHeap 'non-nmethods': size=5696Kb used=1160Kb max_used=1184Kb free=4535Kb
 bounds [0x0000021c1b970000, 0x0000021c1bbe0000, 0x0000021c1bf00000]
 total_blobs=3019 nmethods=2516 adapters=414
 compilation: enabled
              stopped_count=0, restarted_count=0
 full_count=0

Compilation events (20 events):
Event: 7.092 Thread 0x0000021c320dc800 2514       3       org.objectweb.asm.MethodWriter::hasFrames (13 bytes)
Event: 7.092 Thread 0x0000021c320dc800 nmethod 2514 0x0000021c1c453390 code [0x0000021c1c453540, 0x0000021c1c453698]
Event: 7.092 Thread 0x0000021c320dc800 2515       3       org.objectweb.asm.MethodWriter::putMethodInfo (1274 bytes)
Event: 7.100 Thread 0x0000021c320dc800 nmethod 2515 0x0000021c1c453710 code [0x0000021c1c453e00, 0x0000021c1c4566e8]
Event: 7.115 Thread 0x0000021c320dc800 2516       3       jdk.internal.loader.AbstractClassLoaderValue$Sub::hashCode (19 bytes)
Event: 7.115 Thread 0x0000021c320dc800 nmethod 2516 0x0000021c1c457a10 code [0x0000021c1c457be0, 0x0000021c1c457f38]
Event: 7.135 Thread 0x0000021c320dc800 2518       3       com.google.common.base.MoreObjects::firstNonNull (22 bytes)
Event: 7.135 Thread 0x0000021c320dc800 nmethod 2518 0x0000021c1c458090 code [0x0000021c1c458260, 0x0000021c1c458488]
Event: 7.156 Thread 0x0000021c320dc800 2519       3       java.lang.Class::copyConstructors (38 bytes)
Event: 7.158 Thread 0x0000021c320dc800 nmethod 2519 0x0000021c1c458590 code [0x0000021c1c458800, 0x0000021c1c459288]
Event: 7.159 Thread 0x0000021c320dc800 2520       3       java.lang.invoke.MethodHandles$Lookup::checkMethod (83 bytes)
Event: 7.160 Thread 0x0000021c320dc800 nmethod 2520 0x0000021c1c459610 code [0x0000021c1c459840, 0x0000021c1c459f98]
Event: 7.163 Thread 0x0000021c320dc800 2522       3       jdk.internal.misc.Unsafe::ensureClassInitialized (18 bytes)
Event: 7.163 Thread 0x0000021c320dc800 nmethod 2522 0x0000021c1c45a210 code [0x0000021c1c45a3e0, 0x0000021c1c45a5f8]
Event: 7.180 Thread 0x0000021c320dc800 2523       3       java.lang.invoke.MethodHandles$Lookup::lookupModes (8 bytes)
Event: 7.180 Thread 0x0000021c320dc800 nmethod 2523 0x0000021c1c45a710 code [0x0000021c1c45a8c0, 0x0000021c1c45a9b8]
Event: 7.197 Thread 0x0000021c320dc800 2524       3       jdk.internal.org.objectweb.asm.ClassWriter::toByteArray (1423 bytes)
Event: 7.207 Thread 0x0000021c320dc800 nmethod 2524 0x0000021c1c45aa90 code [0x0000021c1c45b3a0, 0x0000021c1c45f148]
Event: 7.216 Thread 0x0000021c320dc800 2526       3       jdk.internal.org.objectweb.asm.AnnotationWriter::put (109 bytes)
Event: 7.217 Thread 0x0000021c320dc800 nmethod 2526 0x0000021c1c460990 code [0x0000021c1c460ba0, 0x0000021c1c460fd8]

GC Heap History (19 events):
Event: 0.991 GC heap before
{Heap before GC invocations=0 (full 0):
 garbage-first heap   total 65536K, used 19456K [0x0000000080000000, 0x0000000100000000)
  region size 1024K, 14 young (14336K), 0 survivors (0K)
 Metaspace       used 6729K, capacity 6925K, committed 7168K, reserved 1056768K
  class space    used 582K, capacity 650K, committed 768K, reserved 1048576K
}
Event: 0.999 GC heap after
{Heap after GC invocations=1 (full 0):
 garbage-first heap   total 65536K, used 7731K [0x0000000080000000, 0x0000000100000000)
  region size 1024K, 2 young (2048K), 2 survivors (2048K)
 Metaspace       used 6729K, capacity 6925K, committed 7168K, reserved 1056768K
  class space    used 582K, capacity 650K, committed 768K, reserved 1048576K
}
Event: 1.180 GC heap before
{Heap before GC invocations=1 (full 0):
 garbage-first heap   total 65536K, used 11827K [0x0000000080000000, 0x0000000100000000)
  region size 1024K, 6 young (6144K), 2 survivors (2048K)
 Metaspace       used 7819K, capacity 7979K, committed 8320K, reserved 1056768K
  class space    used 736K, capacity 791K, committed 896K, reserved 1048576K
}
Event: 1.185 GC heap after
{Heap after GC invocations=2 (full 0):
 garbage-first heap   total 65536K, used 8878K [0x0000000080000000, 0x0000000100000000)
  region size 1024K, 1 young (1024K), 1 survivors (1024K)
 Metaspace       used 7819K, capacity 7979K, committed 8320K, reserved 1056768K
  class space    used 736K, capacity 791K, committed 896K, reserved 1048576K
}
Event: 2.201 GC heap before
{Heap before GC invocations=2 (full 0):
 garbage-first heap   total 65536K, used 29358K [0x0000000080000000, 0x0000000100000000)
  region size 1024K, 21 young (21504K), 1 survivors (1024K)
 Metaspace       used 10795K, capacity 11009K, committed 11264K, reserved 1058816K
  class space    used 1130K, capacity 1207K, committed 1280K, reserved 1048576K
}
Event: 2.207 GC heap after
{Heap after GC invocations=3 (full 0):
 garbage-first heap   total 65536K, used 9749K [0x0000000080000000, 0x0000000100000000)
  region size 1024K, 2 young (2048K), 2 survivors (2048K)
 Metaspace       used 10795K, capacity 11009K, committed 11264K, reserved 1058816K
  class space    used 1130K, capacity 1207K, committed 1280K, reserved 1048576K
}
Event: 2.668 GC heap before
{Heap before GC invocations=3 (full 0):
 garbage-first heap   total 65536K, used 32277K [0x0000000080000000, 0x0000000100000000)
  region size 1024K, 24 young (24576K), 2 survivors (2048K)
 Metaspace       used 10917K, capacity 11137K, committed 11264K, reserved 1058816K
  class space    used 1133K, capacity 1207K, committed 1280K, reserved 1048576K
}
Event: 2.677 GC heap after
{Heap after GC invocations=4 (full 0):
 garbage-first heap   total 65536K, used 13602K [0x0000000080000000, 0x0000000100000000)
  region size 1024K, 3 young (3072K), 3 survivors (3072K)
 Metaspace       used 10917K, capacity 11137K, committed 11264K, reserved 1058816K
  class space    used 1133K, capacity 1207K, committed 1280K, reserved 1048576K
}
Event: 4.150 GC heap before
{Heap before GC invocations=4 (full 0):
 garbage-first heap   total 65536K, used 36130K [0x0000000080000000, 0x0000000100000000)
  region size 1024K, 25 young (25600K), 3 survivors (3072K)
 Metaspace       used 15131K, capacity 15494K, committed 15744K, reserved 1062912K
  class space    used 1725K, capacity 1831K, committed 1920K, reserved 1048576K
}
Event: 4.159 GC heap after
{Heap after GC invocations=5 (full 0):
 garbage-first heap   total 78848K, used 15636K [0x0000000080000000, 0x0000000100000000)
  region size 1024K, 2 young (2048K), 2 survivors (2048K)
 Metaspace       used 15131K, capacity 15494K, committed 15744K, reserved 1062912K
  class space    used 1725K, capacity 1831K, committed 1920K, reserved 1048576K
}
Event: 5.143 GC heap before
{Heap before GC invocations=5 (full 0):
 garbage-first heap   total 78848K, used 42260K [0x0000000080000000, 0x0000000100000000)
  region size 1024K, 28 young (28672K), 2 survivors (2048K)
 Metaspace       used 19319K, capacity 19648K, committed 19968K, reserved 1067008K
  class space    used 2343K, capacity 2450K, committed 2560K, reserved 1048576K
}
Event: 5.150 GC heap after
{Heap after GC invocations=6 (full 0):
 garbage-first heap   total 78848K, used 16998K [0x0000000080000000, 0x0000000100000000)
  region size 1024K, 3 young (3072K), 3 survivors (3072K)
 Metaspace       used 19319K, capacity 19648K, committed 19968K, reserved 1067008K
  class space    used 2343K, capacity 2450K, committed 2560K, reserved 1048576K
}
Event: 5.370 GC heap before
{Heap before GC invocations=6 (full 0):
 garbage-first heap   total 78848K, used 28262K [0x0000000080000000, 0x0000000100000000)
  region size 1024K, 15 young (15360K), 3 survivors (3072K)
 Metaspace       used 20675K, capacity 21102K, committed 21296K, reserved 1069056K
  class space    used 2529K, capacity 2658K, committed 2688K, reserved 1048576K
}
Event: 5.379 GC heap after
{Heap after GC invocations=7 (full 0):
 garbage-first heap   total 78848K, used 17437K [0x0000000080000000, 0x0000000100000000)
  region size 1024K, 2 young (2048K), 2 survivors (2048K)
 Metaspace       used 20675K, capacity 21102K, committed 21296K, reserved 1069056K
  class space    used 2529K, capacity 2658K, committed 2688K, reserved 1048576K
}
Event: 5.839 GC heap before
{Heap before GC invocations=8 (full 0):
 garbage-first heap   total 78848K, used 43037K [0x0000000080000000, 0x0000000100000000)
  region size 1024K, 28 young (28672K), 2 survivors (2048K)
 Metaspace       used 23189K, capacity 23772K, committed 23936K, reserved 1071104K
  class space    used 2955K, capacity 3147K, committed 3200K, reserved 1048576K
}
Event: 5.852 GC heap after
{Heap after GC invocations=9 (full 0):
 garbage-first heap   total 78848K, used 18363K [0x0000000080000000, 0x0000000100000000)
  region size 1024K, 3 young (3072K), 3 survivors (3072K)
 Metaspace       used 23189K, capacity 23772K, committed 23936K, reserved 1071104K
  class space    used 2955K, capacity 3147K, committed 3200K, reserved 1048576K
}
Event: 6.410 GC heap before
{Heap before GC invocations=9 (full 0):
 garbage-first heap   total 78848K, used 46011K [0x0000000080000000, 0x0000000100000000)
  region size 1024K, 30 young (30720K), 3 survivors (3072K)
 Metaspace       used 26160K, capacity 26701K, committed 27008K, reserved 1073152K
  class space    used 3415K, capacity 3616K, committed 3712K, reserved 1048576K
}
Event: 6.419 GC heap after
{Heap after GC invocations=10 (full 0):
 garbage-first heap   total 78848K, used 19505K [0x0000000080000000, 0x0000000100000000)
  region size 1024K, 3 young (3072K), 3 survivors (3072K)
 Metaspace       used 26160K, capacity 26701K, committed 27008K, reserved 1073152K
  class space    used 3415K, capacity 3616K, committed 3712K, reserved 1048576K
}
Event: 7.228 GC heap before
{Heap before GC invocations=10 (full 0):
 garbage-first heap   total 78848K, used 48177K [0x0000000080000000, 0x0000000100000000)
  region size 1024K, 31 young (31744K), 3 survivors (3072K)
 Metaspace       used 28632K, capacity 29261K, committed 29440K, reserved 1075200K
  class space    used 3807K, capacity 4027K, committed 4096K, reserved 1048576K
}

Deoptimization events (20 events):
Event: 6.283 Thread 0x0000021c3569d000 Uncommon trap: trap_request=0xffffff7e fr.pc=0x0000021c2353fa10 relative=0x0000000000000150
Event: 6.283 Thread 0x0000021c3569d000 Uncommon trap: reason=predicate action=maybe_recompile pc=0x0000021c2353fa10 method=com.google.common.base.CharMatcher.indexIn(Ljava/lang/CharSequence;I)I @ 19 c2
Event: 6.283 Thread 0x0000021c3569d000 DEOPT PACKING pc=0x0000021c2353fa10 sp=0x000000a6615fb250
Event: 6.283 Thread 0x0000021c3569d000 DEOPT UNPACKING pc=0x0000021c1b9965af sp=0x000000a6615fb1e0 mode 2
Event: 6.301 Thread 0x0000021c3569d000 Uncommon trap: trap_request=0xffffff4d fr.pc=0x0000021c234d5070 relative=0x00000000000013b0
Event: 6.301 Thread 0x0000021c3569d000 Uncommon trap: reason=unstable_if action=reinterpret pc=0x0000021c234d5070 method=java.util.concurrent.ConcurrentHashMap.putVal(Ljava/lang/Object;Ljava/lang/Object;Z)Ljava/lang/Object; @ 231 c2
Event: 6.301 Thread 0x0000021c3569d000 DEOPT PACKING pc=0x0000021c234d5070 sp=0x000000a6615fc320
Event: 6.301 Thread 0x0000021c3569d000 DEOPT UNPACKING pc=0x0000021c1b9965af sp=0x000000a6615fc2a0 mode 2
Event: 6.331 Thread 0x0000021c3569d000 Uncommon trap: trap_request=0xffffffde fr.pc=0x0000021c2351bbe0 relative=0x0000000000000320
Event: 6.331 Thread 0x0000021c3569d000 Uncommon trap: reason=class_check action=maybe_recompile pc=0x0000021c2351bbe0 method=java.util.Collections$SetFromMap.remove(Ljava/lang/Object;)Z @ 5 c2
Event: 6.331 Thread 0x0000021c3569d000 DEOPT PACKING pc=0x0000021c2351bbe0 sp=0x000000a6615fc310
Event: 6.331 Thread 0x0000021c3569d000 DEOPT UNPACKING pc=0x0000021c1b9965af sp=0x000000a6615fc2f8 mode 2
Event: 6.331 Thread 0x0000021c3569d000 Uncommon trap: trap_request=0xffffffde fr.pc=0x0000021c2351bbe0 relative=0x0000000000000320
Event: 6.331 Thread 0x0000021c3569d000 Uncommon trap: reason=class_check action=maybe_recompile pc=0x0000021c2351bbe0 method=java.util.Collections$SetFromMap.remove(Ljava/lang/Object;)Z @ 5 c2
Event: 6.331 Thread 0x0000021c3569d000 DEOPT PACKING pc=0x0000021c2351bbe0 sp=0x000000a6615fc2a0
Event: 6.331 Thread 0x0000021c3569d000 DEOPT UNPACKING pc=0x0000021c1b9965af sp=0x000000a6615fc288 mode 2
Event: 6.708 Thread 0x0000021c3569d000 Uncommon trap: trap_request=0xffffff4d fr.pc=0x0000021c235152cc relative=0x000000000000020c
Event: 6.708 Thread 0x0000021c3569d000 Uncommon trap: reason=unstable_if action=reinterpret pc=0x0000021c235152cc method=java.util.HashMap.hash(Ljava/lang/Object;)I @ 1 c2
Event: 6.708 Thread 0x0000021c3569d000 DEOPT PACKING pc=0x0000021c235152cc sp=0x000000a6615f8c70
Event: 6.708 Thread 0x0000021c3569d000 DEOPT UNPACKING pc=0x0000021c1b9965af sp=0x000000a6615f8ba8 mode 2

Classes redefined (0 events):
No events

Internal exceptions (20 events):
Event: 5.715 Thread 0x0000021c3569d000 Exception <a 'java/lang/NoSuchMethodError'{0x00000000836b83e8}: 'java.lang.Object java.lang.invoke.DirectMethodHandle$Holder.invokeVirtual(java.lang.Object, java.lang.Object, java.lang.Object, java.lang.Object)'> (0x00000000836b83e8) thrown at [./src/hotspot/share/interpreter/linkResolver.cpp, line 773]
Event: 5.910 Thread 0x0000021c3569d000 Exception <a 'java/lang/NoSuchMethodError'{0x0000000084b844b0}: 'void java.lang.invoke.DirectMethodHandle$Holder.invokeSpecial(java.lang.Object, java.lang.Object, java.lang.Object, java.lang.Object, java.lang.Object, java.lang.Object)'> (0x0000000084b844b0) thrown at [./src/hotspot/share/interpreter/linkResolver.cpp, line 773]
Event: 5.931 Thread 0x0000021c3569d000 Exception <a 'java/lang/NoSuchMethodError'{0x0000000084bf34e0}: 'void java.lang.invoke.DirectMethodHandle$Holder.invokeSpecial(java.lang.Object, java.lang.Object, java.lang.Object, java.lang.Object, java.lang.Object, java.lang.Object, java.lang.Object)'> (0x0000000084bf34e0) thrown at [./src/hotspot/share/interpreter/linkResolver.cpp, line 773]
Event: 5.932 Thread 0x0000021c3569d000 Exception <a 'java/lang/NoSuchMethodError'{0x0000000084bfb9d0}: 'java.lang.Object java.lang.invoke.Invokers$Holder.linkToTargetMethod(java.lang.Object, java.lang.Object, java.lang.Object, java.lang.Object, java.lang.Object, java.lang.Object)'> (0x0000000084bfb9d0) thrown at [./src/hotspot/share/interpreter/linkResolver.cpp, line 773]
Event: 6.074 Thread 0x0000021c3569d000 Exception <a 'java/lang/NoSuchMethodError'{0x0000000084149ce0}: 'int java.lang.invoke.DirectMethodHandle$Holder.invokeStaticInit(java.lang.Object, java.lang.Object, java.lang.Object)'> (0x0000000084149ce0) thrown at [./src/hotspot/share/interpreter/linkResolver.cpp, line 773]
Event: 6.197 Thread 0x0000021c3569d000 Exception <a 'java/lang/NoSuchMethodError'{0x0000000083c7efa8}: 'void java.lang.invoke.DirectMethodHandle$Holder.invokeStaticInit(java.lang.Object, java.lang.Object)'> (0x0000000083c7efa8) thrown at [./src/hotspot/share/interpreter/linkResolver.cpp, line 773]
Event: 6.317 Thread 0x0000021c3569d000 Exception <a 'java/lang/NoSuchMethodError'{0x00000000837d6648}: 'void java.lang.invoke.DirectMethodHandle$Holder.invokeStatic(java.lang.Object, java.lang.Object, java.lang.Object, java.lang.Object)'> (0x00000000837d6648) thrown at [./src/hotspot/share/interpreter/linkResolver.cpp, line 773]
Event: 6.322 Thread 0x0000021c3569d000 Exception <a 'java/lang/NoSuchMethodError'{0x00000000837ea148}: 'int java.lang.invoke.DirectMethodHandle$Holder.invokeInterface(java.lang.Object, java.lang.Object)'> (0x00000000837ea148) thrown at [./src/hotspot/share/interpreter/linkResolver.cpp, line 773]
Event: 6.508 Thread 0x0000021c3569d000 Exception <a 'java/lang/NoSuchMethodError'{0x00000000847976f8}: 'java.lang.Object java.lang.invoke.DirectMethodHandle$Holder.invokeSpecialIFC(java.lang.Object, java.lang.Object, java.lang.Object, java.lang.Object)'> (0x00000000847976f8) thrown at [./src/hotspot/share/interpreter/linkResolver.cpp, line 773]
Event: 6.520 Thread 0x0000021c3569d000 Exception <a 'java/lang/NoSuchMethodError'{0x000000008467a8d0}: 'java.lang.Object java.lang.invoke.DirectMethodHandle$Holder.invokeSpecial(java.lang.Object, java.lang.Object, java.lang.Object, java.lang.Object, java.lang.Object, java.lang.Object, java.lang.Object, java.lang.Object, java.lang.Object, java.lang.Object, java.lang.Object, java.lang.Object, java.lang.Object)'> (0x000000008467a8d0) thrown at [./src/hotspot/share/interpreter/linkResolver.cpp, line 773]
Event: 6.522 Thread 0x0000021c3569d000 Exception <a 'java/lang/NoSuchMethodError'{0x000000008468b730}: 'java.lang.Object java.lang.invoke.DirectMethodHandle$Holder.invokeSpecial(java.lang.Object, java.lang.Object, java.lang.Object, java.lang.Object, java.lang.Object, java.lang.Object, java.lang.Object, java.lang.Object, java.lang.Object, java.lang.Object, java.lang.Object, java.lang.Object)'> (0x000000008468b730) thrown at [./src/hotspot/share/interpreter/linkResolver.cpp, line 773]
Event: 6.523 Thread 0x0000021c3569d000 Exception <a 'java/lang/NoSuchMethodError'{0x0000000084690858}: 'java.lang.Object java.lang.invoke.Invokers$Holder.linkToTargetMethod(java.lang.Object, java.lang.Object, java.lang.Object, java.lang.Object, java.lang.Object, java.lang.Object, java.lang.Object, java.lang.Object, java.lang.Object, java.lang.Object, java.lang.Object)'> (0x0000000084690858) thrown at [./src/hotspot/share/interpreter/linkResolver.cpp, line 773]
Event: 6.540 Thread 0x0000021c3569d000 Exception <a 'java/lang/NoSuchMethodError'{0x00000000845dfeb8}: 'java.lang.Object java.lang.invoke.DirectMethodHandle$Holder.invokeSpecial(java.lang.Object, java.lang.Object, java.lang.Object, java.lang.Object, java.lang.Object, java.lang.Object, java.lang.Object, java.lang.Object, java.lang.Object, java.lang.Object, java.lang.Object, java.lang.Object, java.lang.Object, java.lang.Object)'> (0x00000000845dfeb8) thrown at [./src/hotspot/share/interpreter/linkResolver.cpp, line 773]
Event: 6.541 Thread 0x0000021c3569d000 Exception <a 'java/lang/NoSuchMethodError'{0x00000000845f1b98}: 'java.lang.Object java.lang.invoke.Invokers$Holder.linkToTargetMethod(java.lang.Object, java.lang.Object, java.lang.Object, java.lang.Object, java.lang.Object, java.lang.Object, java.lang.Object, java.lang.Object, java.lang.Object, java.lang.Object, java.lang.Object, java.lang.Object)'> (0x00000000845f1b98) thrown at [./src/hotspot/share/interpreter/linkResolver.cpp, line 773]
Event: 6.553 Thread 0x0000021c3569d000 Exception <a 'java/lang/NoSuchMethodError'{0x0000000084487060}: 'java.lang.Object java.lang.invoke.DirectMethodHandle$Holder.invokeStaticInit(java.lang.Object, java.lang.Object, java.lang.Object, java.lang.Object)'> (0x0000000084487060) thrown at [./src/hotspot/share/interpreter/linkResolver.cpp, line 773]
Event: 6.708 Thread 0x0000021c3569d000 Implicit null exception at 0x0000021c235150f5 to 0x0000021c235152bc
Event: 7.150 Thread 0x0000021c3569d000 Exception <a 'java/lang/NoSuchMethodError'{0x0000000083252e58}: 'java.lang.Object java.lang.invoke.Invokers$Holder.linkToTargetMethod(java.lang.Object, java.lang.Object, java.lang.Object, java.lang.Object, java.lang.Object, java.lang.Object, java.lang.Object, java.lang.Object)'> (0x0000000083252e58) thrown at [./src/hotspot/share/interpreter/linkResolver.cpp, line 773]
Event: 7.162 Thread 0x0000021c3569d000 Exception <a 'java/lang/NoSuchMethodError'{0x0000000083287de8}: 'java.lang.Object java.lang.invoke.DirectMethodHandle$Holder.invokeVirtual(java.lang.Object, java.lang.Object, java.lang.Object)'> (0x0000000083287de8) thrown at [./src/hotspot/share/interpreter/linkResolver.cpp, line 773]
Event: 7.208 Thread 0x0000021c3569d000 Exception <a 'java/lang/NoSuchMethodError'{0x00000000830638b8}: 'java.lang.Object java.lang.invoke.Invokers$Holder.linkToTargetMethod(java.lang.Object, java.lang.Object, java.lang.Object, java.lang.Object, java.lang.Object, java.lang.Object, java.lang.Object)'> (0x00000000830638b8) thrown at [./src/hotspot/share/interpreter/linkResolver.cpp, line 773]
Event: 7.216 Thread 0x0000021c3569d000 Exception <a 'java/lang/IncompatibleClassChangeError'{0x00000000830a3a70}: Found class java.lang.Object, but interface was expected> (0x00000000830a3a70) thrown at [./src/hotspot/share/interpreter/linkResolver.cpp, line 839]

Events (20 events):
Event: 7.222 loading class org/gradle/internal/execution/fingerprint/FileNormalizationSpec done
Event: 7.222 loading class org/gradle/internal/fingerprint/RelativePathInputNormalizer
Event: 7.222 loading class org/gradle/internal/fingerprint/RelativePathInputNormalizer done
Event: 7.223 loading class org/gradle/internal/fingerprint/NameOnlyInputNormalizer
Event: 7.223 loading class org/gradle/internal/fingerprint/NameOnlyInputNormalizer done
Event: 7.223 loading class org/gradle/internal/fingerprint/IgnoredPathInputNormalizer
Event: 7.223 loading class org/gradle/internal/fingerprint/IgnoredPathInputNormalizer done
Event: 7.224 loading class org/gradle/api/tasks/ClasspathNormalizer
Event: 7.224 loading class org/gradle/api/tasks/ClasspathNormalizer done
Event: 7.224 loading class org/gradle/api/tasks/CompileClasspathNormalizer
Event: 7.224 loading class org/gradle/api/tasks/CompileClasspathNormalizer done
Event: 7.225 loading class org/gradle/api/internal/changedetection/state/LineEndingNormalizingInputStreamHasher
Event: 7.225 loading class org/gradle/api/internal/changedetection/state/LineEndingNormalizingInputStreamHasher done
Event: 7.226 loading class org/apache/commons/io/input/CloseShieldInputStream
Event: 7.226 loading class org/apache/commons/io/input/CloseShieldInputStream done
Event: 7.226 loading class org/apache/commons/io/input/ProxyInputStream
Event: 7.226 loading class org/apache/commons/io/input/ProxyInputStream done
Event: 7.227 loading class org/gradle/api/internal/changedetection/state/CachingFileSystemLocationSnapshotHasher
Event: 7.227 loading class org/gradle/api/internal/changedetection/state/CachingFileSystemLocationSnapshotHasher done
Event: 7.227 Executing VM operation: G1CollectForAllocation


Dynamic libraries:
0x00007ff708a80000 - 0x00007ff708a8a000 	C:\Program Files\Android\Android Studio\jre\bin\java.exe
0x00007ffd5e470000 - 0x00007ffd5e665000 	C:\Windows\SYSTEM32\ntdll.dll
0x00007ffd5d530000 - 0x00007ffd5d5ee000 	C:\Windows\System32\KERNEL32.DLL
0x00007ffd5bd50000 - 0x00007ffd5c018000 	C:\Windows\System32\KERNELBASE.dll
0x00007ffd5c1c0000 - 0x00007ffd5c2c0000 	C:\Windows\System32\ucrtbase.dll
0x00007ffd4c5f0000 - 0x00007ffd4c607000 	C:\Program Files\Android\Android Studio\jre\bin\VCRUNTIME140.dll
0x00007ffd51b10000 - 0x00007ffd51b29000 	C:\Program Files\Android\Android Studio\jre\bin\jli.dll
0x00007ffd5d380000 - 0x00007ffd5d521000 	C:\Windows\System32\USER32.dll
0x00007ffd5c420000 - 0x00007ffd5c442000 	C:\Windows\System32\win32u.dll
0x00007ffd4f490000 - 0x00007ffd4f72a000 	C:\Windows\WinSxS\amd64_microsoft.windows.common-controls_6595b64144ccf1df_6.0.19041.1110_none_60b5254171f9507e\COMCTL32.dll
0x00007ffd5cba0000 - 0x00007ffd5cbcb000 	C:\Windows\System32\GDI32.dll
0x00007ffd5c5d0000 - 0x00007ffd5c66e000 	C:\Windows\System32\msvcrt.dll
0x00007ffd5c020000 - 0x00007ffd5c12d000 	C:\Windows\System32\gdi32full.dll
0x00007ffd5bbd0000 - 0x00007ffd5bc6d000 	C:\Windows\System32\msvcp_win.dll
0x00007ffd5c910000 - 0x00007ffd5c940000 	C:\Windows\System32\IMM32.DLL
0x00007ffd28690000 - 0x00007ffd2872d000 	C:\Program Files\Android\Android Studio\jre\bin\msvcp140.dll
0x00007ffd2d310000 - 0x00007ffd2dde5000 	C:\Program Files\Android\Android Studio\jre\bin\server\jvm.dll
0x00007ffd5c670000 - 0x00007ffd5c71c000 	C:\Windows\System32\ADVAPI32.dll
0x00007ffd5c530000 - 0x00007ffd5c5cb000 	C:\Windows\System32\sechost.dll
0x00007ffd5ca70000 - 0x00007ffd5cb9a000 	C:\Windows\System32\RPCRT4.dll
0x00007ffd5d7a0000 - 0x00007ffd5d7a8000 	C:\Windows\System32\PSAPI.DLL
0x00007ffd4df70000 - 0x00007ffd4df97000 	C:\Windows\SYSTEM32\WINMM.dll
0x00007ffd50db0000 - 0x00007ffd50dba000 	C:\Windows\SYSTEM32\VERSION.dll
0x00007ffd57240000 - 0x00007ffd57249000 	C:\Windows\SYSTEM32\WSOCK32.dll
0x00007ffd5c780000 - 0x00007ffd5c7eb000 	C:\Windows\System32\ws2_32.DLL
0x00007ffd59b10000 - 0x00007ffd59b22000 	C:\Windows\SYSTEM32\kernel.appcore.dll
0x00007ffd56d70000 - 0x00007ffd56d81000 	C:\Program Files\Android\Android Studio\jre\bin\verify.dll
0x00007ffd47220000 - 0x00007ffd47404000 	C:\Windows\SYSTEM32\DBGHELP.DLL
0x00007ffd47180000 - 0x00007ffd471ac000 	C:\Windows\SYSTEM32\dbgcore.DLL
0x00007ffd5c130000 - 0x00007ffd5c1b2000 	C:\Windows\System32\bcryptPrimitives.dll
0x00007ffd56990000 - 0x00007ffd569b9000 	C:\Program Files\Android\Android Studio\jre\bin\java.dll
0x00007ffd57230000 - 0x00007ffd5723b000 	C:\Program Files\Android\Android Studio\jre\bin\jimage.dll
0x00007ffd56970000 - 0x00007ffd56988000 	C:\Program Files\Android\Android Studio\jre\bin\zip.dll
0x00007ffd5d7b0000 - 0x00007ffd5def4000 	C:\Windows\System32\SHELL32.dll
0x00007ffd59e20000 - 0x00007ffd5a5b4000 	C:\Windows\SYSTEM32\windows.storage.dll
0x00007ffd5cdf0000 - 0x00007ffd5d145000 	C:\Windows\System32\combase.dll
0x00007ffd5b500000 - 0x00007ffd5b52e000 	C:\Windows\SYSTEM32\Wldp.dll
0x00007ffd5c7f0000 - 0x00007ffd5c89d000 	C:\Windows\System32\SHCORE.dll
0x00007ffd5cca0000 - 0x00007ffd5ccf5000 	C:\Windows\System32\shlwapi.dll
0x00007ffd5bac0000 - 0x00007ffd5badf000 	C:\Windows\SYSTEM32\profapi.dll
0x00007ffd558e0000 - 0x00007ffd558fa000 	C:\Program Files\Android\Android Studio\jre\bin\net.dll
0x00007ffd536d0000 - 0x00007ffd537dc000 	C:\Windows\SYSTEM32\WINHTTP.dll
0x00007ffd5b260000 - 0x00007ffd5b2ca000 	C:\Windows\system32\mswsock.dll
0x00007ffd54c30000 - 0x00007ffd54c44000 	C:\Program Files\Android\Android Studio\jre\bin\nio.dll
0x00007ffd51e90000 - 0x00007ffd51eb7000 	C:\Users\Admin\.gradle\native\e1d6ef7f7dcc3fd88c89a11ec53ec762bb8ba0a96d01ffa2cd45eb1d1d8dd5c5\windows-amd64\native-platform.dll
0x00007ffd28540000 - 0x00007ffd28684000 	C:\Users\Admin\.gradle\native\5664cfc778a61ccfe75a443a1ab52a65af34e5dc3c78e0209fed803814484fcb\windows-amd64\native-platform-file-events.dll
0x00007ffd56870000 - 0x00007ffd5687a000 	C:\Program Files\Android\Android Studio\jre\bin\management.dll
0x00007ffd56760000 - 0x00007ffd5676d000 	C:\Program Files\Android\Android Studio\jre\bin\management_ext.dll
0x00007ffd5b460000 - 0x00007ffd5b478000 	C:\Windows\SYSTEM32\CRYPTSP.dll
0x00007ffd5ad90000 - 0x00007ffd5adc4000 	C:\Windows\system32\rsaenh.dll
0x00007ffd5bd20000 - 0x00007ffd5bd47000 	C:\Windows\System32\bcrypt.dll
0x00007ffd5ba40000 - 0x00007ffd5ba6e000 	C:\Windows\SYSTEM32\USERENV.dll
0x00007ffd5b450000 - 0x00007ffd5b45c000 	C:\Windows\SYSTEM32\CRYPTBASE.dll
0x00007ffd5af50000 - 0x00007ffd5af8b000 	C:\Windows\SYSTEM32\IPHLPAPI.DLL
0x00007ffd5cd00000 - 0x00007ffd5cd08000 	C:\Windows\System32\NSI.dll
0x00007ffd54230000 - 0x00007ffd54247000 	C:\Windows\SYSTEM32\dhcpcsvc6.DLL
0x00007ffd54210000 - 0x00007ffd5422d000 	C:\Windows\SYSTEM32\dhcpcsvc.DLL
0x00007ffd5af90000 - 0x00007ffd5b05b000 	C:\Windows\SYSTEM32\DNSAPI.dll

dbghelp: loaded successfully - version: 4.0.5 - missing functions: none
symbol engine: initialized successfully - sym options: 0x614 - pdb path: .;C:\Program Files\Android\Android Studio\jre\bin;C:\Windows\SYSTEM32;C:\Windows\WinSxS\amd64_microsoft.windows.common-controls_6595b64144ccf1df_6.0.19041.1110_none_60b5254171f9507e;C:\Program Files\Android\Android Studio\jre\bin\server;C:\Users\Admin\.gradle\native\e1d6ef7f7dcc3fd88c89a11ec53ec762bb8ba0a96d01ffa2cd45eb1d1d8dd5c5\windows-amd64;C:\Users\Admin\.gradle\native\5664cfc778a61ccfe75a443a1ab52a65af34e5dc3c78e0209fed803814484fcb\windows-amd64

VM Arguments:
jvm_args: --add-opens=java.base/java.util=ALL-UNNAMED --add-opens=java.base/java.lang=ALL-UNNAMED --add-opens=java.base/java.lang.invoke=ALL-UNNAMED --add-opens=java.base/java.util=ALL-UNNAMED --add-opens=java.prefs/java.util.prefs=ALL-UNNAMED --add-opens=java.prefs/java.util.prefs=ALL-UNNAMED --add-opens=java.base/java.nio.charset=ALL-UNNAMED --add-opens=java.base/java.net=ALL-UNNAMED --add-opens=java.base/java.util.concurrent.atomic=ALL-UNNAMED -Xmx2048m -Dfile.encoding=UTF-8 -Duser.country=US -Duser.language=en -Duser.variant 
java_command: org.gradle.launcher.daemon.bootstrap.GradleDaemon 7.2
java_class_path (initial): C:\Users\Admin\.gradle\wrapper\dists\gradle-7.2-bin\2dnblmf4td7x66yl1d74lt32g\gradle-7.2\lib\gradle-launcher-7.2.jar
Launcher Type: SUN_STANDARD

[Global flags]
     intx CICompilerCount                          = 3                                         {product} {ergonomic}
     uint ConcGCThreads                            = 1                                         {product} {ergonomic}
     uint G1ConcRefinementThreads                  = 4                                         {product} {ergonomic}
   size_t G1HeapRegionSize                         = 1048576                                   {product} {ergonomic}
    uintx GCDrainStackTargetSize                   = 64                                        {product} {ergonomic}
   size_t InitialHeapSize                          = 67108864                                  {product} {ergonomic}
   size_t MarkStackSize                            = 4194304                                   {product} {ergonomic}
   size_t MaxHeapSize                              = 2147483648                                {product} {command line}
   size_t MaxNewSize                               = 1287651328                                {product} {ergonomic}
   size_t MinHeapDeltaBytes                        = 1048576                                   {product} {ergonomic}
    uintx NonNMethodCodeHeapSize                   = 5830732                                {pd product} {ergonomic}
    uintx NonProfiledCodeHeapSize                  = 122913754                              {pd product} {ergonomic}
    uintx ProfiledCodeHeapSize                     = 122913754                              {pd product} {ergonomic}
    uintx ReservedCodeCacheSize                    = 251658240                              {pd product} {ergonomic}
     bool SegmentedCodeCache                       = true                                      {product} {ergonomic}
     bool UseCompressedClassPointers               = true                                 {lp64_product} {ergonomic}
     bool UseCompressedOops                        = true                                 {lp64_product} {ergonomic}
     bool UseG1GC                                  = true                                      {product} {ergonomic}
     bool UseLargePagesIndividualAllocation        = false                                  {pd product} {ergonomic}

Logging:
Log output configuration:
 #0: stdout all=warning uptime,level,tags
 #1: stderr all=off uptime,level,tags

Environment Variables:
PATH=C:\Program Files (x86)\Common Files\Oracle\Java\javapath;C:\Program Files (x86)\VMware\VMware Player\bin\;C:\Windows\system32;C:\Windows;C:\Windows\System32\Wbem;C:\Windows\System32\WindowsPowerShell\v1.0\;C:\Windows\System32\OpenSSH\;C:\Program Files\dotnet\;C:\Users\Admin\AppData\Local\Microsoft\WindowsApps;C:\Users\Admin\.dotnet\tools
USERNAME=Admin
OS=Windows_NT
PROCESSOR_IDENTIFIER=Intel64 Family 6 Model 42 Stepping 7, GenuineIntel



---------------  S Y S T E M  ---------------

OS: Windows 10 , 64 bit Build 19041 (10.0.19041.1348)
OS uptime: 0 days 1:43 hours

CPU:total 4 (initial active 4) (2 cores per cpu, 2 threads per core) family 6 model 42 stepping 7 microcode 0x2f, cmov, cx8, fxsr, mmx, sse, sse2, sse3, ssse3, sse4.1, sse4.2, popcnt, avx, clmul, ht, tsc, tscinvbit

Memory: 4k page, system-wide physical 4004M (455M free)
TotalPageFile size 4004M (AvailPageFile size 19M)
current process WorkingSet (physical memory assigned to process): 193M, peak: 193M
current process commit charge ("private bytes"): 243M, peak: 258M

vm_info: OpenJDK 64-Bit Server VM (11.0.11+9-b60-7590822) for windows-amd64 JRE (11.0.11+9-b60-7590822), built on Jul 29 2021 21:43:44 by "builder" with MS VC++ 14.0 (VS2015)

END.
