#
# There is insufficient memory for the Java Runtime Environment to continue.
# Native memory allocation (malloc) failed to allocate 1278416 bytes for Chunk::new
# Possible reasons:
#   The system is out of physical RAM or swap space
#   The process is running with CompressedOops enabled, and the Java Heap may be blocking the growth of the native heap
# Possible solutions:
#   Reduce memory load on the system
#   Increase physical memory or swap space
#   Check if swap backing store is full
#   Decrease Java heap size (-Xmx/-Xms)
#   Decrease number of Java threads
#   Decrease Java thread stack sizes (-Xss)
#   Set larger code cache with -XX:ReservedCodeCacheSize=
#   JVM is running with Unscaled Compressed Oops mode in which the Java heap is
#     placed in the first 4GB address space. The Java Heap base address is the
#     maximum limit for the native heap growth. Please use -XX:HeapBaseMinAddress
#     to set the Java Heap base and to place the Java Heap above 4GB virtual address.
# This output file may be truncated or incomplete.
#
#  Out of Memory Error (./src/hotspot/share/memory/arena.cpp:197), pid=792, tid=3952
#
# JRE version: OpenJDK Runtime Environment (11.0.11+9) (build 11.0.11+9-b60-7590822)
# Java VM: OpenJDK 64-Bit Server VM (11.0.11+9-b60-7590822, mixed mode, tiered, compressed oops, g1 gc, windows-amd64)
# No core dump will be written. Minidumps are not enabled by default on client versions of Windows
#

---------------  S U M M A R Y ------------

Command Line: --add-opens=java.base/java.util=ALL-UNNAMED --add-opens=java.base/java.lang=ALL-UNNAMED --add-opens=java.base/java.lang.invoke=ALL-UNNAMED --add-opens=java.base/java.util=ALL-UNNAMED --add-opens=java.prefs/java.util.prefs=ALL-UNNAMED --add-opens=java.prefs/java.util.prefs=ALL-UNNAMED --add-opens=java.base/java.nio.charset=ALL-UNNAMED --add-opens=java.base/java.net=ALL-UNNAMED --add-opens=java.base/java.util.concurrent.atomic=ALL-UNNAMED -Xmx2048m -Dfile.encoding=UTF-8 -Duser.country=US -Duser.language=en -Duser.variant org.gradle.launcher.daemon.bootstrap.GradleDaemon 7.2

Host: Intel(R) Core(TM) i3-2330M CPU @ 2.20GHz, 4 cores, 3G,  Windows 10 , 64 bit Build 19041 (10.0.19041.1348)
Time: Fri May 13 15:31:09 2022 SE Asia Standard Time elapsed time: 10.797962 seconds (0d 0h 0m 10s)

---------------  T H R E A D  ---------------

Current thread (0x00000188f9320000):  JavaThread "C2 CompilerThread0" daemon [_thread_in_native, id=3952, stack(0x0000002484100000,0x0000002484200000)]


Current CompileTask:
C2:  10798 5174       4       groovy.lang.MetaClassImpl$1MOPIter::methodNameAction (325 bytes)

Stack: [0x0000002484100000,0x0000002484200000]
Native frames: (J=compiled Java code, j=interpreted, Vv=VM code, C=native code)
V  [jvm.dll+0x5f214a]
V  [jvm.dll+0x726fb5]
V  [jvm.dll+0x7285cd]
V  [jvm.dll+0x728c83]
V  [jvm.dll+0x243278]
V  [jvm.dll+0xbc53c]
V  [jvm.dll+0xbca3c]
V  [jvm.dll+0x353e7d]
V  [jvm.dll+0x19875c]
V  [jvm.dll+0x1fc2ee]
V  [jvm.dll+0x1fb3d4]
V  [jvm.dll+0x183d6c]
V  [jvm.dll+0x209a57]
V  [jvm.dll+0x2082a1]
V  [jvm.dll+0x6ef58f]
V  [jvm.dll+0x6e80b5]
V  [jvm.dll+0x5f1036]
C  [ucrtbase.dll+0x21bb2]
C  [KERNEL32.DLL+0x17034]
C  [ntdll.dll+0x52651]


---------------  P R O C E S S  ---------------

Threads class SMR info:
_java_thread_list=0x00000188fe66b870, length=77, elements={
0x00000188def5a800, 0x00000188f92bd000, 0x00000188f92c0800, 0x00000188f9318800,
0x00000188f931c000, 0x00000188f931d000, 0x00000188f9320000, 0x00000188f9322000,
0x00000188f9323000, 0x00000188f9de9800, 0x00000188fb612800, 0x00000188faf2f800,
0x00000188faa25000, 0x00000188fbb8f000, 0x00000188fbbde000, 0x00000188fbc81000,
0x00000188fbcdb800, 0x00000188fbc72800, 0x00000188fbc77000, 0x00000188fbc73000,
0x00000188fbc79000, 0x00000188fbc74000, 0x00000188fbc74800, 0x00000188fbc75800,
0x00000188fbc78000, 0x00000188fbc76800, 0x00000188fc4a1000, 0x00000188fc4a2800,
0x00000188fc4a4000, 0x00000188fc49f000, 0x00000188fc49e800, 0x00000188fc4a5000,
0x00000188fe69f000, 0x00000188fe699800, 0x00000188fe69c000, 0x00000188fe69a000,
0x00000188fe6a0000, 0x00000188fe69d800, 0x00000188fe6a0800, 0x00000188fe69c800,
0x00000188fe69b000, 0x00000188fe6a4000, 0x00000188fe6a2800, 0x00000188fe6a1800,
0x00000188fe6a3000, 0x00000188fe69e800, 0x00000188fe6a8000, 0x00000188fe6a6800,
0x00000188fe6a5000, 0x00000188fe6a5800, 0x00000188fe6a7000, 0x00000188fe848000,
0x00000188fe84b000, 0x00000188fe847000, 0x00000188fe845800, 0x00000188fe848800,
0x00000188fe84a000, 0x00000188fe849800, 0x00000188fe84c000, 0x00000188fe846000,
0x00000188fe84c800, 0x00000188fe853000, 0x00000188fe84e800, 0x00000188fe84d800,
0x00000188fe852800, 0x00000188fe84f000, 0x00000188fe850000, 0x00000188fe851000,
0x00000188fe851800, 0x00000188fe854000, 0x00000188fc798800, 0x00000188fc796000,
0x00000188fc795000, 0x00000188fc79a000, 0x00000188fc799000, 0x00000188fc794800,
0x00000188fc79b000
}

Java Threads: ( => current thread )
  0x00000188def5a800 JavaThread "main" [_thread_blocked, id=4584, stack(0x0000002483500000,0x0000002483600000)]
  0x00000188f92bd000 JavaThread "Reference Handler" daemon [_thread_blocked, id=5356, stack(0x0000002483c00000,0x0000002483d00000)]
  0x00000188f92c0800 JavaThread "Finalizer" daemon [_thread_blocked, id=704, stack(0x0000002483d00000,0x0000002483e00000)]
  0x00000188f9318800 JavaThread "Signal Dispatcher" daemon [_thread_blocked, id=5152, stack(0x0000002483e00000,0x0000002483f00000)]
  0x00000188f931c000 JavaThread "Attach Listener" daemon [_thread_blocked, id=2100, stack(0x0000002483f00000,0x0000002484000000)]
  0x00000188f931d000 JavaThread "Service Thread" daemon [_thread_blocked, id=5424, stack(0x0000002484000000,0x0000002484100000)]
=>0x00000188f9320000 JavaThread "C2 CompilerThread0" daemon [_thread_in_native, id=3952, stack(0x0000002484100000,0x0000002484200000)]
  0x00000188f9322000 JavaThread "C1 CompilerThread0" daemon [_thread_blocked, id=1752, stack(0x0000002484200000,0x0000002484300000)]
  0x00000188f9323000 JavaThread "Sweeper thread" daemon [_thread_blocked, id=6140, stack(0x0000002484300000,0x0000002484400000)]
  0x00000188f9de9800 JavaThread "Common-Cleaner" daemon [_thread_blocked, id=5860, stack(0x0000002484400000,0x0000002484500000)]
  0x00000188fb612800 JavaThread "Daemon health stats" [_thread_blocked, id=3736, stack(0x0000002484700000,0x0000002484800000)]
  0x00000188faf2f800 JavaThread "Incoming local TCP Connector on port 58630" [_thread_in_native, id=4956, stack(0x0000002484800000,0x0000002484900000)]
  0x00000188faa25000 JavaThread "Daemon periodic checks" [_thread_blocked, id=5296, stack(0x0000002484900000,0x0000002484a00000)]
  0x00000188fbb8f000 JavaThread "Daemon" [_thread_blocked, id=2368, stack(0x0000002484a00000,0x0000002484b00000)]
  0x00000188fbbde000 JavaThread "Handler for socket connection from /127.0.0.1:58630 to /127.0.0.1:58631" [_thread_in_native, id=788, stack(0x0000002484b00000,0x0000002484c00000)]
  0x00000188fbc81000 JavaThread "Cancel handler" [_thread_blocked, id=3708, stack(0x0000002484c00000,0x0000002484d00000)]
  0x00000188fbcdb800 JavaThread "Daemon worker" [_thread_in_vm, id=2984, stack(0x0000002484d00000,0x0000002484e00000)]
  0x00000188fbc72800 JavaThread "Asynchronous log dispatcher for DefaultDaemonConnection: socket connection from /127.0.0.1:58630 to /127.0.0.1:58631" [_thread_blocked, id=3656, stack(0x0000002484e00000,0x0000002484f00000)]
  0x00000188fbc77000 JavaThread "Stdin handler" [_thread_blocked, id=3312, stack(0x0000002484f00000,0x0000002485000000)]
  0x00000188fbc73000 JavaThread "Daemon client event forwarder" [_thread_blocked, id=1128, stack(0x0000002485000000,0x0000002485100000)]
  0x00000188fbc79000 JavaThread "Cache worker for journal cache (C:\Users\Admin\.gradle\caches\journal-1)" [_thread_blocked, id=2700, stack(0x0000002485300000,0x0000002485400000)]
  0x00000188fbc74000 JavaThread "File lock request listener" [_thread_in_native, id=5948, stack(0x0000002485400000,0x0000002485500000)]
  0x00000188fbc74800 JavaThread "Cache worker for file hash cache (C:\Users\Admin\.gradle\caches\7.2\fileHashes)" [_thread_blocked, id=5016, stack(0x0000002485500000,0x0000002485600000)]
  0x00000188fbc75800 JavaThread "Cache worker for file hash cache (C:\Users\Admin\AndroidStudioProjects\curency\.gradle\7.2\fileHashes)" [_thread_blocked, id=2236, stack(0x0000002485600000,0x0000002485700000)]
  0x00000188fbc78000 JavaThread "File watcher server" daemon [_thread_in_native, id=3168, stack(0x0000002485700000,0x0000002485800000)]
  0x00000188fbc76800 JavaThread "File watcher consumer" daemon [_thread_blocked, id=4808, stack(0x0000002485800000,0x0000002485900000)]
  0x00000188fc4a1000 JavaThread "Cache worker for checksums cache (C:\Users\Admin\AndroidStudioProjects\curency\.gradle\checksums)" [_thread_blocked, id=2404, stack(0x0000002485900000,0x0000002485a00000)]
  0x00000188fc4a2800 JavaThread "Cache worker for cache directory md-supplier (C:\Users\Admin\.gradle\caches\7.2\md-supplier)" [_thread_blocked, id=3124, stack(0x0000002485a00000,0x0000002485b00000)]
  0x00000188fc4a4000 JavaThread "Cache worker for cache directory md-rule (C:\Users\Admin\.gradle\caches\7.2\md-rule)" [_thread_blocked, id=2088, stack(0x0000002485b00000,0x0000002485c00000)]
  0x00000188fc49f000 JavaThread "Cache worker for execution history cache (C:\Users\Admin\.gradle\caches\7.2\executionHistory)" [_thread_blocked, id=4152, stack(0x0000002485c00000,0x0000002485d00000)]
  0x00000188fc49e800 JavaThread "jar transforms" [_thread_blocked, id=4960, stack(0x0000002485d00000,0x0000002485e00000)]
  0x00000188fc4a5000 JavaThread "Cache worker for file content cache (C:\Users\Admin\.gradle\caches\7.2\fileContent)" [_thread_blocked, id=3560, stack(0x0000002485e00000,0x0000002485f00000)]
  0x00000188fe69f000 JavaThread "jar transforms Thread 2" [_thread_blocked, id=6096, stack(0x0000002485f00000,0x0000002486000000)]
  0x00000188fe699800 JavaThread "Cache worker for dependencies-accessors (C:\Users\Admin\AndroidStudioProjects\curency\.gradle\7.2\dependencies-accessors)" [_thread_blocked, id=6132, stack(0x0000002486000000,0x0000002486100000)]
  0x00000188fe69c000 JavaThread "jar transforms Thread 3" [_thread_blocked, id=6000, stack(0x0000002486100000,0x0000002486200000)]
  0x00000188fe69a000 JavaThread "Cache worker for Build Output Cleanup Cache (C:\Users\Admin\AndroidStudioProjects\curency\.gradle\buildOutputCleanup)" [_thread_blocked, id=5708, stack(0x0000002486200000,0x0000002486300000)]
  0x00000188fe6a0000 JavaThread "Unconstrained build operations" [_thread_blocked, id=1176, stack(0x0000002486300000,0x0000002486400000)]
  0x00000188fe69d800 JavaThread "Unconstrained build operations Thread 2" [_thread_blocked, id=1608, stack(0x0000002486400000,0x0000002486500000)]
  0x00000188fe6a0800 JavaThread "Unconstrained build operations Thread 3" [_thread_blocked, id=3172, stack(0x0000002486500000,0x0000002486600000)]
  0x00000188fe69c800 JavaThread "Unconstrained build operations Thread 4" [_thread_blocked, id=304, stack(0x0000002486600000,0x0000002486700000)]
  0x00000188fe69b000 JavaThread "Unconstrained build operations Thread 5" [_thread_blocked, id=5148, stack(0x0000002486700000,0x0000002486800000)]
  0x00000188fe6a4000 JavaThread "Unconstrained build operations Thread 6" [_thread_blocked, id=3988, stack(0x0000002486800000,0x0000002486900000)]
  0x00000188fe6a2800 JavaThread "Unconstrained build operations Thread 7" [_thread_blocked, id=6064, stack(0x0000002486900000,0x0000002486a00000)]
  0x00000188fe6a1800 JavaThread "Unconstrained build operations Thread 8" [_thread_blocked, id=3636, stack(0x0000002486a00000,0x0000002486b00000)]
  0x00000188fe6a3000 JavaThread "Unconstrained build operations Thread 9" [_thread_blocked, id=3612, stack(0x0000002486b00000,0x0000002486c00000)]
  0x00000188fe69e800 JavaThread "Unconstrained build operations Thread 10" [_thread_blocked, id=2904, stack(0x0000002486c00000,0x0000002486d00000)]
  0x00000188fe6a8000 JavaThread "Unconstrained build operations Thread 11" [_thread_blocked, id=5648, stack(0x0000002486d00000,0x0000002486e00000)]
  0x00000188fe6a6800 JavaThread "Unconstrained build operations Thread 12" [_thread_blocked, id=5916, stack(0x0000002486e00000,0x0000002486f00000)]
  0x00000188fe6a5000 JavaThread "Unconstrained build operations Thread 13" [_thread_blocked, id=3360, stack(0x0000002486f00000,0x0000002487000000)]
  0x00000188fe6a5800 JavaThread "Unconstrained build operations Thread 14" [_thread_blocked, id=5220, stack(0x0000002487000000,0x0000002487100000)]
  0x00000188fe6a7000 JavaThread "Unconstrained build operations Thread 15" [_thread_blocked, id=3084, stack(0x0000002487100000,0x0000002487200000)]
  0x00000188fe848000 JavaThread "Unconstrained build operations Thread 16" [_thread_blocked, id=6124, stack(0x0000002487200000,0x0000002487300000)]
  0x00000188fe84b000 JavaThread "Unconstrained build operations Thread 17" [_thread_blocked, id=2640, stack(0x0000002487300000,0x0000002487400000)]
  0x00000188fe847000 JavaThread "Unconstrained build operations Thread 18" [_thread_blocked, id=4676, stack(0x0000002487400000,0x0000002487500000)]
  0x00000188fe845800 JavaThread "Unconstrained build operations Thread 19" [_thread_blocked, id=232, stack(0x0000002487500000,0x0000002487600000)]
  0x00000188fe848800 JavaThread "Unconstrained build operations Thread 20" [_thread_blocked, id=5160, stack(0x0000002487600000,0x0000002487700000)]
  0x00000188fe84a000 JavaThread "Unconstrained build operations Thread 21" [_thread_blocked, id=452, stack(0x0000002487700000,0x0000002487800000)]
  0x00000188fe849800 JavaThread "Unconstrained build operations Thread 22" [_thread_blocked, id=3752, stack(0x0000002487800000,0x0000002487900000)]
  0x00000188fe84c000 JavaThread "Unconstrained build operations Thread 23" [_thread_blocked, id=2008, stack(0x0000002487900000,0x0000002487a00000)]
  0x00000188fe846000 JavaThread "Unconstrained build operations Thread 24" [_thread_blocked, id=5404, stack(0x0000002487a00000,0x0000002487b00000)]
  0x00000188fe84c800 JavaThread "Unconstrained build operations Thread 25" [_thread_blocked, id=5512, stack(0x0000002487b00000,0x0000002487c00000)]
  0x00000188fe853000 JavaThread "Unconstrained build operations Thread 26" [_thread_blocked, id=5280, stack(0x0000002487c00000,0x0000002487d00000)]
  0x00000188fe84e800 JavaThread "Unconstrained build operations Thread 27" [_thread_blocked, id=1736, stack(0x0000002487d00000,0x0000002487e00000)]
  0x00000188fe84d800 JavaThread "Unconstrained build operations Thread 28" [_thread_blocked, id=1120, stack(0x0000002487e00000,0x0000002487f00000)]
  0x00000188fe852800 JavaThread "Unconstrained build operations Thread 29" [_thread_blocked, id=5484, stack(0x0000002487f00000,0x0000002488000000)]
  0x00000188fe84f000 JavaThread "Unconstrained build operations Thread 30" [_thread_blocked, id=3244, stack(0x0000002488000000,0x0000002488100000)]
  0x00000188fe850000 JavaThread "Unconstrained build operations Thread 31" [_thread_blocked, id=3748, stack(0x0000002488100000,0x0000002488200000)]
  0x00000188fe851000 JavaThread "Unconstrained build operations Thread 32" [_thread_blocked, id=4640, stack(0x0000002488200000,0x0000002488300000)]
  0x00000188fe851800 JavaThread "Unconstrained build operations Thread 33" [_thread_blocked, id=5440, stack(0x0000002488300000,0x0000002488400000)]
  0x00000188fe854000 JavaThread "Unconstrained build operations Thread 34" [_thread_blocked, id=3164, stack(0x0000002488400000,0x0000002488500000)]
  0x00000188fc798800 JavaThread "Unconstrained build operations Thread 35" [_thread_blocked, id=780, stack(0x0000002488500000,0x0000002488600000)]
  0x00000188fc796000 JavaThread "Unconstrained build operations Thread 36" [_thread_blocked, id=5252, stack(0x0000002488600000,0x0000002488700000)]
  0x00000188fc795000 JavaThread "Unconstrained build operations Thread 37" [_thread_blocked, id=4480, stack(0x0000002488700000,0x0000002488800000)]
  0x00000188fc79a000 JavaThread "Unconstrained build operations Thread 38" [_thread_blocked, id=3608, stack(0x0000002488800000,0x0000002488900000)]
  0x00000188fc799000 JavaThread "Unconstrained build operations Thread 39" [_thread_blocked, id=5048, stack(0x0000002488900000,0x0000002488a00000)]
  0x00000188fc794800 JavaThread "Unconstrained build operations Thread 40" [_thread_blocked, id=4144, stack(0x0000002488a00000,0x0000002488b00000)]
  0x00000188fc79b000 JavaThread "jar transforms Thread 4" [_thread_blocked, id=2512, stack(0x0000002488b00000,0x0000002488c00000)]

Other Threads:
  0x00000188f92b4800 VMThread "VM Thread" [stack: 0x0000002483b00000,0x0000002483c00000] [id=6072]
  0x00000188f9e0c800 WatcherThread [stack: 0x0000002484500000,0x0000002484600000] [id=1276]
  0x00000188def72800 GCTaskThread "GC Thread#0" [stack: 0x0000002483600000,0x0000002483700000] [id=1584]
  0x00000188fa008000 GCTaskThread "GC Thread#1" [stack: 0x0000002484600000,0x0000002484700000] [id=5276]
  0x00000188fbc7c800 GCTaskThread "GC Thread#2" [stack: 0x0000002485100000,0x0000002485200000] [id=4600]
  0x00000188fbddd000 GCTaskThread "GC Thread#3" [stack: 0x0000002485200000,0x0000002485300000] [id=5460]
  0x00000188defa5000 ConcurrentGCThread "G1 Main Marker" [stack: 0x0000002483700000,0x0000002483800000] [id=672]
  0x00000188defa6000 ConcurrentGCThread "G1 Conc#0" [stack: 0x0000002483800000,0x0000002483900000] [id=2408]
  0x00000188df000000 ConcurrentGCThread "G1 Refine#0" [stack: 0x0000002483900000,0x0000002483a00000] [id=4320]
  0x00000188df001000 ConcurrentGCThread "G1 Young RemSet Sampling" [stack: 0x0000002483a00000,0x0000002483b00000] [id=6012]

Threads with active compile tasks:
C2 CompilerThread0  10838 5174       4       groovy.lang.MetaClassImpl$1MOPIter::methodNameAction (325 bytes)
C1 CompilerThread0  10838 5240       2       sun.reflect.generics.repository.ConstructorRepository::computeExceptionTypes (62 bytes)

VM state:not at safepoint (normal execution)

VM Mutex/Monitor currently owned by a thread: None

Heap address: 0x0000000080000000, size: 2048 MB, Compressed Oops mode: 32-bit
Narrow klass base: 0x0000000000000000, Narrow klass shift: 3
Compressed class space size: 1073741824 Address: 0x0000000100000000

Heap:
 garbage-first heap   total 115712K, used 53141K [0x0000000080000000, 0x0000000100000000)
  region size 1024K, 24 young (24576K), 8 survivors (8192K)
 Metaspace       used 48226K, capacity 49418K, committed 49740K, reserved 1091584K
  class space    used 6156K, capacity 6614K, committed 6732K, reserved 1048576K
Heap Regions: E=young(eden), S=young(survivor), O=old, HS=humongous(starts), HC=humongous(continues), CS=collection set, F=free, A=archive, TAMS=top-at-mark-start (previous, next)
|   0|0x0000000080000000, 0x0000000080100000, 0x0000000080100000|100%| O|  |TAMS 0x0000000080100000, 0x0000000080000000| Untracked 
|   1|0x0000000080100000, 0x0000000080200000, 0x0000000080200000|100%| O|  |TAMS 0x0000000080200000, 0x0000000080100000| Untracked 
|   2|0x0000000080200000, 0x0000000080300000, 0x0000000080300000|100%| O|  |TAMS 0x0000000080300000, 0x0000000080200000| Untracked 
|   3|0x0000000080300000, 0x0000000080400000, 0x0000000080400000|100%|HS|  |TAMS 0x0000000080400000, 0x0000000080300000| Complete 
|   4|0x0000000080400000, 0x0000000080500000, 0x0000000080500000|100%|HC|  |TAMS 0x0000000080500000, 0x0000000080400000| Complete 
|   5|0x0000000080500000, 0x0000000080600000, 0x0000000080600000|100%|HC|  |TAMS 0x0000000080600000, 0x0000000080500000| Complete 
|   6|0x0000000080600000, 0x0000000080700000, 0x0000000080700000|100%| O|  |TAMS 0x0000000080700000, 0x0000000080600000| Untracked 
|   7|0x0000000080700000, 0x0000000080800000, 0x0000000080800000|100%| O|  |TAMS 0x0000000080800000, 0x0000000080700000| Untracked 
|   8|0x0000000080800000, 0x0000000080900000, 0x0000000080900000|100%| O|  |TAMS 0x0000000080900000, 0x0000000080800000| Untracked 
|   9|0x0000000080900000, 0x0000000080a00000, 0x0000000080a00000|100%| O|  |TAMS 0x0000000080a00000, 0x0000000080900000| Untracked 
|  10|0x0000000080a00000, 0x0000000080b00000, 0x0000000080b00000|100%| O|  |TAMS 0x0000000080b00000, 0x0000000080a00000| Untracked 
|  11|0x0000000080b00000, 0x0000000080c00000, 0x0000000080c00000|100%| O|  |TAMS 0x0000000080c00000, 0x0000000080b00000| Untracked 
|  12|0x0000000080c00000, 0x0000000080d00000, 0x0000000080d00000|100%| O|  |TAMS 0x0000000080d00000, 0x0000000080c00000| Untracked 
|  13|0x0000000080d00000, 0x0000000080e00000, 0x0000000080e00000|100%| O|  |TAMS 0x0000000080e00000, 0x0000000080d00000| Untracked 
|  14|0x0000000080e00000, 0x0000000080f00000, 0x0000000080f00000|100%| O|  |TAMS 0x0000000080f00000, 0x0000000080e00000| Untracked 
|  15|0x0000000080f00000, 0x0000000081000000, 0x0000000081000000|100%| O|  |TAMS 0x0000000081000000, 0x0000000080f00000| Untracked 
|  16|0x0000000081000000, 0x0000000081100000, 0x0000000081100000|100%| O|  |TAMS 0x0000000081100000, 0x0000000081000000| Untracked 
|  17|0x0000000081100000, 0x0000000081200000, 0x0000000081200000|100%| O|  |TAMS 0x0000000081200000, 0x0000000081100000| Untracked 
|  18|0x0000000081200000, 0x0000000081300000, 0x0000000081300000|100%| O|  |TAMS 0x0000000081300000, 0x0000000081200000| Untracked 
|  19|0x0000000081300000, 0x0000000081400000, 0x0000000081400000|100%| O|  |TAMS 0x0000000081400000, 0x0000000081300000| Untracked 
|  20|0x0000000081400000, 0x0000000081500000, 0x0000000081500000|100%| O|  |TAMS 0x0000000081418400, 0x0000000081400000| Untracked 
|  21|0x0000000081500000, 0x0000000081600000, 0x0000000081600000|100%|HS|  |TAMS 0x0000000081500000, 0x0000000081500000| Complete 
|  22|0x0000000081600000, 0x0000000081700000, 0x0000000081700000|100%| O|  |TAMS 0x0000000081600000, 0x0000000081600000| Untracked 
|  23|0x0000000081700000, 0x0000000081800000, 0x0000000081800000|100%| O|  |TAMS 0x0000000081700000, 0x0000000081700000| Untracked 
|  24|0x0000000081800000, 0x0000000081900000, 0x0000000081900000|100%| O|  |TAMS 0x0000000081800000, 0x0000000081800000| Untracked 
|  25|0x0000000081900000, 0x0000000081a00000, 0x0000000081a00000|100%| O|  |TAMS 0x0000000081900000, 0x0000000081900000| Untracked 
|  26|0x0000000081a00000, 0x0000000081a1b200, 0x0000000081b00000| 10%| O|  |TAMS 0x0000000081a00000, 0x0000000081a00000| Untracked 
|  27|0x0000000081b00000, 0x0000000081c00000, 0x0000000081c00000|100%|HS|  |TAMS 0x0000000081b00000, 0x0000000081b00000| Complete 
|  28|0x0000000081c00000, 0x0000000081d00000, 0x0000000081d00000|100%|HS|  |TAMS 0x0000000081c00000, 0x0000000081c00000| Complete 
|  29|0x0000000081d00000, 0x0000000081e00000, 0x0000000081e00000|100%|HS|  |TAMS 0x0000000081d00000, 0x0000000081d00000| Complete 
|  30|0x0000000081e00000, 0x0000000081f00000, 0x0000000081f00000|100%|HC|  |TAMS 0x0000000081e00000, 0x0000000081e00000| Complete 
|  31|0x0000000081f00000, 0x0000000081f00000, 0x0000000082000000|  0%| F|  |TAMS 0x0000000081f00000, 0x0000000081f00000| Untracked 
|  32|0x0000000082000000, 0x0000000082000000, 0x0000000082100000|  0%| F|  |TAMS 0x0000000082000000, 0x0000000082000000| Untracked 
|  33|0x0000000082100000, 0x0000000082100000, 0x0000000082200000|  0%| F|  |TAMS 0x0000000082100000, 0x0000000082100000| Untracked 
|  34|0x0000000082200000, 0x0000000082200000, 0x0000000082300000|  0%| F|  |TAMS 0x0000000082200000, 0x0000000082200000| Untracked 
|  35|0x0000000082300000, 0x0000000082300000, 0x0000000082400000|  0%| F|  |TAMS 0x0000000082300000, 0x0000000082300000| Untracked 
|  36|0x0000000082400000, 0x0000000082400000, 0x0000000082500000|  0%| F|  |TAMS 0x0000000082400000, 0x0000000082400000| Untracked 
|  37|0x0000000082500000, 0x0000000082500000, 0x0000000082600000|  0%| F|  |TAMS 0x0000000082500000, 0x0000000082500000| Untracked 
|  38|0x0000000082600000, 0x0000000082600000, 0x0000000082700000|  0%| F|  |TAMS 0x0000000082600000, 0x0000000082600000| Untracked 
|  39|0x0000000082700000, 0x0000000082700000, 0x0000000082800000|  0%| F|  |TAMS 0x0000000082700000, 0x0000000082700000| Untracked 
|  40|0x0000000082800000, 0x0000000082800000, 0x0000000082900000|  0%| F|  |TAMS 0x0000000082800000, 0x0000000082800000| Untracked 
|  41|0x0000000082900000, 0x0000000082900000, 0x0000000082a00000|  0%| F|  |TAMS 0x0000000082900000, 0x0000000082900000| Untracked 
|  42|0x0000000082a00000, 0x0000000082a00000, 0x0000000082b00000|  0%| F|  |TAMS 0x0000000082a00000, 0x0000000082a00000| Untracked 
|  43|0x0000000082b00000, 0x0000000082b00000, 0x0000000082c00000|  0%| F|  |TAMS 0x0000000082b00000, 0x0000000082b00000| Untracked 
|  44|0x0000000082c00000, 0x0000000082cca5c0, 0x0000000082d00000| 79%| S|CS|TAMS 0x0000000082c00000, 0x0000000082c00000| Complete 
|  45|0x0000000082d00000, 0x0000000082e00000, 0x0000000082e00000|100%| S|CS|TAMS 0x0000000082d00000, 0x0000000082d00000| Complete 
|  46|0x0000000082e00000, 0x0000000082e00000, 0x0000000082f00000|  0%| F|  |TAMS 0x0000000082e00000, 0x0000000082e00000| Untracked 
|  47|0x0000000082f00000, 0x0000000082f00000, 0x0000000083000000|  0%| F|  |TAMS 0x0000000082f00000, 0x0000000082f00000| Untracked 
|  48|0x0000000083000000, 0x0000000083000000, 0x0000000083100000|  0%| F|  |TAMS 0x0000000083000000, 0x0000000083000000| Untracked 
|  49|0x0000000083100000, 0x0000000083200000, 0x0000000083200000|100%| S|CS|TAMS 0x0000000083100000, 0x0000000083100000| Complete 
|  50|0x0000000083200000, 0x0000000083300000, 0x0000000083300000|100%| S|CS|TAMS 0x0000000083200000, 0x0000000083200000| Complete 
|  51|0x0000000083300000, 0x0000000083400000, 0x0000000083400000|100%| S|CS|TAMS 0x0000000083300000, 0x0000000083300000| Complete 
|  52|0x0000000083400000, 0x0000000083500000, 0x0000000083500000|100%| S|CS|TAMS 0x0000000083400000, 0x0000000083400000| Complete 
|  53|0x0000000083500000, 0x0000000083600000, 0x0000000083600000|100%| S|CS|TAMS 0x0000000083500000, 0x0000000083500000| Complete 
|  54|0x0000000083600000, 0x0000000083700000, 0x0000000083700000|100%| S|CS|TAMS 0x0000000083600000, 0x0000000083600000| Complete 
|  55|0x0000000083700000, 0x0000000083700000, 0x0000000083800000|  0%| F|  |TAMS 0x0000000083700000, 0x0000000083700000| Untracked 
|  56|0x0000000083800000, 0x0000000083800000, 0x0000000083900000|  0%| F|  |TAMS 0x0000000083800000, 0x0000000083800000| Untracked 
|  57|0x0000000083900000, 0x0000000083900000, 0x0000000083a00000|  0%| F|  |TAMS 0x0000000083900000, 0x0000000083900000| Untracked 
|  58|0x0000000083a00000, 0x0000000083a00000, 0x0000000083b00000|  0%| F|  |TAMS 0x0000000083a00000, 0x0000000083a00000| Untracked 
|  59|0x0000000083b00000, 0x0000000083b00000, 0x0000000083c00000|  0%| F|  |TAMS 0x0000000083b00000, 0x0000000083b00000| Untracked 
|  60|0x0000000083c00000, 0x0000000083c00000, 0x0000000083d00000|  0%| F|  |TAMS 0x0000000083c00000, 0x0000000083c00000| Untracked 
|  61|0x0000000083d00000, 0x0000000083d00000, 0x0000000083e00000|  0%| F|  |TAMS 0x0000000083d00000, 0x0000000083d00000| Untracked 
|  62|0x0000000083e00000, 0x0000000083e00000, 0x0000000083f00000|  0%| F|  |TAMS 0x0000000083e00000, 0x0000000083e00000| Untracked 
|  63|0x0000000083f00000, 0x0000000083f00000, 0x0000000084000000|  0%| F|  |TAMS 0x0000000083f00000, 0x0000000083f00000| Untracked 
|  64|0x0000000084000000, 0x0000000084000000, 0x0000000084100000|  0%| F|  |TAMS 0x0000000084000000, 0x0000000084000000| Untracked 
|  65|0x0000000084100000, 0x0000000084100000, 0x0000000084200000|  0%| F|  |TAMS 0x0000000084100000, 0x0000000084100000| Untracked 
|  66|0x0000000084200000, 0x0000000084200000, 0x0000000084300000|  0%| F|  |TAMS 0x0000000084200000, 0x0000000084200000| Untracked 
|  67|0x0000000084300000, 0x0000000084300000, 0x0000000084400000|  0%| F|  |TAMS 0x0000000084300000, 0x0000000084300000| Untracked 
|  68|0x0000000084400000, 0x0000000084400000, 0x0000000084500000|  0%| F|  |TAMS 0x0000000084400000, 0x0000000084400000| Untracked 
|  69|0x0000000084500000, 0x0000000084500000, 0x0000000084600000|  0%| F|  |TAMS 0x0000000084500000, 0x0000000084500000| Untracked 
|  70|0x0000000084600000, 0x0000000084600000, 0x0000000084700000|  0%| F|  |TAMS 0x0000000084600000, 0x0000000084600000| Untracked 
|  71|0x0000000084700000, 0x0000000084700000, 0x0000000084800000|  0%| F|  |TAMS 0x0000000084700000, 0x0000000084700000| Untracked 
|  72|0x0000000084800000, 0x0000000084800000, 0x0000000084900000|  0%| F|  |TAMS 0x0000000084800000, 0x0000000084800000| Untracked 
|  73|0x0000000084900000, 0x0000000084900000, 0x0000000084a00000|  0%| F|  |TAMS 0x0000000084900000, 0x0000000084900000| Untracked 
|  74|0x0000000084a00000, 0x0000000084a00000, 0x0000000084b00000|  0%| F|  |TAMS 0x0000000084a00000, 0x0000000084a00000| Untracked 
|  75|0x0000000084b00000, 0x0000000084b00000, 0x0000000084c00000|  0%| F|  |TAMS 0x0000000084b00000, 0x0000000084b00000| Untracked 
|  76|0x0000000084c00000, 0x0000000084c00000, 0x0000000084d00000|  0%| F|  |TAMS 0x0000000084c00000, 0x0000000084c00000| Untracked 
|  77|0x0000000084d00000, 0x0000000084d00000, 0x0000000084e00000|  0%| F|  |TAMS 0x0000000084d00000, 0x0000000084d00000| Untracked 
|  78|0x0000000084e00000, 0x0000000084e00000, 0x0000000084f00000|  0%| F|  |TAMS 0x0000000084e00000, 0x0000000084e00000| Untracked 
|  79|0x0000000084f00000, 0x0000000084f00000, 0x0000000085000000|  0%| F|  |TAMS 0x0000000084f00000, 0x0000000084f00000| Untracked 
|  80|0x0000000085000000, 0x0000000085000000, 0x0000000085100000|  0%| F|  |TAMS 0x0000000085000000, 0x0000000085000000| Untracked 
|  81|0x0000000085100000, 0x0000000085100000, 0x0000000085200000|  0%| F|  |TAMS 0x0000000085100000, 0x0000000085100000| Untracked 
|  82|0x0000000085200000, 0x0000000085200000, 0x0000000085300000|  0%| F|  |TAMS 0x0000000085200000, 0x0000000085200000| Untracked 
|  83|0x0000000085300000, 0x0000000085300000, 0x0000000085400000|  0%| F|  |TAMS 0x0000000085300000, 0x0000000085300000| Untracked 
|  84|0x0000000085400000, 0x0000000085400000, 0x0000000085500000|  0%| F|  |TAMS 0x0000000085400000, 0x0000000085400000| Untracked 
|  85|0x0000000085500000, 0x0000000085500000, 0x0000000085600000|  0%| F|  |TAMS 0x0000000085500000, 0x0000000085500000| Untracked 
|  86|0x0000000085600000, 0x0000000085600000, 0x0000000085700000|  0%| F|  |TAMS 0x0000000085600000, 0x0000000085600000| Untracked 
|  87|0x0000000085700000, 0x0000000085700000, 0x0000000085800000|  0%| F|  |TAMS 0x0000000085700000, 0x0000000085700000| Untracked 
|  88|0x0000000085800000, 0x0000000085800000, 0x0000000085900000|  0%| F|  |TAMS 0x0000000085800000, 0x0000000085800000| Untracked 
|  89|0x0000000085900000, 0x0000000085900000, 0x0000000085a00000|  0%| F|  |TAMS 0x0000000085900000, 0x0000000085900000| Untracked 
|  90|0x0000000085a00000, 0x0000000085a00000, 0x0000000085b00000|  0%| F|  |TAMS 0x0000000085a00000, 0x0000000085a00000| Untracked 
|  91|0x0000000085b00000, 0x0000000085b00000, 0x0000000085c00000|  0%| F|  |TAMS 0x0000000085b00000, 0x0000000085b00000| Untracked 
|  92|0x0000000085c00000, 0x0000000085c00000, 0x0000000085d00000|  0%| F|  |TAMS 0x0000000085c00000, 0x0000000085c00000| Untracked 
|  93|0x0000000085d00000, 0x0000000085d00000, 0x0000000085e00000|  0%| F|  |TAMS 0x0000000085d00000, 0x0000000085d00000| Untracked 
|  94|0x0000000085e00000, 0x0000000085e00000, 0x0000000085f00000|  0%| F|  |TAMS 0x0000000085e00000, 0x0000000085e00000| Untracked 
|  95|0x0000000085f00000, 0x0000000085f00000, 0x0000000086000000|  0%| F|  |TAMS 0x0000000085f00000, 0x0000000085f00000| Untracked 
|  96|0x0000000086000000, 0x0000000086000000, 0x0000000086100000|  0%| F|  |TAMS 0x0000000086000000, 0x0000000086000000| Untracked 
|  97|0x0000000086100000, 0x0000000086200000, 0x0000000086200000|100%| E|  |TAMS 0x0000000086100000, 0x0000000086100000| Complete 
|  98|0x0000000086200000, 0x0000000086300000, 0x0000000086300000|100%| E|CS|TAMS 0x0000000086200000, 0x0000000086200000| Complete 
|  99|0x0000000086300000, 0x0000000086400000, 0x0000000086400000|100%| E|CS|TAMS 0x0000000086300000, 0x0000000086300000| Complete 
| 100|0x0000000086400000, 0x0000000086500000, 0x0000000086500000|100%| E|CS|TAMS 0x0000000086400000, 0x0000000086400000| Complete 
| 101|0x0000000086500000, 0x0000000086600000, 0x0000000086600000|100%| E|CS|TAMS 0x0000000086500000, 0x0000000086500000| Complete 
| 102|0x0000000086600000, 0x0000000086700000, 0x0000000086700000|100%| E|CS|TAMS 0x0000000086600000, 0x0000000086600000| Complete 
| 103|0x0000000086700000, 0x0000000086800000, 0x0000000086800000|100%| E|CS|TAMS 0x0000000086700000, 0x0000000086700000| Complete 
| 104|0x0000000086800000, 0x0000000086900000, 0x0000000086900000|100%| E|CS|TAMS 0x0000000086800000, 0x0000000086800000| Complete 
| 105|0x0000000086900000, 0x0000000086a00000, 0x0000000086a00000|100%| E|CS|TAMS 0x0000000086900000, 0x0000000086900000| Complete 
| 106|0x0000000086a00000, 0x0000000086b00000, 0x0000000086b00000|100%| E|CS|TAMS 0x0000000086a00000, 0x0000000086a00000| Complete 
| 107|0x0000000086b00000, 0x0000000086c00000, 0x0000000086c00000|100%| E|  |TAMS 0x0000000086b00000, 0x0000000086b00000| Complete 
| 108|0x0000000086c00000, 0x0000000086d00000, 0x0000000086d00000|100%| E|CS|TAMS 0x0000000086c00000, 0x0000000086c00000| Complete 
| 109|0x0000000086d00000, 0x0000000086e00000, 0x0000000086e00000|100%| E|CS|TAMS 0x0000000086d00000, 0x0000000086d00000| Complete 
| 110|0x0000000086e00000, 0x0000000086f00000, 0x0000000086f00000|100%| E|CS|TAMS 0x0000000086e00000, 0x0000000086e00000| Complete 
| 111|0x0000000086f00000, 0x0000000087000000, 0x0000000087000000|100%| E|CS|TAMS 0x0000000086f00000, 0x0000000086f00000| Complete 
| 112|0x0000000087000000, 0x0000000087100000, 0x0000000087100000|100%| E|CS|TAMS 0x0000000087000000, 0x0000000087000000| Complete 

Card table byte_map: [0x00000188f24b0000,0x00000188f28b0000] _byte_map_base: 0x00000188f20b0000

Marking Bits (Prev, Next): (CMBitMap*) 0x00000188def9c000, (CMBitMap*) 0x00000188def9bfc8
 Prev Bits: [0x00000188f4cb0000, 0x00000188f6cb0000)
 Next Bits: [0x00000188f2cb0000, 0x00000188f4cb0000)

Polling page: 0x00000188e2a60000

Metaspace:

Usage:
  Non-class:     41.80 MB capacity,    41.09 MB ( 98%) used,   607.63 KB (  1%) free+waste,   125.25 KB ( <1%) overhead. 
      Class:      6.46 MB capacity,     6.01 MB ( 93%) used,   397.77 KB (  6%) free+waste,    59.63 KB ( <1%) overhead. 
       Both:     48.26 MB capacity,    47.10 MB ( 98%) used,  1005.41 KB (  2%) free+waste,   184.88 KB ( <1%) overhead. 

Virtual space:
  Non-class space:       42.00 MB reserved,      42.00 MB (100%) committed 
      Class space:        1.00 GB reserved,       6.57 MB ( <1%) committed 
             Both:        1.04 GB reserved,      48.57 MB (  5%) committed 

Chunk freelists:
   Non-Class:  12.00 KB
       Class:  10.00 KB
        Both:  22.00 KB

MaxMetaspaceSize: 17179869184.00 GB
CompressedClassSpaceSize: 1.00 GB

CodeHeap 'non-profiled nmethods': size=120064Kb used=2082Kb max_used=2082Kb free=117982Kb
 bounds [0x00000188ea540000, 0x00000188ea7b0000, 0x00000188f1a80000]
CodeHeap 'profiled nmethods': size=120000Kb used=10052Kb max_used=10052Kb free=109947Kb
 bounds [0x00000188e3010000, 0x00000188e39f0000, 0x00000188ea540000]
CodeHeap 'non-nmethods': size=5696Kb used=2215Kb max_used=2251Kb free=3480Kb
 bounds [0x00000188e2a80000, 0x00000188e2cf0000, 0x00000188e3010000]
 total_blobs=5993 nmethods=5207 adapters=697
 compilation: enabled
              stopped_count=0, restarted_count=0
 full_count=0

Compilation events (20 events):
Event: 10.754 Thread 0x00000188f9322000 nmethod 5217 0x00000188e39b9090 code [0x00000188e39b9420, 0x00000188e39bad08]
Event: 10.754 Thread 0x00000188f9322000 5219       3       java.util.Collections$UnmodifiableMap$UnmodifiableEntrySet$1::hasNext (10 bytes)
Event: 10.754 Thread 0x00000188f9322000 nmethod 5219 0x00000188e39bb410 code [0x00000188e39bb5c0, 0x00000188e39bb788]
Event: 10.754 Thread 0x00000188f9322000 5220       3       java.util.TreeMap$EntryIterator::next (5 bytes)
Event: 10.754 Thread 0x00000188f9322000 nmethod 5220 0x00000188e39bb890 code [0x00000188e39bba60, 0x00000188e39bbbe8]
Event: 10.754 Thread 0x00000188f9322000 5221       3       java.util.TreeMap$EntryIterator::next (5 bytes)
Event: 10.754 Thread 0x00000188f9322000 nmethod 5221 0x00000188e39bbc90 code [0x00000188e39bbe40, 0x00000188e39bbf68]
Event: 10.754 Thread 0x00000188f9322000 5218       3       java.beans.PropertyDescriptor::setReadMethod0 (48 bytes)
Event: 10.757 Thread 0x00000188f9322000 nmethod 5218 0x00000188e39bc010 code [0x00000188e39bc3e0, 0x00000188e39bdfa8]
Event: 10.757 Thread 0x00000188f9322000 5215   !   3       com.sun.beans.util.Cache::get (256 bytes)
Event: 10.760 Thread 0x00000188f9322000 nmethod 5215 0x00000188e39be710 code [0x00000188e39bea80, 0x00000188e39c0018]
Event: 10.760 Thread 0x00000188f9322000 5222       3       java.util.Collections$SynchronizedCollection::iterator (10 bytes)
Event: 10.760 Thread 0x00000188f9322000 nmethod 5222 0x00000188e39c0c90 code [0x00000188e39c0e40, 0x00000188e39c1008]
Event: 10.763 Thread 0x00000188f9322000 5224       3       org.codehaus.groovy.reflection.stdclasses.CachedSAMClass$$Lambda$240/0x0000000100402840::run (8 bytes)
Event: 10.763 Thread 0x00000188f9322000 nmethod 5224 0x00000188e39c1110 code [0x00000188e39c1300, 0x00000188e39c15f8]
Event: 10.764 Thread 0x00000188f9322000 5225       3       groovy.lang.MetaClassImpl::addMetaBeanProperty (119 bytes)
Event: 10.766 Thread 0x00000188f9322000 nmethod 5225 0x00000188e39c1790 code [0x00000188e39c1a60, 0x00000188e39c3158]
Event: 10.783 Thread 0x00000188f9322000 5226       3       org.gradle.internal.reflect.JavaPropertyReflectionUtil::hasTypeVariable (267 bytes)
Event: 10.785 Thread 0x00000188f9322000 nmethod 5226 0x00000188e39c3690 code [0x00000188e39c3aa0, 0x00000188e39c5e48]
Event: 10.792 Thread 0x00000188f9322000 5228       3       java.lang.reflect.ProxyGenerator$ProxyMethod::generateMethod (733 bytes)

GC Heap History (20 events):
Event: 3.509 GC heap before
{Heap before GC invocations=4 (full 0):
 garbage-first heap   total 65536K, used 40628K [0x0000000080000000, 0x0000000100000000)
  region size 1024K, 30 young (30720K), 4 survivors (4096K)
 Metaspace       used 18116K, capacity 18513K, committed 18688K, reserved 1064960K
  class space    used 2159K, capacity 2285K, committed 2304K, reserved 1048576K
}
Event: 3.519 GC heap after
{Heap after GC invocations=5 (full 0):
 garbage-first heap   total 78848K, used 16617K [0x0000000080000000, 0x0000000100000000)
  region size 1024K, 3 young (3072K), 3 survivors (3072K)
 Metaspace       used 18116K, capacity 18513K, committed 18688K, reserved 1064960K
  class space    used 2159K, capacity 2285K, committed 2304K, reserved 1048576K
}
Event: 3.877 GC heap before
{Heap before GC invocations=5 (full 0):
 garbage-first heap   total 78848K, used 38121K [0x0000000080000000, 0x0000000100000000)
  region size 1024K, 25 young (25600K), 3 survivors (3072K)
 Metaspace       used 20697K, capacity 21073K, committed 21248K, reserved 1067008K
  class space    used 2534K, capacity 2691K, committed 2816K, reserved 1048576K
}
Event: 3.886 GC heap after
{Heap after GC invocations=6 (full 0):
 garbage-first heap   total 78848K, used 17537K [0x0000000080000000, 0x0000000100000000)
  region size 1024K, 1 young (1024K), 1 survivors (1024K)
 Metaspace       used 20697K, capacity 21073K, committed 21248K, reserved 1067008K
  class space    used 2534K, capacity 2691K, committed 2816K, reserved 1048576K
}
Event: 4.468 GC heap before
{Heap before GC invocations=7 (full 0):
 garbage-first heap   total 78848K, used 48257K [0x0000000080000000, 0x0000000100000000)
  region size 1024K, 31 young (31744K), 1 survivors (1024K)
 Metaspace       used 23832K, capacity 24334K, committed 24576K, reserved 1071104K
  class space    used 3031K, capacity 3229K, committed 3328K, reserved 1048576K
}
Event: 4.473 GC heap after
{Heap after GC invocations=8 (full 0):
 garbage-first heap   total 78848K, used 18468K [0x0000000080000000, 0x0000000100000000)
  region size 1024K, 2 young (2048K), 2 survivors (2048K)
 Metaspace       used 23832K, capacity 24334K, committed 24576K, reserved 1071104K
  class space    used 3031K, capacity 3229K, committed 3328K, reserved 1048576K
}
Event: 4.989 GC heap before
{Heap before GC invocations=8 (full 0):
 garbage-first heap   total 78848K, used 51236K [0x0000000080000000, 0x0000000100000000)
  region size 1024K, 34 young (34816K), 2 survivors (2048K)
 Metaspace       used 26734K, capacity 27370K, committed 27648K, reserved 1073152K
  class space    used 3519K, capacity 3735K, committed 3840K, reserved 1048576K
}
Event: 4.999 GC heap after
{Heap after GC invocations=9 (full 0):
 garbage-first heap   total 78848K, used 19692K [0x0000000080000000, 0x0000000100000000)
  region size 1024K, 3 young (3072K), 3 survivors (3072K)
 Metaspace       used 26734K, capacity 27370K, committed 27648K, reserved 1073152K
  class space    used 3519K, capacity 3735K, committed 3840K, reserved 1048576K
}
Event: 5.677 GC heap before
{Heap before GC invocations=9 (full 0):
 garbage-first heap   total 78848K, used 53484K [0x0000000080000000, 0x0000000100000000)
  region size 1024K, 36 young (36864K), 3 survivors (3072K)
 Metaspace       used 30323K, capacity 30955K, committed 30976K, reserved 1075200K
  class space    used 4064K, capacity 4336K, committed 4352K, reserved 1048576K
}
Event: 5.686 GC heap after
{Heap after GC invocations=10 (full 0):
 garbage-first heap   total 95232K, used 20745K [0x0000000080000000, 0x0000000100000000)
  region size 1024K, 4 young (4096K), 4 survivors (4096K)
 Metaspace       used 30323K, capacity 30955K, committed 30976K, reserved 1075200K
  class space    used 4064K, capacity 4336K, committed 4352K, reserved 1048576K
}
Event: 6.318 GC heap before
{Heap before GC invocations=10 (full 0):
 garbage-first heap   total 95232K, used 36105K [0x0000000080000000, 0x0000000100000000)
  region size 1024K, 20 young (20480K), 4 survivors (4096K)
 Metaspace       used 35050K, capacity 35789K, committed 35840K, reserved 1081344K
  class space    used 4554K, capacity 4863K, committed 4864K, reserved 1048576K
}
Event: 6.332 GC heap after
{Heap after GC invocations=11 (full 0):
 garbage-first heap   total 95232K, used 23002K [0x0000000080000000, 0x0000000100000000)
  region size 1024K, 5 young (5120K), 5 survivors (5120K)
 Metaspace       used 35050K, capacity 35789K, committed 35840K, reserved 1081344K
  class space    used 4554K, capacity 4863K, committed 4864K, reserved 1048576K
}
Event: 7.036 GC heap before
{Heap before GC invocations=12 (full 0):
 garbage-first heap   total 95232K, used 58842K [0x0000000080000000, 0x0000000100000000)
  region size 1024K, 41 young (41984K), 5 survivors (5120K)
 Metaspace       used 37796K, capacity 38732K, committed 38860K, reserved 1083392K
  class space    used 4890K, capacity 5243K, committed 5324K, reserved 1048576K
}
Event: 7.060 GC heap after
{Heap after GC invocations=13 (full 0):
 garbage-first heap   total 95232K, used 26167K [0x0000000080000000, 0x0000000100000000)
  region size 1024K, 6 young (6144K), 6 survivors (6144K)
 Metaspace       used 37796K, capacity 38732K, committed 38860K, reserved 1083392K
  class space    used 4890K, capacity 5243K, committed 5324K, reserved 1048576K
}
Event: 7.782 GC heap before
{Heap before GC invocations=14 (full 0):
 garbage-first heap   total 95232K, used 67127K [0x0000000080000000, 0x0000000100000000)
  region size 1024K, 44 young (45056K), 6 survivors (6144K)
 Metaspace       used 40912K, capacity 41830K, committed 42060K, reserved 1085440K
  class space    used 5252K, capacity 5583K, committed 5708K, reserved 1048576K
}
Event: 7.799 GC heap after
{Heap after GC invocations=15 (full 0):
 garbage-first heap   total 95232K, used 28402K [0x0000000080000000, 0x0000000100000000)
  region size 1024K, 6 young (6144K), 6 survivors (6144K)
 Metaspace       used 40912K, capacity 41830K, committed 42060K, reserved 1085440K
  class space    used 5252K, capacity 5583K, committed 5708K, reserved 1048576K
}
Event: 8.474 GC heap before
{Heap before GC invocations=15 (full 0):
 garbage-first heap   total 95232K, used 71410K [0x0000000080000000, 0x0000000100000000)
  region size 1024K, 47 young (48128K), 6 survivors (6144K)
 Metaspace       used 44628K, capacity 45593K, committed 45900K, reserved 1089536K
  class space    used 5730K, capacity 6090K, committed 6220K, reserved 1048576K
}
Event: 8.489 GC heap after
{Heap after GC invocations=16 (full 0):
 garbage-first heap   total 115712K, used 30048K [0x0000000080000000, 0x0000000100000000)
  region size 1024K, 5 young (5120K), 5 survivors (5120K)
 Metaspace       used 44628K, capacity 45593K, committed 45900K, reserved 1089536K
  class space    used 5730K, capacity 6090K, committed 6220K, reserved 1048576K
}
Event: 10.327 GC heap before
{Heap before GC invocations=16 (full 0):
 garbage-first heap   total 115712K, used 88416K [0x0000000080000000, 0x0000000100000000)
  region size 1024K, 63 young (64512K), 5 survivors (5120K)
 Metaspace       used 47809K, capacity 49010K, committed 49100K, reserved 1091584K
  class space    used 6097K, capacity 6545K, committed 6604K, reserved 1048576K
}
Event: 10.352 GC heap after
{Heap after GC invocations=17 (full 0):
 garbage-first heap   total 115712K, used 33685K [0x0000000080000000, 0x0000000100000000)
  region size 1024K, 8 young (8192K), 8 survivors (8192K)
 Metaspace       used 47809K, capacity 49010K, committed 49100K, reserved 1091584K
  class space    used 6097K, capacity 6545K, committed 6604K, reserved 1048576K
}

Deoptimization events (20 events):
Event: 10.729 Thread 0x00000188fbcdb800 DEOPT PACKING pc=0x00000188e333455a sp=0x0000002484df1820
Event: 10.729 Thread 0x00000188fbcdb800 DEOPT UNPACKING pc=0x00000188e2aa6d5e sp=0x0000002484df0ca8 mode 0
Event: 10.742 Thread 0x00000188fbcdb800 DEOPT PACKING pc=0x00000188e30d37ae sp=0x0000002484df1ef0
Event: 10.742 Thread 0x00000188fbcdb800 DEOPT UNPACKING pc=0x00000188e2aa6d5e sp=0x0000002484df1360 mode 0
Event: 10.763 Thread 0x00000188fbcdb800 Uncommon trap: trap_request=0xffffffbe fr.pc=0x00000188ea747a18 relative=0x0000000000000838
Event: 10.763 Thread 0x00000188fbcdb800 Uncommon trap: reason=profile_predicate action=maybe_recompile pc=0x00000188ea747a18 method=java.lang.PublicMethods$MethodList.filter([Ljava/lang/reflect/Method;Ljava/lang/String;[Ljava/lang/Class;Z)Ljava/lang/PublicMethods$MethodList; @ 21 c2
Event: 10.763 Thread 0x00000188fbcdb800 DEOPT PACKING pc=0x00000188ea747a18 sp=0x0000002484df7990
Event: 10.763 Thread 0x00000188fbcdb800 DEOPT UNPACKING pc=0x00000188e2aa65af sp=0x0000002484df7948 mode 2
Event: 10.763 Thread 0x00000188fbcdb800 Uncommon trap: trap_request=0xffffffbe fr.pc=0x00000188ea747a18 relative=0x0000000000000838
Event: 10.763 Thread 0x00000188fbcdb800 Uncommon trap: reason=profile_predicate action=maybe_recompile pc=0x00000188ea747a18 method=java.lang.PublicMethods$MethodList.filter([Ljava/lang/reflect/Method;Ljava/lang/String;[Ljava/lang/Class;Z)Ljava/lang/PublicMethods$MethodList; @ 21 c2
Event: 10.763 Thread 0x00000188fbcdb800 DEOPT PACKING pc=0x00000188ea747a18 sp=0x0000002484df78e0
Event: 10.763 Thread 0x00000188fbcdb800 DEOPT UNPACKING pc=0x00000188e2aa65af sp=0x0000002484df7898 mode 2
Event: 10.786 Thread 0x00000188fbcdb800 Uncommon trap: trap_request=0xffffffbe fr.pc=0x00000188ea747a18 relative=0x0000000000000838
Event: 10.786 Thread 0x00000188fbcdb800 Uncommon trap: reason=profile_predicate action=maybe_recompile pc=0x00000188ea747a18 method=java.lang.PublicMethods$MethodList.filter([Ljava/lang/reflect/Method;Ljava/lang/String;[Ljava/lang/Class;Z)Ljava/lang/PublicMethods$MethodList; @ 21 c2
Event: 10.786 Thread 0x00000188fbcdb800 DEOPT PACKING pc=0x00000188ea747a18 sp=0x0000002484df55c0
Event: 10.786 Thread 0x00000188fbcdb800 DEOPT UNPACKING pc=0x00000188e2aa65af sp=0x0000002484df5578 mode 2
Event: 10.786 Thread 0x00000188fbcdb800 Uncommon trap: trap_request=0xffffffbe fr.pc=0x00000188ea747a18 relative=0x0000000000000838
Event: 10.786 Thread 0x00000188fbcdb800 Uncommon trap: reason=profile_predicate action=maybe_recompile pc=0x00000188ea747a18 method=java.lang.PublicMethods$MethodList.filter([Ljava/lang/reflect/Method;Ljava/lang/String;[Ljava/lang/Class;Z)Ljava/lang/PublicMethods$MethodList; @ 21 c2
Event: 10.786 Thread 0x00000188fbcdb800 DEOPT PACKING pc=0x00000188ea747a18 sp=0x0000002484df55c0
Event: 10.786 Thread 0x00000188fbcdb800 DEOPT UNPACKING pc=0x00000188e2aa65af sp=0x0000002484df5578 mode 2

Classes redefined (0 events):
No events

Internal exceptions (20 events):
Event: 10.481 Thread 0x00000188fbcdb800 Exception <a 'java/security/PrivilegedActionException'{0x0000000086ddf130}> (0x0000000086ddf130) thrown at [./src/hotspot/share/prims/jvm.cpp, line 1306]
Event: 10.481 Thread 0x00000188fbcdb800 Exception <a 'java/security/PrivilegedActionException'{0x0000000086de03f0}> (0x0000000086de03f0) thrown at [./src/hotspot/share/prims/jvm.cpp, line 1306]
Event: 10.481 Thread 0x00000188fbcdb800 Exception <a 'java/security/PrivilegedActionException'{0x0000000086de3000}> (0x0000000086de3000) thrown at [./src/hotspot/share/prims/jvm.cpp, line 1306]
Event: 10.481 Thread 0x00000188fbcdb800 Exception <a 'java/security/PrivilegedActionException'{0x0000000086de42c0}> (0x0000000086de42c0) thrown at [./src/hotspot/share/prims/jvm.cpp, line 1306]
Event: 10.547 Thread 0x00000188fbcdb800 Exception <a 'java/security/PrivilegedActionException'{0x0000000086cbfdb0}> (0x0000000086cbfdb0) thrown at [./src/hotspot/share/prims/jvm.cpp, line 1306]
Event: 10.547 Thread 0x00000188fbcdb800 Exception <a 'java/security/PrivilegedActionException'{0x0000000086cc1070}> (0x0000000086cc1070) thrown at [./src/hotspot/share/prims/jvm.cpp, line 1306]
Event: 10.547 Thread 0x00000188fbcdb800 Exception <a 'java/security/PrivilegedActionException'{0x0000000086cc3c80}> (0x0000000086cc3c80) thrown at [./src/hotspot/share/prims/jvm.cpp, line 1306]
Event: 10.547 Thread 0x00000188fbcdb800 Exception <a 'java/security/PrivilegedActionException'{0x0000000086cc4f40}> (0x0000000086cc4f40) thrown at [./src/hotspot/share/prims/jvm.cpp, line 1306]
Event: 10.547 Thread 0x00000188fbcdb800 Exception <a 'java/security/PrivilegedActionException'{0x0000000086cc7c08}> (0x0000000086cc7c08) thrown at [./src/hotspot/share/prims/jvm.cpp, line 1306]
Event: 10.547 Thread 0x00000188fbcdb800 Exception <a 'java/security/PrivilegedActionException'{0x0000000086cc8ec8}> (0x0000000086cc8ec8) thrown at [./src/hotspot/share/prims/jvm.cpp, line 1306]
Event: 10.547 Thread 0x00000188fbcdb800 Exception <a 'java/security/PrivilegedActionException'{0x0000000086ccbae0}> (0x0000000086ccbae0) thrown at [./src/hotspot/share/prims/jvm.cpp, line 1306]
Event: 10.547 Thread 0x00000188fbcdb800 Exception <a 'java/security/PrivilegedActionException'{0x0000000086cccda0}> (0x0000000086cccda0) thrown at [./src/hotspot/share/prims/jvm.cpp, line 1306]
Event: 10.547 Thread 0x00000188fbcdb800 Exception <a 'java/security/PrivilegedActionException'{0x0000000086ccfa08}> (0x0000000086ccfa08) thrown at [./src/hotspot/share/prims/jvm.cpp, line 1306]
Event: 10.547 Thread 0x00000188fbcdb800 Exception <a 'java/security/PrivilegedActionException'{0x0000000086cd0cc8}> (0x0000000086cd0cc8) thrown at [./src/hotspot/share/prims/jvm.cpp, line 1306]
Event: 10.548 Thread 0x00000188fbcdb800 Exception <a 'java/security/PrivilegedActionException'{0x0000000086cd3990}> (0x0000000086cd3990) thrown at [./src/hotspot/share/prims/jvm.cpp, line 1306]
Event: 10.548 Thread 0x00000188fbcdb800 Exception <a 'java/security/PrivilegedActionException'{0x0000000086cd4c50}> (0x0000000086cd4c50) thrown at [./src/hotspot/share/prims/jvm.cpp, line 1306]
Event: 10.743 Thread 0x00000188fbcdb800 Exception <a 'java/lang/ClassNotFoundException'{0x0000000086606d70}: org/gradle/api/internal/project/DefaultProject_DecoratedBeanInfo> (0x0000000086606d70) thrown at [./src/hotspot/share/classfile/systemDictionary.cpp, line 231]
Event: 10.744 Thread 0x00000188fbcdb800 Exception <a 'java/lang/ClassNotFoundException'{0x0000000086634810}: org/gradle/api/internal/project/DefaultProjectBeanInfo> (0x0000000086634810) thrown at [./src/hotspot/share/classfile/systemDictionary.cpp, line 231]
Event: 10.745 Thread 0x00000188fbcdb800 Exception <a 'java/lang/ClassNotFoundException'{0x0000000086661ea8}: org/gradle/api/internal/project/DefaultProjectCustomizer> (0x0000000086661ea8) thrown at [./src/hotspot/share/classfile/systemDictionary.cpp, line 231]
Event: 10.753 Thread 0x00000188fbcdb800 Exception <a 'java/lang/ClassNotFoundException'{0x0000000086524138}: org/gradle/api/internal/project/DefaultProject_DecoratedCustomizer> (0x0000000086524138) thrown at [./src/hotspot/share/classfile/systemDictionary.cpp, line 231]

Events (20 events):
Event: 10.777 loading class org/gradle/api/internal/tasks/InputChangesAwareTaskAction
Event: 10.777 loading class org/gradle/api/internal/tasks/InputChangesAwareTaskAction done
Event: 10.777 loading class org/gradle/api/internal/tasks/ImplementationAwareTaskAction
Event: 10.777 loading class org/gradle/api/internal/tasks/ImplementationAwareTaskAction done
Event: 10.778 loading class org/gradle/api/internal/AbstractTask$TaskInfo
Event: 10.778 loading class org/gradle/api/internal/AbstractTask$TaskInfo done
Event: 10.779 loading class org/gradle/api/internal/tasks/TaskStateInternal
Event: 10.779 loading class org/gradle/api/internal/tasks/TaskStateInternal done
Event: 10.780 loading class org/gradle/api/internal/tasks/DefaultTaskDependency
Event: 10.780 loading class org/gradle/api/internal/tasks/DefaultTaskDependency done
Event: 10.781 loading class org/gradle/api/internal/tasks/TaskMutator
Event: 10.781 loading class org/gradle/api/internal/tasks/TaskMutator done
Event: 10.781 loading class org/gradle/api/specs/AndSpec
Event: 10.781 loading class org/gradle/api/specs/AndSpec done
Event: 10.782 loading class org/gradle/api/specs/CompositeSpec
Event: 10.782 loading class org/gradle/api/specs/CompositeSpec done
Event: 10.783 loading class org/gradle/api/services/BuildService
Event: 10.783 loading class org/gradle/api/services/BuildService done
Event: 10.786 loading class org/gradle/api/tasks/TaskAction
Event: 10.786 loading class org/gradle/api/tasks/TaskAction done


Dynamic libraries:
0x00007ff708a80000 - 0x00007ff708a8a000 	C:\Program Files\Android\Android Studio\jre\bin\java.exe
0x00007ffd5e470000 - 0x00007ffd5e665000 	C:\Windows\SYSTEM32\ntdll.dll
0x00007ffd5d530000 - 0x00007ffd5d5ee000 	C:\Windows\System32\KERNEL32.DLL
0x00007ffd5bd50000 - 0x00007ffd5c018000 	C:\Windows\System32\KERNELBASE.dll
0x00007ffd5c1c0000 - 0x00007ffd5c2c0000 	C:\Windows\System32\ucrtbase.dll
0x00007ffd56880000 - 0x00007ffd56897000 	C:\Program Files\Android\Android Studio\jre\bin\VCRUNTIME140.dll
0x00007ffd558c0000 - 0x00007ffd558d9000 	C:\Program Files\Android\Android Studio\jre\bin\jli.dll
0x00007ffd5d380000 - 0x00007ffd5d521000 	C:\Windows\System32\USER32.dll
0x00007ffd5c420000 - 0x00007ffd5c442000 	C:\Windows\System32\win32u.dll
0x00007ffd4f490000 - 0x00007ffd4f72a000 	C:\Windows\WinSxS\amd64_microsoft.windows.common-controls_6595b64144ccf1df_6.0.19041.1110_none_60b5254171f9507e\COMCTL32.dll
0x00007ffd5cba0000 - 0x00007ffd5cbcb000 	C:\Windows\System32\GDI32.dll
0x00007ffd5c5d0000 - 0x00007ffd5c66e000 	C:\Windows\System32\msvcrt.dll
0x00007ffd5c020000 - 0x00007ffd5c12d000 	C:\Windows\System32\gdi32full.dll
0x00007ffd5bbd0000 - 0x00007ffd5bc6d000 	C:\Windows\System32\msvcp_win.dll
0x00007ffd5c910000 - 0x00007ffd5c940000 	C:\Windows\System32\IMM32.DLL
0x00007ffd28690000 - 0x00007ffd2872d000 	C:\Program Files\Android\Android Studio\jre\bin\msvcp140.dll
0x00007ffd2d310000 - 0x00007ffd2dde5000 	C:\Program Files\Android\Android Studio\jre\bin\server\jvm.dll
0x00007ffd5c670000 - 0x00007ffd5c71c000 	C:\Windows\System32\ADVAPI32.dll
0x00007ffd5c530000 - 0x00007ffd5c5cb000 	C:\Windows\System32\sechost.dll
0x00007ffd5ca70000 - 0x00007ffd5cb9a000 	C:\Windows\System32\RPCRT4.dll
0x00007ffd5d7a0000 - 0x00007ffd5d7a8000 	C:\Windows\System32\PSAPI.DLL
0x00007ffd57240000 - 0x00007ffd57249000 	C:\Windows\SYSTEM32\WSOCK32.dll
0x00007ffd50db0000 - 0x00007ffd50dba000 	C:\Windows\SYSTEM32\VERSION.dll
0x00007ffd4df70000 - 0x00007ffd4df97000 	C:\Windows\SYSTEM32\WINMM.dll
0x00007ffd5c780000 - 0x00007ffd5c7eb000 	C:\Windows\System32\ws2_32.DLL
0x00007ffd59b10000 - 0x00007ffd59b22000 	C:\Windows\SYSTEM32\kernel.appcore.dll
0x00007ffd56d70000 - 0x00007ffd56d81000 	C:\Program Files\Android\Android Studio\jre\bin\verify.dll
0x00007ffd47220000 - 0x00007ffd47404000 	C:\Windows\SYSTEM32\DBGHELP.DLL
0x00007ffd47180000 - 0x00007ffd471ac000 	C:\Windows\SYSTEM32\dbgcore.DLL
0x00007ffd5c130000 - 0x00007ffd5c1b2000 	C:\Windows\System32\bcryptPrimitives.dll
0x00007ffd56990000 - 0x00007ffd569b9000 	C:\Program Files\Android\Android Studio\jre\bin\java.dll
0x00007ffd57230000 - 0x00007ffd5723b000 	C:\Program Files\Android\Android Studio\jre\bin\jimage.dll
0x00007ffd56970000 - 0x00007ffd56988000 	C:\Program Files\Android\Android Studio\jre\bin\zip.dll
0x00007ffd5d7b0000 - 0x00007ffd5def4000 	C:\Windows\System32\SHELL32.dll
0x00007ffd59e20000 - 0x00007ffd5a5b4000 	C:\Windows\SYSTEM32\windows.storage.dll
0x00007ffd5cdf0000 - 0x00007ffd5d145000 	C:\Windows\System32\combase.dll
0x00007ffd5b500000 - 0x00007ffd5b52e000 	C:\Windows\SYSTEM32\Wldp.dll
0x00007ffd5c7f0000 - 0x00007ffd5c89d000 	C:\Windows\System32\SHCORE.dll
0x00007ffd5cca0000 - 0x00007ffd5ccf5000 	C:\Windows\System32\shlwapi.dll
0x00007ffd5bac0000 - 0x00007ffd5badf000 	C:\Windows\SYSTEM32\profapi.dll
0x00007ffd558e0000 - 0x00007ffd558fa000 	C:\Program Files\Android\Android Studio\jre\bin\net.dll
0x00007ffd536d0000 - 0x00007ffd537dc000 	C:\Windows\SYSTEM32\WINHTTP.dll
0x00007ffd5b260000 - 0x00007ffd5b2ca000 	C:\Windows\system32\mswsock.dll
0x00007ffd54c30000 - 0x00007ffd54c44000 	C:\Program Files\Android\Android Studio\jre\bin\nio.dll
0x00007ffd51e90000 - 0x00007ffd51eb7000 	C:\Users\Admin\.gradle\native\e1d6ef7f7dcc3fd88c89a11ec53ec762bb8ba0a96d01ffa2cd45eb1d1d8dd5c5\windows-amd64\native-platform.dll
0x00007ffd28540000 - 0x00007ffd28684000 	C:\Users\Admin\.gradle\native\5664cfc778a61ccfe75a443a1ab52a65af34e5dc3c78e0209fed803814484fcb\windows-amd64\native-platform-file-events.dll
0x00007ffd56870000 - 0x00007ffd5687a000 	C:\Program Files\Android\Android Studio\jre\bin\management.dll
0x00007ffd56760000 - 0x00007ffd5676d000 	C:\Program Files\Android\Android Studio\jre\bin\management_ext.dll
0x00007ffd5b460000 - 0x00007ffd5b478000 	C:\Windows\SYSTEM32\CRYPTSP.dll
0x00007ffd5ad90000 - 0x00007ffd5adc4000 	C:\Windows\system32\rsaenh.dll
0x00007ffd5bd20000 - 0x00007ffd5bd47000 	C:\Windows\System32\bcrypt.dll
0x00007ffd5ba40000 - 0x00007ffd5ba6e000 	C:\Windows\SYSTEM32\USERENV.dll
0x00007ffd5b450000 - 0x00007ffd5b45c000 	C:\Windows\SYSTEM32\CRYPTBASE.dll
0x00007ffd5af50000 - 0x00007ffd5af8b000 	C:\Windows\SYSTEM32\IPHLPAPI.DLL
0x00007ffd5cd00000 - 0x00007ffd5cd08000 	C:\Windows\System32\NSI.dll
0x00007ffd54230000 - 0x00007ffd54247000 	C:\Windows\SYSTEM32\dhcpcsvc6.DLL
0x00007ffd54210000 - 0x00007ffd5422d000 	C:\Windows\SYSTEM32\dhcpcsvc.DLL
0x00007ffd5af90000 - 0x00007ffd5b05b000 	C:\Windows\SYSTEM32\DNSAPI.dll

dbghelp: loaded successfully - version: 4.0.5 - missing functions: none
symbol engine: initialized successfully - sym options: 0x614 - pdb path: .;C:\Program Files\Android\Android Studio\jre\bin;C:\Windows\SYSTEM32;C:\Windows\WinSxS\amd64_microsoft.windows.common-controls_6595b64144ccf1df_6.0.19041.1110_none_60b5254171f9507e;C:\Program Files\Android\Android Studio\jre\bin\server;C:\Users\Admin\.gradle\native\e1d6ef7f7dcc3fd88c89a11ec53ec762bb8ba0a96d01ffa2cd45eb1d1d8dd5c5\windows-amd64;C:\Users\Admin\.gradle\native\5664cfc778a61ccfe75a443a1ab52a65af34e5dc3c78e0209fed803814484fcb\windows-amd64

VM Arguments:
jvm_args: --add-opens=java.base/java.util=ALL-UNNAMED --add-opens=java.base/java.lang=ALL-UNNAMED --add-opens=java.base/java.lang.invoke=ALL-UNNAMED --add-opens=java.base/java.util=ALL-UNNAMED --add-opens=java.prefs/java.util.prefs=ALL-UNNAMED --add-opens=java.prefs/java.util.prefs=ALL-UNNAMED --add-opens=java.base/java.nio.charset=ALL-UNNAMED --add-opens=java.base/java.net=ALL-UNNAMED --add-opens=java.base/java.util.concurrent.atomic=ALL-UNNAMED -Xmx2048m -Dfile.encoding=UTF-8 -Duser.country=US -Duser.language=en -Duser.variant 
java_command: org.gradle.launcher.daemon.bootstrap.GradleDaemon 7.2
java_class_path (initial): C:\Users\Admin\.gradle\wrapper\dists\gradle-7.2-bin\2dnblmf4td7x66yl1d74lt32g\gradle-7.2\lib\gradle-launcher-7.2.jar
Launcher Type: SUN_STANDARD

[Global flags]
     intx CICompilerCount                          = 3                                         {product} {ergonomic}
     uint ConcGCThreads                            = 1                                         {product} {ergonomic}
     uint G1ConcRefinementThreads                  = 4                                         {product} {ergonomic}
   size_t G1HeapRegionSize                         = 1048576                                   {product} {ergonomic}
    uintx GCDrainStackTargetSize                   = 64                                        {product} {ergonomic}
   size_t InitialHeapSize                          = 67108864                                  {product} {ergonomic}
   size_t MarkStackSize                            = 4194304                                   {product} {ergonomic}
   size_t MaxHeapSize                              = 2147483648                                {product} {command line}
   size_t MaxNewSize                               = 1287651328                                {product} {ergonomic}
   size_t MinHeapDeltaBytes                        = 1048576                                   {product} {ergonomic}
    uintx NonNMethodCodeHeapSize                   = 5830732                                {pd product} {ergonomic}
    uintx NonProfiledCodeHeapSize                  = 122913754                              {pd product} {ergonomic}
    uintx ProfiledCodeHeapSize                     = 122913754                              {pd product} {ergonomic}
    uintx ReservedCodeCacheSize                    = 251658240                              {pd product} {ergonomic}
     bool SegmentedCodeCache                       = true                                      {product} {ergonomic}
     bool UseCompressedClassPointers               = true                                 {lp64_product} {ergonomic}
     bool UseCompressedOops                        = true                                 {lp64_product} {ergonomic}
     bool UseG1GC                                  = true                                      {product} {ergonomic}
     bool UseLargePagesIndividualAllocation        = false                                  {pd product} {ergonomic}

Logging:
Log output configuration:
 #0: stdout all=warning uptime,level,tags
 #1: stderr all=off uptime,level,tags

Environment Variables:
PATH=C:\Program Files (x86)\Common Files\Oracle\Java\javapath;C:\Program Files (x86)\VMware\VMware Player\bin\;C:\Windows\system32;C:\Windows;C:\Windows\System32\Wbem;C:\Windows\System32\WindowsPowerShell\v1.0\;C:\Windows\System32\OpenSSH\;C:\Program Files\dotnet\;C:\Users\Admin\AppData\Local\Microsoft\WindowsApps;C:\Users\Admin\.dotnet\tools
USERNAME=Admin
OS=Windows_NT
PROCESSOR_IDENTIFIER=Intel64 Family 6 Model 42 Stepping 7, GenuineIntel



---------------  S Y S T E M  ---------------

OS: Windows 10 , 64 bit Build 19041 (10.0.19041.1348)
OS uptime: 0 days 1:50 hours

CPU:total 4 (initial active 4) (2 cores per cpu, 2 threads per core) family 6 model 42 stepping 7 microcode 0x2f, cmov, cx8, fxsr, mmx, sse, sse2, sse3, ssse3, sse4.1, sse4.2, popcnt, avx, clmul, ht, tsc, tscinvbit

Memory: 4k page, system-wide physical 4004M (293M free)
TotalPageFile size 4004M (AvailPageFile size 5M)
current process WorkingSet (physical memory assigned to process): 234M, peak: 244M
current process commit charge ("private bytes"): 299M, peak: 300M

vm_info: OpenJDK 64-Bit Server VM (11.0.11+9-b60-7590822) for windows-amd64 JRE (11.0.11+9-b60-7590822), built on Jul 29 2021 21:43:44 by "builder" with MS VC++ 14.0 (VS2015)

END.
