#
# There is insufficient memory for the Java Runtime Environment to continue.
# Native memory allocation (mmap) failed to map 19922944 bytes for Failed to commit area from 0x0000000085d00000 to 0x0000000087000000 of length 19922944.
# Possible reasons:
#   The system is out of physical RAM or swap space
#   The process is running with CompressedOops enabled, and the Java Heap may be blocking the growth of the native heap
# Possible solutions:
#   Reduce memory load on the system
#   Increase physical memory or swap space
#   Check if swap backing store is full
#   Decrease Java heap size (-Xmx/-Xms)
#   Decrease number of Java threads
#   Decrease Java thread stack sizes (-Xss)
#   Set larger code cache with -XX:ReservedCodeCacheSize=
#   JVM is running with Unscaled Compressed Oops mode in which the Java heap is
#     placed in the first 4GB address space. The Java Heap base address is the
#     maximum limit for the native heap growth. Please use -XX:HeapBaseMinAddress
#     to set the Java Heap base and to place the Java Heap above 4GB virtual address.
# This output file may be truncated or incomplete.
#
#  Out of Memory Error (./src/hotspot/os/windows/os_windows.cpp:3301), pid=3432, tid=5624
#
# JRE version: OpenJDK Runtime Environment (11.0.11+9) (build 11.0.11+9-b60-7590822)
# Java VM: OpenJDK 64-Bit Server VM (11.0.11+9-b60-7590822, mixed mode, tiered, compressed oops, g1 gc, windows-amd64)
# No core dump will be written. Minidumps are not enabled by default on client versions of Windows
#

---------------  S U M M A R Y ------------

Command Line: --add-opens=java.base/java.util=ALL-UNNAMED --add-opens=java.base/java.lang=ALL-UNNAMED --add-opens=java.base/java.lang.invoke=ALL-UNNAMED --add-opens=java.base/java.util=ALL-UNNAMED --add-opens=java.prefs/java.util.prefs=ALL-UNNAMED --add-opens=java.prefs/java.util.prefs=ALL-UNNAMED --add-opens=java.base/java.nio.charset=ALL-UNNAMED --add-opens=java.base/java.net=ALL-UNNAMED --add-opens=java.base/java.util.concurrent.atomic=ALL-UNNAMED -Xmx2048m -Dfile.encoding=UTF-8 -Duser.country=US -Duser.language=en -Duser.variant org.gradle.launcher.daemon.bootstrap.GradleDaemon 7.2

Host: Intel(R) Core(TM) i3-2330M CPU @ 2.20GHz, 4 cores, 3G,  Windows 10 , 64 bit Build 19041 (10.0.19041.1348)
Time: Fri May 13 15:24:10 2022 SE Asia Standard Time elapsed time: 12.343721 seconds (0d 0h 0m 12s)

---------------  T H R E A D  ---------------

Current thread (0x00000254fe7b9800):  VMThread "VM Thread" [stack: 0x0000006577e00000,0x0000006577f00000] [id=5624]

Stack: [0x0000006577e00000,0x0000006577f00000]
[error occurred during error reporting (printing stack bounds), id 0xc0000005, EXCEPTION_ACCESS_VIOLATION (0xc0000005) at pc=0x0000025480000f2d]

Native frames: (J=compiled Java code, j=interpreted, Vv=VM code, C=native code)
V  [jvm.dll+0x5f214a]
V  [jvm.dll+0x726fb5]
V  [jvm.dll+0x7285cd]
V  [jvm.dll+0x728be5]
V  [jvm.dll+0x728b9b]
V  [jvm.dll+0x5f14e8]
V  [jvm.dll+0x5f1c78]
C  [ntdll.dll+0xa20cf]
C  [ntdll.dll+0x51454]
C  [ntdll.dll+0xa0bfe]
C  0x0000025480000f2d

VM_Operation (0x00000065790f1b50): G1CollectForAllocation, mode: safepoint, requested by thread 0x0000025490615800


---------------  P R O C E S S  ---------------

Threads class SMR info:
_java_thread_list=0x0000025494b5a340, length=78, elements={
0x00000254f3c0d800, 0x00000254fe7bf000, 0x00000254fe7c4000, 0x00000254fe81c000,
0x00000254fe81f000, 0x00000254fe820000, 0x00000254fe823000, 0x00000254fe827800,
0x00000254fe82b000, 0x00000254ff298000, 0x0000025490803800, 0x0000025490dd6800,
0x00000254908b4000, 0x000002548fefe000, 0x000002548f4a7800, 0x0000025490f9e800,
0x0000025490615800, 0x00000254903e9800, 0x00000254ffcc6800, 0x0000025490225000,
0x0000025490221000, 0x0000025490224000, 0x000002549021f000, 0x0000025490225800,
0x00000254907ea800, 0x0000025490220000, 0x0000025490222800, 0x0000025490221800,
0x0000025490223800, 0x0000025490964800, 0x000002549095f800, 0x0000025490962000,
0x0000025490963800, 0x0000025490960800, 0x0000025490966000, 0x0000025490961000,
0x000002549234d800, 0x000002549234b000, 0x0000025492350000, 0x000002549234e800,
0x000002549234a000, 0x000002549234c000, 0x000002549234c800, 0x0000025492351800,
0x0000025492352800, 0x0000025492354000, 0x0000025492353000, 0x0000025492350800,
0x0000025492355000, 0x000002549234f000, 0x0000025492358000, 0x0000025492356800,
0x0000025492359000, 0x0000025492355800, 0x0000025492357000, 0x0000025491b52800,
0x0000025491b50000, 0x0000025491b52000, 0x0000025491b51000, 0x0000025491b53800,
0x0000025491b4d800, 0x0000025491b54000, 0x0000025491b4e800, 0x0000025491b55000,
0x0000025491b4f800, 0x0000025491b5a000, 0x0000025491b57800, 0x0000025491b58800,
0x0000025491b56000, 0x0000025491b5b000, 0x0000025491b59000, 0x0000025491b5b800,
0x0000025491b5c800, 0x0000025491b56800, 0x0000025494b76800, 0x0000025494b73000,
0x0000025494b7a000, 0x0000025494b75000
}

Java Threads: ( => current thread )
  0x00000254f3c0d800 JavaThread "main" [_thread_blocked, id=32, stack(0x0000006577800000,0x0000006577900000)]
  0x00000254fe7bf000 JavaThread "Reference Handler" daemon [_thread_blocked, id=4928, stack(0x0000006577f00000,0x0000006578000000)]
  0x00000254fe7c4000 JavaThread "Finalizer" daemon [_thread_blocked, id=4748, stack(0x0000006578000000,0x0000006578100000)]
  0x00000254fe81c000 JavaThread "Signal Dispatcher" daemon [_thread_blocked, id=4072, stack(0x0000006578100000,0x0000006578200000)]
  0x00000254fe81f000 JavaThread "Attach Listener" daemon [_thread_blocked, id=5384, stack(0x0000006578200000,0x0000006578300000)]
  0x00000254fe820000 JavaThread "Service Thread" daemon [_thread_blocked, id=5500, stack(0x0000006578300000,0x0000006578400000)]
  0x00000254fe823000 JavaThread "C2 CompilerThread0" daemon [_thread_blocked, id=4424, stack(0x0000006578400000,0x0000006578500000)]
  0x00000254fe827800 JavaThread "C1 CompilerThread0" daemon [_thread_blocked, id=5604, stack(0x0000006578500000,0x0000006578600000)]
  0x00000254fe82b000 JavaThread "Sweeper thread" daemon [_thread_blocked, id=5388, stack(0x0000006578600000,0x0000006578700000)]
  0x00000254ff298000 JavaThread "Common-Cleaner" daemon [_thread_blocked, id=2196, stack(0x0000006578700000,0x0000006578800000)]
  0x0000025490803800 JavaThread "Daemon health stats" [_thread_blocked, id=440, stack(0x0000006578b00000,0x0000006578c00000)]
  0x0000025490dd6800 JavaThread "Incoming local TCP Connector on port 58523" [_thread_in_native, id=3076, stack(0x0000006578900000,0x0000006578a00000)]
  0x00000254908b4000 JavaThread "Daemon periodic checks" [_thread_blocked, id=1952, stack(0x0000006578c00000,0x0000006578d00000)]
  0x000002548fefe000 JavaThread "Daemon" [_thread_blocked, id=2004, stack(0x0000006578d00000,0x0000006578e00000)]
  0x000002548f4a7800 JavaThread "Handler for socket connection from /127.0.0.1:58523 to /127.0.0.1:58524" [_thread_in_native, id=1112, stack(0x0000006578e00000,0x0000006578f00000)]
  0x0000025490f9e800 JavaThread "Cancel handler" [_thread_blocked, id=1220, stack(0x0000006578f00000,0x0000006579000000)]
  0x0000025490615800 JavaThread "Daemon worker" [_thread_blocked, id=1340, stack(0x0000006579000000,0x0000006579100000)]
  0x00000254903e9800 JavaThread "Asynchronous log dispatcher for DefaultDaemonConnection: socket connection from /127.0.0.1:58523 to /127.0.0.1:58524" [_thread_blocked, id=4428, stack(0x0000006579100000,0x0000006579200000)]
  0x00000254ffcc6800 JavaThread "Stdin handler" [_thread_blocked, id=792, stack(0x0000006579200000,0x0000006579300000)]
  0x0000025490225000 JavaThread "Daemon client event forwarder" [_thread_blocked, id=4584, stack(0x0000006579300000,0x0000006579400000)]
  0x0000025490221000 JavaThread "Cache worker for journal cache (C:\Users\Admin\.gradle\caches\journal-1)" [_thread_blocked, id=5512, stack(0x0000006579600000,0x0000006579700000)]
  0x0000025490224000 JavaThread "File lock request listener" [_thread_in_native, id=3848, stack(0x0000006579700000,0x0000006579800000)]
  0x000002549021f000 JavaThread "Cache worker for file hash cache (C:\Users\Admin\.gradle\caches\7.2\fileHashes)" [_thread_blocked, id=3252, stack(0x0000006579800000,0x0000006579900000)]
  0x0000025490225800 JavaThread "Cache worker for file hash cache (C:\Users\Admin\AndroidStudioProjects\curency\.gradle\7.2\fileHashes)" [_thread_blocked, id=5044, stack(0x0000006579900000,0x0000006579a00000)]
  0x00000254907ea800 JavaThread "C2 CompilerThread1" daemon [_thread_blocked, id=5872, stack(0x0000006579a00000,0x0000006579b00000)]
  0x0000025490220000 JavaThread "File watcher server" daemon [_thread_in_native, id=868, stack(0x0000006579b00000,0x0000006579c00000)]
  0x0000025490222800 JavaThread "File watcher consumer" daemon [_thread_blocked, id=3544, stack(0x0000006579c00000,0x0000006579d00000)]
  0x0000025490221800 JavaThread "Cache worker for checksums cache (C:\Users\Admin\AndroidStudioProjects\curency\.gradle\checksums)" [_thread_blocked, id=4316, stack(0x0000006579d00000,0x0000006579e00000)]
  0x0000025490223800 JavaThread "Cache worker for cache directory md-supplier (C:\Users\Admin\.gradle\caches\7.2\md-supplier)" [_thread_blocked, id=1456, stack(0x0000006579e00000,0x0000006579f00000)]
  0x0000025490964800 JavaThread "Cache worker for cache directory md-rule (C:\Users\Admin\.gradle\caches\7.2\md-rule)" [_thread_blocked, id=4136, stack(0x0000006579f00000,0x000000657a000000)]
  0x000002549095f800 JavaThread "Cache worker for execution history cache (C:\Users\Admin\.gradle\caches\7.2\executionHistory)" [_thread_blocked, id=5212, stack(0x000000657a000000,0x000000657a100000)]
  0x0000025490962000 JavaThread "jar transforms" [_thread_blocked, id=4848, stack(0x000000657a100000,0x000000657a200000)]
  0x0000025490963800 JavaThread "Cache worker for file content cache (C:\Users\Admin\.gradle\caches\7.2\fileContent)" [_thread_blocked, id=1940, stack(0x000000657a200000,0x000000657a300000)]
  0x0000025490960800 JavaThread "jar transforms Thread 2" [_thread_blocked, id=1668, stack(0x000000657a300000,0x000000657a400000)]
  0x0000025490966000 JavaThread "Cache worker for dependencies-accessors (C:\Users\Admin\AndroidStudioProjects\curency\.gradle\7.2\dependencies-accessors)" [_thread_blocked, id=3100, stack(0x000000657a400000,0x000000657a500000)]
  0x0000025490961000 JavaThread "jar transforms Thread 3" [_thread_blocked, id=1584, stack(0x000000657a500000,0x000000657a600000)]
  0x000002549234d800 JavaThread "Cache worker for Build Output Cleanup Cache (C:\Users\Admin\AndroidStudioProjects\curency\.gradle\buildOutputCleanup)" [_thread_blocked, id=2408, stack(0x000000657a600000,0x000000657a700000)]
  0x000002549234b000 JavaThread "Unconstrained build operations" [_thread_blocked, id=4320, stack(0x000000657a700000,0x000000657a800000)]
  0x0000025492350000 JavaThread "Unconstrained build operations Thread 2" [_thread_blocked, id=6012, stack(0x000000657a800000,0x000000657a900000)]
  0x000002549234e800 JavaThread "Unconstrained build operations Thread 3" [_thread_blocked, id=6072, stack(0x000000657a900000,0x000000657aa00000)]
  0x000002549234a000 JavaThread "Unconstrained build operations Thread 4" [_thread_blocked, id=5356, stack(0x000000657aa00000,0x000000657ab00000)]
  0x000002549234c000 JavaThread "Unconstrained build operations Thread 5" [_thread_blocked, id=704, stack(0x000000657ab00000,0x000000657ac00000)]
  0x000002549234c800 JavaThread "Unconstrained build operations Thread 6" [_thread_blocked, id=5152, stack(0x000000657ac00000,0x000000657ad00000)]
  0x0000025492351800 JavaThread "Unconstrained build operations Thread 7" [_thread_blocked, id=2100, stack(0x000000657ad00000,0x000000657ae00000)]
  0x0000025492352800 JavaThread "Unconstrained build operations Thread 8" [_thread_blocked, id=5424, stack(0x000000657ae00000,0x000000657af00000)]
  0x0000025492354000 JavaThread "Unconstrained build operations Thread 9" [_thread_blocked, id=3952, stack(0x000000657af00000,0x000000657b000000)]
  0x0000025492353000 JavaThread "Unconstrained build operations Thread 10" [_thread_blocked, id=1752, stack(0x000000657b000000,0x000000657b100000)]
  0x0000025492350800 JavaThread "Unconstrained build operations Thread 11" [_thread_blocked, id=6140, stack(0x000000657b100000,0x000000657b200000)]
  0x0000025492355000 JavaThread "Unconstrained build operations Thread 12" [_thread_blocked, id=5860, stack(0x000000657b200000,0x000000657b300000)]
  0x000002549234f000 JavaThread "Unconstrained build operations Thread 13" [_thread_blocked, id=1276, stack(0x000000657b300000,0x000000657b400000)]
  0x0000025492358000 JavaThread "Unconstrained build operations Thread 14" [_thread_blocked, id=5492, stack(0x000000657b400000,0x000000657b500000)]
  0x0000025492356800 JavaThread "Unconstrained build operations Thread 15" [_thread_blocked, id=5276, stack(0x000000657b500000,0x000000657b600000)]
  0x0000025492359000 JavaThread "Unconstrained build operations Thread 16" [_thread_blocked, id=3736, stack(0x000000657b600000,0x000000657b700000)]
  0x0000025492355800 JavaThread "Unconstrained build operations Thread 17" [_thread_blocked, id=4956, stack(0x000000657b700000,0x000000657b800000)]
  0x0000025492357000 JavaThread "Unconstrained build operations Thread 18" [_thread_blocked, id=5296, stack(0x000000657b800000,0x000000657b900000)]
  0x0000025491b52800 JavaThread "Unconstrained build operations Thread 19" [_thread_blocked, id=2368, stack(0x000000657b900000,0x000000657ba00000)]
  0x0000025491b50000 JavaThread "Unconstrained build operations Thread 20" [_thread_blocked, id=788, stack(0x000000657ba00000,0x000000657bb00000)]
  0x0000025491b52000 JavaThread "Unconstrained build operations Thread 21" [_thread_blocked, id=3708, stack(0x000000657bb00000,0x000000657bc00000)]
  0x0000025491b51000 JavaThread "Unconstrained build operations Thread 22" [_thread_blocked, id=2984, stack(0x000000657bc00000,0x000000657bd00000)]
  0x0000025491b53800 JavaThread "Unconstrained build operations Thread 23" [_thread_blocked, id=2744, stack(0x000000657bd00000,0x000000657be00000)]
  0x0000025491b4d800 JavaThread "Unconstrained build operations Thread 24" [_thread_blocked, id=2624, stack(0x000000657be00000,0x000000657bf00000)]
  0x0000025491b54000 JavaThread "Unconstrained build operations Thread 25" [_thread_blocked, id=3656, stack(0x000000657bf00000,0x000000657c000000)]
  0x0000025491b4e800 JavaThread "Unconstrained build operations Thread 26" [_thread_blocked, id=3312, stack(0x000000657c000000,0x000000657c100000)]
  0x0000025491b55000 JavaThread "Unconstrained build operations Thread 27" [_thread_blocked, id=1128, stack(0x000000657c100000,0x000000657c200000)]
  0x0000025491b4f800 JavaThread "Unconstrained build operations Thread 28" [_thread_blocked, id=4600, stack(0x000000657c200000,0x000000657c300000)]
  0x0000025491b5a000 JavaThread "Unconstrained build operations Thread 29" [_thread_blocked, id=5460, stack(0x000000657c300000,0x000000657c400000)]
  0x0000025491b57800 JavaThread "Unconstrained build operations Thread 30" [_thread_blocked, id=2700, stack(0x000000657c400000,0x000000657c500000)]
  0x0000025491b58800 JavaThread "Unconstrained build operations Thread 31" [_thread_blocked, id=5948, stack(0x000000657c500000,0x000000657c600000)]
  0x0000025491b56000 JavaThread "Unconstrained build operations Thread 32" [_thread_blocked, id=5016, stack(0x000000657c600000,0x000000657c700000)]
  0x0000025491b5b000 JavaThread "Unconstrained build operations Thread 33" [_thread_blocked, id=2236, stack(0x000000657c700000,0x000000657c800000)]
  0x0000025491b59000 JavaThread "Unconstrained build operations Thread 34" [_thread_blocked, id=3168, stack(0x000000657c800000,0x000000657c900000)]
  0x0000025491b5b800 JavaThread "Unconstrained build operations Thread 35" [_thread_blocked, id=4808, stack(0x000000657c900000,0x000000657ca00000)]
  0x0000025491b5c800 JavaThread "Unconstrained build operations Thread 36" [_thread_blocked, id=2404, stack(0x000000657ca00000,0x000000657cb00000)]
  0x0000025491b56800 JavaThread "Unconstrained build operations Thread 37" [_thread_blocked, id=3124, stack(0x000000657cb00000,0x000000657cc00000)]
  0x0000025494b76800 JavaThread "Unconstrained build operations Thread 38" [_thread_blocked, id=2088, stack(0x000000657cc00000,0x000000657cd00000)]
  0x0000025494b73000 JavaThread "Unconstrained build operations Thread 39" [_thread_blocked, id=4152, stack(0x000000657cd00000,0x000000657ce00000)]
  0x0000025494b7a000 JavaThread "Unconstrained build operations Thread 40" [_thread_blocked, id=2580, stack(0x000000657ce00000,0x000000657cf00000)]
  0x0000025494b75000 JavaThread "jar transforms Thread 4" [_thread_blocked, id=4960, stack(0x000000657cf00000,0x000000657d000000)]

Other Threads:
=>0x00000254fe7b9800 VMThread "VM Thread" [stack: 0x0000006577e00000,0x0000006577f00000] [id=5624]
  0x00000254ff2ab000 WatcherThread [stack: 0x0000006578800000,0x0000006578900000] [id=4572]
  0x00000254f3c24000 GCTaskThread "GC Thread#0" [stack: 0x0000006577900000,0x0000006577a00000] [id=6096]
  0x00000254ffd2b800 GCTaskThread "GC Thread#1" [stack: 0x0000006578a00000,0x0000006578b00000] [id=2980]
  0x000002548f02b000 GCTaskThread "GC Thread#2" [stack: 0x0000006579400000,0x0000006579500000] [id=672]
  0x000002548f530000 GCTaskThread "GC Thread#3" [stack: 0x0000006579500000,0x0000006579600000] [id=5976]
  0x00000254f3c57800 ConcurrentGCThread "G1 Main Marker" [stack: 0x0000006577a00000,0x0000006577b00000] [id=1700]
  0x00000254f3c58800 ConcurrentGCThread "G1 Conc#0" [stack: 0x0000006577b00000,0x0000006577c00000] [id=3496]
  0x00000254f3cb3800 ConcurrentGCThread "G1 Refine#0" [stack: 0x0000006577c00000,0x0000006577d00000] [id=6092]
  0x00000254f3cb4000 ConcurrentGCThread "G1 Young RemSet Sampling" [stack: 0x0000006577d00000,0x0000006577e00000] [id=4984]

Threads with active compile tasks:
C2 CompilerThread0  12364 5438       4       java.util.HashMap::put (13 bytes)
C2 CompilerThread1  12365 5341       4       org.codehaus.groovy.runtime.metaclass.MetaMethodIndex::isMatchingMethod (61 bytes)

VM state:at safepoint (normal execution)

VM Mutex/Monitor currently owned by a thread:  ([mutex/lock_event])
[0x00000254f3c08b00] Threads_lock - owner thread: 0x00000254fe7b9800
[0x00000254f3c08e60] Heap_lock - owner thread: 0x0000025490615800

Heap address: 0x0000000080000000, size: 2048 MB, Compressed Oops mode: 32-bit
Narrow klass base: 0x0000000000000000, Narrow klass shift: 3
Compressed class space size: 1073741824 Address: 0x0000000100000000

Heap:
 garbage-first heap   total 114688K, used 45726K [0x0000000080000000, 0x0000000100000000)
  region size 1024K, 5 young (5120K), 5 survivors (5120K)
 Metaspace       used 50086K, capacity 51389K, committed 51456K, reserved 1093632K
  class space    used 6389K, capacity 6876K, committed 6912K, reserved 1048576K
Heap Regions: E=young(eden), S=young(survivor), O=old, HS=humongous(starts), HC=humongous(continues), CS=collection set, F=free, A=archive, TAMS=top-at-mark-start (previous, next)
|   0|0x0000000080000000, 0x0000000080100000, 0x0000000080100000|100%| O|  |TAMS 0x0000000080100000, 0x0000000080000000| Untracked 
|   1|0x0000000080100000, 0x0000000080200000, 0x0000000080200000|100%| O|  |TAMS 0x0000000080200000, 0x0000000080100000| Untracked 
|   2|0x0000000080200000, 0x0000000080300000, 0x0000000080300000|100%| O|  |TAMS 0x0000000080300000, 0x0000000080200000| Untracked 
|   3|0x0000000080300000, 0x0000000080400000, 0x0000000080400000|100%|HS|  |TAMS 0x0000000080400000, 0x0000000080300000| Complete 
|   4|0x0000000080400000, 0x0000000080500000, 0x0000000080500000|100%|HC|  |TAMS 0x0000000080500000, 0x0000000080400000| Complete 
|   5|0x0000000080500000, 0x0000000080600000, 0x0000000080600000|100%|HC|  |TAMS 0x0000000080600000, 0x0000000080500000| Complete 
|   6|0x0000000080600000, 0x0000000080700000, 0x0000000080700000|100%| O|  |TAMS 0x0000000080700000, 0x0000000080600000| Untracked 
|   7|0x0000000080700000, 0x0000000080800000, 0x0000000080800000|100%| O|  |TAMS 0x0000000080800000, 0x0000000080700000| Untracked 
|   8|0x0000000080800000, 0x0000000080900000, 0x0000000080900000|100%| O|  |TAMS 0x0000000080900000, 0x0000000080800000| Untracked 
|   9|0x0000000080900000, 0x0000000080a00000, 0x0000000080a00000|100%| O|  |TAMS 0x0000000080a00000, 0x0000000080900000| Untracked 
|  10|0x0000000080a00000, 0x0000000080b00000, 0x0000000080b00000|100%| O|  |TAMS 0x0000000080b00000, 0x0000000080a00000| Untracked 
|  11|0x0000000080b00000, 0x0000000080c00000, 0x0000000080c00000|100%| O|  |TAMS 0x0000000080c00000, 0x0000000080b00000| Untracked 
|  12|0x0000000080c00000, 0x0000000080d00000, 0x0000000080d00000|100%| O|  |TAMS 0x0000000080d00000, 0x0000000080c00000| Untracked 
|  13|0x0000000080d00000, 0x0000000080e00000, 0x0000000080e00000|100%| O|  |TAMS 0x0000000080e00000, 0x0000000080d00000| Untracked 
|  14|0x0000000080e00000, 0x0000000080f00000, 0x0000000080f00000|100%| O|  |TAMS 0x0000000080f00000, 0x0000000080e00000| Untracked 
|  15|0x0000000080f00000, 0x0000000081000000, 0x0000000081000000|100%| O|  |TAMS 0x0000000081000000, 0x0000000080f00000| Untracked 
|  16|0x0000000081000000, 0x0000000081100000, 0x0000000081100000|100%| O|  |TAMS 0x0000000081100000, 0x0000000081000000| Untracked 
|  17|0x0000000081100000, 0x0000000081200000, 0x0000000081200000|100%| O|  |TAMS 0x0000000081200000, 0x0000000081100000| Untracked 
|  18|0x0000000081200000, 0x0000000081300000, 0x0000000081300000|100%| O|  |TAMS 0x0000000081300000, 0x0000000081200000| Untracked 
|  19|0x0000000081300000, 0x0000000081400000, 0x0000000081400000|100%| O|  |TAMS 0x0000000081400000, 0x0000000081300000| Untracked 
|  20|0x0000000081400000, 0x0000000081500000, 0x0000000081500000|100%| O|  |TAMS 0x0000000081500000, 0x0000000081400000| Untracked 
|  21|0x0000000081500000, 0x0000000081600000, 0x0000000081600000|100%| O|  |TAMS 0x00000000815ea600, 0x0000000081500000| Untracked 
|  22|0x0000000081600000, 0x0000000081700000, 0x0000000081700000|100%| O|  |TAMS 0x0000000081600000, 0x0000000081600000| Untracked 
|  23|0x0000000081700000, 0x0000000081800000, 0x0000000081800000|100%| O|  |TAMS 0x0000000081800000, 0x0000000081700000| Untracked 
|  24|0x0000000081800000, 0x0000000081900000, 0x0000000081900000|100%| O|  |TAMS 0x0000000081900000, 0x0000000081800000| Untracked 
|  25|0x0000000081900000, 0x0000000081a00000, 0x0000000081a00000|100%| O|  |TAMS 0x0000000081a00000, 0x0000000081900000| Untracked 
|  26|0x0000000081a00000, 0x0000000081b00000, 0x0000000081b00000|100%| O|  |TAMS 0x0000000081b00000, 0x0000000081a00000| Untracked 
|  27|0x0000000081b00000, 0x0000000081c00000, 0x0000000081c00000|100%| O|  |TAMS 0x0000000081c00000, 0x0000000081b00000| Untracked 
|  28|0x0000000081c00000, 0x0000000081d00000, 0x0000000081d00000|100%|HS|  |TAMS 0x0000000081c00000, 0x0000000081c00000| Complete 
|  29|0x0000000081d00000, 0x0000000081e00000, 0x0000000081e00000|100%|HS|  |TAMS 0x0000000081d00000, 0x0000000081d00000| Complete 
|  30|0x0000000081e00000, 0x0000000081f00000, 0x0000000081f00000|100%|HS|  |TAMS 0x0000000081e00000, 0x0000000081e00000| Complete 
|  31|0x0000000081f00000, 0x0000000082000000, 0x0000000082000000|100%|HS|  |TAMS 0x0000000081f00000, 0x0000000081f00000| Complete 
|  32|0x0000000082000000, 0x0000000082100000, 0x0000000082100000|100%|HC|  |TAMS 0x0000000082000000, 0x0000000082000000| Complete 
|  33|0x0000000082100000, 0x0000000082200000, 0x0000000082200000|100%| O|  |TAMS 0x0000000082100000, 0x0000000082100000| Untracked 
|  34|0x0000000082200000, 0x0000000082300000, 0x0000000082300000|100%| O|  |TAMS 0x0000000082200000, 0x0000000082200000| Untracked 
|  35|0x0000000082300000, 0x0000000082400000, 0x0000000082400000|100%| O|  |TAMS 0x0000000082300000, 0x0000000082300000| Untracked 
|  36|0x0000000082400000, 0x0000000082500000, 0x0000000082500000|100%| O|  |TAMS 0x0000000082400000, 0x0000000082400000| Untracked 
|  37|0x0000000082500000, 0x0000000082600000, 0x0000000082600000|100%| O|  |TAMS 0x0000000082500000, 0x0000000082500000| Untracked 
|  38|0x0000000082600000, 0x0000000082700000, 0x0000000082700000|100%| O|  |TAMS 0x0000000082600000, 0x0000000082600000| Untracked 
|  39|0x0000000082700000, 0x00000000827a7a00, 0x0000000082800000| 65%| O|  |TAMS 0x0000000082700000, 0x0000000082700000| Untracked 
|  40|0x0000000082800000, 0x0000000082800000, 0x0000000082900000|  0%| F|  |TAMS 0x0000000082800000, 0x0000000082800000| Untracked 
|  41|0x0000000082900000, 0x0000000082900000, 0x0000000082a00000|  0%| F|  |TAMS 0x0000000082900000, 0x0000000082900000| Untracked 
|  42|0x0000000082a00000, 0x0000000082a00000, 0x0000000082b00000|  0%| F|  |TAMS 0x0000000082a00000, 0x0000000082a00000| Untracked 
|  43|0x0000000082b00000, 0x0000000082b00000, 0x0000000082c00000|  0%| F|  |TAMS 0x0000000082b00000, 0x0000000082b00000| Untracked 
|  44|0x0000000082c00000, 0x0000000082c00000, 0x0000000082d00000|  0%| F|  |TAMS 0x0000000082c00000, 0x0000000082c00000| Untracked 
|  45|0x0000000082d00000, 0x0000000082d00000, 0x0000000082e00000|  0%| F|  |TAMS 0x0000000082d00000, 0x0000000082d00000| Untracked 
|  46|0x0000000082e00000, 0x0000000082e00000, 0x0000000082f00000|  0%| F|  |TAMS 0x0000000082e00000, 0x0000000082e00000| Untracked 
|  47|0x0000000082f00000, 0x0000000082f00000, 0x0000000083000000|  0%| F|  |TAMS 0x0000000082f00000, 0x0000000082f00000| Untracked 
|  48|0x0000000083000000, 0x0000000083100000, 0x0000000083100000|100%| S|CS|TAMS 0x0000000083000000, 0x0000000083000000| Complete 
|  49|0x0000000083100000, 0x0000000083100000, 0x0000000083200000|  0%| F|  |TAMS 0x0000000083100000, 0x0000000083100000| Untracked 
|  50|0x0000000083200000, 0x0000000083200000, 0x0000000083300000|  0%| F|  |TAMS 0x0000000083200000, 0x0000000083200000| Untracked 
|  51|0x0000000083300000, 0x0000000083300000, 0x0000000083400000|  0%| F|  |TAMS 0x0000000083300000, 0x0000000083300000| Untracked 
|  52|0x0000000083400000, 0x0000000083500000, 0x0000000083500000|100%| S|CS|TAMS 0x0000000083400000, 0x0000000083400000| Complete 
|  53|0x0000000083500000, 0x0000000083600000, 0x0000000083600000|100%| S|CS|TAMS 0x0000000083500000, 0x0000000083500000| Complete 
|  54|0x0000000083600000, 0x0000000083700000, 0x0000000083700000|100%| S|CS|TAMS 0x0000000083600000, 0x0000000083600000| Complete 
|  55|0x0000000083700000, 0x0000000083800000, 0x0000000083800000|100%| S|CS|TAMS 0x0000000083700000, 0x0000000083700000| Complete 
|  56|0x0000000083800000, 0x0000000083800000, 0x0000000083900000|  0%| F|  |TAMS 0x0000000083800000, 0x0000000083800000| Untracked 
|  57|0x0000000083900000, 0x0000000083900000, 0x0000000083a00000|  0%| F|  |TAMS 0x0000000083900000, 0x0000000083900000| Untracked 
|  58|0x0000000083a00000, 0x0000000083a00000, 0x0000000083b00000|  0%| F|  |TAMS 0x0000000083a00000, 0x0000000083a00000| Untracked 
|  59|0x0000000083b00000, 0x0000000083b00000, 0x0000000083c00000|  0%| F|  |TAMS 0x0000000083b00000, 0x0000000083b00000| Untracked 
|  60|0x0000000083c00000, 0x0000000083c00000, 0x0000000083d00000|  0%| F|  |TAMS 0x0000000083c00000, 0x0000000083c00000| Untracked 
|  61|0x0000000083d00000, 0x0000000083d00000, 0x0000000083e00000|  0%| F|  |TAMS 0x0000000083d00000, 0x0000000083d00000| Untracked 
|  62|0x0000000083e00000, 0x0000000083e00000, 0x0000000083f00000|  0%| F|  |TAMS 0x0000000083e00000, 0x0000000083e00000| Untracked 
|  63|0x0000000083f00000, 0x0000000083f00000, 0x0000000084000000|  0%| F|  |TAMS 0x0000000083f00000, 0x0000000083f00000| Untracked 
|  64|0x0000000084000000, 0x0000000084000000, 0x0000000084100000|  0%| F|  |TAMS 0x0000000084000000, 0x0000000084000000| Untracked 
|  65|0x0000000084100000, 0x0000000084100000, 0x0000000084200000|  0%| F|  |TAMS 0x0000000084100000, 0x0000000084100000| Untracked 
|  66|0x0000000084200000, 0x0000000084200000, 0x0000000084300000|  0%| F|  |TAMS 0x0000000084200000, 0x0000000084200000| Untracked 
|  67|0x0000000084300000, 0x0000000084300000, 0x0000000084400000|  0%| F|  |TAMS 0x0000000084300000, 0x0000000084300000| Untracked 
|  68|0x0000000084400000, 0x0000000084400000, 0x0000000084500000|  0%| F|  |TAMS 0x0000000084400000, 0x0000000084400000| Untracked 
|  69|0x0000000084500000, 0x0000000084500000, 0x0000000084600000|  0%| F|  |TAMS 0x0000000084500000, 0x0000000084500000| Untracked 
|  70|0x0000000084600000, 0x0000000084600000, 0x0000000084700000|  0%| F|  |TAMS 0x0000000084600000, 0x0000000084600000| Untracked 
|  71|0x0000000084700000, 0x0000000084700000, 0x0000000084800000|  0%| F|  |TAMS 0x0000000084700000, 0x0000000084700000| Untracked 
|  72|0x0000000084800000, 0x0000000084800000, 0x0000000084900000|  0%| F|  |TAMS 0x0000000084800000, 0x0000000084800000| Untracked 
|  73|0x0000000084900000, 0x0000000084900000, 0x0000000084a00000|  0%| F|  |TAMS 0x0000000084900000, 0x0000000084900000| Untracked 
|  74|0x0000000084a00000, 0x0000000084a00000, 0x0000000084b00000|  0%| F|  |TAMS 0x0000000084a00000, 0x0000000084a00000| Untracked 
|  75|0x0000000084b00000, 0x0000000084b00000, 0x0000000084c00000|  0%| F|  |TAMS 0x0000000084b00000, 0x0000000084b00000| Untracked 
|  76|0x0000000084c00000, 0x0000000084c00000, 0x0000000084d00000|  0%| F|  |TAMS 0x0000000084c00000, 0x0000000084c00000| Untracked 
|  77|0x0000000084d00000, 0x0000000084d00000, 0x0000000084e00000|  0%| F|  |TAMS 0x0000000084d00000, 0x0000000084d00000| Untracked 
|  78|0x0000000084e00000, 0x0000000084e00000, 0x0000000084f00000|  0%| F|  |TAMS 0x0000000084e00000, 0x0000000084e00000| Untracked 
|  79|0x0000000084f00000, 0x0000000084f00000, 0x0000000085000000|  0%| F|  |TAMS 0x0000000084f00000, 0x0000000084f00000| Untracked 
|  80|0x0000000085000000, 0x0000000085000000, 0x0000000085100000|  0%| F|  |TAMS 0x0000000085000000, 0x0000000085000000| Untracked 
|  81|0x0000000085100000, 0x0000000085100000, 0x0000000085200000|  0%| F|  |TAMS 0x0000000085100000, 0x0000000085100000| Untracked 
|  82|0x0000000085200000, 0x0000000085200000, 0x0000000085300000|  0%| F|  |TAMS 0x0000000085200000, 0x0000000085200000| Untracked 
|  83|0x0000000085300000, 0x0000000085300000, 0x0000000085400000|  0%| F|  |TAMS 0x0000000085300000, 0x0000000085300000| Untracked 
|  84|0x0000000085400000, 0x0000000085400000, 0x0000000085500000|  0%| F|  |TAMS 0x0000000085400000, 0x0000000085400000| Untracked 
|  85|0x0000000085500000, 0x0000000085500000, 0x0000000085600000|  0%| F|  |TAMS 0x0000000085500000, 0x0000000085500000| Untracked 
|  86|0x0000000085600000, 0x0000000085600000, 0x0000000085700000|  0%| F|  |TAMS 0x0000000085600000, 0x0000000085600000| Untracked 
|  87|0x0000000085700000, 0x0000000085700000, 0x0000000085800000|  0%| F|  |TAMS 0x0000000085700000, 0x0000000085700000| Untracked 
|  88|0x0000000085800000, 0x0000000085800000, 0x0000000085900000|  0%| F|  |TAMS 0x0000000085800000, 0x0000000085800000| Untracked 
|  89|0x0000000085900000, 0x0000000085900000, 0x0000000085a00000|  0%| F|  |TAMS 0x0000000085900000, 0x0000000085900000| Untracked 
|  90|0x0000000085a00000, 0x0000000085a00000, 0x0000000085b00000|  0%| F|  |TAMS 0x0000000085a00000, 0x0000000085a00000| Untracked 
|  91|0x0000000085b00000, 0x0000000085b00000, 0x0000000085c00000|  0%| F|  |TAMS 0x0000000085b00000, 0x0000000085b00000| Untracked 
|  92|0x0000000085c00000, 0x0000000085c00000, 0x0000000085d00000|  0%| F|  |TAMS 0x0000000085c00000, 0x0000000085c00000| Untracked 

Card table byte_map: [0x00000254f7b10000,0x00000254f7f10000] _byte_map_base: 0x00000254f7710000

Marking Bits (Prev, Next): (CMBitMap*) 0x00000254f3c4ea60, (CMBitMap*) 0x00000254f3c4ea28
 Prev Bits: [0x00000254fa310000, 0x00000254fc310000)
 Next Bits: [0x00000254f8310000, 0x00000254fa310000)

Polling page: 0x00000254f33f0000

Metaspace:

Usage:
  Non-class:     43.47 MB capacity,    42.67 MB ( 98%) used,   685.44 KB (  2%) free+waste,   130.25 KB ( <1%) overhead. 
      Class:      6.71 MB capacity,     6.24 MB ( 93%) used,   424.58 KB (  6%) free+waste,    62.06 KB ( <1%) overhead. 
       Both:     50.18 MB capacity,    48.91 MB ( 97%) used,     1.08 MB (  2%) free+waste,   192.31 KB ( <1%) overhead. 

Virtual space:
  Non-class space:       44.00 MB reserved,      43.50 MB ( 99%) committed 
      Class space:        1.00 GB reserved,       6.75 MB ( <1%) committed 
             Both:        1.04 GB reserved,      50.25 MB (  5%) committed 

Chunk freelists:
   Non-Class:  31.00 KB
       Class:  4.00 KB
        Both:  35.00 KB

MaxMetaspaceSize: 17179869184.00 GB
CompressedClassSpaceSize: 1.00 GB

CodeHeap 'non-profiled nmethods': size=120064Kb used=2770Kb max_used=2770Kb free=117293Kb
 bounds [0x0000025487ac0000, 0x0000025487d80000, 0x000002548f000000]
CodeHeap 'profiled nmethods': size=120000Kb used=10906Kb max_used=10906Kb free=109094Kb
 bounds [0x0000025480590000, 0x0000025481040000, 0x0000025487ac0000]
CodeHeap 'non-nmethods': size=5696Kb used=2218Kb max_used=2282Kb free=3477Kb
 bounds [0x0000025480000000, 0x0000025480270000, 0x0000025480590000]
 total_blobs=6187 nmethods=5398 adapters=700
 compilation: enabled
              stopped_count=0, restarted_count=0
 full_count=0

Compilation events (20 events):
Event: 12.255 Thread 0x00000254fe827800 5428       3       org.gradle.internal.instantiation.generator.AbstractClassGenerator$ClassGenerationHandler::startType (1 bytes)
Event: 12.256 Thread 0x00000254fe827800 nmethod 5428 0x0000025481022f90 code [0x0000025481023140, 0x0000025481023238]
Event: 12.272 Thread 0x00000254fe827800 5434       3       java.lang.reflect.ProxyGenerator::codeClassForName (41 bytes)
Event: 12.273 Thread 0x00000254fe823000 nmethod 5360 0x0000025487d6f690 code [0x0000025487d6f9e0, 0x0000025487d72938]
Event: 12.273 Thread 0x00000254fe823000 5433       4       java.lang.PublicMethods$MethodList::merge (192 bytes)
Event: 12.274 Thread 0x00000254fe827800 nmethod 5434 0x0000025481023310 code [0x0000025481023680, 0x0000025481024a58]
Event: 12.274 Thread 0x00000254fe827800 5435       3       java.lang.reflect.ProxyGenerator$MethodInfo::write (283 bytes)
Event: 12.280 Thread 0x00000254fe827800 nmethod 5435 0x0000025481025310 code [0x00000254810259e0, 0x0000025481029d88]
Event: 12.282 Thread 0x00000254fe827800 5436       1       java.util.zip.ZipEntry::getName (5 bytes)
Event: 12.282 Thread 0x00000254fe827800 nmethod 5436 0x0000025487d73d10 code [0x0000025487d73ec0, 0x0000025487d73f78]
Event: 12.283 Thread 0x00000254fe827800 5437       3       java.nio.HeapByteBuffer::getInt (25 bytes)
Event: 12.284 Thread 0x00000254fe827800 nmethod 5437 0x000002548102b290 code [0x000002548102b480, 0x000002548102b948]
Event: 12.287 Thread 0x00000254fe827800 5440       3       org.objectweb.asm.SymbolTable::addConstantUtf8 (98 bytes)
Event: 12.288 Thread 0x00000254fe827800 nmethod 5440 0x000002548102bb10 code [0x000002548102bd60, 0x000002548102c3d8]
Event: 12.290 Thread 0x00000254fe827800 5441       3       org.objectweb.asm.Frame::execute (2318 bytes)
Event: 12.292 Thread 0x00000254fe823000 nmethod 5433 0x0000025487d74010 code [0x0000025487d741c0, 0x0000025487d74738]
Event: 12.292 Thread 0x00000254fe823000 5438       4       java.util.HashMap::put (13 bytes)
Event: 12.299 Thread 0x00000254fe827800 nmethod 5441 0x000002548102c790 code [0x000002548102d500, 0x0000025481033c38]
Event: 12.303 Thread 0x00000254fe827800 5442       3       org.gradle.internal.classloader.FilteringClassLoader::classAllowed (80 bytes)
Event: 12.305 Thread 0x00000254fe827800 nmethod 5442 0x0000025481035910 code [0x0000025481035b80, 0x00000254810364b8]

GC Heap History (20 events):
Event: 4.094 GC heap after
{Heap after GC invocations=6 (full 0):
 garbage-first heap   total 78848K, used 17377K [0x0000000080000000, 0x0000000100000000)
  region size 1024K, 1 young (1024K), 1 survivors (1024K)
 Metaspace       used 20719K, capacity 21083K, committed 21248K, reserved 1067008K
  class space    used 2540K, capacity 2693K, committed 2816K, reserved 1048576K
}
Event: 4.653 GC heap before
{Heap before GC invocations=7 (full 0):
 garbage-first heap   total 78848K, used 48097K [0x0000000080000000, 0x0000000100000000)
  region size 1024K, 31 young (31744K), 1 survivors (1024K)
 Metaspace       used 23826K, capacity 24338K, committed 24576K, reserved 1071104K
  class space    used 3032K, capacity 3229K, committed 3328K, reserved 1048576K
}
Event: 4.661 GC heap after
{Heap after GC invocations=8 (full 0):
 garbage-first heap   total 78848K, used 18405K [0x0000000080000000, 0x0000000100000000)
  region size 1024K, 2 young (2048K), 2 survivors (2048K)
 Metaspace       used 23826K, capacity 24338K, committed 24576K, reserved 1071104K
  class space    used 3032K, capacity 3229K, committed 3328K, reserved 1048576K
}
Event: 5.372 GC heap before
{Heap before GC invocations=9 (full 0):
 garbage-first heap   total 78848K, used 50149K [0x0000000080000000, 0x0000000100000000)
  region size 1024K, 34 young (34816K), 2 survivors (2048K)
 Metaspace       used 26704K, capacity 27246K, committed 27392K, reserved 1073152K
  class space    used 3515K, capacity 3735K, committed 3840K, reserved 1048576K
}
Event: 5.383 GC heap after
{Heap after GC invocations=10 (full 0):
 garbage-first heap   total 78848K, used 19583K [0x0000000080000000, 0x0000000100000000)
  region size 1024K, 3 young (3072K), 3 survivors (3072K)
 Metaspace       used 26704K, capacity 27246K, committed 27392K, reserved 1073152K
  class space    used 3515K, capacity 3735K, committed 3840K, reserved 1048576K
}
Event: 6.032 GC heap before
{Heap before GC invocations=10 (full 0):
 garbage-first heap   total 78848K, used 53375K [0x0000000080000000, 0x0000000100000000)
  region size 1024K, 36 young (36864K), 3 survivors (3072K)
 Metaspace       used 30249K, capacity 30863K, committed 30976K, reserved 1075200K
  class space    used 4053K, capacity 4304K, committed 4352K, reserved 1048576K
}
Event: 6.043 GC heap after
{Heap after GC invocations=11 (full 0):
 garbage-first heap   total 78848K, used 20662K [0x0000000080000000, 0x0000000100000000)
  region size 1024K, 4 young (4096K), 4 survivors (4096K)
 Metaspace       used 30249K, capacity 30863K, committed 30976K, reserved 1075200K
  class space    used 4053K, capacity 4304K, committed 4352K, reserved 1048576K
}
Event: 7.177 GC heap before
{Heap before GC invocations=11 (full 0):
 garbage-first heap   total 78848K, used 54454K [0x0000000080000000, 0x0000000100000000)
  region size 1024K, 37 young (37888K), 4 survivors (4096K)
 Metaspace       used 36464K, capacity 37329K, committed 37632K, reserved 1081344K
  class space    used 4690K, capacity 5011K, committed 5120K, reserved 1048576K
}
Event: 7.201 GC heap after
{Heap after GC invocations=12 (full 0):
 garbage-first heap   total 95232K, used 25047K [0x0000000080000000, 0x0000000100000000)
  region size 1024K, 5 young (5120K), 5 survivors (5120K)
 Metaspace       used 36464K, capacity 37329K, committed 37632K, reserved 1081344K
  class space    used 4690K, capacity 5011K, committed 5120K, reserved 1048576K
}
Event: 8.102 GC heap before
{Heap before GC invocations=12 (full 0):
 garbage-first heap   total 95232K, used 63959K [0x0000000080000000, 0x0000000100000000)
  region size 1024K, 41 young (41984K), 5 survivors (5120K)
 Metaspace       used 39120K, capacity 40047K, committed 40192K, reserved 1083392K
  class space    used 4995K, capacity 5318K, committed 5376K, reserved 1048576K
}
Event: 8.122 GC heap after
{Heap after GC invocations=13 (full 0):
 garbage-first heap   total 95232K, used 27720K [0x0000000080000000, 0x0000000100000000)
  region size 1024K, 3 young (3072K), 3 survivors (3072K)
 Metaspace       used 39120K, capacity 40047K, committed 40192K, reserved 1083392K
  class space    used 4995K, capacity 5318K, committed 5376K, reserved 1048576K
}
Event: 8.495 GC heap before
{Heap before GC invocations=13 (full 0):
 garbage-first heap   total 95232K, used 36936K [0x0000000080000000, 0x0000000100000000)
  region size 1024K, 13 young (13312K), 3 survivors (3072K)
 Metaspace       used 39916K, capacity 40857K, committed 40960K, reserved 1085440K
  class space    used 5087K, capacity 5436K, committed 5504K, reserved 1048576K
}
Event: 8.505 GC heap after
{Heap after GC invocations=14 (full 0):
 garbage-first heap   total 95232K, used 28740K [0x0000000080000000, 0x0000000100000000)
  region size 1024K, 2 young (2048K), 2 survivors (2048K)
 Metaspace       used 39916K, capacity 40857K, committed 40960K, reserved 1085440K
  class space    used 5087K, capacity 5436K, committed 5504K, reserved 1048576K
}
Event: 9.357 GC heap before
{Heap before GC invocations=15 (full 0):
 garbage-first heap   total 95232K, used 62532K [0x0000000080000000, 0x0000000100000000)
  region size 1024K, 35 young (35840K), 2 survivors (2048K)
 Metaspace       used 43448K, capacity 44419K, committed 44672K, reserved 1087488K
  class space    used 5525K, capacity 5909K, committed 6016K, reserved 1048576K
}
Event: 9.365 GC heap after
{Heap after GC invocations=16 (full 0):
 garbage-first heap   total 95232K, used 29556K [0x0000000080000000, 0x0000000100000000)
  region size 1024K, 2 young (2048K), 2 survivors (2048K)
 Metaspace       used 43448K, capacity 44419K, committed 44672K, reserved 1087488K
  class space    used 5525K, capacity 5909K, committed 6016K, reserved 1048576K
}
Event: 9.980 GC heap before
{Heap before GC invocations=16 (full 0):
 garbage-first heap   total 95232K, used 65396K [0x0000000080000000, 0x0000000100000000)
  region size 1024K, 37 young (37888K), 2 survivors (2048K)
 Metaspace       used 45978K, capacity 47051K, committed 47360K, reserved 1089536K
  class space    used 5903K, capacity 6298K, committed 6400K, reserved 1048576K
}
Event: 9.987 GC heap after
{Heap after GC invocations=17 (full 0):
 garbage-first heap   total 95232K, used 30723K [0x0000000080000000, 0x0000000100000000)
  region size 1024K, 4 young (4096K), 4 survivors (4096K)
 Metaspace       used 45978K, capacity 47051K, committed 47360K, reserved 1089536K
  class space    used 5903K, capacity 6298K, committed 6400K, reserved 1048576K
}
Event: 11.163 GC heap before
{Heap before GC invocations=17 (full 0):
 garbage-first heap   total 95232K, used 66563K [0x0000000080000000, 0x0000000100000000)
  region size 1024K, 39 young (39936K), 4 survivors (4096K)
 Metaspace       used 47679K, capacity 48810K, committed 49152K, reserved 1091584K
  class space    used 6081K, capacity 6540K, committed 6656K, reserved 1048576K
}
Event: 11.182 GC heap after
{Heap after GC invocations=18 (full 0):
 garbage-first heap   total 95232K, used 33619K [0x0000000080000000, 0x0000000100000000)
  region size 1024K, 5 young (5120K), 5 survivors (5120K)
 Metaspace       used 47679K, capacity 48810K, committed 49152K, reserved 1091584K
  class space    used 6081K, capacity 6540K, committed 6656K, reserved 1048576K
}
Event: 12.311 GC heap before
{Heap before GC invocations=18 (full 0):
 garbage-first heap   total 95232K, used 73555K [0x0000000080000000, 0x0000000100000000)
  region size 1024K, 40 young (40960K), 5 survivors (5120K)
 Metaspace       used 50086K, capacity 51389K, committed 51456K, reserved 1093632K
  class space    used 6389K, capacity 6876K, committed 6912K, reserved 1048576K
}

Deoptimization events (20 events):
Event: 11.932 Thread 0x0000025490615800 Uncommon trap: trap_request=0xffffff4d fr.pc=0x0000025487b127a8 relative=0x0000000000000548
Event: 11.932 Thread 0x0000025490615800 Uncommon trap: reason=unstable_if action=reinterpret pc=0x0000025487b127a8 method=java.util.jar.Manifest$FastInputStream.readLine([BII)I @ 130 c2
Event: 11.932 Thread 0x0000025490615800 DEOPT PACKING pc=0x0000025487b127a8 sp=0x00000065790f7b90
Event: 11.933 Thread 0x0000025490615800 DEOPT UNPACKING pc=0x00000254800265af sp=0x00000065790f7b20 mode 2
Event: 12.224 Thread 0x0000025490615800 Uncommon trap: trap_request=0xffffff4d fr.pc=0x0000025487c41b44 relative=0x00000000000008c4
Event: 12.224 Thread 0x0000025490615800 Uncommon trap: reason=unstable_if action=reinterpret pc=0x0000025487c41b44 method=java.io.BufferedInputStream.read([BII)I @ 56 c2
Event: 12.224 Thread 0x0000025490615800 DEOPT PACKING pc=0x0000025487c41b44 sp=0x00000065790f7010
Event: 12.224 Thread 0x0000025490615800 DEOPT UNPACKING pc=0x00000254800265af sp=0x00000065790f6fc8 mode 2
Event: 12.229 Thread 0x0000025490615800 Uncommon trap: trap_request=0xffffff4d fr.pc=0x0000025487b466f4 relative=0x0000000000000054
Event: 12.229 Thread 0x0000025490615800 Uncommon trap: reason=unstable_if action=reinterpret pc=0x0000025487b466f4 method=java.util.regex.Pattern.has(I)Z @ 6 c2
Event: 12.229 Thread 0x0000025490615800 DEOPT PACKING pc=0x0000025487b466f4 sp=0x00000065790f6000
Event: 12.229 Thread 0x0000025490615800 DEOPT UNPACKING pc=0x00000254800265af sp=0x00000065790f5f90 mode 2
Event: 12.287 Thread 0x0000025490615800 Uncommon trap: trap_request=0xffffff45 fr.pc=0x0000025487caaf30 relative=0x0000000000000d10
Event: 12.287 Thread 0x0000025490615800 Uncommon trap: reason=unstable_fused_if action=reinterpret pc=0x0000025487caaf30 method=org.objectweb.asm.ByteVector.putUTF8(Ljava/lang/String;)Lorg/objectweb/asm/ByteVector; @ 93 c2
Event: 12.287 Thread 0x0000025490615800 DEOPT PACKING pc=0x0000025487caaf30 sp=0x00000065790f7ab0
Event: 12.287 Thread 0x0000025490615800 DEOPT UNPACKING pc=0x00000254800265af sp=0x00000065790f7a08 mode 2
Event: 12.289 Thread 0x0000025490615800 Uncommon trap: trap_request=0xffffff4d fr.pc=0x0000025487ce4b28 relative=0x0000000000005ae8
Event: 12.289 Thread 0x0000025490615800 Uncommon trap: reason=unstable_if action=reinterpret pc=0x0000025487ce4b28 method=org.objectweb.asm.Frame.execute(IILorg/objectweb/asm/Symbol;Lorg/objectweb/asm/SymbolTable;)V @ 1 c2
Event: 12.289 Thread 0x0000025490615800 DEOPT PACKING pc=0x0000025487ce4b28 sp=0x00000065790f7ca0
Event: 12.289 Thread 0x0000025490615800 DEOPT UNPACKING pc=0x00000254800265af sp=0x00000065790f7c48 mode 2

Classes redefined (0 events):
No events

Internal exceptions (20 events):
Event: 11.818 Thread 0x0000025490615800 Exception <a 'java/lang/ClassNotFoundException'{0x0000000084a996c8}: org/gradle/api/DefaultTaskCustomizer> (0x0000000084a996c8) thrown at [./src/hotspot/share/classfile/systemDictionary.cpp, line 231]
Event: 11.826 Thread 0x0000025490615800 Exception <a 'java/lang/ClassNotFoundException'{0x000000008491b418}: org/gradle/api/internal/ConventionTaskCustomizer> (0x000000008491b418) thrown at [./src/hotspot/share/classfile/systemDictionary.cpp, line 231]
Event: 11.829 Thread 0x0000025490615800 Exception <a 'java/lang/ClassNotFoundException'{0x0000000084953490}: org/gradle/api/tasks/DeleteCustomizer> (0x0000000084953490) thrown at [./src/hotspot/share/classfile/systemDictionary.cpp, line 231]
Event: 11.833 Thread 0x0000025490615800 Exception <a 'java/lang/ClassNotFoundException'{0x0000000084992ac0}: org/gradle/api/tasks/Delete_DecoratedCustomizer> (0x0000000084992ac0) thrown at [./src/hotspot/share/classfile/systemDictionary.cpp, line 231]
Event: 11.869 Thread 0x0000025490615800 Exception <a 'java/lang/NoSuchMethodError'{0x00000000848a6d58}: 'long java.lang.invoke.DirectMethodHandle$Holder.invokeVirtual(java.lang.Object, java.lang.Object)'> (0x00000000848a6d58) thrown at [./src/hotspot/share/interpreter/linkResolver.cpp, line 773]
Event: 11.875 Thread 0x0000025490225000 Exception <a 'java/lang/NoSuchMethodError'{0x0000000084708498}: <clinit>> (0x0000000084708498) thrown at [./src/hotspot/share/prims/jni.cpp, line 1362]
Event: 11.883 Thread 0x0000025490225000 Exception <a 'java/lang/NoSuchMethodError'{0x00000000847319e8}: <clinit>> (0x00000000847319e8) thrown at [./src/hotspot/share/prims/jni.cpp, line 1362]
Event: 11.884 Thread 0x0000025490225000 Exception <a 'java/lang/NoSuchMethodError'{0x0000000084732d40}: <clinit>> (0x0000000084732d40) thrown at [./src/hotspot/share/prims/jni.cpp, line 1362]
Event: 11.884 Thread 0x0000025490225000 Exception <a 'java/lang/NoSuchMethodError'{0x0000000084734298}: <clinit>> (0x0000000084734298) thrown at [./src/hotspot/share/prims/jni.cpp, line 1362]
Event: 11.884 Thread 0x0000025490225000 Exception <a 'java/lang/NoSuchMethodError'{0x0000000084735528}: <clinit>> (0x0000000084735528) thrown at [./src/hotspot/share/prims/jni.cpp, line 1362]
Event: 11.888 Thread 0x0000025490225000 Exception <a 'java/lang/NoSuchMethodError'{0x0000000084749e68}: <clinit>> (0x0000000084749e68) thrown at [./src/hotspot/share/prims/jni.cpp, line 1362]
Event: 11.892 Thread 0x0000025490225000 Exception <a 'java/lang/NoSuchMethodError'{0x000000008475f468}: <clinit>> (0x000000008475f468) thrown at [./src/hotspot/share/prims/jni.cpp, line 1362]
Event: 11.899 Thread 0x0000025490225000 Exception <a 'java/lang/NoSuchMethodError'{0x0000000084609f68}: <clinit>> (0x0000000084609f68) thrown at [./src/hotspot/share/prims/jni.cpp, line 1362]
Event: 11.919 Thread 0x0000025490615800 Exception <a 'java/lang/ClassNotFoundException'{0x00000000847e4080}: build_4m5lvcro2kvny6ltso3gv7iwiBeanInfo> (0x00000000847e4080) thrown at [./src/hotspot/share/classfile/systemDictionary.cpp, line 231]
Event: 11.920 Thread 0x0000025490615800 Exception <a 'java/lang/ClassNotFoundException'{0x00000000847ef038}: build_4m5lvcro2kvny6ltso3gv7iwiCustomizer> (0x00000000847ef038) thrown at [./src/hotspot/share/classfile/systemDictionary.cpp, line 231]
Event: 11.965 Thread 0x0000025490615800 Exception <a 'java/lang/ClassNotFoundException'{0x000000008458d080}: org/gradle/api/internal/plugins/DefaultObjectConfigurationActionBeanInfo> (0x000000008458d080) thrown at [./src/hotspot/share/classfile/systemDictionary.cpp, line 231]
Event: 11.966 Thread 0x0000025490615800 Exception <a 'java/lang/ClassNotFoundException'{0x00000000845c2170}: org/gradle/api/internal/plugins/DefaultObjectConfigurationActionCustomizer> (0x00000000845c2170) thrown at [./src/hotspot/share/classfile/systemDictionary.cpp, line 231]
Event: 12.258 Thread 0x0000025490615800 Exception <a 'java/lang/NoSuchMethodError'{0x0000000083a11760}: 'java.lang.Object java.lang.invoke.DirectMethodHandle$Holder.invokeStatic(java.lang.Object, java.lang.Object, java.lang.Object, java.lang.Object, int)'> (0x0000000083a11760) thrown at [./src/hotspot/share/interpreter/linkResolver.cpp, line 773]
Event: 12.259 Thread 0x0000025490615800 Exception <a 'java/lang/NoSuchMethodError'{0x0000000083a16158}: 'java.lang.Object java.lang.invoke.DirectMethodHandle$Holder.invokeSpecial(java.lang.Object, java.lang.Object, java.lang.Object, java.lang.Object, java.lang.Object, int)'> (0x0000000083a16158) thrown at [./src/hotspot/share/interpreter/linkResolver.cpp, line 773]
Event: 12.259 Thread 0x0000025490615800 Exception <a 'java/lang/NoSuchMethodError'{0x0000000083a1a798}: 'java.lang.Object java.lang.invoke.Invokers$Holder.linkToTargetMethod(java.lang.Object, java.lang.Object, java.lang.Object, int, java.lang.Object)'> (0x0000000083a1a798) thrown at [./src/hotspot/share/interpreter/linkResolver.cpp, line 773]

Events (20 events):
Event: 12.305 loading class org/gradle/internal/service/ServiceLookup done
Event: 12.305 loading class org/gradle/internal/instantiation/generator/ManagedObjectFactory
Event: 12.305 loading class org/gradle/internal/instantiation/generator/ManagedObjectFactory done
Event: 12.306 loading class jdk/internal/reflect/UnsafeStaticIntegerFieldAccessorImpl
Event: 12.306 loading class jdk/internal/reflect/UnsafeStaticIntegerFieldAccessorImpl done
Event: 12.307 loading class org/gradle/internal/instantiation/generator/AsmBackedClassGenerator
Event: 12.307 loading class org/gradle/internal/instantiation/generator/AsmBackedClassGenerator done
Event: 12.307 loading class com/android/build/gradle/options/TestRunnerArguments
Event: 12.307 loading class com/android/build/gradle/options/TestRunnerArguments done
Event: 12.308 loading class com/android/build/gradle/options/TestRunnerArguments$Companion
Event: 12.308 loading class com/android/build/gradle/options/TestRunnerArguments$Companion done
Event: 12.309 loading class org/gradle/api/plugins/ExtraPropertiesExtension
Event: 12.309 loading class org/gradle/api/plugins/ExtraPropertiesExtension done
Event: 12.309 loading class kotlin/text/StringsKt
Event: 12.309 loading class kotlin/text/StringsKt done
Event: 12.309 loading class kotlin/text/StringsKt
Event: 12.309 loading class kotlin/text/StringsKt done
Event: 12.309 loading class kotlin/text/StringsKt___StringsKt
Event: 12.309 loading class kotlin/text/StringsKt___StringsKt done
Event: 12.310 Executing VM operation: G1CollectForAllocation


Dynamic libraries:
0x00007ff708a80000 - 0x00007ff708a8a000 	C:\Program Files\Android\Android Studio\jre\bin\java.exe
0x00007ffd5e470000 - 0x00007ffd5e665000 	C:\Windows\SYSTEM32\ntdll.dll
0x00007ffd5d530000 - 0x00007ffd5d5ee000 	C:\Windows\System32\KERNEL32.DLL
0x00007ffd5bd50000 - 0x00007ffd5c018000 	C:\Windows\System32\KERNELBASE.dll
0x00007ffd5c1c0000 - 0x00007ffd5c2c0000 	C:\Windows\System32\ucrtbase.dll
0x00007ffd51b10000 - 0x00007ffd51b29000 	C:\Program Files\Android\Android Studio\jre\bin\jli.dll
0x00007ffd4c5f0000 - 0x00007ffd4c607000 	C:\Program Files\Android\Android Studio\jre\bin\VCRUNTIME140.dll
0x00007ffd5d380000 - 0x00007ffd5d521000 	C:\Windows\System32\USER32.dll
0x00007ffd4f490000 - 0x00007ffd4f72a000 	C:\Windows\WinSxS\amd64_microsoft.windows.common-controls_6595b64144ccf1df_6.0.19041.1110_none_60b5254171f9507e\COMCTL32.dll
0x00007ffd5c420000 - 0x00007ffd5c442000 	C:\Windows\System32\win32u.dll
0x00007ffd5c5d0000 - 0x00007ffd5c66e000 	C:\Windows\System32\msvcrt.dll
0x00007ffd5cba0000 - 0x00007ffd5cbcb000 	C:\Windows\System32\GDI32.dll
0x00007ffd5c020000 - 0x00007ffd5c12d000 	C:\Windows\System32\gdi32full.dll
0x00007ffd5bbd0000 - 0x00007ffd5bc6d000 	C:\Windows\System32\msvcp_win.dll
0x00007ffd5c910000 - 0x00007ffd5c940000 	C:\Windows\System32\IMM32.DLL
0x00007ffd28690000 - 0x00007ffd2872d000 	C:\Program Files\Android\Android Studio\jre\bin\msvcp140.dll
0x00007ffd2d310000 - 0x00007ffd2dde5000 	C:\Program Files\Android\Android Studio\jre\bin\server\jvm.dll
0x00007ffd5c670000 - 0x00007ffd5c71c000 	C:\Windows\System32\ADVAPI32.dll
0x00007ffd5c530000 - 0x00007ffd5c5cb000 	C:\Windows\System32\sechost.dll
0x00007ffd5ca70000 - 0x00007ffd5cb9a000 	C:\Windows\System32\RPCRT4.dll
0x00007ffd5d7a0000 - 0x00007ffd5d7a8000 	C:\Windows\System32\PSAPI.DLL
0x00007ffd57240000 - 0x00007ffd57249000 	C:\Windows\SYSTEM32\WSOCK32.dll
0x00007ffd4df70000 - 0x00007ffd4df97000 	C:\Windows\SYSTEM32\WINMM.dll
0x00007ffd5c780000 - 0x00007ffd5c7eb000 	C:\Windows\System32\WS2_32.dll
0x00007ffd50db0000 - 0x00007ffd50dba000 	C:\Windows\SYSTEM32\VERSION.dll
0x00007ffd59b10000 - 0x00007ffd59b22000 	C:\Windows\SYSTEM32\kernel.appcore.dll
0x00007ffd56d70000 - 0x00007ffd56d81000 	C:\Program Files\Android\Android Studio\jre\bin\verify.dll
0x00007ffd47220000 - 0x00007ffd47404000 	C:\Windows\SYSTEM32\DBGHELP.DLL
0x00007ffd47180000 - 0x00007ffd471ac000 	C:\Windows\SYSTEM32\dbgcore.DLL
0x00007ffd5c130000 - 0x00007ffd5c1b2000 	C:\Windows\System32\bcryptPrimitives.dll
0x00007ffd56990000 - 0x00007ffd569b9000 	C:\Program Files\Android\Android Studio\jre\bin\java.dll
0x00007ffd57230000 - 0x00007ffd5723b000 	C:\Program Files\Android\Android Studio\jre\bin\jimage.dll
0x00007ffd56970000 - 0x00007ffd56988000 	C:\Program Files\Android\Android Studio\jre\bin\zip.dll
0x00007ffd5d7b0000 - 0x00007ffd5def4000 	C:\Windows\System32\SHELL32.dll
0x00007ffd59e20000 - 0x00007ffd5a5b4000 	C:\Windows\SYSTEM32\windows.storage.dll
0x00007ffd5cdf0000 - 0x00007ffd5d145000 	C:\Windows\System32\combase.dll
0x00007ffd5b500000 - 0x00007ffd5b52e000 	C:\Windows\SYSTEM32\Wldp.dll
0x00007ffd5c7f0000 - 0x00007ffd5c89d000 	C:\Windows\System32\SHCORE.dll
0x00007ffd5cca0000 - 0x00007ffd5ccf5000 	C:\Windows\System32\shlwapi.dll
0x00007ffd5bac0000 - 0x00007ffd5badf000 	C:\Windows\SYSTEM32\profapi.dll
0x00007ffd558e0000 - 0x00007ffd558fa000 	C:\Program Files\Android\Android Studio\jre\bin\net.dll
0x00007ffd536d0000 - 0x00007ffd537dc000 	C:\Windows\SYSTEM32\WINHTTP.dll
0x00007ffd5b260000 - 0x00007ffd5b2ca000 	C:\Windows\system32\mswsock.dll
0x00007ffd54c30000 - 0x00007ffd54c44000 	C:\Program Files\Android\Android Studio\jre\bin\nio.dll
0x00007ffd51e90000 - 0x00007ffd51eb7000 	C:\Users\Admin\.gradle\native\e1d6ef7f7dcc3fd88c89a11ec53ec762bb8ba0a96d01ffa2cd45eb1d1d8dd5c5\windows-amd64\native-platform.dll
0x00007ffd28540000 - 0x00007ffd28684000 	C:\Users\Admin\.gradle\native\5664cfc778a61ccfe75a443a1ab52a65af34e5dc3c78e0209fed803814484fcb\windows-amd64\native-platform-file-events.dll
0x00007ffd56870000 - 0x00007ffd5687a000 	C:\Program Files\Android\Android Studio\jre\bin\management.dll
0x00007ffd56760000 - 0x00007ffd5676d000 	C:\Program Files\Android\Android Studio\jre\bin\management_ext.dll
0x00007ffd5b460000 - 0x00007ffd5b478000 	C:\Windows\SYSTEM32\CRYPTSP.dll
0x00007ffd5ad90000 - 0x00007ffd5adc4000 	C:\Windows\system32\rsaenh.dll
0x00007ffd5bd20000 - 0x00007ffd5bd47000 	C:\Windows\System32\bcrypt.dll
0x00007ffd5ba40000 - 0x00007ffd5ba6e000 	C:\Windows\SYSTEM32\USERENV.dll
0x00007ffd5b450000 - 0x00007ffd5b45c000 	C:\Windows\SYSTEM32\CRYPTBASE.dll
0x00007ffd5af50000 - 0x00007ffd5af8b000 	C:\Windows\SYSTEM32\IPHLPAPI.DLL
0x00007ffd5cd00000 - 0x00007ffd5cd08000 	C:\Windows\System32\NSI.dll
0x00007ffd54230000 - 0x00007ffd54247000 	C:\Windows\SYSTEM32\dhcpcsvc6.DLL
0x00007ffd54210000 - 0x00007ffd5422d000 	C:\Windows\SYSTEM32\dhcpcsvc.DLL
0x00007ffd5af90000 - 0x00007ffd5b05b000 	C:\Windows\SYSTEM32\DNSAPI.dll

dbghelp: loaded successfully - version: 4.0.5 - missing functions: none
symbol engine: initialized successfully - sym options: 0x614 - pdb path: .;C:\Program Files\Android\Android Studio\jre\bin;C:\Windows\SYSTEM32;C:\Windows\WinSxS\amd64_microsoft.windows.common-controls_6595b64144ccf1df_6.0.19041.1110_none_60b5254171f9507e;C:\Program Files\Android\Android Studio\jre\bin\server;C:\Users\Admin\.gradle\native\e1d6ef7f7dcc3fd88c89a11ec53ec762bb8ba0a96d01ffa2cd45eb1d1d8dd5c5\windows-amd64;C:\Users\Admin\.gradle\native\5664cfc778a61ccfe75a443a1ab52a65af34e5dc3c78e0209fed803814484fcb\windows-amd64

VM Arguments:
jvm_args: --add-opens=java.base/java.util=ALL-UNNAMED --add-opens=java.base/java.lang=ALL-UNNAMED --add-opens=java.base/java.lang.invoke=ALL-UNNAMED --add-opens=java.base/java.util=ALL-UNNAMED --add-opens=java.prefs/java.util.prefs=ALL-UNNAMED --add-opens=java.prefs/java.util.prefs=ALL-UNNAMED --add-opens=java.base/java.nio.charset=ALL-UNNAMED --add-opens=java.base/java.net=ALL-UNNAMED --add-opens=java.base/java.util.concurrent.atomic=ALL-UNNAMED -Xmx2048m -Dfile.encoding=UTF-8 -Duser.country=US -Duser.language=en -Duser.variant 
java_command: org.gradle.launcher.daemon.bootstrap.GradleDaemon 7.2
java_class_path (initial): C:\Users\Admin\.gradle\wrapper\dists\gradle-7.2-bin\2dnblmf4td7x66yl1d74lt32g\gradle-7.2\lib\gradle-launcher-7.2.jar
Launcher Type: SUN_STANDARD

[Global flags]
     intx CICompilerCount                          = 3                                         {product} {ergonomic}
     uint ConcGCThreads                            = 1                                         {product} {ergonomic}
     uint G1ConcRefinementThreads                  = 4                                         {product} {ergonomic}
   size_t G1HeapRegionSize                         = 1048576                                   {product} {ergonomic}
    uintx GCDrainStackTargetSize                   = 64                                        {product} {ergonomic}
   size_t InitialHeapSize                          = 67108864                                  {product} {ergonomic}
   size_t MarkStackSize                            = 4194304                                   {product} {ergonomic}
   size_t MaxHeapSize                              = 2147483648                                {product} {command line}
   size_t MaxNewSize                               = 1287651328                                {product} {ergonomic}
   size_t MinHeapDeltaBytes                        = 1048576                                   {product} {ergonomic}
    uintx NonNMethodCodeHeapSize                   = 5830732                                {pd product} {ergonomic}
    uintx NonProfiledCodeHeapSize                  = 122913754                              {pd product} {ergonomic}
    uintx ProfiledCodeHeapSize                     = 122913754                              {pd product} {ergonomic}
    uintx ReservedCodeCacheSize                    = 251658240                              {pd product} {ergonomic}
     bool SegmentedCodeCache                       = true                                      {product} {ergonomic}
     bool UseCompressedClassPointers               = true                                 {lp64_product} {ergonomic}
     bool UseCompressedOops                        = true                                 {lp64_product} {ergonomic}
     bool UseG1GC                                  = true                                      {product} {ergonomic}
     bool UseLargePagesIndividualAllocation        = false                                  {pd product} {ergonomic}

Logging:
Log output configuration:
 #0: stdout all=warning uptime,level,tags
 #1: stderr all=off uptime,level,tags

Environment Variables:
PATH=C:\Program Files (x86)\Common Files\Oracle\Java\javapath;C:\Program Files (x86)\VMware\VMware Player\bin\;C:\Windows\system32;C:\Windows;C:\Windows\System32\Wbem;C:\Windows\System32\WindowsPowerShell\v1.0\;C:\Windows\System32\OpenSSH\;C:\Program Files\dotnet\;C:\Users\Admin\AppData\Local\Microsoft\WindowsApps;C:\Users\Admin\.dotnet\tools
USERNAME=Admin
OS=Windows_NT
PROCESSOR_IDENTIFIER=Intel64 Family 6 Model 42 Stepping 7, GenuineIntel



---------------  S Y S T E M  ---------------

OS: Windows 10 , 64 bit Build 19041 (10.0.19041.1348)
OS uptime: 0 days 1:43 hours

CPU:total 4 (initial active 4) (2 cores per cpu, 2 threads per core) family 6 model 42 stepping 7 microcode 0x2f, cmov, cx8, fxsr, mmx, sse, sse2, sse3, ssse3, sse4.1, sse4.2, popcnt, avx, clmul, ht, tsc, tscinvbit

Memory: 4k page, system-wide physical 4004M (314M free)
TotalPageFile size 4004M (AvailPageFile size 15M)
current process WorkingSet (physical memory assigned to process): 248M, peak: 266M
current process commit charge ("private bytes"): 295M, peak: 316M

vm_info: OpenJDK 64-Bit Server VM (11.0.11+9-b60-7590822) for windows-amd64 JRE (11.0.11+9-b60-7590822), built on Jul 29 2021 21:43:44 by "builder" with MS VC++ 14.0 (VS2015)

END.
