#
# There is insufficient memory for the Java Runtime Environment to continue.
# Native memory allocation (mmap) failed to map 24117248 bytes for Failed to commit area from 0x0000000087000000 to 0x0000000088700000 of length 24117248.
# Possible reasons:
#   The system is out of physical RAM or swap space
#   The process is running with CompressedOops enabled, and the Java Heap may be blocking the growth of the native heap
# Possible solutions:
#   Reduce memory load on the system
#   Increase physical memory or swap space
#   Check if swap backing store is full
#   Decrease Java heap size (-Xmx/-Xms)
#   Decrease number of Java threads
#   Decrease Java thread stack sizes (-Xss)
#   Set larger code cache with -XX:ReservedCodeCacheSize=
#   JVM is running with Unscaled Compressed Oops mode in which the Java heap is
#     placed in the first 4GB address space. The Java Heap base address is the
#     maximum limit for the native heap growth. Please use -XX:HeapBaseMinAddress
#     to set the Java Heap base and to place the Java Heap above 4GB virtual address.
# This output file may be truncated or incomplete.
#
#  Out of Memory Error (./src/hotspot/os/windows/os_windows.cpp:3301), pid=2428, tid=4064
#
# JRE version: OpenJDK Runtime Environment (11.0.11+9) (build 11.0.11+9-b60-7590822)
# Java VM: OpenJDK 64-Bit Server VM (11.0.11+9-b60-7590822, mixed mode, tiered, compressed oops, g1 gc, windows-amd64)
# No core dump will be written. Minidumps are not enabled by default on client versions of Windows
#

---------------  S U M M A R Y ------------

Command Line: --add-opens=java.base/java.util=ALL-UNNAMED --add-opens=java.base/java.lang=ALL-UNNAMED --add-opens=java.base/java.lang.invoke=ALL-UNNAMED --add-opens=java.base/java.util=ALL-UNNAMED --add-opens=java.prefs/java.util.prefs=ALL-UNNAMED --add-opens=java.prefs/java.util.prefs=ALL-UNNAMED --add-opens=java.base/java.nio.charset=ALL-UNNAMED --add-opens=java.base/java.net=ALL-UNNAMED --add-opens=java.base/java.util.concurrent.atomic=ALL-UNNAMED -Xmx2048m -Dfile.encoding=UTF-8 -Duser.country=US -Duser.language=en -Duser.variant org.gradle.launcher.daemon.bootstrap.GradleDaemon 7.2

Host: Intel(R) Core(TM) i3-2330M CPU @ 2.20GHz, 4 cores, 3G,  Windows 10 , 64 bit Build 19041 (10.0.19041.1348)
Time: Fri May 13 14:53:40 2022 SE Asia Standard Time elapsed time: 13.658477 seconds (0d 0h 0m 13s)

---------------  T H R E A D  ---------------

Current thread (0x000001c159817000):  VMThread "VM Thread" [stack: 0x0000004170200000,0x0000004170300000] [id=4064]

Stack: [0x0000004170200000,0x0000004170300000]
[error occurred during error reporting (printing stack bounds), id 0xc0000005, EXCEPTION_ACCESS_VIOLATION (0xc0000005) at pc=0x000001c143770f2d]

Native frames: (J=compiled Java code, j=interpreted, Vv=VM code, C=native code)
V  [jvm.dll+0x5f214a]
V  [jvm.dll+0x726fb5]
V  [jvm.dll+0x7285cd]
V  [jvm.dll+0x728be5]
V  [jvm.dll+0x728b9b]
V  [jvm.dll+0x5f14e8]
V  [jvm.dll+0x5f1c78]
C  [ntdll.dll+0xa20cf]
C  [ntdll.dll+0x51454]
C  [ntdll.dll+0xa0bfe]
C  0x000001c143770f2d

VM_Operation (0x00000041714f32d0): G1CollectForAllocation, mode: safepoint, requested by thread 0x000001c15bb6f800


---------------  P R O C E S S  ---------------

Threads class SMR info:
_java_thread_list=0x000001c15e64d960, length=78, elements={
0x000001c13db5c000, 0x000001c15981b800, 0x000001c159829000, 0x000001c15987b000,
0x000001c15987d000, 0x000001c15987f000, 0x000001c159880800, 0x000001c159887000,
0x000001c15988a800, 0x000001c15a2ed800, 0x000001c15b777800, 0x000001c15b79f000,
0x000001c15b58c000, 0x000001c15baf0800, 0x000001c15b8ae800, 0x000001c15bb6f000,
0x000001c15bb6f800, 0x000001c15bc0f000, 0x000001c15b049800, 0x000001c15c236000,
0x000001c15c231000, 0x000001c15c232000, 0x000001c15c232800, 0x000001c15c233800,
0x000001c15c234800, 0x000001c15c235000, 0x000001c15c230800, 0x000001c15c237000,
0x000001c15ce84800, 0x000001c15ce85000, 0x000001c15ce86000, 0x000001c15ce87800,
0x000001c15ce83800, 0x000001c15ce8b800, 0x000001c15ce8a000, 0x000001c15ce8c800,
0x000001c15ce8b000, 0x000001c15ce8d000, 0x000001c15ce88800, 0x000001c15ce8f000,
0x000001c15ce8e000, 0x000001c15ce91800, 0x000001c15ce8f800, 0x000001c15ce90800,
0x000001c15ef2b000, 0x000001c15ef2a000, 0x000001c15ef27800, 0x000001c15ef2d800,
0x000001c15ef28800, 0x000001c15ef2c000, 0x000001c15ef2c800, 0x000001c15ef2e800,
0x000001c15ef29800, 0x000001c15ef2f000, 0x000001c15ef32800, 0x000001c15ef30000,
0x000001c15ef30800, 0x000001c15ef31800, 0x000001c15ef36800, 0x000001c15ef33000,
0x000001c15ef34000, 0x000001c15ef35000, 0x000001c15ef35800, 0x000001c16025f800,
0x000001c16025f000, 0x000001c16025a000, 0x000001c16025b800, 0x000001c16025a800,
0x000001c160260800, 0x000001c160262000, 0x000001c160261000, 0x000001c16025e000,
0x000001c16025c800, 0x000001c160263000, 0x000001c16025d000, 0x000001c160265800,
0x000001c160266000, 0x000001c160267000
}

Java Threads: ( => current thread )
  0x000001c13db5c000 JavaThread "main" [_thread_blocked, id=4228, stack(0x000000416fc00000,0x000000416fd00000)]
  0x000001c15981b800 JavaThread "Reference Handler" daemon [_thread_blocked, id=5920, stack(0x0000004170300000,0x0000004170400000)]
  0x000001c159829000 JavaThread "Finalizer" daemon [_thread_blocked, id=4592, stack(0x0000004170400000,0x0000004170500000)]
  0x000001c15987b000 JavaThread "Signal Dispatcher" daemon [_thread_blocked, id=68, stack(0x0000004170500000,0x0000004170600000)]
  0x000001c15987d000 JavaThread "Attach Listener" daemon [_thread_blocked, id=1332, stack(0x0000004170600000,0x0000004170700000)]
  0x000001c15987f000 JavaThread "Service Thread" daemon [_thread_blocked, id=5892, stack(0x0000004170700000,0x0000004170800000)]
  0x000001c159880800 JavaThread "C2 CompilerThread0" daemon [_thread_blocked, id=4608, stack(0x0000004170800000,0x0000004170900000)]
  0x000001c159887000 JavaThread "C1 CompilerThread0" daemon [_thread_blocked, id=4324, stack(0x0000004170900000,0x0000004170a00000)]
  0x000001c15988a800 JavaThread "Sweeper thread" daemon [_thread_blocked, id=628, stack(0x0000004170a00000,0x0000004170b00000)]
  0x000001c15a2ed800 JavaThread "Common-Cleaner" daemon [_thread_blocked, id=2316, stack(0x0000004170b00000,0x0000004170c00000)]
  0x000001c15b777800 JavaThread "Daemon health stats" [_thread_blocked, id=3236, stack(0x0000004170e00000,0x0000004170f00000)]
  0x000001c15b79f000 JavaThread "Incoming local TCP Connector on port 58415" [_thread_in_native, id=3980, stack(0x0000004170f00000,0x0000004171000000)]
  0x000001c15b58c000 JavaThread "Daemon periodic checks" [_thread_blocked, id=928, stack(0x0000004171000000,0x0000004171100000)]
  0x000001c15baf0800 JavaThread "Daemon" [_thread_blocked, id=5576, stack(0x0000004171100000,0x0000004171200000)]
  0x000001c15b8ae800 JavaThread "Handler for socket connection from /127.0.0.1:58415 to /127.0.0.1:58416" [_thread_in_native, id=4032, stack(0x0000004171200000,0x0000004171300000)]
  0x000001c15bb6f000 JavaThread "Cancel handler" [_thread_blocked, id=1596, stack(0x0000004171300000,0x0000004171400000)]
  0x000001c15bb6f800 JavaThread "Daemon worker" [_thread_blocked, id=5708, stack(0x0000004171400000,0x0000004171500000)]
  0x000001c15bc0f000 JavaThread "Asynchronous log dispatcher for DefaultDaemonConnection: socket connection from /127.0.0.1:58415 to /127.0.0.1:58416" [_thread_blocked, id=4876, stack(0x0000004171500000,0x0000004171600000)]
  0x000001c15b049800 JavaThread "Stdin handler" [_thread_blocked, id=4124, stack(0x0000004171600000,0x0000004171700000)]
  0x000001c15c236000 JavaThread "Daemon client event forwarder" [_thread_blocked, id=5448, stack(0x0000004171700000,0x0000004171800000)]
  0x000001c15c231000 JavaThread "Cache worker for journal cache (C:\Users\Admin\.gradle\caches\journal-1)" [_thread_blocked, id=6076, stack(0x0000004171a00000,0x0000004171b00000)]
  0x000001c15c232000 JavaThread "File lock request listener" [_thread_in_native, id=5368, stack(0x0000004171b00000,0x0000004171c00000)]
  0x000001c15c232800 JavaThread "Cache worker for file hash cache (C:\Users\Admin\.gradle\caches\7.2\fileHashes)" [_thread_blocked, id=3908, stack(0x0000004171c00000,0x0000004171d00000)]
  0x000001c15c233800 JavaThread "Cache worker for file hash cache (C:\Users\Admin\AndroidStudioProjects\curency\.gradle\7.2\fileHashes)" [_thread_blocked, id=1468, stack(0x0000004171d00000,0x0000004171e00000)]
  0x000001c15c234800 JavaThread "File watcher server" daemon [_thread_in_native, id=3528, stack(0x0000004171e00000,0x0000004171f00000)]
  0x000001c15c235000 JavaThread "File watcher consumer" daemon [_thread_blocked, id=6100, stack(0x0000004171f00000,0x0000004172000000)]
  0x000001c15c230800 JavaThread "Cache worker for checksums cache (C:\Users\Admin\AndroidStudioProjects\curency\.gradle\checksums)" [_thread_blocked, id=1992, stack(0x0000004172000000,0x0000004172100000)]
  0x000001c15c237000 JavaThread "Cache worker for cache directory md-supplier (C:\Users\Admin\.gradle\caches\7.2\md-supplier)" [_thread_blocked, id=1296, stack(0x0000004172100000,0x0000004172200000)]
  0x000001c15ce84800 JavaThread "Cache worker for cache directory md-rule (C:\Users\Admin\.gradle\caches\7.2\md-rule)" [_thread_blocked, id=5188, stack(0x0000004172200000,0x0000004172300000)]
  0x000001c15ce85000 JavaThread "Cache worker for execution history cache (C:\Users\Admin\.gradle\caches\7.2\executionHistory)" [_thread_blocked, id=3648, stack(0x0000004172300000,0x0000004172400000)]
  0x000001c15ce86000 JavaThread "jar transforms" [_thread_blocked, id=820, stack(0x0000004172400000,0x0000004172500000)]
  0x000001c15ce87800 JavaThread "Cache worker for file content cache (C:\Users\Admin\.gradle\caches\7.2\fileContent)" [_thread_blocked, id=3108, stack(0x0000004172500000,0x0000004172600000)]
  0x000001c15ce83800 JavaThread "jar transforms Thread 2" [_thread_blocked, id=5572, stack(0x0000004172600000,0x0000004172700000)]
  0x000001c15ce8b800 JavaThread "Cache worker for dependencies-accessors (C:\Users\Admin\AndroidStudioProjects\curency\.gradle\7.2\dependencies-accessors)" [_thread_blocked, id=3268, stack(0x0000004172700000,0x0000004172800000)]
  0x000001c15ce8a000 JavaThread "jar transforms Thread 3" [_thread_blocked, id=668, stack(0x0000004172800000,0x0000004172900000)]
  0x000001c15ce8c800 JavaThread "Cache worker for Build Output Cleanup Cache (C:\Users\Admin\AndroidStudioProjects\curency\.gradle\buildOutputCleanup)" [_thread_blocked, id=4276, stack(0x0000004172900000,0x0000004172a00000)]
  0x000001c15ce8b000 JavaThread "Unconstrained build operations" [_thread_blocked, id=1040, stack(0x0000004172a00000,0x0000004172b00000)]
  0x000001c15ce8d000 JavaThread "Unconstrained build operations Thread 2" [_thread_blocked, id=4300, stack(0x0000004172b00000,0x0000004172c00000)]
  0x000001c15ce88800 JavaThread "Unconstrained build operations Thread 3" [_thread_blocked, id=4380, stack(0x0000004172c00000,0x0000004172d00000)]
  0x000001c15ce8f000 JavaThread "Unconstrained build operations Thread 4" [_thread_blocked, id=3640, stack(0x0000004172d00000,0x0000004172e00000)]
  0x000001c15ce8e000 JavaThread "Unconstrained build operations Thread 5" [_thread_blocked, id=3552, stack(0x0000004172e00000,0x0000004172f00000)]
  0x000001c15ce91800 JavaThread "Unconstrained build operations Thread 6" [_thread_blocked, id=5544, stack(0x0000004172f00000,0x0000004173000000)]
  0x000001c15ce8f800 JavaThread "Unconstrained build operations Thread 7" [_thread_blocked, id=1892, stack(0x0000004173000000,0x0000004173100000)]
  0x000001c15ce90800 JavaThread "Unconstrained build operations Thread 8" [_thread_blocked, id=3548, stack(0x0000004173100000,0x0000004173200000)]
  0x000001c15ef2b000 JavaThread "Unconstrained build operations Thread 9" [_thread_blocked, id=5452, stack(0x0000004173200000,0x0000004173300000)]
  0x000001c15ef2a000 JavaThread "Unconstrained build operations Thread 10" [_thread_blocked, id=5688, stack(0x0000004173300000,0x0000004173400000)]
  0x000001c15ef27800 JavaThread "Unconstrained build operations Thread 11" [_thread_blocked, id=2180, stack(0x0000004173400000,0x0000004173500000)]
  0x000001c15ef2d800 JavaThread "Unconstrained build operations Thread 12" [_thread_blocked, id=4696, stack(0x0000004173500000,0x0000004173600000)]
  0x000001c15ef28800 JavaThread "Unconstrained build operations Thread 13" [_thread_blocked, id=4660, stack(0x0000004173600000,0x0000004173700000)]
  0x000001c15ef2c000 JavaThread "Unconstrained build operations Thread 14" [_thread_blocked, id=1988, stack(0x0000004173700000,0x0000004173800000)]
  0x000001c15ef2c800 JavaThread "Unconstrained build operations Thread 15" [_thread_blocked, id=5548, stack(0x0000004173800000,0x0000004173900000)]
  0x000001c15ef2e800 JavaThread "Unconstrained build operations Thread 16" [_thread_blocked, id=3364, stack(0x0000004173900000,0x0000004173a00000)]
  0x000001c15ef29800 JavaThread "Unconstrained build operations Thread 17" [_thread_blocked, id=1020, stack(0x0000004173a00000,0x0000004173b00000)]
  0x000001c15ef2f000 JavaThread "Unconstrained build operations Thread 18" [_thread_blocked, id=4680, stack(0x0000004173b00000,0x0000004173c00000)]
  0x000001c15ef32800 JavaThread "Unconstrained build operations Thread 19" [_thread_blocked, id=5848, stack(0x0000004173c00000,0x0000004173d00000)]
  0x000001c15ef30000 JavaThread "Unconstrained build operations Thread 20" [_thread_blocked, id=3180, stack(0x0000004173d00000,0x0000004173e00000)]
  0x000001c15ef30800 JavaThread "Unconstrained build operations Thread 21" [_thread_blocked, id=4964, stack(0x0000004173e00000,0x0000004173f00000)]
  0x000001c15ef31800 JavaThread "Unconstrained build operations Thread 22" [_thread_blocked, id=5380, stack(0x0000004173f00000,0x0000004174000000)]
  0x000001c15ef36800 JavaThread "Unconstrained build operations Thread 23" [_thread_blocked, id=4216, stack(0x0000004174000000,0x0000004174100000)]
  0x000001c15ef33000 JavaThread "Unconstrained build operations Thread 24" [_thread_blocked, id=3056, stack(0x0000004174100000,0x0000004174200000)]
  0x000001c15ef34000 JavaThread "Unconstrained build operations Thread 25" [_thread_blocked, id=3080, stack(0x0000004174200000,0x0000004174300000)]
  0x000001c15ef35000 JavaThread "Unconstrained build operations Thread 26" [_thread_blocked, id=204, stack(0x0000004174300000,0x0000004174400000)]
  0x000001c15ef35800 JavaThread "Unconstrained build operations Thread 27" [_thread_blocked, id=1648, stack(0x0000004174400000,0x0000004174500000)]
  0x000001c16025f800 JavaThread "Unconstrained build operations Thread 28" [_thread_blocked, id=6056, stack(0x0000004174500000,0x0000004174600000)]
  0x000001c16025f000 JavaThread "Unconstrained build operations Thread 29" [_thread_blocked, id=288, stack(0x0000004174600000,0x0000004174700000)]
  0x000001c16025a000 JavaThread "Unconstrained build operations Thread 30" [_thread_blocked, id=3800, stack(0x0000004174700000,0x0000004174800000)]
  0x000001c16025b800 JavaThread "Unconstrained build operations Thread 31" [_thread_blocked, id=4436, stack(0x0000004174800000,0x0000004174900000)]
  0x000001c16025a800 JavaThread "Unconstrained build operations Thread 32" [_thread_blocked, id=3692, stack(0x0000004174900000,0x0000004174a00000)]
  0x000001c160260800 JavaThread "Unconstrained build operations Thread 33" [_thread_blocked, id=1652, stack(0x0000004174a00000,0x0000004174b00000)]
  0x000001c160262000 JavaThread "Unconstrained build operations Thread 34" [_thread_blocked, id=1552, stack(0x0000004174b00000,0x0000004174c00000)]
  0x000001c160261000 JavaThread "Unconstrained build operations Thread 35" [_thread_blocked, id=812, stack(0x0000004174c00000,0x0000004174d00000)]
  0x000001c16025e000 JavaThread "Unconstrained build operations Thread 36" [_thread_blocked, id=4664, stack(0x0000004174d00000,0x0000004174e00000)]
  0x000001c16025c800 JavaThread "Unconstrained build operations Thread 37" [_thread_blocked, id=3880, stack(0x0000004174e00000,0x0000004174f00000)]
  0x000001c160263000 JavaThread "Unconstrained build operations Thread 38" [_thread_blocked, id=2016, stack(0x0000004174f00000,0x0000004175000000)]
  0x000001c16025d000 JavaThread "Unconstrained build operations Thread 39" [_thread_blocked, id=4620, stack(0x0000004175000000,0x0000004175100000)]
  0x000001c160265800 JavaThread "Unconstrained build operations Thread 40" [_thread_blocked, id=5372, stack(0x0000004175100000,0x0000004175200000)]
  0x000001c160266000 JavaThread "jar transforms Thread 4" [_thread_blocked, id=1388, stack(0x0000004175200000,0x0000004175300000)]
  0x000001c160267000 JavaThread "Memory manager" [_thread_blocked, id=4632, stack(0x0000004175300000,0x0000004175400000)]

Other Threads:
=>0x000001c159817000 VMThread "VM Thread" [stack: 0x0000004170200000,0x0000004170300000] [id=4064]
  0x000001c15a308800 WatcherThread [stack: 0x0000004170c00000,0x0000004170d00000] [id=4884]
  0x000001c13fc82800 GCTaskThread "GC Thread#0" [stack: 0x000000416fd00000,0x000000416fe00000] [id=3052]
  0x000001c15a5c2800 GCTaskThread "GC Thread#1" [stack: 0x0000004170d00000,0x0000004170e00000] [id=5940]
  0x000001c15c370800 GCTaskThread "GC Thread#2" [stack: 0x0000004171800000,0x0000004171900000] [id=1340]
  0x000001c15c08c800 GCTaskThread "GC Thread#3" [stack: 0x0000004171900000,0x0000004171a00000] [id=3704]
  0x000001c13fcb5000 ConcurrentGCThread "G1 Main Marker" [stack: 0x000000416fe00000,0x000000416ff00000] [id=5520]
  0x000001c13fcb6000 ConcurrentGCThread "G1 Conc#0" [stack: 0x000000416ff00000,0x0000004170000000] [id=3188]
  0x000001c13fd0e000 ConcurrentGCThread "G1 Refine#0" [stack: 0x0000004170000000,0x0000004170100000] [id=428]
  0x000001c13fd0f000 ConcurrentGCThread "G1 Young RemSet Sampling" [stack: 0x0000004170100000,0x0000004170200000] [id=1676]

Threads with active compile tasks:
C2 CompilerThread0  13681 6195       4       org.objectweb.asm.SymbolTable::addConstantMemberReference (147 bytes)
C1 CompilerThread0  13681 6263       3       org.objectweb.asm.SymbolTable::addType (81 bytes)

VM state:at safepoint (normal execution)

VM Mutex/Monitor currently owned by a thread:  ([mutex/lock_event])
[0x000001c13db5be00] Threads_lock - owner thread: 0x000001c159817000
[0x000001c13db5a6f0] Heap_lock - owner thread: 0x000001c15bb6f800

Heap address: 0x0000000080000000, size: 2048 MB, Compressed Oops mode: 32-bit
Narrow klass base: 0x0000000000000000, Narrow klass shift: 3
Compressed class space size: 1073741824 Address: 0x0000000100000000

Heap:
 garbage-first heap   total 138240K, used 51458K [0x0000000080000000, 0x0000000100000000)
  region size 1024K, 6 young (6144K), 6 survivors (6144K)
 Metaspace       used 63365K, capacity 64838K, committed 64920K, reserved 1105920K
  class space    used 7987K, capacity 8537K, committed 8600K, reserved 1048576K
Heap Regions: E=young(eden), S=young(survivor), O=old, HS=humongous(starts), HC=humongous(continues), CS=collection set, F=free, A=archive, TAMS=top-at-mark-start (previous, next)
|   0|0x0000000080000000, 0x0000000080100000, 0x0000000080100000|100%| O|  |TAMS 0x0000000080100000, 0x0000000080100000| Untracked 
|   1|0x0000000080100000, 0x0000000080200000, 0x0000000080200000|100%| O|  |TAMS 0x0000000080200000, 0x0000000080200000| Untracked 
|   2|0x0000000080200000, 0x0000000080300000, 0x0000000080300000|100%| O|  |TAMS 0x0000000080300000, 0x0000000080300000| Untracked 
|   3|0x0000000080300000, 0x0000000080400000, 0x0000000080400000|100%|HS|  |TAMS 0x0000000080400000, 0x0000000080400000| Complete 
|   4|0x0000000080400000, 0x0000000080500000, 0x0000000080500000|100%|HC|  |TAMS 0x0000000080500000, 0x0000000080500000| Complete 
|   5|0x0000000080500000, 0x0000000080600000, 0x0000000080600000|100%|HC|  |TAMS 0x0000000080600000, 0x0000000080600000| Complete 
|   6|0x0000000080600000, 0x0000000080700000, 0x0000000080700000|100%| O|  |TAMS 0x0000000080700000, 0x0000000080700000| Untracked 
|   7|0x0000000080700000, 0x0000000080800000, 0x0000000080800000|100%| O|  |TAMS 0x0000000080800000, 0x0000000080800000| Untracked 
|   8|0x0000000080800000, 0x0000000080900000, 0x0000000080900000|100%| O|  |TAMS 0x0000000080900000, 0x0000000080900000| Untracked 
|   9|0x0000000080900000, 0x0000000080a00000, 0x0000000080a00000|100%| O|  |TAMS 0x0000000080a00000, 0x0000000080a00000| Untracked 
|  10|0x0000000080a00000, 0x0000000080b00000, 0x0000000080b00000|100%| O|  |TAMS 0x0000000080b00000, 0x0000000080b00000| Untracked 
|  11|0x0000000080b00000, 0x0000000080c00000, 0x0000000080c00000|100%| O|  |TAMS 0x0000000080c00000, 0x0000000080c00000| Untracked 
|  12|0x0000000080c00000, 0x0000000080d00000, 0x0000000080d00000|100%| O|  |TAMS 0x0000000080d00000, 0x0000000080d00000| Untracked 
|  13|0x0000000080d00000, 0x0000000080e00000, 0x0000000080e00000|100%| O|  |TAMS 0x0000000080e00000, 0x0000000080e00000| Untracked 
|  14|0x0000000080e00000, 0x0000000080f00000, 0x0000000080f00000|100%| O|  |TAMS 0x0000000080f00000, 0x0000000080f00000| Untracked 
|  15|0x0000000080f00000, 0x0000000081000000, 0x0000000081000000|100%| O|  |TAMS 0x0000000081000000, 0x0000000081000000| Untracked 
|  16|0x0000000081000000, 0x0000000081100000, 0x0000000081100000|100%| O|  |TAMS 0x0000000081100000, 0x0000000081100000| Untracked 
|  17|0x0000000081100000, 0x0000000081200000, 0x0000000081200000|100%| O|  |TAMS 0x0000000081200000, 0x0000000081200000| Untracked 
|  18|0x0000000081200000, 0x0000000081300000, 0x0000000081300000|100%| O|  |TAMS 0x0000000081300000, 0x0000000081300000| Untracked 
|  19|0x0000000081300000, 0x0000000081400000, 0x0000000081400000|100%| O|  |TAMS 0x0000000081400000, 0x0000000081400000| Untracked 
|  20|0x0000000081400000, 0x0000000081500000, 0x0000000081500000|100%| O|  |TAMS 0x0000000081500000, 0x0000000081500000| Untracked 
|  21|0x0000000081500000, 0x0000000081600000, 0x0000000081600000|100%| O|  |TAMS 0x0000000081600000, 0x0000000081600000| Untracked 
|  22|0x0000000081600000, 0x0000000081700000, 0x0000000081700000|100%| O|  |TAMS 0x0000000081700000, 0x0000000081700000| Untracked 
|  23|0x0000000081700000, 0x0000000081800000, 0x0000000081800000|100%| O|  |TAMS 0x0000000081800000, 0x0000000081800000| Untracked 
|  24|0x0000000081800000, 0x0000000081900000, 0x0000000081900000|100%| O|  |TAMS 0x0000000081900000, 0x0000000081900000| Untracked 
|  25|0x0000000081900000, 0x0000000081a00000, 0x0000000081a00000|100%| O|  |TAMS 0x0000000081a00000, 0x0000000081a00000| Untracked 
|  26|0x0000000081a00000, 0x0000000081b00000, 0x0000000081b00000|100%|HS|  |TAMS 0x0000000081b00000, 0x0000000081b00000| Complete 
|  27|0x0000000081b00000, 0x0000000081c00000, 0x0000000081c00000|100%|HS|  |TAMS 0x0000000081c00000, 0x0000000081c00000| Complete 
|  28|0x0000000081c00000, 0x0000000081d00000, 0x0000000081d00000|100%|HS|  |TAMS 0x0000000081d00000, 0x0000000081d00000| Complete 
|  29|0x0000000081d00000, 0x0000000081e00000, 0x0000000081e00000|100%|HS|  |TAMS 0x0000000081e00000, 0x0000000081e00000| Complete 
|  30|0x0000000081e00000, 0x0000000081f00000, 0x0000000081f00000|100%|HC|  |TAMS 0x0000000081f00000, 0x0000000081f00000| Complete 
|  31|0x0000000081f00000, 0x0000000082000000, 0x0000000082000000|100%| O|  |TAMS 0x0000000082000000, 0x0000000082000000| Untracked 
|  32|0x0000000082000000, 0x0000000082100000, 0x0000000082100000|100%| O|  |TAMS 0x0000000082100000, 0x0000000082100000| Untracked 
|  33|0x0000000082100000, 0x0000000082200000, 0x0000000082200000|100%| O|  |TAMS 0x0000000082200000, 0x0000000082200000| Untracked 
|  34|0x0000000082200000, 0x0000000082300000, 0x0000000082300000|100%| O|  |TAMS 0x0000000082300000, 0x0000000082300000| Untracked 
|  35|0x0000000082300000, 0x0000000082400000, 0x0000000082400000|100%| O|  |TAMS 0x0000000082400000, 0x0000000082400000| Untracked 
|  36|0x0000000082400000, 0x0000000082500000, 0x0000000082500000|100%| O|  |TAMS 0x0000000082500000, 0x0000000082500000| Untracked 
|  37|0x0000000082500000, 0x0000000082600000, 0x0000000082600000|100%| O|  |TAMS 0x0000000082600000, 0x0000000082600000| Untracked 
|  38|0x0000000082600000, 0x0000000082700000, 0x0000000082700000|100%| O|  |TAMS 0x0000000082700000, 0x0000000082700000| Untracked 
|  39|0x0000000082700000, 0x0000000082800000, 0x0000000082800000|100%| O|  |TAMS 0x0000000082800000, 0x0000000082800000| Untracked 
|  40|0x0000000082800000, 0x0000000082900000, 0x0000000082900000|100%| O|  |TAMS 0x0000000082900000, 0x0000000082900000| Untracked 
|  41|0x0000000082900000, 0x0000000082a00000, 0x0000000082a00000|100%| O|  |TAMS 0x0000000082a00000, 0x0000000082a00000| Untracked 
|  42|0x0000000082a00000, 0x0000000082b00000, 0x0000000082b00000|100%| O|  |TAMS 0x0000000082b00000, 0x0000000082b00000| Untracked 
|  43|0x0000000082b00000, 0x0000000082c00000, 0x0000000082c00000|100%| O|  |TAMS 0x0000000082c00000, 0x0000000082c00000| Untracked 
|  44|0x0000000082c00000, 0x0000000082d00000, 0x0000000082d00000|100%| O|  |TAMS 0x0000000082d00000, 0x0000000082d00000| Untracked 
|  45|0x0000000082d00000, 0x0000000082d00000, 0x0000000082e00000|  0%| F|  |TAMS 0x0000000082d00000, 0x0000000082d00000| Untracked 
|  46|0x0000000082e00000, 0x0000000082e00000, 0x0000000082f00000|  0%| F|  |TAMS 0x0000000082e00000, 0x0000000082e00000| Untracked 
|  47|0x0000000082f00000, 0x0000000082f00000, 0x0000000083000000|  0%| F|  |TAMS 0x0000000082f00000, 0x0000000082f00000| Untracked 
|  48|0x0000000083000000, 0x0000000083000000, 0x0000000083100000|  0%| F|  |TAMS 0x0000000083000000, 0x0000000083000000| Untracked 
|  49|0x0000000083100000, 0x0000000083100000, 0x0000000083200000|  0%| F|  |TAMS 0x0000000083100000, 0x0000000083100000| Untracked 
|  50|0x0000000083200000, 0x0000000083200000, 0x0000000083300000|  0%| F|  |TAMS 0x0000000083200000, 0x0000000083200000| Untracked 
|  51|0x0000000083300000, 0x0000000083300000, 0x0000000083400000|  0%| F|  |TAMS 0x0000000083300000, 0x0000000083300000| Untracked 
|  52|0x0000000083400000, 0x0000000083400000, 0x0000000083500000|  0%| F|  |TAMS 0x0000000083400000, 0x0000000083400000| Untracked 
|  53|0x0000000083500000, 0x0000000083500000, 0x0000000083600000|  0%| F|  |TAMS 0x0000000083500000, 0x0000000083500000| Untracked 
|  54|0x0000000083600000, 0x0000000083600000, 0x0000000083700000|  0%| F|  |TAMS 0x0000000083600000, 0x0000000083600000| Untracked 
|  55|0x0000000083700000, 0x0000000083700000, 0x0000000083800000|  0%| F|  |TAMS 0x0000000083700000, 0x0000000083700000| Untracked 
|  56|0x0000000083800000, 0x0000000083800000, 0x0000000083900000|  0%| F|  |TAMS 0x0000000083800000, 0x0000000083800000| Untracked 
|  57|0x0000000083900000, 0x0000000083900000, 0x0000000083a00000|  0%| F|  |TAMS 0x0000000083900000, 0x0000000083900000| Untracked 
|  58|0x0000000083a00000, 0x0000000083a00000, 0x0000000083b00000|  0%| F|  |TAMS 0x0000000083a00000, 0x0000000083a00000| Untracked 
|  59|0x0000000083b00000, 0x0000000083b00000, 0x0000000083c00000|  0%| F|  |TAMS 0x0000000083b00000, 0x0000000083b00000| Untracked 
|  60|0x0000000083c00000, 0x0000000083c00000, 0x0000000083d00000|  0%| F|  |TAMS 0x0000000083c00000, 0x0000000083c00000| Untracked 
|  61|0x0000000083d00000, 0x0000000083d00000, 0x0000000083e00000|  0%| F|  |TAMS 0x0000000083d00000, 0x0000000083d00000| Untracked 
|  62|0x0000000083e00000, 0x0000000083e00000, 0x0000000083f00000|  0%| F|  |TAMS 0x0000000083e00000, 0x0000000083e00000| Untracked 
|  63|0x0000000083f00000, 0x0000000083f00000, 0x0000000084000000|  0%| F|  |TAMS 0x0000000083f00000, 0x0000000083f00000| Untracked 
|  64|0x0000000084000000, 0x0000000084040840, 0x0000000084100000| 25%| S|CS|TAMS 0x0000000084000000, 0x0000000084000000| Complete 
|  65|0x0000000084100000, 0x0000000084200000, 0x0000000084200000|100%| S|CS|TAMS 0x0000000084100000, 0x0000000084100000| Complete 
|  66|0x0000000084200000, 0x0000000084300000, 0x0000000084300000|100%| S|CS|TAMS 0x0000000084200000, 0x0000000084200000| Complete 
|  67|0x0000000084300000, 0x0000000084400000, 0x0000000084400000|100%| S|CS|TAMS 0x0000000084300000, 0x0000000084300000| Complete 
|  68|0x0000000084400000, 0x0000000084500000, 0x0000000084500000|100%| S|CS|TAMS 0x0000000084400000, 0x0000000084400000| Complete 
|  69|0x0000000084500000, 0x0000000084600000, 0x0000000084600000|100%| S|CS|TAMS 0x0000000084500000, 0x0000000084500000| Complete 
|  70|0x0000000084600000, 0x0000000084600000, 0x0000000084700000|  0%| F|  |TAMS 0x0000000084600000, 0x0000000084600000| Untracked 
|  71|0x0000000084700000, 0x0000000084700000, 0x0000000084800000|  0%| F|  |TAMS 0x0000000084700000, 0x0000000084700000| Untracked 
|  72|0x0000000084800000, 0x0000000084800000, 0x0000000084900000|  0%| F|  |TAMS 0x0000000084800000, 0x0000000084800000| Untracked 
|  73|0x0000000084900000, 0x0000000084900000, 0x0000000084a00000|  0%| F|  |TAMS 0x0000000084900000, 0x0000000084900000| Untracked 
|  74|0x0000000084a00000, 0x0000000084a00000, 0x0000000084b00000|  0%| F|  |TAMS 0x0000000084a00000, 0x0000000084a00000| Untracked 
|  75|0x0000000084b00000, 0x0000000084b00000, 0x0000000084c00000|  0%| F|  |TAMS 0x0000000084b00000, 0x0000000084b00000| Untracked 
|  76|0x0000000084c00000, 0x0000000084c00000, 0x0000000084d00000|  0%| F|  |TAMS 0x0000000084c00000, 0x0000000084c00000| Untracked 
|  77|0x0000000084d00000, 0x0000000084d00000, 0x0000000084e00000|  0%| F|  |TAMS 0x0000000084d00000, 0x0000000084d00000| Untracked 
|  78|0x0000000084e00000, 0x0000000084e00000, 0x0000000084f00000|  0%| F|  |TAMS 0x0000000084e00000, 0x0000000084e00000| Untracked 
|  79|0x0000000084f00000, 0x0000000084f00000, 0x0000000085000000|  0%| F|  |TAMS 0x0000000084f00000, 0x0000000084f00000| Untracked 
|  80|0x0000000085000000, 0x0000000085000000, 0x0000000085100000|  0%| F|  |TAMS 0x0000000085000000, 0x0000000085000000| Untracked 
|  81|0x0000000085100000, 0x0000000085100000, 0x0000000085200000|  0%| F|  |TAMS 0x0000000085100000, 0x0000000085100000| Untracked 
|  82|0x0000000085200000, 0x0000000085200000, 0x0000000085300000|  0%| F|  |TAMS 0x0000000085200000, 0x0000000085200000| Untracked 
|  83|0x0000000085300000, 0x0000000085300000, 0x0000000085400000|  0%| F|  |TAMS 0x0000000085300000, 0x0000000085300000| Untracked 
|  84|0x0000000085400000, 0x0000000085400000, 0x0000000085500000|  0%| F|  |TAMS 0x0000000085400000, 0x0000000085400000| Untracked 
|  85|0x0000000085500000, 0x0000000085500000, 0x0000000085600000|  0%| F|  |TAMS 0x0000000085500000, 0x0000000085500000| Untracked 
|  86|0x0000000085600000, 0x0000000085600000, 0x0000000085700000|  0%| F|  |TAMS 0x0000000085600000, 0x0000000085600000| Untracked 
|  87|0x0000000085700000, 0x0000000085700000, 0x0000000085800000|  0%| F|  |TAMS 0x0000000085700000, 0x0000000085700000| Untracked 
|  88|0x0000000085800000, 0x0000000085800000, 0x0000000085900000|  0%| F|  |TAMS 0x0000000085800000, 0x0000000085800000| Untracked 
|  89|0x0000000085900000, 0x0000000085900000, 0x0000000085a00000|  0%| F|  |TAMS 0x0000000085900000, 0x0000000085900000| Untracked 
|  90|0x0000000085a00000, 0x0000000085a00000, 0x0000000085b00000|  0%| F|  |TAMS 0x0000000085a00000, 0x0000000085a00000| Untracked 
|  91|0x0000000085b00000, 0x0000000085b00000, 0x0000000085c00000|  0%| F|  |TAMS 0x0000000085b00000, 0x0000000085b00000| Untracked 
|  92|0x0000000085c00000, 0x0000000085c00000, 0x0000000085d00000|  0%| F|  |TAMS 0x0000000085c00000, 0x0000000085c00000| Untracked 
|  93|0x0000000085d00000, 0x0000000085d00000, 0x0000000085e00000|  0%| F|  |TAMS 0x0000000085d00000, 0x0000000085d00000| Untracked 
|  94|0x0000000085e00000, 0x0000000085e00000, 0x0000000085f00000|  0%| F|  |TAMS 0x0000000085e00000, 0x0000000085e00000| Untracked 
|  95|0x0000000085f00000, 0x0000000085f00000, 0x0000000086000000|  0%| F|  |TAMS 0x0000000085f00000, 0x0000000085f00000| Untracked 
|  96|0x0000000086000000, 0x0000000086000000, 0x0000000086100000|  0%| F|  |TAMS 0x0000000086000000, 0x0000000086000000| Untracked 
|  97|0x0000000086100000, 0x0000000086100000, 0x0000000086200000|  0%| F|  |TAMS 0x0000000086100000, 0x0000000086100000| Untracked 
|  98|0x0000000086200000, 0x0000000086200000, 0x0000000086300000|  0%| F|  |TAMS 0x0000000086200000, 0x0000000086200000| Untracked 
|  99|0x0000000086300000, 0x0000000086300000, 0x0000000086400000|  0%| F|  |TAMS 0x0000000086300000, 0x0000000086300000| Untracked 
| 100|0x0000000086400000, 0x0000000086400000, 0x0000000086500000|  0%| F|  |TAMS 0x0000000086400000, 0x0000000086400000| Untracked 
| 101|0x0000000086500000, 0x0000000086500000, 0x0000000086600000|  0%| F|  |TAMS 0x0000000086500000, 0x0000000086500000| Untracked 
| 102|0x0000000086600000, 0x0000000086600000, 0x0000000086700000|  0%| F|  |TAMS 0x0000000086600000, 0x0000000086600000| Untracked 
| 103|0x0000000086700000, 0x0000000086700000, 0x0000000086800000|  0%| F|  |TAMS 0x0000000086700000, 0x0000000086700000| Untracked 
| 104|0x0000000086800000, 0x0000000086800000, 0x0000000086900000|  0%| F|  |TAMS 0x0000000086800000, 0x0000000086800000| Untracked 
| 105|0x0000000086900000, 0x0000000086900000, 0x0000000086a00000|  0%| F|  |TAMS 0x0000000086900000, 0x0000000086900000| Untracked 
| 106|0x0000000086a00000, 0x0000000086a00000, 0x0000000086b00000|  0%| F|  |TAMS 0x0000000086a00000, 0x0000000086a00000| Untracked 
| 107|0x0000000086b00000, 0x0000000086b00000, 0x0000000086c00000|  0%| F|  |TAMS 0x0000000086b00000, 0x0000000086b00000| Untracked 
| 108|0x0000000086c00000, 0x0000000086c00000, 0x0000000086d00000|  0%| F|  |TAMS 0x0000000086c00000, 0x0000000086c00000| Untracked 
| 109|0x0000000086d00000, 0x0000000086d00000, 0x0000000086e00000|  0%| F|  |TAMS 0x0000000086d00000, 0x0000000086d00000| Untracked 
| 110|0x0000000086e00000, 0x0000000086e00000, 0x0000000086f00000|  0%| F|  |TAMS 0x0000000086e00000, 0x0000000086e00000| Untracked 
| 111|0x0000000086f00000, 0x0000000086f00000, 0x0000000087000000|  0%| F|  |TAMS 0x0000000086f00000, 0x0000000086f00000| Untracked 

Card table byte_map: [0x000001c152b70000,0x000001c152f70000] _byte_map_base: 0x000001c152770000

Marking Bits (Prev, Next): (CMBitMap*) 0x000001c13fcac250, (CMBitMap*) 0x000001c13fcac218
 Prev Bits: [0x000001c155370000, 0x000001c157370000)
 Next Bits: [0x000001c153370000, 0x000001c155370000)

Polling page: 0x000001c13dbe0000

Metaspace:

Usage:
  Non-class:     54.98 MB capacity,    54.08 MB ( 98%) used,   764.01 KB (  1%) free+waste,   159.38 KB ( <1%) overhead. 
      Class:      8.34 MB capacity,     7.80 MB ( 94%) used,   474.70 KB (  6%) free+waste,    74.75 KB ( <1%) overhead. 
       Both:     63.32 MB capacity,    61.88 MB ( 98%) used,     1.21 MB (  2%) free+waste,   234.13 KB ( <1%) overhead. 

Virtual space:
  Non-class space:       56.00 MB reserved,      55.00 MB ( 98%) committed 
      Class space:        1.00 GB reserved,       8.40 MB ( <1%) committed 
             Both:        1.05 GB reserved,      63.40 MB (  6%) committed 

Chunk freelists:
   Non-Class:  19.00 KB
       Class:  7.00 KB
        Both:  26.00 KB

MaxMetaspaceSize: 17179869184.00 GB
CompressedClassSpaceSize: 1.00 GB

CodeHeap 'non-profiled nmethods': size=120064Kb used=2582Kb max_used=2582Kb free=117481Kb
 bounds [0x000001c14b230000, 0x000001c14b4c0000, 0x000001c152770000]
CodeHeap 'profiled nmethods': size=120000Kb used=12404Kb max_used=12404Kb free=107595Kb
 bounds [0x000001c143d00000, 0x000001c144920000, 0x000001c14b230000]
CodeHeap 'non-nmethods': size=5696Kb used=2256Kb max_used=2286Kb free=3439Kb
 bounds [0x000001c143770000, 0x000001c1439e0000, 0x000001c143d00000]
 total_blobs=7020 nmethods=6175 adapters=756
 compilation: enabled
              stopped_count=0, restarted_count=0
 full_count=0

Compilation events (20 events):
Event: 13.611 Thread 0x000001c159887000 nmethod 6252 0x000001c144912410 code [0x000001c144912760, 0x000001c144913c38]
Event: 13.613 Thread 0x000001c159887000 6253       3       org.objectweb.asm.Frame::pop (42 bytes)
Event: 13.614 Thread 0x000001c159887000 nmethod 6253 0x000001c144914410 code [0x000001c1449145c0, 0x000001c144914758]
Event: 13.614 Thread 0x000001c159887000 6254       3       org.objectweb.asm.SymbolTable::put (150 bytes)
Event: 13.614 Thread 0x000001c159887000 nmethod 6254 0x000001c144914810 code [0x000001c144914a20, 0x000001c144915278]
Event: 13.614 Thread 0x000001c159887000 6255       3       org.objectweb.asm.ByteVector::put12 (64 bytes)
Event: 13.615 Thread 0x000001c159887000 nmethod 6255 0x000001c144915590 code [0x000001c144915760, 0x000001c144915988]
Event: 13.615 Thread 0x000001c159887000 6256       3       org.objectweb.asm.Label::<init> (5 bytes)
Event: 13.615 Thread 0x000001c159887000 nmethod 6256 0x000001c144915b10 code [0x000001c144915cc0, 0x000001c144915e18]
Event: 13.620 Thread 0x000001c159887000 6257       3       org.objectweb.asm.Frame::getLocal (46 bytes)
Event: 13.621 Thread 0x000001c159887000 nmethod 6257 0x000001c144915f10 code [0x000001c1449160c0, 0x000001c1449162b8]
Event: 13.621 Thread 0x000001c159887000 6259       3       org.objectweb.asm.Type::getInternalName (16 bytes)
Event: 13.621 Thread 0x000001c159887000 nmethod 6259 0x000001c144916390 code [0x000001c144916540, 0x000001c144916688]
Event: 13.621 Thread 0x000001c159887000 6258       3       org.objectweb.asm.Frame::getAbstractTypeFromDescriptor (415 bytes)
Event: 13.624 Thread 0x000001c159887000 nmethod 6258 0x000001c144916790 code [0x000001c144916b40, 0x000001c1449186d8]
Event: 13.626 Thread 0x000001c159887000 6261       3       org.objectweb.asm.Frame::<init> (10 bytes)
Event: 13.626 Thread 0x000001c159887000 nmethod 6261 0x000001c144919010 code [0x000001c1449191c0, 0x000001c144919378]
Event: 13.626 Thread 0x000001c159887000 6262       3       org.objectweb.asm.Type::getArgumentTypes (154 bytes)
Event: 13.630 Thread 0x000001c159887000 nmethod 6262 0x000001c144919410 code [0x000001c144919900, 0x000001c14491c368]
Event: 13.630 Thread 0x000001c159887000 6263       3       org.objectweb.asm.SymbolTable::addType (81 bytes)

GC Heap History (20 events):
Event: 4.647 GC heap after
{Heap after GC invocations=8 (full 0):
 garbage-first heap   total 78848K, used 18266K [0x0000000080000000, 0x0000000100000000)
  region size 1024K, 2 young (2048K), 2 survivors (2048K)
 Metaspace       used 23791K, capacity 24328K, committed 24576K, reserved 1071104K
  class space    used 3024K, capacity 3228K, committed 3328K, reserved 1048576K
}
Event: 5.290 GC heap before
{Heap before GC invocations=8 (full 0):
 garbage-first heap   total 78848K, used 55130K [0x0000000080000000, 0x0000000100000000)
  region size 1024K, 38 young (38912K), 2 survivors (2048K)
 Metaspace       used 26903K, capacity 27467K, committed 27648K, reserved 1073152K
  class space    used 3543K, capacity 3769K, committed 3840K, reserved 1048576K
}
Event: 5.305 GC heap after
{Heap after GC invocations=9 (full 0):
 garbage-first heap   total 78848K, used 19409K [0x0000000080000000, 0x0000000100000000)
  region size 1024K, 3 young (3072K), 3 survivors (3072K)
 Metaspace       used 26903K, capacity 27467K, committed 27648K, reserved 1073152K
  class space    used 3543K, capacity 3769K, committed 3840K, reserved 1048576K
}
Event: 6.385 GC heap before
{Heap before GC invocations=9 (full 0):
 garbage-first heap   total 78848K, used 56273K [0x0000000080000000, 0x0000000100000000)
  region size 1024K, 39 young (39936K), 3 survivors (3072K)
 Metaspace       used 31557K, capacity 32278K, committed 32512K, reserved 1077248K
  class space    used 4213K, capacity 4502K, committed 4608K, reserved 1048576K
}
Event: 6.395 GC heap after
{Heap after GC invocations=10 (full 0):
 garbage-first heap   total 95232K, used 21319K [0x0000000080000000, 0x0000000100000000)
  region size 1024K, 5 young (5120K), 5 survivors (5120K)
 Metaspace       used 31557K, capacity 32278K, committed 32512K, reserved 1077248K
  class space    used 4213K, capacity 4502K, committed 4608K, reserved 1048576K
}
Event: 6.739 GC heap before
{Heap before GC invocations=10 (full 0):
 garbage-first heap   total 95232K, used 29511K [0x0000000080000000, 0x0000000100000000)
  region size 1024K, 14 young (14336K), 5 survivors (5120K)
 Metaspace       used 34982K, capacity 35786K, committed 35840K, reserved 1081344K
  class space    used 4541K, capacity 4863K, committed 4864K, reserved 1048576K
}
Event: 6.754 GC heap after
{Heap after GC invocations=11 (full 0):
 garbage-first heap   total 95232K, used 23082K [0x0000000080000000, 0x0000000100000000)
  region size 1024K, 5 young (5120K), 5 survivors (5120K)
 Metaspace       used 34982K, capacity 35786K, committed 35840K, reserved 1081344K
  class space    used 4541K, capacity 4863K, committed 4864K, reserved 1048576K
}
Event: 7.599 GC heap before
{Heap before GC invocations=12 (full 0):
 garbage-first heap   total 95232K, used 67114K [0x0000000080000000, 0x0000000100000000)
  region size 1024K, 46 young (47104K), 5 survivors (5120K)
 Metaspace       used 38730K, capacity 39607K, committed 39884K, reserved 1083392K
  class space    used 4941K, capacity 5280K, committed 5324K, reserved 1048576K
}
Event: 7.617 GC heap after
{Heap after GC invocations=13 (full 0):
 garbage-first heap   total 95232K, used 26692K [0x0000000080000000, 0x0000000100000000)
  region size 1024K, 6 young (6144K), 6 survivors (6144K)
 Metaspace       used 38730K, capacity 39607K, committed 39884K, reserved 1083392K
  class space    used 4941K, capacity 5280K, committed 5324K, reserved 1048576K
}
Event: 8.305 GC heap before
{Heap before GC invocations=13 (full 0):
 garbage-first heap   total 95232K, used 68676K [0x0000000080000000, 0x0000000100000000)
  region size 1024K, 47 young (48128K), 6 survivors (6144K)
 Metaspace       used 41703K, capacity 42615K, committed 42956K, reserved 1087488K
  class space    used 5379K, capacity 5718K, committed 5836K, reserved 1048576K
}
Event: 8.319 GC heap after
{Heap after GC invocations=14 (full 0):
 garbage-first heap   total 95232K, used 28298K [0x0000000080000000, 0x0000000100000000)
  region size 1024K, 3 young (3072K), 3 survivors (3072K)
 Metaspace       used 41703K, capacity 42615K, committed 42956K, reserved 1087488K
  class space    used 5379K, capacity 5718K, committed 5836K, reserved 1048576K
}
Event: 8.970 GC heap before
{Heap before GC invocations=14 (full 0):
 garbage-first heap   total 95232K, used 70282K [0x0000000080000000, 0x0000000100000000)
  region size 1024K, 44 young (45056K), 3 survivors (3072K)
 Metaspace       used 45372K, capacity 46457K, committed 46668K, reserved 1089536K
  class space    used 5819K, capacity 6209K, committed 6220K, reserved 1048576K
}
Event: 8.980 GC heap after
{Heap after GC invocations=15 (full 0):
 garbage-first heap   total 114688K, used 29586K [0x0000000080000000, 0x0000000100000000)
  region size 1024K, 4 young (4096K), 4 survivors (4096K)
 Metaspace       used 45372K, capacity 46457K, committed 46668K, reserved 1089536K
  class space    used 5819K, capacity 6209K, committed 6220K, reserved 1048576K
}
Event: 10.436 GC heap before
{Heap before GC invocations=15 (full 0):
 garbage-first heap   total 114688K, used 83858K [0x0000000080000000, 0x0000000100000000)
  region size 1024K, 55 young (56320K), 4 survivors (4096K)
 Metaspace       used 47842K, capacity 49109K, committed 49356K, reserved 1091584K
  class space    used 6100K, capacity 6577K, committed 6604K, reserved 1048576K
}
Event: 10.452 GC heap after
{Heap after GC invocations=16 (full 0):
 garbage-first heap   total 114688K, used 35508K [0x0000000080000000, 0x0000000100000000)
  region size 1024K, 7 young (7168K), 7 survivors (7168K)
 Metaspace       used 47842K, capacity 49109K, committed 49356K, reserved 1091584K
  class space    used 6100K, capacity 6577K, committed 6604K, reserved 1048576K
}
Event: 11.737 GC heap before
{Heap before GC invocations=16 (full 0):
 garbage-first heap   total 114688K, used 90804K [0x0000000080000000, 0x0000000100000000)
  region size 1024K, 58 young (59392K), 7 survivors (7168K)
 Metaspace       used 53228K, capacity 54586K, committed 54732K, reserved 1097728K
  class space    used 6775K, capacity 7304K, committed 7372K, reserved 1048576K
}
Event: 11.760 GC heap after
{Heap after GC invocations=17 (full 0):
 garbage-first heap   total 114688K, used 45776K [0x0000000080000000, 0x0000000100000000)
  region size 1024K, 8 young (8192K), 8 survivors (8192K)
 Metaspace       used 53228K, capacity 54586K, committed 54732K, reserved 1097728K
  class space    used 6775K, capacity 7304K, committed 7372K, reserved 1048576K
}
Event: 12.689 GC heap before
{Heap before GC invocations=17 (full 0):
 garbage-first heap   total 114688K, used 81616K [0x0000000080000000, 0x0000000100000000)
  region size 1024K, 44 young (45056K), 8 survivors (8192K)
 Metaspace       used 58805K, capacity 60160K, committed 60236K, reserved 1101824K
  class space    used 7424K, capacity 7942K, committed 8012K, reserved 1048576K
}
Event: 12.706 GC heap after
{Heap after GC invocations=18 (full 0):
 garbage-first heap   total 114688K, used 48030K [0x0000000080000000, 0x0000000100000000)
  region size 1024K, 2 young (2048K), 2 survivors (2048K)
 Metaspace       used 58805K, capacity 60160K, committed 60236K, reserved 1101824K
  class space    used 7424K, capacity 7942K, committed 8012K, reserved 1048576K
}
Event: 13.630 GC heap before
{Heap before GC invocations=19 (full 0):
 garbage-first heap   total 114688K, used 87966K [0x0000000080000000, 0x0000000100000000)
  region size 1024K, 42 young (43008K), 2 survivors (2048K)
 Metaspace       used 63365K, capacity 64838K, committed 64920K, reserved 1105920K
  class space    used 7987K, capacity 8537K, committed 8600K, reserved 1048576K
}

Deoptimization events (20 events):
Event: 13.163 Thread 0x000001c15b58c000 DEOPT PACKING pc=0x000001c1442474b9 sp=0x00000041710fe130
Event: 13.163 Thread 0x000001c15b58c000 DEOPT UNPACKING pc=0x000001c143796d5e sp=0x00000041710fd6a0 mode 0
Event: 13.164 Thread 0x000001c15b58c000 DEOPT PACKING pc=0x000001c1442474b9 sp=0x00000041710fe130
Event: 13.164 Thread 0x000001c15b58c000 DEOPT UNPACKING pc=0x000001c143796d5e sp=0x00000041710fd6a0 mode 0
Event: 13.165 Thread 0x000001c15b58c000 Uncommon trap: trap_request=0xffffff4d fr.pc=0x000001c14b25ef74 relative=0x00000000000005b4
Event: 13.166 Thread 0x000001c15b58c000 Uncommon trap: reason=unstable_if action=reinterpret pc=0x000001c14b25ef74 method=java.lang.AbstractStringBuilder.append(Ljava/lang/String;)Ljava/lang/AbstractStringBuilder; @ 1 c2
Event: 13.166 Thread 0x000001c15b58c000 DEOPT PACKING pc=0x000001c14b25ef74 sp=0x00000041710fe430
Event: 13.166 Thread 0x000001c15b58c000 DEOPT UNPACKING pc=0x000001c1437965af sp=0x00000041710fe3c0 mode 2
Event: 13.169 Thread 0x000001c15b58c000 DEOPT PACKING pc=0x000001c1442474b9 sp=0x00000041710fe2a0
Event: 13.169 Thread 0x000001c15b58c000 DEOPT UNPACKING pc=0x000001c143796d5e sp=0x00000041710fd810 mode 0
Event: 13.169 Thread 0x000001c15b58c000 DEOPT PACKING pc=0x000001c1442474b9 sp=0x00000041710fe2a0
Event: 13.169 Thread 0x000001c15b58c000 DEOPT UNPACKING pc=0x000001c143796d5e sp=0x00000041710fd810 mode 0
Event: 13.189 Thread 0x000001c15bb6f800 DEOPT PACKING pc=0x000001c1448ad3c8 sp=0x00000041714f3ac0
Event: 13.189 Thread 0x000001c15bb6f800 DEOPT UNPACKING pc=0x000001c143796d5e sp=0x00000041714f2f78 mode 0
Event: 13.189 Thread 0x000001c15bb6f800 DEOPT PACKING pc=0x000001c1448ad2dd sp=0x00000041714f3ac0
Event: 13.189 Thread 0x000001c15bb6f800 DEOPT UNPACKING pc=0x000001c143796d5e sp=0x00000041714f2f78 mode 0
Event: 13.190 Thread 0x000001c15bb6f800 DEOPT PACKING pc=0x000001c1448ad2dd sp=0x00000041714f3ac0
Event: 13.190 Thread 0x000001c15bb6f800 DEOPT UNPACKING pc=0x000001c143796d5e sp=0x00000041714f2f78 mode 0
Event: 13.190 Thread 0x000001c15bb6f800 DEOPT PACKING pc=0x000001c1448ad2dd sp=0x00000041714f3ac0
Event: 13.190 Thread 0x000001c15bb6f800 DEOPT UNPACKING pc=0x000001c143796d5e sp=0x00000041714f2f78 mode 0

Classes redefined (0 events):
No events

Internal exceptions (20 events):
Event: 10.907 Thread 0x000001c15c236000 Exception <a 'java/lang/NoSuchMethodError'{0x00000000860c8400}: <clinit>> (0x00000000860c8400) thrown at [./src/hotspot/share/prims/jni.cpp, line 1362]
Event: 10.909 Thread 0x000001c15c236000 Exception <a 'java/lang/NoSuchMethodError'{0x00000000860d30d0}: <clinit>> (0x00000000860d30d0) thrown at [./src/hotspot/share/prims/jni.cpp, line 1362]
Event: 10.913 Thread 0x000001c15c236000 Exception <a 'java/lang/NoSuchMethodError'{0x00000000860e7cd8}: <clinit>> (0x00000000860e7cd8) thrown at [./src/hotspot/share/prims/jni.cpp, line 1362]
Event: 10.929 Thread 0x000001c15bb6f800 Exception <a 'java/lang/ClassNotFoundException'{0x0000000085f49a68}: build_4m5lvcro2kvny6ltso3gv7iwiBeanInfo> (0x0000000085f49a68) thrown at [./src/hotspot/share/classfile/systemDictionary.cpp, line 231]
Event: 10.929 Thread 0x000001c15bb6f800 Exception <a 'java/lang/ClassNotFoundException'{0x0000000085f54a20}: build_4m5lvcro2kvny6ltso3gv7iwiCustomizer> (0x0000000085f54a20) thrown at [./src/hotspot/share/classfile/systemDictionary.cpp, line 231]
Event: 10.963 Thread 0x000001c15bb6f800 Exception <a 'java/lang/ClassNotFoundException'{0x0000000085eda9c0}: org/gradle/api/internal/plugins/DefaultObjectConfigurationActionBeanInfo> (0x0000000085eda9c0) thrown at [./src/hotspot/share/classfile/systemDictionary.cpp, line 231]
Event: 10.964 Thread 0x000001c15bb6f800 Exception <a 'java/lang/ClassNotFoundException'{0x0000000085d0ff70}: org/gradle/api/internal/plugins/DefaultObjectConfigurationActionCustomizer> (0x0000000085d0ff70) thrown at [./src/hotspot/share/classfile/systemDictionary.cpp, line 231]
Event: 11.187 Thread 0x000001c15bb6f800 Exception <a 'java/lang/NoSuchMethodError'{0x000000008535aad8}: 'java.lang.Object java.lang.invoke.DirectMethodHandle$Holder.invokeStatic(java.lang.Object, java.lang.Object, java.lang.Object, java.lang.Object, int)'> (0x000000008535aad8) thrown at [./src/hotspot/share/interpreter/linkResolver.cpp, line 773]
Event: 11.188 Thread 0x000001c15bb6f800 Exception <a 'java/lang/NoSuchMethodError'{0x000000008535f4d0}: 'java.lang.Object java.lang.invoke.DirectMethodHandle$Holder.invokeSpecial(java.lang.Object, java.lang.Object, java.lang.Object, java.lang.Object, java.lang.Object, int)'> (0x000000008535f4d0) thrown at [./src/hotspot/share/interpreter/linkResolver.cpp, line 773]
Event: 11.188 Thread 0x000001c15bb6f800 Exception <a 'java/lang/NoSuchMethodError'{0x0000000085363b10}: 'java.lang.Object java.lang.invoke.Invokers$Holder.linkToTargetMethod(java.lang.Object, java.lang.Object, java.lang.Object, int, java.lang.Object)'> (0x0000000085363b10) thrown at [./src/hotspot/share/interpreter/linkResolver.cpp, line 773]
Event: 11.555 Thread 0x000001c15bb6f800 Exception <a 'java/lang/NoSuchMethodError'{0x0000000084441280}: 'java.lang.Object java.lang.invoke.DirectMethodHandle$Holder.invokeSpecial(java.lang.Object, java.lang.Object, int, int, java.lang.Object, java.lang.Object, java.lang.Object)'> (0x0000000084441280) thrown at [./src/hotspot/share/interpreter/linkResolver.cpp, line 773]
Event: 11.555 Thread 0x000001c15bb6f800 Exception <a 'java/lang/NoSuchMethodError'{0x0000000084445800}: 'java.lang.Object java.lang.invoke.DelegatingMethodHandle$Holder.reinvoke_L(java.lang.Object, int, int, java.lang.Object, java.lang.Object, java.lang.Object)'> (0x0000000084445800) thrown at [./src/hotspot/share/interpreter/linkResolver.cpp, line 773]
Event: 11.932 Thread 0x000001c15bb6f800 Exception <a 'java/lang/NoSuchMethodError'{0x0000000086baaa78}: 'int java.lang.invoke.DirectMethodHandle$Holder.invokeInterface(java.lang.Object, java.lang.Object, java.lang.Object, java.lang.Object)'> (0x0000000086baaa78) thrown at [./src/hotspot/share/interpreter/linkResolver.cpp, line 773]
Event: 12.493 Thread 0x000001c15bb6f800 Exception <a 'java/lang/NoSuchMethodError'{0x0000000085456908}: 'void java.lang.invoke.DirectMethodHandle$Holder.invokeInterface(java.lang.Object, java.lang.Object, java.lang.Object, java.lang.Object)'> (0x0000000085456908) thrown at [./src/hotspot/share/interpreter/linkResolver.cpp, line 773]
Event: 12.543 Thread 0x000001c15bb6f800 Implicit null exception at 0x000001c14b4549af to 0x000001c14b454bb8
Event: 12.707 Thread 0x000001c15bb6f800 Exception <a 'java/lang/IncompatibleClassChangeError'{0x0000000086f01e30}: Found class java.lang.Object, but interface was expected> (0x0000000086f01e30) thrown at [./src/hotspot/share/interpreter/linkResolver.cpp, line 839]
Event: 12.965 Thread 0x000001c15bb6f800 Implicit null exception at 0x000001c14b48802b to 0x000001c14b488304
Event: 13.043 Thread 0x000001c15bb6f800 Implicit null exception at 0x000001c14b353fac to 0x000001c14b3540da
Event: 13.165 Thread 0x000001c15b58c000 Implicit null exception at 0x000001c14b25e9f7 to 0x000001c14b25ef60
Event: 13.305 Thread 0x000001c15bb6f800 Exception <a 'sun/nio/fs/WindowsException'{0x00000000858440c8}> (0x00000000858440c8) thrown at [./src/hotspot/share/prims/jni.cpp, line 615]

Events (20 events):
Event: 13.599 loading class org/gradle/internal/instantiation/generator/AsmBackedClassGenerator$ClassBuilderImpl done
Event: 13.600 loading class com/android/build/gradle/internal/dsl/DependenciesInfoImpl
Event: 13.600 loading class com/android/build/gradle/internal/dsl/DependenciesInfoImpl done
Event: 13.603 loading class com/android/build/gradle/internal/CompileOptions$AgpDecorated
Event: 13.603 loading class com/android/build/gradle/internal/CompileOptions$AgpDecorated done
Event: 13.604 loading class kotlin/annotation/Target
Event: 13.604 loading class kotlin/annotation/Target done
Event: 13.611 loading class com/google/common/base/Charsets
Event: 13.611 loading class com/google/common/base/Charsets done
Event: 13.612 loading class com/android/build/gradle/internal/dsl/Splits$AgpDecorated
Event: 13.612 loading class com/android/build/gradle/internal/dsl/Splits$AgpDecorated done
Event: 13.612 loading class com/android/build/gradle/internal/dsl/LanguageSplitOptions
Event: 13.612 loading class com/android/build/gradle/internal/dsl/LanguageSplitOptions done
Event: 13.619 loading class com/android/build/gradle/internal/dsl/DensitySplitOptions$AgpDecorated
Event: 13.619 loading class com/android/build/gradle/internal/dsl/DensitySplitOptions$AgpDecorated done
Event: 13.625 loading class com/android/build/gradle/internal/dsl/AbiSplitOptions$AgpDecorated
Event: 13.625 loading class com/android/build/gradle/internal/dsl/AbiSplitOptions$AgpDecorated done
Event: 13.630 loading class com/android/build/gradle/internal/core/Abi
Event: 13.630 loading class com/android/build/gradle/internal/core/Abi done
Event: 13.630 Executing VM operation: G1CollectForAllocation


Dynamic libraries:
0x00007ff637e80000 - 0x00007ff637e8a000 	C:\Program Files\Android\Android Studio\jre\bin\java.exe
0x00007ffd5e470000 - 0x00007ffd5e665000 	C:\Windows\SYSTEM32\ntdll.dll
0x00007ffd5d530000 - 0x00007ffd5d5ee000 	C:\Windows\System32\KERNEL32.DLL
0x00007ffd5bd50000 - 0x00007ffd5c018000 	C:\Windows\System32\KERNELBASE.dll
0x00007ffd5c1c0000 - 0x00007ffd5c2c0000 	C:\Windows\System32\ucrtbase.dll
0x00007ffd51b10000 - 0x00007ffd51b29000 	C:\Program Files\Android\Android Studio\jre\bin\jli.dll
0x00007ffd5d380000 - 0x00007ffd5d521000 	C:\Windows\System32\USER32.dll
0x00007ffd5c420000 - 0x00007ffd5c442000 	C:\Windows\System32\win32u.dll
0x00007ffd5cba0000 - 0x00007ffd5cbcb000 	C:\Windows\System32\GDI32.dll
0x00007ffd4c5f0000 - 0x00007ffd4c607000 	C:\Program Files\Android\Android Studio\jre\bin\VCRUNTIME140.dll
0x00007ffd4f490000 - 0x00007ffd4f72a000 	C:\Windows\WinSxS\amd64_microsoft.windows.common-controls_6595b64144ccf1df_6.0.19041.1110_none_60b5254171f9507e\COMCTL32.dll
0x00007ffd5c020000 - 0x00007ffd5c12d000 	C:\Windows\System32\gdi32full.dll
0x00007ffd5c5d0000 - 0x00007ffd5c66e000 	C:\Windows\System32\msvcrt.dll
0x00007ffd5bbd0000 - 0x00007ffd5bc6d000 	C:\Windows\System32\msvcp_win.dll
0x00007ffd5c910000 - 0x00007ffd5c940000 	C:\Windows\System32\IMM32.DLL
0x00007ffd28690000 - 0x00007ffd2872d000 	C:\Program Files\Android\Android Studio\jre\bin\msvcp140.dll
0x00007ffd2d310000 - 0x00007ffd2dde5000 	C:\Program Files\Android\Android Studio\jre\bin\server\jvm.dll
0x00007ffd5c670000 - 0x00007ffd5c71c000 	C:\Windows\System32\ADVAPI32.dll
0x00007ffd5c530000 - 0x00007ffd5c5cb000 	C:\Windows\System32\sechost.dll
0x00007ffd5ca70000 - 0x00007ffd5cb9a000 	C:\Windows\System32\RPCRT4.dll
0x00007ffd5d7a0000 - 0x00007ffd5d7a8000 	C:\Windows\System32\PSAPI.DLL
0x00007ffd50db0000 - 0x00007ffd50dba000 	C:\Windows\SYSTEM32\VERSION.dll
0x00007ffd57240000 - 0x00007ffd57249000 	C:\Windows\SYSTEM32\WSOCK32.dll
0x00007ffd4df70000 - 0x00007ffd4df97000 	C:\Windows\SYSTEM32\WINMM.dll
0x00007ffd5c780000 - 0x00007ffd5c7eb000 	C:\Windows\System32\WS2_32.dll
0x00007ffd59b10000 - 0x00007ffd59b22000 	C:\Windows\SYSTEM32\kernel.appcore.dll
0x00007ffd56d70000 - 0x00007ffd56d81000 	C:\Program Files\Android\Android Studio\jre\bin\verify.dll
0x00007ffd47220000 - 0x00007ffd47404000 	C:\Windows\SYSTEM32\DBGHELP.DLL
0x00007ffd47180000 - 0x00007ffd471ac000 	C:\Windows\SYSTEM32\dbgcore.DLL
0x00007ffd5c130000 - 0x00007ffd5c1b2000 	C:\Windows\System32\bcryptPrimitives.dll
0x00007ffd56990000 - 0x00007ffd569b9000 	C:\Program Files\Android\Android Studio\jre\bin\java.dll
0x00007ffd57230000 - 0x00007ffd5723b000 	C:\Program Files\Android\Android Studio\jre\bin\jimage.dll
0x00007ffd56970000 - 0x00007ffd56988000 	C:\Program Files\Android\Android Studio\jre\bin\zip.dll
0x00007ffd5d7b0000 - 0x00007ffd5def4000 	C:\Windows\System32\SHELL32.dll
0x00007ffd59e20000 - 0x00007ffd5a5b4000 	C:\Windows\SYSTEM32\windows.storage.dll
0x00007ffd5cdf0000 - 0x00007ffd5d145000 	C:\Windows\System32\combase.dll
0x00007ffd5b500000 - 0x00007ffd5b52e000 	C:\Windows\SYSTEM32\Wldp.dll
0x00007ffd5c7f0000 - 0x00007ffd5c89d000 	C:\Windows\System32\SHCORE.dll
0x00007ffd5cca0000 - 0x00007ffd5ccf5000 	C:\Windows\System32\shlwapi.dll
0x00007ffd5bac0000 - 0x00007ffd5badf000 	C:\Windows\SYSTEM32\profapi.dll
0x00007ffd558e0000 - 0x00007ffd558fa000 	C:\Program Files\Android\Android Studio\jre\bin\net.dll
0x00007ffd536d0000 - 0x00007ffd537dc000 	C:\Windows\SYSTEM32\WINHTTP.dll
0x00007ffd5b260000 - 0x00007ffd5b2ca000 	C:\Windows\system32\mswsock.dll
0x00007ffd54c30000 - 0x00007ffd54c44000 	C:\Program Files\Android\Android Studio\jre\bin\nio.dll
0x00007ffd51e90000 - 0x00007ffd51eb7000 	C:\Users\Admin\.gradle\native\e1d6ef7f7dcc3fd88c89a11ec53ec762bb8ba0a96d01ffa2cd45eb1d1d8dd5c5\windows-amd64\native-platform.dll
0x00007ffd28540000 - 0x00007ffd28684000 	C:\Users\Admin\.gradle\native\5664cfc778a61ccfe75a443a1ab52a65af34e5dc3c78e0209fed803814484fcb\windows-amd64\native-platform-file-events.dll
0x00007ffd56870000 - 0x00007ffd5687a000 	C:\Program Files\Android\Android Studio\jre\bin\management.dll
0x00007ffd56760000 - 0x00007ffd5676d000 	C:\Program Files\Android\Android Studio\jre\bin\management_ext.dll
0x00007ffd5b460000 - 0x00007ffd5b478000 	C:\Windows\SYSTEM32\CRYPTSP.dll
0x00007ffd5ad90000 - 0x00007ffd5adc4000 	C:\Windows\system32\rsaenh.dll
0x00007ffd5bd20000 - 0x00007ffd5bd47000 	C:\Windows\System32\bcrypt.dll
0x00007ffd5ba40000 - 0x00007ffd5ba6e000 	C:\Windows\SYSTEM32\USERENV.dll
0x00007ffd5b450000 - 0x00007ffd5b45c000 	C:\Windows\SYSTEM32\CRYPTBASE.dll
0x00007ffd5af50000 - 0x00007ffd5af8b000 	C:\Windows\SYSTEM32\IPHLPAPI.DLL
0x00007ffd5cd00000 - 0x00007ffd5cd08000 	C:\Windows\System32\NSI.dll
0x00007ffd54230000 - 0x00007ffd54247000 	C:\Windows\SYSTEM32\dhcpcsvc6.DLL
0x00007ffd54210000 - 0x00007ffd5422d000 	C:\Windows\SYSTEM32\dhcpcsvc.DLL
0x00007ffd5af90000 - 0x00007ffd5b05b000 	C:\Windows\SYSTEM32\DNSAPI.dll

dbghelp: loaded successfully - version: 4.0.5 - missing functions: none
symbol engine: initialized successfully - sym options: 0x614 - pdb path: .;C:\Program Files\Android\Android Studio\jre\bin;C:\Windows\SYSTEM32;C:\Windows\WinSxS\amd64_microsoft.windows.common-controls_6595b64144ccf1df_6.0.19041.1110_none_60b5254171f9507e;C:\Program Files\Android\Android Studio\jre\bin\server;C:\Users\Admin\.gradle\native\e1d6ef7f7dcc3fd88c89a11ec53ec762bb8ba0a96d01ffa2cd45eb1d1d8dd5c5\windows-amd64;C:\Users\Admin\.gradle\native\5664cfc778a61ccfe75a443a1ab52a65af34e5dc3c78e0209fed803814484fcb\windows-amd64

VM Arguments:
jvm_args: --add-opens=java.base/java.util=ALL-UNNAMED --add-opens=java.base/java.lang=ALL-UNNAMED --add-opens=java.base/java.lang.invoke=ALL-UNNAMED --add-opens=java.base/java.util=ALL-UNNAMED --add-opens=java.prefs/java.util.prefs=ALL-UNNAMED --add-opens=java.prefs/java.util.prefs=ALL-UNNAMED --add-opens=java.base/java.nio.charset=ALL-UNNAMED --add-opens=java.base/java.net=ALL-UNNAMED --add-opens=java.base/java.util.concurrent.atomic=ALL-UNNAMED -Xmx2048m -Dfile.encoding=UTF-8 -Duser.country=US -Duser.language=en -Duser.variant 
java_command: org.gradle.launcher.daemon.bootstrap.GradleDaemon 7.2
java_class_path (initial): C:\Users\Admin\.gradle\wrapper\dists\gradle-7.2-bin\2dnblmf4td7x66yl1d74lt32g\gradle-7.2\lib\gradle-launcher-7.2.jar
Launcher Type: SUN_STANDARD

[Global flags]
     intx CICompilerCount                          = 3                                         {product} {ergonomic}
     uint ConcGCThreads                            = 1                                         {product} {ergonomic}
     uint G1ConcRefinementThreads                  = 4                                         {product} {ergonomic}
   size_t G1HeapRegionSize                         = 1048576                                   {product} {ergonomic}
    uintx GCDrainStackTargetSize                   = 64                                        {product} {ergonomic}
   size_t InitialHeapSize                          = 67108864                                  {product} {ergonomic}
   size_t MarkStackSize                            = 4194304                                   {product} {ergonomic}
   size_t MaxHeapSize                              = 2147483648                                {product} {command line}
   size_t MaxNewSize                               = 1287651328                                {product} {ergonomic}
   size_t MinHeapDeltaBytes                        = 1048576                                   {product} {ergonomic}
    uintx NonNMethodCodeHeapSize                   = 5830732                                {pd product} {ergonomic}
    uintx NonProfiledCodeHeapSize                  = 122913754                              {pd product} {ergonomic}
    uintx ProfiledCodeHeapSize                     = 122913754                              {pd product} {ergonomic}
    uintx ReservedCodeCacheSize                    = 251658240                              {pd product} {ergonomic}
     bool SegmentedCodeCache                       = true                                      {product} {ergonomic}
     bool UseCompressedClassPointers               = true                                 {lp64_product} {ergonomic}
     bool UseCompressedOops                        = true                                 {lp64_product} {ergonomic}
     bool UseG1GC                                  = true                                      {product} {ergonomic}
     bool UseLargePagesIndividualAllocation        = false                                  {pd product} {ergonomic}

Logging:
Log output configuration:
 #0: stdout all=warning uptime,level,tags
 #1: stderr all=off uptime,level,tags

Environment Variables:
PATH=C:\Program Files (x86)\Common Files\Oracle\Java\javapath;C:\Program Files (x86)\VMware\VMware Player\bin\;C:\Windows\system32;C:\Windows;C:\Windows\System32\Wbem;C:\Windows\System32\WindowsPowerShell\v1.0\;C:\Windows\System32\OpenSSH\;C:\Program Files\dotnet\;C:\Users\Admin\AppData\Local\Microsoft\WindowsApps;C:\Users\Admin\.dotnet\tools
USERNAME=Admin
OS=Windows_NT
PROCESSOR_IDENTIFIER=Intel64 Family 6 Model 42 Stepping 7, GenuineIntel



---------------  S Y S T E M  ---------------

OS: Windows 10 , 64 bit Build 19041 (10.0.19041.1348)
OS uptime: 0 days 1:13 hours

CPU:total 4 (initial active 4) (2 cores per cpu, 2 threads per core) family 6 model 42 stepping 7 microcode 0x2f, cmov, cx8, fxsr, mmx, sse, sse2, sse3, ssse3, sse4.1, sse4.2, popcnt, avx, clmul, ht, tsc, tscinvbit

Memory: 4k page, system-wide physical 4004M (297M free)
TotalPageFile size 4004M (AvailPageFile size 14M)
current process WorkingSet (physical memory assigned to process): 281M, peak: 281M
current process commit charge ("private bytes"): 320M, peak: 343M

vm_info: OpenJDK 64-Bit Server VM (11.0.11+9-b60-7590822) for windows-amd64 JRE (11.0.11+9-b60-7590822), built on Jul 29 2021 21:43:44 by "builder" with MS VC++ 14.0 (VS2015)

END.
