#
# There is insufficient memory for the Java Runtime Environment to continue.
# Native memory allocation (mmap) failed to map 24117248 bytes for Failed to commit area from 0x0000000087000000 to 0x0000000088700000 of length 24117248.
# Possible reasons:
#   The system is out of physical RAM or swap space
#   The process is running with CompressedOops enabled, and the Java Heap may be blocking the growth of the native heap
# Possible solutions:
#   Reduce memory load on the system
#   Increase physical memory or swap space
#   Check if swap backing store is full
#   Decrease Java heap size (-Xmx/-Xms)
#   Decrease number of Java threads
#   Decrease Java thread stack sizes (-Xss)
#   Set larger code cache with -XX:ReservedCodeCacheSize=
#   JVM is running with Unscaled Compressed Oops mode in which the Java heap is
#     placed in the first 4GB address space. The Java Heap base address is the
#     maximum limit for the native heap growth. Please use -XX:HeapBaseMinAddress
#     to set the Java Heap base and to place the Java Heap above 4GB virtual address.
# This output file may be truncated or incomplete.
#
#  Out of Memory Error (./src/hotspot/os/windows/os_windows.cpp:3301), pid=3192, tid=2852
#
# JRE version: OpenJDK Runtime Environment (11.0.11+9) (build 11.0.11+9-b60-7590822)
# Java VM: OpenJDK 64-Bit Server VM (11.0.11+9-b60-7590822, mixed mode, tiered, compressed oops, g1 gc, windows-amd64)
# No core dump will be written. Minidumps are not enabled by default on client versions of Windows
#

---------------  S U M M A R Y ------------

Command Line: --add-opens=java.base/java.util=ALL-UNNAMED --add-opens=java.base/java.lang=ALL-UNNAMED --add-opens=java.base/java.lang.invoke=ALL-UNNAMED --add-opens=java.base/java.util=ALL-UNNAMED --add-opens=java.prefs/java.util.prefs=ALL-UNNAMED --add-opens=java.prefs/java.util.prefs=ALL-UNNAMED --add-opens=java.base/java.nio.charset=ALL-UNNAMED --add-opens=java.base/java.net=ALL-UNNAMED --add-opens=java.base/java.util.concurrent.atomic=ALL-UNNAMED -Xmx2048m -Dfile.encoding=UTF-8 -Duser.country=US -Duser.language=en -Duser.variant org.gradle.launcher.daemon.bootstrap.GradleDaemon 7.2

Host: Intel(R) Core(TM) i3-2330M CPU @ 2.20GHz, 4 cores, 3G,  Windows 10 , 64 bit Build 19041 (10.0.19041.1348)
Time: Fri May 13 14:56:24 2022 SE Asia Standard Time elapsed time: 17.641674 seconds (0d 0h 0m 17s)

---------------  T H R E A D  ---------------

Current thread (0x0000019f864a6000):  VMThread "VM Thread" [stack: 0x0000007938600000,0x0000007938700000] [id=2852]

Stack: [0x0000007938600000,0x0000007938700000]
[error occurred during error reporting (printing stack bounds), id 0xc0000005, EXCEPTION_ACCESS_VIOLATION (0xc0000005) at pc=0x0000019fefbd0f2d]

Native frames: (J=compiled Java code, j=interpreted, Vv=VM code, C=native code)
V  [jvm.dll+0x5f214a]
V  [jvm.dll+0x726fb5]
V  [jvm.dll+0x7285cd]
V  [jvm.dll+0x728be5]
V  [jvm.dll+0x728b9b]
V  [jvm.dll+0x5f14e8]
V  [jvm.dll+0x5f1c78]
C  [ntdll.dll+0xa20cf]
C  [ntdll.dll+0x51454]
C  [ntdll.dll+0xa0bfe]
C  0x0000019fefbd0f2d

VM_Operation (0x0000007939af5630): G1CollectForAllocation, mode: safepoint, requested by thread 0x0000019f882c7000


---------------  P R O C E S S  ---------------

Threads class SMR info:
_java_thread_list=0x0000019f8ab9b6a0, length=78, elements={
0x0000019fec0cd000, 0x0000019f864ad000, 0x0000019f864b0800, 0x0000019f86506800,
0x0000019f8650a000, 0x0000019f8650e800, 0x0000019f86511800, 0x0000019f86516000,
0x0000019f86517000, 0x0000019f86f97000, 0x0000019f88808800, 0x0000019f870a1000,
0x0000019f89f55800, 0x0000019f89dd0800, 0x0000019f88f35800, 0x0000019f88d5e800,
0x0000019f882c7000, 0x0000019f89662800, 0x0000019f8876e800, 0x0000019f8994c800,
0x0000019f8994a000, 0x0000019f8994a800, 0x0000019f8994b800, 0x0000019f8994d000,
0x0000019f8994e000, 0x0000019f89948800, 0x0000019f8994f000, 0x0000019f89949000,
0x0000019f89a51000, 0x0000019f89a52000, 0x0000019f89a4d800, 0x0000019f89a4f800,
0x0000019f89a50000, 0x0000019f89a56800, 0x0000019f89a59000, 0x0000019f89a58800,
0x0000019f89a55000, 0x0000019f89a53800, 0x0000019f89a57800, 0x0000019f89a5a000,
0x0000019f89a54000, 0x0000019f89a5b000, 0x0000019f89a5b800, 0x0000019f88f9e000,
0x0000019f88f9f000, 0x0000019f88f9f800, 0x0000019f88f9d800, 0x0000019f88f9b000,
0x0000019f88f9b800, 0x0000019f88f9a000, 0x0000019f88fa0800, 0x0000019f88fa1800,
0x0000019f88fa2000, 0x0000019f88f9c800, 0x0000019f88fa4800, 0x0000019f88fa3000,
0x0000019f88fa8000, 0x0000019f88fa5800, 0x0000019f88fa8800, 0x0000019f88fa6000,
0x0000019f88fa4000, 0x0000019f88fa7000, 0x0000019f8963b000, 0x0000019f8963a000,
0x0000019f8963b800, 0x0000019f8963c800, 0x0000019f89638800, 0x0000019f8963e000,
0x0000019f8963f000, 0x0000019f89639000, 0x0000019f89640000, 0x0000019f89643000,
0x0000019f8963d800, 0x0000019f89642000, 0x0000019f89644000, 0x0000019f89640800,
0x0000019f89644800, 0x0000019f89646800
}

Java Threads: ( => current thread )
  0x0000019fec0cd000 JavaThread "main" [_thread_blocked, id=1940, stack(0x0000007938000000,0x0000007938100000)]
  0x0000019f864ad000 JavaThread "Reference Handler" daemon [_thread_blocked, id=4848, stack(0x0000007938700000,0x0000007938800000)]
  0x0000019f864b0800 JavaThread "Finalizer" daemon [_thread_blocked, id=1828, stack(0x0000007938800000,0x0000007938900000)]
  0x0000019f86506800 JavaThread "Signal Dispatcher" daemon [_thread_blocked, id=6140, stack(0x0000007938900000,0x0000007938a00000)]
  0x0000019f8650a000 JavaThread "Attach Listener" daemon [_thread_blocked, id=4428, stack(0x0000007938a00000,0x0000007938b00000)]
  0x0000019f8650e800 JavaThread "Service Thread" daemon [_thread_blocked, id=3164, stack(0x0000007938b00000,0x0000007938c00000)]
  0x0000019f86511800 JavaThread "C2 CompilerThread0" daemon [_thread_in_native, id=5500, stack(0x0000007938c00000,0x0000007938d00000)]
  0x0000019f86516000 JavaThread "C1 CompilerThread0" daemon [_thread_blocked, id=3248, stack(0x0000007938d00000,0x0000007938e00000)]
  0x0000019f86517000 JavaThread "Sweeper thread" daemon [_thread_blocked, id=2464, stack(0x0000007938e00000,0x0000007938f00000)]
  0x0000019f86f97000 JavaThread "Common-Cleaner" daemon [_thread_blocked, id=2700, stack(0x0000007938f00000,0x0000007939000000)]
  0x0000019f88808800 JavaThread "Daemon health stats" [_thread_blocked, id=5248, stack(0x0000007939300000,0x0000007939400000)]
  0x0000019f870a1000 JavaThread "Incoming local TCP Connector on port 58433" [_thread_in_native, id=208, stack(0x0000007939100000,0x0000007939200000)]
  0x0000019f89f55800 JavaThread "Daemon periodic checks" [_thread_blocked, id=2116, stack(0x0000007939600000,0x0000007939700000)]
  0x0000019f89dd0800 JavaThread "Daemon" [_thread_blocked, id=744, stack(0x0000007939700000,0x0000007939800000)]
  0x0000019f88f35800 JavaThread "Handler for socket connection from /127.0.0.1:58433 to /127.0.0.1:58434" [_thread_in_native, id=4148, stack(0x0000007939800000,0x0000007939900000)]
  0x0000019f88d5e800 JavaThread "Cancel handler" [_thread_blocked, id=3252, stack(0x0000007939900000,0x0000007939a00000)]
  0x0000019f882c7000 JavaThread "Daemon worker" [_thread_blocked, id=3544, stack(0x0000007939a00000,0x0000007939b00000)]
  0x0000019f89662800 JavaThread "Asynchronous log dispatcher for DefaultDaemonConnection: socket connection from /127.0.0.1:58433 to /127.0.0.1:58434" [_thread_blocked, id=4676, stack(0x0000007939b00000,0x0000007939c00000)]
  0x0000019f8876e800 JavaThread "Stdin handler" [_thread_blocked, id=3104, stack(0x0000007939c00000,0x0000007939d00000)]
  0x0000019f8994c800 JavaThread "Daemon client event forwarder" [_thread_blocked, id=3156, stack(0x0000007939d00000,0x0000007939e00000)]
  0x0000019f8994a000 JavaThread "Cache worker for journal cache (C:\Users\Admin\.gradle\caches\journal-1)" [_thread_blocked, id=3532, stack(0x0000007939e00000,0x0000007939f00000)]
  0x0000019f8994a800 JavaThread "File lock request listener" [_thread_in_native, id=232, stack(0x0000007939f00000,0x000000793a000000)]
  0x0000019f8994b800 JavaThread "Cache worker for file hash cache (C:\Users\Admin\.gradle\caches\7.2\fileHashes)" [_thread_blocked, id=3312, stack(0x000000793a000000,0x000000793a100000)]
  0x0000019f8994d000 JavaThread "Cache worker for file hash cache (C:\Users\Admin\AndroidStudioProjects\curency\.gradle\7.2\fileHashes)" [_thread_blocked, id=216, stack(0x000000793a100000,0x000000793a200000)]
  0x0000019f8994e000 JavaThread "File watcher server" daemon [_thread_in_native, id=3136, stack(0x000000793a200000,0x000000793a300000)]
  0x0000019f89948800 JavaThread "File watcher consumer" daemon [_thread_blocked, id=4656, stack(0x000000793a300000,0x000000793a400000)]
  0x0000019f8994f000 JavaThread "Cache worker for checksums cache (C:\Users\Admin\AndroidStudioProjects\curency\.gradle\checksums)" [_thread_blocked, id=6060, stack(0x000000793a400000,0x000000793a500000)]
  0x0000019f89949000 JavaThread "Cache worker for cache directory md-supplier (C:\Users\Admin\.gradle\caches\7.2\md-supplier)" [_thread_blocked, id=5348, stack(0x000000793a500000,0x000000793a600000)]
  0x0000019f89a51000 JavaThread "Cache worker for cache directory md-rule (C:\Users\Admin\.gradle\caches\7.2\md-rule)" [_thread_blocked, id=5724, stack(0x000000793a600000,0x000000793a700000)]
  0x0000019f89a52000 JavaThread "Cache worker for execution history cache (C:\Users\Admin\.gradle\caches\7.2\executionHistory)" [_thread_blocked, id=5492, stack(0x000000793a700000,0x000000793a800000)]
  0x0000019f89a4d800 JavaThread "jar transforms" [_thread_blocked, id=1364, stack(0x000000793a800000,0x000000793a900000)]
  0x0000019f89a4f800 JavaThread "Cache worker for file content cache (C:\Users\Admin\.gradle\caches\7.2\fileContent)" [_thread_blocked, id=6016, stack(0x000000793a900000,0x000000793aa00000)]
  0x0000019f89a50000 JavaThread "jar transforms Thread 2" [_thread_blocked, id=6020, stack(0x000000793aa00000,0x000000793ab00000)]
  0x0000019f89a56800 JavaThread "Cache worker for dependencies-accessors (C:\Users\Admin\AndroidStudioProjects\curency\.gradle\7.2\dependencies-accessors)" [_thread_blocked, id=3220, stack(0x000000793ab00000,0x000000793ac00000)]
  0x0000019f89a59000 JavaThread "jar transforms Thread 3" [_thread_blocked, id=5200, stack(0x000000793ac00000,0x000000793ad00000)]
  0x0000019f89a58800 JavaThread "Cache worker for Build Output Cleanup Cache (C:\Users\Admin\AndroidStudioProjects\curency\.gradle\buildOutputCleanup)" [_thread_blocked, id=1716, stack(0x000000793ad00000,0x000000793ae00000)]
  0x0000019f89a55000 JavaThread "Unconstrained build operations" [_thread_blocked, id=1436, stack(0x000000793ae00000,0x000000793af00000)]
  0x0000019f89a53800 JavaThread "Unconstrained build operations Thread 2" [_thread_blocked, id=180, stack(0x000000793af00000,0x000000793b000000)]
  0x0000019f89a57800 JavaThread "Unconstrained build operations Thread 3" [_thread_blocked, id=944, stack(0x000000793b000000,0x000000793b100000)]
  0x0000019f89a5a000 JavaThread "Unconstrained build operations Thread 4" [_thread_blocked, id=6000, stack(0x000000793b100000,0x000000793b200000)]
  0x0000019f89a54000 JavaThread "Unconstrained build operations Thread 5" [_thread_blocked, id=4152, stack(0x000000793b200000,0x000000793b300000)]
  0x0000019f89a5b000 JavaThread "Unconstrained build operations Thread 6" [_thread_blocked, id=3272, stack(0x000000793b300000,0x000000793b400000)]
  0x0000019f89a5b800 JavaThread "Unconstrained build operations Thread 7" [_thread_blocked, id=3016, stack(0x000000793b400000,0x000000793b500000)]
  0x0000019f88f9e000 JavaThread "Unconstrained build operations Thread 8" [_thread_blocked, id=2004, stack(0x000000793b500000,0x000000793b600000)]
  0x0000019f88f9f000 JavaThread "Unconstrained build operations Thread 9" [_thread_blocked, id=1908, stack(0x000000793b600000,0x000000793b700000)]
  0x0000019f88f9f800 JavaThread "Unconstrained build operations Thread 10" [_thread_blocked, id=3076, stack(0x000000793b700000,0x000000793b800000)]
  0x0000019f88f9d800 JavaThread "Unconstrained build operations Thread 11" [_thread_blocked, id=4840, stack(0x000000793b800000,0x000000793b900000)]
  0x0000019f88f9b000 JavaThread "Unconstrained build operations Thread 12" [_thread_blocked, id=2716, stack(0x000000793b900000,0x000000793ba00000)]
  0x0000019f88f9b800 JavaThread "Unconstrained build operations Thread 13" [_thread_blocked, id=5384, stack(0x000000793ba00000,0x000000793bb00000)]
  0x0000019f88f9a000 JavaThread "Unconstrained build operations Thread 14" [_thread_blocked, id=5152, stack(0x000000793bb00000,0x000000793bc00000)]
  0x0000019f88fa0800 JavaThread "Unconstrained build operations Thread 15" [_thread_blocked, id=3720, stack(0x000000793bc00000,0x000000793bd00000)]
  0x0000019f88fa1800 JavaThread "Unconstrained build operations Thread 16" [_thread_blocked, id=3004, stack(0x000000793bd00000,0x000000793be00000)]
  0x0000019f88fa2000 JavaThread "Unconstrained build operations Thread 17" [_thread_blocked, id=1608, stack(0x000000793be00000,0x000000793bf00000)]
  0x0000019f88f9c800 JavaThread "Unconstrained build operations Thread 18" [_thread_blocked, id=4456, stack(0x000000793bf00000,0x000000793c000000)]
  0x0000019f88fa4800 JavaThread "Unconstrained build operations Thread 19" [_thread_blocked, id=6012, stack(0x000000793c000000,0x000000793c100000)]
  0x0000019f88fa3000 JavaThread "Unconstrained build operations Thread 20" [_thread_blocked, id=3712, stack(0x000000793c100000,0x000000793c200000)]
  0x0000019f88fa8000 JavaThread "Unconstrained build operations Thread 21" [_thread_blocked, id=4416, stack(0x000000793c200000,0x000000793c300000)]
  0x0000019f88fa5800 JavaThread "Unconstrained build operations Thread 22" [_thread_blocked, id=1256, stack(0x000000793c300000,0x000000793c400000)]
  0x0000019f88fa8800 JavaThread "Unconstrained build operations Thread 23" [_thread_blocked, id=4356, stack(0x000000793c400000,0x000000793c500000)]
  0x0000019f88fa6000 JavaThread "Unconstrained build operations Thread 24" [_thread_blocked, id=1736, stack(0x000000793c500000,0x000000793c600000)]
  0x0000019f88fa4000 JavaThread "Unconstrained build operations Thread 25" [_thread_blocked, id=5168, stack(0x000000793c600000,0x000000793c700000)]
  0x0000019f88fa7000 JavaThread "Unconstrained build operations Thread 26" [_thread_blocked, id=5420, stack(0x000000793c700000,0x000000793c800000)]
  0x0000019f8963b000 JavaThread "Unconstrained build operations Thread 27" [_thread_blocked, id=2228, stack(0x000000793c800000,0x000000793c900000)]
  0x0000019f8963a000 JavaThread "Unconstrained build operations Thread 28" [_thread_blocked, id=3264, stack(0x000000793c900000,0x000000793ca00000)]
  0x0000019f8963b800 JavaThread "Unconstrained build operations Thread 29" [_thread_blocked, id=5272, stack(0x000000793ca00000,0x000000793cb00000)]
  0x0000019f8963c800 JavaThread "Unconstrained build operations Thread 30" [_thread_blocked, id=1760, stack(0x000000793cb00000,0x000000793cc00000)]
  0x0000019f89638800 JavaThread "Unconstrained build operations Thread 31" [_thread_blocked, id=3204, stack(0x000000793cc00000,0x000000793cd00000)]
  0x0000019f8963e000 JavaThread "Unconstrained build operations Thread 32" [_thread_blocked, id=6116, stack(0x000000793cd00000,0x000000793ce00000)]
  0x0000019f8963f000 JavaThread "Unconstrained build operations Thread 33" [_thread_blocked, id=1288, stack(0x000000793ce00000,0x000000793cf00000)]
  0x0000019f89639000 JavaThread "Unconstrained build operations Thread 34" [_thread_blocked, id=1544, stack(0x000000793cf00000,0x000000793d000000)]
  0x0000019f89640000 JavaThread "Unconstrained build operations Thread 35" [_thread_blocked, id=3360, stack(0x000000793d000000,0x000000793d100000)]
  0x0000019f89643000 JavaThread "Unconstrained build operations Thread 36" [_thread_blocked, id=5220, stack(0x000000793d100000,0x000000793d200000)]
  0x0000019f8963d800 JavaThread "Unconstrained build operations Thread 37" [_thread_blocked, id=5880, stack(0x000000793d200000,0x000000793d300000)]
  0x0000019f89642000 JavaThread "Unconstrained build operations Thread 38" [_thread_blocked, id=1408, stack(0x000000793d300000,0x000000793d400000)]
  0x0000019f89644000 JavaThread "Unconstrained build operations Thread 39" [_thread_blocked, id=2124, stack(0x000000793d400000,0x000000793d500000)]
  0x0000019f89640800 JavaThread "Unconstrained build operations Thread 40" [_thread_blocked, id=2640, stack(0x000000793d500000,0x000000793d600000)]
  0x0000019f89644800 JavaThread "jar transforms Thread 4" [_thread_blocked, id=1184, stack(0x000000793d600000,0x000000793d700000)]
  0x0000019f89646800 JavaThread "Memory manager" [_thread_blocked, id=480, stack(0x000000793d700000,0x000000793d800000)]

Other Threads:
=>0x0000019f864a6000 VMThread "VM Thread" [stack: 0x0000007938600000,0x0000007938700000] [id=2852]
  0x0000019f86fcc000 WatcherThread [stack: 0x0000007939000000,0x0000007939100000] [id=5016]
  0x0000019fec0e6800 GCTaskThread "GC Thread#0" [stack: 0x0000007938100000,0x0000007938200000] [id=4012]
  0x0000019f8734e800 GCTaskThread "GC Thread#1" [stack: 0x0000007939200000,0x0000007939300000] [id=424]
  0x0000019f88952000 GCTaskThread "GC Thread#2" [stack: 0x0000007939400000,0x0000007939500000] [id=5128]
  0x0000019f8877a800 GCTaskThread "GC Thread#3" [stack: 0x0000007939500000,0x0000007939600000] [id=1208]
  0x0000019fec116000 ConcurrentGCThread "G1 Main Marker" [stack: 0x0000007938200000,0x0000007938300000] [id=792]
  0x0000019fec117000 ConcurrentGCThread "G1 Conc#0" [stack: 0x0000007938300000,0x0000007938400000] [id=5692]
  0x0000019fec170000 ConcurrentGCThread "G1 Refine#0" [stack: 0x0000007938400000,0x0000007938500000] [id=6112]
  0x0000019fec171000 ConcurrentGCThread "G1 Young RemSet Sampling" [stack: 0x0000007938500000,0x0000007938600000] [id=5632]

Threads with active compile tasks:
C2 CompilerThread0  17668 6324       4       org.objectweb.asm.SymbolTable::addConstantMemberReference (147 bytes)

VM state:at safepoint (normal execution)

VM Mutex/Monitor currently owned by a thread:  ([mutex/lock_event])
[0x0000019fec0c8f90] Threads_lock - owner thread: 0x0000019f864a6000
[0x0000019fec0c8e70] Heap_lock - owner thread: 0x0000019f882c7000

Heap address: 0x0000000080000000, size: 2048 MB, Compressed Oops mode: 32-bit
Narrow klass base: 0x0000000000000000, Narrow klass shift: 3
Compressed class space size: 1073741824 Address: 0x0000000100000000

Heap:
 garbage-first heap   total 138240K, used 51702K [0x0000000080000000, 0x0000000100000000)
  region size 1024K, 6 young (6144K), 6 survivors (6144K)
 Metaspace       used 63491K, capacity 64995K, committed 65244K, reserved 1105920K
  class space    used 7985K, capacity 8563K, committed 8576K, reserved 1048576K
Heap Regions: E=young(eden), S=young(survivor), O=old, HS=humongous(starts), HC=humongous(continues), CS=collection set, F=free, A=archive, TAMS=top-at-mark-start (previous, next)
|   0|0x0000000080000000, 0x0000000080100000, 0x0000000080100000|100%| O|  |TAMS 0x0000000080100000, 0x0000000080100000| Untracked 
|   1|0x0000000080100000, 0x0000000080200000, 0x0000000080200000|100%| O|  |TAMS 0x0000000080200000, 0x0000000080200000| Untracked 
|   2|0x0000000080200000, 0x0000000080300000, 0x0000000080300000|100%| O|  |TAMS 0x0000000080300000, 0x0000000080300000| Untracked 
|   3|0x0000000080300000, 0x0000000080400000, 0x0000000080400000|100%|HS|  |TAMS 0x0000000080400000, 0x0000000080400000| Complete 
|   4|0x0000000080400000, 0x0000000080500000, 0x0000000080500000|100%|HC|  |TAMS 0x0000000080500000, 0x0000000080500000| Complete 
|   5|0x0000000080500000, 0x0000000080600000, 0x0000000080600000|100%|HC|  |TAMS 0x0000000080600000, 0x0000000080600000| Complete 
|   6|0x0000000080600000, 0x0000000080700000, 0x0000000080700000|100%| O|  |TAMS 0x0000000080700000, 0x0000000080700000| Untracked 
|   7|0x0000000080700000, 0x0000000080800000, 0x0000000080800000|100%| O|  |TAMS 0x0000000080800000, 0x0000000080800000| Untracked 
|   8|0x0000000080800000, 0x0000000080900000, 0x0000000080900000|100%| O|  |TAMS 0x0000000080900000, 0x0000000080900000| Untracked 
|   9|0x0000000080900000, 0x0000000080a00000, 0x0000000080a00000|100%| O|  |TAMS 0x0000000080a00000, 0x0000000080a00000| Untracked 
|  10|0x0000000080a00000, 0x0000000080b00000, 0x0000000080b00000|100%| O|  |TAMS 0x0000000080b00000, 0x0000000080b00000| Untracked 
|  11|0x0000000080b00000, 0x0000000080c00000, 0x0000000080c00000|100%| O|  |TAMS 0x0000000080c00000, 0x0000000080c00000| Untracked 
|  12|0x0000000080c00000, 0x0000000080d00000, 0x0000000080d00000|100%| O|  |TAMS 0x0000000080d00000, 0x0000000080d00000| Untracked 
|  13|0x0000000080d00000, 0x0000000080e00000, 0x0000000080e00000|100%| O|  |TAMS 0x0000000080e00000, 0x0000000080e00000| Untracked 
|  14|0x0000000080e00000, 0x0000000080f00000, 0x0000000080f00000|100%| O|  |TAMS 0x0000000080f00000, 0x0000000080f00000| Untracked 
|  15|0x0000000080f00000, 0x0000000081000000, 0x0000000081000000|100%| O|  |TAMS 0x0000000081000000, 0x0000000081000000| Untracked 
|  16|0x0000000081000000, 0x0000000081100000, 0x0000000081100000|100%| O|  |TAMS 0x0000000081100000, 0x0000000081100000| Untracked 
|  17|0x0000000081100000, 0x0000000081200000, 0x0000000081200000|100%| O|  |TAMS 0x0000000081200000, 0x0000000081200000| Untracked 
|  18|0x0000000081200000, 0x0000000081300000, 0x0000000081300000|100%| O|  |TAMS 0x0000000081300000, 0x0000000081300000| Untracked 
|  19|0x0000000081300000, 0x0000000081400000, 0x0000000081400000|100%| O|  |TAMS 0x0000000081400000, 0x0000000081400000| Untracked 
|  20|0x0000000081400000, 0x0000000081500000, 0x0000000081500000|100%|HS|  |TAMS 0x0000000081500000, 0x0000000081500000| Complete 
|  21|0x0000000081500000, 0x0000000081600000, 0x0000000081600000|100%| O|  |TAMS 0x0000000081600000, 0x0000000081600000| Untracked 
|  22|0x0000000081600000, 0x0000000081700000, 0x0000000081700000|100%| O|  |TAMS 0x0000000081700000, 0x0000000081700000| Untracked 
|  23|0x0000000081700000, 0x0000000081800000, 0x0000000081800000|100%| O|  |TAMS 0x0000000081800000, 0x0000000081800000| Untracked 
|  24|0x0000000081800000, 0x0000000081900000, 0x0000000081900000|100%| O|  |TAMS 0x0000000081900000, 0x0000000081900000| Untracked 
|  25|0x0000000081900000, 0x0000000081a00000, 0x0000000081a00000|100%| O|  |TAMS 0x0000000081a00000, 0x0000000081a00000| Untracked 
|  26|0x0000000081a00000, 0x0000000081b00000, 0x0000000081b00000|100%|HS|  |TAMS 0x0000000081b00000, 0x0000000081b00000| Complete 
|  27|0x0000000081b00000, 0x0000000081c00000, 0x0000000081c00000|100%|HS|  |TAMS 0x0000000081c00000, 0x0000000081c00000| Complete 
|  28|0x0000000081c00000, 0x0000000081d00000, 0x0000000081d00000|100%|HS|  |TAMS 0x0000000081d00000, 0x0000000081d00000| Complete 
|  29|0x0000000081d00000, 0x0000000081e00000, 0x0000000081e00000|100%|HC|  |TAMS 0x0000000081e00000, 0x0000000081e00000| Complete 
|  30|0x0000000081e00000, 0x0000000081f00000, 0x0000000081f00000|100%| O|  |TAMS 0x0000000081f00000, 0x0000000081f00000| Untracked 
|  31|0x0000000081f00000, 0x0000000082000000, 0x0000000082000000|100%| O|  |TAMS 0x0000000082000000, 0x0000000082000000| Untracked 
|  32|0x0000000082000000, 0x0000000082100000, 0x0000000082100000|100%| O|  |TAMS 0x0000000082100000, 0x0000000082100000| Untracked 
|  33|0x0000000082100000, 0x0000000082200000, 0x0000000082200000|100%| O|  |TAMS 0x0000000082200000, 0x0000000082200000| Untracked 
|  34|0x0000000082200000, 0x0000000082300000, 0x0000000082300000|100%| O|  |TAMS 0x0000000082300000, 0x0000000082300000| Untracked 
|  35|0x0000000082300000, 0x0000000082400000, 0x0000000082400000|100%| O|  |TAMS 0x0000000082400000, 0x0000000082400000| Untracked 
|  36|0x0000000082400000, 0x0000000082500000, 0x0000000082500000|100%| O|  |TAMS 0x0000000082500000, 0x0000000082500000| Untracked 
|  37|0x0000000082500000, 0x0000000082600000, 0x0000000082600000|100%| O|  |TAMS 0x0000000082600000, 0x0000000082600000| Untracked 
|  38|0x0000000082600000, 0x0000000082700000, 0x0000000082700000|100%| O|  |TAMS 0x0000000082700000, 0x0000000082700000| Untracked 
|  39|0x0000000082700000, 0x0000000082800000, 0x0000000082800000|100%| O|  |TAMS 0x0000000082800000, 0x0000000082800000| Untracked 
|  40|0x0000000082800000, 0x0000000082900000, 0x0000000082900000|100%| O|  |TAMS 0x0000000082900000, 0x0000000082900000| Untracked 
|  41|0x0000000082900000, 0x0000000082900000, 0x0000000082a00000|  0%| F|  |TAMS 0x0000000082900000, 0x0000000082900000| Untracked 
|  42|0x0000000082a00000, 0x0000000082a00000, 0x0000000082b00000|  0%| F|  |TAMS 0x0000000082a00000, 0x0000000082a00000| Untracked 
|  43|0x0000000082b00000, 0x0000000082b00000, 0x0000000082c00000|  0%| F|  |TAMS 0x0000000082b00000, 0x0000000082b00000| Untracked 
|  44|0x0000000082c00000, 0x0000000082c00000, 0x0000000082d00000|  0%| F|  |TAMS 0x0000000082c00000, 0x0000000082c00000| Untracked 
|  45|0x0000000082d00000, 0x0000000082e00000, 0x0000000082e00000|100%| O|  |TAMS 0x0000000082e00000, 0x0000000082e00000| Untracked 
|  46|0x0000000082e00000, 0x0000000082e00000, 0x0000000082f00000|  0%| F|  |TAMS 0x0000000082e00000, 0x0000000082e00000| Untracked 
|  47|0x0000000082f00000, 0x0000000082f00000, 0x0000000083000000|  0%| F|  |TAMS 0x0000000082f00000, 0x0000000082f00000| Untracked 
|  48|0x0000000083000000, 0x0000000083000000, 0x0000000083100000|  0%| F|  |TAMS 0x0000000083000000, 0x0000000083000000| Untracked 
|  49|0x0000000083100000, 0x0000000083200000, 0x0000000083200000|100%| O|  |TAMS 0x0000000083200000, 0x0000000083200000| Untracked 
|  50|0x0000000083200000, 0x0000000083300000, 0x0000000083300000|100%| O|  |TAMS 0x0000000083300000, 0x0000000083300000| Untracked 
|  51|0x0000000083300000, 0x0000000083400000, 0x0000000083400000|100%| O|  |TAMS 0x0000000083400000, 0x0000000083400000| Untracked 
|  52|0x0000000083400000, 0x0000000083400000, 0x0000000083500000|  0%| F|  |TAMS 0x0000000083400000, 0x0000000083400000| Untracked 
|  53|0x0000000083500000, 0x0000000083500000, 0x0000000083600000|  0%| F|  |TAMS 0x0000000083500000, 0x0000000083500000| Untracked 
|  54|0x0000000083600000, 0x0000000083600000, 0x0000000083700000|  0%| F|  |TAMS 0x0000000083600000, 0x0000000083600000| Untracked 
|  55|0x0000000083700000, 0x0000000083700000, 0x0000000083800000|  0%| F|  |TAMS 0x0000000083700000, 0x0000000083700000| Untracked 
|  56|0x0000000083800000, 0x0000000083800000, 0x0000000083900000|  0%| F|  |TAMS 0x0000000083800000, 0x0000000083800000| Untracked 
|  57|0x0000000083900000, 0x0000000083900000, 0x0000000083a00000|  0%| F|  |TAMS 0x0000000083900000, 0x0000000083900000| Untracked 
|  58|0x0000000083a00000, 0x0000000083a00000, 0x0000000083b00000|  0%| F|  |TAMS 0x0000000083a00000, 0x0000000083a00000| Untracked 
|  59|0x0000000083b00000, 0x0000000083b00000, 0x0000000083c00000|  0%| F|  |TAMS 0x0000000083b00000, 0x0000000083b00000| Untracked 
|  60|0x0000000083c00000, 0x0000000083c00000, 0x0000000083d00000|  0%| F|  |TAMS 0x0000000083c00000, 0x0000000083c00000| Untracked 
|  61|0x0000000083d00000, 0x0000000083d00000, 0x0000000083e00000|  0%| F|  |TAMS 0x0000000083d00000, 0x0000000083d00000| Untracked 
|  62|0x0000000083e00000, 0x0000000083e00000, 0x0000000083f00000|  0%| F|  |TAMS 0x0000000083e00000, 0x0000000083e00000| Untracked 
|  63|0x0000000083f00000, 0x0000000083f00000, 0x0000000084000000|  0%| F|  |TAMS 0x0000000083f00000, 0x0000000083f00000| Untracked 
|  64|0x0000000084000000, 0x000000008407daa0, 0x0000000084100000| 49%| S|CS|TAMS 0x0000000084000000, 0x0000000084000000| Complete 
|  65|0x0000000084100000, 0x0000000084200000, 0x0000000084200000|100%| S|CS|TAMS 0x0000000084100000, 0x0000000084100000| Complete 
|  66|0x0000000084200000, 0x0000000084300000, 0x0000000084300000|100%| S|CS|TAMS 0x0000000084200000, 0x0000000084200000| Complete 
|  67|0x0000000084300000, 0x0000000084400000, 0x0000000084400000|100%| S|CS|TAMS 0x0000000084300000, 0x0000000084300000| Complete 
|  68|0x0000000084400000, 0x0000000084500000, 0x0000000084500000|100%| S|CS|TAMS 0x0000000084400000, 0x0000000084400000| Complete 
|  69|0x0000000084500000, 0x0000000084600000, 0x0000000084600000|100%| S|CS|TAMS 0x0000000084500000, 0x0000000084500000| Complete 
|  70|0x0000000084600000, 0x0000000084600000, 0x0000000084700000|  0%| F|  |TAMS 0x0000000084600000, 0x0000000084600000| Untracked 
|  71|0x0000000084700000, 0x0000000084700000, 0x0000000084800000|  0%| F|  |TAMS 0x0000000084700000, 0x0000000084700000| Untracked 
|  72|0x0000000084800000, 0x0000000084800000, 0x0000000084900000|  0%| F|  |TAMS 0x0000000084800000, 0x0000000084800000| Untracked 
|  73|0x0000000084900000, 0x0000000084900000, 0x0000000084a00000|  0%| F|  |TAMS 0x0000000084900000, 0x0000000084900000| Untracked 
|  74|0x0000000084a00000, 0x0000000084a00000, 0x0000000084b00000|  0%| F|  |TAMS 0x0000000084a00000, 0x0000000084a00000| Untracked 
|  75|0x0000000084b00000, 0x0000000084b00000, 0x0000000084c00000|  0%| F|  |TAMS 0x0000000084b00000, 0x0000000084b00000| Untracked 
|  76|0x0000000084c00000, 0x0000000084c00000, 0x0000000084d00000|  0%| F|  |TAMS 0x0000000084c00000, 0x0000000084c00000| Untracked 
|  77|0x0000000084d00000, 0x0000000084d00000, 0x0000000084e00000|  0%| F|  |TAMS 0x0000000084d00000, 0x0000000084d00000| Untracked 
|  78|0x0000000084e00000, 0x0000000084e00000, 0x0000000084f00000|  0%| F|  |TAMS 0x0000000084e00000, 0x0000000084e00000| Untracked 
|  79|0x0000000084f00000, 0x0000000084f00000, 0x0000000085000000|  0%| F|  |TAMS 0x0000000084f00000, 0x0000000084f00000| Untracked 
|  80|0x0000000085000000, 0x0000000085000000, 0x0000000085100000|  0%| F|  |TAMS 0x0000000085000000, 0x0000000085000000| Untracked 
|  81|0x0000000085100000, 0x0000000085100000, 0x0000000085200000|  0%| F|  |TAMS 0x0000000085100000, 0x0000000085100000| Untracked 
|  82|0x0000000085200000, 0x0000000085200000, 0x0000000085300000|  0%| F|  |TAMS 0x0000000085200000, 0x0000000085200000| Untracked 
|  83|0x0000000085300000, 0x0000000085300000, 0x0000000085400000|  0%| F|  |TAMS 0x0000000085300000, 0x0000000085300000| Untracked 
|  84|0x0000000085400000, 0x0000000085400000, 0x0000000085500000|  0%| F|  |TAMS 0x0000000085400000, 0x0000000085400000| Untracked 
|  85|0x0000000085500000, 0x0000000085500000, 0x0000000085600000|  0%| F|  |TAMS 0x0000000085500000, 0x0000000085500000| Untracked 
|  86|0x0000000085600000, 0x0000000085600000, 0x0000000085700000|  0%| F|  |TAMS 0x0000000085600000, 0x0000000085600000| Untracked 
|  87|0x0000000085700000, 0x0000000085700000, 0x0000000085800000|  0%| F|  |TAMS 0x0000000085700000, 0x0000000085700000| Untracked 
|  88|0x0000000085800000, 0x0000000085800000, 0x0000000085900000|  0%| F|  |TAMS 0x0000000085800000, 0x0000000085800000| Untracked 
|  89|0x0000000085900000, 0x0000000085900000, 0x0000000085a00000|  0%| F|  |TAMS 0x0000000085900000, 0x0000000085900000| Untracked 
|  90|0x0000000085a00000, 0x0000000085a00000, 0x0000000085b00000|  0%| F|  |TAMS 0x0000000085a00000, 0x0000000085a00000| Untracked 
|  91|0x0000000085b00000, 0x0000000085b00000, 0x0000000085c00000|  0%| F|  |TAMS 0x0000000085b00000, 0x0000000085b00000| Untracked 
|  92|0x0000000085c00000, 0x0000000085c00000, 0x0000000085d00000|  0%| F|  |TAMS 0x0000000085c00000, 0x0000000085c00000| Untracked 
|  93|0x0000000085d00000, 0x0000000085d00000, 0x0000000085e00000|  0%| F|  |TAMS 0x0000000085d00000, 0x0000000085d00000| Untracked 
|  94|0x0000000085e00000, 0x0000000085e00000, 0x0000000085f00000|  0%| F|  |TAMS 0x0000000085e00000, 0x0000000085e00000| Untracked 
|  95|0x0000000085f00000, 0x0000000085f00000, 0x0000000086000000|  0%| F|  |TAMS 0x0000000085f00000, 0x0000000085f00000| Untracked 
|  96|0x0000000086000000, 0x0000000086000000, 0x0000000086100000|  0%| F|  |TAMS 0x0000000086000000, 0x0000000086000000| Untracked 
|  97|0x0000000086100000, 0x0000000086100000, 0x0000000086200000|  0%| F|  |TAMS 0x0000000086100000, 0x0000000086100000| Untracked 
|  98|0x0000000086200000, 0x0000000086200000, 0x0000000086300000|  0%| F|  |TAMS 0x0000000086200000, 0x0000000086200000| Untracked 
|  99|0x0000000086300000, 0x0000000086300000, 0x0000000086400000|  0%| F|  |TAMS 0x0000000086300000, 0x0000000086300000| Untracked 
| 100|0x0000000086400000, 0x0000000086400000, 0x0000000086500000|  0%| F|  |TAMS 0x0000000086400000, 0x0000000086400000| Untracked 
| 101|0x0000000086500000, 0x0000000086500000, 0x0000000086600000|  0%| F|  |TAMS 0x0000000086500000, 0x0000000086500000| Untracked 
| 102|0x0000000086600000, 0x0000000086600000, 0x0000000086700000|  0%| F|  |TAMS 0x0000000086600000, 0x0000000086600000| Untracked 
| 103|0x0000000086700000, 0x0000000086700000, 0x0000000086800000|  0%| F|  |TAMS 0x0000000086700000, 0x0000000086700000| Untracked 
| 104|0x0000000086800000, 0x0000000086800000, 0x0000000086900000|  0%| F|  |TAMS 0x0000000086800000, 0x0000000086800000| Untracked 
| 105|0x0000000086900000, 0x0000000086900000, 0x0000000086a00000|  0%| F|  |TAMS 0x0000000086900000, 0x0000000086900000| Untracked 
| 106|0x0000000086a00000, 0x0000000086a00000, 0x0000000086b00000|  0%| F|  |TAMS 0x0000000086a00000, 0x0000000086a00000| Untracked 
| 107|0x0000000086b00000, 0x0000000086b00000, 0x0000000086c00000|  0%| F|  |TAMS 0x0000000086b00000, 0x0000000086b00000| Untracked 
| 108|0x0000000086c00000, 0x0000000086c00000, 0x0000000086d00000|  0%| F|  |TAMS 0x0000000086c00000, 0x0000000086c00000| Untracked 
| 109|0x0000000086d00000, 0x0000000086d00000, 0x0000000086e00000|  0%| F|  |TAMS 0x0000000086d00000, 0x0000000086d00000| Untracked 
| 110|0x0000000086e00000, 0x0000000086e00000, 0x0000000086f00000|  0%| F|  |TAMS 0x0000000086e00000, 0x0000000086e00000| Untracked 
| 111|0x0000000086f00000, 0x0000000086f00000, 0x0000000087000000|  0%| F|  |TAMS 0x0000000086f00000, 0x0000000086f00000| Untracked 

Card table byte_map: [0x0000019fff5f0000,0x0000019fff9f0000] _byte_map_base: 0x0000019fff1f0000

Marking Bits (Prev, Next): (CMBitMap*) 0x0000019fec10d040, (CMBitMap*) 0x0000019fec10d008
 Prev Bits: [0x0000019f82000000, 0x0000019f84000000)
 Next Bits: [0x0000019f80000000, 0x0000019f82000000)

Polling page: 0x0000019fea6e0000

Metaspace:

Usage:
  Non-class:     55.11 MB capacity,    54.20 MB ( 98%) used,   766.68 KB (  1%) free+waste,   159.50 KB ( <1%) overhead. 
      Class:      8.36 MB capacity,     7.80 MB ( 93%) used,   502.95 KB (  6%) free+waste,    74.44 KB ( <1%) overhead. 
       Both:     63.47 MB capacity,    62.00 MB ( 98%) used,     1.24 MB (  2%) free+waste,   233.94 KB ( <1%) overhead. 

Virtual space:
  Non-class space:       56.00 MB reserved,      55.34 MB ( 99%) committed 
      Class space:        1.00 GB reserved,       8.38 MB ( <1%) committed 
             Both:        1.05 GB reserved,      63.71 MB (  6%) committed 

Chunk freelists:
   Non-Class:  44.00 KB
       Class:  13.00 KB
        Both:  57.00 KB

MaxMetaspaceSize: 17179869184.00 GB
CompressedClassSpaceSize: 1.00 GB

CodeHeap 'non-profiled nmethods': size=120064Kb used=2896Kb max_used=2896Kb free=117168Kb
 bounds [0x0000019ff7690000, 0x0000019ff7970000, 0x0000019ffebd0000]
CodeHeap 'profiled nmethods': size=120000Kb used=13002Kb max_used=13002Kb free=106997Kb
 bounds [0x0000019ff0160000, 0x0000019ff0e20000, 0x0000019ff7690000]
CodeHeap 'non-nmethods': size=5696Kb used=2257Kb max_used=2287Kb free=3438Kb
 bounds [0x0000019fefbd0000, 0x0000019fefe40000, 0x0000019ff0160000]
 total_blobs=7157 nmethods=6311 adapters=757
 compilation: enabled
              stopped_count=0, restarted_count=0
 full_count=0

Compilation events (20 events):
Event: 17.608 Thread 0x0000019f86516000 6367       3       org.objectweb.asm.Type::getReturnTypeOffset (64 bytes)
Event: 17.611 Thread 0x0000019f86516000 nmethod 6367 0x0000019ff0e0f310 code [0x0000019ff0e0f660, 0x0000019ff0e10b38]
Event: 17.611 Thread 0x0000019f86516000 6361       3       org.objectweb.asm.Type::getInternalName (16 bytes)
Event: 17.611 Thread 0x0000019f86516000 nmethod 6361 0x0000019ff0e11310 code [0x0000019ff0e114c0, 0x0000019ff0e11608]
Event: 17.611 Thread 0x0000019f86516000 6366       3       org.objectweb.asm.Frame::pop (44 bytes)
Event: 17.612 Thread 0x0000019f86516000 nmethod 6366 0x0000019ff0e11710 code [0x0000019ff0e118c0, 0x0000019ff0e11a38]
Event: 17.612 Thread 0x0000019f86516000 6362       3       org.objectweb.asm.Frame::<init> (10 bytes)
Event: 17.612 Thread 0x0000019f86516000 nmethod 6362 0x0000019ff0e11b10 code [0x0000019ff0e11cc0, 0x0000019ff0e11e78]
Event: 17.612 Thread 0x0000019f86516000 6365       1       kotlin.sequences.TransformingSequence::access$getTransformer$p (5 bytes)
Event: 17.612 Thread 0x0000019f86516000 nmethod 6365 0x0000019ff7963410 code [0x0000019ff79635c0, 0x0000019ff7963658]
Event: 17.612 Thread 0x0000019f86516000 6368       1       org.objectweb.asm.MethodWriter::hasAsmInstructions (5 bytes)
Event: 17.612 Thread 0x0000019f86516000 nmethod 6368 0x0000019ff7963710 code [0x0000019ff79638c0, 0x0000019ff7963978]
Event: 17.614 Thread 0x0000019f86516000 6369       3       org.objectweb.asm.MethodWriter::visitAbstractType (8 bytes)
Event: 17.614 Thread 0x0000019f86516000 nmethod 6369 0x0000019ff0e11f10 code [0x0000019ff0e120c0, 0x0000019ff0e121f8]
Event: 17.614 Thread 0x0000019f86516000 6372       3       org.objectweb.asm.ByteVector::putInt (74 bytes)
Event: 17.615 Thread 0x0000019f86516000 nmethod 6372 0x0000019ff0e12310 code [0x0000019ff0e124e0, 0x0000019ff0e12728]
Event: 17.615 Thread 0x0000019f86516000 6370       1       com.android.build.gradle.internal.dsl.decorator.SupportedPropertyType$Collection::getImplementationType (5 bytes)
Event: 17.615 Thread 0x0000019f86516000 nmethod 6370 0x0000019ff7963a10 code [0x0000019ff7963bc0, 0x0000019ff7963c78]
Event: 17.615 Thread 0x0000019f86516000 6371       1       org.objectweb.asm.SymbolTable::getClassName (5 bytes)
Event: 17.615 Thread 0x0000019f86516000 nmethod 6371 0x0000019ff7963d10 code [0x0000019ff7963ec0, 0x0000019ff7963f78]

GC Heap History (20 events):
Event: 4.912 GC heap after
{Heap after GC invocations=8 (full 0):
 garbage-first heap   total 78848K, used 18199K [0x0000000080000000, 0x0000000100000000)
  region size 1024K, 3 young (3072K), 3 survivors (3072K)
 Metaspace       used 23883K, capacity 24398K, committed 24576K, reserved 1071104K
  class space    used 3036K, capacity 3229K, committed 3328K, reserved 1048576K
}
Event: 5.531 GC heap before
{Heap before GC invocations=8 (full 0):
 garbage-first heap   total 78848K, used 50967K [0x0000000080000000, 0x0000000100000000)
  region size 1024K, 35 young (35840K), 3 survivors (3072K)
 Metaspace       used 26782K, capacity 27434K, committed 27648K, reserved 1073152K
  class space    used 3521K, capacity 3735K, committed 3840K, reserved 1048576K
}
Event: 5.542 GC heap after
{Heap after GC invocations=9 (full 0):
 garbage-first heap   total 78848K, used 19446K [0x0000000080000000, 0x0000000100000000)
  region size 1024K, 3 young (3072K), 3 survivors (3072K)
 Metaspace       used 26782K, capacity 27434K, committed 27648K, reserved 1073152K
  class space    used 3521K, capacity 3735K, committed 3840K, reserved 1048576K
}
Event: 6.301 GC heap before
{Heap before GC invocations=9 (full 0):
 garbage-first heap   total 78848K, used 52214K [0x0000000080000000, 0x0000000100000000)
  region size 1024K, 35 young (35840K), 3 survivors (3072K)
 Metaspace       used 30153K, capacity 30859K, committed 30976K, reserved 1075200K
  class space    used 4038K, capacity 4304K, committed 4352K, reserved 1048576K
}
Event: 6.311 GC heap after
{Heap after GC invocations=10 (full 0):
 garbage-first heap   total 95232K, used 20689K [0x0000000080000000, 0x0000000100000000)
  region size 1024K, 4 young (4096K), 4 survivors (4096K)
 Metaspace       used 30153K, capacity 30859K, committed 30976K, reserved 1075200K
  class space    used 4038K, capacity 4304K, committed 4352K, reserved 1048576K
}
Event: 6.996 GC heap before
{Heap before GC invocations=10 (full 0):
 garbage-first heap   total 95232K, used 36049K [0x0000000080000000, 0x0000000100000000)
  region size 1024K, 20 young (20480K), 4 survivors (4096K)
 Metaspace       used 35079K, capacity 35918K, committed 36048K, reserved 1081344K
  class space    used 4556K, capacity 4863K, committed 4864K, reserved 1048576K
}
Event: 7.019 GC heap after
{Heap after GC invocations=11 (full 0):
 garbage-first heap   total 95232K, used 23070K [0x0000000080000000, 0x0000000100000000)
  region size 1024K, 5 young (5120K), 5 survivors (5120K)
 Metaspace       used 35079K, capacity 35918K, committed 36048K, reserved 1081344K
  class space    used 4556K, capacity 4863K, committed 4864K, reserved 1048576K
}
Event: 7.726 GC heap before
{Heap before GC invocations=12 (full 0):
 garbage-first heap   total 95232K, used 58910K [0x0000000080000000, 0x0000000100000000)
  region size 1024K, 41 young (41984K), 5 survivors (5120K)
 Metaspace       used 37801K, capacity 38701K, committed 38940K, reserved 1083392K
  class space    used 4887K, capacity 5211K, committed 5248K, reserved 1048576K
}
Event: 7.742 GC heap after
{Heap after GC invocations=13 (full 0):
 garbage-first heap   total 95232K, used 25905K [0x0000000080000000, 0x0000000100000000)
  region size 1024K, 6 young (6144K), 6 survivors (6144K)
 Metaspace       used 37801K, capacity 38701K, committed 38940K, reserved 1083392K
  class space    used 4887K, capacity 5211K, committed 5248K, reserved 1048576K
}
Event: 8.474 GC heap before
{Heap before GC invocations=13 (full 0):
 garbage-first heap   total 95232K, used 66865K [0x0000000080000000, 0x0000000100000000)
  region size 1024K, 44 young (45056K), 6 survivors (6144K)
 Metaspace       used 40947K, capacity 41894K, committed 42140K, reserved 1085440K
  class space    used 5251K, capacity 5583K, committed 5632K, reserved 1048576K
}
Event: 8.490 GC heap after
{Heap after GC invocations=14 (full 0):
 garbage-first heap   total 95232K, used 28221K [0x0000000080000000, 0x0000000100000000)
  region size 1024K, 6 young (6144K), 6 survivors (6144K)
 Metaspace       used 40947K, capacity 41894K, committed 42140K, reserved 1085440K
  class space    used 5251K, capacity 5583K, committed 5632K, reserved 1048576K
}
Event: 9.148 GC heap before
{Heap before GC invocations=14 (full 0):
 garbage-first heap   total 95232K, used 70205K [0x0000000080000000, 0x0000000100000000)
  region size 1024K, 47 young (48128K), 6 survivors (6144K)
 Metaspace       used 44697K, capacity 45790K, committed 45980K, reserved 1089536K
  class space    used 5736K, capacity 6092K, committed 6144K, reserved 1048576K
}
Event: 9.162 GC heap after
{Heap after GC invocations=15 (full 0):
 garbage-first heap   total 114688K, used 29783K [0x0000000080000000, 0x0000000100000000)
  region size 1024K, 5 young (5120K), 5 survivors (5120K)
 Metaspace       used 44697K, capacity 45790K, committed 45980K, reserved 1089536K
  class space    used 5736K, capacity 6092K, committed 6144K, reserved 1048576K
}
Event: 12.774 GC heap before
{Heap before GC invocations=15 (full 0):
 garbage-first heap   total 114688K, used 87127K [0x0000000080000000, 0x0000000100000000)
  region size 1024K, 61 young (62464K), 5 survivors (5120K)
 Metaspace       used 47857K, capacity 49051K, committed 49308K, reserved 1091584K
  class space    used 6089K, capacity 6535K, committed 6656K, reserved 1048576K
}
Event: 12.794 GC heap after
{Heap after GC invocations=16 (full 0):
 garbage-first heap   total 114688K, used 33223K [0x0000000080000000, 0x0000000100000000)
  region size 1024K, 8 young (8192K), 8 survivors (8192K)
 Metaspace       used 47857K, capacity 49051K, committed 49308K, reserved 1091584K
  class space    used 6089K, capacity 6535K, committed 6656K, reserved 1048576K
}
Event: 15.472 GC heap before
{Heap before GC invocations=16 (full 0):
 garbage-first heap   total 114688K, used 93639K [0x0000000080000000, 0x0000000100000000)
  region size 1024K, 63 young (64512K), 8 survivors (8192K)
 Metaspace       used 53380K, capacity 54708K, committed 54940K, reserved 1097728K
  class space    used 6780K, capacity 7298K, committed 7424K, reserved 1048576K
}
Event: 15.497 GC heap after
{Heap after GC invocations=17 (full 0):
 garbage-first heap   total 114688K, used 45793K [0x0000000080000000, 0x0000000100000000)
  region size 1024K, 8 young (8192K), 8 survivors (8192K)
 Metaspace       used 53380K, capacity 54708K, committed 54940K, reserved 1097728K
  class space    used 6780K, capacity 7298K, committed 7424K, reserved 1048576K
}
Event: 16.515 GC heap before
{Heap before GC invocations=17 (full 0):
 garbage-first heap   total 114688K, used 81633K [0x0000000080000000, 0x0000000100000000)
  region size 1024K, 44 young (45056K), 8 survivors (8192K)
 Metaspace       used 59180K, capacity 60519K, committed 60636K, reserved 1101824K
  class space    used 7454K, capacity 7972K, committed 8064K, reserved 1048576K
}
Event: 16.534 GC heap after
{Heap after GC invocations=18 (full 0):
 garbage-first heap   total 114688K, used 48062K [0x0000000080000000, 0x0000000100000000)
  region size 1024K, 2 young (2048K), 2 survivors (2048K)
 Metaspace       used 59180K, capacity 60519K, committed 60636K, reserved 1101824K
  class space    used 7454K, capacity 7972K, committed 8064K, reserved 1048576K
}
Event: 17.616 GC heap before
{Heap before GC invocations=19 (full 0):
 garbage-first heap   total 114688K, used 87998K [0x0000000080000000, 0x0000000100000000)
  region size 1024K, 42 young (43008K), 2 survivors (2048K)
 Metaspace       used 63491K, capacity 64995K, committed 65244K, reserved 1105920K
  class space    used 7985K, capacity 8563K, committed 8576K, reserved 1048576K
}

Deoptimization events (20 events):
Event: 17.104 Thread 0x0000019f882c7000 DEOPT PACKING pc=0x0000019ff0304957 sp=0x0000007939af3bf0
Event: 17.104 Thread 0x0000019f882c7000 DEOPT UNPACKING pc=0x0000019fefbf6d5e sp=0x0000007939af31a0 mode 0
Event: 17.105 Thread 0x0000019f882c7000 DEOPT PACKING pc=0x0000019ff0304957 sp=0x0000007939af3bf0
Event: 17.105 Thread 0x0000019f882c7000 DEOPT UNPACKING pc=0x0000019fefbf6d5e sp=0x0000007939af31a0 mode 0
Event: 17.107 Thread 0x0000019f882c7000 DEOPT PACKING pc=0x0000019ff0304957 sp=0x0000007939af3bf0
Event: 17.107 Thread 0x0000019f882c7000 DEOPT UNPACKING pc=0x0000019fefbf6d5e sp=0x0000007939af31a0 mode 0
Event: 17.108 Thread 0x0000019f882c7000 DEOPT PACKING pc=0x0000019ff0304957 sp=0x0000007939af3bf0
Event: 17.108 Thread 0x0000019f882c7000 DEOPT UNPACKING pc=0x0000019fefbf6d5e sp=0x0000007939af31a0 mode 0
Event: 17.110 Thread 0x0000019f882c7000 DEOPT PACKING pc=0x0000019ff0304957 sp=0x0000007939af3bf0
Event: 17.110 Thread 0x0000019f882c7000 DEOPT UNPACKING pc=0x0000019fefbf6d5e sp=0x0000007939af31a0 mode 0
Event: 17.113 Thread 0x0000019f882c7000 Uncommon trap: trap_request=0xffffff4d fr.pc=0x0000019ff775afcc relative=0x000000000000040c
Event: 17.113 Thread 0x0000019f882c7000 Uncommon trap: reason=unstable_if action=reinterpret pc=0x0000019ff775afcc method=java.lang.StringLatin1.regionMatchesCI([BI[BII)Z @ 66 c2
Event: 17.113 Thread 0x0000019f882c7000 DEOPT PACKING pc=0x0000019ff775afcc sp=0x0000007939af3870
Event: 17.113 Thread 0x0000019f882c7000 DEOPT UNPACKING pc=0x0000019fefbf65af sp=0x0000007939af3800 mode 2
Event: 17.141 Thread 0x0000019f882c7000 DEOPT PACKING pc=0x0000019ff0d9cc48 sp=0x0000007939af3b00
Event: 17.141 Thread 0x0000019f882c7000 DEOPT UNPACKING pc=0x0000019fefbf6d5e sp=0x0000007939af2fb8 mode 0
Event: 17.141 Thread 0x0000019f882c7000 DEOPT PACKING pc=0x0000019ff0d9cb5d sp=0x0000007939af3b00
Event: 17.141 Thread 0x0000019f882c7000 DEOPT UNPACKING pc=0x0000019fefbf6d5e sp=0x0000007939af2fb8 mode 0
Event: 17.142 Thread 0x0000019f882c7000 DEOPT PACKING pc=0x0000019ff0d9cb5d sp=0x0000007939af3b00
Event: 17.142 Thread 0x0000019f882c7000 DEOPT UNPACKING pc=0x0000019fefbf6d5e sp=0x0000007939af2fb8 mode 0

Classes redefined (0 events):
No events

Internal exceptions (20 events):
Event: 14.233 Thread 0x0000019f8994c800 Exception <a 'java/lang/NoSuchMethodError'{0x0000000085ca5ff8}: <clinit>> (0x0000000085ca5ff8) thrown at [./src/hotspot/share/prims/jni.cpp, line 1362]
Event: 14.234 Thread 0x0000019f8994c800 Exception <a 'java/lang/NoSuchMethodError'{0x0000000085ca7270}: <clinit>> (0x0000000085ca7270) thrown at [./src/hotspot/share/prims/jni.cpp, line 1362]
Event: 14.239 Thread 0x0000019f8994c800 Exception <a 'java/lang/NoSuchMethodError'{0x0000000085ccd438}: <clinit>> (0x0000000085ccd438) thrown at [./src/hotspot/share/prims/jni.cpp, line 1362]
Event: 14.240 Thread 0x0000019f8994c800 Exception <a 'java/lang/NoSuchMethodError'{0x0000000085cd7c80}: <clinit>> (0x0000000085cd7c80) thrown at [./src/hotspot/share/prims/jni.cpp, line 1362]
Event: 14.245 Thread 0x0000019f8994c800 Exception <a 'java/lang/NoSuchMethodError'{0x0000000085cec268}: <clinit>> (0x0000000085cec268) thrown at [./src/hotspot/share/prims/jni.cpp, line 1362]
Event: 14.285 Thread 0x0000019f882c7000 Exception <a 'java/lang/ClassNotFoundException'{0x0000000085b5d120}: build_4m5lvcro2kvny6ltso3gv7iwiBeanInfo> (0x0000000085b5d120) thrown at [./src/hotspot/share/classfile/systemDictionary.cpp, line 231]
Event: 14.285 Thread 0x0000019f882c7000 Exception <a 'java/lang/ClassNotFoundException'{0x0000000085b680d8}: build_4m5lvcro2kvny6ltso3gv7iwiCustomizer> (0x0000000085b680d8) thrown at [./src/hotspot/share/classfile/systemDictionary.cpp, line 231]
Event: 14.316 Thread 0x0000019f882c7000 Exception <a 'java/lang/ClassNotFoundException'{0x0000000085aeba88}: org/gradle/api/internal/plugins/DefaultObjectConfigurationActionBeanInfo> (0x0000000085aeba88) thrown at [./src/hotspot/share/classfile/systemDictionary.cpp, line 231]
Event: 14.318 Thread 0x0000019f882c7000 Exception <a 'java/lang/ClassNotFoundException'{0x0000000085921078}: org/gradle/api/internal/plugins/DefaultObjectConfigurationActionCustomizer> (0x0000000085921078) thrown at [./src/hotspot/share/classfile/systemDictionary.cpp, line 231]
Event: 14.567 Thread 0x0000019f882c7000 Exception <a 'java/lang/NoSuchMethodError'{0x0000000084f6b0a0}: 'java.lang.Object java.lang.invoke.DirectMethodHandle$Holder.invokeStatic(java.lang.Object, java.lang.Object, java.lang.Object, java.lang.Object, int)'> (0x0000000084f6b0a0) thrown at [./src/hotspot/share/interpreter/linkResolver.cpp, line 773]
Event: 14.567 Thread 0x0000019f882c7000 Exception <a 'java/lang/NoSuchMethodError'{0x0000000084f6fa98}: 'java.lang.Object java.lang.invoke.DirectMethodHandle$Holder.invokeSpecial(java.lang.Object, java.lang.Object, java.lang.Object, java.lang.Object, java.lang.Object, int)'> (0x0000000084f6fa98) thrown at [./src/hotspot/share/interpreter/linkResolver.cpp, line 773]
Event: 14.567 Thread 0x0000019f882c7000 Exception <a 'java/lang/NoSuchMethodError'{0x0000000084f740d8}: 'java.lang.Object java.lang.invoke.Invokers$Holder.linkToTargetMethod(java.lang.Object, java.lang.Object, java.lang.Object, int, java.lang.Object)'> (0x0000000084f740d8) thrown at [./src/hotspot/share/interpreter/linkResolver.cpp, line 773]
Event: 15.253 Thread 0x0000019f882c7000 Exception <a 'java/lang/NoSuchMethodError'{0x000000008404a480}: 'java.lang.Object java.lang.invoke.DirectMethodHandle$Holder.invokeSpecial(java.lang.Object, java.lang.Object, int, int, java.lang.Object, java.lang.Object, java.lang.Object)'> (0x000000008404a480) thrown at [./src/hotspot/share/interpreter/linkResolver.cpp, line 773]
Event: 15.254 Thread 0x0000019f882c7000 Exception <a 'java/lang/NoSuchMethodError'{0x000000008404ea00}: 'java.lang.Object java.lang.invoke.DelegatingMethodHandle$Holder.reinvoke_L(java.lang.Object, int, int, java.lang.Object, java.lang.Object, java.lang.Object)'> (0x000000008404ea00) thrown at [./src/hotspot/share/interpreter/linkResolver.cpp, line 773]
Event: 15.704 Thread 0x0000019f882c7000 Exception <a 'java/lang/NoSuchMethodError'{0x0000000086bb8de0}: 'int java.lang.invoke.DirectMethodHandle$Holder.invokeInterface(java.lang.Object, java.lang.Object, java.lang.Object, java.lang.Object)'> (0x0000000086bb8de0) thrown at [./src/hotspot/share/interpreter/linkResolver.cpp, line 773]
Event: 16.299 Thread 0x0000019f882c7000 Exception <a 'java/lang/NoSuchMethodError'{0x000000008545f458}: 'void java.lang.invoke.DirectMethodHandle$Holder.invokeInterface(java.lang.Object, java.lang.Object, java.lang.Object, java.lang.Object)'> (0x000000008545f458) thrown at [./src/hotspot/share/interpreter/linkResolver.cpp, line 773]
Event: 16.499 Thread 0x0000019f882c7000 Exception <a 'java/lang/IncompatibleClassChangeError'{0x0000000084cdeec0}: Found class java.lang.Object, but interface was expected> (0x0000000084cdeec0) thrown at [./src/hotspot/share/interpreter/linkResolver.cpp, line 839]
Event: 16.681 Thread 0x0000019f882c7000 Implicit null exception at 0x0000019ff78cadbf to 0x0000019ff78cafd8
Event: 16.966 Thread 0x0000019f882c7000 Implicit null exception at 0x0000019ff77d5c2c to 0x0000019ff77d5d4e
Event: 17.234 Thread 0x0000019f882c7000 Exception <a 'sun/nio/fs/WindowsException'{0x000000008599f158}> (0x000000008599f158) thrown at [./src/hotspot/share/prims/jni.cpp, line 615]

Events (20 events):
Event: 17.571 loading class com/android/build/gradle/internal/dsl/LanguageSplitOptions done
Event: 17.577 loading class com/android/build/gradle/internal/dsl/AbiSplitOptions$AgpDecorated
Event: 17.577 loading class com/android/build/gradle/internal/dsl/AbiSplitOptions$AgpDecorated done
Event: 17.578 loading class kotlin/annotation/Target
Event: 17.578 loading class kotlin/annotation/Target done
Event: 17.586 loading class com/android/build/gradle/internal/core/Abi
Event: 17.586 loading class com/android/build/gradle/internal/core/Abi done
Event: 17.587 loading class com/google/common/collect/ImmutableList$Builder
Event: 17.587 loading class com/google/common/collect/ImmutableList$Builder done
Event: 17.588 loading class com/android/build/gradle/internal/dsl/DensitySplitOptions$AgpDecorated
Event: 17.588 loading class com/android/build/gradle/internal/dsl/DensitySplitOptions$AgpDecorated done
Event: 17.598 loading class com/android/build/gradle/internal/CompileOptions$AgpDecorated
Event: 17.598 loading class com/android/build/gradle/internal/CompileOptions$AgpDecorated done
Event: 17.605 loading class com/google/common/base/Charsets
Event: 17.605 loading class com/google/common/base/Charsets done
Event: 17.606 loading class com/android/build/gradle/internal/dsl/PackagingOptions$AgpDecorated
Event: 17.606 loading class com/android/build/gradle/internal/dsl/PackagingOptions$AgpDecorated done
Event: 17.613 loading class com/android/build/gradle/internal/dsl/ResourcesPackagingOptionsImpl$AgpDecorated
Event: 17.613 loading class com/android/build/gradle/internal/dsl/ResourcesPackagingOptionsImpl$AgpDecorated done
Event: 17.616 Executing VM operation: G1CollectForAllocation


Dynamic libraries:
0x00007ff637e80000 - 0x00007ff637e8a000 	C:\Program Files\Android\Android Studio\jre\bin\java.exe
0x00007ffd5e470000 - 0x00007ffd5e665000 	C:\Windows\SYSTEM32\ntdll.dll
0x00007ffd5d530000 - 0x00007ffd5d5ee000 	C:\Windows\System32\KERNEL32.DLL
0x00007ffd5bd50000 - 0x00007ffd5c018000 	C:\Windows\System32\KERNELBASE.dll
0x00007ffd5c1c0000 - 0x00007ffd5c2c0000 	C:\Windows\System32\ucrtbase.dll
0x00007ffd558c0000 - 0x00007ffd558d9000 	C:\Program Files\Android\Android Studio\jre\bin\jli.dll
0x00007ffd56880000 - 0x00007ffd56897000 	C:\Program Files\Android\Android Studio\jre\bin\VCRUNTIME140.dll
0x00007ffd5d380000 - 0x00007ffd5d521000 	C:\Windows\System32\USER32.dll
0x00007ffd4f490000 - 0x00007ffd4f72a000 	C:\Windows\WinSxS\amd64_microsoft.windows.common-controls_6595b64144ccf1df_6.0.19041.1110_none_60b5254171f9507e\COMCTL32.dll
0x00007ffd5c420000 - 0x00007ffd5c442000 	C:\Windows\System32\win32u.dll
0x00007ffd5c5d0000 - 0x00007ffd5c66e000 	C:\Windows\System32\msvcrt.dll
0x00007ffd5cba0000 - 0x00007ffd5cbcb000 	C:\Windows\System32\GDI32.dll
0x00007ffd5c020000 - 0x00007ffd5c12d000 	C:\Windows\System32\gdi32full.dll
0x00007ffd5bbd0000 - 0x00007ffd5bc6d000 	C:\Windows\System32\msvcp_win.dll
0x00007ffd5c910000 - 0x00007ffd5c940000 	C:\Windows\System32\IMM32.DLL
0x00007ffd28690000 - 0x00007ffd2872d000 	C:\Program Files\Android\Android Studio\jre\bin\msvcp140.dll
0x00007ffd2d310000 - 0x00007ffd2dde5000 	C:\Program Files\Android\Android Studio\jre\bin\server\jvm.dll
0x00007ffd5c670000 - 0x00007ffd5c71c000 	C:\Windows\System32\ADVAPI32.dll
0x00007ffd5c530000 - 0x00007ffd5c5cb000 	C:\Windows\System32\sechost.dll
0x00007ffd5ca70000 - 0x00007ffd5cb9a000 	C:\Windows\System32\RPCRT4.dll
0x00007ffd5d7a0000 - 0x00007ffd5d7a8000 	C:\Windows\System32\PSAPI.DLL
0x00007ffd4df70000 - 0x00007ffd4df97000 	C:\Windows\SYSTEM32\WINMM.dll
0x00007ffd50db0000 - 0x00007ffd50dba000 	C:\Windows\SYSTEM32\VERSION.dll
0x00007ffd57240000 - 0x00007ffd57249000 	C:\Windows\SYSTEM32\WSOCK32.dll
0x00007ffd5c780000 - 0x00007ffd5c7eb000 	C:\Windows\System32\WS2_32.dll
0x00007ffd59b10000 - 0x00007ffd59b22000 	C:\Windows\SYSTEM32\kernel.appcore.dll
0x00007ffd56d70000 - 0x00007ffd56d81000 	C:\Program Files\Android\Android Studio\jre\bin\verify.dll
0x00007ffd47220000 - 0x00007ffd47404000 	C:\Windows\SYSTEM32\DBGHELP.DLL
0x00007ffd47180000 - 0x00007ffd471ac000 	C:\Windows\SYSTEM32\dbgcore.DLL
0x00007ffd5c130000 - 0x00007ffd5c1b2000 	C:\Windows\System32\bcryptPrimitives.dll
0x00007ffd56990000 - 0x00007ffd569b9000 	C:\Program Files\Android\Android Studio\jre\bin\java.dll
0x00007ffd57230000 - 0x00007ffd5723b000 	C:\Program Files\Android\Android Studio\jre\bin\jimage.dll
0x00007ffd56970000 - 0x00007ffd56988000 	C:\Program Files\Android\Android Studio\jre\bin\zip.dll
0x00007ffd5d7b0000 - 0x00007ffd5def4000 	C:\Windows\System32\SHELL32.dll
0x00007ffd59e20000 - 0x00007ffd5a5b4000 	C:\Windows\SYSTEM32\windows.storage.dll
0x00007ffd5cdf0000 - 0x00007ffd5d145000 	C:\Windows\System32\combase.dll
0x00007ffd5b500000 - 0x00007ffd5b52e000 	C:\Windows\SYSTEM32\Wldp.dll
0x00007ffd5c7f0000 - 0x00007ffd5c89d000 	C:\Windows\System32\SHCORE.dll
0x00007ffd5cca0000 - 0x00007ffd5ccf5000 	C:\Windows\System32\shlwapi.dll
0x00007ffd5bac0000 - 0x00007ffd5badf000 	C:\Windows\SYSTEM32\profapi.dll
0x00007ffd558e0000 - 0x00007ffd558fa000 	C:\Program Files\Android\Android Studio\jre\bin\net.dll
0x00007ffd536d0000 - 0x00007ffd537dc000 	C:\Windows\SYSTEM32\WINHTTP.dll
0x00007ffd5b260000 - 0x00007ffd5b2ca000 	C:\Windows\system32\mswsock.dll
0x00007ffd54c30000 - 0x00007ffd54c44000 	C:\Program Files\Android\Android Studio\jre\bin\nio.dll
0x00007ffd51e90000 - 0x00007ffd51eb7000 	C:\Users\Admin\.gradle\native\e1d6ef7f7dcc3fd88c89a11ec53ec762bb8ba0a96d01ffa2cd45eb1d1d8dd5c5\windows-amd64\native-platform.dll
0x00007ffd28540000 - 0x00007ffd28684000 	C:\Users\Admin\.gradle\native\5664cfc778a61ccfe75a443a1ab52a65af34e5dc3c78e0209fed803814484fcb\windows-amd64\native-platform-file-events.dll
0x00007ffd56870000 - 0x00007ffd5687a000 	C:\Program Files\Android\Android Studio\jre\bin\management.dll
0x00007ffd56760000 - 0x00007ffd5676d000 	C:\Program Files\Android\Android Studio\jre\bin\management_ext.dll
0x00007ffd5b460000 - 0x00007ffd5b478000 	C:\Windows\SYSTEM32\CRYPTSP.dll
0x00007ffd5ad90000 - 0x00007ffd5adc4000 	C:\Windows\system32\rsaenh.dll
0x00007ffd5bd20000 - 0x00007ffd5bd47000 	C:\Windows\System32\bcrypt.dll
0x00007ffd5ba40000 - 0x00007ffd5ba6e000 	C:\Windows\SYSTEM32\USERENV.dll
0x00007ffd5b450000 - 0x00007ffd5b45c000 	C:\Windows\SYSTEM32\CRYPTBASE.dll
0x00007ffd5af50000 - 0x00007ffd5af8b000 	C:\Windows\SYSTEM32\IPHLPAPI.DLL
0x00007ffd5cd00000 - 0x00007ffd5cd08000 	C:\Windows\System32\NSI.dll
0x00007ffd54230000 - 0x00007ffd54247000 	C:\Windows\SYSTEM32\dhcpcsvc6.DLL
0x00007ffd54210000 - 0x00007ffd5422d000 	C:\Windows\SYSTEM32\dhcpcsvc.DLL
0x00007ffd5af90000 - 0x00007ffd5b05b000 	C:\Windows\SYSTEM32\DNSAPI.dll

dbghelp: loaded successfully - version: 4.0.5 - missing functions: none
symbol engine: initialized successfully - sym options: 0x614 - pdb path: .;C:\Program Files\Android\Android Studio\jre\bin;C:\Windows\SYSTEM32;C:\Windows\WinSxS\amd64_microsoft.windows.common-controls_6595b64144ccf1df_6.0.19041.1110_none_60b5254171f9507e;C:\Program Files\Android\Android Studio\jre\bin\server;C:\Users\Admin\.gradle\native\e1d6ef7f7dcc3fd88c89a11ec53ec762bb8ba0a96d01ffa2cd45eb1d1d8dd5c5\windows-amd64;C:\Users\Admin\.gradle\native\5664cfc778a61ccfe75a443a1ab52a65af34e5dc3c78e0209fed803814484fcb\windows-amd64

VM Arguments:
jvm_args: --add-opens=java.base/java.util=ALL-UNNAMED --add-opens=java.base/java.lang=ALL-UNNAMED --add-opens=java.base/java.lang.invoke=ALL-UNNAMED --add-opens=java.base/java.util=ALL-UNNAMED --add-opens=java.prefs/java.util.prefs=ALL-UNNAMED --add-opens=java.prefs/java.util.prefs=ALL-UNNAMED --add-opens=java.base/java.nio.charset=ALL-UNNAMED --add-opens=java.base/java.net=ALL-UNNAMED --add-opens=java.base/java.util.concurrent.atomic=ALL-UNNAMED -Xmx2048m -Dfile.encoding=UTF-8 -Duser.country=US -Duser.language=en -Duser.variant 
java_command: org.gradle.launcher.daemon.bootstrap.GradleDaemon 7.2
java_class_path (initial): C:\Users\Admin\.gradle\wrapper\dists\gradle-7.2-bin\2dnblmf4td7x66yl1d74lt32g\gradle-7.2\lib\gradle-launcher-7.2.jar
Launcher Type: SUN_STANDARD

[Global flags]
     intx CICompilerCount                          = 3                                         {product} {ergonomic}
     uint ConcGCThreads                            = 1                                         {product} {ergonomic}
     uint G1ConcRefinementThreads                  = 4                                         {product} {ergonomic}
   size_t G1HeapRegionSize                         = 1048576                                   {product} {ergonomic}
    uintx GCDrainStackTargetSize                   = 64                                        {product} {ergonomic}
   size_t InitialHeapSize                          = 67108864                                  {product} {ergonomic}
   size_t MarkStackSize                            = 4194304                                   {product} {ergonomic}
   size_t MaxHeapSize                              = 2147483648                                {product} {command line}
   size_t MaxNewSize                               = 1287651328                                {product} {ergonomic}
   size_t MinHeapDeltaBytes                        = 1048576                                   {product} {ergonomic}
    uintx NonNMethodCodeHeapSize                   = 5830732                                {pd product} {ergonomic}
    uintx NonProfiledCodeHeapSize                  = 122913754                              {pd product} {ergonomic}
    uintx ProfiledCodeHeapSize                     = 122913754                              {pd product} {ergonomic}
    uintx ReservedCodeCacheSize                    = 251658240                              {pd product} {ergonomic}
     bool SegmentedCodeCache                       = true                                      {product} {ergonomic}
     bool UseCompressedClassPointers               = true                                 {lp64_product} {ergonomic}
     bool UseCompressedOops                        = true                                 {lp64_product} {ergonomic}
     bool UseG1GC                                  = true                                      {product} {ergonomic}
     bool UseLargePagesIndividualAllocation        = false                                  {pd product} {ergonomic}

Logging:
Log output configuration:
 #0: stdout all=warning uptime,level,tags
 #1: stderr all=off uptime,level,tags

Environment Variables:
PATH=C:\Program Files (x86)\Common Files\Oracle\Java\javapath;C:\Program Files (x86)\VMware\VMware Player\bin\;C:\Windows\system32;C:\Windows;C:\Windows\System32\Wbem;C:\Windows\System32\WindowsPowerShell\v1.0\;C:\Windows\System32\OpenSSH\;C:\Program Files\dotnet\;C:\Users\Admin\AppData\Local\Microsoft\WindowsApps;C:\Users\Admin\.dotnet\tools
USERNAME=Admin
OS=Windows_NT
PROCESSOR_IDENTIFIER=Intel64 Family 6 Model 42 Stepping 7, GenuineIntel



---------------  S Y S T E M  ---------------

OS: Windows 10 , 64 bit Build 19041 (10.0.19041.1348)
OS uptime: 0 days 1:15 hours

CPU:total 4 (initial active 4) (2 cores per cpu, 2 threads per core) family 6 model 42 stepping 7 microcode 0x2f, cmov, cx8, fxsr, mmx, sse, sse2, sse3, ssse3, sse4.1, sse4.2, popcnt, avx, clmul, ht, tsc, tscinvbit

Memory: 4k page, system-wide physical 4004M (277M free)
TotalPageFile size 4004M (AvailPageFile size 7M)
current process WorkingSet (physical memory assigned to process): 240M, peak: 253M
current process commit charge ("private bytes"): 318M, peak: 341M

vm_info: OpenJDK 64-Bit Server VM (11.0.11+9-b60-7590822) for windows-amd64 JRE (11.0.11+9-b60-7590822), built on Jul 29 2021 21:43:44 by "builder" with MS VC++ 14.0 (VS2015)

END.
